Training Neural Net on Connect 4
  self_play_batch_size: 1000
  benchmark_batch_size: 100
  training_rounds: 100
  memory_size: 1000
  network: D
  exploration: decay_training
  loss: MSE
  encoding: integer
  optimizer: Adam
  experience: yes

Benchmark Stats Training Round 0
W: 0.41, T: 0.00 (versus random)
W: 0.00, T: 0.00 (versus left)
W: 0.10, T: 0.00 (versus lvl1)
W: 0.01, T: 0.01 (versus lvl2)
Training round 1 stats
Wins 0.48, Ties 0.00, Losses 0.52, Game Length 20.06 moves
Loss p1: 0.152859, Loss p2: 0.162286
Benchmark Stats Training Round 1
W: 0.68, T: 0.00 (versus random)
W: 1.00, T: 0.00 (versus left)
W: 0.48, T: 0.00 (versus lvl1)
W: 0.07, T: 0.00 (versus lvl2)
Training round 1 completed in 1 minutes and 54 seconds.
Expected completion: 12:44 2020-05-17.
Training round 2 stats
Wins 0.49, Ties 0.00, Losses 0.51, Game Length 19.89 moves
Loss p1: 0.130247, Loss p2: 0.132483
Benchmark Stats Training Round 2
W: 0.82, T: 0.00 (versus random)
W: 0.00, T: 0.00 (versus left)
W: 0.74, T: 0.00 (versus lvl1)
W: 0.28, T: 0.00 (versus lvl2)
Training round 2 completed in 1 minutes and 51 seconds.
Expected completion: 12:40 2020-05-17.
Training round 3 stats
Wins 0.51, Ties 0.00, Losses 0.49, Game Length 19.87 moves
Loss p1: 0.123340, Loss p2: 0.127403
Benchmark Stats Training Round 3
W: 0.84, T: 0.00 (versus random)
W: 0.00, T: 0.00 (versus left)
W: 0.68, T: 0.00 (versus lvl1)
W: 0.21, T: 0.00 (versus lvl2)
Training round 3 completed in 1 minutes and 59 seconds.
Expected completion: 12:52 2020-05-17.
Training round 4 stats
Wins 0.51, Ties 0.00, Losses 0.48, Game Length 19.50 moves
Loss p1: 0.122698, Loss p2: 0.117630
Benchmark Stats Training Round 4
W: 0.81, T: 0.00 (versus random)
W: 0.50, T: 0.00 (versus left)
W: 0.62, T: 0.00 (versus lvl1)
W: 0.29, T: 0.00 (versus lvl2)
Training round 4 completed in 1 minutes and 58 seconds.
Expected completion: 12:50 2020-05-17.
Training round 5 stats
Wins 0.50, Ties 0.00, Losses 0.49, Game Length 19.57 moves
Loss p1: 0.133011, Loss p2: 0.125015
Benchmark Stats Training Round 5
W: 0.84, T: 0.00 (versus random)
W: 0.50, T: 0.00 (versus left)
W: 0.71, T: 0.00 (versus lvl1)
W: 0.26, T: 0.01 (versus lvl2)
Training round 5 completed in 2 minutes and 6 seconds.
Expected completion: 13:03 2020-05-17.
Training round 6 stats
Wins 0.52, Ties 0.00, Losses 0.48, Game Length 19.20 moves
Loss p1: 0.135941, Loss p2: 0.126932
Benchmark Stats Training Round 6
W: 0.77, T: 0.00 (versus random)
W: 0.50, T: 0.00 (versus left)
W: 0.68, T: 0.00 (versus lvl1)
W: 0.20, T: 0.01 (versus lvl2)
Training round 6 completed in 1 minutes and 58 seconds.
Expected completion: 12:50 2020-05-17.
Training round 7 stats
Wins 0.51, Ties 0.00, Losses 0.49, Game Length 18.75 moves
Loss p1: 0.131908, Loss p2: 0.130376
Benchmark Stats Training Round 7
W: 0.83, T: 0.00 (versus random)
W: 0.00, T: 0.00 (versus left)
W: 0.73, T: 0.00 (versus lvl1)
W: 0.26, T: 0.00 (versus lvl2)
Training round 7 completed in 2 minutes and 1 seconds.
Expected completion: 12:55 2020-05-17.
Training round 8 stats
Wins 0.50, Ties 0.00, Losses 0.50, Game Length 18.81 moves
Loss p1: 0.133426, Loss p2: 0.132316
Benchmark Stats Training Round 8
W: 0.80, T: 0.00 (versus random)
W: 0.50, T: 0.00 (versus left)
W: 0.65, T: 0.00 (versus lvl1)
W: 0.21, T: 0.00 (versus lvl2)
Training round 8 completed in 2 minutes and 9 seconds.
Expected completion: 13:07 2020-05-17.
Training round 9 stats
Wins 0.53, Ties 0.00, Losses 0.47, Game Length 18.87 moves
Loss p1: 0.140402, Loss p2: 0.134606
Benchmark Stats Training Round 9
W: 0.86, T: 0.00 (versus random)
W: 0.50, T: 0.00 (versus left)
W: 0.59, T: 0.00 (versus lvl1)
W: 0.17, T: 0.00 (versus lvl2)
Training round 9 completed in 2 minutes and 15 seconds.
Expected completion: 13:17 2020-05-17.
Training round 10 stats
Wins 0.49, Ties 0.00, Losses 0.51, Game Length 18.45 moves
Loss p1: 0.134570, Loss p2: 0.132170
Benchmark Stats Training Round 10
W: 0.84, T: 0.00 (versus random)
W: 0.50, T: 0.00 (versus left)
W: 0.71, T: 0.00 (versus lvl1)
W: 0.21, T: 0.00 (versus lvl2)
Training round 10 completed in 2 minutes and 6 seconds.
Expected completion: 13:03 2020-05-17.
Training round 11 stats
Wins 0.50, Ties 0.00, Losses 0.50, Game Length 18.88 moves
Loss p1: 0.138390, Loss p2: 0.134910
Benchmark Stats Training Round 11
W: 0.75, T: 0.00 (versus random)
W: 0.50, T: 0.00 (versus left)
W: 0.59, T: 0.00 (versus lvl1)
W: 0.21, T: 0.00 (versus lvl2)
Training round 11 completed in 2 minutes and 21 seconds.
Expected completion: 13:25 2020-05-17.
Training round 12 stats
Wins 0.51, Ties 0.00, Losses 0.49, Game Length 18.58 moves
Loss p1: 0.137861, Loss p2: 0.137181
Benchmark Stats Training Round 12
W: 0.90, T: 0.00 (versus random)
W: 0.50, T: 0.00 (versus left)
W: 0.72, T: 0.00 (versus lvl1)
W: 0.17, T: 0.00 (versus lvl2)
Training round 12 completed in 2 minutes and 11 seconds.
Expected completion: 13:10 2020-05-17.
Training round 13 stats
Wins 0.56, Ties 0.00, Losses 0.44, Game Length 18.35 moves
Loss p1: 0.137424, Loss p2: 0.137061
Benchmark Stats Training Round 13
W: 0.91, T: 0.00 (versus random)
W: 0.00, T: 0.00 (versus left)
W: 0.77, T: 0.00 (versus lvl1)
W: 0.28, T: 0.00 (versus lvl2)
Training round 13 completed in 2 minutes and 3 seconds.
Expected completion: 12:59 2020-05-17.
Training round 14 stats
Wins 0.50, Ties 0.00, Losses 0.50, Game Length 18.01 moves
Loss p1: 0.138634, Loss p2: 0.138654
Benchmark Stats Training Round 14
W: 0.78, T: 0.00 (versus random)
W: 0.00, T: 0.00 (versus left)
W: 0.67, T: 0.00 (versus lvl1)
W: 0.16, T: 0.00 (versus lvl2)
Training round 14 completed in 2 minutes and 4 seconds.
Expected completion: 13:00 2020-05-17.
Training round 15 stats
Wins 0.54, Ties 0.00, Losses 0.46, Game Length 17.76 moves
Loss p1: 0.147720, Loss p2: 0.141991
Benchmark Stats Training Round 15
W: 0.84, T: 0.00 (versus random)
W: 0.50, T: 0.00 (versus left)
W: 0.61, T: 0.00 (versus lvl1)
W: 0.17, T: 0.01 (versus lvl2)
Training round 15 completed in 2 minutes and 17 seconds.
Expected completion: 13:19 2020-05-17.
Training round 16 stats
Wins 0.51, Ties 0.00, Losses 0.49, Game Length 17.73 moves
Loss p1: 0.145082, Loss p2: 0.143795
Benchmark Stats Training Round 16
W: 0.85, T: 0.00 (versus random)
W: 0.50, T: 0.00 (versus left)
W: 0.68, T: 0.00 (versus lvl1)
W: 0.20, T: 0.01 (versus lvl2)
Training round 16 completed in 2 minutes and 11 seconds.
Expected completion: 13:10 2020-05-17.
Training round 17 stats
Wins 0.51, Ties 0.00, Losses 0.49, Game Length 17.70 moves
Loss p1: 0.142353, Loss p2: 0.146012
Benchmark Stats Training Round 17
W: 0.84, T: 0.00 (versus random)
W: 0.00, T: 0.00 (versus left)
W: 0.73, T: 0.00 (versus lvl1)
W: 0.21, T: 0.04 (versus lvl2)
Training round 17 completed in 2 minutes and 15 seconds.
Expected completion: 13:16 2020-05-17.
Training round 18 stats
Wins 0.52, Ties 0.00, Losses 0.47, Game Length 17.68 moves
Loss p1: 0.140111, Loss p2: 0.142770
Benchmark Stats Training Round 18
W: 0.92, T: 0.00 (versus random)
W: 0.00, T: 0.00 (versus left)
W: 0.65, T: 0.00 (versus lvl1)
W: 0.27, T: 0.00 (versus lvl2)
Training round 18 completed in 2 minutes and 9 seconds.
Expected completion: 13:08 2020-05-17.
Training round 19 stats
Wins 0.46, Ties 0.00, Losses 0.54, Game Length 17.45 moves
Loss p1: 0.153159, Loss p2: 0.152744
Benchmark Stats Training Round 19
W: 0.80, T: 0.00 (versus random)
W: 0.00, T: 0.00 (versus left)
W: 0.72, T: 0.00 (versus lvl1)
W: 0.23, T: 0.01 (versus lvl2)
Training round 19 completed in 2 minutes and 20 seconds.
Expected completion: 13:23 2020-05-17.
Training round 20 stats
Wins 0.49, Ties 0.00, Losses 0.50, Game Length 17.31 moves
Loss p1: 0.150767, Loss p2: 0.149812
Benchmark Stats Training Round 20
W: 0.71, T: 0.00 (versus random)
W: 0.00, T: 0.00 (versus left)
W: 0.58, T: 0.00 (versus lvl1)
W: 0.09, T: 0.00 (versus lvl2)
Training round 20 completed in 2 minutes and 21 seconds.
Expected completion: 13:25 2020-05-17.
Training round 21 stats
Wins 0.50, Ties 0.00, Losses 0.49, Game Length 17.59 moves
Loss p1: 0.153507, Loss p2: 0.146901
Benchmark Stats Training Round 21
W: 0.85, T: 0.00 (versus random)
W: 0.50, T: 0.00 (versus left)
W: 0.74, T: 0.00 (versus lvl1)
W: 0.17, T: 0.00 (versus lvl2)
Training round 21 completed in 2 minutes and 19 seconds.
Expected completion: 13:22 2020-05-17.
Training round 22 stats
Wins 0.52, Ties 0.00, Losses 0.48, Game Length 17.29 moves
Loss p1: 0.151705, Loss p2: 0.153092
Benchmark Stats Training Round 22
W: 0.84, T: 0.00 (versus random)
W: 1.00, T: 0.00 (versus left)
W: 0.75, T: 0.00 (versus lvl1)
W: 0.22, T: 0.01 (versus lvl2)
Training round 22 completed in 2 minutes and 24 seconds.
Expected completion: 13:28 2020-05-17.
Training round 23 stats
Wins 0.51, Ties 0.00, Losses 0.49, Game Length 17.29 moves
Loss p1: 0.146709, Loss p2: 0.144188
Benchmark Stats Training Round 23
W: 0.79, T: 0.01 (versus random)
W: 0.50, T: 0.00 (versus left)
W: 0.67, T: 0.00 (versus lvl1)
W: 0.24, T: 0.00 (versus lvl2)
Training round 23 completed in 2 minutes and 23 seconds.
Expected completion: 13:27 2020-05-17.
Training round 24 stats
Wins 0.51, Ties 0.00, Losses 0.49, Game Length 17.20 moves
Loss p1: 0.152197, Loss p2: 0.145124
Benchmark Stats Training Round 24
W: 0.83, T: 0.01 (versus random)
W: 0.50, T: 0.00 (versus left)
W: 0.73, T: 0.00 (versus lvl1)
W: 0.13, T: 0.00 (versus lvl2)
Training round 24 completed in 2 minutes and 19 seconds.
Expected completion: 13:22 2020-05-17.
Training round 25 stats
Wins 0.54, Ties 0.00, Losses 0.46, Game Length 17.00 moves
Loss p1: 0.155025, Loss p2: 0.149439
Benchmark Stats Training Round 25
W: 0.82, T: 0.01 (versus random)
W: 0.50, T: 0.00 (versus left)
W: 0.75, T: 0.00 (versus lvl1)
W: 0.17, T: 0.01 (versus lvl2)
Training round 25 completed in 2 minutes and 28 seconds.
Expected completion: 13:33 2020-05-17.
Training round 26 stats
Wins 0.52, Ties 0.00, Losses 0.48, Game Length 16.89 moves
Loss p1: 0.159071, Loss p2: 0.151716
Benchmark Stats Training Round 26
W: 0.81, T: 0.00 (versus random)
W: 0.50, T: 0.00 (versus left)
W: 0.67, T: 0.00 (versus lvl1)
W: 0.30, T: 0.00 (versus lvl2)
Training round 26 completed in 2 minutes and 20 seconds.
Expected completion: 13:23 2020-05-17.
Training round 27 stats
Wins 0.50, Ties 0.00, Losses 0.50, Game Length 16.75 moves
Loss p1: 0.163048, Loss p2: 0.150708
Benchmark Stats Training Round 27
W: 0.78, T: 0.00 (versus random)
W: 0.50, T: 0.00 (versus left)
W: 0.60, T: 0.00 (versus lvl1)
W: 0.16, T: 0.00 (versus lvl2)
Training round 27 completed in 2 minutes and 29 seconds.
Expected completion: 13:35 2020-05-17.
Training round 28 stats
Wins 0.51, Ties 0.00, Losses 0.49, Game Length 16.84 moves
Loss p1: 0.151557, Loss p2: 0.149614
Benchmark Stats Training Round 28
W: 0.78, T: 0.00 (versus random)
W: 0.50, T: 0.00 (versus left)
W: 0.62, T: 0.00 (versus lvl1)
W: 0.30, T: 0.00 (versus lvl2)
Training round 28 completed in 2 minutes and 26 seconds.
Expected completion: 13:30 2020-05-17.
Training round 29 stats
Wins 0.51, Ties 0.00, Losses 0.48, Game Length 16.91 moves
Loss p1: 0.157134, Loss p2: 0.158752
Benchmark Stats Training Round 29
W: 0.70, T: 0.00 (versus random)
W: 0.00, T: 0.00 (versus left)
W: 0.51, T: 0.00 (versus lvl1)
W: 0.12, T: 0.00 (versus lvl2)
Training round 29 completed in 2 minutes and 36 seconds.
Expected completion: 13:43 2020-05-17.
Training round 30 stats
Wins 0.47, Ties 0.00, Losses 0.53, Game Length 17.25 moves
Loss p1: 0.161109, Loss p2: 0.155131
Benchmark Stats Training Round 30
W: 0.85, T: 0.00 (versus random)
W: 0.50, T: 0.00 (versus left)
W: 0.63, T: 0.00 (versus lvl1)
W: 0.14, T: 0.00 (versus lvl2)
Training round 30 completed in 2 minutes and 31 seconds.
Expected completion: 13:37 2020-05-17.
Training round 31 stats
Wins 0.51, Ties 0.00, Losses 0.49, Game Length 16.59 moves
Loss p1: 0.159834, Loss p2: 0.158498
Benchmark Stats Training Round 31
W: 0.85, T: 0.00 (versus random)
W: 0.00, T: 0.00 (versus left)
W: 0.66, T: 0.00 (versus lvl1)
W: 0.18, T: 0.00 (versus lvl2)
Training round 31 completed in 2 minutes and 31 seconds.
Expected completion: 13:37 2020-05-17.
Training round 32 stats
Wins 0.47, Ties 0.01, Losses 0.52, Game Length 16.20 moves
Loss p1: 0.155217, Loss p2: 0.150367
Benchmark Stats Training Round 32
W: 0.87, T: 0.00 (versus random)
W: 0.00, T: 0.00 (versus left)
W: 0.69, T: 0.00 (versus lvl1)
W: 0.18, T: 0.01 (versus lvl2)
Training round 32 completed in 2 minutes and 32 seconds.
Expected completion: 13:38 2020-05-17.
Training round 33 stats
Wins 0.52, Ties 0.00, Losses 0.48, Game Length 16.54 moves
Loss p1: 0.158349, Loss p2: 0.151030
Benchmark Stats Training Round 33
W: 0.84, T: 0.00 (versus random)
W: 0.50, T: 0.00 (versus left)
W: 0.74, T: 0.00 (versus lvl1)
W: 0.34, T: 0.02 (versus lvl2)
Training round 33 completed in 2 minutes and 28 seconds.
Expected completion: 13:33 2020-05-17.
Training round 34 stats
Wins 0.48, Ties 0.00, Losses 0.51, Game Length 15.98 moves
Loss p1: 0.160166, Loss p2: 0.156225
Benchmark Stats Training Round 34
W: 0.93, T: 0.00 (versus random)
W: 0.50, T: 0.00 (versus left)
W: 0.81, T: 0.00 (versus lvl1)
W: 0.26, T: 0.00 (versus lvl2)
Training round 34 completed in 2 minutes and 27 seconds.
Expected completion: 13:32 2020-05-17.
Training round 35 stats
Wins 0.47, Ties 0.00, Losses 0.53, Game Length 15.95 moves
Loss p1: 0.167556, Loss p2: 0.166266
Benchmark Stats Training Round 35
W: 0.92, T: 0.00 (versus random)
W: 0.50, T: 0.00 (versus left)
W: 0.79, T: 0.00 (versus lvl1)
W: 0.21, T: 0.02 (versus lvl2)
Training round 35 completed in 2 minutes and 28 seconds.
Expected completion: 13:33 2020-05-17.
Training round 36 stats
Wins 0.50, Ties 0.00, Losses 0.50, Game Length 15.87 moves
Loss p1: 0.161400, Loss p2: 0.163589
Benchmark Stats Training Round 36
W: 0.90, T: 0.00 (versus random)
W: 0.50, T: 0.00 (versus left)
W: 0.82, T: 0.00 (versus lvl1)
W: 0.29, T: 0.00 (versus lvl2)
Training round 36 completed in 2 minutes and 27 seconds.
Expected completion: 13:32 2020-05-17.
Training round 37 stats
Wins 0.54, Ties 0.00, Losses 0.45, Game Length 15.29 moves
Loss p1: 0.160792, Loss p2: 0.161276
Benchmark Stats Training Round 37
W: 0.91, T: 0.00 (versus random)
W: 0.00, T: 0.00 (versus left)
W: 0.70, T: 0.00 (versus lvl1)
W: 0.26, T: 0.00 (versus lvl2)
Training round 37 completed in 2 minutes and 33 seconds.
Expected completion: 13:39 2020-05-17.
Training round 38 stats
Wins 0.49, Ties 0.00, Losses 0.51, Game Length 16.09 moves
Loss p1: 0.160294, Loss p2: 0.163651
Benchmark Stats Training Round 38
W: 0.83, T: 0.00 (versus random)
W: 0.00, T: 0.00 (versus left)
W: 0.68, T: 0.00 (versus lvl1)
W: 0.21, T: 0.00 (versus lvl2)
Training round 38 completed in 2 minutes and 36 seconds.
Expected completion: 13:42 2020-05-17.
Training round 39 stats
Wins 0.54, Ties 0.00, Losses 0.46, Game Length 16.03 moves
Loss p1: 0.161600, Loss p2: 0.165228
Benchmark Stats Training Round 39
W: 0.88, T: 0.00 (versus random)
W: 1.00, T: 0.00 (versus left)
W: 0.80, T: 0.00 (versus lvl1)
W: 0.34, T: 0.01 (versus lvl2)
Training round 39 completed in 2 minutes and 33 seconds.
Expected completion: 13:39 2020-05-17.
Training round 40 stats
Wins 0.56, Ties 0.00, Losses 0.44, Game Length 16.15 moves
Loss p1: 0.164360, Loss p2: 0.164870
Benchmark Stats Training Round 40
W: 0.88, T: 0.01 (versus random)
W: 0.50, T: 0.00 (versus left)
W: 0.75, T: 0.00 (versus lvl1)
W: 0.27, T: 0.01 (versus lvl2)
Training round 40 completed in 2 minutes and 36 seconds.
Expected completion: 13:42 2020-05-17.
Training round 41 stats
Wins 0.49, Ties 0.00, Losses 0.50, Game Length 15.88 moves
Loss p1: 0.166453, Loss p2: 0.172064
Benchmark Stats Training Round 41
W: 0.91, T: 0.00 (versus random)
W: 0.50, T: 0.00 (versus left)
W: 0.79, T: 0.00 (versus lvl1)
W: 0.29, T: 0.01 (versus lvl2)
Training round 41 completed in 2 minutes and 33 seconds.
Expected completion: 13:39 2020-05-17.
Training round 42 stats
Wins 0.54, Ties 0.00, Losses 0.46, Game Length 15.46 moves
Loss p1: 0.176085, Loss p2: 0.169447
Benchmark Stats Training Round 42
W: 0.93, T: 0.00 (versus random)
W: 0.50, T: 0.00 (versus left)
W: 0.89, T: 0.00 (versus lvl1)
W: 0.32, T: 0.01 (versus lvl2)
Training round 42 completed in 2 minutes and 29 seconds.
Expected completion: 13:35 2020-05-17.
Training round 43 stats
Wins 0.49, Ties 0.00, Losses 0.51, Game Length 15.24 moves
Loss p1: 0.174696, Loss p2: 0.171715
Benchmark Stats Training Round 43
W: 0.89, T: 0.01 (versus random)
W: 0.50, T: 0.00 (versus left)
W: 0.83, T: 0.00 (versus lvl1)
W: 0.42, T: 0.00 (versus lvl2)
Training round 43 completed in 2 minutes and 29 seconds.
Expected completion: 13:35 2020-05-17.
Training round 44 stats
Wins 0.51, Ties 0.00, Losses 0.48, Game Length 16.12 moves
Loss p1: 0.172363, Loss p2: 0.167077
Benchmark Stats Training Round 44
W: 0.88, T: 0.00 (versus random)
W: 0.50, T: 0.00 (versus left)
W: 0.78, T: 0.00 (versus lvl1)
W: 0.33, T: 0.01 (versus lvl2)
Training round 44 completed in 2 minutes and 36 seconds.
Expected completion: 13:42 2020-05-17.
Training round 45 stats
Wins 0.47, Ties 0.00, Losses 0.53, Game Length 15.89 moves
Loss p1: 0.181444, Loss p2: 0.176854
Benchmark Stats Training Round 45
W: 0.85, T: 0.01 (versus random)
W: 0.00, T: 0.00 (versus left)
W: 0.64, T: 0.00 (versus lvl1)
W: 0.25, T: 0.00 (versus lvl2)
Training round 45 completed in 2 minutes and 48 seconds.
Expected completion: 13:53 2020-05-17.
Training round 46 stats
Wins 0.48, Ties 0.00, Losses 0.52, Game Length 15.78 moves
Loss p1: 0.175087, Loss p2: 0.168378
Benchmark Stats Training Round 46
W: 0.89, T: 0.00 (versus random)
W: 0.50, T: 0.00 (versus left)
W: 0.84, T: 0.00 (versus lvl1)
W: 0.46, T: 0.01 (versus lvl2)
Training round 46 completed in 2 minutes and 34 seconds.
Expected completion: 13:40 2020-05-17.
Training round 47 stats
Wins 0.52, Ties 0.00, Losses 0.48, Game Length 15.99 moves
Loss p1: 0.178601, Loss p2: 0.178993
Benchmark Stats Training Round 47
W: 0.95, T: 0.00 (versus random)
W: 0.50, T: 0.00 (versus left)
W: 0.77, T: 0.00 (versus lvl1)
W: 0.24, T: 0.00 (versus lvl2)
Training round 47 completed in 2 minutes and 40 seconds.
Expected completion: 13:45 2020-05-17.
Training round 48 stats
Wins 0.50, Ties 0.00, Losses 0.50, Game Length 16.18 moves
Loss p1: 0.183466, Loss p2: 0.179199
Benchmark Stats Training Round 48
W: 0.93, T: 0.00 (versus random)
W: 1.00, T: 0.00 (versus left)
W: 0.76, T: 0.00 (versus lvl1)
W: 0.27, T: 0.02 (versus lvl2)
Training round 48 completed in 2 minutes and 47 seconds.
Expected completion: 13:51 2020-05-17.
Training round 49 stats
Wins 0.47, Ties 0.00, Losses 0.53, Game Length 16.47 moves
Loss p1: 0.179970, Loss p2: 0.174677
Benchmark Stats Training Round 49
W: 0.96, T: 0.00 (versus random)
W: 0.50, T: 0.00 (versus left)
W: 0.72, T: 0.00 (versus lvl1)
W: 0.36, T: 0.01 (versus lvl2)
Training round 49 completed in 2 minutes and 45 seconds.
Expected completion: 13:50 2020-05-17.
Training round 50 stats
Wins 0.56, Ties 0.00, Losses 0.44, Game Length 16.24 moves
Loss p1: 0.179268, Loss p2: 0.180007
Benchmark Stats Training Round 50
W: 0.92, T: 0.00 (versus random)
W: 0.50, T: 0.00 (versus left)
W: 0.84, T: 0.01 (versus lvl1)
W: 0.34, T: 0.01 (versus lvl2)
Training round 50 completed in 2 minutes and 45 seconds.
Expected completion: 13:50 2020-05-17.
Training round 51 stats
Wins 0.52, Ties 0.00, Losses 0.48, Game Length 16.14 moves
Loss p1: 0.172625, Loss p2: 0.169807
Benchmark Stats Training Round 51
W: 0.93, T: 0.00 (versus random)
W: 0.50, T: 0.00 (versus left)
W: 0.86, T: 0.00 (versus lvl1)
W: 0.45, T: 0.00 (versus lvl2)
Training round 51 completed in 2 minutes and 41 seconds.
Expected completion: 13:46 2020-05-17.
Training round 52 stats
Wins 0.55, Ties 0.00, Losses 0.45, Game Length 15.26 moves
Loss p1: 0.175144, Loss p2: 0.176278
Benchmark Stats Training Round 52
W: 0.96, T: 0.00 (versus random)
W: 0.50, T: 0.00 (versus left)
W: 0.81, T: 0.00 (versus lvl1)
W: 0.42, T: 0.00 (versus lvl2)
Training round 52 completed in 2 minutes and 39 seconds.
Expected completion: 13:45 2020-05-17.
Training round 53 stats
Wins 0.56, Ties 0.00, Losses 0.44, Game Length 15.26 moves
Loss p1: 0.183387, Loss p2: 0.187369
Benchmark Stats Training Round 53
W: 0.93, T: 0.00 (versus random)
W: 0.00, T: 0.00 (versus left)
W: 0.79, T: 0.00 (versus lvl1)
W: 0.31, T: 0.01 (versus lvl2)
Training round 53 completed in 2 minutes and 39 seconds.
Expected completion: 13:45 2020-05-17.
Training round 54 stats
Wins 0.48, Ties 0.00, Losses 0.52, Game Length 15.48 moves
Loss p1: 0.185489, Loss p2: 0.179210
Benchmark Stats Training Round 54
W: 0.94, T: 0.00 (versus random)
W: 0.50, T: 0.00 (versus left)
W: 0.83, T: 0.00 (versus lvl1)
W: 0.36, T: 0.01 (versus lvl2)
Training round 54 completed in 2 minutes and 42 seconds.
Expected completion: 13:47 2020-05-17.
Training round 55 stats
Wins 0.55, Ties 0.00, Losses 0.45, Game Length 15.85 moves
Loss p1: 0.188722, Loss p2: 0.188442
Benchmark Stats Training Round 55
W: 0.95, T: 0.00 (versus random)
W: 0.00, T: 0.00 (versus left)
W: 0.83, T: 0.00 (versus lvl1)
W: 0.23, T: 0.00 (versus lvl2)
Training round 55 completed in 2 minutes and 51 seconds.
Expected completion: 13:54 2020-05-17.
Training round 56 stats
Wins 0.56, Ties 0.00, Losses 0.44, Game Length 15.90 moves
Loss p1: 0.185648, Loss p2: 0.178119
Benchmark Stats Training Round 56
W: 0.96, T: 0.00 (versus random)
W: 0.50, T: 0.00 (versus left)
W: 0.90, T: 0.00 (versus lvl1)
W: 0.41, T: 0.00 (versus lvl2)
Training round 56 completed in 2 minutes and 47 seconds.
Expected completion: 13:51 2020-05-17.
Training round 57 stats
Wins 0.49, Ties 0.00, Losses 0.50, Game Length 15.68 moves
Loss p1: 0.185181, Loss p2: 0.185194
Benchmark Stats Training Round 57
W: 0.93, T: 0.00 (versus random)
W: 1.00, T: 0.00 (versus left)
W: 0.87, T: 0.00 (versus lvl1)
W: 0.43, T: 0.01 (versus lvl2)
Training round 57 completed in 2 minutes and 46 seconds.
Expected completion: 13:50 2020-05-17.
Training round 58 stats
Wins 0.49, Ties 0.00, Losses 0.51, Game Length 16.23 moves
Loss p1: 0.193111, Loss p2: 0.189390
Benchmark Stats Training Round 58
W: 0.93, T: 0.00 (versus random)
W: 1.00, T: 0.00 (versus left)
W: 0.86, T: 0.00 (versus lvl1)
W: 0.38, T: 0.00 (versus lvl2)
Training round 58 completed in 2 minutes and 50 seconds.
Expected completion: 13:53 2020-05-17.
Training round 59 stats
Wins 0.53, Ties 0.00, Losses 0.47, Game Length 16.13 moves
Loss p1: 0.184206, Loss p2: 0.187835
Benchmark Stats Training Round 59
W: 0.95, T: 0.00 (versus random)
W: 0.50, T: 0.00 (versus left)
W: 0.87, T: 0.00 (versus lvl1)
W: 0.41, T: 0.01 (versus lvl2)
Training round 59 completed in 2 minutes and 47 seconds.
Expected completion: 13:51 2020-05-17.
Training round 60 stats
Wins 0.50, Ties 0.00, Losses 0.50, Game Length 15.48 moves
Loss p1: 0.191194, Loss p2: 0.185829
Benchmark Stats Training Round 60
W: 0.94, T: 0.00 (versus random)
W: 0.50, T: 0.00 (versus left)
W: 0.81, T: 0.00 (versus lvl1)
W: 0.35, T: 0.02 (versus lvl2)
Training round 60 completed in 2 minutes and 48 seconds.
Expected completion: 13:52 2020-05-17.
Training round 61 stats
Wins 0.58, Ties 0.00, Losses 0.42, Game Length 16.12 moves
Loss p1: 0.189240, Loss p2: 0.185577
Benchmark Stats Training Round 61
W: 0.95, T: 0.01 (versus random)
W: 0.50, T: 0.00 (versus left)
W: 0.84, T: 0.00 (versus lvl1)
W: 0.30, T: 0.01 (versus lvl2)
Training round 61 completed in 2 minutes and 53 seconds.
Expected completion: 13:55 2020-05-17.
Training round 62 stats
Wins 0.55, Ties 0.00, Losses 0.45, Game Length 16.05 moves
Loss p1: 0.194838, Loss p2: 0.184725
Benchmark Stats Training Round 62
W: 0.95, T: 0.00 (versus random)
W: 0.50, T: 0.00 (versus left)
W: 0.93, T: 0.00 (versus lvl1)
W: 0.45, T: 0.00 (versus lvl2)
Training round 62 completed in 2 minutes and 48 seconds.
Expected completion: 13:52 2020-05-17.
Training round 63 stats
Wins 0.55, Ties 0.01, Losses 0.44, Game Length 16.73 moves
Loss p1: 0.194361, Loss p2: 0.182087
Benchmark Stats Training Round 63
W: 0.93, T: 0.00 (versus random)
W: 0.50, T: 0.00 (versus left)
W: 0.78, T: 0.00 (versus lvl1)
W: 0.23, T: 0.00 (versus lvl2)
Training round 63 completed in 3 minutes and 6 seconds.
Expected completion: 14:04 2020-05-17.
Training round 64 stats
Wins 0.58, Ties 0.00, Losses 0.42, Game Length 15.85 moves
Loss p1: 0.197583, Loss p2: 0.185077
Benchmark Stats Training Round 64
W: 0.94, T: 0.00 (versus random)
W: 0.50, T: 0.00 (versus left)
W: 0.93, T: 0.00 (versus lvl1)
W: 0.49, T: 0.01 (versus lvl2)
Training round 64 completed in 2 minutes and 48 seconds.
Expected completion: 13:52 2020-05-17.
Training round 65 stats
Wins 0.56, Ties 0.00, Losses 0.43, Game Length 16.57 moves
Loss p1: 0.203519, Loss p2: 0.185193
Benchmark Stats Training Round 65
W: 0.99, T: 0.00 (versus random)
W: 0.50, T: 0.00 (versus left)
W: 0.88, T: 0.00 (versus lvl1)
W: 0.46, T: 0.01 (versus lvl2)
Training round 65 completed in 2 minutes and 52 seconds.
Expected completion: 13:55 2020-05-17.
Training round 66 stats
Wins 0.58, Ties 0.00, Losses 0.42, Game Length 16.20 moves
Loss p1: 0.183475, Loss p2: 0.177584
Benchmark Stats Training Round 66
W: 0.99, T: 0.00 (versus random)
W: 0.50, T: 0.00 (versus left)
W: 0.93, T: 0.00 (versus lvl1)
W: 0.49, T: 0.01 (versus lvl2)
Training round 66 completed in 2 minutes and 50 seconds.
Expected completion: 13:54 2020-05-17.
Training round 67 stats
Wins 0.64, Ties 0.00, Losses 0.36, Game Length 15.64 moves
Loss p1: 0.190109, Loss p2: 0.180702
Benchmark Stats Training Round 67
W: 0.97, T: 0.00 (versus random)
W: 1.00, T: 0.00 (versus left)
W: 0.90, T: 0.00 (versus lvl1)
W: 0.65, T: 0.01 (versus lvl2)
Training round 67 completed in 2 minutes and 48 seconds.
Expected completion: 13:52 2020-05-17.
Training round 68 stats
Wins 0.61, Ties 0.00, Losses 0.38, Game Length 17.00 moves
Loss p1: 0.189690, Loss p2: 0.173410
Benchmark Stats Training Round 68
W: 0.93, T: 0.00 (versus random)
W: 1.00, T: 0.00 (versus left)
W: 0.96, T: 0.00 (versus lvl1)
W: 0.49, T: 0.01 (versus lvl2)
Training round 68 completed in 3 minutes and 2 seconds.
Expected completion: 14:00 2020-05-17.
Training round 69 stats
Wins 0.58, Ties 0.00, Losses 0.42, Game Length 16.57 moves
Loss p1: 0.198204, Loss p2: 0.189376
Benchmark Stats Training Round 69
W: 0.95, T: 0.00 (versus random)
W: 0.50, T: 0.00 (versus left)
W: 0.87, T: 0.00 (versus lvl1)
W: 0.59, T: 0.00 (versus lvl2)
Training round 69 completed in 2 minutes and 53 seconds.
Expected completion: 13:55 2020-05-17.
Training round 70 stats
Wins 0.56, Ties 0.00, Losses 0.44, Game Length 16.48 moves
Loss p1: 0.198301, Loss p2: 0.189348
Benchmark Stats Training Round 70
W: 0.94, T: 0.00 (versus random)
W: 1.00, T: 0.00 (versus left)
W: 0.92, T: 0.00 (versus lvl1)
W: 0.52, T: 0.01 (versus lvl2)
Training round 70 completed in 2 minutes and 56 seconds.
Expected completion: 13:57 2020-05-17.
Training round 71 stats
Wins 0.53, Ties 0.01, Losses 0.47, Game Length 17.45 moves
Loss p1: 0.191657, Loss p2: 0.186647
Benchmark Stats Training Round 71
W: 0.94, T: 0.00 (versus random)
W: 1.00, T: 0.00 (versus left)
W: 0.90, T: 0.00 (versus lvl1)
W: 0.47, T: 0.01 (versus lvl2)
Training round 71 completed in 3 minutes and 6 seconds.
Expected completion: 14:02 2020-05-17.
Training round 72 stats
Wins 0.53, Ties 0.00, Losses 0.47, Game Length 15.73 moves
Loss p1: 0.190455, Loss p2: 0.190057
Benchmark Stats Training Round 72
W: 0.94, T: 0.00 (versus random)
W: 0.50, T: 0.00 (versus left)
W: 0.93, T: 0.00 (versus lvl1)
W: 0.50, T: 0.00 (versus lvl2)
Training round 72 completed in 2 minutes and 54 seconds.
Expected completion: 13:56 2020-05-17.
Training round 73 stats
Wins 0.58, Ties 0.00, Losses 0.42, Game Length 16.57 moves
Loss p1: 0.193908, Loss p2: 0.181665
Benchmark Stats Training Round 73
W: 0.94, T: 0.00 (versus random)
W: 1.00, T: 0.00 (versus left)
W: 0.81, T: 0.00 (versus lvl1)
W: 0.35, T: 0.00 (versus lvl2)
Training round 73 completed in 3 minutes and 4 seconds.
Expected completion: 14:01 2020-05-17.
Training round 74 stats
Wins 0.56, Ties 0.00, Losses 0.44, Game Length 17.09 moves
Loss p1: 0.197752, Loss p2: 0.196742
Benchmark Stats Training Round 74
W: 0.96, T: 0.00 (versus random)
W: 1.00, T: 0.00 (versus left)
W: 0.83, T: 0.00 (versus lvl1)
W: 0.31, T: 0.02 (versus lvl2)
Training round 74 completed in 3 minutes and 11 seconds.
Expected completion: 14:04 2020-05-17.
Training round 75 stats
Wins 0.54, Ties 0.00, Losses 0.46, Game Length 17.73 moves
Loss p1: 0.194849, Loss p2: 0.193698
Benchmark Stats Training Round 75
W: 0.98, T: 0.00 (versus random)
W: 1.00, T: 0.00 (versus left)
W: 0.87, T: 0.00 (versus lvl1)
W: 0.51, T: 0.00 (versus lvl2)
Training round 75 completed in 3 minutes and 12 seconds.
Expected completion: 14:04 2020-05-17.
Training round 76 stats
Wins 0.57, Ties 0.00, Losses 0.43, Game Length 17.11 moves
Loss p1: 0.199847, Loss p2: 0.198853
Benchmark Stats Training Round 76
W: 0.94, T: 0.00 (versus random)
W: 1.00, T: 0.00 (versus left)
W: 0.87, T: 0.00 (versus lvl1)
W: 0.49, T: 0.03 (versus lvl2)
Training round 76 completed in 3 minutes and 10 seconds.
Expected completion: 14:03 2020-05-17.
Training round 77 stats
Wins 0.56, Ties 0.00, Losses 0.44, Game Length 17.37 moves
Loss p1: 0.202161, Loss p2: 0.204775
Benchmark Stats Training Round 77
W: 0.97, T: 0.01 (versus random)
W: 0.50, T: 0.00 (versus left)
W: 0.96, T: 0.00 (versus lvl1)
W: 0.49, T: 0.01 (versus lvl2)
Training round 77 completed in 3 minutes and 8 seconds.
Expected completion: 14:03 2020-05-17.
Training round 78 stats
Wins 0.60, Ties 0.01, Losses 0.40, Game Length 17.33 moves
Loss p1: 0.203469, Loss p2: 0.200934
Benchmark Stats Training Round 78
W: 0.96, T: 0.00 (versus random)
W: 0.50, T: 0.00 (versus left)
W: 0.89, T: 0.00 (versus lvl1)
W: 0.40, T: 0.03 (versus lvl2)
Training round 78 completed in 3 minutes and 12 seconds.
Expected completion: 14:04 2020-05-17.
Training round 79 stats
Wins 0.57, Ties 0.00, Losses 0.42, Game Length 18.02 moves
Loss p1: 0.192589, Loss p2: 0.194681
Benchmark Stats Training Round 79
W: 0.98, T: 0.00 (versus random)
W: 1.00, T: 0.00 (versus left)
W: 0.95, T: 0.00 (versus lvl1)
W: 0.59, T: 0.02 (versus lvl2)
Training round 79 completed in 3 minutes and 14 seconds.
Expected completion: 14:05 2020-05-17.
Training round 80 stats
Wins 0.56, Ties 0.00, Losses 0.44, Game Length 17.73 moves
Loss p1: 0.201487, Loss p2: 0.208447
Benchmark Stats Training Round 80
W: 0.98, T: 0.00 (versus random)
W: 0.50, T: 0.00 (versus left)
W: 0.90, T: 0.00 (versus lvl1)
W: 0.53, T: 0.01 (versus lvl2)
Training round 80 completed in 3 minutes and 13 seconds.
Expected completion: 14:04 2020-05-17.
Training round 81 stats
Wins 0.59, Ties 0.00, Losses 0.40, Game Length 16.97 moves
Loss p1: 0.188253, Loss p2: 0.191863
Benchmark Stats Training Round 81
W: 0.96, T: 0.00 (versus random)
W: 1.00, T: 0.00 (versus left)
W: 0.93, T: 0.00 (versus lvl1)
W: 0.51, T: 0.00 (versus lvl2)
Training round 81 completed in 3 minutes and 4 seconds.
Expected completion: 14:01 2020-05-17.
Training round 82 stats
Wins 0.53, Ties 0.00, Losses 0.47, Game Length 18.04 moves
Loss p1: 0.183944, Loss p2: 0.187856
Benchmark Stats Training Round 82
W: 0.99, T: 0.00 (versus random)
W: 0.50, T: 0.00 (versus left)
W: 0.90, T: 0.00 (versus lvl1)
W: 0.68, T: 0.00 (versus lvl2)
Training round 82 completed in 3 minutes and 14 seconds.
Expected completion: 14:05 2020-05-17.
Training round 83 stats
Wins 0.58, Ties 0.00, Losses 0.42, Game Length 17.49 moves
Loss p1: 0.195310, Loss p2: 0.192256
Benchmark Stats Training Round 83
W: 0.95, T: 0.00 (versus random)
W: 0.50, T: 0.00 (versus left)
W: 0.88, T: 0.00 (versus lvl1)
W: 0.49, T: 0.01 (versus lvl2)
Training round 83 completed in 3 minutes and 14 seconds.
Expected completion: 14:05 2020-05-17.
Training round 84 stats
Wins 0.53, Ties 0.00, Losses 0.47, Game Length 18.80 moves
Loss p1: 0.186907, Loss p2: 0.194314
Benchmark Stats Training Round 84
W: 0.95, T: 0.00 (versus random)
W: 1.00, T: 0.00 (versus left)
W: 0.93, T: 0.00 (versus lvl1)
W: 0.42, T: 0.00 (versus lvl2)
Training round 84 completed in 3 minutes and 24 seconds.
Expected completion: 14:08 2020-05-17.
Training round 85 stats
Wins 0.59, Ties 0.00, Losses 0.41, Game Length 17.59 moves
Loss p1: 0.201129, Loss p2: 0.196048
Benchmark Stats Training Round 85
W: 0.93, T: 0.00 (versus random)
W: 1.00, T: 0.00 (versus left)
W: 0.93, T: 0.00 (versus lvl1)
W: 0.53, T: 0.03 (versus lvl2)
Training round 85 completed in 3 minutes and 13 seconds.
Expected completion: 14:05 2020-05-17.
Training round 86 stats
Wins 0.58, Ties 0.00, Losses 0.42, Game Length 17.84 moves
Loss p1: 0.198029, Loss p2: 0.190410
Benchmark Stats Training Round 86
W: 0.98, T: 0.00 (versus random)
W: 1.00, T: 0.00 (versus left)
W: 0.96, T: 0.00 (versus lvl1)
W: 0.39, T: 0.02 (versus lvl2)
Training round 86 completed in 3 minutes and 20 seconds.
Expected completion: 14:06 2020-05-17.
Training round 87 stats
Wins 0.58, Ties 0.00, Losses 0.41, Game Length 19.12 moves
Loss p1: 0.191269, Loss p2: 0.192141
Benchmark Stats Training Round 87
W: 0.97, T: 0.00 (versus random)
W: 0.50, T: 0.00 (versus left)
W: 0.93, T: 0.01 (versus lvl1)
W: 0.50, T: 0.00 (versus lvl2)
Training round 87 completed in 3 minutes and 25 seconds.
Expected completion: 14:07 2020-05-17.
Training round 88 stats
Wins 0.64, Ties 0.00, Losses 0.36, Game Length 18.34 moves
Loss p1: 0.186971, Loss p2: 0.192656
Benchmark Stats Training Round 88
W: 0.99, T: 0.00 (versus random)
W: 1.00, T: 0.00 (versus left)
W: 0.95, T: 0.00 (versus lvl1)
W: 0.63, T: 0.00 (versus lvl2)
Training round 88 completed in 3 minutes and 19 seconds.
Expected completion: 14:06 2020-05-17.
Training round 89 stats
Wins 0.53, Ties 0.01, Losses 0.46, Game Length 19.65 moves
Loss p1: 0.192869, Loss p2: 0.196508
Benchmark Stats Training Round 89
W: 0.98, T: 0.00 (versus random)
W: 0.50, T: 0.00 (versus left)
W: 0.95, T: 0.00 (versus lvl1)
W: 0.41, T: 0.00 (versus lvl2)
Training round 89 completed in 3 minutes and 37 seconds.
Expected completion: 14:10 2020-05-17.
Training round 90 stats
Wins 0.57, Ties 0.01, Losses 0.42, Game Length 18.93 moves
Loss p1: 0.179463, Loss p2: 0.189491
Benchmark Stats Training Round 90
W: 0.92, T: 0.00 (versus random)
W: 1.00, T: 0.00 (versus left)
W: 0.88, T: 0.00 (versus lvl1)
W: 0.46, T: 0.00 (versus lvl2)
Training round 90 completed in 3 minutes and 31 seconds.
Expected completion: 14:09 2020-05-17.
Training round 91 stats
Wins 0.58, Ties 0.01, Losses 0.41, Game Length 18.14 moves
Loss p1: 0.199313, Loss p2: 0.201660
Benchmark Stats Training Round 91
W: 0.97, T: 0.00 (versus random)
W: 1.00, T: 0.00 (versus left)
W: 0.92, T: 0.00 (versus lvl1)
W: 0.57, T: 0.00 (versus lvl2)
Training round 91 completed in 3 minutes and 18 seconds.
Expected completion: 14:07 2020-05-17.
Training round 92 stats
Wins 0.60, Ties 0.00, Losses 0.40, Game Length 18.42 moves
Loss p1: 0.202991, Loss p2: 0.204871
Benchmark Stats Training Round 92
W: 0.97, T: 0.00 (versus random)
W: 1.00, T: 0.00 (versus left)
W: 0.92, T: 0.00 (versus lvl1)
W: 0.61, T: 0.01 (versus lvl2)
Training round 92 completed in 3 minutes and 22 seconds.
Expected completion: 14:07 2020-05-17.
Training round 93 stats
Wins 0.60, Ties 0.00, Losses 0.40, Game Length 17.56 moves
Loss p1: 0.197373, Loss p2: 0.200777
Benchmark Stats Training Round 93
W: 0.99, T: 0.00 (versus random)
W: 1.00, T: 0.00 (versus left)
W: 0.92, T: 0.00 (versus lvl1)
W: 0.61, T: 0.01 (versus lvl2)
Training round 93 completed in 3 minutes and 17 seconds.
Expected completion: 14:06 2020-05-17.
Training round 94 stats
Wins 0.55, Ties 0.00, Losses 0.44, Game Length 17.84 moves
Loss p1: 0.203125, Loss p2: 0.209682
Benchmark Stats Training Round 94
W: 0.98, T: 0.00 (versus random)
W: 1.00, T: 0.00 (versus left)
W: 0.92, T: 0.00 (versus lvl1)
W: 0.55, T: 0.01 (versus lvl2)
Training round 94 completed in 3 minutes and 20 seconds.
Expected completion: 14:07 2020-05-17.
Training round 95 stats
Wins 0.58, Ties 0.00, Losses 0.42, Game Length 17.92 moves
Loss p1: 0.192177, Loss p2: 0.202428
Benchmark Stats Training Round 95
W: 0.99, T: 0.00 (versus random)
W: 1.00, T: 0.00 (versus left)
W: 0.91, T: 0.00 (versus lvl1)
W: 0.53, T: 0.01 (versus lvl2)
Training round 95 completed in 3 minutes and 18 seconds.
Expected completion: 14:07 2020-05-17.
Training round 96 stats
Wins 0.57, Ties 0.00, Losses 0.43, Game Length 17.77 moves
Loss p1: 0.209349, Loss p2: 0.214074
Benchmark Stats Training Round 96
W: 0.96, T: 0.00 (versus random)
W: 1.00, T: 0.00 (versus left)
W: 0.92, T: 0.00 (versus lvl1)
W: 0.60, T: 0.00 (versus lvl2)
Training round 96 completed in 3 minutes and 28 seconds.
Expected completion: 14:07 2020-05-17.
Training round 97 stats
Wins 0.54, Ties 0.00, Losses 0.46, Game Length 18.04 moves
Loss p1: 0.193998, Loss p2: 0.196988
Benchmark Stats Training Round 97
W: 0.97, T: 0.00 (versus random)
W: 1.00, T: 0.00 (versus left)
W: 0.92, T: 0.00 (versus lvl1)
W: 0.54, T: 0.03 (versus lvl2)
Training round 97 completed in 3 minutes and 18 seconds.
Expected completion: 14:07 2020-05-17.
Training round 98 stats
Wins 0.53, Ties 0.00, Losses 0.46, Game Length 18.96 moves
Loss p1: 0.204755, Loss p2: 0.216911
Benchmark Stats Training Round 98
W: 0.95, T: 0.00 (versus random)
W: 1.00, T: 0.00 (versus left)
W: 0.83, T: 0.00 (versus lvl1)
W: 0.41, T: 0.00 (versus lvl2)
Training round 98 completed in 3 minutes and 41 seconds.
Expected completion: 14:08 2020-05-17.
Training round 99 stats
Wins 0.55, Ties 0.00, Losses 0.45, Game Length 18.49 moves
Loss p1: 0.195894, Loss p2: 0.198330
Benchmark Stats Training Round 99
W: 1.00, T: 0.00 (versus random)
W: 1.00, T: 0.00 (versus left)
W: 0.93, T: 0.00 (versus lvl1)
W: 0.59, T: 0.01 (versus lvl2)
Training round 99 completed in 3 minutes and 28 seconds.
Expected completion: 14:07 2020-05-17.
Training round 100 stats
Wins 0.57, Ties 0.00, Losses 0.42, Game Length 18.22 moves
Loss p1: 0.201425, Loss p2: 0.209615
Benchmark Stats Training Round 100
W: 0.97, T: 0.00 (versus random)
W: 1.00, T: 0.00 (versus left)
W: 0.95, T: 0.00 (versus lvl1)
W: 0.33, T: 0.00 (versus lvl2)
Training round 100 completed in 3 minutes and 30 seconds.
Expected completion: 14:08 2020-05-17.
