Training Neural Net on Connect 4
  self_play_batch_size: 1000
  benchmark_batch_size: 100
  training_rounds: 100
  memory_size: 1000
  network: C
  exploration: cte
  loss: MSE
  encoding: integer
  optimizer: Adam
  experience: yes

Benchmark Stats Training Round 0
W: 0.52, T: 0.00 (versus random)
W: 0.00, T: 0.00 (versus left)
W: 0.25, T: 0.01 (versus lvl1)
W: 0.04, T: 0.00 (versus lvl2)
Training round 1 stats
Wins 0.49, Ties 0.00, Losses 0.51, Game Length 19.48 moves
Loss p1: 0.161351, Loss p2: 0.156862
Benchmark Stats Training Round 1
W: 0.78, T: 0.00 (versus random)
W: 0.50, T: 0.00 (versus left)
W: 0.71, T: 0.00 (versus lvl1)
W: 0.17, T: 0.00 (versus lvl2)
Training round 1 completed in 2 minutes and 13 seconds.
Expected completion: 05:14 2020-05-19.
Training round 2 stats
Wins 0.49, Ties 0.00, Losses 0.51, Game Length 19.41 moves
Loss p1: 0.134258, Loss p2: 0.127308
Benchmark Stats Training Round 2
W: 0.80, T: 0.00 (versus random)
W: 0.00, T: 0.00 (versus left)
W: 0.61, T: 0.00 (versus lvl1)
W: 0.06, T: 0.00 (versus lvl2)
Training round 2 completed in 2 minutes and 10 seconds.
Expected completion: 05:10 2020-05-19.
Training round 3 stats
Wins 0.49, Ties 0.00, Losses 0.51, Game Length 19.25 moves
Loss p1: 0.123849, Loss p2: 0.117661
Benchmark Stats Training Round 3
W: 0.71, T: 0.00 (versus random)
W: 0.50, T: 0.00 (versus left)
W: 0.64, T: 0.00 (versus lvl1)
W: 0.08, T: 0.00 (versus lvl2)
Training round 3 completed in 2 minutes and 11 seconds.
Expected completion: 05:11 2020-05-19.
Training round 4 stats
Wins 0.49, Ties 0.00, Losses 0.51, Game Length 19.34 moves
Loss p1: 0.121586, Loss p2: 0.120233
Benchmark Stats Training Round 4
W: 0.87, T: 0.00 (versus random)
W: 0.50, T: 0.00 (versus left)
W: 0.76, T: 0.00 (versus lvl1)
W: 0.34, T: 0.02 (versus lvl2)
Training round 4 completed in 2 minutes and 8 seconds.
Expected completion: 05:07 2020-05-19.
Training round 5 stats
Wins 0.51, Ties 0.00, Losses 0.49, Game Length 19.36 moves
Loss p1: 0.119656, Loss p2: 0.120130
Benchmark Stats Training Round 5
W: 0.82, T: 0.00 (versus random)
W: 0.50, T: 0.00 (versus left)
W: 0.76, T: 0.00 (versus lvl1)
W: 0.14, T: 0.01 (versus lvl2)
Training round 5 completed in 2 minutes and 8 seconds.
Expected completion: 05:07 2020-05-19.
Training round 6 stats
Wins 0.50, Ties 0.00, Losses 0.50, Game Length 19.36 moves
Loss p1: 0.121460, Loss p2: 0.117410
Benchmark Stats Training Round 6
W: 0.83, T: 0.00 (versus random)
W: 0.00, T: 0.00 (versus left)
W: 0.64, T: 0.00 (versus lvl1)
W: 0.24, T: 0.00 (versus lvl2)
Training round 6 completed in 2 minutes and 11 seconds.
Expected completion: 05:12 2020-05-19.
Training round 7 stats
Wins 0.48, Ties 0.00, Losses 0.52, Game Length 18.87 moves
Loss p1: 0.126983, Loss p2: 0.121335
Benchmark Stats Training Round 7
W: 0.93, T: 0.00 (versus random)
W: 0.00, T: 0.00 (versus left)
W: 0.79, T: 0.00 (versus lvl1)
W: 0.33, T: 0.01 (versus lvl2)
Training round 7 completed in 2 minutes and 10 seconds.
Expected completion: 05:09 2020-05-19.
Training round 8 stats
Wins 0.53, Ties 0.00, Losses 0.47, Game Length 18.80 moves
Loss p1: 0.125442, Loss p2: 0.118656
Benchmark Stats Training Round 8
W: 0.79, T: 0.00 (versus random)
W: 0.50, T: 0.00 (versus left)
W: 0.68, T: 0.00 (versus lvl1)
W: 0.14, T: 0.00 (versus lvl2)
Training round 8 completed in 2 minutes and 19 seconds.
Expected completion: 05:23 2020-05-19.
Training round 9 stats
Wins 0.53, Ties 0.00, Losses 0.47, Game Length 19.23 moves
Loss p1: 0.124059, Loss p2: 0.124008
Benchmark Stats Training Round 9
W: 0.85, T: 0.00 (versus random)
W: 0.50, T: 0.00 (versus left)
W: 0.69, T: 0.00 (versus lvl1)
W: 0.23, T: 0.00 (versus lvl2)
Training round 9 completed in 2 minutes and 8 seconds.
Expected completion: 05:07 2020-05-19.
Training round 10 stats
Wins 0.50, Ties 0.00, Losses 0.50, Game Length 19.47 moves
Loss p1: 0.126886, Loss p2: 0.131098
Benchmark Stats Training Round 10
W: 0.85, T: 0.00 (versus random)
W: 0.50, T: 0.00 (versus left)
W: 0.77, T: 0.00 (versus lvl1)
W: 0.20, T: 0.00 (versus lvl2)
Training round 10 completed in 2 minutes and 10 seconds.
Expected completion: 05:09 2020-05-19.
Training round 11 stats
Wins 0.50, Ties 0.00, Losses 0.50, Game Length 19.18 moves
Loss p1: 0.129265, Loss p2: 0.126981
Benchmark Stats Training Round 11
W: 0.88, T: 0.00 (versus random)
W: 0.50, T: 0.00 (versus left)
W: 0.65, T: 0.00 (versus lvl1)
W: 0.18, T: 0.00 (versus lvl2)
Training round 11 completed in 2 minutes and 11 seconds.
Expected completion: 05:12 2020-05-19.
Training round 12 stats
Wins 0.48, Ties 0.00, Losses 0.51, Game Length 19.10 moves
Loss p1: 0.121754, Loss p2: 0.125956
Benchmark Stats Training Round 12
W: 0.89, T: 0.00 (versus random)
W: 0.50, T: 0.00 (versus left)
W: 0.67, T: 0.00 (versus lvl1)
W: 0.20, T: 0.01 (versus lvl2)
Training round 12 completed in 2 minutes and 9 seconds.
Expected completion: 05:08 2020-05-19.
Training round 13 stats
Wins 0.52, Ties 0.00, Losses 0.48, Game Length 19.02 moves
Loss p1: 0.125918, Loss p2: 0.131208
Benchmark Stats Training Round 13
W: 0.92, T: 0.00 (versus random)
W: 0.50, T: 0.00 (versus left)
W: 0.62, T: 0.00 (versus lvl1)
W: 0.29, T: 0.00 (versus lvl2)
Training round 13 completed in 2 minutes and 11 seconds.
Expected completion: 05:12 2020-05-19.
Training round 14 stats
Wins 0.51, Ties 0.00, Losses 0.49, Game Length 19.12 moves
Loss p1: 0.133651, Loss p2: 0.135830
Benchmark Stats Training Round 14
W: 0.90, T: 0.00 (versus random)
W: 0.50, T: 0.00 (versus left)
W: 0.65, T: 0.00 (versus lvl1)
W: 0.23, T: 0.02 (versus lvl2)
Training round 14 completed in 2 minutes and 16 seconds.
Expected completion: 05:19 2020-05-19.
Training round 15 stats
Wins 0.51, Ties 0.00, Losses 0.49, Game Length 19.21 moves
Loss p1: 0.128738, Loss p2: 0.131174
Benchmark Stats Training Round 15
W: 0.89, T: 0.00 (versus random)
W: 0.00, T: 0.00 (versus left)
W: 0.66, T: 0.00 (versus lvl1)
W: 0.24, T: 0.01 (versus lvl2)
Training round 15 completed in 2 minutes and 9 seconds.
Expected completion: 05:09 2020-05-19.
Training round 16 stats
Wins 0.50, Ties 0.00, Losses 0.50, Game Length 19.08 moves
Loss p1: 0.133386, Loss p2: 0.135170
Benchmark Stats Training Round 16
W: 0.78, T: 0.00 (versus random)
W: 0.50, T: 0.00 (versus left)
W: 0.72, T: 0.00 (versus lvl1)
W: 0.32, T: 0.00 (versus lvl2)
Training round 16 completed in 2 minutes and 3 seconds.
Expected completion: 05:00 2020-05-19.
Training round 17 stats
Wins 0.47, Ties 0.00, Losses 0.53, Game Length 18.74 moves
Loss p1: 0.131036, Loss p2: 0.132677
Benchmark Stats Training Round 17
W: 0.87, T: 0.00 (versus random)
W: 0.50, T: 0.00 (versus left)
W: 0.72, T: 0.00 (versus lvl1)
W: 0.28, T: 0.00 (versus lvl2)
Training round 17 completed in 2 minutes and 5 seconds.
Expected completion: 05:02 2020-05-19.
Training round 18 stats
Wins 0.52, Ties 0.00, Losses 0.48, Game Length 19.20 moves
Loss p1: 0.135445, Loss p2: 0.134719
Benchmark Stats Training Round 18
W: 0.80, T: 0.00 (versus random)
W: 0.50, T: 0.00 (versus left)
W: 0.67, T: 0.00 (versus lvl1)
W: 0.25, T: 0.02 (versus lvl2)
Training round 18 completed in 2 minutes and 8 seconds.
Expected completion: 05:07 2020-05-19.
Training round 19 stats
Wins 0.51, Ties 0.00, Losses 0.49, Game Length 18.87 moves
Loss p1: 0.138161, Loss p2: 0.137951
Benchmark Stats Training Round 19
W: 0.93, T: 0.00 (versus random)
W: 0.50, T: 0.00 (versus left)
W: 0.84, T: 0.00 (versus lvl1)
W: 0.36, T: 0.00 (versus lvl2)
Training round 19 completed in 2 minutes and 1 seconds.
Expected completion: 04:57 2020-05-19.
Training round 20 stats
Wins 0.50, Ties 0.00, Losses 0.50, Game Length 19.38 moves
Loss p1: 0.137369, Loss p2: 0.136536
Benchmark Stats Training Round 20
W: 0.92, T: 0.00 (versus random)
W: 0.50, T: 0.00 (versus left)
W: 0.65, T: 0.00 (versus lvl1)
W: 0.23, T: 0.00 (versus lvl2)
Training round 20 completed in 2 minutes and 5 seconds.
Expected completion: 05:02 2020-05-19.
Training round 21 stats
Wins 0.50, Ties 0.00, Losses 0.50, Game Length 19.10 moves
Loss p1: 0.143706, Loss p2: 0.138984
Benchmark Stats Training Round 21
W: 0.91, T: 0.00 (versus random)
W: 0.50, T: 0.00 (versus left)
W: 0.72, T: 0.00 (versus lvl1)
W: 0.26, T: 0.01 (versus lvl2)
Training round 21 completed in 2 minutes and 12 seconds.
Expected completion: 05:11 2020-05-19.
Training round 22 stats
Wins 0.49, Ties 0.00, Losses 0.51, Game Length 18.92 moves
Loss p1: 0.139572, Loss p2: 0.141068
Benchmark Stats Training Round 22
W: 0.86, T: 0.00 (versus random)
W: 0.00, T: 0.00 (versus left)
W: 0.59, T: 0.00 (versus lvl1)
W: 0.24, T: 0.02 (versus lvl2)
Training round 22 completed in 2 minutes and 9 seconds.
Expected completion: 05:08 2020-05-19.
Training round 23 stats
Wins 0.50, Ties 0.00, Losses 0.50, Game Length 18.91 moves
Loss p1: 0.135563, Loss p2: 0.140673
Benchmark Stats Training Round 23
W: 0.81, T: 0.00 (versus random)
W: 0.00, T: 0.00 (versus left)
W: 0.57, T: 0.00 (versus lvl1)
W: 0.21, T: 0.01 (versus lvl2)
Training round 23 completed in 2 minutes and 10 seconds.
Expected completion: 05:09 2020-05-19.
Training round 24 stats
Wins 0.49, Ties 0.00, Losses 0.51, Game Length 18.84 moves
Loss p1: 0.143646, Loss p2: 0.141146
Benchmark Stats Training Round 24
W: 0.87, T: 0.00 (versus random)
W: 0.50, T: 0.00 (versus left)
W: 0.74, T: 0.00 (versus lvl1)
W: 0.33, T: 0.00 (versus lvl2)
Training round 24 completed in 2 minutes and 6 seconds.
Expected completion: 05:04 2020-05-19.
Training round 25 stats
Wins 0.49, Ties 0.00, Losses 0.51, Game Length 19.30 moves
Loss p1: 0.141305, Loss p2: 0.140710
Benchmark Stats Training Round 25
W: 0.79, T: 0.00 (versus random)
W: 0.00, T: 0.00 (versus left)
W: 0.67, T: 0.00 (versus lvl1)
W: 0.14, T: 0.01 (versus lvl2)
Training round 25 completed in 2 minutes and 15 seconds.
Expected completion: 05:16 2020-05-19.
Training round 26 stats
Wins 0.49, Ties 0.00, Losses 0.51, Game Length 19.36 moves
Loss p1: 0.141517, Loss p2: 0.141941
Benchmark Stats Training Round 26
W: 0.85, T: 0.00 (versus random)
W: 0.50, T: 0.00 (versus left)
W: 0.71, T: 0.00 (versus lvl1)
W: 0.34, T: 0.01 (versus lvl2)
Training round 26 completed in 2 minutes and 8 seconds.
Expected completion: 05:07 2020-05-19.
Training round 27 stats
Wins 0.48, Ties 0.00, Losses 0.52, Game Length 19.26 moves
Loss p1: 0.138630, Loss p2: 0.140954
Benchmark Stats Training Round 27
W: 0.84, T: 0.00 (versus random)
W: 0.50, T: 0.00 (versus left)
W: 0.67, T: 0.00 (versus lvl1)
W: 0.17, T: 0.00 (versus lvl2)
Training round 27 completed in 2 minutes and 6 seconds.
Expected completion: 05:04 2020-05-19.
Training round 28 stats
Wins 0.51, Ties 0.00, Losses 0.49, Game Length 19.33 moves
Loss p1: 0.144700, Loss p2: 0.140910
Benchmark Stats Training Round 28
W: 0.87, T: 0.00 (versus random)
W: 0.00, T: 0.00 (versus left)
W: 0.59, T: 0.00 (versus lvl1)
W: 0.17, T: 0.00 (versus lvl2)
Training round 28 completed in 2 minutes and 11 seconds.
Expected completion: 05:10 2020-05-19.
Training round 29 stats
Wins 0.48, Ties 0.00, Losses 0.52, Game Length 19.03 moves
Loss p1: 0.151173, Loss p2: 0.147686
Benchmark Stats Training Round 29
W: 0.87, T: 0.00 (versus random)
W: 0.50, T: 0.00 (versus left)
W: 0.66, T: 0.00 (versus lvl1)
W: 0.19, T: 0.01 (versus lvl2)
Training round 29 completed in 2 minutes and 8 seconds.
Expected completion: 05:06 2020-05-19.
Training round 30 stats
Wins 0.48, Ties 0.00, Losses 0.51, Game Length 19.03 moves
Loss p1: 0.154242, Loss p2: 0.152367
Benchmark Stats Training Round 30
W: 0.84, T: 0.00 (versus random)
W: 1.00, T: 0.00 (versus left)
W: 0.75, T: 0.00 (versus lvl1)
W: 0.24, T: 0.00 (versus lvl2)
Training round 30 completed in 2 minutes and 9 seconds.
Expected completion: 05:08 2020-05-19.
Training round 31 stats
Wins 0.49, Ties 0.00, Losses 0.51, Game Length 19.52 moves
Loss p1: 0.146093, Loss p2: 0.148398
Benchmark Stats Training Round 31
W: 0.88, T: 0.00 (versus random)
W: 1.00, T: 0.00 (versus left)
W: 0.82, T: 0.00 (versus lvl1)
W: 0.39, T: 0.00 (versus lvl2)
Training round 31 completed in 2 minutes and 6 seconds.
Expected completion: 05:04 2020-05-19.
Training round 32 stats
Wins 0.46, Ties 0.00, Losses 0.53, Game Length 19.44 moves
Loss p1: 0.150718, Loss p2: 0.145390
Benchmark Stats Training Round 32
W: 0.85, T: 0.00 (versus random)
W: 1.00, T: 0.00 (versus left)
W: 0.69, T: 0.00 (versus lvl1)
W: 0.12, T: 0.00 (versus lvl2)
Training round 32 completed in 2 minutes and 14 seconds.
Expected completion: 05:14 2020-05-19.
Training round 33 stats
Wins 0.48, Ties 0.00, Losses 0.51, Game Length 19.19 moves
Loss p1: 0.147536, Loss p2: 0.152542
Benchmark Stats Training Round 33
W: 0.83, T: 0.00 (versus random)
W: 0.50, T: 0.00 (versus left)
W: 0.73, T: 0.00 (versus lvl1)
W: 0.24, T: 0.00 (versus lvl2)
Training round 33 completed in 2 minutes and 15 seconds.
Expected completion: 05:15 2020-05-19.
Training round 34 stats
Wins 0.48, Ties 0.00, Losses 0.52, Game Length 19.17 moves
Loss p1: 0.149359, Loss p2: 0.151225
Benchmark Stats Training Round 34
W: 0.89, T: 0.00 (versus random)
W: 0.50, T: 0.00 (versus left)
W: 0.76, T: 0.00 (versus lvl1)
W: 0.31, T: 0.00 (versus lvl2)
Training round 34 completed in 2 minutes and 15 seconds.
Expected completion: 05:15 2020-05-19.
Training round 35 stats
Wins 0.48, Ties 0.00, Losses 0.52, Game Length 18.94 moves
Loss p1: 0.152993, Loss p2: 0.158097
Benchmark Stats Training Round 35
W: 0.84, T: 0.00 (versus random)
W: 0.50, T: 0.00 (versus left)
W: 0.71, T: 0.00 (versus lvl1)
W: 0.21, T: 0.00 (versus lvl2)
Training round 35 completed in 2 minutes and 9 seconds.
Expected completion: 05:08 2020-05-19.
Training round 36 stats
Wins 0.50, Ties 0.00, Losses 0.50, Game Length 19.05 moves
Loss p1: 0.153645, Loss p2: 0.157513
Benchmark Stats Training Round 36
W: 0.86, T: 0.00 (versus random)
W: 0.50, T: 0.00 (versus left)
W: 0.68, T: 0.00 (versus lvl1)
W: 0.21, T: 0.02 (versus lvl2)
Training round 36 completed in 2 minutes and 7 seconds.
Expected completion: 05:06 2020-05-19.
Training round 37 stats
Wins 0.50, Ties 0.00, Losses 0.50, Game Length 19.03 moves
Loss p1: 0.152108, Loss p2: 0.152543
Benchmark Stats Training Round 37
W: 0.83, T: 0.00 (versus random)
W: 0.50, T: 0.00 (versus left)
W: 0.76, T: 0.00 (versus lvl1)
W: 0.37, T: 0.02 (versus lvl2)
Training round 37 completed in 2 minutes and 1 seconds.
Expected completion: 04:59 2020-05-19.
Training round 38 stats
Wins 0.48, Ties 0.00, Losses 0.51, Game Length 18.52 moves
Loss p1: 0.152603, Loss p2: 0.156594
Benchmark Stats Training Round 38
W: 0.76, T: 0.00 (versus random)
W: 0.50, T: 0.00 (versus left)
W: 0.51, T: 0.00 (versus lvl1)
W: 0.19, T: 0.00 (versus lvl2)
Training round 38 completed in 2 minutes and 16 seconds.
Expected completion: 05:15 2020-05-19.
Training round 39 stats
Wins 0.50, Ties 0.00, Losses 0.49, Game Length 19.01 moves
Loss p1: 0.149515, Loss p2: 0.155658
Benchmark Stats Training Round 39
W: 0.92, T: 0.00 (versus random)
W: 0.00, T: 0.00 (versus left)
W: 0.78, T: 0.00 (versus lvl1)
W: 0.27, T: 0.01 (versus lvl2)
Training round 39 completed in 2 minutes and 6 seconds.
Expected completion: 05:05 2020-05-19.
Training round 40 stats
Wins 0.50, Ties 0.00, Losses 0.50, Game Length 18.40 moves
Loss p1: 0.156065, Loss p2: 0.161661
Benchmark Stats Training Round 40
W: 0.94, T: 0.00 (versus random)
W: 0.50, T: 0.00 (versus left)
W: 0.79, T: 0.00 (versus lvl1)
W: 0.27, T: 0.00 (versus lvl2)
Training round 40 completed in 2 minutes and 1 seconds.
Expected completion: 05:00 2020-05-19.
Training round 41 stats
Wins 0.52, Ties 0.01, Losses 0.48, Game Length 18.90 moves
Loss p1: 0.153771, Loss p2: 0.153482
Benchmark Stats Training Round 41
W: 0.87, T: 0.00 (versus random)
W: 0.50, T: 0.00 (versus left)
W: 0.71, T: 0.00 (versus lvl1)
W: 0.16, T: 0.01 (versus lvl2)
Training round 41 completed in 2 minutes and 6 seconds.
Expected completion: 05:05 2020-05-19.
Training round 42 stats
Wins 0.51, Ties 0.00, Losses 0.49, Game Length 18.88 moves
Loss p1: 0.158132, Loss p2: 0.154524
Benchmark Stats Training Round 42
W: 0.91, T: 0.00 (versus random)
W: 0.50, T: 0.00 (versus left)
W: 0.79, T: 0.00 (versus lvl1)
W: 0.28, T: 0.03 (versus lvl2)
Training round 42 completed in 2 minutes and 10 seconds.
Expected completion: 05:09 2020-05-19.
Training round 43 stats
Wins 0.50, Ties 0.00, Losses 0.50, Game Length 19.36 moves
Loss p1: 0.153089, Loss p2: 0.158126
Benchmark Stats Training Round 43
W: 0.81, T: 0.00 (versus random)
W: 0.50, T: 0.00 (versus left)
W: 0.76, T: 0.00 (versus lvl1)
W: 0.24, T: 0.00 (versus lvl2)
Training round 43 completed in 2 minutes and 11 seconds.
Expected completion: 05:10 2020-05-19.
Training round 44 stats
Wins 0.49, Ties 0.00, Losses 0.51, Game Length 19.00 moves
Loss p1: 0.154761, Loss p2: 0.161234
Benchmark Stats Training Round 44
W: 0.97, T: 0.00 (versus random)
W: 0.00, T: 0.00 (versus left)
W: 0.70, T: 0.00 (versus lvl1)
W: 0.28, T: 0.01 (versus lvl2)
Training round 44 completed in 2 minutes and 7 seconds.
Expected completion: 05:06 2020-05-19.
Training round 45 stats
Wins 0.48, Ties 0.00, Losses 0.52, Game Length 19.22 moves
Loss p1: 0.152311, Loss p2: 0.155577
Benchmark Stats Training Round 45
W: 0.83, T: 0.01 (versus random)
W: 0.50, T: 0.00 (versus left)
W: 0.76, T: 0.00 (versus lvl1)
W: 0.29, T: 0.01 (versus lvl2)
Training round 45 completed in 2 minutes and 10 seconds.
Expected completion: 05:09 2020-05-19.
Training round 46 stats
Wins 0.50, Ties 0.00, Losses 0.49, Game Length 18.93 moves
Loss p1: 0.160579, Loss p2: 0.158152
Benchmark Stats Training Round 46
W: 0.88, T: 0.00 (versus random)
W: 1.00, T: 0.00 (versus left)
W: 0.78, T: 0.00 (versus lvl1)
W: 0.27, T: 0.01 (versus lvl2)
Training round 46 completed in 2 minutes and 7 seconds.
Expected completion: 05:06 2020-05-19.
Training round 47 stats
Wins 0.49, Ties 0.00, Losses 0.51, Game Length 18.87 moves
Loss p1: 0.162101, Loss p2: 0.160230
Benchmark Stats Training Round 47
W: 0.87, T: 0.00 (versus random)
W: 1.00, T: 0.00 (versus left)
W: 0.81, T: 0.00 (versus lvl1)
W: 0.25, T: 0.01 (versus lvl2)
Training round 47 completed in 2 minutes and 9 seconds.
Expected completion: 05:07 2020-05-19.
Training round 48 stats
Wins 0.50, Ties 0.00, Losses 0.50, Game Length 18.90 moves
Loss p1: 0.164333, Loss p2: 0.160019
Benchmark Stats Training Round 48
W: 0.87, T: 0.00 (versus random)
W: 0.00, T: 0.00 (versus left)
W: 0.81, T: 0.00 (versus lvl1)
W: 0.33, T: 0.01 (versus lvl2)
Training round 48 completed in 2 minutes and 11 seconds.
Expected completion: 05:09 2020-05-19.
Training round 49 stats
Wins 0.50, Ties 0.00, Losses 0.50, Game Length 18.89 moves
Loss p1: 0.159401, Loss p2: 0.158971
Benchmark Stats Training Round 49
W: 0.78, T: 0.01 (versus random)
W: 1.00, T: 0.00 (versus left)
W: 0.64, T: 0.00 (versus lvl1)
W: 0.19, T: 0.00 (versus lvl2)
Training round 49 completed in 2 minutes and 7 seconds.
Expected completion: 05:06 2020-05-19.
Training round 50 stats
Wins 0.49, Ties 0.00, Losses 0.50, Game Length 18.99 moves
Loss p1: 0.153396, Loss p2: 0.169088
Benchmark Stats Training Round 50
W: 0.97, T: 0.00 (versus random)
W: 0.00, T: 0.00 (versus left)
W: 0.81, T: 0.00 (versus lvl1)
W: 0.35, T: 0.01 (versus lvl2)
Training round 50 completed in 2 minutes and 13 seconds.
Expected completion: 05:11 2020-05-19.
Training round 51 stats
Wins 0.50, Ties 0.00, Losses 0.50, Game Length 18.85 moves
Loss p1: 0.159208, Loss p2: 0.171379
Benchmark Stats Training Round 51
W: 0.86, T: 0.00 (versus random)
W: 0.50, T: 0.00 (versus left)
W: 0.73, T: 0.00 (versus lvl1)
W: 0.40, T: 0.00 (versus lvl2)
Training round 51 completed in 2 minutes and 4 seconds.
Expected completion: 05:04 2020-05-19.
Training round 52 stats
Wins 0.51, Ties 0.00, Losses 0.49, Game Length 18.59 moves
Loss p1: 0.165064, Loss p2: 0.168328
Benchmark Stats Training Round 52
W: 0.91, T: 0.00 (versus random)
W: 0.50, T: 0.00 (versus left)
W: 0.77, T: 0.00 (versus lvl1)
W: 0.30, T: 0.02 (versus lvl2)
Training round 52 completed in 2 minutes and 16 seconds.
Expected completion: 05:13 2020-05-19.
Training round 53 stats
Wins 0.49, Ties 0.00, Losses 0.51, Game Length 19.38 moves
Loss p1: 0.161782, Loss p2: 0.163377
Benchmark Stats Training Round 53
W: 0.84, T: 0.00 (versus random)
W: 0.00, T: 0.00 (versus left)
W: 0.66, T: 0.00 (versus lvl1)
W: 0.27, T: 0.00 (versus lvl2)
Training round 53 completed in 2 minutes and 10 seconds.
Expected completion: 05:08 2020-05-19.
Training round 54 stats
Wins 0.52, Ties 0.01, Losses 0.48, Game Length 19.31 moves
Loss p1: 0.178082, Loss p2: 0.163986
Benchmark Stats Training Round 54
W: 0.79, T: 0.00 (versus random)
W: 0.50, T: 0.00 (versus left)
W: 0.57, T: 0.00 (versus lvl1)
W: 0.26, T: 0.01 (versus lvl2)
Training round 54 completed in 2 minutes and 12 seconds.
Expected completion: 05:10 2020-05-19.
Training round 55 stats
Wins 0.49, Ties 0.00, Losses 0.51, Game Length 19.19 moves
Loss p1: 0.170101, Loss p2: 0.170896
Benchmark Stats Training Round 55
W: 0.89, T: 0.00 (versus random)
W: 0.00, T: 0.00 (versus left)
W: 0.70, T: 0.00 (versus lvl1)
W: 0.28, T: 0.02 (versus lvl2)
Training round 55 completed in 2 minutes and 15 seconds.
Expected completion: 05:13 2020-05-19.
Training round 56 stats
Wins 0.50, Ties 0.00, Losses 0.50, Game Length 18.86 moves
Loss p1: 0.170496, Loss p2: 0.176878
Benchmark Stats Training Round 56
W: 0.73, T: 0.00 (versus random)
W: 0.00, T: 0.00 (versus left)
W: 0.43, T: 0.00 (versus lvl1)
W: 0.10, T: 0.01 (versus lvl2)
Training round 56 completed in 2 minutes and 17 seconds.
Expected completion: 05:14 2020-05-19.
Training round 57 stats
Wins 0.49, Ties 0.00, Losses 0.51, Game Length 19.19 moves
Loss p1: 0.164158, Loss p2: 0.168267
Benchmark Stats Training Round 57
W: 0.82, T: 0.00 (versus random)
W: 0.50, T: 0.00 (versus left)
W: 0.60, T: 0.00 (versus lvl1)
W: 0.19, T: 0.00 (versus lvl2)
Training round 57 completed in 2 minutes and 26 seconds.
Expected completion: 05:21 2020-05-19.
Training round 58 stats
Wins 0.52, Ties 0.00, Losses 0.48, Game Length 19.06 moves
Loss p1: 0.177041, Loss p2: 0.179557
Benchmark Stats Training Round 58
W: 0.83, T: 0.00 (versus random)
W: 0.00, T: 0.00 (versus left)
W: 0.67, T: 0.00 (versus lvl1)
W: 0.14, T: 0.01 (versus lvl2)
Training round 58 completed in 2 minutes and 9 seconds.
Expected completion: 05:09 2020-05-19.
Training round 59 stats
Wins 0.47, Ties 0.00, Losses 0.52, Game Length 18.79 moves
Loss p1: 0.169746, Loss p2: 0.171926
Benchmark Stats Training Round 59
W: 0.90, T: 0.00 (versus random)
W: 0.50, T: 0.00 (versus left)
W: 0.82, T: 0.00 (versus lvl1)
W: 0.27, T: 0.01 (versus lvl2)
Training round 59 completed in 2 minutes and 19 seconds.
Expected completion: 05:15 2020-05-19.
Training round 60 stats
Wins 0.53, Ties 0.00, Losses 0.47, Game Length 19.27 moves
Loss p1: 0.172413, Loss p2: 0.178252
Benchmark Stats Training Round 60
W: 0.85, T: 0.00 (versus random)
W: 0.50, T: 0.00 (versus left)
W: 0.68, T: 0.00 (versus lvl1)
W: 0.29, T: 0.00 (versus lvl2)
Training round 60 completed in 2 minutes and 12 seconds.
Expected completion: 05:11 2020-05-19.
Training round 61 stats
Wins 0.48, Ties 0.00, Losses 0.52, Game Length 18.61 moves
Loss p1: 0.176397, Loss p2: 0.183401
Benchmark Stats Training Round 61
W: 0.83, T: 0.00 (versus random)
W: 1.00, T: 0.00 (versus left)
W: 0.77, T: 0.00 (versus lvl1)
W: 0.28, T: 0.01 (versus lvl2)
Training round 61 completed in 2 minutes and 11 seconds.
Expected completion: 05:10 2020-05-19.
Training round 62 stats
Wins 0.49, Ties 0.00, Losses 0.51, Game Length 18.90 moves
Loss p1: 0.169683, Loss p2: 0.175291
Benchmark Stats Training Round 62
W: 0.88, T: 0.01 (versus random)
W: 0.50, T: 0.00 (versus left)
W: 0.71, T: 0.00 (versus lvl1)
W: 0.15, T: 0.01 (versus lvl2)
Training round 62 completed in 2 minutes and 15 seconds.
Expected completion: 05:13 2020-05-19.
Training round 63 stats
Wins 0.50, Ties 0.00, Losses 0.50, Game Length 18.57 moves
Loss p1: 0.173535, Loss p2: 0.175650
Benchmark Stats Training Round 63
W: 0.90, T: 0.00 (versus random)
W: 0.50, T: 0.00 (versus left)
W: 0.79, T: 0.00 (versus lvl1)
W: 0.18, T: 0.00 (versus lvl2)
Training round 63 completed in 1 minutes and 59 seconds.
Expected completion: 05:02 2020-05-19.
Training round 64 stats
Wins 0.52, Ties 0.00, Losses 0.48, Game Length 18.63 moves
Loss p1: 0.169485, Loss p2: 0.181737
Benchmark Stats Training Round 64
W: 0.90, T: 0.00 (versus random)
W: 0.50, T: 0.00 (versus left)
W: 0.68, T: 0.00 (versus lvl1)
W: 0.10, T: 0.00 (versus lvl2)
Training round 64 completed in 1 minutes and 58 seconds.
Expected completion: 05:02 2020-05-19.
Training round 65 stats
Wins 0.50, Ties 0.00, Losses 0.49, Game Length 18.47 moves
Loss p1: 0.176274, Loss p2: 0.185477
Benchmark Stats Training Round 65
W: 0.87, T: 0.00 (versus random)
W: 1.00, T: 0.00 (versus left)
W: 0.56, T: 0.00 (versus lvl1)
W: 0.21, T: 0.01 (versus lvl2)
Training round 65 completed in 2 minutes and 16 seconds.
Expected completion: 05:13 2020-05-19.
Training round 66 stats
Wins 0.48, Ties 0.00, Losses 0.51, Game Length 19.01 moves
Loss p1: 0.175415, Loss p2: 0.180663
Benchmark Stats Training Round 66
W: 0.87, T: 0.00 (versus random)
W: 0.50, T: 0.00 (versus left)
W: 0.70, T: 0.00 (versus lvl1)
W: 0.32, T: 0.00 (versus lvl2)
Training round 66 completed in 2 minutes and 8 seconds.
Expected completion: 05:08 2020-05-19.
Training round 67 stats
Wins 0.48, Ties 0.00, Losses 0.51, Game Length 18.98 moves
Loss p1: 0.184276, Loss p2: 0.174250
Benchmark Stats Training Round 67
W: 0.87, T: 0.00 (versus random)
W: 0.50, T: 0.00 (versus left)
W: 0.81, T: 0.00 (versus lvl1)
W: 0.23, T: 0.02 (versus lvl2)
Training round 67 completed in 2 minutes and 14 seconds.
Expected completion: 05:12 2020-05-19.
Training round 68 stats
Wins 0.50, Ties 0.00, Losses 0.50, Game Length 18.84 moves
Loss p1: 0.184622, Loss p2: 0.184126
Benchmark Stats Training Round 68
W: 0.88, T: 0.00 (versus random)
W: 0.50, T: 0.00 (versus left)
W: 0.71, T: 0.00 (versus lvl1)
W: 0.23, T: 0.00 (versus lvl2)
Training round 68 completed in 2 minutes and 14 seconds.
Expected completion: 05:11 2020-05-19.
Training round 69 stats
Wins 0.50, Ties 0.00, Losses 0.49, Game Length 18.92 moves
Loss p1: 0.169629, Loss p2: 0.184919
Benchmark Stats Training Round 69
W: 0.74, T: 0.00 (versus random)
W: 1.00, T: 0.00 (versus left)
W: 0.59, T: 0.00 (versus lvl1)
W: 0.11, T: 0.00 (versus lvl2)
Training round 69 completed in 2 minutes and 18 seconds.
Expected completion: 05:14 2020-05-19.
Training round 70 stats
Wins 0.49, Ties 0.00, Losses 0.51, Game Length 18.68 moves
Loss p1: 0.182967, Loss p2: 0.181109
Benchmark Stats Training Round 70
W: 0.89, T: 0.00 (versus random)
W: 0.50, T: 0.00 (versus left)
W: 0.83, T: 0.00 (versus lvl1)
W: 0.16, T: 0.00 (versus lvl2)
Training round 70 completed in 2 minutes and 6 seconds.
Expected completion: 05:07 2020-05-19.
Training round 71 stats
Wins 0.50, Ties 0.00, Losses 0.50, Game Length 19.16 moves
Loss p1: 0.182008, Loss p2: 0.181338
Benchmark Stats Training Round 71
W: 0.82, T: 0.00 (versus random)
W: 0.50, T: 0.00 (versus left)
W: 0.72, T: 0.00 (versus lvl1)
W: 0.25, T: 0.00 (versus lvl2)
Training round 71 completed in 2 minutes and 14 seconds.
Expected completion: 05:11 2020-05-19.
Training round 72 stats
Wins 0.49, Ties 0.00, Losses 0.51, Game Length 18.74 moves
Loss p1: 0.180336, Loss p2: 0.187182
Benchmark Stats Training Round 72
W: 0.91, T: 0.00 (versus random)
W: 0.00, T: 0.00 (versus left)
W: 0.82, T: 0.00 (versus lvl1)
W: 0.31, T: 0.00 (versus lvl2)
Training round 72 completed in 2 minutes and 8 seconds.
Expected completion: 05:08 2020-05-19.
Training round 73 stats
Wins 0.50, Ties 0.00, Losses 0.50, Game Length 18.43 moves
Loss p1: 0.182391, Loss p2: 0.189262
Benchmark Stats Training Round 73
W: 0.77, T: 0.00 (versus random)
W: 0.00, T: 0.00 (versus left)
W: 0.64, T: 0.00 (versus lvl1)
W: 0.25, T: 0.01 (versus lvl2)
Training round 73 completed in 2 minutes and 14 seconds.
Expected completion: 05:11 2020-05-19.
Training round 74 stats
Wins 0.48, Ties 0.00, Losses 0.52, Game Length 19.54 moves
Loss p1: 0.177277, Loss p2: 0.180571
Benchmark Stats Training Round 74
W: 0.75, T: 0.00 (versus random)
W: 0.00, T: 0.00 (versus left)
W: 0.54, T: 0.00 (versus lvl1)
W: 0.17, T: 0.00 (versus lvl2)
Training round 74 completed in 2 minutes and 18 seconds.
Expected completion: 05:13 2020-05-19.
Training round 75 stats
Wins 0.51, Ties 0.00, Losses 0.49, Game Length 19.31 moves
Loss p1: 0.177182, Loss p2: 0.185453
Benchmark Stats Training Round 75
W: 0.92, T: 0.00 (versus random)
W: 0.00, T: 0.00 (versus left)
W: 0.74, T: 0.00 (versus lvl1)
W: 0.17, T: 0.00 (versus lvl2)
Training round 75 completed in 2 minutes and 19 seconds.
Expected completion: 05:13 2020-05-19.
Training round 76 stats
Wins 0.50, Ties 0.00, Losses 0.49, Game Length 19.59 moves
Loss p1: 0.173295, Loss p2: 0.185864
Benchmark Stats Training Round 76
W: 0.90, T: 0.00 (versus random)
W: 0.50, T: 0.00 (versus left)
W: 0.59, T: 0.00 (versus lvl1)
W: 0.36, T: 0.00 (versus lvl2)
Training round 76 completed in 2 minutes and 14 seconds.
Expected completion: 05:11 2020-05-19.
Training round 77 stats
Wins 0.48, Ties 0.00, Losses 0.52, Game Length 18.82 moves
Loss p1: 0.189132, Loss p2: 0.189438
Benchmark Stats Training Round 77
W: 0.90, T: 0.00 (versus random)
W: 0.00, T: 0.00 (versus left)
W: 0.75, T: 0.00 (versus lvl1)
W: 0.24, T: 0.00 (versus lvl2)
Training round 77 completed in 2 minutes and 19 seconds.
Expected completion: 05:13 2020-05-19.
Training round 78 stats
Wins 0.50, Ties 0.00, Losses 0.50, Game Length 18.73 moves
Loss p1: 0.181258, Loss p2: 0.192272
Benchmark Stats Training Round 78
W: 0.78, T: 0.00 (versus random)
W: 0.50, T: 0.00 (versus left)
W: 0.71, T: 0.00 (versus lvl1)
W: 0.21, T: 0.01 (versus lvl2)
Training round 78 completed in 2 minutes and 11 seconds.
Expected completion: 05:10 2020-05-19.
Training round 79 stats
Wins 0.50, Ties 0.00, Losses 0.50, Game Length 19.00 moves
Loss p1: 0.181188, Loss p2: 0.195215
Benchmark Stats Training Round 79
W: 0.98, T: 0.00 (versus random)
W: 0.50, T: 0.00 (versus left)
W: 0.84, T: 0.00 (versus lvl1)
W: 0.29, T: 0.00 (versus lvl2)
Training round 79 completed in 2 minutes and 14 seconds.
Expected completion: 05:12 2020-05-19.
Training round 80 stats
Wins 0.51, Ties 0.00, Losses 0.49, Game Length 18.80 moves
Loss p1: 0.181621, Loss p2: 0.187951
Benchmark Stats Training Round 80
W: 0.91, T: 0.00 (versus random)
W: 0.50, T: 0.00 (versus left)
W: 0.78, T: 0.00 (versus lvl1)
W: 0.22, T: 0.01 (versus lvl2)
Training round 80 completed in 2 minutes and 5 seconds.
Expected completion: 05:08 2020-05-19.
Training round 81 stats
Wins 0.51, Ties 0.00, Losses 0.49, Game Length 18.86 moves
Loss p1: 0.184513, Loss p2: 0.186321
Benchmark Stats Training Round 81
W: 0.95, T: 0.00 (versus random)
W: 0.00, T: 0.00 (versus left)
W: 0.70, T: 0.00 (versus lvl1)
W: 0.34, T: 0.02 (versus lvl2)
Training round 81 completed in 2 minutes and 18 seconds.
Expected completion: 05:13 2020-05-19.
Training round 82 stats
Wins 0.51, Ties 0.00, Losses 0.49, Game Length 19.19 moves
Loss p1: 0.185726, Loss p2: 0.201962
Benchmark Stats Training Round 82
W: 0.80, T: 0.01 (versus random)
W: 0.00, T: 0.00 (versus left)
W: 0.66, T: 0.00 (versus lvl1)
W: 0.23, T: 0.00 (versus lvl2)
Training round 82 completed in 2 minutes and 11 seconds.
Expected completion: 05:10 2020-05-19.
Training round 83 stats
Wins 0.50, Ties 0.00, Losses 0.50, Game Length 19.12 moves
Loss p1: 0.187467, Loss p2: 0.189455
Benchmark Stats Training Round 83
W: 0.88, T: 0.00 (versus random)
W: 0.50, T: 0.00 (versus left)
W: 0.76, T: 0.00 (versus lvl1)
W: 0.28, T: 0.00 (versus lvl2)
Training round 83 completed in 2 minutes and 8 seconds.
Expected completion: 05:10 2020-05-19.
Training round 84 stats
Wins 0.49, Ties 0.00, Losses 0.51, Game Length 18.98 moves
Loss p1: 0.189288, Loss p2: 0.195025
Benchmark Stats Training Round 84
W: 0.90, T: 0.00 (versus random)
W: 0.50, T: 0.00 (versus left)
W: 0.82, T: 0.00 (versus lvl1)
W: 0.34, T: 0.01 (versus lvl2)
Training round 84 completed in 2 minutes and 11 seconds.
Expected completion: 05:10 2020-05-19.
Training round 85 stats
Wins 0.52, Ties 0.00, Losses 0.48, Game Length 18.93 moves
Loss p1: 0.202221, Loss p2: 0.187809
Benchmark Stats Training Round 85
W: 0.77, T: 0.00 (versus random)
W: 0.50, T: 0.00 (versus left)
W: 0.55, T: 0.00 (versus lvl1)
W: 0.18, T: 0.00 (versus lvl2)
Training round 85 completed in 2 minutes and 14 seconds.
Expected completion: 05:11 2020-05-19.
Training round 86 stats
Wins 0.48, Ties 0.01, Losses 0.51, Game Length 18.95 moves
Loss p1: 0.187783, Loss p2: 0.192975
Benchmark Stats Training Round 86
W: 0.81, T: 0.01 (versus random)
W: 0.00, T: 0.00 (versus left)
W: 0.54, T: 0.00 (versus lvl1)
W: 0.16, T: 0.01 (versus lvl2)
Training round 86 completed in 2 minutes and 23 seconds.
Expected completion: 05:13 2020-05-19.
Training round 87 stats
Wins 0.48, Ties 0.01, Losses 0.52, Game Length 18.84 moves
Loss p1: 0.189881, Loss p2: 0.193354
Benchmark Stats Training Round 87
W: 0.84, T: 0.00 (versus random)
W: 0.50, T: 0.00 (versus left)
W: 0.70, T: 0.00 (versus lvl1)
W: 0.23, T: 0.01 (versus lvl2)
Training round 87 completed in 2 minutes and 11 seconds.
Expected completion: 05:11 2020-05-19.
Training round 88 stats
Wins 0.51, Ties 0.00, Losses 0.49, Game Length 18.95 moves
Loss p1: 0.204682, Loss p2: 0.189018
Benchmark Stats Training Round 88
W: 0.91, T: 0.00 (versus random)
W: 0.00, T: 0.00 (versus left)
W: 0.65, T: 0.00 (versus lvl1)
W: 0.13, T: 0.02 (versus lvl2)
Training round 88 completed in 2 minutes and 5 seconds.
Expected completion: 05:09 2020-05-19.
Training round 89 stats
Wins 0.49, Ties 0.00, Losses 0.51, Game Length 19.20 moves
Loss p1: 0.187309, Loss p2: 0.196031
Benchmark Stats Training Round 89
W: 0.91, T: 0.00 (versus random)
W: 0.50, T: 0.00 (versus left)
W: 0.72, T: 0.00 (versus lvl1)
W: 0.44, T: 0.00 (versus lvl2)
Training round 89 completed in 2 minutes and 13 seconds.
Expected completion: 05:11 2020-05-19.
Training round 90 stats
Wins 0.49, Ties 0.00, Losses 0.51, Game Length 18.62 moves
Loss p1: 0.191353, Loss p2: 0.200071
Benchmark Stats Training Round 90
W: 0.92, T: 0.00 (versus random)
W: 0.50, T: 0.00 (versus left)
W: 0.79, T: 0.00 (versus lvl1)
W: 0.48, T: 0.01 (versus lvl2)
Training round 90 completed in 2 minutes and 2 seconds.
Expected completion: 05:09 2020-05-19.
Training round 91 stats
Wins 0.52, Ties 0.01, Losses 0.47, Game Length 18.57 moves
Loss p1: 0.180573, Loss p2: 0.194411
Benchmark Stats Training Round 91
W: 0.91, T: 0.00 (versus random)
W: 0.50, T: 0.00 (versus left)
W: 0.81, T: 0.00 (versus lvl1)
W: 0.29, T: 0.00 (versus lvl2)
Training round 91 completed in 2 minutes and 11 seconds.
Expected completion: 05:10 2020-05-19.
Training round 92 stats
Wins 0.53, Ties 0.01, Losses 0.47, Game Length 19.06 moves
Loss p1: 0.190693, Loss p2: 0.203911
Benchmark Stats Training Round 92
W: 0.85, T: 0.00 (versus random)
W: 0.50, T: 0.00 (versus left)
W: 0.51, T: 0.00 (versus lvl1)
W: 0.21, T: 0.00 (versus lvl2)
Training round 92 completed in 2 minutes and 10 seconds.
Expected completion: 05:10 2020-05-19.
Training round 93 stats
Wins 0.52, Ties 0.00, Losses 0.48, Game Length 18.98 moves
Loss p1: 0.190688, Loss p2: 0.194847
Benchmark Stats Training Round 93
W: 0.87, T: 0.00 (versus random)
W: 0.00, T: 0.00 (versus left)
W: 0.62, T: 0.00 (versus lvl1)
W: 0.13, T: 0.00 (versus lvl2)
Training round 93 completed in 2 minutes and 14 seconds.
Expected completion: 05:11 2020-05-19.
Training round 94 stats
Wins 0.50, Ties 0.01, Losses 0.50, Game Length 19.19 moves
Loss p1: 0.193620, Loss p2: 0.192038
Benchmark Stats Training Round 94
W: 0.86, T: 0.00 (versus random)
W: 0.00, T: 0.00 (versus left)
W: 0.72, T: 0.00 (versus lvl1)
W: 0.27, T: 0.01 (versus lvl2)
Training round 94 completed in 2 minutes and 9 seconds.
Expected completion: 05:10 2020-05-19.
Training round 95 stats
Wins 0.49, Ties 0.00, Losses 0.51, Game Length 19.02 moves
Loss p1: 0.195306, Loss p2: 0.206215
Benchmark Stats Training Round 95
W: 0.80, T: 0.00 (versus random)
W: 0.00, T: 0.00 (versus left)
W: 0.65, T: 0.00 (versus lvl1)
W: 0.31, T: 0.00 (versus lvl2)
Training round 95 completed in 2 minutes and 19 seconds.
Expected completion: 05:11 2020-05-19.
Training round 96 stats
Wins 0.48, Ties 0.00, Losses 0.51, Game Length 19.45 moves
Loss p1: 0.194132, Loss p2: 0.197693
Benchmark Stats Training Round 96
W: 0.77, T: 0.00 (versus random)
W: 0.00, T: 0.00 (versus left)
W: 0.59, T: 0.00 (versus lvl1)
W: 0.23, T: 0.01 (versus lvl2)
Training round 96 completed in 2 minutes and 24 seconds.
Expected completion: 05:12 2020-05-19.
Training round 97 stats
Wins 0.50, Ties 0.00, Losses 0.50, Game Length 19.00 moves
Loss p1: 0.191980, Loss p2: 0.190240
Benchmark Stats Training Round 97
W: 0.94, T: 0.00 (versus random)
W: 0.00, T: 0.00 (versus left)
W: 0.74, T: 0.00 (versus lvl1)
W: 0.38, T: 0.00 (versus lvl2)
Training round 97 completed in 2 minutes and 3 seconds.
Expected completion: 05:10 2020-05-19.
Training round 98 stats
Wins 0.49, Ties 0.01, Losses 0.50, Game Length 18.54 moves
Loss p1: 0.200826, Loss p2: 0.203260
Benchmark Stats Training Round 98
W: 0.85, T: 0.00 (versus random)
W: 0.50, T: 0.00 (versus left)
W: 0.75, T: 0.00 (versus lvl1)
W: 0.46, T: 0.01 (versus lvl2)
Training round 98 completed in 2 minutes and 9 seconds.
Expected completion: 05:11 2020-05-19.
Training round 99 stats
Wins 0.48, Ties 0.00, Losses 0.51, Game Length 18.94 moves
Loss p1: 0.202958, Loss p2: 0.193105
Benchmark Stats Training Round 99
W: 0.89, T: 0.00 (versus random)
W: 0.00, T: 0.00 (versus left)
W: 0.77, T: 0.00 (versus lvl1)
W: 0.34, T: 0.00 (versus lvl2)
Training round 99 completed in 2 minutes and 11 seconds.
Expected completion: 05:11 2020-05-19.
Training round 100 stats
Wins 0.51, Ties 0.00, Losses 0.49, Game Length 19.03 moves
Loss p1: 0.209338, Loss p2: 0.199265
Benchmark Stats Training Round 100
W: 0.89, T: 0.00 (versus random)
W: 0.50, T: 0.00 (versus left)
W: 0.83, T: 0.00 (versus lvl1)
W: 0.38, T: 0.00 (versus lvl2)
Training round 100 completed in 2 minutes and 8 seconds.
Expected completion: 05:11 2020-05-19.
