Training Neural Net on Connect 4
  self_play_batch_size: 1000
  benchmark_batch_size: 100
  training_rounds: 100
  memory_size: 1000
  network: C
  exploration: cte
  loss: MSE
  encoding: integer
  optimizer: Adam
  experience: yes

Benchmark Stats Training Round 0
W: 0.50, T: 0.01 (versus random)
W: 0.00, T: 0.00 (versus left)
W: 0.31, T: 0.00 (versus lvl1)
W: 0.03, T: 0.00 (versus lvl2)
Training round 1 stats
Wins 0.51, Ties 0.01, Losses 0.49, Game Length 19.55 moves
Loss p1: 0.168153, Loss p2: 0.161474
Benchmark Stats Training Round 1
W: 0.77, T: 0.01 (versus random)
W: 0.00, T: 0.00 (versus left)
W: 0.55, T: 0.00 (versus lvl1)
W: 0.17, T: 0.00 (versus lvl2)
Training round 1 completed in 2 minutes and 18 seconds.
Expected completion: 19:26 2020-05-19.
Training round 2 stats
Wins 0.47, Ties 0.00, Losses 0.52, Game Length 19.41 moves
Loss p1: 0.131105, Loss p2: 0.128756
Benchmark Stats Training Round 2
W: 0.90, T: 0.00 (versus random)
W: 0.00, T: 0.00 (versus left)
W: 0.73, T: 0.00 (versus lvl1)
W: 0.19, T: 0.01 (versus lvl2)
Training round 2 completed in 2 minutes and 15 seconds.
Expected completion: 19:20 2020-05-19.
Training round 3 stats
Wins 0.50, Ties 0.00, Losses 0.50, Game Length 19.03 moves
Loss p1: 0.130143, Loss p2: 0.121327
Benchmark Stats Training Round 3
W: 0.85, T: 0.00 (versus random)
W: 0.50, T: 0.00 (versus left)
W: 0.72, T: 0.00 (versus lvl1)
W: 0.26, T: 0.01 (versus lvl2)
Training round 3 completed in 2 minutes and 8 seconds.
Expected completion: 19:09 2020-05-19.
Training round 4 stats
Wins 0.51, Ties 0.00, Losses 0.49, Game Length 19.25 moves
Loss p1: 0.123938, Loss p2: 0.119379
Benchmark Stats Training Round 4
W: 0.79, T: 0.00 (versus random)
W: 0.50, T: 0.00 (versus left)
W: 0.75, T: 0.00 (versus lvl1)
W: 0.18, T: 0.00 (versus lvl2)
Training round 4 completed in 2 minutes and 16 seconds.
Expected completion: 19:22 2020-05-19.
Training round 5 stats
Wins 0.49, Ties 0.01, Losses 0.50, Game Length 19.32 moves
Loss p1: 0.131445, Loss p2: 0.120471
Benchmark Stats Training Round 5
W: 0.82, T: 0.00 (versus random)
W: 0.00, T: 0.00 (versus left)
W: 0.56, T: 0.00 (versus lvl1)
W: 0.17, T: 0.02 (versus lvl2)
Training round 5 completed in 2 minutes and 13 seconds.
Expected completion: 19:18 2020-05-19.
Training round 6 stats
Wins 0.50, Ties 0.00, Losses 0.50, Game Length 19.50 moves
Loss p1: 0.123143, Loss p2: 0.121416
Benchmark Stats Training Round 6
W: 0.80, T: 0.00 (versus random)
W: 1.00, T: 0.00 (versus left)
W: 0.47, T: 0.00 (versus lvl1)
W: 0.16, T: 0.00 (versus lvl2)
Training round 6 completed in 2 minutes and 7 seconds.
Expected completion: 19:07 2020-05-19.
Training round 7 stats
Wins 0.50, Ties 0.00, Losses 0.50, Game Length 19.12 moves
Loss p1: 0.127475, Loss p2: 0.125206
Benchmark Stats Training Round 7
W: 0.82, T: 0.00 (versus random)
W: 0.00, T: 0.00 (versus left)
W: 0.70, T: 0.00 (versus lvl1)
W: 0.25, T: 0.00 (versus lvl2)
Training round 7 completed in 2 minutes and 13 seconds.
Expected completion: 19:17 2020-05-19.
Training round 8 stats
Wins 0.48, Ties 0.00, Losses 0.52, Game Length 19.43 moves
Loss p1: 0.124448, Loss p2: 0.127501
Benchmark Stats Training Round 8
W: 0.80, T: 0.00 (versus random)
W: 0.50, T: 0.00 (versus left)
W: 0.73, T: 0.00 (versus lvl1)
W: 0.26, T: 0.00 (versus lvl2)
Training round 8 completed in 2 minutes and 14 seconds.
Expected completion: 19:18 2020-05-19.
Training round 9 stats
Wins 0.50, Ties 0.00, Losses 0.50, Game Length 19.15 moves
Loss p1: 0.125403, Loss p2: 0.125502
Benchmark Stats Training Round 9
W: 0.84, T: 0.00 (versus random)
W: 0.50, T: 0.00 (versus left)
W: 0.72, T: 0.00 (versus lvl1)
W: 0.17, T: 0.00 (versus lvl2)
Training round 9 completed in 2 minutes and 1 seconds.
Expected completion: 18:59 2020-05-19.
Training round 10 stats
Wins 0.50, Ties 0.00, Losses 0.50, Game Length 19.16 moves
Loss p1: 0.126434, Loss p2: 0.128752
Benchmark Stats Training Round 10
W: 0.80, T: 0.00 (versus random)
W: 0.50, T: 0.00 (versus left)
W: 0.66, T: 0.00 (versus lvl1)
W: 0.17, T: 0.00 (versus lvl2)
Training round 10 completed in 2 minutes and 6 seconds.
Expected completion: 19:06 2020-05-19.
Training round 11 stats
Wins 0.47, Ties 0.00, Losses 0.53, Game Length 19.12 moves
Loss p1: 0.128287, Loss p2: 0.130029
Benchmark Stats Training Round 11
W: 0.86, T: 0.01 (versus random)
W: 1.00, T: 0.00 (versus left)
W: 0.79, T: 0.00 (versus lvl1)
W: 0.18, T: 0.00 (versus lvl2)
Training round 11 completed in 2 minutes and 11 seconds.
Expected completion: 19:13 2020-05-19.
Training round 12 stats
Wins 0.51, Ties 0.00, Losses 0.49, Game Length 18.99 moves
Loss p1: 0.132807, Loss p2: 0.138410
Benchmark Stats Training Round 12
W: 0.81, T: 0.00 (versus random)
W: 0.50, T: 0.00 (versus left)
W: 0.63, T: 0.00 (versus lvl1)
W: 0.10, T: 0.00 (versus lvl2)
Training round 12 completed in 2 minutes and 8 seconds.
Expected completion: 19:08 2020-05-19.
Training round 13 stats
Wins 0.51, Ties 0.00, Losses 0.49, Game Length 19.36 moves
Loss p1: 0.137542, Loss p2: 0.133338
Benchmark Stats Training Round 13
W: 0.84, T: 0.00 (versus random)
W: 0.50, T: 0.00 (versus left)
W: 0.76, T: 0.00 (versus lvl1)
W: 0.20, T: 0.00 (versus lvl2)
Training round 13 completed in 2 minutes and 10 seconds.
Expected completion: 19:12 2020-05-19.
Training round 14 stats
Wins 0.50, Ties 0.00, Losses 0.50, Game Length 18.86 moves
Loss p1: 0.133906, Loss p2: 0.134615
Benchmark Stats Training Round 14
W: 0.88, T: 0.00 (versus random)
W: 0.00, T: 0.00 (versus left)
W: 0.66, T: 0.00 (versus lvl1)
W: 0.17, T: 0.00 (versus lvl2)
Training round 14 completed in 2 minutes and 13 seconds.
Expected completion: 19:16 2020-05-19.
Training round 15 stats
Wins 0.48, Ties 0.00, Losses 0.52, Game Length 19.03 moves
Loss p1: 0.140443, Loss p2: 0.138418
Benchmark Stats Training Round 15
W: 0.88, T: 0.00 (versus random)
W: 1.00, T: 0.00 (versus left)
W: 0.72, T: 0.00 (versus lvl1)
W: 0.23, T: 0.01 (versus lvl2)
Training round 15 completed in 2 minutes and 7 seconds.
Expected completion: 19:07 2020-05-19.
Training round 16 stats
Wins 0.51, Ties 0.00, Losses 0.49, Game Length 19.31 moves
Loss p1: 0.141155, Loss p2: 0.140997
Benchmark Stats Training Round 16
W: 0.82, T: 0.00 (versus random)
W: 0.00, T: 0.00 (versus left)
W: 0.61, T: 0.00 (versus lvl1)
W: 0.17, T: 0.00 (versus lvl2)
Training round 16 completed in 2 minutes and 6 seconds.
Expected completion: 19:06 2020-05-19.
Training round 17 stats
Wins 0.49, Ties 0.00, Losses 0.51, Game Length 18.74 moves
Loss p1: 0.143469, Loss p2: 0.140321
Benchmark Stats Training Round 17
W: 0.73, T: 0.00 (versus random)
W: 0.00, T: 0.00 (versus left)
W: 0.64, T: 0.00 (versus lvl1)
W: 0.16, T: 0.01 (versus lvl2)
Training round 17 completed in 2 minutes and 10 seconds.
Expected completion: 19:11 2020-05-19.
Training round 18 stats
Wins 0.49, Ties 0.00, Losses 0.50, Game Length 19.09 moves
Loss p1: 0.144387, Loss p2: 0.136765
Benchmark Stats Training Round 18
W: 0.90, T: 0.00 (versus random)
W: 0.00, T: 0.00 (versus left)
W: 0.68, T: 0.00 (versus lvl1)
W: 0.33, T: 0.00 (versus lvl2)
Training round 18 completed in 2 minutes and 7 seconds.
Expected completion: 19:07 2020-05-19.
Training round 19 stats
Wins 0.52, Ties 0.00, Losses 0.48, Game Length 19.27 moves
Loss p1: 0.144699, Loss p2: 0.137413
Benchmark Stats Training Round 19
W: 0.78, T: 0.00 (versus random)
W: 0.50, T: 0.00 (versus left)
W: 0.69, T: 0.02 (versus lvl1)
W: 0.12, T: 0.00 (versus lvl2)
Training round 19 completed in 2 minutes and 13 seconds.
Expected completion: 19:16 2020-05-19.
Training round 20 stats
Wins 0.52, Ties 0.00, Losses 0.48, Game Length 18.80 moves
Loss p1: 0.150360, Loss p2: 0.142142
Benchmark Stats Training Round 20
W: 0.93, T: 0.00 (versus random)
W: 0.00, T: 0.00 (versus left)
W: 0.75, T: 0.00 (versus lvl1)
W: 0.43, T: 0.00 (versus lvl2)
Training round 20 completed in 2 minutes and 7 seconds.
Expected completion: 19:08 2020-05-19.
Training round 21 stats
Wins 0.49, Ties 0.00, Losses 0.50, Game Length 18.69 moves
Loss p1: 0.157924, Loss p2: 0.147325
Benchmark Stats Training Round 21
W: 0.82, T: 0.00 (versus random)
W: 0.50, T: 0.00 (versus left)
W: 0.78, T: 0.00 (versus lvl1)
W: 0.37, T: 0.00 (versus lvl2)
Training round 21 completed in 2 minutes and 13 seconds.
Expected completion: 19:16 2020-05-19.
Training round 22 stats
Wins 0.51, Ties 0.00, Losses 0.49, Game Length 18.95 moves
Loss p1: 0.146717, Loss p2: 0.142435
Benchmark Stats Training Round 22
W: 0.94, T: 0.00 (versus random)
W: 0.00, T: 0.00 (versus left)
W: 0.91, T: 0.00 (versus lvl1)
W: 0.31, T: 0.01 (versus lvl2)
Training round 22 completed in 2 minutes and 4 seconds.
Expected completion: 19:04 2020-05-19.
Training round 23 stats
Wins 0.50, Ties 0.00, Losses 0.49, Game Length 19.46 moves
Loss p1: 0.140171, Loss p2: 0.134756
Benchmark Stats Training Round 23
W: 0.95, T: 0.00 (versus random)
W: 0.50, T: 0.00 (versus left)
W: 0.82, T: 0.00 (versus lvl1)
W: 0.27, T: 0.02 (versus lvl2)
Training round 23 completed in 2 minutes and 19 seconds.
Expected completion: 19:23 2020-05-19.
Training round 24 stats
Wins 0.52, Ties 0.00, Losses 0.48, Game Length 19.12 moves
Loss p1: 0.142516, Loss p2: 0.142283
Benchmark Stats Training Round 24
W: 0.74, T: 0.00 (versus random)
W: 0.00, T: 0.00 (versus left)
W: 0.68, T: 0.00 (versus lvl1)
W: 0.27, T: 0.00 (versus lvl2)
Training round 24 completed in 2 minutes and 21 seconds.
Expected completion: 19:25 2020-05-19.
Training round 25 stats
Wins 0.51, Ties 0.00, Losses 0.48, Game Length 19.08 moves
Loss p1: 0.146816, Loss p2: 0.141072
Benchmark Stats Training Round 25
W: 0.88, T: 0.00 (versus random)
W: 0.00, T: 0.00 (versus left)
W: 0.75, T: 0.00 (versus lvl1)
W: 0.38, T: 0.00 (versus lvl2)
Training round 25 completed in 2 minutes and 18 seconds.
Expected completion: 19:22 2020-05-19.
Training round 26 stats
Wins 0.51, Ties 0.00, Losses 0.49, Game Length 19.04 moves
Loss p1: 0.151470, Loss p2: 0.142790
Benchmark Stats Training Round 26
W: 0.89, T: 0.00 (versus random)
W: 0.50, T: 0.00 (versus left)
W: 0.76, T: 0.00 (versus lvl1)
W: 0.21, T: 0.01 (versus lvl2)
Training round 26 completed in 2 minutes and 9 seconds.
Expected completion: 19:11 2020-05-19.
Training round 27 stats
Wins 0.53, Ties 0.00, Losses 0.47, Game Length 19.12 moves
Loss p1: 0.149970, Loss p2: 0.146557
Benchmark Stats Training Round 27
W: 0.87, T: 0.00 (versus random)
W: 0.50, T: 0.00 (versus left)
W: 0.64, T: 0.00 (versus lvl1)
W: 0.20, T: 0.00 (versus lvl2)
Training round 27 completed in 2 minutes and 18 seconds.
Expected completion: 19:22 2020-05-19.
Training round 28 stats
Wins 0.48, Ties 0.00, Losses 0.51, Game Length 19.28 moves
Loss p1: 0.157354, Loss p2: 0.148678
Benchmark Stats Training Round 28
W: 0.93, T: 0.00 (versus random)
W: 0.50, T: 0.00 (versus left)
W: 0.86, T: 0.00 (versus lvl1)
W: 0.28, T: 0.02 (versus lvl2)
Training round 28 completed in 2 minutes and 18 seconds.
Expected completion: 19:23 2020-05-19.
Training round 29 stats
Wins 0.49, Ties 0.00, Losses 0.51, Game Length 18.90 moves
Loss p1: 0.154079, Loss p2: 0.157090
Benchmark Stats Training Round 29
W: 0.82, T: 0.00 (versus random)
W: 0.50, T: 0.00 (versus left)
W: 0.66, T: 0.00 (versus lvl1)
W: 0.27, T: 0.00 (versus lvl2)
Training round 29 completed in 2 minutes and 16 seconds.
Expected completion: 19:19 2020-05-19.
Training round 30 stats
Wins 0.52, Ties 0.00, Losses 0.47, Game Length 19.13 moves
Loss p1: 0.148823, Loss p2: 0.152078
Benchmark Stats Training Round 30
W: 0.83, T: 0.00 (versus random)
W: 0.00, T: 0.00 (versus left)
W: 0.71, T: 0.00 (versus lvl1)
W: 0.11, T: 0.02 (versus lvl2)
Training round 30 completed in 2 minutes and 10 seconds.
Expected completion: 19:13 2020-05-19.
Training round 31 stats
Wins 0.50, Ties 0.00, Losses 0.50, Game Length 18.59 moves
Loss p1: 0.152904, Loss p2: 0.161919
Benchmark Stats Training Round 31
W: 0.89, T: 0.00 (versus random)
W: 0.50, T: 0.00 (versus left)
W: 0.73, T: 0.00 (versus lvl1)
W: 0.16, T: 0.00 (versus lvl2)
Training round 31 completed in 2 minutes and 6 seconds.
Expected completion: 19:08 2020-05-19.
Training round 32 stats
Wins 0.50, Ties 0.00, Losses 0.50, Game Length 19.05 moves
Loss p1: 0.160999, Loss p2: 0.161339
Benchmark Stats Training Round 32
W: 0.82, T: 0.00 (versus random)
W: 0.00, T: 0.00 (versus left)
W: 0.69, T: 0.00 (versus lvl1)
W: 0.21, T: 0.01 (versus lvl2)
Training round 32 completed in 2 minutes and 18 seconds.
Expected completion: 19:22 2020-05-19.
Training round 33 stats
Wins 0.49, Ties 0.00, Losses 0.51, Game Length 19.14 moves
Loss p1: 0.156976, Loss p2: 0.158899
Benchmark Stats Training Round 33
W: 0.74, T: 0.01 (versus random)
W: 0.50, T: 0.00 (versus left)
W: 0.66, T: 0.00 (versus lvl1)
W: 0.17, T: 0.00 (versus lvl2)
Training round 33 completed in 2 minutes and 19 seconds.
Expected completion: 19:22 2020-05-19.
Training round 34 stats
Wins 0.52, Ties 0.00, Losses 0.48, Game Length 19.09 moves
Loss p1: 0.153945, Loss p2: 0.156137
Benchmark Stats Training Round 34
W: 0.87, T: 0.00 (versus random)
W: 0.50, T: 0.00 (versus left)
W: 0.72, T: 0.00 (versus lvl1)
W: 0.15, T: 0.01 (versus lvl2)
Training round 34 completed in 2 minutes and 17 seconds.
Expected completion: 19:21 2020-05-19.
Training round 35 stats
Wins 0.49, Ties 0.00, Losses 0.51, Game Length 18.92 moves
Loss p1: 0.160157, Loss p2: 0.159071
Benchmark Stats Training Round 35
W: 0.81, T: 0.01 (versus random)
W: 0.00, T: 0.00 (versus left)
W: 0.64, T: 0.00 (versus lvl1)
W: 0.19, T: 0.00 (versus lvl2)
Training round 35 completed in 2 minutes and 16 seconds.
Expected completion: 19:19 2020-05-19.
Training round 36 stats
Wins 0.52, Ties 0.01, Losses 0.48, Game Length 19.11 moves
Loss p1: 0.161443, Loss p2: 0.162769
Benchmark Stats Training Round 36
W: 0.84, T: 0.00 (versus random)
W: 0.50, T: 0.00 (versus left)
W: 0.65, T: 0.00 (versus lvl1)
W: 0.13, T: 0.00 (versus lvl2)
Training round 36 completed in 2 minutes and 16 seconds.
Expected completion: 19:20 2020-05-19.
Training round 37 stats
Wins 0.50, Ties 0.00, Losses 0.50, Game Length 18.87 moves
Loss p1: 0.159228, Loss p2: 0.162419
Benchmark Stats Training Round 37
W: 0.88, T: 0.00 (versus random)
W: 0.50, T: 0.00 (versus left)
W: 0.64, T: 0.00 (versus lvl1)
W: 0.15, T: 0.01 (versus lvl2)
Training round 37 completed in 2 minutes and 11 seconds.
Expected completion: 19:14 2020-05-19.
Training round 38 stats
Wins 0.51, Ties 0.00, Losses 0.49, Game Length 19.07 moves
Loss p1: 0.155572, Loss p2: 0.163718
Benchmark Stats Training Round 38
W: 0.91, T: 0.00 (versus random)
W: 0.50, T: 0.00 (versus left)
W: 0.69, T: 0.00 (versus lvl1)
W: 0.19, T: 0.02 (versus lvl2)
Training round 38 completed in 2 minutes and 19 seconds.
Expected completion: 19:22 2020-05-19.
Training round 39 stats
Wins 0.51, Ties 0.00, Losses 0.49, Game Length 19.05 moves
Loss p1: 0.158002, Loss p2: 0.161673
Benchmark Stats Training Round 39
W: 0.85, T: 0.00 (versus random)
W: 1.00, T: 0.00 (versus left)
W: 0.65, T: 0.00 (versus lvl1)
W: 0.23, T: 0.01 (versus lvl2)
Training round 39 completed in 2 minutes and 13 seconds.
Expected completion: 19:17 2020-05-19.
Training round 40 stats
Wins 0.49, Ties 0.00, Losses 0.50, Game Length 18.97 moves
Loss p1: 0.161370, Loss p2: 0.158261
Benchmark Stats Training Round 40
W: 0.80, T: 0.00 (versus random)
W: 0.50, T: 0.00 (versus left)
W: 0.61, T: 0.00 (versus lvl1)
W: 0.27, T: 0.00 (versus lvl2)
Training round 40 completed in 2 minutes and 8 seconds.
Expected completion: 19:11 2020-05-19.
Training round 41 stats
Wins 0.50, Ties 0.00, Losses 0.50, Game Length 19.16 moves
Loss p1: 0.164773, Loss p2: 0.158488
Benchmark Stats Training Round 41
W: 0.86, T: 0.00 (versus random)
W: 1.00, T: 0.00 (versus left)
W: 0.65, T: 0.00 (versus lvl1)
W: 0.23, T: 0.00 (versus lvl2)
Training round 41 completed in 2 minutes and 14 seconds.
Expected completion: 19:17 2020-05-19.
Training round 42 stats
Wins 0.49, Ties 0.00, Losses 0.51, Game Length 18.85 moves
Loss p1: 0.164551, Loss p2: 0.172328
Benchmark Stats Training Round 42
W: 0.82, T: 0.00 (versus random)
W: 0.50, T: 0.00 (versus left)
W: 0.64, T: 0.00 (versus lvl1)
W: 0.27, T: 0.00 (versus lvl2)
Training round 42 completed in 2 minutes and 16 seconds.
Expected completion: 19:19 2020-05-19.
Training round 43 stats
Wins 0.48, Ties 0.00, Losses 0.52, Game Length 19.02 moves
Loss p1: 0.167163, Loss p2: 0.166775
Benchmark Stats Training Round 43
W: 0.88, T: 0.00 (versus random)
W: 0.50, T: 0.00 (versus left)
W: 0.82, T: 0.00 (versus lvl1)
W: 0.20, T: 0.02 (versus lvl2)
Training round 43 completed in 2 minutes and 18 seconds.
Expected completion: 19:21 2020-05-19.
Training round 44 stats
Wins 0.48, Ties 0.00, Losses 0.52, Game Length 18.95 moves
Loss p1: 0.166436, Loss p2: 0.172602
Benchmark Stats Training Round 44
W: 0.86, T: 0.01 (versus random)
W: 0.00, T: 0.00 (versus left)
W: 0.74, T: 0.00 (versus lvl1)
W: 0.31, T: 0.00 (versus lvl2)
Training round 44 completed in 2 minutes and 12 seconds.
Expected completion: 19:15 2020-05-19.
Training round 45 stats
Wins 0.51, Ties 0.00, Losses 0.49, Game Length 18.91 moves
Loss p1: 0.170347, Loss p2: 0.175458
Benchmark Stats Training Round 45
W: 0.89, T: 0.00 (versus random)
W: 0.00, T: 0.00 (versus left)
W: 0.74, T: 0.00 (versus lvl1)
W: 0.17, T: 0.00 (versus lvl2)
Training round 45 completed in 2 minutes and 15 seconds.
Expected completion: 19:19 2020-05-19.
Training round 46 stats
Wins 0.50, Ties 0.01, Losses 0.49, Game Length 18.93 moves
Loss p1: 0.167398, Loss p2: 0.163036
Benchmark Stats Training Round 46
W: 0.82, T: 0.00 (versus random)
W: 0.50, T: 0.00 (versus left)
W: 0.71, T: 0.00 (versus lvl1)
W: 0.36, T: 0.00 (versus lvl2)
Training round 46 completed in 2 minutes and 10 seconds.
Expected completion: 19:14 2020-05-19.
Training round 47 stats
Wins 0.49, Ties 0.00, Losses 0.51, Game Length 19.00 moves
Loss p1: 0.166841, Loss p2: 0.163797
Benchmark Stats Training Round 47
W: 0.90, T: 0.00 (versus random)
W: 0.00, T: 0.00 (versus left)
W: 0.75, T: 0.00 (versus lvl1)
W: 0.33, T: 0.00 (versus lvl2)
Training round 47 completed in 2 minutes and 17 seconds.
Expected completion: 19:20 2020-05-19.
Training round 48 stats
Wins 0.52, Ties 0.00, Losses 0.48, Game Length 19.12 moves
Loss p1: 0.169123, Loss p2: 0.178723
Benchmark Stats Training Round 48
W: 0.86, T: 0.00 (versus random)
W: 0.00, T: 0.00 (versus left)
W: 0.69, T: 0.00 (versus lvl1)
W: 0.31, T: 0.02 (versus lvl2)
Training round 48 completed in 2 minutes and 18 seconds.
Expected completion: 19:21 2020-05-19.
Training round 49 stats
Wins 0.50, Ties 0.00, Losses 0.50, Game Length 19.17 moves
Loss p1: 0.172682, Loss p2: 0.177164
Benchmark Stats Training Round 49
W: 0.85, T: 0.00 (versus random)
W: 0.50, T: 0.00 (versus left)
W: 0.75, T: 0.00 (versus lvl1)
W: 0.31, T: 0.02 (versus lvl2)
Training round 49 completed in 2 minutes and 12 seconds.
Expected completion: 19:16 2020-05-19.
Training round 50 stats
Wins 0.50, Ties 0.00, Losses 0.50, Game Length 19.00 moves
Loss p1: 0.177302, Loss p2: 0.170978
Benchmark Stats Training Round 50
W: 0.88, T: 0.00 (versus random)
W: 0.50, T: 0.00 (versus left)
W: 0.71, T: 0.00 (versus lvl1)
W: 0.26, T: 0.01 (versus lvl2)
Training round 50 completed in 2 minutes and 15 seconds.
Expected completion: 19:18 2020-05-19.
Training round 51 stats
Wins 0.52, Ties 0.00, Losses 0.48, Game Length 19.09 moves
Loss p1: 0.169819, Loss p2: 0.175554
Benchmark Stats Training Round 51
W: 0.90, T: 0.00 (versus random)
W: 0.50, T: 0.00 (versus left)
W: 0.89, T: 0.00 (versus lvl1)
W: 0.47, T: 0.01 (versus lvl2)
Training round 51 completed in 2 minutes and 11 seconds.
Expected completion: 19:15 2020-05-19.
Training round 52 stats
Wins 0.49, Ties 0.00, Losses 0.50, Game Length 18.62 moves
Loss p1: 0.180337, Loss p2: 0.172177
Benchmark Stats Training Round 52
W: 0.88, T: 0.00 (versus random)
W: 0.50, T: 0.00 (versus left)
W: 0.74, T: 0.00 (versus lvl1)
W: 0.31, T: 0.00 (versus lvl2)
Training round 52 completed in 2 minutes and 4 seconds.
Expected completion: 19:09 2020-05-19.
Training round 53 stats
Wins 0.49, Ties 0.00, Losses 0.50, Game Length 18.87 moves
Loss p1: 0.176603, Loss p2: 0.172483
Benchmark Stats Training Round 53
W: 0.85, T: 0.00 (versus random)
W: 1.00, T: 0.00 (versus left)
W: 0.58, T: 0.00 (versus lvl1)
W: 0.27, T: 0.02 (versus lvl2)
Training round 53 completed in 2 minutes and 13 seconds.
Expected completion: 19:16 2020-05-19.
Training round 54 stats
Wins 0.51, Ties 0.00, Losses 0.49, Game Length 19.19 moves
Loss p1: 0.169790, Loss p2: 0.171327
Benchmark Stats Training Round 54
W: 0.90, T: 0.00 (versus random)
W: 0.00, T: 0.00 (versus left)
W: 0.78, T: 0.00 (versus lvl1)
W: 0.27, T: 0.01 (versus lvl2)
Training round 54 completed in 2 minutes and 13 seconds.
Expected completion: 19:16 2020-05-19.
Training round 55 stats
Wins 0.48, Ties 0.00, Losses 0.51, Game Length 19.23 moves
Loss p1: 0.176311, Loss p2: 0.174031
Benchmark Stats Training Round 55
W: 0.77, T: 0.00 (versus random)
W: 0.00, T: 0.00 (versus left)
W: 0.63, T: 0.00 (versus lvl1)
W: 0.18, T: 0.00 (versus lvl2)
Training round 55 completed in 2 minutes and 10 seconds.
Expected completion: 19:14 2020-05-19.
Training round 56 stats
Wins 0.48, Ties 0.00, Losses 0.52, Game Length 18.83 moves
Loss p1: 0.185620, Loss p2: 0.176637
Benchmark Stats Training Round 56
W: 0.90, T: 0.00 (versus random)
W: 0.50, T: 0.00 (versus left)
W: 0.68, T: 0.00 (versus lvl1)
W: 0.34, T: 0.00 (versus lvl2)
Training round 56 completed in 2 minutes and 5 seconds.
Expected completion: 19:10 2020-05-19.
Training round 57 stats
Wins 0.46, Ties 0.00, Losses 0.54, Game Length 18.43 moves
Loss p1: 0.179505, Loss p2: 0.172106
Benchmark Stats Training Round 57
W: 0.93, T: 0.00 (versus random)
W: 0.50, T: 0.00 (versus left)
W: 0.75, T: 0.00 (versus lvl1)
W: 0.33, T: 0.02 (versus lvl2)
Training round 57 completed in 2 minutes and 14 seconds.
Expected completion: 19:17 2020-05-19.
Training round 58 stats
Wins 0.52, Ties 0.00, Losses 0.48, Game Length 18.64 moves
Loss p1: 0.179494, Loss p2: 0.176763
Benchmark Stats Training Round 58
W: 0.86, T: 0.01 (versus random)
W: 0.00, T: 0.00 (versus left)
W: 0.77, T: 0.00 (versus lvl1)
W: 0.20, T: 0.01 (versus lvl2)
Training round 58 completed in 2 minutes and 10 seconds.
Expected completion: 19:14 2020-05-19.
Training round 59 stats
Wins 0.51, Ties 0.00, Losses 0.48, Game Length 18.91 moves
Loss p1: 0.182658, Loss p2: 0.181738
Benchmark Stats Training Round 59
W: 0.83, T: 0.00 (versus random)
W: 0.50, T: 0.00 (versus left)
W: 0.68, T: 0.00 (versus lvl1)
W: 0.20, T: 0.01 (versus lvl2)
Training round 59 completed in 2 minutes and 9 seconds.
Expected completion: 19:13 2020-05-19.
Training round 60 stats
Wins 0.50, Ties 0.00, Losses 0.50, Game Length 18.46 moves
Loss p1: 0.183842, Loss p2: 0.177599
Benchmark Stats Training Round 60
W: 0.92, T: 0.00 (versus random)
W: 0.50, T: 0.00 (versus left)
W: 0.84, T: 0.00 (versus lvl1)
W: 0.30, T: 0.00 (versus lvl2)
Training round 60 completed in 2 minutes and 8 seconds.
Expected completion: 19:12 2020-05-19.
Training round 61 stats
Wins 0.53, Ties 0.00, Losses 0.46, Game Length 19.35 moves
Loss p1: 0.184057, Loss p2: 0.185919
Benchmark Stats Training Round 61
W: 0.85, T: 0.00 (versus random)
W: 0.50, T: 0.00 (versus left)
W: 0.72, T: 0.00 (versus lvl1)
W: 0.26, T: 0.00 (versus lvl2)
Training round 61 completed in 2 minutes and 10 seconds.
Expected completion: 19:14 2020-05-19.
Training round 62 stats
Wins 0.51, Ties 0.00, Losses 0.49, Game Length 18.87 moves
Loss p1: 0.178668, Loss p2: 0.181654
Benchmark Stats Training Round 62
W: 0.85, T: 0.00 (versus random)
W: 0.00, T: 0.00 (versus left)
W: 0.70, T: 0.00 (versus lvl1)
W: 0.26, T: 0.01 (versus lvl2)
Training round 62 completed in 2 minutes and 14 seconds.
Expected completion: 19:17 2020-05-19.
Training round 63 stats
Wins 0.48, Ties 0.00, Losses 0.52, Game Length 19.15 moves
Loss p1: 0.185326, Loss p2: 0.180500
Benchmark Stats Training Round 63
W: 0.97, T: 0.00 (versus random)
W: 0.50, T: 0.00 (versus left)
W: 0.84, T: 0.00 (versus lvl1)
W: 0.33, T: 0.00 (versus lvl2)
Training round 63 completed in 2 minutes and 6 seconds.
Expected completion: 19:12 2020-05-19.
Training round 64 stats
Wins 0.50, Ties 0.00, Losses 0.49, Game Length 19.23 moves
Loss p1: 0.181726, Loss p2: 0.175573
Benchmark Stats Training Round 64
W: 0.94, T: 0.00 (versus random)
W: 0.50, T: 0.00 (versus left)
W: 0.92, T: 0.00 (versus lvl1)
W: 0.40, T: 0.00 (versus lvl2)
Training round 64 completed in 2 minutes and 11 seconds.
Expected completion: 19:15 2020-05-19.
Training round 65 stats
Wins 0.50, Ties 0.00, Losses 0.50, Game Length 19.11 moves
Loss p1: 0.174787, Loss p2: 0.186223
Benchmark Stats Training Round 65
W: 0.85, T: 0.00 (versus random)
W: 0.00, T: 0.00 (versus left)
W: 0.77, T: 0.00 (versus lvl1)
W: 0.42, T: 0.01 (versus lvl2)
Training round 65 completed in 2 minutes and 8 seconds.
Expected completion: 19:13 2020-05-19.
Training round 66 stats
Wins 0.50, Ties 0.00, Losses 0.50, Game Length 19.08 moves
Loss p1: 0.185896, Loss p2: 0.187503
Benchmark Stats Training Round 66
W: 0.96, T: 0.00 (versus random)
W: 0.50, T: 0.00 (versus left)
W: 0.72, T: 0.00 (versus lvl1)
W: 0.29, T: 0.00 (versus lvl2)
Training round 66 completed in 2 minutes and 7 seconds.
Expected completion: 19:13 2020-05-19.
Training round 67 stats
Wins 0.48, Ties 0.00, Losses 0.51, Game Length 18.88 moves
Loss p1: 0.177672, Loss p2: 0.181237
Benchmark Stats Training Round 67
W: 0.77, T: 0.00 (versus random)
W: 0.50, T: 0.00 (versus left)
W: 0.61, T: 0.00 (versus lvl1)
W: 0.25, T: 0.00 (versus lvl2)
Training round 67 completed in 2 minutes and 11 seconds.
Expected completion: 19:14 2020-05-19.
Training round 68 stats
Wins 0.50, Ties 0.00, Losses 0.49, Game Length 18.66 moves
Loss p1: 0.183793, Loss p2: 0.188035
Benchmark Stats Training Round 68
W: 0.71, T: 0.00 (versus random)
W: 0.50, T: 0.00 (versus left)
W: 0.60, T: 0.00 (versus lvl1)
W: 0.15, T: 0.00 (versus lvl2)
Training round 68 completed in 2 minutes and 11 seconds.
Expected completion: 19:15 2020-05-19.
Training round 69 stats
Wins 0.52, Ties 0.00, Losses 0.48, Game Length 18.58 moves
Loss p1: 0.181022, Loss p2: 0.189287
Benchmark Stats Training Round 69
W: 0.90, T: 0.00 (versus random)
W: 0.50, T: 0.00 (versus left)
W: 0.66, T: 0.00 (versus lvl1)
W: 0.20, T: 0.00 (versus lvl2)
Training round 69 completed in 2 minutes and 13 seconds.
Expected completion: 19:16 2020-05-19.
Training round 70 stats
Wins 0.50, Ties 0.00, Losses 0.50, Game Length 18.84 moves
Loss p1: 0.186763, Loss p2: 0.189480
Benchmark Stats Training Round 70
W: 0.92, T: 0.00 (versus random)
W: 0.50, T: 0.00 (versus left)
W: 0.78, T: 0.00 (versus lvl1)
W: 0.23, T: 0.01 (versus lvl2)
Training round 70 completed in 2 minutes and 3 seconds.
Expected completion: 19:11 2020-05-19.
Training round 71 stats
Wins 0.50, Ties 0.00, Losses 0.50, Game Length 19.24 moves
Loss p1: 0.187905, Loss p2: 0.189440
Benchmark Stats Training Round 71
W: 0.87, T: 0.00 (versus random)
W: 0.50, T: 0.00 (versus left)
W: 0.64, T: 0.00 (versus lvl1)
W: 0.22, T: 0.00 (versus lvl2)
Training round 71 completed in 2 minutes and 22 seconds.
Expected completion: 19:20 2020-05-19.
Training round 72 stats
Wins 0.51, Ties 0.00, Losses 0.49, Game Length 18.97 moves
Loss p1: 0.188197, Loss p2: 0.198516
Benchmark Stats Training Round 72
W: 0.94, T: 0.00 (versus random)
W: 0.50, T: 0.00 (versus left)
W: 0.80, T: 0.00 (versus lvl1)
W: 0.34, T: 0.01 (versus lvl2)
Training round 72 completed in 2 minutes and 5 seconds.
Expected completion: 19:12 2020-05-19.
Training round 73 stats
Wins 0.49, Ties 0.00, Losses 0.51, Game Length 19.06 moves
Loss p1: 0.185866, Loss p2: 0.197923
Benchmark Stats Training Round 73
W: 0.87, T: 0.00 (versus random)
W: 0.50, T: 0.00 (versus left)
W: 0.73, T: 0.00 (versus lvl1)
W: 0.33, T: 0.02 (versus lvl2)
Training round 73 completed in 2 minutes and 17 seconds.
Expected completion: 19:17 2020-05-19.
Training round 74 stats
Wins 0.49, Ties 0.00, Losses 0.50, Game Length 18.75 moves
Loss p1: 0.186527, Loss p2: 0.196868
Benchmark Stats Training Round 74
W: 0.83, T: 0.01 (versus random)
W: 0.00, T: 0.00 (versus left)
W: 0.69, T: 0.00 (versus lvl1)
W: 0.14, T: 0.00 (versus lvl2)
Training round 74 completed in 2 minutes and 14 seconds.
Expected completion: 19:16 2020-05-19.
Training round 75 stats
Wins 0.49, Ties 0.00, Losses 0.51, Game Length 18.73 moves
Loss p1: 0.189755, Loss p2: 0.194160
Benchmark Stats Training Round 75
W: 0.89, T: 0.00 (versus random)
W: 0.50, T: 0.00 (versus left)
W: 0.71, T: 0.00 (versus lvl1)
W: 0.25, T: 0.01 (versus lvl2)
Training round 75 completed in 2 minutes and 10 seconds.
Expected completion: 19:14 2020-05-19.
Training round 76 stats
Wins 0.51, Ties 0.00, Losses 0.49, Game Length 19.01 moves
Loss p1: 0.181866, Loss p2: 0.183767
Benchmark Stats Training Round 76
W: 0.89, T: 0.00 (versus random)
W: 0.00, T: 0.00 (versus left)
W: 0.70, T: 0.00 (versus lvl1)
W: 0.31, T: 0.00 (versus lvl2)
Training round 76 completed in 2 minutes and 10 seconds.
Expected completion: 19:14 2020-05-19.
Training round 77 stats
Wins 0.48, Ties 0.00, Losses 0.52, Game Length 19.01 moves
Loss p1: 0.191994, Loss p2: 0.193375
Benchmark Stats Training Round 77
W: 0.78, T: 0.00 (versus random)
W: 0.00, T: 0.00 (versus left)
W: 0.62, T: 0.00 (versus lvl1)
W: 0.24, T: 0.00 (versus lvl2)
Training round 77 completed in 2 minutes and 20 seconds.
Expected completion: 19:18 2020-05-19.
Training round 78 stats
Wins 0.51, Ties 0.00, Losses 0.49, Game Length 18.53 moves
Loss p1: 0.206615, Loss p2: 0.204154
Benchmark Stats Training Round 78
W: 0.92, T: 0.00 (versus random)
W: 0.00, T: 0.00 (versus left)
W: 0.88, T: 0.00 (versus lvl1)
W: 0.20, T: 0.00 (versus lvl2)
Training round 78 completed in 2 minutes and 12 seconds.
Expected completion: 19:15 2020-05-19.
Training round 79 stats
Wins 0.48, Ties 0.00, Losses 0.52, Game Length 18.89 moves
Loss p1: 0.200352, Loss p2: 0.186957
Benchmark Stats Training Round 79
W: 0.94, T: 0.00 (versus random)
W: 0.50, T: 0.00 (versus left)
W: 0.80, T: 0.00 (versus lvl1)
W: 0.28, T: 0.00 (versus lvl2)
Training round 79 completed in 2 minutes and 9 seconds.
Expected completion: 19:14 2020-05-19.
Training round 80 stats
Wins 0.50, Ties 0.00, Losses 0.50, Game Length 18.65 moves
Loss p1: 0.207681, Loss p2: 0.187430
Benchmark Stats Training Round 80
W: 0.85, T: 0.00 (versus random)
W: 0.00, T: 0.00 (versus left)
W: 0.61, T: 0.00 (versus lvl1)
W: 0.18, T: 0.00 (versus lvl2)
Training round 80 completed in 2 minutes and 13 seconds.
Expected completion: 19:15 2020-05-19.
Training round 81 stats
Wins 0.50, Ties 0.00, Losses 0.50, Game Length 19.02 moves
Loss p1: 0.202496, Loss p2: 0.200525
Benchmark Stats Training Round 81
W: 0.87, T: 0.00 (versus random)
W: 0.00, T: 0.00 (versus left)
W: 0.67, T: 0.00 (versus lvl1)
W: 0.27, T: 0.00 (versus lvl2)
Training round 81 completed in 2 minutes and 7 seconds.
Expected completion: 19:13 2020-05-19.
Training round 82 stats
Wins 0.49, Ties 0.00, Losses 0.51, Game Length 18.84 moves
Loss p1: 0.195622, Loss p2: 0.200436
Benchmark Stats Training Round 82
W: 0.85, T: 0.00 (versus random)
W: 0.50, T: 0.00 (versus left)
W: 0.77, T: 0.00 (versus lvl1)
W: 0.19, T: 0.00 (versus lvl2)
Training round 82 completed in 2 minutes and 20 seconds.
Expected completion: 19:18 2020-05-19.
Training round 83 stats
Wins 0.50, Ties 0.00, Losses 0.50, Game Length 19.36 moves
Loss p1: 0.206369, Loss p2: 0.199491
Benchmark Stats Training Round 83
W: 0.88, T: 0.00 (versus random)
W: 0.50, T: 0.00 (versus left)
W: 0.73, T: 0.00 (versus lvl1)
W: 0.24, T: 0.00 (versus lvl2)
Training round 83 completed in 2 minutes and 24 seconds.
Expected completion: 19:19 2020-05-19.
Training round 84 stats
Wins 0.50, Ties 0.00, Losses 0.50, Game Length 18.61 moves
Loss p1: 0.210832, Loss p2: 0.195020
Benchmark Stats Training Round 84
W: 0.82, T: 0.00 (versus random)
W: 0.50, T: 0.00 (versus left)
W: 0.67, T: 0.00 (versus lvl1)
W: 0.25, T: 0.02 (versus lvl2)
Training round 84 completed in 2 minutes and 8 seconds.
Expected completion: 19:14 2020-05-19.
Training round 85 stats
Wins 0.47, Ties 0.00, Losses 0.53, Game Length 19.00 moves
Loss p1: 0.193595, Loss p2: 0.196441
Benchmark Stats Training Round 85
W: 0.84, T: 0.00 (versus random)
W: 0.50, T: 0.00 (versus left)
W: 0.77, T: 0.00 (versus lvl1)
W: 0.27, T: 0.00 (versus lvl2)
Training round 85 completed in 2 minutes and 11 seconds.
Expected completion: 19:15 2020-05-19.
Training round 86 stats
Wins 0.52, Ties 0.00, Losses 0.48, Game Length 19.01 moves
Loss p1: 0.198579, Loss p2: 0.201163
Benchmark Stats Training Round 86
W: 0.96, T: 0.00 (versus random)
W: 0.50, T: 0.00 (versus left)
W: 0.76, T: 0.00 (versus lvl1)
W: 0.23, T: 0.00 (versus lvl2)
Training round 86 completed in 2 minutes and 13 seconds.
Expected completion: 19:16 2020-05-19.
Training round 87 stats
Wins 0.55, Ties 0.00, Losses 0.45, Game Length 18.82 moves
Loss p1: 0.205044, Loss p2: 0.198398
Benchmark Stats Training Round 87
W: 0.91, T: 0.00 (versus random)
W: 0.50, T: 0.00 (versus left)
W: 0.77, T: 0.00 (versus lvl1)
W: 0.30, T: 0.00 (versus lvl2)
Training round 87 completed in 2 minutes and 6 seconds.
Expected completion: 19:14 2020-05-19.
Training round 88 stats
Wins 0.50, Ties 0.00, Losses 0.50, Game Length 18.89 moves
Loss p1: 0.204896, Loss p2: 0.206023
Benchmark Stats Training Round 88
W: 0.89, T: 0.00 (versus random)
W: 0.50, T: 0.00 (versus left)
W: 0.79, T: 0.00 (versus lvl1)
W: 0.33, T: 0.01 (versus lvl2)
Training round 88 completed in 2 minutes and 13 seconds.
Expected completion: 19:15 2020-05-19.
Training round 89 stats
Wins 0.52, Ties 0.00, Losses 0.48, Game Length 19.13 moves
Loss p1: 0.206910, Loss p2: 0.193940
Benchmark Stats Training Round 89
W: 0.80, T: 0.00 (versus random)
W: 0.00, T: 0.00 (versus left)
W: 0.68, T: 0.00 (versus lvl1)
W: 0.26, T: 0.01 (versus lvl2)
Training round 89 completed in 2 minutes and 23 seconds.
Expected completion: 19:18 2020-05-19.
Training round 90 stats
Wins 0.51, Ties 0.00, Losses 0.49, Game Length 18.74 moves
Loss p1: 0.212648, Loss p2: 0.197203
Benchmark Stats Training Round 90
W: 0.85, T: 0.00 (versus random)
W: 0.50, T: 0.00 (versus left)
W: 0.80, T: 0.00 (versus lvl1)
W: 0.25, T: 0.00 (versus lvl2)
Training round 90 completed in 2 minutes and 15 seconds.
Expected completion: 19:16 2020-05-19.
Training round 91 stats
Wins 0.53, Ties 0.00, Losses 0.47, Game Length 18.57 moves
Loss p1: 0.214974, Loss p2: 0.202054
Benchmark Stats Training Round 91
W: 0.91, T: 0.00 (versus random)
W: 0.50, T: 0.00 (versus left)
W: 0.90, T: 0.00 (versus lvl1)
W: 0.48, T: 0.00 (versus lvl2)
Training round 91 completed in 2 minutes and 5 seconds.
Expected completion: 19:14 2020-05-19.
Training round 92 stats
Wins 0.53, Ties 0.00, Losses 0.47, Game Length 18.63 moves
Loss p1: 0.205329, Loss p2: 0.202827
Benchmark Stats Training Round 92
W: 0.89, T: 0.00 (versus random)
W: 0.00, T: 0.00 (versus left)
W: 0.74, T: 0.00 (versus lvl1)
W: 0.23, T: 0.00 (versus lvl2)
Training round 92 completed in 2 minutes and 4 seconds.
Expected completion: 19:14 2020-05-19.
Training round 93 stats
Wins 0.51, Ties 0.00, Losses 0.49, Game Length 18.93 moves
Loss p1: 0.210413, Loss p2: 0.206852
Benchmark Stats Training Round 93
W: 0.85, T: 0.00 (versus random)
W: 0.50, T: 0.00 (versus left)
W: 0.63, T: 0.00 (versus lvl1)
W: 0.22, T: 0.00 (versus lvl2)
Training round 93 completed in 2 minutes and 18 seconds.
Expected completion: 19:16 2020-05-19.
Training round 94 stats
Wins 0.49, Ties 0.00, Losses 0.51, Game Length 18.98 moves
Loss p1: 0.214219, Loss p2: 0.207031
Benchmark Stats Training Round 94
W: 0.82, T: 0.00 (versus random)
W: 0.50, T: 0.00 (versus left)
W: 0.66, T: 0.00 (versus lvl1)
W: 0.31, T: 0.00 (versus lvl2)
Training round 94 completed in 2 minutes and 13 seconds.
Expected completion: 19:15 2020-05-19.
Training round 95 stats
Wins 0.49, Ties 0.00, Losses 0.51, Game Length 19.03 moves
Loss p1: 0.206985, Loss p2: 0.205557
Benchmark Stats Training Round 95
W: 0.93, T: 0.00 (versus random)
W: 0.50, T: 0.00 (versus left)
W: 0.83, T: 0.00 (versus lvl1)
W: 0.37, T: 0.01 (versus lvl2)
Training round 95 completed in 2 minutes and 10 seconds.
Expected completion: 19:15 2020-05-19.
Training round 96 stats
Wins 0.51, Ties 0.01, Losses 0.48, Game Length 19.14 moves
Loss p1: 0.210451, Loss p2: 0.211895
Benchmark Stats Training Round 96
W: 0.91, T: 0.00 (versus random)
W: 0.50, T: 0.00 (versus left)
W: 0.73, T: 0.00 (versus lvl1)
W: 0.35, T: 0.00 (versus lvl2)
Training round 96 completed in 2 minutes and 14 seconds.
Expected completion: 19:16 2020-05-19.
Training round 97 stats
Wins 0.49, Ties 0.00, Losses 0.51, Game Length 18.41 moves
Loss p1: 0.213475, Loss p2: 0.220965
Benchmark Stats Training Round 97
W: 0.94, T: 0.00 (versus random)
W: 0.50, T: 0.00 (versus left)
W: 0.78, T: 0.00 (versus lvl1)
W: 0.23, T: 0.01 (versus lvl2)
Training round 97 completed in 2 minutes and 15 seconds.
Expected completion: 19:16 2020-05-19.
Training round 98 stats
Wins 0.52, Ties 0.00, Losses 0.48, Game Length 18.65 moves
Loss p1: 0.210926, Loss p2: 0.209150
Benchmark Stats Training Round 98
W: 0.86, T: 0.00 (versus random)
W: 0.50, T: 0.00 (versus left)
W: 0.79, T: 0.00 (versus lvl1)
W: 0.33, T: 0.00 (versus lvl2)
Training round 98 completed in 2 minutes and 7 seconds.
Expected completion: 19:15 2020-05-19.
Training round 99 stats
Wins 0.52, Ties 0.00, Losses 0.48, Game Length 19.40 moves
Loss p1: 0.206092, Loss p2: 0.200408
Benchmark Stats Training Round 99
W: 0.81, T: 0.00 (versus random)
W: 0.50, T: 0.00 (versus left)
W: 0.65, T: 0.00 (versus lvl1)
W: 0.22, T: 0.00 (versus lvl2)
Training round 99 completed in 2 minutes and 9 seconds.
Expected completion: 19:15 2020-05-19.
Training round 100 stats
Wins 0.50, Ties 0.01, Losses 0.49, Game Length 18.65 moves
Loss p1: 0.214294, Loss p2: 0.207607
Benchmark Stats Training Round 100
W: 0.88, T: 0.00 (versus random)
W: 0.50, T: 0.00 (versus left)
W: 0.80, T: 0.00 (versus lvl1)
W: 0.28, T: 0.00 (versus lvl2)
Training round 100 completed in 2 minutes and 13 seconds.
Expected completion: 19:15 2020-05-19.
