Training Neural Net on Connect 4
  self_play_batch_size: 1000
  benchmark_batch_size: 100
  training_rounds: 100
  memory_size: 1000
  network: C
  exploration: cte
  loss: MSE
  encoding: integer
  optimizer: Adam
  experience: yes

Benchmark Stats Training Round 0
W: 0.53, T: 0.00 (versus random)
W: 0.00, T: 0.00 (versus left)
W: 0.30, T: 0.00 (versus lvl1)
W: 0.08, T: 0.01 (versus lvl2)
Training round 1 stats
Wins 0.48, Ties 0.00, Losses 0.52, Game Length 19.58 moves
Loss p1: 0.153056, Loss p2: 0.159914
Benchmark Stats Training Round 1
W: 0.72, T: 0.00 (versus random)
W: 0.50, T: 0.00 (versus left)
W: 0.58, T: 0.00 (versus lvl1)
W: 0.21, T: 0.01 (versus lvl2)
Training round 1 completed in 2 minutes and 54 seconds.
Expected completion: 20:20 2020-05-19.
Training round 2 stats
Wins 0.54, Ties 0.00, Losses 0.46, Game Length 19.13 moves
Loss p1: 0.127039, Loss p2: 0.132957
Benchmark Stats Training Round 2
W: 0.78, T: 0.00 (versus random)
W: 0.00, T: 0.00 (versus left)
W: 0.54, T: 0.00 (versus lvl1)
W: 0.28, T: 0.00 (versus lvl2)
Training round 2 completed in 2 minutes and 5 seconds.
Expected completion: 18:59 2020-05-19.
Training round 3 stats
Wins 0.51, Ties 0.00, Losses 0.49, Game Length 19.24 moves
Loss p1: 0.124094, Loss p2: 0.127105
Benchmark Stats Training Round 3
W: 0.89, T: 0.01 (versus random)
W: 0.00, T: 0.00 (versus left)
W: 0.67, T: 0.00 (versus lvl1)
W: 0.18, T: 0.01 (versus lvl2)
Training round 3 completed in 2 minutes and 12 seconds.
Expected completion: 19:11 2020-05-19.
Training round 4 stats
Wins 0.51, Ties 0.00, Losses 0.49, Game Length 18.75 moves
Loss p1: 0.124786, Loss p2: 0.124300
Benchmark Stats Training Round 4
W: 0.81, T: 0.00 (versus random)
W: 0.50, T: 0.00 (versus left)
W: 0.72, T: 0.00 (versus lvl1)
W: 0.18, T: 0.00 (versus lvl2)
Training round 4 completed in 2 minutes and 9 seconds.
Expected completion: 19:06 2020-05-19.
Training round 5 stats
Wins 0.47, Ties 0.00, Losses 0.52, Game Length 19.30 moves
Loss p1: 0.122432, Loss p2: 0.119783
Benchmark Stats Training Round 5
W: 0.80, T: 0.00 (versus random)
W: 0.50, T: 0.00 (versus left)
W: 0.63, T: 0.00 (versus lvl1)
W: 0.17, T: 0.01 (versus lvl2)
Training round 5 completed in 2 minutes and 18 seconds.
Expected completion: 19:19 2020-05-19.
Training round 6 stats
Wins 0.50, Ties 0.00, Losses 0.50, Game Length 19.00 moves
Loss p1: 0.126125, Loss p2: 0.125760
Benchmark Stats Training Round 6
W: 0.86, T: 0.00 (versus random)
W: 0.50, T: 0.00 (versus left)
W: 0.74, T: 0.00 (versus lvl1)
W: 0.39, T: 0.00 (versus lvl2)
Training round 6 completed in 2 minutes and 13 seconds.
Expected completion: 19:12 2020-05-19.
Training round 7 stats
Wins 0.48, Ties 0.00, Losses 0.51, Game Length 19.13 moves
Loss p1: 0.128706, Loss p2: 0.128189
Benchmark Stats Training Round 7
W: 0.83, T: 0.00 (versus random)
W: 1.00, T: 0.00 (versus left)
W: 0.62, T: 0.00 (versus lvl1)
W: 0.18, T: 0.01 (versus lvl2)
Training round 7 completed in 2 minutes and 11 seconds.
Expected completion: 19:09 2020-05-19.
Training round 8 stats
Wins 0.50, Ties 0.00, Losses 0.50, Game Length 19.08 moves
Loss p1: 0.125834, Loss p2: 0.123297
Benchmark Stats Training Round 8
W: 0.88, T: 0.00 (versus random)
W: 1.00, T: 0.00 (versus left)
W: 0.80, T: 0.00 (versus lvl1)
W: 0.23, T: 0.00 (versus lvl2)
Training round 8 completed in 2 minutes and 7 seconds.
Expected completion: 19:03 2020-05-19.
Training round 9 stats
Wins 0.51, Ties 0.00, Losses 0.49, Game Length 19.28 moves
Loss p1: 0.125015, Loss p2: 0.124186
Benchmark Stats Training Round 9
W: 0.75, T: 0.00 (versus random)
W: 0.00, T: 0.00 (versus left)
W: 0.70, T: 0.00 (versus lvl1)
W: 0.15, T: 0.01 (versus lvl2)
Training round 9 completed in 2 minutes and 11 seconds.
Expected completion: 19:09 2020-05-19.
Training round 10 stats
Wins 0.50, Ties 0.00, Losses 0.49, Game Length 18.92 moves
Loss p1: 0.122289, Loss p2: 0.122440
Benchmark Stats Training Round 10
W: 0.89, T: 0.00 (versus random)
W: 0.00, T: 0.00 (versus left)
W: 0.81, T: 0.00 (versus lvl1)
W: 0.15, T: 0.01 (versus lvl2)
Training round 10 completed in 2 minutes and 14 seconds.
Expected completion: 19:13 2020-05-19.
Training round 11 stats
Wins 0.49, Ties 0.00, Losses 0.51, Game Length 19.42 moves
Loss p1: 0.125757, Loss p2: 0.131344
Benchmark Stats Training Round 11
W: 0.83, T: 0.00 (versus random)
W: 0.50, T: 0.00 (versus left)
W: 0.57, T: 0.00 (versus lvl1)
W: 0.18, T: 0.00 (versus lvl2)
Training round 11 completed in 2 minutes and 13 seconds.
Expected completion: 19:12 2020-05-19.
Training round 12 stats
Wins 0.51, Ties 0.00, Losses 0.49, Game Length 18.67 moves
Loss p1: 0.133486, Loss p2: 0.136011
Benchmark Stats Training Round 12
W: 0.85, T: 0.00 (versus random)
W: 1.00, T: 0.00 (versus left)
W: 0.73, T: 0.00 (versus lvl1)
W: 0.27, T: 0.02 (versus lvl2)
Training round 12 completed in 2 minutes and 15 seconds.
Expected completion: 19:14 2020-05-19.
Training round 13 stats
Wins 0.51, Ties 0.00, Losses 0.49, Game Length 18.84 moves
Loss p1: 0.129977, Loss p2: 0.127818
Benchmark Stats Training Round 13
W: 0.89, T: 0.01 (versus random)
W: 0.50, T: 0.00 (versus left)
W: 0.72, T: 0.00 (versus lvl1)
W: 0.40, T: 0.00 (versus lvl2)
Training round 13 completed in 2 minutes and 5 seconds.
Expected completion: 19:00 2020-05-19.
Training round 14 stats
Wins 0.47, Ties 0.00, Losses 0.52, Game Length 19.42 moves
Loss p1: 0.129118, Loss p2: 0.127159
Benchmark Stats Training Round 14
W: 0.92, T: 0.00 (versus random)
W: 0.50, T: 0.00 (versus left)
W: 0.80, T: 0.00 (versus lvl1)
W: 0.28, T: 0.00 (versus lvl2)
Training round 14 completed in 2 minutes and 18 seconds.
Expected completion: 19:19 2020-05-19.
Training round 15 stats
Wins 0.51, Ties 0.01, Losses 0.49, Game Length 18.90 moves
Loss p1: 0.131642, Loss p2: 0.130223
Benchmark Stats Training Round 15
W: 0.77, T: 0.00 (versus random)
W: 0.50, T: 0.00 (versus left)
W: 0.66, T: 0.00 (versus lvl1)
W: 0.07, T: 0.00 (versus lvl2)
Training round 15 completed in 2 minutes and 4 seconds.
Expected completion: 19:00 2020-05-19.
Training round 16 stats
Wins 0.52, Ties 0.00, Losses 0.48, Game Length 18.96 moves
Loss p1: 0.137653, Loss p2: 0.133579
Benchmark Stats Training Round 16
W: 0.79, T: 0.00 (versus random)
W: 0.00, T: 0.00 (versus left)
W: 0.67, T: 0.00 (versus lvl1)
W: 0.23, T: 0.00 (versus lvl2)
Training round 16 completed in 2 minutes and 9 seconds.
Expected completion: 19:07 2020-05-19.
Training round 17 stats
Wins 0.49, Ties 0.00, Losses 0.51, Game Length 18.96 moves
Loss p1: 0.143339, Loss p2: 0.139906
Benchmark Stats Training Round 17
W: 0.85, T: 0.00 (versus random)
W: 0.50, T: 0.00 (versus left)
W: 0.67, T: 0.00 (versus lvl1)
W: 0.22, T: 0.01 (versus lvl2)
Training round 17 completed in 2 minutes and 7 seconds.
Expected completion: 19:03 2020-05-19.
Training round 18 stats
Wins 0.52, Ties 0.00, Losses 0.48, Game Length 19.31 moves
Loss p1: 0.132044, Loss p2: 0.133798
Benchmark Stats Training Round 18
W: 0.87, T: 0.00 (versus random)
W: 0.50, T: 0.00 (versus left)
W: 0.74, T: 0.00 (versus lvl1)
W: 0.24, T: 0.02 (versus lvl2)
Training round 18 completed in 2 minutes and 21 seconds.
Expected completion: 19:23 2020-05-19.
Training round 19 stats
Wins 0.52, Ties 0.00, Losses 0.48, Game Length 19.09 moves
Loss p1: 0.140545, Loss p2: 0.139599
Benchmark Stats Training Round 19
W: 0.90, T: 0.00 (versus random)
W: 0.00, T: 0.00 (versus left)
W: 0.80, T: 0.00 (versus lvl1)
W: 0.26, T: 0.02 (versus lvl2)
Training round 19 completed in 2 minutes and 15 seconds.
Expected completion: 19:14 2020-05-19.
Training round 20 stats
Wins 0.49, Ties 0.00, Losses 0.51, Game Length 18.83 moves
Loss p1: 0.135410, Loss p2: 0.138739
Benchmark Stats Training Round 20
W: 0.92, T: 0.00 (versus random)
W: 0.50, T: 0.00 (versus left)
W: 0.69, T: 0.00 (versus lvl1)
W: 0.33, T: 0.01 (versus lvl2)
Training round 20 completed in 2 minutes and 8 seconds.
Expected completion: 19:05 2020-05-19.
Training round 21 stats
Wins 0.49, Ties 0.00, Losses 0.51, Game Length 19.38 moves
Loss p1: 0.138703, Loss p2: 0.138403
Benchmark Stats Training Round 21
W: 0.80, T: 0.00 (versus random)
W: 0.50, T: 0.00 (versus left)
W: 0.64, T: 0.00 (versus lvl1)
W: 0.27, T: 0.00 (versus lvl2)
Training round 21 completed in 2 minutes and 11 seconds.
Expected completion: 19:09 2020-05-19.
Training round 22 stats
Wins 0.53, Ties 0.00, Losses 0.47, Game Length 19.21 moves
Loss p1: 0.139671, Loss p2: 0.137188
Benchmark Stats Training Round 22
W: 0.87, T: 0.00 (versus random)
W: 0.50, T: 0.00 (versus left)
W: 0.64, T: 0.00 (versus lvl1)
W: 0.30, T: 0.00 (versus lvl2)
Training round 22 completed in 2 minutes and 27 seconds.
Expected completion: 19:30 2020-05-19.
Training round 23 stats
Wins 0.46, Ties 0.00, Losses 0.54, Game Length 19.43 moves
Loss p1: 0.143162, Loss p2: 0.143772
Benchmark Stats Training Round 23
W: 0.86, T: 0.00 (versus random)
W: 1.00, T: 0.00 (versus left)
W: 0.72, T: 0.00 (versus lvl1)
W: 0.10, T: 0.00 (versus lvl2)
Training round 23 completed in 2 minutes and 22 seconds.
Expected completion: 19:24 2020-05-19.
Training round 24 stats
Wins 0.49, Ties 0.00, Losses 0.51, Game Length 19.22 moves
Loss p1: 0.147723, Loss p2: 0.142792
Benchmark Stats Training Round 24
W: 0.93, T: 0.00 (versus random)
W: 1.00, T: 0.00 (versus left)
W: 0.82, T: 0.00 (versus lvl1)
W: 0.35, T: 0.02 (versus lvl2)
Training round 24 completed in 2 minutes and 15 seconds.
Expected completion: 19:15 2020-05-19.
Training round 25 stats
Wins 0.48, Ties 0.00, Losses 0.52, Game Length 19.29 moves
Loss p1: 0.146548, Loss p2: 0.147106
Benchmark Stats Training Round 25
W: 0.80, T: 0.00 (versus random)
W: 0.50, T: 0.00 (versus left)
W: 0.71, T: 0.00 (versus lvl1)
W: 0.20, T: 0.01 (versus lvl2)
Training round 25 completed in 2 minutes and 17 seconds.
Expected completion: 19:17 2020-05-19.
Training round 26 stats
Wins 0.47, Ties 0.00, Losses 0.53, Game Length 19.28 moves
Loss p1: 0.149797, Loss p2: 0.141471
Benchmark Stats Training Round 26
W: 0.82, T: 0.00 (versus random)
W: 0.00, T: 0.00 (versus left)
W: 0.78, T: 0.00 (versus lvl1)
W: 0.22, T: 0.00 (versus lvl2)
Training round 26 completed in 2 minutes and 15 seconds.
Expected completion: 19:15 2020-05-19.
Training round 27 stats
Wins 0.51, Ties 0.00, Losses 0.49, Game Length 18.76 moves
Loss p1: 0.155423, Loss p2: 0.153798
Benchmark Stats Training Round 27
W: 0.87, T: 0.00 (versus random)
W: 0.50, T: 0.00 (versus left)
W: 0.65, T: 0.00 (versus lvl1)
W: 0.16, T: 0.01 (versus lvl2)
Training round 27 completed in 2 minutes and 12 seconds.
Expected completion: 19:11 2020-05-19.
Training round 28 stats
Wins 0.51, Ties 0.00, Losses 0.49, Game Length 19.06 moves
Loss p1: 0.151837, Loss p2: 0.147931
Benchmark Stats Training Round 28
W: 0.86, T: 0.00 (versus random)
W: 0.50, T: 0.00 (versus left)
W: 0.81, T: 0.00 (versus lvl1)
W: 0.24, T: 0.00 (versus lvl2)
Training round 28 completed in 2 minutes and 13 seconds.
Expected completion: 19:12 2020-05-19.
Training round 29 stats
Wins 0.50, Ties 0.00, Losses 0.49, Game Length 18.74 moves
Loss p1: 0.159998, Loss p2: 0.152705
Benchmark Stats Training Round 29
W: 0.90, T: 0.00 (versus random)
W: 0.00, T: 0.00 (versus left)
W: 0.65, T: 0.00 (versus lvl1)
W: 0.24, T: 0.00 (versus lvl2)
Training round 29 completed in 2 minutes and 16 seconds.
Expected completion: 19:16 2020-05-19.
Training round 30 stats
Wins 0.47, Ties 0.00, Losses 0.53, Game Length 18.69 moves
Loss p1: 0.152254, Loss p2: 0.149289
Benchmark Stats Training Round 30
W: 0.90, T: 0.00 (versus random)
W: 0.00, T: 0.00 (versus left)
W: 0.72, T: 0.00 (versus lvl1)
W: 0.15, T: 0.00 (versus lvl2)
Training round 30 completed in 2 minutes and 17 seconds.
Expected completion: 19:17 2020-05-19.
Training round 31 stats
Wins 0.51, Ties 0.00, Losses 0.49, Game Length 18.90 moves
Loss p1: 0.146804, Loss p2: 0.151360
Benchmark Stats Training Round 31
W: 0.80, T: 0.00 (versus random)
W: 0.50, T: 0.00 (versus left)
W: 0.66, T: 0.00 (versus lvl1)
W: 0.16, T: 0.00 (versus lvl2)
Training round 31 completed in 2 minutes and 17 seconds.
Expected completion: 19:17 2020-05-19.
Training round 32 stats
Wins 0.47, Ties 0.00, Losses 0.53, Game Length 18.97 moves
Loss p1: 0.159861, Loss p2: 0.153820
Benchmark Stats Training Round 32
W: 0.92, T: 0.01 (versus random)
W: 0.00, T: 0.00 (versus left)
W: 0.74, T: 0.00 (versus lvl1)
W: 0.30, T: 0.01 (versus lvl2)
Training round 32 completed in 2 minutes and 17 seconds.
Expected completion: 19:17 2020-05-19.
Training round 33 stats
Wins 0.50, Ties 0.01, Losses 0.49, Game Length 18.78 moves
Loss p1: 0.153207, Loss p2: 0.153560
Benchmark Stats Training Round 33
W: 0.88, T: 0.00 (versus random)
W: 0.00, T: 0.00 (versus left)
W: 0.77, T: 0.00 (versus lvl1)
W: 0.35, T: 0.01 (versus lvl2)
Training round 33 completed in 2 minutes and 22 seconds.
Expected completion: 19:22 2020-05-19.
Training round 34 stats
Wins 0.55, Ties 0.00, Losses 0.45, Game Length 19.03 moves
Loss p1: 0.155207, Loss p2: 0.154743
Benchmark Stats Training Round 34
W: 0.82, T: 0.00 (versus random)
W: 0.00, T: 0.00 (versus left)
W: 0.77, T: 0.00 (versus lvl1)
W: 0.25, T: 0.01 (versus lvl2)
Training round 34 completed in 2 minutes and 11 seconds.
Expected completion: 19:10 2020-05-19.
Training round 35 stats
Wins 0.51, Ties 0.00, Losses 0.49, Game Length 18.98 moves
Loss p1: 0.160236, Loss p2: 0.159115
Benchmark Stats Training Round 35
W: 0.86, T: 0.00 (versus random)
W: 0.50, T: 0.00 (versus left)
W: 0.73, T: 0.00 (versus lvl1)
W: 0.39, T: 0.01 (versus lvl2)
Training round 35 completed in 2 minutes and 10 seconds.
Expected completion: 19:10 2020-05-19.
Training round 36 stats
Wins 0.51, Ties 0.00, Losses 0.49, Game Length 18.81 moves
Loss p1: 0.153335, Loss p2: 0.155271
Benchmark Stats Training Round 36
W: 0.91, T: 0.00 (versus random)
W: 0.50, T: 0.00 (versus left)
W: 0.76, T: 0.00 (versus lvl1)
W: 0.15, T: 0.01 (versus lvl2)
Training round 36 completed in 2 minutes and 14 seconds.
Expected completion: 19:13 2020-05-19.
Training round 37 stats
Wins 0.52, Ties 0.00, Losses 0.48, Game Length 19.21 moves
Loss p1: 0.160675, Loss p2: 0.154470
Benchmark Stats Training Round 37
W: 0.88, T: 0.00 (versus random)
W: 0.50, T: 0.00 (versus left)
W: 0.77, T: 0.00 (versus lvl1)
W: 0.32, T: 0.00 (versus lvl2)
Training round 37 completed in 2 minutes and 18 seconds.
Expected completion: 19:17 2020-05-19.
Training round 38 stats
Wins 0.49, Ties 0.00, Losses 0.51, Game Length 19.07 moves
Loss p1: 0.156579, Loss p2: 0.158748
Benchmark Stats Training Round 38
W: 0.82, T: 0.00 (versus random)
W: 0.50, T: 0.00 (versus left)
W: 0.64, T: 0.00 (versus lvl1)
W: 0.27, T: 0.00 (versus lvl2)
Training round 38 completed in 2 minutes and 12 seconds.
Expected completion: 19:12 2020-05-19.
Training round 39 stats
Wins 0.52, Ties 0.00, Losses 0.48, Game Length 19.34 moves
Loss p1: 0.154546, Loss p2: 0.154498
Benchmark Stats Training Round 39
W: 0.86, T: 0.00 (versus random)
W: 0.50, T: 0.00 (versus left)
W: 0.79, T: 0.00 (versus lvl1)
W: 0.34, T: 0.01 (versus lvl2)
Training round 39 completed in 2 minutes and 9 seconds.
Expected completion: 19:09 2020-05-19.
Training round 40 stats
Wins 0.53, Ties 0.00, Losses 0.47, Game Length 18.64 moves
Loss p1: 0.155839, Loss p2: 0.152883
Benchmark Stats Training Round 40
W: 0.81, T: 0.00 (versus random)
W: 0.50, T: 0.00 (versus left)
W: 0.76, T: 0.00 (versus lvl1)
W: 0.20, T: 0.01 (versus lvl2)
Training round 40 completed in 2 minutes and 7 seconds.
Expected completion: 19:07 2020-05-19.
Training round 41 stats
Wins 0.47, Ties 0.00, Losses 0.53, Game Length 18.86 moves
Loss p1: 0.160055, Loss p2: 0.159479
Benchmark Stats Training Round 41
W: 0.80, T: 0.01 (versus random)
W: 0.50, T: 0.00 (versus left)
W: 0.70, T: 0.00 (versus lvl1)
W: 0.22, T: 0.00 (versus lvl2)
Training round 41 completed in 2 minutes and 14 seconds.
Expected completion: 19:13 2020-05-19.
Training round 42 stats
Wins 0.50, Ties 0.00, Losses 0.50, Game Length 18.84 moves
Loss p1: 0.162032, Loss p2: 0.164081
Benchmark Stats Training Round 42
W: 0.94, T: 0.00 (versus random)
W: 0.50, T: 0.00 (versus left)
W: 0.79, T: 0.00 (versus lvl1)
W: 0.34, T: 0.01 (versus lvl2)
Training round 42 completed in 2 minutes and 13 seconds.
Expected completion: 19:13 2020-05-19.
Training round 43 stats
Wins 0.51, Ties 0.00, Losses 0.49, Game Length 18.76 moves
Loss p1: 0.157637, Loss p2: 0.158220
Benchmark Stats Training Round 43
W: 0.85, T: 0.00 (versus random)
W: 0.00, T: 0.00 (versus left)
W: 0.67, T: 0.00 (versus lvl1)
W: 0.31, T: 0.04 (versus lvl2)
Training round 43 completed in 2 minutes and 22 seconds.
Expected completion: 19:21 2020-05-19.
Training round 44 stats
Wins 0.47, Ties 0.00, Losses 0.53, Game Length 19.08 moves
Loss p1: 0.161751, Loss p2: 0.164243
Benchmark Stats Training Round 44
W: 0.85, T: 0.00 (versus random)
W: 0.50, T: 0.00 (versus left)
W: 0.55, T: 0.00 (versus lvl1)
W: 0.18, T: 0.00 (versus lvl2)
Training round 44 completed in 2 minutes and 10 seconds.
Expected completion: 19:10 2020-05-19.
Training round 45 stats
Wins 0.52, Ties 0.00, Losses 0.48, Game Length 18.94 moves
Loss p1: 0.158635, Loss p2: 0.159661
Benchmark Stats Training Round 45
W: 0.79, T: 0.00 (versus random)
W: 0.50, T: 0.00 (versus left)
W: 0.64, T: 0.00 (versus lvl1)
W: 0.20, T: 0.00 (versus lvl2)
Training round 45 completed in 2 minutes and 13 seconds.
Expected completion: 19:12 2020-05-19.
Training round 46 stats
Wins 0.49, Ties 0.00, Losses 0.51, Game Length 18.92 moves
Loss p1: 0.167204, Loss p2: 0.161690
Benchmark Stats Training Round 46
W: 0.93, T: 0.00 (versus random)
W: 0.50, T: 0.00 (versus left)
W: 0.78, T: 0.00 (versus lvl1)
W: 0.25, T: 0.01 (versus lvl2)
Training round 46 completed in 2 minutes and 13 seconds.
Expected completion: 19:13 2020-05-19.
Training round 47 stats
Wins 0.51, Ties 0.00, Losses 0.49, Game Length 18.86 moves
Loss p1: 0.164952, Loss p2: 0.164369
Benchmark Stats Training Round 47
W: 0.83, T: 0.00 (versus random)
W: 0.50, T: 0.00 (versus left)
W: 0.75, T: 0.00 (versus lvl1)
W: 0.24, T: 0.01 (versus lvl2)
Training round 47 completed in 2 minutes and 13 seconds.
Expected completion: 19:12 2020-05-19.
Training round 48 stats
Wins 0.51, Ties 0.00, Losses 0.49, Game Length 18.85 moves
Loss p1: 0.167165, Loss p2: 0.169166
Benchmark Stats Training Round 48
W: 0.84, T: 0.01 (versus random)
W: 0.00, T: 0.00 (versus left)
W: 0.68, T: 0.00 (versus lvl1)
W: 0.19, T: 0.00 (versus lvl2)
Training round 48 completed in 2 minutes and 4 seconds.
Expected completion: 19:05 2020-05-19.
Training round 49 stats
Wins 0.47, Ties 0.00, Losses 0.53, Game Length 19.03 moves
Loss p1: 0.165659, Loss p2: 0.174411
Benchmark Stats Training Round 49
W: 0.82, T: 0.00 (versus random)
W: 0.50, T: 0.00 (versus left)
W: 0.72, T: 0.00 (versus lvl1)
W: 0.21, T: 0.02 (versus lvl2)
Training round 49 completed in 2 minutes and 16 seconds.
Expected completion: 19:15 2020-05-19.
Training round 50 stats
Wins 0.49, Ties 0.00, Losses 0.51, Game Length 18.39 moves
Loss p1: 0.169128, Loss p2: 0.171473
Benchmark Stats Training Round 50
W: 0.92, T: 0.00 (versus random)
W: 1.00, T: 0.00 (versus left)
W: 0.79, T: 0.00 (versus lvl1)
W: 0.35, T: 0.00 (versus lvl2)
Training round 50 completed in 2 minutes and 7 seconds.
Expected completion: 19:08 2020-05-19.
Training round 51 stats
Wins 0.51, Ties 0.00, Losses 0.49, Game Length 18.83 moves
Loss p1: 0.166327, Loss p2: 0.170742
Benchmark Stats Training Round 51
W: 0.86, T: 0.00 (versus random)
W: 0.50, T: 0.00 (versus left)
W: 0.72, T: 0.00 (versus lvl1)
W: 0.24, T: 0.00 (versus lvl2)
Training round 51 completed in 2 minutes and 15 seconds.
Expected completion: 19:14 2020-05-19.
Training round 52 stats
Wins 0.49, Ties 0.00, Losses 0.51, Game Length 18.62 moves
Loss p1: 0.180100, Loss p2: 0.160388
Benchmark Stats Training Round 52
W: 0.92, T: 0.00 (versus random)
W: 0.50, T: 0.00 (versus left)
W: 0.86, T: 0.00 (versus lvl1)
W: 0.31, T: 0.00 (versus lvl2)
Training round 52 completed in 2 minutes and 1 seconds.
Expected completion: 19:03 2020-05-19.
Training round 53 stats
Wins 0.52, Ties 0.00, Losses 0.48, Game Length 19.01 moves
Loss p1: 0.170133, Loss p2: 0.162509
Benchmark Stats Training Round 53
W: 0.91, T: 0.00 (versus random)
W: 0.50, T: 0.00 (versus left)
W: 0.79, T: 0.00 (versus lvl1)
W: 0.36, T: 0.00 (versus lvl2)
Training round 53 completed in 2 minutes and 10 seconds.
Expected completion: 19:10 2020-05-19.
Training round 54 stats
Wins 0.49, Ties 0.00, Losses 0.51, Game Length 18.78 moves
Loss p1: 0.173331, Loss p2: 0.169672
Benchmark Stats Training Round 54
W: 0.86, T: 0.00 (versus random)
W: 0.50, T: 0.00 (versus left)
W: 0.70, T: 0.00 (versus lvl1)
W: 0.36, T: 0.02 (versus lvl2)
Training round 54 completed in 2 minutes and 17 seconds.
Expected completion: 19:15 2020-05-19.
Training round 55 stats
Wins 0.48, Ties 0.00, Losses 0.51, Game Length 18.80 moves
Loss p1: 0.170501, Loss p2: 0.168660
Benchmark Stats Training Round 55
W: 0.81, T: 0.00 (versus random)
W: 0.50, T: 0.00 (versus left)
W: 0.72, T: 0.00 (versus lvl1)
W: 0.29, T: 0.01 (versus lvl2)
Training round 55 completed in 2 minutes and 8 seconds.
Expected completion: 19:08 2020-05-19.
Training round 56 stats
Wins 0.51, Ties 0.00, Losses 0.49, Game Length 18.58 moves
Loss p1: 0.177612, Loss p2: 0.176406
Benchmark Stats Training Round 56
W: 0.90, T: 0.00 (versus random)
W: 0.50, T: 0.00 (versus left)
W: 0.73, T: 0.00 (versus lvl1)
W: 0.25, T: 0.00 (versus lvl2)
Training round 56 completed in 2 minutes and 8 seconds.
Expected completion: 19:08 2020-05-19.
Training round 57 stats
Wins 0.51, Ties 0.00, Losses 0.49, Game Length 19.20 moves
Loss p1: 0.170930, Loss p2: 0.164132
Benchmark Stats Training Round 57
W: 0.80, T: 0.00 (versus random)
W: 0.00, T: 0.00 (versus left)
W: 0.79, T: 0.00 (versus lvl1)
W: 0.15, T: 0.00 (versus lvl2)
Training round 57 completed in 2 minutes and 7 seconds.
Expected completion: 19:07 2020-05-19.
Training round 58 stats
Wins 0.51, Ties 0.00, Losses 0.49, Game Length 19.14 moves
Loss p1: 0.166914, Loss p2: 0.172307
Benchmark Stats Training Round 58
W: 0.94, T: 0.00 (versus random)
W: 0.00, T: 0.00 (versus left)
W: 0.75, T: 0.00 (versus lvl1)
W: 0.37, T: 0.02 (versus lvl2)
Training round 58 completed in 2 minutes and 7 seconds.
Expected completion: 19:08 2020-05-19.
Training round 59 stats
Wins 0.53, Ties 0.00, Losses 0.47, Game Length 19.19 moves
Loss p1: 0.173735, Loss p2: 0.169922
Benchmark Stats Training Round 59
W: 0.83, T: 0.00 (versus random)
W: 0.00, T: 0.00 (versus left)
W: 0.63, T: 0.00 (versus lvl1)
W: 0.12, T: 0.00 (versus lvl2)
Training round 59 completed in 2 minutes and 18 seconds.
Expected completion: 19:15 2020-05-19.
Training round 60 stats
Wins 0.52, Ties 0.00, Losses 0.48, Game Length 18.48 moves
Loss p1: 0.174492, Loss p2: 0.181575
Benchmark Stats Training Round 60
W: 0.87, T: 0.00 (versus random)
W: 0.00, T: 0.00 (versus left)
W: 0.81, T: 0.00 (versus lvl1)
W: 0.17, T: 0.02 (versus lvl2)
Training round 60 completed in 2 minutes and 5 seconds.
Expected completion: 19:06 2020-05-19.
Training round 61 stats
Wins 0.49, Ties 0.00, Losses 0.51, Game Length 18.91 moves
Loss p1: 0.178490, Loss p2: 0.178141
Benchmark Stats Training Round 61
W: 0.88, T: 0.00 (versus random)
W: 0.50, T: 0.00 (versus left)
W: 0.77, T: 0.00 (versus lvl1)
W: 0.12, T: 0.01 (versus lvl2)
Training round 61 completed in 2 minutes and 6 seconds.
Expected completion: 19:07 2020-05-19.
Training round 62 stats
Wins 0.50, Ties 0.01, Losses 0.50, Game Length 19.18 moves
Loss p1: 0.172711, Loss p2: 0.166546
Benchmark Stats Training Round 62
W: 0.86, T: 0.00 (versus random)
W: 0.50, T: 0.00 (versus left)
W: 0.77, T: 0.00 (versus lvl1)
W: 0.30, T: 0.00 (versus lvl2)
Training round 62 completed in 2 minutes and 13 seconds.
Expected completion: 19:12 2020-05-19.
Training round 63 stats
Wins 0.48, Ties 0.00, Losses 0.52, Game Length 18.90 moves
Loss p1: 0.175870, Loss p2: 0.174356
Benchmark Stats Training Round 63
W: 0.82, T: 0.00 (versus random)
W: 0.50, T: 0.00 (versus left)
W: 0.71, T: 0.00 (versus lvl1)
W: 0.21, T: 0.01 (versus lvl2)
Training round 63 completed in 2 minutes and 5 seconds.
Expected completion: 19:07 2020-05-19.
Training round 64 stats
Wins 0.48, Ties 0.00, Losses 0.52, Game Length 19.53 moves
Loss p1: 0.173252, Loss p2: 0.168142
Benchmark Stats Training Round 64
W: 0.91, T: 0.00 (versus random)
W: 0.50, T: 0.00 (versus left)
W: 0.77, T: 0.00 (versus lvl1)
W: 0.28, T: 0.00 (versus lvl2)
Training round 64 completed in 2 minutes and 10 seconds.
Expected completion: 19:10 2020-05-19.
Training round 65 stats
Wins 0.51, Ties 0.01, Losses 0.48, Game Length 18.97 moves
Loss p1: 0.171873, Loss p2: 0.172960
Benchmark Stats Training Round 65
W: 0.90, T: 0.00 (versus random)
W: 0.50, T: 0.00 (versus left)
W: 0.72, T: 0.00 (versus lvl1)
W: 0.20, T: 0.00 (versus lvl2)
Training round 65 completed in 2 minutes and 17 seconds.
Expected completion: 19:14 2020-05-19.
Training round 66 stats
Wins 0.47, Ties 0.00, Losses 0.52, Game Length 19.32 moves
Loss p1: 0.167038, Loss p2: 0.170695
Benchmark Stats Training Round 66
W: 0.86, T: 0.00 (versus random)
W: 0.50, T: 0.00 (versus left)
W: 0.88, T: 0.00 (versus lvl1)
W: 0.35, T: 0.00 (versus lvl2)
Training round 66 completed in 2 minutes and 6 seconds.
Expected completion: 19:08 2020-05-19.
Training round 67 stats
Wins 0.50, Ties 0.00, Losses 0.50, Game Length 18.90 moves
Loss p1: 0.180951, Loss p2: 0.177591
Benchmark Stats Training Round 67
W: 0.86, T: 0.00 (versus random)
W: 0.50, T: 0.00 (versus left)
W: 0.65, T: 0.00 (versus lvl1)
W: 0.33, T: 0.01 (versus lvl2)
Training round 67 completed in 2 minutes and 13 seconds.
Expected completion: 19:12 2020-05-19.
Training round 68 stats
Wins 0.50, Ties 0.00, Losses 0.50, Game Length 19.13 moves
Loss p1: 0.176085, Loss p2: 0.182885
Benchmark Stats Training Round 68
W: 0.88, T: 0.01 (versus random)
W: 0.00, T: 0.00 (versus left)
W: 0.72, T: 0.00 (versus lvl1)
W: 0.22, T: 0.01 (versus lvl2)
Training round 68 completed in 2 minutes and 6 seconds.
Expected completion: 19:08 2020-05-19.
Training round 69 stats
Wins 0.49, Ties 0.00, Losses 0.51, Game Length 19.00 moves
Loss p1: 0.187580, Loss p2: 0.188126
Benchmark Stats Training Round 69
W: 0.86, T: 0.00 (versus random)
W: 0.50, T: 0.00 (versus left)
W: 0.73, T: 0.00 (versus lvl1)
W: 0.22, T: 0.00 (versus lvl2)
Training round 69 completed in 2 minutes and 17 seconds.
Expected completion: 19:14 2020-05-19.
Training round 70 stats
Wins 0.51, Ties 0.00, Losses 0.48, Game Length 18.88 moves
Loss p1: 0.188700, Loss p2: 0.189415
Benchmark Stats Training Round 70
W: 0.90, T: 0.00 (versus random)
W: 0.50, T: 0.00 (versus left)
W: 0.71, T: 0.00 (versus lvl1)
W: 0.31, T: 0.00 (versus lvl2)
Training round 70 completed in 2 minutes and 9 seconds.
Expected completion: 19:10 2020-05-19.
Training round 71 stats
Wins 0.48, Ties 0.00, Losses 0.51, Game Length 19.46 moves
Loss p1: 0.189025, Loss p2: 0.185227
Benchmark Stats Training Round 71
W: 0.90, T: 0.00 (versus random)
W: 0.50, T: 0.00 (versus left)
W: 0.73, T: 0.00 (versus lvl1)
W: 0.37, T: 0.00 (versus lvl2)
Training round 71 completed in 2 minutes and 13 seconds.
Expected completion: 19:11 2020-05-19.
Training round 72 stats
Wins 0.51, Ties 0.00, Losses 0.49, Game Length 18.67 moves
Loss p1: 0.201120, Loss p2: 0.183199
Benchmark Stats Training Round 72
W: 0.76, T: 0.00 (versus random)
W: 1.00, T: 0.00 (versus left)
W: 0.67, T: 0.00 (versus lvl1)
W: 0.15, T: 0.02 (versus lvl2)
Training round 72 completed in 2 minutes and 19 seconds.
Expected completion: 19:14 2020-05-19.
Training round 73 stats
Wins 0.52, Ties 0.00, Losses 0.48, Game Length 19.16 moves
Loss p1: 0.177742, Loss p2: 0.178443
Benchmark Stats Training Round 73
W: 0.86, T: 0.00 (versus random)
W: 0.00, T: 0.00 (versus left)
W: 0.72, T: 0.00 (versus lvl1)
W: 0.24, T: 0.01 (versus lvl2)
Training round 73 completed in 2 minutes and 5 seconds.
Expected completion: 19:08 2020-05-19.
Training round 74 stats
Wins 0.50, Ties 0.00, Losses 0.50, Game Length 18.40 moves
Loss p1: 0.190437, Loss p2: 0.188775
Benchmark Stats Training Round 74
W: 0.89, T: 0.00 (versus random)
W: 0.50, T: 0.00 (versus left)
W: 0.87, T: 0.00 (versus lvl1)
W: 0.38, T: 0.00 (versus lvl2)
Training round 74 completed in 2 minutes and 7 seconds.
Expected completion: 19:09 2020-05-19.
Training round 75 stats
Wins 0.49, Ties 0.00, Losses 0.50, Game Length 19.01 moves
Loss p1: 0.196248, Loss p2: 0.186633
Benchmark Stats Training Round 75
W: 0.92, T: 0.00 (versus random)
W: 0.50, T: 0.00 (versus left)
W: 0.74, T: 0.00 (versus lvl1)
W: 0.25, T: 0.00 (versus lvl2)
Training round 75 completed in 2 minutes and 8 seconds.
Expected completion: 19:09 2020-05-19.
Training round 76 stats
Wins 0.52, Ties 0.00, Losses 0.47, Game Length 18.98 moves
Loss p1: 0.198716, Loss p2: 0.183076
Benchmark Stats Training Round 76
W: 0.86, T: 0.00 (versus random)
W: 0.50, T: 0.00 (versus left)
W: 0.69, T: 0.00 (versus lvl1)
W: 0.26, T: 0.00 (versus lvl2)
Training round 76 completed in 2 minutes and 5 seconds.
Expected completion: 19:08 2020-05-19.
Training round 77 stats
Wins 0.49, Ties 0.00, Losses 0.51, Game Length 18.81 moves
Loss p1: 0.197114, Loss p2: 0.185691
Benchmark Stats Training Round 77
W: 0.84, T: 0.00 (versus random)
W: 0.50, T: 0.00 (versus left)
W: 0.68, T: 0.00 (versus lvl1)
W: 0.20, T: 0.01 (versus lvl2)
Training round 77 completed in 2 minutes and 14 seconds.
Expected completion: 19:11 2020-05-19.
Training round 78 stats
Wins 0.51, Ties 0.00, Losses 0.49, Game Length 18.39 moves
Loss p1: 0.184276, Loss p2: 0.183227
Benchmark Stats Training Round 78
W: 0.89, T: 0.00 (versus random)
W: 0.50, T: 0.00 (versus left)
W: 0.77, T: 0.00 (versus lvl1)
W: 0.25, T: 0.03 (versus lvl2)
Training round 78 completed in 2 minutes and 5 seconds.
Expected completion: 19:08 2020-05-19.
Training round 79 stats
Wins 0.52, Ties 0.01, Losses 0.47, Game Length 19.03 moves
Loss p1: 0.197345, Loss p2: 0.199728
Benchmark Stats Training Round 79
W: 0.86, T: 0.00 (versus random)
W: 0.50, T: 0.00 (versus left)
W: 0.77, T: 0.00 (versus lvl1)
W: 0.35, T: 0.00 (versus lvl2)
Training round 79 completed in 2 minutes and 12 seconds.
Expected completion: 19:10 2020-05-19.
Training round 80 stats
Wins 0.52, Ties 0.00, Losses 0.48, Game Length 19.29 moves
Loss p1: 0.192370, Loss p2: 0.193290
Benchmark Stats Training Round 80
W: 0.87, T: 0.00 (versus random)
W: 0.00, T: 0.00 (versus left)
W: 0.71, T: 0.00 (versus lvl1)
W: 0.26, T: 0.01 (versus lvl2)
Training round 80 completed in 2 minutes and 17 seconds.
Expected completion: 19:12 2020-05-19.
Training round 81 stats
Wins 0.52, Ties 0.00, Losses 0.48, Game Length 18.44 moves
Loss p1: 0.192101, Loss p2: 0.187126
Benchmark Stats Training Round 81
W: 0.93, T: 0.00 (versus random)
W: 0.50, T: 0.00 (versus left)
W: 0.80, T: 0.00 (versus lvl1)
W: 0.38, T: 0.00 (versus lvl2)
Training round 81 completed in 2 minutes and 13 seconds.
Expected completion: 19:11 2020-05-19.
Training round 82 stats
Wins 0.48, Ties 0.00, Losses 0.52, Game Length 18.66 moves
Loss p1: 0.197739, Loss p2: 0.183535
Benchmark Stats Training Round 82
W: 0.89, T: 0.00 (versus random)
W: 0.50, T: 0.00 (versus left)
W: 0.68, T: 0.00 (versus lvl1)
W: 0.26, T: 0.00 (versus lvl2)
Training round 82 completed in 2 minutes and 9 seconds.
Expected completion: 19:10 2020-05-19.
Training round 83 stats
Wins 0.48, Ties 0.01, Losses 0.52, Game Length 19.18 moves
Loss p1: 0.197936, Loss p2: 0.188674
Benchmark Stats Training Round 83
W: 0.82, T: 0.00 (versus random)
W: 0.50, T: 0.00 (versus left)
W: 0.76, T: 0.00 (versus lvl1)
W: 0.27, T: 0.00 (versus lvl2)
Training round 83 completed in 2 minutes and 12 seconds.
Expected completion: 19:11 2020-05-19.
Training round 84 stats
Wins 0.49, Ties 0.00, Losses 0.51, Game Length 19.34 moves
Loss p1: 0.202702, Loss p2: 0.186504
Benchmark Stats Training Round 84
W: 0.89, T: 0.00 (versus random)
W: 0.50, T: 0.00 (versus left)
W: 0.80, T: 0.00 (versus lvl1)
W: 0.39, T: 0.00 (versus lvl2)
Training round 84 completed in 2 minutes and 8 seconds.
Expected completion: 19:09 2020-05-19.
Training round 85 stats
Wins 0.54, Ties 0.00, Losses 0.45, Game Length 19.06 moves
Loss p1: 0.200142, Loss p2: 0.194274
Benchmark Stats Training Round 85
W: 0.90, T: 0.00 (versus random)
W: 0.50, T: 0.00 (versus left)
W: 0.70, T: 0.00 (versus lvl1)
W: 0.34, T: 0.00 (versus lvl2)
Training round 85 completed in 2 minutes and 12 seconds.
Expected completion: 19:10 2020-05-19.
Training round 86 stats
Wins 0.51, Ties 0.00, Losses 0.48, Game Length 18.89 moves
Loss p1: 0.198296, Loss p2: 0.188983
Benchmark Stats Training Round 86
W: 0.75, T: 0.00 (versus random)
W: 0.00, T: 0.00 (versus left)
W: 0.69, T: 0.00 (versus lvl1)
W: 0.25, T: 0.00 (versus lvl2)
Training round 86 completed in 2 minutes and 22 seconds.
Expected completion: 19:13 2020-05-19.
Training round 87 stats
Wins 0.50, Ties 0.00, Losses 0.49, Game Length 19.00 moves
Loss p1: 0.199793, Loss p2: 0.193009
Benchmark Stats Training Round 87
W: 0.88, T: 0.00 (versus random)
W: 0.50, T: 0.00 (versus left)
W: 0.76, T: 0.00 (versus lvl1)
W: 0.23, T: 0.00 (versus lvl2)
Training round 87 completed in 2 minutes and 16 seconds.
Expected completion: 19:12 2020-05-19.
Training round 88 stats
Wins 0.52, Ties 0.00, Losses 0.47, Game Length 18.56 moves
Loss p1: 0.202141, Loss p2: 0.194723
Benchmark Stats Training Round 88
W: 0.86, T: 0.00 (versus random)
W: 0.50, T: 0.00 (versus left)
W: 0.73, T: 0.00 (versus lvl1)
W: 0.39, T: 0.00 (versus lvl2)
Training round 88 completed in 2 minutes and 10 seconds.
Expected completion: 19:10 2020-05-19.
Training round 89 stats
Wins 0.50, Ties 0.00, Losses 0.50, Game Length 18.79 moves
Loss p1: 0.211069, Loss p2: 0.192848
Benchmark Stats Training Round 89
W: 0.89, T: 0.00 (versus random)
W: 0.00, T: 0.00 (versus left)
W: 0.82, T: 0.00 (versus lvl1)
W: 0.24, T: 0.00 (versus lvl2)
Training round 89 completed in 2 minutes and 14 seconds.
Expected completion: 19:11 2020-05-19.
Training round 90 stats
Wins 0.54, Ties 0.00, Losses 0.46, Game Length 19.09 moves
Loss p1: 0.201914, Loss p2: 0.195171
Benchmark Stats Training Round 90
W: 0.92, T: 0.00 (versus random)
W: 0.50, T: 0.00 (versus left)
W: 0.86, T: 0.00 (versus lvl1)
W: 0.47, T: 0.00 (versus lvl2)
Training round 90 completed in 2 minutes and 10 seconds.
Expected completion: 19:10 2020-05-19.
Training round 91 stats
Wins 0.49, Ties 0.00, Losses 0.50, Game Length 18.67 moves
Loss p1: 0.198637, Loss p2: 0.188479
Benchmark Stats Training Round 91
W: 0.89, T: 0.00 (versus random)
W: 0.50, T: 0.00 (versus left)
W: 0.87, T: 0.00 (versus lvl1)
W: 0.28, T: 0.01 (versus lvl2)
Training round 91 completed in 2 minutes and 13 seconds.
Expected completion: 19:11 2020-05-19.
Training round 92 stats
Wins 0.53, Ties 0.00, Losses 0.47, Game Length 18.50 moves
Loss p1: 0.203690, Loss p2: 0.200557
Benchmark Stats Training Round 92
W: 0.92, T: 0.00 (versus random)
W: 0.50, T: 0.00 (versus left)
W: 0.83, T: 0.00 (versus lvl1)
W: 0.32, T: 0.00 (versus lvl2)
Training round 92 completed in 2 minutes and 13 seconds.
Expected completion: 19:11 2020-05-19.
Training round 93 stats
Wins 0.51, Ties 0.00, Losses 0.49, Game Length 19.11 moves
Loss p1: 0.200954, Loss p2: 0.200998
Benchmark Stats Training Round 93
W: 0.82, T: 0.00 (versus random)
W: 0.00, T: 0.00 (versus left)
W: 0.76, T: 0.00 (versus lvl1)
W: 0.29, T: 0.02 (versus lvl2)
Training round 93 completed in 2 minutes and 15 seconds.
Expected completion: 19:11 2020-05-19.
Training round 94 stats
Wins 0.51, Ties 0.00, Losses 0.49, Game Length 19.16 moves
Loss p1: 0.204312, Loss p2: 0.207494
Benchmark Stats Training Round 94
W: 0.87, T: 0.00 (versus random)
W: 0.50, T: 0.00 (versus left)
W: 0.56, T: 0.00 (versus lvl1)
W: 0.21, T: 0.03 (versus lvl2)
Training round 94 completed in 2 minutes and 22 seconds.
Expected completion: 19:12 2020-05-19.
Training round 95 stats
Wins 0.51, Ties 0.00, Losses 0.49, Game Length 18.76 moves
Loss p1: 0.204593, Loss p2: 0.194591
Benchmark Stats Training Round 95
W: 0.89, T: 0.00 (versus random)
W: 0.50, T: 0.00 (versus left)
W: 0.78, T: 0.00 (versus lvl1)
W: 0.36, T: 0.00 (versus lvl2)
Training round 95 completed in 2 minutes and 7 seconds.
Expected completion: 19:10 2020-05-19.
Training round 96 stats
Wins 0.51, Ties 0.00, Losses 0.49, Game Length 19.26 moves
Loss p1: 0.196569, Loss p2: 0.197228
Benchmark Stats Training Round 96
W: 0.92, T: 0.01 (versus random)
W: 0.00, T: 0.00 (versus left)
W: 0.75, T: 0.00 (versus lvl1)
W: 0.22, T: 0.00 (versus lvl2)
Training round 96 completed in 2 minutes and 14 seconds.
Expected completion: 19:11 2020-05-19.
Training round 97 stats
Wins 0.52, Ties 0.00, Losses 0.48, Game Length 18.99 moves
Loss p1: 0.203570, Loss p2: 0.199844
Benchmark Stats Training Round 97
W: 0.90, T: 0.00 (versus random)
W: 0.50, T: 0.00 (versus left)
W: 0.77, T: 0.00 (versus lvl1)
W: 0.33, T: 0.00 (versus lvl2)
Training round 97 completed in 2 minutes and 14 seconds.
Expected completion: 19:11 2020-05-19.
Training round 98 stats
Wins 0.53, Ties 0.00, Losses 0.47, Game Length 18.74 moves
Loss p1: 0.207166, Loss p2: 0.215859
Benchmark Stats Training Round 98
W: 0.88, T: 0.00 (versus random)
W: 0.50, T: 0.00 (versus left)
W: 0.71, T: 0.00 (versus lvl1)
W: 0.28, T: 0.01 (versus lvl2)
Training round 98 completed in 2 minutes and 7 seconds.
Expected completion: 19:11 2020-05-19.
Training round 99 stats
Wins 0.51, Ties 0.00, Losses 0.49, Game Length 18.87 moves
Loss p1: 0.206206, Loss p2: 0.204337
Benchmark Stats Training Round 99
W: 0.91, T: 0.00 (versus random)
W: 0.50, T: 0.00 (versus left)
W: 0.84, T: 0.00 (versus lvl1)
W: 0.33, T: 0.00 (versus lvl2)
Training round 99 completed in 2 minutes and 10 seconds.
Expected completion: 19:11 2020-05-19.
Training round 100 stats
Wins 0.50, Ties 0.01, Losses 0.49, Game Length 18.45 moves
Loss p1: 0.209432, Loss p2: 0.200897
Benchmark Stats Training Round 100
W: 0.92, T: 0.00 (versus random)
W: 0.50, T: 0.00 (versus left)
W: 0.77, T: 0.00 (versus lvl1)
W: 0.37, T: 0.00 (versus lvl2)
Training round 100 completed in 2 minutes and 13 seconds.
Expected completion: 19:11 2020-05-19.
