Training Neural Net on Connect 4
  self_play_batch_size: 1000
  benchmark_batch_size: 100
  training_rounds: 100
  memory_size: 1000
  network: C
  exploration: cte
  loss: MSE
  encoding: integer
  optimizer: Adam
  experience: yes

Benchmark Stats Training Round 0
W: 0.58, T: 0.00 (versus random)
W: 0.50, T: 0.00 (versus left)
W: 0.24, T: 0.00 (versus lvl1)
W: 0.10, T: 0.00 (versus lvl2)
Training round 1 stats
Wins 0.49, Ties 0.00, Losses 0.51, Game Length 19.89 moves
Loss p1: 0.165910, Loss p2: 0.159450
Benchmark Stats Training Round 1
W: 0.75, T: 0.01 (versus random)
W: 1.00, T: 0.00 (versus left)
W: 0.42, T: 0.00 (versus lvl1)
W: 0.09, T: 0.01 (versus lvl2)
Training round 1 completed in 2 minutes and 17 seconds.
Expected completion: 05:21 2020-05-19.
Training round 2 stats
Wins 0.49, Ties 0.00, Losses 0.51, Game Length 19.62 moves
Loss p1: 0.135495, Loss p2: 0.137642
Benchmark Stats Training Round 2
W: 0.76, T: 0.00 (versus random)
W: 0.00, T: 0.00 (versus left)
W: 0.60, T: 0.00 (versus lvl1)
W: 0.25, T: 0.01 (versus lvl2)
Training round 2 completed in 2 minutes and 20 seconds.
Expected completion: 05:26 2020-05-19.
Training round 3 stats
Wins 0.52, Ties 0.00, Losses 0.48, Game Length 19.05 moves
Loss p1: 0.126732, Loss p2: 0.126099
Benchmark Stats Training Round 3
W: 0.89, T: 0.00 (versus random)
W: 0.00, T: 0.00 (versus left)
W: 0.73, T: 0.00 (versus lvl1)
W: 0.34, T: 0.00 (versus lvl2)
Training round 3 completed in 2 minutes and 0 seconds.
Expected completion: 04:54 2020-05-19.
Training round 4 stats
Wins 0.48, Ties 0.00, Losses 0.51, Game Length 19.30 moves
Loss p1: 0.121795, Loss p2: 0.121263
Benchmark Stats Training Round 4
W: 0.90, T: 0.00 (versus random)
W: 0.00, T: 0.00 (versus left)
W: 0.76, T: 0.00 (versus lvl1)
W: 0.22, T: 0.00 (versus lvl2)
Training round 4 completed in 2 minutes and 10 seconds.
Expected completion: 05:10 2020-05-19.
Training round 5 stats
Wins 0.51, Ties 0.00, Losses 0.49, Game Length 19.24 moves
Loss p1: 0.122596, Loss p2: 0.125975
Benchmark Stats Training Round 5
W: 0.83, T: 0.00 (versus random)
W: 0.50, T: 0.00 (versus left)
W: 0.58, T: 0.00 (versus lvl1)
W: 0.31, T: 0.00 (versus lvl2)
Training round 5 completed in 2 minutes and 2 seconds.
Expected completion: 04:57 2020-05-19.
Training round 6 stats
Wins 0.51, Ties 0.00, Losses 0.49, Game Length 19.02 moves
Loss p1: 0.123770, Loss p2: 0.123065
Benchmark Stats Training Round 6
W: 0.84, T: 0.00 (versus random)
W: 0.50, T: 0.00 (versus left)
W: 0.57, T: 0.00 (versus lvl1)
W: 0.17, T: 0.00 (versus lvl2)
Training round 6 completed in 2 minutes and 12 seconds.
Expected completion: 05:12 2020-05-19.
Training round 7 stats
Wins 0.49, Ties 0.00, Losses 0.50, Game Length 19.37 moves
Loss p1: 0.129431, Loss p2: 0.125204
Benchmark Stats Training Round 7
W: 0.93, T: 0.00 (versus random)
W: 0.00, T: 0.00 (versus left)
W: 0.66, T: 0.00 (versus lvl1)
W: 0.25, T: 0.00 (versus lvl2)
Training round 7 completed in 2 minutes and 14 seconds.
Expected completion: 05:15 2020-05-19.
Training round 8 stats
Wins 0.48, Ties 0.00, Losses 0.52, Game Length 19.07 moves
Loss p1: 0.125858, Loss p2: 0.121538
Benchmark Stats Training Round 8
W: 0.93, T: 0.00 (versus random)
W: 0.50, T: 0.00 (versus left)
W: 0.78, T: 0.00 (versus lvl1)
W: 0.28, T: 0.00 (versus lvl2)
Training round 8 completed in 2 minutes and 5 seconds.
Expected completion: 05:01 2020-05-19.
Training round 9 stats
Wins 0.51, Ties 0.00, Losses 0.48, Game Length 19.25 moves
Loss p1: 0.126660, Loss p2: 0.127585
Benchmark Stats Training Round 9
W: 0.83, T: 0.00 (versus random)
W: 0.50, T: 0.00 (versus left)
W: 0.67, T: 0.00 (versus lvl1)
W: 0.25, T: 0.02 (versus lvl2)
Training round 9 completed in 2 minutes and 10 seconds.
Expected completion: 05:10 2020-05-19.
Training round 10 stats
Wins 0.51, Ties 0.00, Losses 0.49, Game Length 19.12 moves
Loss p1: 0.128585, Loss p2: 0.123903
Benchmark Stats Training Round 10
W: 0.83, T: 0.00 (versus random)
W: 0.00, T: 0.00 (versus left)
W: 0.70, T: 0.00 (versus lvl1)
W: 0.25, T: 0.00 (versus lvl2)
Training round 10 completed in 2 minutes and 9 seconds.
Expected completion: 05:08 2020-05-19.
Training round 11 stats
Wins 0.51, Ties 0.00, Losses 0.48, Game Length 19.21 moves
Loss p1: 0.128745, Loss p2: 0.122444
Benchmark Stats Training Round 11
W: 0.90, T: 0.00 (versus random)
W: 0.50, T: 0.00 (versus left)
W: 0.58, T: 0.00 (versus lvl1)
W: 0.27, T: 0.00 (versus lvl2)
Training round 11 completed in 2 minutes and 4 seconds.
Expected completion: 05:01 2020-05-19.
Training round 12 stats
Wins 0.50, Ties 0.00, Losses 0.49, Game Length 18.93 moves
Loss p1: 0.136320, Loss p2: 0.129529
Benchmark Stats Training Round 12
W: 0.87, T: 0.00 (versus random)
W: 0.50, T: 0.00 (versus left)
W: 0.70, T: 0.00 (versus lvl1)
W: 0.14, T: 0.00 (versus lvl2)
Training round 12 completed in 2 minutes and 10 seconds.
Expected completion: 05:09 2020-05-19.
Training round 13 stats
Wins 0.54, Ties 0.00, Losses 0.46, Game Length 19.03 moves
Loss p1: 0.132136, Loss p2: 0.128007
Benchmark Stats Training Round 13
W: 0.80, T: 0.00 (versus random)
W: 0.50, T: 0.00 (versus left)
W: 0.76, T: 0.00 (versus lvl1)
W: 0.17, T: 0.00 (versus lvl2)
Training round 13 completed in 2 minutes and 8 seconds.
Expected completion: 05:06 2020-05-19.
Training round 14 stats
Wins 0.51, Ties 0.00, Losses 0.49, Game Length 18.77 moves
Loss p1: 0.134274, Loss p2: 0.131926
Benchmark Stats Training Round 14
W: 0.87, T: 0.00 (versus random)
W: 0.50, T: 0.00 (versus left)
W: 0.79, T: 0.00 (versus lvl1)
W: 0.39, T: 0.00 (versus lvl2)
Training round 14 completed in 2 minutes and 8 seconds.
Expected completion: 05:06 2020-05-19.
Training round 15 stats
Wins 0.48, Ties 0.00, Losses 0.52, Game Length 18.89 moves
Loss p1: 0.135166, Loss p2: 0.131637
Benchmark Stats Training Round 15
W: 0.91, T: 0.00 (versus random)
W: 0.00, T: 0.00 (versus left)
W: 0.76, T: 0.00 (versus lvl1)
W: 0.26, T: 0.00 (versus lvl2)
Training round 15 completed in 2 minutes and 9 seconds.
Expected completion: 05:08 2020-05-19.
Training round 16 stats
Wins 0.49, Ties 0.01, Losses 0.51, Game Length 18.94 moves
Loss p1: 0.136187, Loss p2: 0.134845
Benchmark Stats Training Round 16
W: 0.85, T: 0.00 (versus random)
W: 0.50, T: 0.00 (versus left)
W: 0.70, T: 0.00 (versus lvl1)
W: 0.30, T: 0.01 (versus lvl2)
Training round 16 completed in 2 minutes and 7 seconds.
Expected completion: 05:05 2020-05-19.
Training round 17 stats
Wins 0.52, Ties 0.01, Losses 0.47, Game Length 18.96 moves
Loss p1: 0.138272, Loss p2: 0.137650
Benchmark Stats Training Round 17
W: 0.87, T: 0.00 (versus random)
W: 1.00, T: 0.00 (versus left)
W: 0.76, T: 0.00 (versus lvl1)
W: 0.25, T: 0.01 (versus lvl2)
Training round 17 completed in 2 minutes and 9 seconds.
Expected completion: 05:08 2020-05-19.
Training round 18 stats
Wins 0.51, Ties 0.00, Losses 0.49, Game Length 19.09 moves
Loss p1: 0.134565, Loss p2: 0.138364
Benchmark Stats Training Round 18
W: 0.89, T: 0.00 (versus random)
W: 1.00, T: 0.00 (versus left)
W: 0.76, T: 0.00 (versus lvl1)
W: 0.23, T: 0.00 (versus lvl2)
Training round 18 completed in 2 minutes and 11 seconds.
Expected completion: 05:11 2020-05-19.
Training round 19 stats
Wins 0.54, Ties 0.00, Losses 0.46, Game Length 19.37 moves
Loss p1: 0.142830, Loss p2: 0.135951
Benchmark Stats Training Round 19
W: 0.93, T: 0.00 (versus random)
W: 0.50, T: 0.00 (versus left)
W: 0.83, T: 0.00 (versus lvl1)
W: 0.16, T: 0.02 (versus lvl2)
Training round 19 completed in 2 minutes and 8 seconds.
Expected completion: 05:06 2020-05-19.
Training round 20 stats
Wins 0.49, Ties 0.00, Losses 0.51, Game Length 18.91 moves
Loss p1: 0.140846, Loss p2: 0.135387
Benchmark Stats Training Round 20
W: 0.88, T: 0.00 (versus random)
W: 0.50, T: 0.00 (versus left)
W: 0.72, T: 0.00 (versus lvl1)
W: 0.26, T: 0.00 (versus lvl2)
Training round 20 completed in 2 minutes and 9 seconds.
Expected completion: 05:08 2020-05-19.
Training round 21 stats
Wins 0.50, Ties 0.00, Losses 0.50, Game Length 19.38 moves
Loss p1: 0.138093, Loss p2: 0.141120
Benchmark Stats Training Round 21
W: 0.77, T: 0.00 (versus random)
W: 0.50, T: 0.00 (versus left)
W: 0.59, T: 0.01 (versus lvl1)
W: 0.08, T: 0.00 (versus lvl2)
Training round 21 completed in 2 minutes and 10 seconds.
Expected completion: 05:09 2020-05-19.
Training round 22 stats
Wins 0.51, Ties 0.00, Losses 0.49, Game Length 19.33 moves
Loss p1: 0.140825, Loss p2: 0.139872
Benchmark Stats Training Round 22
W: 0.85, T: 0.00 (versus random)
W: 0.00, T: 0.00 (versus left)
W: 0.65, T: 0.00 (versus lvl1)
W: 0.40, T: 0.01 (versus lvl2)
Training round 22 completed in 2 minutes and 3 seconds.
Expected completion: 05:00 2020-05-19.
Training round 23 stats
Wins 0.52, Ties 0.00, Losses 0.48, Game Length 19.17 moves
Loss p1: 0.145405, Loss p2: 0.146814
Benchmark Stats Training Round 23
W: 0.91, T: 0.00 (versus random)
W: 0.50, T: 0.00 (versus left)
W: 0.71, T: 0.00 (versus lvl1)
W: 0.18, T: 0.00 (versus lvl2)
Training round 23 completed in 2 minutes and 4 seconds.
Expected completion: 05:01 2020-05-19.
Training round 24 stats
Wins 0.51, Ties 0.00, Losses 0.49, Game Length 19.33 moves
Loss p1: 0.147941, Loss p2: 0.144623
Benchmark Stats Training Round 24
W: 0.90, T: 0.00 (versus random)
W: 0.50, T: 0.00 (versus left)
W: 0.68, T: 0.00 (versus lvl1)
W: 0.26, T: 0.01 (versus lvl2)
Training round 24 completed in 2 minutes and 19 seconds.
Expected completion: 05:21 2020-05-19.
Training round 25 stats
Wins 0.51, Ties 0.00, Losses 0.49, Game Length 18.98 moves
Loss p1: 0.151037, Loss p2: 0.145749
Benchmark Stats Training Round 25
W: 0.80, T: 0.00 (versus random)
W: 0.50, T: 0.00 (versus left)
W: 0.72, T: 0.00 (versus lvl1)
W: 0.23, T: 0.00 (versus lvl2)
Training round 25 completed in 2 minutes and 14 seconds.
Expected completion: 05:14 2020-05-19.
Training round 26 stats
Wins 0.51, Ties 0.00, Losses 0.48, Game Length 18.93 moves
Loss p1: 0.157886, Loss p2: 0.139979
Benchmark Stats Training Round 26
W: 0.85, T: 0.00 (versus random)
W: 0.00, T: 0.00 (versus left)
W: 0.73, T: 0.00 (versus lvl1)
W: 0.18, T: 0.00 (versus lvl2)
Training round 26 completed in 2 minutes and 5 seconds.
Expected completion: 05:03 2020-05-19.
Training round 27 stats
Wins 0.50, Ties 0.00, Losses 0.50, Game Length 18.62 moves
Loss p1: 0.146388, Loss p2: 0.147156
Benchmark Stats Training Round 27
W: 0.86, T: 0.00 (versus random)
W: 0.50, T: 0.00 (versus left)
W: 0.73, T: 0.00 (versus lvl1)
W: 0.24, T: 0.00 (versus lvl2)
Training round 27 completed in 1 minutes and 60 seconds.
Expected completion: 04:57 2020-05-19.
Training round 28 stats
Wins 0.50, Ties 0.00, Losses 0.50, Game Length 19.43 moves
Loss p1: 0.148451, Loss p2: 0.145500
Benchmark Stats Training Round 28
W: 0.91, T: 0.00 (versus random)
W: 0.50, T: 0.00 (versus left)
W: 0.69, T: 0.00 (versus lvl1)
W: 0.31, T: 0.00 (versus lvl2)
Training round 28 completed in 2 minutes and 7 seconds.
Expected completion: 05:05 2020-05-19.
Training round 29 stats
Wins 0.51, Ties 0.00, Losses 0.49, Game Length 18.51 moves
Loss p1: 0.149344, Loss p2: 0.146171
Benchmark Stats Training Round 29
W: 0.91, T: 0.00 (versus random)
W: 0.50, T: 0.00 (versus left)
W: 0.82, T: 0.00 (versus lvl1)
W: 0.36, T: 0.01 (versus lvl2)
Training round 29 completed in 2 minutes and 6 seconds.
Expected completion: 05:04 2020-05-19.
Training round 30 stats
Wins 0.49, Ties 0.00, Losses 0.51, Game Length 19.25 moves
Loss p1: 0.145991, Loss p2: 0.149234
Benchmark Stats Training Round 30
W: 0.82, T: 0.00 (versus random)
W: 0.50, T: 0.00 (versus left)
W: 0.70, T: 0.00 (versus lvl1)
W: 0.14, T: 0.00 (versus lvl2)
Training round 30 completed in 2 minutes and 7 seconds.
Expected completion: 05:05 2020-05-19.
Training round 31 stats
Wins 0.49, Ties 0.00, Losses 0.51, Game Length 19.57 moves
Loss p1: 0.153332, Loss p2: 0.153928
Benchmark Stats Training Round 31
W: 0.89, T: 0.00 (versus random)
W: 0.50, T: 0.00 (versus left)
W: 0.74, T: 0.00 (versus lvl1)
W: 0.37, T: 0.00 (versus lvl2)
Training round 31 completed in 2 minutes and 7 seconds.
Expected completion: 05:06 2020-05-19.
Training round 32 stats
Wins 0.50, Ties 0.01, Losses 0.50, Game Length 18.94 moves
Loss p1: 0.152810, Loss p2: 0.147927
Benchmark Stats Training Round 32
W: 0.96, T: 0.00 (versus random)
W: 0.00, T: 0.00 (versus left)
W: 0.84, T: 0.00 (versus lvl1)
W: 0.22, T: 0.00 (versus lvl2)
Training round 32 completed in 2 minutes and 5 seconds.
Expected completion: 05:03 2020-05-19.
Training round 33 stats
Wins 0.47, Ties 0.00, Losses 0.53, Game Length 18.66 moves
Loss p1: 0.151896, Loss p2: 0.150192
Benchmark Stats Training Round 33
W: 0.86, T: 0.00 (versus random)
W: 0.50, T: 0.00 (versus left)
W: 0.74, T: 0.00 (versus lvl1)
W: 0.21, T: 0.00 (versus lvl2)
Training round 33 completed in 2 minutes and 4 seconds.
Expected completion: 05:02 2020-05-19.
Training round 34 stats
Wins 0.50, Ties 0.00, Losses 0.50, Game Length 19.05 moves
Loss p1: 0.154557, Loss p2: 0.156611
Benchmark Stats Training Round 34
W: 0.93, T: 0.00 (versus random)
W: 0.50, T: 0.00 (versus left)
W: 0.87, T: 0.00 (versus lvl1)
W: 0.45, T: 0.00 (versus lvl2)
Training round 34 completed in 2 minutes and 8 seconds.
Expected completion: 05:06 2020-05-19.
Training round 35 stats
Wins 0.49, Ties 0.00, Losses 0.51, Game Length 19.27 moves
Loss p1: 0.162710, Loss p2: 0.162203
Benchmark Stats Training Round 35
W: 0.91, T: 0.00 (versus random)
W: 0.50, T: 0.00 (versus left)
W: 0.82, T: 0.00 (versus lvl1)
W: 0.27, T: 0.01 (versus lvl2)
Training round 35 completed in 2 minutes and 12 seconds.
Expected completion: 05:11 2020-05-19.
Training round 36 stats
Wins 0.53, Ties 0.00, Losses 0.46, Game Length 18.75 moves
Loss p1: 0.161169, Loss p2: 0.158510
Benchmark Stats Training Round 36
W: 0.91, T: 0.00 (versus random)
W: 0.50, T: 0.00 (versus left)
W: 0.82, T: 0.00 (versus lvl1)
W: 0.29, T: 0.01 (versus lvl2)
Training round 36 completed in 2 minutes and 15 seconds.
Expected completion: 05:14 2020-05-19.
Training round 37 stats
Wins 0.53, Ties 0.01, Losses 0.46, Game Length 19.09 moves
Loss p1: 0.161682, Loss p2: 0.157535
Benchmark Stats Training Round 37
W: 0.83, T: 0.00 (versus random)
W: 0.50, T: 0.00 (versus left)
W: 0.66, T: 0.00 (versus lvl1)
W: 0.25, T: 0.01 (versus lvl2)
Training round 37 completed in 2 minutes and 14 seconds.
Expected completion: 05:13 2020-05-19.
Training round 38 stats
Wins 0.48, Ties 0.00, Losses 0.52, Game Length 19.26 moves
Loss p1: 0.168784, Loss p2: 0.152613
Benchmark Stats Training Round 38
W: 0.91, T: 0.00 (versus random)
W: 0.50, T: 0.00 (versus left)
W: 0.80, T: 0.00 (versus lvl1)
W: 0.23, T: 0.01 (versus lvl2)
Training round 38 completed in 2 minutes and 9 seconds.
Expected completion: 05:08 2020-05-19.
Training round 39 stats
Wins 0.50, Ties 0.00, Losses 0.50, Game Length 19.11 moves
Loss p1: 0.164518, Loss p2: 0.152736
Benchmark Stats Training Round 39
W: 0.81, T: 0.00 (versus random)
W: 0.50, T: 0.00 (versus left)
W: 0.70, T: 0.01 (versus lvl1)
W: 0.31, T: 0.01 (versus lvl2)
Training round 39 completed in 2 minutes and 16 seconds.
Expected completion: 05:15 2020-05-19.
Training round 40 stats
Wins 0.53, Ties 0.00, Losses 0.47, Game Length 18.95 moves
Loss p1: 0.168001, Loss p2: 0.156076
Benchmark Stats Training Round 40
W: 0.92, T: 0.01 (versus random)
W: 0.50, T: 0.00 (versus left)
W: 0.78, T: 0.00 (versus lvl1)
W: 0.25, T: 0.00 (versus lvl2)
Training round 40 completed in 2 minutes and 6 seconds.
Expected completion: 05:05 2020-05-19.
Training round 41 stats
Wins 0.52, Ties 0.00, Losses 0.47, Game Length 19.23 moves
Loss p1: 0.167532, Loss p2: 0.160915
Benchmark Stats Training Round 41
W: 0.87, T: 0.00 (versus random)
W: 0.50, T: 0.00 (versus left)
W: 0.78, T: 0.00 (versus lvl1)
W: 0.25, T: 0.00 (versus lvl2)
Training round 41 completed in 2 minutes and 9 seconds.
Expected completion: 05:08 2020-05-19.
Training round 42 stats
Wins 0.50, Ties 0.00, Losses 0.50, Game Length 19.38 moves
Loss p1: 0.162796, Loss p2: 0.152830
Benchmark Stats Training Round 42
W: 0.92, T: 0.00 (versus random)
W: 0.50, T: 0.00 (versus left)
W: 0.79, T: 0.00 (versus lvl1)
W: 0.20, T: 0.01 (versus lvl2)
Training round 42 completed in 2 minutes and 10 seconds.
Expected completion: 05:08 2020-05-19.
Training round 43 stats
Wins 0.51, Ties 0.00, Losses 0.49, Game Length 18.75 moves
Loss p1: 0.161699, Loss p2: 0.164113
Benchmark Stats Training Round 43
W: 0.92, T: 0.00 (versus random)
W: 0.50, T: 0.00 (versus left)
W: 0.72, T: 0.00 (versus lvl1)
W: 0.26, T: 0.00 (versus lvl2)
Training round 43 completed in 2 minutes and 6 seconds.
Expected completion: 05:05 2020-05-19.
Training round 44 stats
Wins 0.49, Ties 0.00, Losses 0.51, Game Length 19.32 moves
Loss p1: 0.163493, Loss p2: 0.156009
Benchmark Stats Training Round 44
W: 0.81, T: 0.00 (versus random)
W: 0.50, T: 0.00 (versus left)
W: 0.80, T: 0.00 (versus lvl1)
W: 0.27, T: 0.01 (versus lvl2)
Training round 44 completed in 2 minutes and 9 seconds.
Expected completion: 05:08 2020-05-19.
Training round 45 stats
Wins 0.49, Ties 0.00, Losses 0.51, Game Length 18.65 moves
Loss p1: 0.170463, Loss p2: 0.161406
Benchmark Stats Training Round 45
W: 0.90, T: 0.00 (versus random)
W: 0.50, T: 0.00 (versus left)
W: 0.65, T: 0.00 (versus lvl1)
W: 0.19, T: 0.00 (versus lvl2)
Training round 45 completed in 2 minutes and 6 seconds.
Expected completion: 05:05 2020-05-19.
Training round 46 stats
Wins 0.53, Ties 0.00, Losses 0.47, Game Length 19.03 moves
Loss p1: 0.165089, Loss p2: 0.153294
Benchmark Stats Training Round 46
W: 0.82, T: 0.00 (versus random)
W: 0.00, T: 0.00 (versus left)
W: 0.70, T: 0.00 (versus lvl1)
W: 0.31, T: 0.00 (versus lvl2)
Training round 46 completed in 2 minutes and 13 seconds.
Expected completion: 05:11 2020-05-19.
Training round 47 stats
Wins 0.52, Ties 0.00, Losses 0.48, Game Length 18.87 moves
Loss p1: 0.171410, Loss p2: 0.156886
Benchmark Stats Training Round 47
W: 0.90, T: 0.00 (versus random)
W: 0.50, T: 0.00 (versus left)
W: 0.69, T: 0.00 (versus lvl1)
W: 0.34, T: 0.00 (versus lvl2)
Training round 47 completed in 2 minutes and 0 seconds.
Expected completion: 05:00 2020-05-19.
Training round 48 stats
Wins 0.52, Ties 0.00, Losses 0.48, Game Length 18.89 moves
Loss p1: 0.174521, Loss p2: 0.160802
Benchmark Stats Training Round 48
W: 0.92, T: 0.00 (versus random)
W: 0.50, T: 0.00 (versus left)
W: 0.78, T: 0.00 (versus lvl1)
W: 0.21, T: 0.01 (versus lvl2)
Training round 48 completed in 2 minutes and 19 seconds.
Expected completion: 05:16 2020-05-19.
Training round 49 stats
Wins 0.49, Ties 0.00, Losses 0.51, Game Length 18.92 moves
Loss p1: 0.176320, Loss p2: 0.170924
Benchmark Stats Training Round 49
W: 0.84, T: 0.00 (versus random)
W: 0.50, T: 0.00 (versus left)
W: 0.75, T: 0.00 (versus lvl1)
W: 0.33, T: 0.00 (versus lvl2)
Training round 49 completed in 2 minutes and 5 seconds.
Expected completion: 05:05 2020-05-19.
Training round 50 stats
Wins 0.50, Ties 0.00, Losses 0.50, Game Length 18.75 moves
Loss p1: 0.169368, Loss p2: 0.168830
Benchmark Stats Training Round 50
W: 0.78, T: 0.01 (versus random)
W: 0.00, T: 0.00 (versus left)
W: 0.60, T: 0.00 (versus lvl1)
W: 0.23, T: 0.00 (versus lvl2)
Training round 50 completed in 2 minutes and 12 seconds.
Expected completion: 05:10 2020-05-19.
Training round 51 stats
Wins 0.48, Ties 0.00, Losses 0.52, Game Length 19.39 moves
Loss p1: 0.169217, Loss p2: 0.164628
Benchmark Stats Training Round 51
W: 0.72, T: 0.00 (versus random)
W: 0.00, T: 0.00 (versus left)
W: 0.71, T: 0.00 (versus lvl1)
W: 0.29, T: 0.01 (versus lvl2)
Training round 51 completed in 2 minutes and 10 seconds.
Expected completion: 05:09 2020-05-19.
Training round 52 stats
Wins 0.51, Ties 0.00, Losses 0.48, Game Length 18.99 moves
Loss p1: 0.173364, Loss p2: 0.164789
Benchmark Stats Training Round 52
W: 0.86, T: 0.00 (versus random)
W: 0.00, T: 0.00 (versus left)
W: 0.65, T: 0.00 (versus lvl1)
W: 0.26, T: 0.00 (versus lvl2)
Training round 52 completed in 2 minutes and 6 seconds.
Expected completion: 05:06 2020-05-19.
Training round 53 stats
Wins 0.50, Ties 0.00, Losses 0.49, Game Length 18.76 moves
Loss p1: 0.175325, Loss p2: 0.174981
Benchmark Stats Training Round 53
W: 0.90, T: 0.00 (versus random)
W: 0.50, T: 0.00 (versus left)
W: 0.79, T: 0.00 (versus lvl1)
W: 0.38, T: 0.00 (versus lvl2)
Training round 53 completed in 2 minutes and 5 seconds.
Expected completion: 05:04 2020-05-19.
Training round 54 stats
Wins 0.50, Ties 0.00, Losses 0.49, Game Length 18.70 moves
Loss p1: 0.168575, Loss p2: 0.161002
Benchmark Stats Training Round 54
W: 0.88, T: 0.01 (versus random)
W: 0.50, T: 0.00 (versus left)
W: 0.78, T: 0.00 (versus lvl1)
W: 0.24, T: 0.01 (versus lvl2)
Training round 54 completed in 2 minutes and 7 seconds.
Expected completion: 05:06 2020-05-19.
Training round 55 stats
Wins 0.49, Ties 0.00, Losses 0.51, Game Length 19.00 moves
Loss p1: 0.173772, Loss p2: 0.171663
Benchmark Stats Training Round 55
W: 0.92, T: 0.00 (versus random)
W: 0.50, T: 0.00 (versus left)
W: 0.82, T: 0.00 (versus lvl1)
W: 0.39, T: 0.02 (versus lvl2)
Training round 55 completed in 2 minutes and 6 seconds.
Expected completion: 05:06 2020-05-19.
Training round 56 stats
Wins 0.49, Ties 0.00, Losses 0.51, Game Length 18.84 moves
Loss p1: 0.173211, Loss p2: 0.174649
Benchmark Stats Training Round 56
W: 0.91, T: 0.00 (versus random)
W: 0.50, T: 0.00 (versus left)
W: 0.69, T: 0.00 (versus lvl1)
W: 0.27, T: 0.01 (versus lvl2)
Training round 56 completed in 2 minutes and 11 seconds.
Expected completion: 05:10 2020-05-19.
Training round 57 stats
Wins 0.50, Ties 0.00, Losses 0.50, Game Length 18.96 moves
Loss p1: 0.177314, Loss p2: 0.174290
Benchmark Stats Training Round 57
W: 0.88, T: 0.00 (versus random)
W: 0.50, T: 0.00 (versus left)
W: 0.76, T: 0.00 (versus lvl1)
W: 0.46, T: 0.00 (versus lvl2)
Training round 57 completed in 2 minutes and 6 seconds.
Expected completion: 05:06 2020-05-19.
Training round 58 stats
Wins 0.52, Ties 0.00, Losses 0.48, Game Length 19.15 moves
Loss p1: 0.168748, Loss p2: 0.164057
Benchmark Stats Training Round 58
W: 0.94, T: 0.00 (versus random)
W: 0.50, T: 0.00 (versus left)
W: 0.71, T: 0.00 (versus lvl1)
W: 0.27, T: 0.00 (versus lvl2)
Training round 58 completed in 2 minutes and 16 seconds.
Expected completion: 05:13 2020-05-19.
Training round 59 stats
Wins 0.49, Ties 0.00, Losses 0.51, Game Length 18.86 moves
Loss p1: 0.179542, Loss p2: 0.174057
Benchmark Stats Training Round 59
W: 0.85, T: 0.00 (versus random)
W: 0.50, T: 0.00 (versus left)
W: 0.81, T: 0.00 (versus lvl1)
W: 0.30, T: 0.01 (versus lvl2)
Training round 59 completed in 2 minutes and 14 seconds.
Expected completion: 05:11 2020-05-19.
Training round 60 stats
Wins 0.51, Ties 0.00, Losses 0.49, Game Length 19.20 moves
Loss p1: 0.187090, Loss p2: 0.181071
Benchmark Stats Training Round 60
W: 0.89, T: 0.00 (versus random)
W: 0.50, T: 0.00 (versus left)
W: 0.80, T: 0.00 (versus lvl1)
W: 0.23, T: 0.00 (versus lvl2)
Training round 60 completed in 2 minutes and 4 seconds.
Expected completion: 05:04 2020-05-19.
Training round 61 stats
Wins 0.50, Ties 0.00, Losses 0.50, Game Length 18.64 moves
Loss p1: 0.197550, Loss p2: 0.186383
Benchmark Stats Training Round 61
W: 0.85, T: 0.00 (versus random)
W: 1.00, T: 0.00 (versus left)
W: 0.72, T: 0.00 (versus lvl1)
W: 0.22, T: 0.00 (versus lvl2)
Training round 61 completed in 2 minutes and 15 seconds.
Expected completion: 05:12 2020-05-19.
Training round 62 stats
Wins 0.47, Ties 0.00, Losses 0.53, Game Length 19.23 moves
Loss p1: 0.183661, Loss p2: 0.177616
Benchmark Stats Training Round 62
W: 0.85, T: 0.00 (versus random)
W: 0.50, T: 0.00 (versus left)
W: 0.74, T: 0.00 (versus lvl1)
W: 0.42, T: 0.00 (versus lvl2)
Training round 62 completed in 2 minutes and 9 seconds.
Expected completion: 05:08 2020-05-19.
Training round 63 stats
Wins 0.54, Ties 0.01, Losses 0.45, Game Length 19.38 moves
Loss p1: 0.167386, Loss p2: 0.182860
Benchmark Stats Training Round 63
W: 0.93, T: 0.00 (versus random)
W: 0.00, T: 0.00 (versus left)
W: 0.78, T: 0.00 (versus lvl1)
W: 0.28, T: 0.01 (versus lvl2)
Training round 63 completed in 2 minutes and 13 seconds.
Expected completion: 05:10 2020-05-19.
Training round 64 stats
Wins 0.52, Ties 0.00, Losses 0.48, Game Length 18.77 moves
Loss p1: 0.178081, Loss p2: 0.186356
Benchmark Stats Training Round 64
W: 0.82, T: 0.00 (versus random)
W: 0.00, T: 0.00 (versus left)
W: 0.77, T: 0.00 (versus lvl1)
W: 0.18, T: 0.01 (versus lvl2)
Training round 64 completed in 2 minutes and 21 seconds.
Expected completion: 05:15 2020-05-19.
Training round 65 stats
Wins 0.49, Ties 0.00, Losses 0.51, Game Length 18.92 moves
Loss p1: 0.194730, Loss p2: 0.177146
Benchmark Stats Training Round 65
W: 0.83, T: 0.00 (versus random)
W: 0.50, T: 0.00 (versus left)
W: 0.80, T: 0.00 (versus lvl1)
W: 0.46, T: 0.00 (versus lvl2)
Training round 65 completed in 2 minutes and 9 seconds.
Expected completion: 05:08 2020-05-19.
Training round 66 stats
Wins 0.53, Ties 0.00, Losses 0.47, Game Length 19.07 moves
Loss p1: 0.188841, Loss p2: 0.177207
Benchmark Stats Training Round 66
W: 0.92, T: 0.00 (versus random)
W: 0.50, T: 0.00 (versus left)
W: 0.80, T: 0.00 (versus lvl1)
W: 0.43, T: 0.00 (versus lvl2)
Training round 66 completed in 2 minutes and 7 seconds.
Expected completion: 05:07 2020-05-19.
Training round 67 stats
Wins 0.49, Ties 0.00, Losses 0.51, Game Length 19.40 moves
Loss p1: 0.179163, Loss p2: 0.179288
Benchmark Stats Training Round 67
W: 0.86, T: 0.00 (versus random)
W: 0.00, T: 0.00 (versus left)
W: 0.76, T: 0.00 (versus lvl1)
W: 0.29, T: 0.01 (versus lvl2)
Training round 67 completed in 2 minutes and 16 seconds.
Expected completion: 05:12 2020-05-19.
Training round 68 stats
Wins 0.52, Ties 0.00, Losses 0.48, Game Length 18.51 moves
Loss p1: 0.189316, Loss p2: 0.180194
Benchmark Stats Training Round 68
W: 0.93, T: 0.00 (versus random)
W: 0.50, T: 0.00 (versus left)
W: 0.83, T: 0.00 (versus lvl1)
W: 0.23, T: 0.01 (versus lvl2)
Training round 68 completed in 2 minutes and 7 seconds.
Expected completion: 05:07 2020-05-19.
Training round 69 stats
Wins 0.51, Ties 0.01, Losses 0.49, Game Length 19.08 moves
Loss p1: 0.184497, Loss p2: 0.180277
Benchmark Stats Training Round 69
W: 0.79, T: 0.00 (versus random)
W: 0.50, T: 0.00 (versus left)
W: 0.62, T: 0.00 (versus lvl1)
W: 0.16, T: 0.00 (versus lvl2)
Training round 69 completed in 2 minutes and 15 seconds.
Expected completion: 05:11 2020-05-19.
Training round 70 stats
Wins 0.50, Ties 0.00, Losses 0.50, Game Length 18.91 moves
Loss p1: 0.192999, Loss p2: 0.176202
Benchmark Stats Training Round 70
W: 0.94, T: 0.00 (versus random)
W: 0.50, T: 0.00 (versus left)
W: 0.77, T: 0.00 (versus lvl1)
W: 0.19, T: 0.00 (versus lvl2)
Training round 70 completed in 2 minutes and 11 seconds.
Expected completion: 05:10 2020-05-19.
Training round 71 stats
Wins 0.51, Ties 0.00, Losses 0.48, Game Length 19.12 moves
Loss p1: 0.183716, Loss p2: 0.180927
Benchmark Stats Training Round 71
W: 0.85, T: 0.00 (versus random)
W: 0.00, T: 0.00 (versus left)
W: 0.57, T: 0.00 (versus lvl1)
W: 0.18, T: 0.01 (versus lvl2)
Training round 71 completed in 2 minutes and 13 seconds.
Expected completion: 05:11 2020-05-19.
Training round 72 stats
Wins 0.54, Ties 0.00, Losses 0.46, Game Length 18.88 moves
Loss p1: 0.190611, Loss p2: 0.183755
Benchmark Stats Training Round 72
W: 0.93, T: 0.00 (versus random)
W: 0.50, T: 0.00 (versus left)
W: 0.72, T: 0.00 (versus lvl1)
W: 0.22, T: 0.00 (versus lvl2)
Training round 72 completed in 2 minutes and 12 seconds.
Expected completion: 05:10 2020-05-19.
Training round 73 stats
Wins 0.48, Ties 0.00, Losses 0.52, Game Length 19.35 moves
Loss p1: 0.187099, Loss p2: 0.186231
Benchmark Stats Training Round 73
W: 0.86, T: 0.00 (versus random)
W: 0.50, T: 0.00 (versus left)
W: 0.66, T: 0.00 (versus lvl1)
W: 0.20, T: 0.00 (versus lvl2)
Training round 73 completed in 2 minutes and 16 seconds.
Expected completion: 05:12 2020-05-19.
Training round 74 stats
Wins 0.50, Ties 0.00, Losses 0.50, Game Length 19.18 moves
Loss p1: 0.187660, Loss p2: 0.196513
Benchmark Stats Training Round 74
W: 0.88, T: 0.00 (versus random)
W: 0.50, T: 0.00 (versus left)
W: 0.77, T: 0.01 (versus lvl1)
W: 0.29, T: 0.00 (versus lvl2)
Training round 74 completed in 2 minutes and 13 seconds.
Expected completion: 05:11 2020-05-19.
Training round 75 stats
Wins 0.47, Ties 0.00, Losses 0.52, Game Length 18.96 moves
Loss p1: 0.202094, Loss p2: 0.199384
Benchmark Stats Training Round 75
W: 0.90, T: 0.00 (versus random)
W: 0.50, T: 0.00 (versus left)
W: 0.80, T: 0.00 (versus lvl1)
W: 0.38, T: 0.00 (versus lvl2)
Training round 75 completed in 2 minutes and 13 seconds.
Expected completion: 05:11 2020-05-19.
Training round 76 stats
Wins 0.53, Ties 0.01, Losses 0.47, Game Length 19.35 moves
Loss p1: 0.183232, Loss p2: 0.192729
Benchmark Stats Training Round 76
W: 0.91, T: 0.00 (versus random)
W: 1.00, T: 0.00 (versus left)
W: 0.73, T: 0.00 (versus lvl1)
W: 0.28, T: 0.00 (versus lvl2)
Training round 76 completed in 2 minutes and 15 seconds.
Expected completion: 05:11 2020-05-19.
Training round 77 stats
Wins 0.52, Ties 0.00, Losses 0.47, Game Length 18.64 moves
Loss p1: 0.192141, Loss p2: 0.201833
Benchmark Stats Training Round 77
W: 0.96, T: 0.00 (versus random)
W: 0.50, T: 0.00 (versus left)
W: 0.90, T: 0.00 (versus lvl1)
W: 0.27, T: 0.00 (versus lvl2)
Training round 77 completed in 2 minutes and 12 seconds.
Expected completion: 05:10 2020-05-19.
Training round 78 stats
Wins 0.51, Ties 0.00, Losses 0.49, Game Length 19.14 moves
Loss p1: 0.188216, Loss p2: 0.185744
Benchmark Stats Training Round 78
W: 0.80, T: 0.00 (versus random)
W: 0.00, T: 0.00 (versus left)
W: 0.77, T: 0.00 (versus lvl1)
W: 0.18, T: 0.00 (versus lvl2)
Training round 78 completed in 2 minutes and 18 seconds.
Expected completion: 05:12 2020-05-19.
Training round 79 stats
Wins 0.50, Ties 0.00, Losses 0.50, Game Length 18.50 moves
Loss p1: 0.207972, Loss p2: 0.199245
Benchmark Stats Training Round 79
W: 0.78, T: 0.00 (versus random)
W: 1.00, T: 0.00 (versus left)
W: 0.69, T: 0.00 (versus lvl1)
W: 0.22, T: 0.00 (versus lvl2)
Training round 79 completed in 2 minutes and 12 seconds.
Expected completion: 05:10 2020-05-19.
Training round 80 stats
Wins 0.49, Ties 0.00, Losses 0.51, Game Length 18.88 moves
Loss p1: 0.197220, Loss p2: 0.186777
Benchmark Stats Training Round 80
W: 0.92, T: 0.00 (versus random)
W: 0.50, T: 0.00 (versus left)
W: 0.83, T: 0.00 (versus lvl1)
W: 0.17, T: 0.00 (versus lvl2)
Training round 80 completed in 2 minutes and 13 seconds.
Expected completion: 05:10 2020-05-19.
Training round 81 stats
Wins 0.52, Ties 0.00, Losses 0.48, Game Length 19.04 moves
Loss p1: 0.195438, Loss p2: 0.189028
Benchmark Stats Training Round 81
W: 0.92, T: 0.00 (versus random)
W: 0.50, T: 0.00 (versus left)
W: 0.74, T: 0.00 (versus lvl1)
W: 0.30, T: 0.00 (versus lvl2)
Training round 81 completed in 2 minutes and 12 seconds.
Expected completion: 05:10 2020-05-19.
Training round 82 stats
Wins 0.51, Ties 0.00, Losses 0.49, Game Length 18.84 moves
Loss p1: 0.208849, Loss p2: 0.197951
Benchmark Stats Training Round 82
W: 0.95, T: 0.00 (versus random)
W: 0.50, T: 0.00 (versus left)
W: 0.80, T: 0.00 (versus lvl1)
W: 0.18, T: 0.00 (versus lvl2)
Training round 82 completed in 2 minutes and 13 seconds.
Expected completion: 05:10 2020-05-19.
Training round 83 stats
Wins 0.53, Ties 0.00, Losses 0.47, Game Length 19.24 moves
Loss p1: 0.196231, Loss p2: 0.191699
Benchmark Stats Training Round 83
W: 0.84, T: 0.00 (versus random)
W: 0.50, T: 0.00 (versus left)
W: 0.83, T: 0.00 (versus lvl1)
W: 0.23, T: 0.00 (versus lvl2)
Training round 83 completed in 2 minutes and 12 seconds.
Expected completion: 05:10 2020-05-19.
Training round 84 stats
Wins 0.52, Ties 0.00, Losses 0.48, Game Length 19.02 moves
Loss p1: 0.208006, Loss p2: 0.202194
Benchmark Stats Training Round 84
W: 0.88, T: 0.00 (versus random)
W: 1.00, T: 0.00 (versus left)
W: 0.78, T: 0.00 (versus lvl1)
W: 0.37, T: 0.00 (versus lvl2)
Training round 84 completed in 2 minutes and 12 seconds.
Expected completion: 05:10 2020-05-19.
Training round 85 stats
Wins 0.50, Ties 0.00, Losses 0.50, Game Length 18.92 moves
Loss p1: 0.187769, Loss p2: 0.200658
Benchmark Stats Training Round 85
W: 0.85, T: 0.02 (versus random)
W: 0.00, T: 0.00 (versus left)
W: 0.79, T: 0.00 (versus lvl1)
W: 0.25, T: 0.01 (versus lvl2)
Training round 85 completed in 2 minutes and 17 seconds.
Expected completion: 05:12 2020-05-19.
Training round 86 stats
Wins 0.52, Ties 0.00, Losses 0.48, Game Length 18.73 moves
Loss p1: 0.192158, Loss p2: 0.202492
Benchmark Stats Training Round 86
W: 0.89, T: 0.00 (versus random)
W: 0.00, T: 0.00 (versus left)
W: 0.73, T: 0.00 (versus lvl1)
W: 0.33, T: 0.01 (versus lvl2)
Training round 86 completed in 2 minutes and 15 seconds.
Expected completion: 05:11 2020-05-19.
Training round 87 stats
Wins 0.54, Ties 0.00, Losses 0.46, Game Length 18.92 moves
Loss p1: 0.186139, Loss p2: 0.193372
Benchmark Stats Training Round 87
W: 0.88, T: 0.00 (versus random)
W: 0.50, T: 0.00 (versus left)
W: 0.81, T: 0.00 (versus lvl1)
W: 0.28, T: 0.00 (versus lvl2)
Training round 87 completed in 2 minutes and 9 seconds.
Expected completion: 05:10 2020-05-19.
Training round 88 stats
Wins 0.50, Ties 0.00, Losses 0.50, Game Length 18.67 moves
Loss p1: 0.199454, Loss p2: 0.200603
Benchmark Stats Training Round 88
W: 0.80, T: 0.00 (versus random)
W: 0.00, T: 0.00 (versus left)
W: 0.76, T: 0.00 (versus lvl1)
W: 0.20, T: 0.01 (versus lvl2)
Training round 88 completed in 2 minutes and 20 seconds.
Expected completion: 05:12 2020-05-19.
Training round 89 stats
Wins 0.51, Ties 0.00, Losses 0.49, Game Length 18.68 moves
Loss p1: 0.198374, Loss p2: 0.208076
Benchmark Stats Training Round 89
W: 0.87, T: 0.00 (versus random)
W: 0.50, T: 0.00 (versus left)
W: 0.83, T: 0.00 (versus lvl1)
W: 0.29, T: 0.02 (versus lvl2)
Training round 89 completed in 2 minutes and 9 seconds.
Expected completion: 05:10 2020-05-19.
Training round 90 stats
Wins 0.50, Ties 0.00, Losses 0.50, Game Length 19.07 moves
Loss p1: 0.198113, Loss p2: 0.204370
Benchmark Stats Training Round 90
W: 0.85, T: 0.00 (versus random)
W: 0.50, T: 0.00 (versus left)
W: 0.84, T: 0.00 (versus lvl1)
W: 0.38, T: 0.01 (versus lvl2)
Training round 90 completed in 2 minutes and 14 seconds.
Expected completion: 05:11 2020-05-19.
Training round 91 stats
Wins 0.53, Ties 0.00, Losses 0.46, Game Length 18.98 moves
Loss p1: 0.202561, Loss p2: 0.207053
Benchmark Stats Training Round 91
W: 0.83, T: 0.01 (versus random)
W: 0.00, T: 0.00 (versus left)
W: 0.67, T: 0.00 (versus lvl1)
W: 0.25, T: 0.01 (versus lvl2)
Training round 91 completed in 2 minutes and 18 seconds.
Expected completion: 05:11 2020-05-19.
Training round 92 stats
Wins 0.51, Ties 0.00, Losses 0.49, Game Length 18.94 moves
Loss p1: 0.206457, Loss p2: 0.202841
Benchmark Stats Training Round 92
W: 0.91, T: 0.00 (versus random)
W: 0.50, T: 0.00 (versus left)
W: 0.67, T: 0.00 (versus lvl1)
W: 0.29, T: 0.01 (versus lvl2)
Training round 92 completed in 2 minutes and 12 seconds.
Expected completion: 05:11 2020-05-19.
Training round 93 stats
Wins 0.52, Ties 0.00, Losses 0.47, Game Length 19.11 moves
Loss p1: 0.206585, Loss p2: 0.203624
Benchmark Stats Training Round 93
W: 0.89, T: 0.00 (versus random)
W: 0.50, T: 0.00 (versus left)
W: 0.84, T: 0.00 (versus lvl1)
W: 0.26, T: 0.02 (versus lvl2)
Training round 93 completed in 2 minutes and 12 seconds.
Expected completion: 05:10 2020-05-19.
Training round 94 stats
Wins 0.52, Ties 0.00, Losses 0.48, Game Length 19.09 moves
Loss p1: 0.211735, Loss p2: 0.202622
Benchmark Stats Training Round 94
W: 0.86, T: 0.00 (versus random)
W: 0.50, T: 0.00 (versus left)
W: 0.68, T: 0.00 (versus lvl1)
W: 0.27, T: 0.01 (versus lvl2)
Training round 94 completed in 2 minutes and 15 seconds.
Expected completion: 05:11 2020-05-19.
Training round 95 stats
Wins 0.49, Ties 0.00, Losses 0.51, Game Length 19.11 moves
Loss p1: 0.211697, Loss p2: 0.205492
Benchmark Stats Training Round 95
W: 0.97, T: 0.00 (versus random)
W: 0.50, T: 0.00 (versus left)
W: 0.91, T: 0.00 (versus lvl1)
W: 0.44, T: 0.00 (versus lvl2)
Training round 95 completed in 2 minutes and 7 seconds.
Expected completion: 05:10 2020-05-19.
Training round 96 stats
Wins 0.50, Ties 0.00, Losses 0.50, Game Length 18.76 moves
Loss p1: 0.207832, Loss p2: 0.201932
Benchmark Stats Training Round 96
W: 0.83, T: 0.00 (versus random)
W: 0.50, T: 0.00 (versus left)
W: 0.65, T: 0.00 (versus lvl1)
W: 0.27, T: 0.00 (versus lvl2)
Training round 96 completed in 2 minutes and 17 seconds.
Expected completion: 05:11 2020-05-19.
Training round 97 stats
Wins 0.49, Ties 0.00, Losses 0.51, Game Length 18.44 moves
Loss p1: 0.202768, Loss p2: 0.201741
Benchmark Stats Training Round 97
W: 0.87, T: 0.01 (versus random)
W: 0.50, T: 0.00 (versus left)
W: 0.76, T: 0.00 (versus lvl1)
W: 0.27, T: 0.01 (versus lvl2)
Training round 97 completed in 2 minutes and 15 seconds.
Expected completion: 05:11 2020-05-19.
Training round 98 stats
Wins 0.54, Ties 0.00, Losses 0.46, Game Length 19.27 moves
Loss p1: 0.208481, Loss p2: 0.203598
Benchmark Stats Training Round 98
W: 0.91, T: 0.00 (versus random)
W: 0.50, T: 0.00 (versus left)
W: 0.79, T: 0.00 (versus lvl1)
W: 0.33, T: 0.00 (versus lvl2)
Training round 98 completed in 2 minutes and 9 seconds.
Expected completion: 05:10 2020-05-19.
Training round 99 stats
Wins 0.50, Ties 0.00, Losses 0.49, Game Length 18.97 moves
Loss p1: 0.207480, Loss p2: 0.201390
Benchmark Stats Training Round 99
W: 0.87, T: 0.00 (versus random)
W: 0.50, T: 0.00 (versus left)
W: 0.91, T: 0.00 (versus lvl1)
W: 0.36, T: 0.00 (versus lvl2)
Training round 99 completed in 2 minutes and 12 seconds.
Expected completion: 05:11 2020-05-19.
Training round 100 stats
Wins 0.51, Ties 0.00, Losses 0.49, Game Length 18.56 moves
Loss p1: 0.204905, Loss p2: 0.201311
Benchmark Stats Training Round 100
W: 0.93, T: 0.00 (versus random)
W: 0.50, T: 0.00 (versus left)
W: 0.88, T: 0.00 (versus lvl1)
W: 0.27, T: 0.00 (versus lvl2)
Training round 100 completed in 2 minutes and 14 seconds.
Expected completion: 05:11 2020-05-19.
