Training Neural Net on Connect 4
  self_play_batch_size: 1000
  benchmark_batch_size: 100
  training_rounds: 100
  memory_size: 1000
  network: C
  exploration: cte
  loss: MSE
  encoding: integer
  optimizer: Adam
  experience: yes

Benchmark Stats Training Round 0
W: 0.68, T: 0.00 (versus random)
W: 0.50, T: 0.00 (versus left)
W: 0.54, T: 0.00 (versus lvl1)
W: 0.07, T: 0.01 (versus lvl2)
Training round 1 stats
Wins 0.50, Ties 0.00, Losses 0.50, Game Length 19.61 moves
Loss p1: 0.170859, Loss p2: 0.164322
Benchmark Stats Training Round 1
W: 0.85, T: 0.00 (versus random)
W: 0.50, T: 0.00 (versus left)
W: 0.73, T: 0.00 (versus lvl1)
W: 0.26, T: 0.01 (versus lvl2)
Training round 1 completed in 1 minutes and 4 seconds.
Expected completion: 16:55 2020-05-18.
Training round 2 stats
Wins 0.50, Ties 0.00, Losses 0.50, Game Length 19.30 moves
Loss p1: 0.135710, Loss p2: 0.136391
Benchmark Stats Training Round 2
W: 0.86, T: 0.00 (versus random)
W: 0.50, T: 0.00 (versus left)
W: 0.62, T: 0.00 (versus lvl1)
W: 0.16, T: 0.01 (versus lvl2)
Training round 2 completed in 1 minutes and 7 seconds.
Expected completion: 16:59 2020-05-18.
Training round 3 stats
Wins 0.50, Ties 0.00, Losses 0.49, Game Length 19.01 moves
Loss p1: 0.130714, Loss p2: 0.128935
Benchmark Stats Training Round 3
W: 0.95, T: 0.00 (versus random)
W: 0.50, T: 0.00 (versus left)
W: 0.79, T: 0.00 (versus lvl1)
W: 0.36, T: 0.01 (versus lvl2)
Training round 3 completed in 1 minutes and 0 seconds.
Expected completion: 16:49 2020-05-18.
Training round 4 stats
Wins 0.50, Ties 0.00, Losses 0.50, Game Length 19.21 moves
Loss p1: 0.127938, Loss p2: 0.128057
Benchmark Stats Training Round 4
W: 0.76, T: 0.00 (versus random)
W: 1.00, T: 0.00 (versus left)
W: 0.62, T: 0.00 (versus lvl1)
W: 0.22, T: 0.00 (versus lvl2)
Training round 4 completed in 1 minutes and 4 seconds.
Expected completion: 16:55 2020-05-18.
Training round 5 stats
Wins 0.50, Ties 0.00, Losses 0.49, Game Length 19.04 moves
Loss p1: 0.121480, Loss p2: 0.120881
Benchmark Stats Training Round 5
W: 0.86, T: 0.00 (versus random)
W: 1.00, T: 0.00 (versus left)
W: 0.64, T: 0.00 (versus lvl1)
W: 0.23, T: 0.01 (versus lvl2)
Training round 5 completed in 1 minutes and 4 seconds.
Expected completion: 16:55 2020-05-18.
Training round 6 stats
Wins 0.51, Ties 0.00, Losses 0.49, Game Length 19.16 moves
Loss p1: 0.130365, Loss p2: 0.126549
Benchmark Stats Training Round 6
W: 0.77, T: 0.00 (versus random)
W: 0.50, T: 0.00 (versus left)
W: 0.59, T: 0.00 (versus lvl1)
W: 0.28, T: 0.01 (versus lvl2)
Training round 6 completed in 1 minutes and 6 seconds.
Expected completion: 16:58 2020-05-18.
Training round 7 stats
Wins 0.52, Ties 0.00, Losses 0.48, Game Length 19.06 moves
Loss p1: 0.135624, Loss p2: 0.128888
Benchmark Stats Training Round 7
W: 0.86, T: 0.00 (versus random)
W: 0.50, T: 0.00 (versus left)
W: 0.77, T: 0.00 (versus lvl1)
W: 0.27, T: 0.03 (versus lvl2)
Training round 7 completed in 1 minutes and 6 seconds.
Expected completion: 16:57 2020-05-18.
Training round 8 stats
Wins 0.50, Ties 0.00, Losses 0.50, Game Length 18.99 moves
Loss p1: 0.129868, Loss p2: 0.131772
Benchmark Stats Training Round 8
W: 0.82, T: 0.00 (versus random)
W: 0.50, T: 0.00 (versus left)
W: 0.78, T: 0.00 (versus lvl1)
W: 0.23, T: 0.01 (versus lvl2)
Training round 8 completed in 1 minutes and 6 seconds.
Expected completion: 16:57 2020-05-18.
Training round 9 stats
Wins 0.49, Ties 0.00, Losses 0.50, Game Length 19.39 moves
Loss p1: 0.134103, Loss p2: 0.130739
Benchmark Stats Training Round 9
W: 0.86, T: 0.00 (versus random)
W: 0.50, T: 0.00 (versus left)
W: 0.81, T: 0.00 (versus lvl1)
W: 0.20, T: 0.01 (versus lvl2)
Training round 9 completed in 1 minutes and 6 seconds.
Expected completion: 16:58 2020-05-18.
Training round 10 stats
Wins 0.50, Ties 0.00, Losses 0.50, Game Length 19.54 moves
Loss p1: 0.132134, Loss p2: 0.131636
Benchmark Stats Training Round 10
W: 0.80, T: 0.00 (versus random)
W: 0.00, T: 0.00 (versus left)
W: 0.65, T: 0.00 (versus lvl1)
W: 0.15, T: 0.00 (versus lvl2)
Training round 10 completed in 1 minutes and 4 seconds.
Expected completion: 16:56 2020-05-18.
Training round 11 stats
Wins 0.51, Ties 0.00, Losses 0.49, Game Length 19.03 moves
Loss p1: 0.139072, Loss p2: 0.134814
Benchmark Stats Training Round 11
W: 0.84, T: 0.00 (versus random)
W: 0.50, T: 0.00 (versus left)
W: 0.61, T: 0.00 (versus lvl1)
W: 0.12, T: 0.01 (versus lvl2)
Training round 11 completed in 1 minutes and 7 seconds.
Expected completion: 16:59 2020-05-18.
Training round 12 stats
Wins 0.52, Ties 0.00, Losses 0.48, Game Length 18.87 moves
Loss p1: 0.138783, Loss p2: 0.132131
Benchmark Stats Training Round 12
W: 0.89, T: 0.00 (versus random)
W: 0.00, T: 0.00 (versus left)
W: 0.71, T: 0.00 (versus lvl1)
W: 0.29, T: 0.00 (versus lvl2)
Training round 12 completed in 1 minutes and 3 seconds.
Expected completion: 16:53 2020-05-18.
Training round 13 stats
Wins 0.53, Ties 0.00, Losses 0.47, Game Length 18.72 moves
Loss p1: 0.135098, Loss p2: 0.137107
Benchmark Stats Training Round 13
W: 0.85, T: 0.00 (versus random)
W: 0.50, T: 0.00 (versus left)
W: 0.73, T: 0.00 (versus lvl1)
W: 0.21, T: 0.05 (versus lvl2)
Training round 13 completed in 1 minutes and 8 seconds.
Expected completion: 17:01 2020-05-18.
Training round 14 stats
Wins 0.49, Ties 0.00, Losses 0.51, Game Length 18.94 moves
Loss p1: 0.134070, Loss p2: 0.140749
Benchmark Stats Training Round 14
W: 0.89, T: 0.00 (versus random)
W: 0.50, T: 0.00 (versus left)
W: 0.75, T: 0.00 (versus lvl1)
W: 0.35, T: 0.00 (versus lvl2)
Training round 14 completed in 1 minutes and 2 seconds.
Expected completion: 16:53 2020-05-18.
Training round 15 stats
Wins 0.51, Ties 0.00, Losses 0.49, Game Length 18.89 moves
Loss p1: 0.137423, Loss p2: 0.136203
Benchmark Stats Training Round 15
W: 0.83, T: 0.00 (versus random)
W: 0.50, T: 0.00 (versus left)
W: 0.57, T: 0.00 (versus lvl1)
W: 0.15, T: 0.01 (versus lvl2)
Training round 15 completed in 1 minutes and 6 seconds.
Expected completion: 16:58 2020-05-18.
Training round 16 stats
Wins 0.47, Ties 0.01, Losses 0.53, Game Length 19.36 moves
Loss p1: 0.140283, Loss p2: 0.137225
Benchmark Stats Training Round 16
W: 0.82, T: 0.00 (versus random)
W: 0.50, T: 0.00 (versus left)
W: 0.73, T: 0.00 (versus lvl1)
W: 0.35, T: 0.00 (versus lvl2)
Training round 16 completed in 1 minutes and 6 seconds.
Expected completion: 16:58 2020-05-18.
Training round 17 stats
Wins 0.49, Ties 0.00, Losses 0.50, Game Length 19.19 moves
Loss p1: 0.138090, Loss p2: 0.137825
Benchmark Stats Training Round 17
W: 0.91, T: 0.00 (versus random)
W: 0.50, T: 0.00 (versus left)
W: 0.79, T: 0.00 (versus lvl1)
W: 0.51, T: 0.00 (versus lvl2)
Training round 17 completed in 1 minutes and 0 seconds.
Expected completion: 16:50 2020-05-18.
Training round 18 stats
Wins 0.52, Ties 0.00, Losses 0.48, Game Length 18.98 moves
Loss p1: 0.141639, Loss p2: 0.138785
Benchmark Stats Training Round 18
W: 0.90, T: 0.00 (versus random)
W: 0.50, T: 0.00 (versus left)
W: 0.66, T: 0.00 (versus lvl1)
W: 0.26, T: 0.00 (versus lvl2)
Training round 18 completed in 1 minutes and 3 seconds.
Expected completion: 16:54 2020-05-18.
Training round 19 stats
Wins 0.48, Ties 0.00, Losses 0.51, Game Length 18.96 moves
Loss p1: 0.145263, Loss p2: 0.147453
Benchmark Stats Training Round 19
W: 0.93, T: 0.00 (versus random)
W: 0.50, T: 0.00 (versus left)
W: 0.75, T: 0.00 (versus lvl1)
W: 0.24, T: 0.01 (versus lvl2)
Training round 19 completed in 1 minutes and 4 seconds.
Expected completion: 16:54 2020-05-18.
Training round 20 stats
Wins 0.51, Ties 0.00, Losses 0.49, Game Length 19.17 moves
Loss p1: 0.136584, Loss p2: 0.144167
Benchmark Stats Training Round 20
W: 0.85, T: 0.01 (versus random)
W: 1.00, T: 0.00 (versus left)
W: 0.70, T: 0.00 (versus lvl1)
W: 0.18, T: 0.00 (versus lvl2)
Training round 20 completed in 1 minutes and 3 seconds.
Expected completion: 16:54 2020-05-18.
Training round 21 stats
Wins 0.50, Ties 0.00, Losses 0.50, Game Length 18.94 moves
Loss p1: 0.143161, Loss p2: 0.143529
Benchmark Stats Training Round 21
W: 0.89, T: 0.00 (versus random)
W: 0.50, T: 0.00 (versus left)
W: 0.79, T: 0.00 (versus lvl1)
W: 0.28, T: 0.00 (versus lvl2)
Training round 21 completed in 1 minutes and 0 seconds.
Expected completion: 16:50 2020-05-18.
Training round 22 stats
Wins 0.51, Ties 0.00, Losses 0.49, Game Length 19.26 moves
Loss p1: 0.144942, Loss p2: 0.142842
Benchmark Stats Training Round 22
W: 0.97, T: 0.00 (versus random)
W: 0.50, T: 0.00 (versus left)
W: 0.83, T: 0.00 (versus lvl1)
W: 0.33, T: 0.02 (versus lvl2)
Training round 22 completed in 1 minutes and 5 seconds.
Expected completion: 16:56 2020-05-18.
Training round 23 stats
Wins 0.50, Ties 0.01, Losses 0.49, Game Length 18.96 moves
Loss p1: 0.138457, Loss p2: 0.137960
Benchmark Stats Training Round 23
W: 0.75, T: 0.00 (versus random)
W: 0.00, T: 0.00 (versus left)
W: 0.61, T: 0.00 (versus lvl1)
W: 0.18, T: 0.00 (versus lvl2)
Training round 23 completed in 1 minutes and 4 seconds.
Expected completion: 16:55 2020-05-18.
Training round 24 stats
Wins 0.47, Ties 0.01, Losses 0.53, Game Length 19.02 moves
Loss p1: 0.143458, Loss p2: 0.144330
Benchmark Stats Training Round 24
W: 0.88, T: 0.00 (versus random)
W: 0.50, T: 0.00 (versus left)
W: 0.67, T: 0.00 (versus lvl1)
W: 0.19, T: 0.02 (versus lvl2)
Training round 24 completed in 1 minutes and 7 seconds.
Expected completion: 16:59 2020-05-18.
Training round 25 stats
Wins 0.51, Ties 0.00, Losses 0.49, Game Length 19.29 moves
Loss p1: 0.148100, Loss p2: 0.148633
Benchmark Stats Training Round 25
W: 0.88, T: 0.00 (versus random)
W: 0.50, T: 0.00 (versus left)
W: 0.73, T: 0.00 (versus lvl1)
W: 0.23, T: 0.02 (versus lvl2)
Training round 25 completed in 1 minutes and 7 seconds.
Expected completion: 16:59 2020-05-18.
Training round 26 stats
Wins 0.49, Ties 0.00, Losses 0.50, Game Length 19.16 moves
Loss p1: 0.153395, Loss p2: 0.153426
Benchmark Stats Training Round 26
W: 0.89, T: 0.00 (versus random)
W: 0.00, T: 0.00 (versus left)
W: 0.78, T: 0.00 (versus lvl1)
W: 0.35, T: 0.00 (versus lvl2)
Training round 26 completed in 1 minutes and 5 seconds.
Expected completion: 16:56 2020-05-18.
Training round 27 stats
Wins 0.49, Ties 0.01, Losses 0.50, Game Length 18.77 moves
Loss p1: 0.151973, Loss p2: 0.145390
Benchmark Stats Training Round 27
W: 0.77, T: 0.01 (versus random)
W: 0.00, T: 0.00 (versus left)
W: 0.64, T: 0.00 (versus lvl1)
W: 0.21, T: 0.00 (versus lvl2)
Training round 27 completed in 1 minutes and 7 seconds.
Expected completion: 16:58 2020-05-18.
Training round 28 stats
Wins 0.53, Ties 0.00, Losses 0.47, Game Length 19.12 moves
Loss p1: 0.145669, Loss p2: 0.144301
Benchmark Stats Training Round 28
W: 0.90, T: 0.00 (versus random)
W: 0.00, T: 0.00 (versus left)
W: 0.79, T: 0.00 (versus lvl1)
W: 0.28, T: 0.00 (versus lvl2)
Training round 28 completed in 1 minutes and 10 seconds.
Expected completion: 17:02 2020-05-18.
Training round 29 stats
Wins 0.47, Ties 0.00, Losses 0.53, Game Length 18.79 moves
Loss p1: 0.151625, Loss p2: 0.152762
Benchmark Stats Training Round 29
W: 0.97, T: 0.00 (versus random)
W: 0.00, T: 0.00 (versus left)
W: 0.86, T: 0.00 (versus lvl1)
W: 0.36, T: 0.01 (versus lvl2)
Training round 29 completed in 1 minutes and 6 seconds.
Expected completion: 16:57 2020-05-18.
Training round 30 stats
Wins 0.49, Ties 0.00, Losses 0.51, Game Length 18.98 moves
Loss p1: 0.155284, Loss p2: 0.152111
Benchmark Stats Training Round 30
W: 0.81, T: 0.00 (versus random)
W: 0.00, T: 0.00 (versus left)
W: 0.63, T: 0.00 (versus lvl1)
W: 0.14, T: 0.00 (versus lvl2)
Training round 30 completed in 1 minutes and 9 seconds.
Expected completion: 17:01 2020-05-18.
Training round 31 stats
Wins 0.51, Ties 0.00, Losses 0.49, Game Length 18.80 moves
Loss p1: 0.154216, Loss p2: 0.155249
Benchmark Stats Training Round 31
W: 0.84, T: 0.00 (versus random)
W: 0.50, T: 0.00 (versus left)
W: 0.77, T: 0.00 (versus lvl1)
W: 0.18, T: 0.00 (versus lvl2)
Training round 31 completed in 1 minutes and 5 seconds.
Expected completion: 16:56 2020-05-18.
Training round 32 stats
Wins 0.49, Ties 0.00, Losses 0.51, Game Length 18.97 moves
Loss p1: 0.145570, Loss p2: 0.152113
Benchmark Stats Training Round 32
W: 0.81, T: 0.00 (versus random)
W: 0.50, T: 0.00 (versus left)
W: 0.58, T: 0.00 (versus lvl1)
W: 0.13, T: 0.00 (versus lvl2)
Training round 32 completed in 1 minutes and 5 seconds.
Expected completion: 16:56 2020-05-18.
Training round 33 stats
Wins 0.49, Ties 0.00, Losses 0.51, Game Length 19.26 moves
Loss p1: 0.150476, Loss p2: 0.152443
Benchmark Stats Training Round 33
W: 0.78, T: 0.00 (versus random)
W: 0.50, T: 0.00 (versus left)
W: 0.78, T: 0.00 (versus lvl1)
W: 0.24, T: 0.02 (versus lvl2)
Training round 33 completed in 1 minutes and 5 seconds.
Expected completion: 16:57 2020-05-18.
Training round 34 stats
Wins 0.47, Ties 0.00, Losses 0.52, Game Length 19.16 moves
Loss p1: 0.158428, Loss p2: 0.158017
Benchmark Stats Training Round 34
W: 0.84, T: 0.00 (versus random)
W: 0.50, T: 0.00 (versus left)
W: 0.80, T: 0.00 (versus lvl1)
W: 0.27, T: 0.00 (versus lvl2)
Training round 34 completed in 1 minutes and 4 seconds.
Expected completion: 16:55 2020-05-18.
Training round 35 stats
Wins 0.47, Ties 0.00, Losses 0.53, Game Length 19.08 moves
Loss p1: 0.153575, Loss p2: 0.156252
Benchmark Stats Training Round 35
W: 0.83, T: 0.00 (versus random)
W: 0.50, T: 0.00 (versus left)
W: 0.63, T: 0.00 (versus lvl1)
W: 0.16, T: 0.01 (versus lvl2)
Training round 35 completed in 1 minutes and 10 seconds.
Expected completion: 17:01 2020-05-18.
Training round 36 stats
Wins 0.50, Ties 0.00, Losses 0.50, Game Length 19.13 moves
Loss p1: 0.159020, Loss p2: 0.156864
Benchmark Stats Training Round 36
W: 0.78, T: 0.01 (versus random)
W: 0.50, T: 0.00 (versus left)
W: 0.57, T: 0.00 (versus lvl1)
W: 0.19, T: 0.01 (versus lvl2)
Training round 36 completed in 1 minutes and 10 seconds.
Expected completion: 17:02 2020-05-18.
Training round 37 stats
Wins 0.49, Ties 0.00, Losses 0.51, Game Length 18.94 moves
Loss p1: 0.153643, Loss p2: 0.153675
Benchmark Stats Training Round 37
W: 0.75, T: 0.00 (versus random)
W: 0.50, T: 0.00 (versus left)
W: 0.64, T: 0.00 (versus lvl1)
W: 0.25, T: 0.02 (versus lvl2)
Training round 37 completed in 1 minutes and 9 seconds.
Expected completion: 17:01 2020-05-18.
Training round 38 stats
Wins 0.48, Ties 0.00, Losses 0.51, Game Length 18.87 moves
Loss p1: 0.161797, Loss p2: 0.157661
Benchmark Stats Training Round 38
W: 0.82, T: 0.01 (versus random)
W: 0.50, T: 0.00 (versus left)
W: 0.68, T: 0.00 (versus lvl1)
W: 0.24, T: 0.00 (versus lvl2)
Training round 38 completed in 1 minutes and 6 seconds.
Expected completion: 16:57 2020-05-18.
Training round 39 stats
Wins 0.50, Ties 0.00, Losses 0.50, Game Length 18.67 moves
Loss p1: 0.157667, Loss p2: 0.157888
Benchmark Stats Training Round 39
W: 0.74, T: 0.00 (versus random)
W: 0.50, T: 0.00 (versus left)
W: 0.68, T: 0.00 (versus lvl1)
W: 0.28, T: 0.02 (versus lvl2)
Training round 39 completed in 1 minutes and 5 seconds.
Expected completion: 16:57 2020-05-18.
Training round 40 stats
Wins 0.51, Ties 0.00, Losses 0.49, Game Length 19.09 moves
Loss p1: 0.162844, Loss p2: 0.164094
Benchmark Stats Training Round 40
W: 0.83, T: 0.00 (versus random)
W: 0.50, T: 0.00 (versus left)
W: 0.68, T: 0.00 (versus lvl1)
W: 0.31, T: 0.01 (versus lvl2)
Training round 40 completed in 1 minutes and 5 seconds.
Expected completion: 16:56 2020-05-18.
Training round 41 stats
Wins 0.50, Ties 0.01, Losses 0.50, Game Length 18.88 moves
Loss p1: 0.159907, Loss p2: 0.160008
Benchmark Stats Training Round 41
W: 0.78, T: 0.01 (versus random)
W: 0.50, T: 0.00 (versus left)
W: 0.51, T: 0.00 (versus lvl1)
W: 0.22, T: 0.00 (versus lvl2)
Training round 41 completed in 1 minutes and 6 seconds.
Expected completion: 16:58 2020-05-18.
Training round 42 stats
Wins 0.50, Ties 0.00, Losses 0.50, Game Length 18.71 moves
Loss p1: 0.161978, Loss p2: 0.164878
Benchmark Stats Training Round 42
W: 0.90, T: 0.00 (versus random)
W: 0.50, T: 0.00 (versus left)
W: 0.71, T: 0.00 (versus lvl1)
W: 0.28, T: 0.00 (versus lvl2)
Training round 42 completed in 1 minutes and 8 seconds.
Expected completion: 17:00 2020-05-18.
Training round 43 stats
Wins 0.52, Ties 0.01, Losses 0.48, Game Length 19.27 moves
Loss p1: 0.155308, Loss p2: 0.157766
Benchmark Stats Training Round 43
W: 0.86, T: 0.00 (versus random)
W: 0.00, T: 0.00 (versus left)
W: 0.81, T: 0.00 (versus lvl1)
W: 0.38, T: 0.00 (versus lvl2)
Training round 43 completed in 1 minutes and 2 seconds.
Expected completion: 16:54 2020-05-18.
Training round 44 stats
Wins 0.51, Ties 0.00, Losses 0.49, Game Length 19.19 moves
Loss p1: 0.165542, Loss p2: 0.168601
Benchmark Stats Training Round 44
W: 0.78, T: 0.00 (versus random)
W: 0.00, T: 0.00 (versus left)
W: 0.61, T: 0.00 (versus lvl1)
W: 0.19, T: 0.01 (versus lvl2)
Training round 44 completed in 1 minutes and 7 seconds.
Expected completion: 16:58 2020-05-18.
Training round 45 stats
Wins 0.50, Ties 0.00, Losses 0.49, Game Length 18.63 moves
Loss p1: 0.160490, Loss p2: 0.165923
Benchmark Stats Training Round 45
W: 0.89, T: 0.00 (versus random)
W: 0.00, T: 0.00 (versus left)
W: 0.78, T: 0.00 (versus lvl1)
W: 0.12, T: 0.00 (versus lvl2)
Training round 45 completed in 1 minutes and 6 seconds.
Expected completion: 16:58 2020-05-18.
Training round 46 stats
Wins 0.52, Ties 0.00, Losses 0.48, Game Length 18.89 moves
Loss p1: 0.163719, Loss p2: 0.172467
Benchmark Stats Training Round 46
W: 0.85, T: 0.00 (versus random)
W: 1.00, T: 0.00 (versus left)
W: 0.62, T: 0.00 (versus lvl1)
W: 0.29, T: 0.00 (versus lvl2)
Training round 46 completed in 1 minutes and 4 seconds.
Expected completion: 16:56 2020-05-18.
Training round 47 stats
Wins 0.51, Ties 0.00, Losses 0.49, Game Length 18.59 moves
Loss p1: 0.165984, Loss p2: 0.168864
Benchmark Stats Training Round 47
W: 0.81, T: 0.00 (versus random)
W: 0.50, T: 0.00 (versus left)
W: 0.78, T: 0.00 (versus lvl1)
W: 0.23, T: 0.00 (versus lvl2)
Training round 47 completed in 1 minutes and 5 seconds.
Expected completion: 16:57 2020-05-18.
Training round 48 stats
Wins 0.50, Ties 0.00, Losses 0.50, Game Length 18.72 moves
Loss p1: 0.165234, Loss p2: 0.171792
Benchmark Stats Training Round 48
W: 0.82, T: 0.00 (versus random)
W: 0.50, T: 0.00 (versus left)
W: 0.67, T: 0.00 (versus lvl1)
W: 0.20, T: 0.00 (versus lvl2)
Training round 48 completed in 1 minutes and 6 seconds.
Expected completion: 16:57 2020-05-18.
Training round 49 stats
Wins 0.49, Ties 0.00, Losses 0.51, Game Length 18.89 moves
Loss p1: 0.169842, Loss p2: 0.168518
Benchmark Stats Training Round 49
W: 0.91, T: 0.00 (versus random)
W: 0.50, T: 0.00 (versus left)
W: 0.85, T: 0.00 (versus lvl1)
W: 0.25, T: 0.00 (versus lvl2)
Training round 49 completed in 1 minutes and 5 seconds.
Expected completion: 16:57 2020-05-18.
Training round 50 stats
Wins 0.49, Ties 0.00, Losses 0.51, Game Length 18.83 moves
Loss p1: 0.173940, Loss p2: 0.171265
Benchmark Stats Training Round 50
W: 0.91, T: 0.00 (versus random)
W: 1.00, T: 0.00 (versus left)
W: 0.65, T: 0.00 (versus lvl1)
W: 0.15, T: 0.01 (versus lvl2)
Training round 50 completed in 1 minutes and 8 seconds.
Expected completion: 16:59 2020-05-18.
Training round 51 stats
Wins 0.53, Ties 0.00, Losses 0.47, Game Length 18.73 moves
Loss p1: 0.171732, Loss p2: 0.177285
Benchmark Stats Training Round 51
W: 0.86, T: 0.00 (versus random)
W: 1.00, T: 0.00 (versus left)
W: 0.76, T: 0.00 (versus lvl1)
W: 0.35, T: 0.00 (versus lvl2)
Training round 51 completed in 1 minutes and 8 seconds.
Expected completion: 16:59 2020-05-18.
Training round 52 stats
Wins 0.47, Ties 0.00, Losses 0.53, Game Length 18.96 moves
Loss p1: 0.173480, Loss p2: 0.173753
Benchmark Stats Training Round 52
W: 0.92, T: 0.00 (versus random)
W: 0.50, T: 0.00 (versus left)
W: 0.75, T: 0.00 (versus lvl1)
W: 0.26, T: 0.00 (versus lvl2)
Training round 52 completed in 1 minutes and 5 seconds.
Expected completion: 16:57 2020-05-18.
Training round 53 stats
Wins 0.49, Ties 0.00, Losses 0.51, Game Length 19.01 moves
Loss p1: 0.175123, Loss p2: 0.172122
Benchmark Stats Training Round 53
W: 0.94, T: 0.01 (versus random)
W: 0.50, T: 0.00 (versus left)
W: 0.87, T: 0.00 (versus lvl1)
W: 0.34, T: 0.00 (versus lvl2)
Training round 53 completed in 1 minutes and 1 seconds.
Expected completion: 16:53 2020-05-18.
Training round 54 stats
Wins 0.54, Ties 0.00, Losses 0.46, Game Length 18.48 moves
Loss p1: 0.170573, Loss p2: 0.172354
Benchmark Stats Training Round 54
W: 0.92, T: 0.00 (versus random)
W: 0.50, T: 0.00 (versus left)
W: 0.86, T: 0.00 (versus lvl1)
W: 0.17, T: 0.00 (versus lvl2)
Training round 54 completed in 1 minutes and 4 seconds.
Expected completion: 16:56 2020-05-18.
Training round 55 stats
Wins 0.52, Ties 0.00, Losses 0.47, Game Length 19.10 moves
Loss p1: 0.169057, Loss p2: 0.169363
Benchmark Stats Training Round 55
W: 0.93, T: 0.00 (versus random)
W: 0.50, T: 0.00 (versus left)
W: 0.82, T: 0.00 (versus lvl1)
W: 0.37, T: 0.01 (versus lvl2)
Training round 55 completed in 1 minutes and 8 seconds.
Expected completion: 16:59 2020-05-18.
Training round 56 stats
Wins 0.47, Ties 0.00, Losses 0.52, Game Length 19.24 moves
Loss p1: 0.175040, Loss p2: 0.167772
Benchmark Stats Training Round 56
W: 0.89, T: 0.00 (versus random)
W: 0.50, T: 0.00 (versus left)
W: 0.79, T: 0.00 (versus lvl1)
W: 0.27, T: 0.03 (versus lvl2)
Training round 56 completed in 1 minutes and 6 seconds.
Expected completion: 16:58 2020-05-18.
Training round 57 stats
Wins 0.52, Ties 0.00, Losses 0.48, Game Length 18.93 moves
Loss p1: 0.170749, Loss p2: 0.163542
Benchmark Stats Training Round 57
W: 0.77, T: 0.00 (versus random)
W: 1.00, T: 0.00 (versus left)
W: 0.57, T: 0.00 (versus lvl1)
W: 0.24, T: 0.00 (versus lvl2)
Training round 57 completed in 1 minutes and 6 seconds.
Expected completion: 16:58 2020-05-18.
Training round 58 stats
Wins 0.47, Ties 0.00, Losses 0.52, Game Length 19.37 moves
Loss p1: 0.171647, Loss p2: 0.167123
Benchmark Stats Training Round 58
W: 0.77, T: 0.00 (versus random)
W: 0.50, T: 0.00 (versus left)
W: 0.75, T: 0.00 (versus lvl1)
W: 0.15, T: 0.01 (versus lvl2)
Training round 58 completed in 1 minutes and 6 seconds.
Expected completion: 16:58 2020-05-18.
Training round 59 stats
Wins 0.49, Ties 0.00, Losses 0.51, Game Length 18.94 moves
Loss p1: 0.171611, Loss p2: 0.172359
Benchmark Stats Training Round 59
W: 0.86, T: 0.00 (versus random)
W: 0.50, T: 0.00 (versus left)
W: 0.69, T: 0.00 (versus lvl1)
W: 0.16, T: 0.00 (versus lvl2)
Training round 59 completed in 1 minutes and 4 seconds.
Expected completion: 16:56 2020-05-18.
Training round 60 stats
Wins 0.48, Ties 0.01, Losses 0.51, Game Length 18.97 moves
Loss p1: 0.178297, Loss p2: 0.172973
Benchmark Stats Training Round 60
W: 0.78, T: 0.00 (versus random)
W: 0.50, T: 0.00 (versus left)
W: 0.73, T: 0.00 (versus lvl1)
W: 0.12, T: 0.00 (versus lvl2)
Training round 60 completed in 1 minutes and 8 seconds.
Expected completion: 16:59 2020-05-18.
Training round 61 stats
Wins 0.52, Ties 0.00, Losses 0.48, Game Length 19.07 moves
Loss p1: 0.178990, Loss p2: 0.170782
Benchmark Stats Training Round 61
W: 0.91, T: 0.00 (versus random)
W: 0.00, T: 0.00 (versus left)
W: 0.83, T: 0.00 (versus lvl1)
W: 0.18, T: 0.01 (versus lvl2)
Training round 61 completed in 1 minutes and 5 seconds.
Expected completion: 16:57 2020-05-18.
Training round 62 stats
Wins 0.49, Ties 0.00, Losses 0.50, Game Length 18.89 moves
Loss p1: 0.177549, Loss p2: 0.182760
Benchmark Stats Training Round 62
W: 0.80, T: 0.01 (versus random)
W: 0.50, T: 0.00 (versus left)
W: 0.56, T: 0.00 (versus lvl1)
W: 0.12, T: 0.01 (versus lvl2)
Training round 62 completed in 1 minutes and 8 seconds.
Expected completion: 16:59 2020-05-18.
Training round 63 stats
Wins 0.45, Ties 0.00, Losses 0.55, Game Length 18.96 moves
Loss p1: 0.175378, Loss p2: 0.178672
Benchmark Stats Training Round 63
W: 0.86, T: 0.00 (versus random)
W: 1.00, T: 0.00 (versus left)
W: 0.65, T: 0.00 (versus lvl1)
W: 0.14, T: 0.00 (versus lvl2)
Training round 63 completed in 1 minutes and 6 seconds.
Expected completion: 16:58 2020-05-18.
Training round 64 stats
Wins 0.49, Ties 0.00, Losses 0.51, Game Length 19.01 moves
Loss p1: 0.179343, Loss p2: 0.186454
Benchmark Stats Training Round 64
W: 0.90, T: 0.00 (versus random)
W: 0.50, T: 0.00 (versus left)
W: 0.74, T: 0.00 (versus lvl1)
W: 0.28, T: 0.01 (versus lvl2)
Training round 64 completed in 1 minutes and 5 seconds.
Expected completion: 16:57 2020-05-18.
Training round 65 stats
Wins 0.50, Ties 0.00, Losses 0.50, Game Length 19.12 moves
Loss p1: 0.187705, Loss p2: 0.191111
Benchmark Stats Training Round 65
W: 0.87, T: 0.00 (versus random)
W: 0.50, T: 0.00 (versus left)
W: 0.64, T: 0.00 (versus lvl1)
W: 0.22, T: 0.01 (versus lvl2)
Training round 65 completed in 1 minutes and 4 seconds.
Expected completion: 16:57 2020-05-18.
Training round 66 stats
Wins 0.46, Ties 0.00, Losses 0.54, Game Length 19.13 moves
Loss p1: 0.182067, Loss p2: 0.185813
Benchmark Stats Training Round 66
W: 0.86, T: 0.00 (versus random)
W: 0.50, T: 0.00 (versus left)
W: 0.80, T: 0.00 (versus lvl1)
W: 0.36, T: 0.00 (versus lvl2)
Training round 66 completed in 1 minutes and 4 seconds.
Expected completion: 16:56 2020-05-18.
Training round 67 stats
Wins 0.49, Ties 0.01, Losses 0.50, Game Length 19.44 moves
Loss p1: 0.185152, Loss p2: 0.184832
Benchmark Stats Training Round 67
W: 0.85, T: 0.00 (versus random)
W: 0.00, T: 0.00 (versus left)
W: 0.65, T: 0.00 (versus lvl1)
W: 0.30, T: 0.00 (versus lvl2)
Training round 67 completed in 1 minutes and 6 seconds.
Expected completion: 16:57 2020-05-18.
Training round 68 stats
Wins 0.48, Ties 0.00, Losses 0.52, Game Length 19.22 moves
Loss p1: 0.184553, Loss p2: 0.185010
Benchmark Stats Training Round 68
W: 0.90, T: 0.00 (versus random)
W: 0.50, T: 0.00 (versus left)
W: 0.73, T: 0.00 (versus lvl1)
W: 0.18, T: 0.00 (versus lvl2)
Training round 68 completed in 1 minutes and 9 seconds.
Expected completion: 16:59 2020-05-18.
Training round 69 stats
Wins 0.48, Ties 0.00, Losses 0.52, Game Length 18.96 moves
Loss p1: 0.187841, Loss p2: 0.173023
Benchmark Stats Training Round 69
W: 0.88, T: 0.00 (versus random)
W: 0.50, T: 0.00 (versus left)
W: 0.70, T: 0.00 (versus lvl1)
W: 0.31, T: 0.01 (versus lvl2)
Training round 69 completed in 1 minutes and 4 seconds.
Expected completion: 16:57 2020-05-18.
Training round 70 stats
Wins 0.47, Ties 0.00, Losses 0.52, Game Length 18.86 moves
Loss p1: 0.195800, Loss p2: 0.180477
Benchmark Stats Training Round 70
W: 0.80, T: 0.00 (versus random)
W: 0.50, T: 0.00 (versus left)
W: 0.69, T: 0.00 (versus lvl1)
W: 0.25, T: 0.01 (versus lvl2)
Training round 70 completed in 1 minutes and 9 seconds.
Expected completion: 16:59 2020-05-18.
Training round 71 stats
Wins 0.48, Ties 0.01, Losses 0.52, Game Length 19.02 moves
Loss p1: 0.176337, Loss p2: 0.173923
Benchmark Stats Training Round 71
W: 0.86, T: 0.00 (versus random)
W: 0.50, T: 0.00 (versus left)
W: 0.67, T: 0.00 (versus lvl1)
W: 0.18, T: 0.01 (versus lvl2)
Training round 71 completed in 1 minutes and 5 seconds.
Expected completion: 16:57 2020-05-18.
Training round 72 stats
Wins 0.52, Ties 0.00, Losses 0.48, Game Length 18.87 moves
Loss p1: 0.183801, Loss p2: 0.179732
Benchmark Stats Training Round 72
W: 0.84, T: 0.01 (versus random)
W: 0.00, T: 0.00 (versus left)
W: 0.66, T: 0.00 (versus lvl1)
W: 0.21, T: 0.00 (versus lvl2)
Training round 72 completed in 1 minutes and 5 seconds.
Expected completion: 16:57 2020-05-18.
Training round 73 stats
Wins 0.52, Ties 0.00, Losses 0.48, Game Length 18.83 moves
Loss p1: 0.193170, Loss p2: 0.192465
Benchmark Stats Training Round 73
W: 0.95, T: 0.00 (versus random)
W: 0.50, T: 0.00 (versus left)
W: 0.76, T: 0.00 (versus lvl1)
W: 0.31, T: 0.00 (versus lvl2)
Training round 73 completed in 58 seconds.
Expected completion: 16:54 2020-05-18.
Training round 74 stats
Wins 0.47, Ties 0.00, Losses 0.52, Game Length 18.98 moves
Loss p1: 0.186136, Loss p2: 0.182721
Benchmark Stats Training Round 74
W: 0.72, T: 0.00 (versus random)
W: 0.50, T: 0.00 (versus left)
W: 0.57, T: 0.00 (versus lvl1)
W: 0.08, T: 0.00 (versus lvl2)
Training round 74 completed in 1 minutes and 5 seconds.
Expected completion: 16:57 2020-05-18.
Training round 75 stats
Wins 0.48, Ties 0.00, Losses 0.52, Game Length 19.03 moves
Loss p1: 0.195007, Loss p2: 0.190602
Benchmark Stats Training Round 75
W: 0.86, T: 0.00 (versus random)
W: 0.50, T: 0.00 (versus left)
W: 0.77, T: 0.00 (versus lvl1)
W: 0.30, T: 0.00 (versus lvl2)
Training round 75 completed in 1 minutes and 3 seconds.
Expected completion: 16:56 2020-05-18.
Training round 76 stats
Wins 0.50, Ties 0.00, Losses 0.49, Game Length 18.92 moves
Loss p1: 0.187221, Loss p2: 0.189269
Benchmark Stats Training Round 76
W: 0.83, T: 0.00 (versus random)
W: 0.50, T: 0.00 (versus left)
W: 0.70, T: 0.00 (versus lvl1)
W: 0.34, T: 0.01 (versus lvl2)
Training round 76 completed in 1 minutes and 5 seconds.
Expected completion: 16:57 2020-05-18.
Training round 77 stats
Wins 0.50, Ties 0.00, Losses 0.50, Game Length 19.27 moves
Loss p1: 0.193581, Loss p2: 0.194786
Benchmark Stats Training Round 77
W: 0.82, T: 0.00 (versus random)
W: 0.50, T: 0.00 (versus left)
W: 0.68, T: 0.00 (versus lvl1)
W: 0.39, T: 0.00 (versus lvl2)
Training round 77 completed in 1 minutes and 5 seconds.
Expected completion: 16:57 2020-05-18.
Training round 78 stats
Wins 0.51, Ties 0.00, Losses 0.49, Game Length 18.91 moves
Loss p1: 0.191016, Loss p2: 0.187671
Benchmark Stats Training Round 78
W: 0.86, T: 0.00 (versus random)
W: 0.00, T: 0.00 (versus left)
W: 0.61, T: 0.00 (versus lvl1)
W: 0.16, T: 0.00 (versus lvl2)
Training round 78 completed in 1 minutes and 7 seconds.
Expected completion: 16:58 2020-05-18.
Training round 79 stats
Wins 0.51, Ties 0.00, Losses 0.49, Game Length 18.87 moves
Loss p1: 0.184469, Loss p2: 0.188531
Benchmark Stats Training Round 79
W: 0.89, T: 0.00 (versus random)
W: 0.00, T: 0.00 (versus left)
W: 0.65, T: 0.00 (versus lvl1)
W: 0.15, T: 0.02 (versus lvl2)
Training round 79 completed in 1 minutes and 5 seconds.
Expected completion: 16:57 2020-05-18.
Training round 80 stats
Wins 0.50, Ties 0.00, Losses 0.50, Game Length 18.65 moves
Loss p1: 0.199162, Loss p2: 0.200971
Benchmark Stats Training Round 80
W: 0.80, T: 0.00 (versus random)
W: 0.50, T: 0.00 (versus left)
W: 0.67, T: 0.00 (versus lvl1)
W: 0.39, T: 0.00 (versus lvl2)
Training round 80 completed in 1 minutes and 2 seconds.
Expected completion: 16:56 2020-05-18.
Training round 81 stats
Wins 0.50, Ties 0.00, Losses 0.50, Game Length 18.90 moves
Loss p1: 0.193563, Loss p2: 0.181614
Benchmark Stats Training Round 81
W: 0.88, T: 0.00 (versus random)
W: 0.50, T: 0.00 (versus left)
W: 0.74, T: 0.00 (versus lvl1)
W: 0.25, T: 0.00 (versus lvl2)
Training round 81 completed in 1 minutes and 2 seconds.
Expected completion: 16:56 2020-05-18.
Training round 82 stats
Wins 0.52, Ties 0.00, Losses 0.48, Game Length 19.49 moves
Loss p1: 0.192704, Loss p2: 0.182330
Benchmark Stats Training Round 82
W: 0.88, T: 0.00 (versus random)
W: 0.00, T: 0.00 (versus left)
W: 0.76, T: 0.00 (versus lvl1)
W: 0.23, T: 0.01 (versus lvl2)
Training round 82 completed in 1 minutes and 7 seconds.
Expected completion: 16:57 2020-05-18.
Training round 83 stats
Wins 0.51, Ties 0.00, Losses 0.49, Game Length 19.13 moves
Loss p1: 0.189203, Loss p2: 0.185009
Benchmark Stats Training Round 83
W: 0.87, T: 0.00 (versus random)
W: 0.00, T: 0.00 (versus left)
W: 0.68, T: 0.00 (versus lvl1)
W: 0.20, T: 0.03 (versus lvl2)
Training round 83 completed in 1 minutes and 3 seconds.
Expected completion: 16:56 2020-05-18.
Training round 84 stats
Wins 0.50, Ties 0.00, Losses 0.50, Game Length 18.83 moves
Loss p1: 0.192488, Loss p2: 0.193534
Benchmark Stats Training Round 84
W: 0.80, T: 0.00 (versus random)
W: 1.00, T: 0.00 (versus left)
W: 0.65, T: 0.00 (versus lvl1)
W: 0.25, T: 0.01 (versus lvl2)
Training round 84 completed in 1 minutes and 7 seconds.
Expected completion: 16:57 2020-05-18.
Training round 85 stats
Wins 0.47, Ties 0.00, Losses 0.53, Game Length 19.09 moves
Loss p1: 0.192376, Loss p2: 0.185031
Benchmark Stats Training Round 85
W: 0.95, T: 0.00 (versus random)
W: 0.50, T: 0.00 (versus left)
W: 0.72, T: 0.00 (versus lvl1)
W: 0.37, T: 0.00 (versus lvl2)
Training round 85 completed in 1 minutes and 2 seconds.
Expected completion: 16:56 2020-05-18.
Training round 86 stats
Wins 0.48, Ties 0.00, Losses 0.52, Game Length 18.98 moves
Loss p1: 0.197977, Loss p2: 0.187901
Benchmark Stats Training Round 86
W: 0.82, T: 0.00 (versus random)
W: 0.50, T: 0.00 (versus left)
W: 0.57, T: 0.00 (versus lvl1)
W: 0.18, T: 0.00 (versus lvl2)
Training round 86 completed in 1 minutes and 5 seconds.
Expected completion: 16:57 2020-05-18.
Training round 87 stats
Wins 0.50, Ties 0.00, Losses 0.50, Game Length 18.75 moves
Loss p1: 0.198961, Loss p2: 0.192181
Benchmark Stats Training Round 87
W: 0.89, T: 0.00 (versus random)
W: 0.50, T: 0.00 (versus left)
W: 0.79, T: 0.00 (versus lvl1)
W: 0.38, T: 0.01 (versus lvl2)
Training round 87 completed in 1 minutes and 1 seconds.
Expected completion: 16:56 2020-05-18.
Training round 88 stats
Wins 0.46, Ties 0.00, Losses 0.54, Game Length 18.97 moves
Loss p1: 0.192347, Loss p2: 0.185147
Benchmark Stats Training Round 88
W: 0.88, T: 0.00 (versus random)
W: 0.50, T: 0.00 (versus left)
W: 0.80, T: 0.00 (versus lvl1)
W: 0.18, T: 0.00 (versus lvl2)
Training round 88 completed in 1 minutes and 1 seconds.
Expected completion: 16:56 2020-05-18.
Training round 89 stats
Wins 0.49, Ties 0.00, Losses 0.51, Game Length 18.54 moves
Loss p1: 0.199600, Loss p2: 0.199117
Benchmark Stats Training Round 89
W: 0.94, T: 0.00 (versus random)
W: 0.50, T: 0.00 (versus left)
W: 0.76, T: 0.00 (versus lvl1)
W: 0.24, T: 0.00 (versus lvl2)
Training round 89 completed in 1 minutes and 3 seconds.
Expected completion: 16:56 2020-05-18.
Training round 90 stats
Wins 0.46, Ties 0.00, Losses 0.54, Game Length 18.85 moves
Loss p1: 0.187731, Loss p2: 0.195325
Benchmark Stats Training Round 90
W: 0.88, T: 0.00 (versus random)
W: 0.50, T: 0.00 (versus left)
W: 0.79, T: 0.00 (versus lvl1)
W: 0.37, T: 0.00 (versus lvl2)
Training round 90 completed in 1 minutes and 1 seconds.
Expected completion: 16:56 2020-05-18.
Training round 91 stats
Wins 0.50, Ties 0.00, Losses 0.50, Game Length 18.19 moves
Loss p1: 0.199133, Loss p2: 0.204845
Benchmark Stats Training Round 91
W: 0.91, T: 0.00 (versus random)
W: 0.00, T: 0.00 (versus left)
W: 0.77, T: 0.00 (versus lvl1)
W: 0.26, T: 0.00 (versus lvl2)
Training round 91 completed in 1 minutes and 5 seconds.
Expected completion: 16:57 2020-05-18.
Training round 92 stats
Wins 0.51, Ties 0.00, Losses 0.48, Game Length 18.69 moves
Loss p1: 0.199163, Loss p2: 0.201812
Benchmark Stats Training Round 92
W: 0.91, T: 0.00 (versus random)
W: 0.50, T: 0.00 (versus left)
W: 0.72, T: 0.00 (versus lvl1)
W: 0.11, T: 0.01 (versus lvl2)
Training round 92 completed in 1 minutes and 2 seconds.
Expected completion: 16:56 2020-05-18.
Training round 93 stats
Wins 0.49, Ties 0.00, Losses 0.50, Game Length 18.68 moves
Loss p1: 0.197750, Loss p2: 0.190169
Benchmark Stats Training Round 93
W: 0.87, T: 0.00 (versus random)
W: 0.50, T: 0.00 (versus left)
W: 0.77, T: 0.00 (versus lvl1)
W: 0.21, T: 0.00 (versus lvl2)
Training round 93 completed in 1 minutes and 5 seconds.
Expected completion: 16:57 2020-05-18.
Training round 94 stats
Wins 0.49, Ties 0.00, Losses 0.51, Game Length 19.05 moves
Loss p1: 0.196585, Loss p2: 0.205939
Benchmark Stats Training Round 94
W: 0.88, T: 0.00 (versus random)
W: 0.00, T: 0.00 (versus left)
W: 0.58, T: 0.00 (versus lvl1)
W: 0.24, T: 0.02 (versus lvl2)
Training round 94 completed in 1 minutes and 6 seconds.
Expected completion: 16:57 2020-05-18.
Training round 95 stats
Wins 0.53, Ties 0.00, Losses 0.47, Game Length 18.87 moves
Loss p1: 0.201765, Loss p2: 0.198761
Benchmark Stats Training Round 95
W: 0.90, T: 0.00 (versus random)
W: 0.00, T: 0.00 (versus left)
W: 0.68, T: 0.00 (versus lvl1)
W: 0.33, T: 0.00 (versus lvl2)
Training round 95 completed in 1 minutes and 2 seconds.
Expected completion: 16:56 2020-05-18.
Training round 96 stats
Wins 0.50, Ties 0.00, Losses 0.50, Game Length 19.21 moves
Loss p1: 0.204116, Loss p2: 0.197866
Benchmark Stats Training Round 96
W: 0.83, T: 0.00 (versus random)
W: 0.00, T: 0.00 (versus left)
W: 0.70, T: 0.00 (versus lvl1)
W: 0.28, T: 0.00 (versus lvl2)
Training round 96 completed in 1 minutes and 3 seconds.
Expected completion: 16:56 2020-05-18.
Training round 97 stats
Wins 0.49, Ties 0.00, Losses 0.51, Game Length 18.95 moves
Loss p1: 0.200786, Loss p2: 0.207500
Benchmark Stats Training Round 97
W: 0.81, T: 0.00 (versus random)
W: 0.00, T: 0.00 (versus left)
W: 0.66, T: 0.00 (versus lvl1)
W: 0.13, T: 0.00 (versus lvl2)
Training round 97 completed in 1 minutes and 1 seconds.
Expected completion: 16:56 2020-05-18.
Training round 98 stats
Wins 0.48, Ties 0.00, Losses 0.52, Game Length 18.76 moves
Loss p1: 0.201939, Loss p2: 0.210102
Benchmark Stats Training Round 98
W: 0.79, T: 0.00 (versus random)
W: 0.00, T: 0.00 (versus left)
W: 0.64, T: 0.00 (versus lvl1)
W: 0.24, T: 0.01 (versus lvl2)
Training round 98 completed in 1 minutes and 6 seconds.
Expected completion: 16:56 2020-05-18.
Training round 99 stats
Wins 0.51, Ties 0.00, Losses 0.49, Game Length 19.13 moves
Loss p1: 0.199765, Loss p2: 0.208127
Benchmark Stats Training Round 99
W: 0.88, T: 0.00 (versus random)
W: 1.00, T: 0.00 (versus left)
W: 0.76, T: 0.00 (versus lvl1)
W: 0.28, T: 0.00 (versus lvl2)
Training round 99 completed in 1 minutes and 4 seconds.
Expected completion: 16:56 2020-05-18.
Training round 100 stats
Wins 0.50, Ties 0.01, Losses 0.50, Game Length 19.22 moves
Loss p1: 0.205158, Loss p2: 0.205211
Benchmark Stats Training Round 100
W: 0.93, T: 0.00 (versus random)
W: 0.50, T: 0.00 (versus left)
W: 0.78, T: 0.00 (versus lvl1)
W: 0.38, T: 0.00 (versus lvl2)
Training round 100 completed in 1 minutes and 5 seconds.
Expected completion: 16:56 2020-05-18.
