Training Neural Net on Connect 4
  self_play_batch_size: 1000
  benchmark_batch_size: 100
  training_rounds: 100
  memory_size: 1000
  network: B
  exploration: no
  loss: MSE
  encoding: integer
  optimizer: Adam
  experience: yes

Benchmark Stats Training Round 0
W: 0.59, T: 0.00 (versus random)
W: 0.00, T: 0.00 (versus left)
W: 0.24, T: 0.00 (versus lvl1)
W: 0.07, T: 0.00 (versus lvl2)
Training round 1 stats
Wins 0.47, Ties 0.01, Losses 0.52, Game Length 22.10 moves
Loss p1: 0.161616, Loss p2: 0.162283
Benchmark Stats Training Round 1
W: 0.72, T: 0.00 (versus random)
W: 0.50, T: 0.00 (versus left)
W: 0.44, T: 0.00 (versus lvl1)
W: 0.21, T: 0.01 (versus lvl2)
Training round 1 completed in 2 minutes and 52 seconds.
Expected completion: 02:43 2020-05-17.
Training round 2 stats
Wins 0.38, Ties 0.01, Losses 0.61, Game Length 20.10 moves
Loss p1: 0.168758, Loss p2: 0.165645
Benchmark Stats Training Round 2
W: 0.68, T: 0.01 (versus random)
W: 0.50, T: 0.00 (versus left)
W: 0.49, T: 0.00 (versus lvl1)
W: 0.14, T: 0.00 (versus lvl2)
Training round 2 completed in 2 minutes and 43 seconds.
Expected completion: 02:28 2020-05-17.
Training round 3 stats
Wins 0.36, Ties 0.01, Losses 0.63, Game Length 21.48 moves
Loss p1: 0.165596, Loss p2: 0.158689
Benchmark Stats Training Round 3
W: 0.82, T: 0.00 (versus random)
W: 0.50, T: 0.00 (versus left)
W: 0.52, T: 0.00 (versus lvl1)
W: 0.08, T: 0.00 (versus lvl2)
Training round 3 completed in 2 minutes and 54 seconds.
Expected completion: 02:46 2020-05-17.
Training round 4 stats
Wins 0.43, Ties 0.00, Losses 0.56, Game Length 20.23 moves
Loss p1: 0.175481, Loss p2: 0.169068
Benchmark Stats Training Round 4
W: 0.67, T: 0.00 (versus random)
W: 0.50, T: 0.00 (versus left)
W: 0.46, T: 0.00 (versus lvl1)
W: 0.19, T: 0.00 (versus lvl2)
Training round 4 completed in 2 minutes and 46 seconds.
Expected completion: 02:33 2020-05-17.
Training round 5 stats
Wins 0.48, Ties 0.01, Losses 0.51, Game Length 21.65 moves
Loss p1: 0.171510, Loss p2: 0.166478
Benchmark Stats Training Round 5
W: 0.73, T: 0.00 (versus random)
W: 0.50, T: 0.00 (versus left)
W: 0.58, T: 0.00 (versus lvl1)
W: 0.19, T: 0.00 (versus lvl2)
Training round 5 completed in 2 minutes and 52 seconds.
Expected completion: 02:42 2020-05-17.
Training round 6 stats
Wins 0.59, Ties 0.01, Losses 0.40, Game Length 21.41 moves
Loss p1: 0.161991, Loss p2: 0.157708
Benchmark Stats Training Round 6
W: 0.80, T: 0.01 (versus random)
W: 0.00, T: 0.00 (versus left)
W: 0.58, T: 0.01 (versus lvl1)
W: 0.30, T: 0.01 (versus lvl2)
Training round 6 completed in 2 minutes and 52 seconds.
Expected completion: 02:42 2020-05-17.
Training round 7 stats
Wins 0.49, Ties 0.01, Losses 0.50, Game Length 22.75 moves
Loss p1: 0.182089, Loss p2: 0.180366
Benchmark Stats Training Round 7
W: 0.93, T: 0.00 (versus random)
W: 0.50, T: 0.00 (versus left)
W: 0.83, T: 0.00 (versus lvl1)
W: 0.30, T: 0.00 (versus lvl2)
Training round 7 completed in 3 minutes and 0 seconds.
Expected completion: 02:55 2020-05-17.
Training round 8 stats
Wins 0.59, Ties 0.03, Losses 0.39, Game Length 23.56 moves
Loss p1: 0.144273, Loss p2: 0.138505
Benchmark Stats Training Round 8
W: 0.86, T: 0.00 (versus random)
W: 0.00, T: 0.00 (versus left)
W: 0.84, T: 0.00 (versus lvl1)
W: 0.10, T: 0.02 (versus lvl2)
Training round 8 completed in 2 minutes and 56 seconds.
Expected completion: 02:49 2020-05-17.
Training round 9 stats
Wins 0.68, Ties 0.02, Losses 0.30, Game Length 18.93 moves
Loss p1: 0.124437, Loss p2: 0.125798
Benchmark Stats Training Round 9
W: 0.86, T: 0.00 (versus random)
W: 0.00, T: 0.00 (versus left)
W: 0.70, T: 0.00 (versus lvl1)
W: 0.21, T: 0.00 (versus lvl2)
Training round 9 completed in 2 minutes and 39 seconds.
Expected completion: 02:23 2020-05-17.
Training round 10 stats
Wins 0.54, Ties 0.01, Losses 0.44, Game Length 22.62 moves
Loss p1: 0.162003, Loss p2: 0.166199
Benchmark Stats Training Round 10
W: 0.77, T: 0.01 (versus random)
W: 0.50, T: 0.00 (versus left)
W: 0.58, T: 0.00 (versus lvl1)
W: 0.20, T: 0.01 (versus lvl2)
Training round 10 completed in 2 minutes and 58 seconds.
Expected completion: 02:52 2020-05-17.
Training round 11 stats
Wins 0.48, Ties 0.01, Losses 0.51, Game Length 23.74 moves
Loss p1: 0.161098, Loss p2: 0.165301
Benchmark Stats Training Round 11
W: 0.78, T: 0.03 (versus random)
W: 1.00, T: 0.00 (versus left)
W: 0.65, T: 0.00 (versus lvl1)
W: 0.21, T: 0.02 (versus lvl2)
Training round 11 completed in 3 minutes and 3 seconds.
Expected completion: 02:59 2020-05-17.
Training round 12 stats
Wins 0.53, Ties 0.01, Losses 0.46, Game Length 22.09 moves
Loss p1: 0.167389, Loss p2: 0.175368
Benchmark Stats Training Round 12
W: 0.77, T: 0.01 (versus random)
W: 1.00, T: 0.00 (versus left)
W: 0.62, T: 0.01 (versus lvl1)
W: 0.08, T: 0.02 (versus lvl2)
Training round 12 completed in 2 minutes and 54 seconds.
Expected completion: 02:45 2020-05-17.
Training round 13 stats
Wins 0.49, Ties 0.01, Losses 0.49, Game Length 23.28 moves
Loss p1: 0.163816, Loss p2: 0.164793
Benchmark Stats Training Round 13
W: 0.81, T: 0.00 (versus random)
W: 0.00, T: 0.00 (versus left)
W: 0.61, T: 0.00 (versus lvl1)
W: 0.18, T: 0.00 (versus lvl2)
Training round 13 completed in 3 minutes and 9 seconds.
Expected completion: 03:08 2020-05-17.
Training round 14 stats
Wins 0.51, Ties 0.01, Losses 0.47, Game Length 22.01 moves
Loss p1: 0.163515, Loss p2: 0.170845
Benchmark Stats Training Round 14
W: 0.84, T: 0.00 (versus random)
W: 0.50, T: 0.00 (versus left)
W: 0.58, T: 0.00 (versus lvl1)
W: 0.20, T: 0.01 (versus lvl2)
Training round 14 completed in 2 minutes and 54 seconds.
Expected completion: 02:46 2020-05-17.
Training round 15 stats
Wins 0.57, Ties 0.01, Losses 0.41, Game Length 21.14 moves
Loss p1: 0.170891, Loss p2: 0.190298
Benchmark Stats Training Round 15
W: 0.87, T: 0.00 (versus random)
W: 0.50, T: 0.00 (versus left)
W: 0.68, T: 0.00 (versus lvl1)
W: 0.19, T: 0.00 (versus lvl2)
Training round 15 completed in 2 minutes and 51 seconds.
Expected completion: 02:41 2020-05-17.
Training round 16 stats
Wins 0.63, Ties 0.01, Losses 0.36, Game Length 22.61 moves
Loss p1: 0.164219, Loss p2: 0.171930
Benchmark Stats Training Round 16
W: 0.91, T: 0.00 (versus random)
W: 0.50, T: 0.00 (versus left)
W: 0.74, T: 0.00 (versus lvl1)
W: 0.31, T: 0.00 (versus lvl2)
Training round 16 completed in 2 minutes and 57 seconds.
Expected completion: 02:51 2020-05-17.
Training round 17 stats
Wins 0.64, Ties 0.00, Losses 0.36, Game Length 22.89 moves
Loss p1: 0.130292, Loss p2: 0.135256
Benchmark Stats Training Round 17
W: 0.91, T: 0.00 (versus random)
W: 0.50, T: 0.00 (versus left)
W: 0.70, T: 0.00 (versus lvl1)
W: 0.20, T: 0.01 (versus lvl2)
Training round 17 completed in 2 minutes and 58 seconds.
Expected completion: 02:52 2020-05-17.
Training round 18 stats
Wins 0.53, Ties 0.00, Losses 0.47, Game Length 24.11 moves
Loss p1: 0.159035, Loss p2: 0.168979
Benchmark Stats Training Round 18
W: 0.85, T: 0.00 (versus random)
W: 1.00, T: 0.00 (versus left)
W: 0.73, T: 0.00 (versus lvl1)
W: 0.29, T: 0.02 (versus lvl2)
Training round 18 completed in 3 minutes and 4 seconds.
Expected completion: 03:00 2020-05-17.
Training round 19 stats
Wins 0.65, Ties 0.00, Losses 0.35, Game Length 19.99 moves
Loss p1: 0.156952, Loss p2: 0.171090
Benchmark Stats Training Round 19
W: 0.83, T: 0.01 (versus random)
W: 0.50, T: 0.00 (versus left)
W: 0.55, T: 0.00 (versus lvl1)
W: 0.24, T: 0.00 (versus lvl2)
Training round 19 completed in 2 minutes and 48 seconds.
Expected completion: 02:38 2020-05-17.
Training round 20 stats
Wins 0.64, Ties 0.01, Losses 0.35, Game Length 22.69 moves
Loss p1: 0.164987, Loss p2: 0.175764
Benchmark Stats Training Round 20
W: 0.90, T: 0.00 (versus random)
W: 1.00, T: 0.00 (versus left)
W: 0.61, T: 0.00 (versus lvl1)
W: 0.31, T: 0.03 (versus lvl2)
Training round 20 completed in 3 minutes and 2 seconds.
Expected completion: 02:57 2020-05-17.
Training round 21 stats
Wins 0.48, Ties 0.01, Losses 0.51, Game Length 21.76 moves
Loss p1: 0.177456, Loss p2: 0.178794
Benchmark Stats Training Round 21
W: 0.78, T: 0.00 (versus random)
W: 1.00, T: 0.00 (versus left)
W: 0.52, T: 0.00 (versus lvl1)
W: 0.15, T: 0.01 (versus lvl2)
Training round 21 completed in 2 minutes and 57 seconds.
Expected completion: 02:51 2020-05-17.
Training round 22 stats
Wins 0.40, Ties 0.01, Losses 0.59, Game Length 21.83 moves
Loss p1: 0.163563, Loss p2: 0.168685
Benchmark Stats Training Round 22
W: 0.84, T: 0.00 (versus random)
W: 1.00, T: 0.00 (versus left)
W: 0.54, T: 0.00 (versus lvl1)
W: 0.14, T: 0.02 (versus lvl2)
Training round 22 completed in 3 minutes and 1 seconds.
Expected completion: 02:56 2020-05-17.
Training round 23 stats
Wins 0.38, Ties 0.02, Losses 0.60, Game Length 23.41 moves
Loss p1: 0.153591, Loss p2: 0.157803
Benchmark Stats Training Round 23
W: 0.87, T: 0.00 (versus random)
W: 0.50, T: 0.00 (versus left)
W: 0.70, T: 0.00 (versus lvl1)
W: 0.14, T: 0.02 (versus lvl2)
Training round 23 completed in 3 minutes and 1 seconds.
Expected completion: 02:55 2020-05-17.
Training round 24 stats
Wins 0.40, Ties 0.01, Losses 0.59, Game Length 23.06 moves
Loss p1: 0.160265, Loss p2: 0.163798
Benchmark Stats Training Round 24
W: 0.74, T: 0.00 (versus random)
W: 1.00, T: 0.00 (versus left)
W: 0.77, T: 0.00 (versus lvl1)
W: 0.22, T: 0.01 (versus lvl2)
Training round 24 completed in 3 minutes and 0 seconds.
Expected completion: 02:55 2020-05-17.
Training round 25 stats
Wins 0.62, Ties 0.00, Losses 0.38, Game Length 21.80 moves
Loss p1: 0.175877, Loss p2: 0.184783
Benchmark Stats Training Round 25
W: 0.89, T: 0.00 (versus random)
W: 1.00, T: 0.00 (versus left)
W: 0.78, T: 0.00 (versus lvl1)
W: 0.27, T: 0.01 (versus lvl2)
Training round 25 completed in 2 minutes and 54 seconds.
Expected completion: 02:47 2020-05-17.
Training round 26 stats
Wins 0.63, Ties 0.00, Losses 0.37, Game Length 22.97 moves
Loss p1: 0.157790, Loss p2: 0.162748
Benchmark Stats Training Round 26
W: 0.90, T: 0.00 (versus random)
W: 0.00, T: 0.00 (versus left)
W: 0.72, T: 0.00 (versus lvl1)
W: 0.19, T: 0.00 (versus lvl2)
Training round 26 completed in 2 minutes and 59 seconds.
Expected completion: 02:53 2020-05-17.
Training round 27 stats
Wins 0.49, Ties 0.01, Losses 0.50, Game Length 22.40 moves
Loss p1: 0.171724, Loss p2: 0.178160
Benchmark Stats Training Round 27
W: 0.85, T: 0.00 (versus random)
W: 0.50, T: 0.00 (versus left)
W: 0.77, T: 0.00 (versus lvl1)
W: 0.26, T: 0.02 (versus lvl2)
Training round 27 completed in 3 minutes and 0 seconds.
Expected completion: 02:54 2020-05-17.
Training round 28 stats
Wins 0.64, Ties 0.02, Losses 0.35, Game Length 23.14 moves
Loss p1: 0.148135, Loss p2: 0.158161
Benchmark Stats Training Round 28
W: 0.84, T: 0.00 (versus random)
W: 0.50, T: 0.00 (versus left)
W: 0.78, T: 0.00 (versus lvl1)
W: 0.21, T: 0.00 (versus lvl2)
Training round 28 completed in 2 minutes and 56 seconds.
Expected completion: 02:49 2020-05-17.
Training round 29 stats
Wins 0.68, Ties 0.01, Losses 0.31, Game Length 23.31 moves
Loss p1: 0.138848, Loss p2: 0.146806
Benchmark Stats Training Round 29
W: 0.78, T: 0.00 (versus random)
W: 0.50, T: 0.00 (versus left)
W: 0.59, T: 0.01 (versus lvl1)
W: 0.13, T: 0.00 (versus lvl2)
Training round 29 completed in 3 minutes and 1 seconds.
Expected completion: 02:55 2020-05-17.
Training round 30 stats
Wins 0.71, Ties 0.02, Losses 0.27, Game Length 22.82 moves
Loss p1: 0.153143, Loss p2: 0.159651
Benchmark Stats Training Round 30
W: 0.89, T: 0.00 (versus random)
W: 0.50, T: 0.00 (versus left)
W: 0.70, T: 0.00 (versus lvl1)
W: 0.27, T: 0.01 (versus lvl2)
Training round 30 completed in 5 minutes and 8 seconds.
Expected completion: 05:26 2020-05-17.
Training round 31 stats
Wins 0.78, Ties 0.01, Losses 0.21, Game Length 23.20 moves
Loss p1: 0.127212, Loss p2: 0.134539
Benchmark Stats Training Round 31
W: 0.78, T: 0.00 (versus random)
W: 0.50, T: 0.00 (versus left)
W: 0.58, T: 0.00 (versus lvl1)
W: 0.27, T: 0.01 (versus lvl2)
Training round 31 completed in 5 minutes and 10 seconds.
Expected completion: 05:28 2020-05-17.
Training round 32 stats
Wins 0.69, Ties 0.01, Losses 0.30, Game Length 20.92 moves
Loss p1: 0.143613, Loss p2: 0.145402
Benchmark Stats Training Round 32
W: 0.82, T: 0.00 (versus random)
W: 0.50, T: 0.00 (versus left)
W: 0.71, T: 0.00 (versus lvl1)
W: 0.23, T: 0.01 (versus lvl2)
Training round 32 completed in 5 minutes and 3 seconds.
Expected completion: 05:20 2020-05-17.
Training round 33 stats
Wins 0.61, Ties 0.02, Losses 0.37, Game Length 22.99 moves
Loss p1: 0.165601, Loss p2: 0.154629
Benchmark Stats Training Round 33
W: 0.88, T: 0.00 (versus random)
W: 1.00, T: 0.00 (versus left)
W: 0.68, T: 0.00 (versus lvl1)
W: 0.28, T: 0.00 (versus lvl2)
Training round 33 completed in 5 minutes and 28 seconds.
Expected completion: 05:48 2020-05-17.
Training round 34 stats
Wins 0.60, Ties 0.01, Losses 0.39, Game Length 19.68 moves
Loss p1: 0.180893, Loss p2: 0.184770
Benchmark Stats Training Round 34
W: 0.80, T: 0.01 (versus random)
W: 0.50, T: 0.00 (versus left)
W: 0.66, T: 0.00 (versus lvl1)
W: 0.20, T: 0.00 (versus lvl2)
Training round 34 completed in 4 minutes and 47 seconds.
Expected completion: 05:02 2020-05-17.
Training round 35 stats
Wins 0.67, Ties 0.01, Losses 0.32, Game Length 21.16 moves
Loss p1: 0.168773, Loss p2: 0.167199
Benchmark Stats Training Round 35
W: 0.93, T: 0.00 (versus random)
W: 0.00, T: 0.00 (versus left)
W: 0.73, T: 0.00 (versus lvl1)
W: 0.21, T: 0.01 (versus lvl2)
Training round 35 completed in 4 minutes and 53 seconds.
Expected completion: 05:09 2020-05-17.
Training round 36 stats
Wins 0.59, Ties 0.01, Losses 0.41, Game Length 20.08 moves
Loss p1: 0.185458, Loss p2: 0.182680
Benchmark Stats Training Round 36
W: 0.85, T: 0.00 (versus random)
W: 1.00, T: 0.00 (versus left)
W: 0.61, T: 0.00 (versus lvl1)
W: 0.36, T: 0.00 (versus lvl2)
Training round 36 completed in 4 minutes and 57 seconds.
Expected completion: 05:13 2020-05-17.
Training round 37 stats
Wins 0.54, Ties 0.01, Losses 0.45, Game Length 21.23 moves
Loss p1: 0.171826, Loss p2: 0.177328
Benchmark Stats Training Round 37
W: 0.86, T: 0.00 (versus random)
W: 0.50, T: 0.00 (versus left)
W: 0.64, T: 0.00 (versus lvl1)
W: 0.29, T: 0.01 (versus lvl2)
Training round 37 completed in 5 minutes and 8 seconds.
Expected completion: 05:25 2020-05-17.
Training round 38 stats
Wins 0.41, Ties 0.01, Losses 0.59, Game Length 20.06 moves
Loss p1: 0.174285, Loss p2: 0.168217
Benchmark Stats Training Round 38
W: 0.85, T: 0.00 (versus random)
W: 0.00, T: 0.00 (versus left)
W: 0.71, T: 0.00 (versus lvl1)
W: 0.29, T: 0.01 (versus lvl2)
Training round 38 completed in 4 minutes and 42 seconds.
Expected completion: 04:58 2020-05-17.
Training round 39 stats
Wins 0.46, Ties 0.00, Losses 0.54, Game Length 22.12 moves
Loss p1: 0.180464, Loss p2: 0.176042
Benchmark Stats Training Round 39
W: 0.94, T: 0.00 (versus random)
W: 0.00, T: 0.00 (versus left)
W: 0.82, T: 0.00 (versus lvl1)
W: 0.42, T: 0.00 (versus lvl2)
Training round 39 completed in 5 minutes and 7 seconds.
Expected completion: 05:24 2020-05-17.
Training round 40 stats
Wins 0.51, Ties 0.00, Losses 0.48, Game Length 21.68 moves
Loss p1: 0.167894, Loss p2: 0.166907
Benchmark Stats Training Round 40
W: 0.91, T: 0.00 (versus random)
W: 0.50, T: 0.00 (versus left)
W: 0.87, T: 0.00 (versus lvl1)
W: 0.29, T: 0.01 (versus lvl2)
Training round 40 completed in 5 minutes and 3 seconds.
Expected completion: 05:19 2020-05-17.
Training round 41 stats
Wins 0.54, Ties 0.02, Losses 0.44, Game Length 24.31 moves
Loss p1: 0.170734, Loss p2: 0.171712
Benchmark Stats Training Round 41
W: 0.81, T: 0.00 (versus random)
W: 0.00, T: 0.00 (versus left)
W: 0.77, T: 0.00 (versus lvl1)
W: 0.41, T: 0.02 (versus lvl2)
Training round 41 completed in 5 minutes and 20 seconds.
Expected completion: 05:37 2020-05-17.
Training round 42 stats
Wins 0.51, Ties 0.01, Losses 0.48, Game Length 20.02 moves
Loss p1: 0.166953, Loss p2: 0.161496
Benchmark Stats Training Round 42
W: 0.96, T: 0.00 (versus random)
W: 0.50, T: 0.00 (versus left)
W: 0.68, T: 0.00 (versus lvl1)
W: 0.31, T: 0.01 (versus lvl2)
Training round 42 completed in 4 minutes and 46 seconds.
Expected completion: 05:03 2020-05-17.
Training round 43 stats
Wins 0.51, Ties 0.02, Losses 0.47, Game Length 22.50 moves
Loss p1: 0.166286, Loss p2: 0.165966
Benchmark Stats Training Round 43
W: 0.90, T: 0.01 (versus random)
W: 1.00, T: 0.00 (versus left)
W: 0.70, T: 0.00 (versus lvl1)
W: 0.27, T: 0.00 (versus lvl2)
Training round 43 completed in 5 minutes and 19 seconds.
Expected completion: 05:35 2020-05-17.
Training round 44 stats
Wins 0.46, Ties 0.00, Losses 0.54, Game Length 22.75 moves
Loss p1: 0.164101, Loss p2: 0.158678
Benchmark Stats Training Round 44
W: 0.84, T: 0.01 (versus random)
W: 0.50, T: 0.00 (versus left)
W: 0.71, T: 0.00 (versus lvl1)
W: 0.19, T: 0.01 (versus lvl2)
Training round 44 completed in 5 minutes and 10 seconds.
Expected completion: 05:27 2020-05-17.
Training round 45 stats
Wins 0.47, Ties 0.01, Losses 0.52, Game Length 21.48 moves
Loss p1: 0.174468, Loss p2: 0.168127
Benchmark Stats Training Round 45
W: 0.84, T: 0.00 (versus random)
W: 1.00, T: 0.00 (versus left)
W: 0.76, T: 0.00 (versus lvl1)
W: 0.32, T: 0.01 (versus lvl2)
Training round 45 completed in 4 minutes and 60 seconds.
Expected completion: 05:17 2020-05-17.
Training round 46 stats
Wins 0.45, Ties 0.04, Losses 0.51, Game Length 24.99 moves
Loss p1: 0.148624, Loss p2: 0.143349
Benchmark Stats Training Round 46
W: 0.84, T: 0.01 (versus random)
W: 1.00, T: 0.00 (versus left)
W: 0.62, T: 0.00 (versus lvl1)
W: 0.36, T: 0.00 (versus lvl2)
Training round 46 completed in 5 minutes and 31 seconds.
Expected completion: 05:46 2020-05-17.
Training round 47 stats
Wins 0.54, Ties 0.01, Losses 0.46, Game Length 22.11 moves
Loss p1: 0.140526, Loss p2: 0.141436
Benchmark Stats Training Round 47
W: 0.88, T: 0.00 (versus random)
W: 1.00, T: 0.00 (versus left)
W: 0.69, T: 0.01 (versus lvl1)
W: 0.27, T: 0.01 (versus lvl2)
Training round 47 completed in 5 minutes and 9 seconds.
Expected completion: 05:25 2020-05-17.
Training round 48 stats
Wins 0.28, Ties 0.01, Losses 0.71, Game Length 20.15 moves
Loss p1: 0.148985, Loss p2: 0.141448
Benchmark Stats Training Round 48
W: 0.77, T: 0.00 (versus random)
W: 1.00, T: 0.00 (versus left)
W: 0.64, T: 0.00 (versus lvl1)
W: 0.13, T: 0.01 (versus lvl2)
Training round 48 completed in 4 minutes and 57 seconds.
Expected completion: 05:15 2020-05-17.
Training round 49 stats
Wins 0.46, Ties 0.01, Losses 0.53, Game Length 21.96 moves
Loss p1: 0.175780, Loss p2: 0.181718
Benchmark Stats Training Round 49
W: 0.87, T: 0.00 (versus random)
W: 1.00, T: 0.00 (versus left)
W: 0.72, T: 0.00 (versus lvl1)
W: 0.22, T: 0.00 (versus lvl2)
Training round 49 completed in 5 minutes and 16 seconds.
Expected completion: 05:32 2020-05-17.
Training round 50 stats
Wins 0.62, Ties 0.01, Losses 0.37, Game Length 24.42 moves
Loss p1: 0.172652, Loss p2: 0.179125
Benchmark Stats Training Round 50
W: 0.90, T: 0.00 (versus random)
W: 0.50, T: 0.00 (versus left)
W: 0.78, T: 0.00 (versus lvl1)
W: 0.29, T: 0.00 (versus lvl2)
Training round 50 completed in 5 minutes and 27 seconds.
Expected completion: 05:41 2020-05-17.
Training round 51 stats
Wins 0.62, Ties 0.01, Losses 0.37, Game Length 22.36 moves
Loss p1: 0.161056, Loss p2: 0.170915
Benchmark Stats Training Round 51
W: 0.84, T: 0.00 (versus random)
W: 1.00, T: 0.00 (versus left)
W: 0.67, T: 0.00 (versus lvl1)
W: 0.27, T: 0.01 (versus lvl2)
Training round 51 completed in 5 minutes and 21 seconds.
Expected completion: 05:36 2020-05-17.
Training round 52 stats
Wins 0.62, Ties 0.01, Losses 0.37, Game Length 23.03 moves
Loss p1: 0.162386, Loss p2: 0.161391
Benchmark Stats Training Round 52
W: 0.94, T: 0.00 (versus random)
W: 0.50, T: 0.00 (versus left)
W: 0.73, T: 0.00 (versus lvl1)
W: 0.25, T: 0.00 (versus lvl2)
Training round 52 completed in 5 minutes and 19 seconds.
Expected completion: 05:35 2020-05-17.
Training round 53 stats
Wins 0.53, Ties 0.00, Losses 0.46, Game Length 22.56 moves
Loss p1: 0.154323, Loss p2: 0.150672
Benchmark Stats Training Round 53
W: 0.89, T: 0.00 (versus random)
W: 1.00, T: 0.00 (versus left)
W: 0.79, T: 0.00 (versus lvl1)
W: 0.23, T: 0.00 (versus lvl2)
Training round 53 completed in 5 minutes and 16 seconds.
Expected completion: 05:32 2020-05-17.
Training round 54 stats
Wins 0.51, Ties 0.01, Losses 0.49, Game Length 22.15 moves
Loss p1: 0.167899, Loss p2: 0.162159
Benchmark Stats Training Round 54
W: 0.88, T: 0.00 (versus random)
W: 0.00, T: 0.00 (versus left)
W: 0.81, T: 0.00 (versus lvl1)
W: 0.22, T: 0.01 (versus lvl2)
Training round 54 completed in 5 minutes and 12 seconds.
Expected completion: 05:29 2020-05-17.
Training round 55 stats
Wins 0.65, Ties 0.01, Losses 0.34, Game Length 22.78 moves
Loss p1: 0.167169, Loss p2: 0.160408
Benchmark Stats Training Round 55
W: 0.85, T: 0.00 (versus random)
W: 0.50, T: 0.00 (versus left)
W: 0.77, T: 0.00 (versus lvl1)
W: 0.37, T: 0.00 (versus lvl2)
Training round 55 completed in 5 minutes and 16 seconds.
Expected completion: 05:32 2020-05-17.
Training round 56 stats
Wins 0.51, Ties 0.01, Losses 0.48, Game Length 24.10 moves
Loss p1: 0.165629, Loss p2: 0.158899
Benchmark Stats Training Round 56
W: 0.78, T: 0.00 (versus random)
W: 0.00, T: 0.00 (versus left)
W: 0.64, T: 0.01 (versus lvl1)
W: 0.13, T: 0.01 (versus lvl2)
Training round 56 completed in 5 minutes and 46 seconds.
Expected completion: 05:54 2020-05-17.
Training round 57 stats
Wins 0.57, Ties 0.00, Losses 0.43, Game Length 21.89 moves
Loss p1: 0.168100, Loss p2: 0.169599
Benchmark Stats Training Round 57
W: 0.82, T: 0.00 (versus random)
W: 0.50, T: 0.00 (versus left)
W: 0.76, T: 0.00 (versus lvl1)
W: 0.25, T: 0.01 (versus lvl2)
Training round 57 completed in 5 minutes and 6 seconds.
Expected completion: 05:25 2020-05-17.
Training round 58 stats
Wins 0.59, Ties 0.01, Losses 0.40, Game Length 22.28 moves
Loss p1: 0.149776, Loss p2: 0.145313
Benchmark Stats Training Round 58
W: 0.80, T: 0.00 (versus random)
W: 0.50, T: 0.00 (versus left)
W: 0.76, T: 0.00 (versus lvl1)
W: 0.38, T: 0.00 (versus lvl2)
Training round 58 completed in 5 minutes and 12 seconds.
Expected completion: 05:29 2020-05-17.
Training round 59 stats
Wins 0.59, Ties 0.00, Losses 0.41, Game Length 19.82 moves
Loss p1: 0.118512, Loss p2: 0.113317
Benchmark Stats Training Round 59
W: 0.88, T: 0.00 (versus random)
W: 0.50, T: 0.00 (versus left)
W: 0.84, T: 0.00 (versus lvl1)
W: 0.15, T: 0.01 (versus lvl2)
Training round 59 completed in 4 minutes and 56 seconds.
Expected completion: 05:18 2020-05-17.
Training round 60 stats
Wins 0.53, Ties 0.00, Losses 0.47, Game Length 19.85 moves
Loss p1: 0.174927, Loss p2: 0.171602
Benchmark Stats Training Round 60
W: 0.88, T: 0.01 (versus random)
W: 0.50, T: 0.00 (versus left)
W: 0.77, T: 0.00 (versus lvl1)
W: 0.28, T: 0.03 (versus lvl2)
Training round 60 completed in 4 minutes and 49 seconds.
Expected completion: 05:13 2020-05-17.
Training round 61 stats
Wins 0.48, Ties 0.01, Losses 0.51, Game Length 22.03 moves
Loss p1: 0.164723, Loss p2: 0.157471
Benchmark Stats Training Round 61
W: 0.85, T: 0.00 (versus random)
W: 0.50, T: 0.00 (versus left)
W: 0.59, T: 0.00 (versus lvl1)
W: 0.25, T: 0.01 (versus lvl2)
Training round 61 completed in 5 minutes and 6 seconds.
Expected completion: 05:25 2020-05-17.
Training round 62 stats
Wins 0.48, Ties 0.01, Losses 0.51, Game Length 22.88 moves
Loss p1: 0.174662, Loss p2: 0.165425
Benchmark Stats Training Round 62
W: 0.87, T: 0.00 (versus random)
W: 0.50, T: 0.00 (versus left)
W: 0.74, T: 0.00 (versus lvl1)
W: 0.34, T: 0.02 (versus lvl2)
Training round 62 completed in 5 minutes and 20 seconds.
Expected completion: 05:34 2020-05-17.
Training round 63 stats
Wins 0.50, Ties 0.02, Losses 0.48, Game Length 24.00 moves
Loss p1: 0.177686, Loss p2: 0.167413
Benchmark Stats Training Round 63
W: 0.89, T: 0.00 (versus random)
W: 0.50, T: 0.00 (versus left)
W: 0.84, T: 0.00 (versus lvl1)
W: 0.39, T: 0.00 (versus lvl2)
Training round 63 completed in 5 minutes and 28 seconds.
Expected completion: 05:39 2020-05-17.
Training round 64 stats
Wins 0.53, Ties 0.01, Losses 0.45, Game Length 20.54 moves
Loss p1: 0.161183, Loss p2: 0.157756
Benchmark Stats Training Round 64
W: 0.94, T: 0.00 (versus random)
W: 1.00, T: 0.00 (versus left)
W: 0.82, T: 0.00 (versus lvl1)
W: 0.47, T: 0.01 (versus lvl2)
Training round 64 completed in 5 minutes and 1 seconds.
Expected completion: 05:22 2020-05-17.
Training round 65 stats
Wins 0.55, Ties 0.02, Losses 0.44, Game Length 23.55 moves
Loss p1: 0.168275, Loss p2: 0.168385
Benchmark Stats Training Round 65
W: 0.86, T: 0.00 (versus random)
W: 1.00, T: 0.00 (versus left)
W: 0.72, T: 0.00 (versus lvl1)
W: 0.26, T: 0.02 (versus lvl2)
Training round 65 completed in 5 minutes and 31 seconds.
Expected completion: 05:40 2020-05-17.
Training round 66 stats
Wins 0.52, Ties 0.01, Losses 0.47, Game Length 22.92 moves
Loss p1: 0.171111, Loss p2: 0.169663
Benchmark Stats Training Round 66
W: 0.90, T: 0.00 (versus random)
W: 0.50, T: 0.00 (versus left)
W: 0.83, T: 0.00 (versus lvl1)
W: 0.27, T: 0.00 (versus lvl2)
Training round 66 completed in 5 minutes and 15 seconds.
Expected completion: 05:31 2020-05-17.
Training round 67 stats
Wins 0.59, Ties 0.01, Losses 0.40, Game Length 20.25 moves
Loss p1: 0.179973, Loss p2: 0.177228
Benchmark Stats Training Round 67
W: 0.92, T: 0.00 (versus random)
W: 0.50, T: 0.00 (versus left)
W: 0.80, T: 0.00 (versus lvl1)
W: 0.36, T: 0.00 (versus lvl2)
Training round 67 completed in 4 minutes and 59 seconds.
Expected completion: 05:22 2020-05-17.
Training round 68 stats
Wins 0.60, Ties 0.00, Losses 0.39, Game Length 20.62 moves
Loss p1: 0.174634, Loss p2: 0.181134
Benchmark Stats Training Round 68
W: 0.91, T: 0.00 (versus random)
W: 0.50, T: 0.00 (versus left)
W: 0.74, T: 0.00 (versus lvl1)
W: 0.22, T: 0.00 (versus lvl2)
Training round 68 completed in 5 minutes and 3 seconds.
Expected completion: 05:24 2020-05-17.
Training round 69 stats
Wins 0.74, Ties 0.00, Losses 0.26, Game Length 21.53 moves
Loss p1: 0.143372, Loss p2: 0.146520
Benchmark Stats Training Round 69
W: 0.94, T: 0.00 (versus random)
W: 0.50, T: 0.00 (versus left)
W: 0.88, T: 0.00 (versus lvl1)
W: 0.41, T: 0.01 (versus lvl2)
Training round 69 completed in 5 minutes and 9 seconds.
Expected completion: 05:27 2020-05-17.
Training round 70 stats
Wins 0.69, Ties 0.01, Losses 0.31, Game Length 24.46 moves
Loss p1: 0.157541, Loss p2: 0.149841
Benchmark Stats Training Round 70
W: 0.86, T: 0.00 (versus random)
W: 0.50, T: 0.00 (versus left)
W: 0.80, T: 0.00 (versus lvl1)
W: 0.44, T: 0.01 (versus lvl2)
Training round 70 completed in 5 minutes and 27 seconds.
Expected completion: 05:36 2020-05-17.
Training round 71 stats
Wins 0.71, Ties 0.00, Losses 0.29, Game Length 23.29 moves
Loss p1: 0.158814, Loss p2: 0.152378
Benchmark Stats Training Round 71
W: 0.90, T: 0.00 (versus random)
W: 0.00, T: 0.00 (versus left)
W: 0.75, T: 0.00 (versus lvl1)
W: 0.40, T: 0.01 (versus lvl2)
Training round 71 completed in 5 minutes and 16 seconds.
Expected completion: 05:31 2020-05-17.
Training round 72 stats
Wins 0.53, Ties 0.01, Losses 0.46, Game Length 22.57 moves
Loss p1: 0.161122, Loss p2: 0.156459
Benchmark Stats Training Round 72
W: 0.84, T: 0.01 (versus random)
W: 1.00, T: 0.00 (versus left)
W: 0.80, T: 0.00 (versus lvl1)
W: 0.34, T: 0.01 (versus lvl2)
Training round 72 completed in 5 minutes and 25 seconds.
Expected completion: 05:35 2020-05-17.
Training round 73 stats
Wins 0.57, Ties 0.01, Losses 0.42, Game Length 23.70 moves
Loss p1: 0.151311, Loss p2: 0.141235
Benchmark Stats Training Round 73
W: 0.88, T: 0.00 (versus random)
W: 0.50, T: 0.00 (versus left)
W: 0.86, T: 0.00 (versus lvl1)
W: 0.37, T: 0.02 (versus lvl2)
Training round 73 completed in 5 minutes and 13 seconds.
Expected completion: 05:30 2020-05-17.
Training round 74 stats
Wins 0.40, Ties 0.01, Losses 0.58, Game Length 23.87 moves
Loss p1: 0.156004, Loss p2: 0.138152
Benchmark Stats Training Round 74
W: 0.85, T: 0.00 (versus random)
W: 1.00, T: 0.00 (versus left)
W: 0.76, T: 0.00 (versus lvl1)
W: 0.35, T: 0.00 (versus lvl2)
Training round 74 completed in 5 minutes and 31 seconds.
Expected completion: 05:38 2020-05-17.
Training round 75 stats
Wins 0.54, Ties 0.01, Losses 0.46, Game Length 24.73 moves
Loss p1: 0.164127, Loss p2: 0.152308
Benchmark Stats Training Round 75
W: 0.98, T: 0.00 (versus random)
W: 1.00, T: 0.00 (versus left)
W: 0.86, T: 0.00 (versus lvl1)
W: 0.36, T: 0.01 (versus lvl2)
Training round 75 completed in 5 minutes and 34 seconds.
Expected completion: 05:39 2020-05-17.
Training round 76 stats
Wins 0.49, Ties 0.01, Losses 0.49, Game Length 24.87 moves
Loss p1: 0.168342, Loss p2: 0.162595
Benchmark Stats Training Round 76
W: 0.93, T: 0.00 (versus random)
W: 0.50, T: 0.00 (versus left)
W: 0.75, T: 0.00 (versus lvl1)
W: 0.41, T: 0.00 (versus lvl2)
Training round 76 completed in 5 minutes and 51 seconds.
Expected completion: 05:46 2020-05-17.
Training round 77 stats
Wins 0.45, Ties 0.04, Losses 0.51, Game Length 25.21 moves
Loss p1: 0.167384, Loss p2: 0.162219
Benchmark Stats Training Round 77
W: 0.87, T: 0.00 (versus random)
W: 1.00, T: 0.00 (versus left)
W: 0.75, T: 0.00 (versus lvl1)
W: 0.25, T: 0.01 (versus lvl2)
Training round 77 completed in 5 minutes and 38 seconds.
Expected completion: 05:41 2020-05-17.
Training round 78 stats
Wins 0.62, Ties 0.02, Losses 0.36, Game Length 22.95 moves
Loss p1: 0.143867, Loss p2: 0.139050
Benchmark Stats Training Round 78
W: 0.90, T: 0.01 (versus random)
W: 0.50, T: 0.00 (versus left)
W: 0.62, T: 0.00 (versus lvl1)
W: 0.29, T: 0.03 (versus lvl2)
Training round 78 completed in 5 minutes and 16 seconds.
Expected completion: 05:33 2020-05-17.
Training round 79 stats
Wins 0.47, Ties 0.01, Losses 0.52, Game Length 20.37 moves
Loss p1: 0.192951, Loss p2: 0.178171
Benchmark Stats Training Round 79
W: 0.84, T: 0.00 (versus random)
W: 1.00, T: 0.00 (versus left)
W: 0.68, T: 0.00 (versus lvl1)
W: 0.23, T: 0.02 (versus lvl2)
Training round 79 completed in 5 minutes and 7 seconds.
Expected completion: 05:29 2020-05-17.
Training round 80 stats
Wins 0.59, Ties 0.01, Losses 0.40, Game Length 20.43 moves
Loss p1: 0.181513, Loss p2: 0.172418
Benchmark Stats Training Round 80
W: 0.88, T: 0.00 (versus random)
W: 1.00, T: 0.00 (versus left)
W: 0.72, T: 0.00 (versus lvl1)
W: 0.32, T: 0.01 (versus lvl2)
Training round 80 completed in 4 minutes and 54 seconds.
Expected completion: 05:25 2020-05-17.
Training round 81 stats
Wins 0.49, Ties 0.01, Losses 0.50, Game Length 22.70 moves
Loss p1: 0.184639, Loss p2: 0.183122
Benchmark Stats Training Round 81
W: 0.88, T: 0.00 (versus random)
W: 1.00, T: 0.00 (versus left)
W: 0.64, T: 0.00 (versus lvl1)
W: 0.43, T: 0.00 (versus lvl2)
Training round 81 completed in 5 minutes and 31 seconds.
Expected completion: 05:37 2020-05-17.
Training round 82 stats
Wins 0.55, Ties 0.00, Losses 0.45, Game Length 21.43 moves
Loss p1: 0.196742, Loss p2: 0.183287
Benchmark Stats Training Round 82
W: 0.89, T: 0.00 (versus random)
W: 0.50, T: 0.00 (versus left)
W: 0.72, T: 0.00 (versus lvl1)
W: 0.20, T: 0.02 (versus lvl2)
Training round 82 completed in 5 minutes and 13 seconds.
Expected completion: 05:31 2020-05-17.
Training round 83 stats
Wins 0.56, Ties 0.01, Losses 0.42, Game Length 23.07 moves
Loss p1: 0.146813, Loss p2: 0.134647
Benchmark Stats Training Round 83
W: 0.84, T: 0.00 (versus random)
W: 0.50, T: 0.00 (versus left)
W: 0.77, T: 0.00 (versus lvl1)
W: 0.37, T: 0.00 (versus lvl2)
Training round 83 completed in 5 minutes and 21 seconds.
Expected completion: 05:34 2020-05-17.
Training round 84 stats
Wins 0.60, Ties 0.00, Losses 0.40, Game Length 21.38 moves
Loss p1: 0.172285, Loss p2: 0.166591
Benchmark Stats Training Round 84
W: 0.93, T: 0.00 (versus random)
W: 1.00, T: 0.00 (versus left)
W: 0.83, T: 0.00 (versus lvl1)
W: 0.41, T: 0.00 (versus lvl2)
Training round 84 completed in 5 minutes and 8 seconds.
Expected completion: 05:30 2020-05-17.
Training round 85 stats
Wins 0.57, Ties 0.01, Losses 0.43, Game Length 22.81 moves
Loss p1: 0.193135, Loss p2: 0.185436
Benchmark Stats Training Round 85
W: 0.92, T: 0.00 (versus random)
W: 0.50, T: 0.00 (versus left)
W: 0.77, T: 0.00 (versus lvl1)
W: 0.41, T: 0.01 (versus lvl2)
Training round 85 completed in 5 minutes and 27 seconds.
Expected completion: 05:35 2020-05-17.
Training round 86 stats
Wins 0.48, Ties 0.01, Losses 0.52, Game Length 22.57 moves
Loss p1: 0.165180, Loss p2: 0.157003
Benchmark Stats Training Round 86
W: 0.90, T: 0.00 (versus random)
W: 0.50, T: 0.00 (versus left)
W: 0.79, T: 0.00 (versus lvl1)
W: 0.34, T: 0.01 (versus lvl2)
Training round 86 completed in 5 minutes and 15 seconds.
Expected completion: 05:32 2020-05-17.
Training round 87 stats
Wins 0.40, Ties 0.01, Losses 0.59, Game Length 24.27 moves
Loss p1: 0.193998, Loss p2: 0.183404
Benchmark Stats Training Round 87
W: 0.92, T: 0.00 (versus random)
W: 1.00, T: 0.00 (versus left)
W: 0.76, T: 0.00 (versus lvl1)
W: 0.36, T: 0.00 (versus lvl2)
Training round 87 completed in 5 minutes and 25 seconds.
Expected completion: 05:35 2020-05-17.
Training round 88 stats
Wins 0.58, Ties 0.02, Losses 0.40, Game Length 25.80 moves
Loss p1: 0.160323, Loss p2: 0.160329
Benchmark Stats Training Round 88
W: 0.87, T: 0.00 (versus random)
W: 1.00, T: 0.00 (versus left)
W: 0.66, T: 0.00 (versus lvl1)
W: 0.20, T: 0.01 (versus lvl2)
Training round 88 completed in 5 minutes and 38 seconds.
Expected completion: 05:37 2020-05-17.
Training round 89 stats
Wins 0.56, Ties 0.02, Losses 0.41, Game Length 23.04 moves
Loss p1: 0.155724, Loss p2: 0.156577
Benchmark Stats Training Round 89
W: 0.88, T: 0.00 (versus random)
W: 1.00, T: 0.00 (versus left)
W: 0.78, T: 0.00 (versus lvl1)
W: 0.36, T: 0.00 (versus lvl2)
Training round 89 completed in 5 minutes and 34 seconds.
Expected completion: 05:37 2020-05-17.
Training round 90 stats
Wins 0.51, Ties 0.01, Losses 0.48, Game Length 23.98 moves
Loss p1: 0.190664, Loss p2: 0.184087
Benchmark Stats Training Round 90
W: 0.94, T: 0.00 (versus random)
W: 1.00, T: 0.00 (versus left)
W: 0.79, T: 0.00 (versus lvl1)
W: 0.42, T: 0.01 (versus lvl2)
Training round 90 completed in 5 minutes and 25 seconds.
Expected completion: 05:35 2020-05-17.
Training round 91 stats
Wins 0.56, Ties 0.00, Losses 0.44, Game Length 22.34 moves
Loss p1: 0.182828, Loss p2: 0.183456
Benchmark Stats Training Round 91
W: 0.88, T: 0.00 (versus random)
W: 1.00, T: 0.00 (versus left)
W: 0.77, T: 0.00 (versus lvl1)
W: 0.28, T: 0.00 (versus lvl2)
Training round 91 completed in 5 minutes and 15 seconds.
Expected completion: 05:33 2020-05-17.
Training round 92 stats
Wins 0.64, Ties 0.01, Losses 0.35, Game Length 23.15 moves
Loss p1: 0.169643, Loss p2: 0.173049
Benchmark Stats Training Round 92
W: 0.91, T: 0.01 (versus random)
W: 0.50, T: 0.00 (versus left)
W: 0.75, T: 0.00 (versus lvl1)
W: 0.29, T: 0.00 (versus lvl2)
Training round 92 completed in 5 minutes and 23 seconds.
Expected completion: 05:34 2020-05-17.
Training round 93 stats
Wins 0.55, Ties 0.01, Losses 0.44, Game Length 17.82 moves
Loss p1: 0.134884, Loss p2: 0.132310
Benchmark Stats Training Round 93
W: 0.92, T: 0.00 (versus random)
W: 0.50, T: 0.00 (versus left)
W: 0.80, T: 0.00 (versus lvl1)
W: 0.34, T: 0.03 (versus lvl2)
Training round 93 completed in 4 minutes and 33 seconds.
Expected completion: 05:28 2020-05-17.
Training round 94 stats
Wins 0.39, Ties 0.00, Losses 0.61, Game Length 20.91 moves
Loss p1: 0.118476, Loss p2: 0.115460
Benchmark Stats Training Round 94
W: 0.86, T: 0.01 (versus random)
W: 0.50, T: 0.00 (versus left)
W: 0.73, T: 0.00 (versus lvl1)
W: 0.33, T: 0.00 (versus lvl2)
Training round 94 completed in 5 minutes and 11 seconds.
Expected completion: 05:32 2020-05-17.
Training round 95 stats
Wins 0.47, Ties 0.00, Losses 0.52, Game Length 23.85 moves
Loss p1: 0.171107, Loss p2: 0.160479
Benchmark Stats Training Round 95
W: 0.92, T: 0.01 (versus random)
W: 1.00, T: 0.00 (versus left)
W: 0.83, T: 0.00 (versus lvl1)
W: 0.40, T: 0.01 (versus lvl2)
Training round 95 completed in 5 minutes and 34 seconds.
Expected completion: 05:34 2020-05-17.
Training round 96 stats
Wins 0.46, Ties 0.00, Losses 0.54, Game Length 24.52 moves
Loss p1: 0.183001, Loss p2: 0.172581
Benchmark Stats Training Round 96
W: 0.93, T: 0.00 (versus random)
W: 1.00, T: 0.00 (versus left)
W: 0.77, T: 0.00 (versus lvl1)
W: 0.42, T: 0.03 (versus lvl2)
Training round 96 completed in 5 minutes and 48 seconds.
Expected completion: 05:36 2020-05-17.
Training round 97 stats
Wins 0.38, Ties 0.01, Losses 0.62, Game Length 23.69 moves
Loss p1: 0.150461, Loss p2: 0.146230
Benchmark Stats Training Round 97
W: 0.92, T: 0.00 (versus random)
W: 1.00, T: 0.00 (versus left)
W: 0.82, T: 0.00 (versus lvl1)
W: 0.49, T: 0.01 (versus lvl2)
Training round 97 completed in 5 minutes and 31 seconds.
Expected completion: 05:34 2020-05-17.
Training round 98 stats
Wins 0.47, Ties 0.00, Losses 0.53, Game Length 23.24 moves
Loss p1: 0.140475, Loss p2: 0.133424
Benchmark Stats Training Round 98
W: 0.96, T: 0.00 (versus random)
W: 1.00, T: 0.00 (versus left)
W: 0.80, T: 0.00 (versus lvl1)
W: 0.40, T: 0.01 (versus lvl2)
Training round 98 completed in 5 minutes and 28 seconds.
Expected completion: 05:34 2020-05-17.
Training round 99 stats
Wins 0.42, Ties 0.01, Losses 0.56, Game Length 22.53 moves
Loss p1: 0.160080, Loss p2: 0.152699
Benchmark Stats Training Round 99
W: 0.95, T: 0.00 (versus random)
W: 0.50, T: 0.00 (versus left)
W: 0.83, T: 0.00 (versus lvl1)
W: 0.40, T: 0.00 (versus lvl2)
Training round 99 completed in 5 minutes and 21 seconds.
Expected completion: 05:34 2020-05-17.
Training round 100 stats
Wins 0.57, Ties 0.01, Losses 0.42, Game Length 23.12 moves
Loss p1: 0.172836, Loss p2: 0.165771
Benchmark Stats Training Round 100
W: 0.92, T: 0.00 (versus random)
W: 0.50, T: 0.00 (versus left)
W: 0.79, T: 0.00 (versus lvl1)
W: 0.27, T: 0.00 (versus lvl2)
Training round 100 completed in 5 minutes and 25 seconds.
Expected completion: 05:34 2020-05-17.
