Training Neural Net on Connect 4
  self_play_batch_size: 1000
  benchmark_batch_size: 100
  training_rounds: 100
  memory_size: 1000
  network: B
  exploration: no
  loss: MSE
  encoding: integer
  optimizer: Adam
  experience: yes

Benchmark Stats Training Round 0
W: 0.61, T: 0.00 (versus random)
W: 0.50, T: 0.00 (versus left)
W: 0.37, T: 0.00 (versus lvl1)
W: 0.28, T: 0.00 (versus lvl2)
Training round 1 stats
Wins 0.47, Ties 0.02, Losses 0.51, Game Length 22.94 moves
Loss p1: 0.141928, Loss p2: 0.145067
Benchmark Stats Training Round 1
W: 0.68, T: 0.00 (versus random)
W: 0.50, T: 0.00 (versus left)
W: 0.33, T: 0.00 (versus lvl1)
W: 0.23, T: 0.01 (versus lvl2)
Training round 1 completed in 2 minutes and 31 seconds.
Expected completion: 18:41 2020-05-17.
Training round 2 stats
Wins 0.46, Ties 0.01, Losses 0.53, Game Length 21.56 moves
Loss p1: 0.160734, Loss p2: 0.156534
Benchmark Stats Training Round 2
W: 0.74, T: 0.00 (versus random)
W: 0.00, T: 0.00 (versus left)
W: 0.62, T: 0.01 (versus lvl1)
W: 0.25, T: 0.03 (versus lvl2)
Training round 2 completed in 2 minutes and 30 seconds.
Expected completion: 18:40 2020-05-17.
Training round 3 stats
Wins 0.39, Ties 0.01, Losses 0.61, Game Length 18.82 moves
Loss p1: 0.153825, Loss p2: 0.149476
Benchmark Stats Training Round 3
W: 0.75, T: 0.00 (versus random)
W: 0.00, T: 0.00 (versus left)
W: 0.57, T: 0.00 (versus lvl1)
W: 0.06, T: 0.00 (versus lvl2)
Training round 3 completed in 2 minutes and 10 seconds.
Expected completion: 18:07 2020-05-17.
Training round 4 stats
Wins 0.41, Ties 0.01, Losses 0.58, Game Length 20.80 moves
Loss p1: 0.152848, Loss p2: 0.154063
Benchmark Stats Training Round 4
W: 0.84, T: 0.00 (versus random)
W: 0.00, T: 0.00 (versus left)
W: 0.48, T: 0.00 (versus lvl1)
W: 0.14, T: 0.00 (versus lvl2)
Training round 4 completed in 2 minutes and 21 seconds.
Expected completion: 18:25 2020-05-17.
Training round 5 stats
Wins 0.45, Ties 0.01, Losses 0.54, Game Length 20.18 moves
Loss p1: 0.158718, Loss p2: 0.163892
Benchmark Stats Training Round 5
W: 0.82, T: 0.00 (versus random)
W: 0.00, T: 0.00 (versus left)
W: 0.70, T: 0.00 (versus lvl1)
W: 0.25, T: 0.00 (versus lvl2)
Training round 5 completed in 2 minutes and 13 seconds.
Expected completion: 18:12 2020-05-17.
Training round 6 stats
Wins 0.49, Ties 0.01, Losses 0.51, Game Length 22.72 moves
Loss p1: 0.167362, Loss p2: 0.161594
Benchmark Stats Training Round 6
W: 0.79, T: 0.00 (versus random)
W: 1.00, T: 0.00 (versus left)
W: 0.48, T: 0.00 (versus lvl1)
W: 0.21, T: 0.00 (versus lvl2)
Training round 6 completed in 2 minutes and 31 seconds.
Expected completion: 18:41 2020-05-17.
Training round 7 stats
Wins 0.46, Ties 0.00, Losses 0.54, Game Length 20.55 moves
Loss p1: 0.151287, Loss p2: 0.151278
Benchmark Stats Training Round 7
W: 0.77, T: 0.00 (versus random)
W: 0.00, T: 0.00 (versus left)
W: 0.63, T: 0.00 (versus lvl1)
W: 0.17, T: 0.00 (versus lvl2)
Training round 7 completed in 2 minutes and 18 seconds.
Expected completion: 18:21 2020-05-17.
Training round 8 stats
Wins 0.53, Ties 0.01, Losses 0.46, Game Length 19.79 moves
Loss p1: 0.182464, Loss p2: 0.183827
Benchmark Stats Training Round 8
W: 0.84, T: 0.00 (versus random)
W: 1.00, T: 0.00 (versus left)
W: 0.72, T: 0.00 (versus lvl1)
W: 0.16, T: 0.00 (versus lvl2)
Training round 8 completed in 2 minutes and 15 seconds.
Expected completion: 18:15 2020-05-17.
Training round 9 stats
Wins 0.67, Ties 0.01, Losses 0.32, Game Length 21.68 moves
Loss p1: 0.149507, Loss p2: 0.150577
Benchmark Stats Training Round 9
W: 0.91, T: 0.00 (versus random)
W: 0.50, T: 0.00 (versus left)
W: 0.78, T: 0.00 (versus lvl1)
W: 0.42, T: 0.00 (versus lvl2)
Training round 9 completed in 2 minutes and 18 seconds.
Expected completion: 18:20 2020-05-17.
Training round 10 stats
Wins 0.68, Ties 0.01, Losses 0.31, Game Length 23.26 moves
Loss p1: 0.142983, Loss p2: 0.147357
Benchmark Stats Training Round 10
W: 0.81, T: 0.00 (versus random)
W: 1.00, T: 0.00 (versus left)
W: 0.73, T: 0.00 (versus lvl1)
W: 0.27, T: 0.01 (versus lvl2)
Training round 10 completed in 2 minutes and 24 seconds.
Expected completion: 18:29 2020-05-17.
Training round 11 stats
Wins 0.49, Ties 0.02, Losses 0.49, Game Length 21.22 moves
Loss p1: 0.164215, Loss p2: 0.162225
Benchmark Stats Training Round 11
W: 0.91, T: 0.00 (versus random)
W: 1.00, T: 0.00 (versus left)
W: 0.71, T: 0.00 (versus lvl1)
W: 0.30, T: 0.00 (versus lvl2)
Training round 11 completed in 2 minutes and 16 seconds.
Expected completion: 18:18 2020-05-17.
Training round 12 stats
Wins 0.48, Ties 0.02, Losses 0.51, Game Length 23.62 moves
Loss p1: 0.159394, Loss p2: 0.157825
Benchmark Stats Training Round 12
W: 0.89, T: 0.01 (versus random)
W: 1.00, T: 0.00 (versus left)
W: 0.64, T: 0.00 (versus lvl1)
W: 0.19, T: 0.02 (versus lvl2)
Training round 12 completed in 2 minutes and 29 seconds.
Expected completion: 18:37 2020-05-17.
Training round 13 stats
Wins 0.52, Ties 0.01, Losses 0.48, Game Length 21.95 moves
Loss p1: 0.159190, Loss p2: 0.170553
Benchmark Stats Training Round 13
W: 0.84, T: 0.00 (versus random)
W: 1.00, T: 0.00 (versus left)
W: 0.69, T: 0.00 (versus lvl1)
W: 0.18, T: 0.00 (versus lvl2)
Training round 13 completed in 2 minutes and 21 seconds.
Expected completion: 18:25 2020-05-17.
Training round 14 stats
Wins 0.53, Ties 0.01, Losses 0.47, Game Length 20.64 moves
Loss p1: 0.169987, Loss p2: 0.169282
Benchmark Stats Training Round 14
W: 0.84, T: 0.00 (versus random)
W: 0.00, T: 0.00 (versus left)
W: 0.75, T: 0.00 (versus lvl1)
W: 0.19, T: 0.01 (versus lvl2)
Training round 14 completed in 2 minutes and 14 seconds.
Expected completion: 18:15 2020-05-17.
Training round 15 stats
Wins 0.53, Ties 0.00, Losses 0.47, Game Length 19.45 moves
Loss p1: 0.169360, Loss p2: 0.173025
Benchmark Stats Training Round 15
W: 0.86, T: 0.00 (versus random)
W: 0.50, T: 0.00 (versus left)
W: 0.68, T: 0.00 (versus lvl1)
W: 0.31, T: 0.01 (versus lvl2)
Training round 15 completed in 2 minutes and 6 seconds.
Expected completion: 18:04 2020-05-17.
Training round 16 stats
Wins 0.50, Ties 0.01, Losses 0.49, Game Length 22.47 moves
Loss p1: 0.180630, Loss p2: 0.182676
Benchmark Stats Training Round 16
W: 0.79, T: 0.00 (versus random)
W: 0.00, T: 0.00 (versus left)
W: 0.60, T: 0.00 (versus lvl1)
W: 0.15, T: 0.00 (versus lvl2)
Training round 16 completed in 2 minutes and 21 seconds.
Expected completion: 18:25 2020-05-17.
Training round 17 stats
Wins 0.39, Ties 0.01, Losses 0.61, Game Length 19.80 moves
Loss p1: 0.179740, Loss p2: 0.173840
Benchmark Stats Training Round 17
W: 0.91, T: 0.00 (versus random)
W: 0.00, T: 0.00 (versus left)
W: 0.74, T: 0.00 (versus lvl1)
W: 0.18, T: 0.00 (versus lvl2)
Training round 17 completed in 2 minutes and 14 seconds.
Expected completion: 18:14 2020-05-17.
Training round 18 stats
Wins 0.53, Ties 0.00, Losses 0.47, Game Length 20.21 moves
Loss p1: 0.145662, Loss p2: 0.148312
Benchmark Stats Training Round 18
W: 0.90, T: 0.00 (versus random)
W: 0.00, T: 0.00 (versus left)
W: 0.78, T: 0.00 (versus lvl1)
W: 0.27, T: 0.02 (versus lvl2)
Training round 18 completed in 2 minutes and 18 seconds.
Expected completion: 18:20 2020-05-17.
Training round 19 stats
Wins 0.49, Ties 0.01, Losses 0.50, Game Length 20.61 moves
Loss p1: 0.179151, Loss p2: 0.175098
Benchmark Stats Training Round 19
W: 0.80, T: 0.01 (versus random)
W: 0.50, T: 0.00 (versus left)
W: 0.71, T: 0.00 (versus lvl1)
W: 0.27, T: 0.00 (versus lvl2)
Training round 19 completed in 2 minutes and 17 seconds.
Expected completion: 18:19 2020-05-17.
Training round 20 stats
Wins 0.56, Ties 0.02, Losses 0.41, Game Length 21.91 moves
Loss p1: 0.166021, Loss p2: 0.158739
Benchmark Stats Training Round 20
W: 0.88, T: 0.00 (versus random)
W: 0.50, T: 0.00 (versus left)
W: 0.69, T: 0.00 (versus lvl1)
W: 0.41, T: 0.00 (versus lvl2)
Training round 20 completed in 2 minutes and 23 seconds.
Expected completion: 18:27 2020-05-17.
Training round 21 stats
Wins 0.64, Ties 0.01, Losses 0.35, Game Length 22.12 moves
Loss p1: 0.167035, Loss p2: 0.159670
Benchmark Stats Training Round 21
W: 0.92, T: 0.00 (versus random)
W: 0.50, T: 0.00 (versus left)
W: 0.65, T: 0.00 (versus lvl1)
W: 0.22, T: 0.02 (versus lvl2)
Training round 21 completed in 2 minutes and 25 seconds.
Expected completion: 18:29 2020-05-17.
Training round 22 stats
Wins 0.60, Ties 0.02, Losses 0.39, Game Length 25.80 moves
Loss p1: 0.165346, Loss p2: 0.154936
Benchmark Stats Training Round 22
W: 0.89, T: 0.00 (versus random)
W: 1.00, T: 0.00 (versus left)
W: 0.74, T: 0.00 (versus lvl1)
W: 0.29, T: 0.00 (versus lvl2)
Training round 22 completed in 2 minutes and 40 seconds.
Expected completion: 18:50 2020-05-17.
Training round 23 stats
Wins 0.52, Ties 0.01, Losses 0.47, Game Length 23.01 moves
Loss p1: 0.160145, Loss p2: 0.153508
Benchmark Stats Training Round 23
W: 0.85, T: 0.00 (versus random)
W: 1.00, T: 0.00 (versus left)
W: 0.63, T: 0.00 (versus lvl1)
W: 0.30, T: 0.00 (versus lvl2)
Training round 23 completed in 2 minutes and 27 seconds.
Expected completion: 18:32 2020-05-17.
Training round 24 stats
Wins 0.62, Ties 0.01, Losses 0.37, Game Length 22.60 moves
Loss p1: 0.170274, Loss p2: 0.163780
Benchmark Stats Training Round 24
W: 0.90, T: 0.00 (versus random)
W: 0.50, T: 0.00 (versus left)
W: 0.67, T: 0.00 (versus lvl1)
W: 0.16, T: 0.02 (versus lvl2)
Training round 24 completed in 2 minutes and 27 seconds.
Expected completion: 18:32 2020-05-17.
Training round 25 stats
Wins 0.62, Ties 0.01, Losses 0.37, Game Length 25.54 moves
Loss p1: 0.146791, Loss p2: 0.145613
Benchmark Stats Training Round 25
W: 0.97, T: 0.00 (versus random)
W: 1.00, T: 0.00 (versus left)
W: 0.80, T: 0.00 (versus lvl1)
W: 0.29, T: 0.00 (versus lvl2)
Training round 25 completed in 2 minutes and 36 seconds.
Expected completion: 18:44 2020-05-17.
Training round 26 stats
Wins 0.52, Ties 0.01, Losses 0.46, Game Length 21.41 moves
Loss p1: 0.170107, Loss p2: 0.168235
Benchmark Stats Training Round 26
W: 0.86, T: 0.00 (versus random)
W: 1.00, T: 0.00 (versus left)
W: 0.82, T: 0.00 (versus lvl1)
W: 0.28, T: 0.00 (versus lvl2)
Training round 26 completed in 2 minutes and 18 seconds.
Expected completion: 18:21 2020-05-17.
Training round 27 stats
Wins 0.45, Ties 0.02, Losses 0.53, Game Length 22.83 moves
Loss p1: 0.179834, Loss p2: 0.173737
Benchmark Stats Training Round 27
W: 0.93, T: 0.00 (versus random)
W: 0.50, T: 0.00 (versus left)
W: 0.80, T: 0.00 (versus lvl1)
W: 0.29, T: 0.00 (versus lvl2)
Training round 27 completed in 2 minutes and 26 seconds.
Expected completion: 18:31 2020-05-17.
Training round 28 stats
Wins 0.54, Ties 0.02, Losses 0.44, Game Length 23.72 moves
Loss p1: 0.169517, Loss p2: 0.163862
Benchmark Stats Training Round 28
W: 0.91, T: 0.00 (versus random)
W: 0.50, T: 0.00 (versus left)
W: 0.76, T: 0.00 (versus lvl1)
W: 0.33, T: 0.03 (versus lvl2)
Training round 28 completed in 2 minutes and 29 seconds.
Expected completion: 18:35 2020-05-17.
Training round 29 stats
Wins 0.44, Ties 0.01, Losses 0.55, Game Length 24.50 moves
Loss p1: 0.168469, Loss p2: 0.156762
Benchmark Stats Training Round 29
W: 0.78, T: 0.00 (versus random)
W: 0.50, T: 0.00 (versus left)
W: 0.62, T: 0.00 (versus lvl1)
W: 0.24, T: 0.01 (versus lvl2)
Training round 29 completed in 2 minutes and 34 seconds.
Expected completion: 18:41 2020-05-17.
Training round 30 stats
Wins 0.49, Ties 0.02, Losses 0.49, Game Length 22.23 moves
Loss p1: 0.183197, Loss p2: 0.168388
Benchmark Stats Training Round 30
W: 0.87, T: 0.00 (versus random)
W: 0.50, T: 0.00 (versus left)
W: 0.66, T: 0.00 (versus lvl1)
W: 0.25, T: 0.00 (versus lvl2)
Training round 30 completed in 2 minutes and 18 seconds.
Expected completion: 18:22 2020-05-17.
Training round 31 stats
Wins 0.54, Ties 0.01, Losses 0.45, Game Length 21.37 moves
Loss p1: 0.164468, Loss p2: 0.160441
Benchmark Stats Training Round 31
W: 0.88, T: 0.00 (versus random)
W: 0.50, T: 0.00 (versus left)
W: 0.71, T: 0.00 (versus lvl1)
W: 0.35, T: 0.01 (versus lvl2)
Training round 31 completed in 2 minutes and 16 seconds.
Expected completion: 18:20 2020-05-17.
Training round 32 stats
Wins 0.47, Ties 0.00, Losses 0.52, Game Length 18.89 moves
Loss p1: 0.185005, Loss p2: 0.176020
Benchmark Stats Training Round 32
W: 0.90, T: 0.00 (versus random)
W: 0.50, T: 0.00 (versus left)
W: 0.82, T: 0.00 (versus lvl1)
W: 0.28, T: 0.01 (versus lvl2)
Training round 32 completed in 2 minutes and 8 seconds.
Expected completion: 18:11 2020-05-17.
Training round 33 stats
Wins 0.59, Ties 0.01, Losses 0.40, Game Length 18.96 moves
Loss p1: 0.154051, Loss p2: 0.147114
Benchmark Stats Training Round 33
W: 0.91, T: 0.00 (versus random)
W: 1.00, T: 0.00 (versus left)
W: 0.86, T: 0.00 (versus lvl1)
W: 0.41, T: 0.00 (versus lvl2)
Training round 33 completed in 2 minutes and 6 seconds.
Expected completion: 18:08 2020-05-17.
Training round 34 stats
Wins 0.46, Ties 0.01, Losses 0.53, Game Length 24.07 moves
Loss p1: 0.159920, Loss p2: 0.153553
Benchmark Stats Training Round 34
W: 0.92, T: 0.00 (versus random)
W: 1.00, T: 0.00 (versus left)
W: 0.82, T: 0.00 (versus lvl1)
W: 0.42, T: 0.02 (versus lvl2)
Training round 34 completed in 2 minutes and 28 seconds.
Expected completion: 18:32 2020-05-17.
Training round 35 stats
Wins 0.64, Ties 0.01, Losses 0.35, Game Length 22.92 moves
Loss p1: 0.136906, Loss p2: 0.140501
Benchmark Stats Training Round 35
W: 0.99, T: 0.00 (versus random)
W: 1.00, T: 0.00 (versus left)
W: 0.87, T: 0.00 (versus lvl1)
W: 0.49, T: 0.00 (versus lvl2)
Training round 35 completed in 2 minutes and 22 seconds.
Expected completion: 18:26 2020-05-17.
Training round 36 stats
Wins 0.53, Ties 0.01, Losses 0.46, Game Length 22.12 moves
Loss p1: 0.150820, Loss p2: 0.142623
Benchmark Stats Training Round 36
W: 0.93, T: 0.00 (versus random)
W: 1.00, T: 0.00 (versus left)
W: 0.81, T: 0.00 (versus lvl1)
W: 0.35, T: 0.00 (versus lvl2)
Training round 36 completed in 2 minutes and 19 seconds.
Expected completion: 18:23 2020-05-17.
Training round 37 stats
Wins 0.51, Ties 0.01, Losses 0.48, Game Length 22.07 moves
Loss p1: 0.170215, Loss p2: 0.160664
Benchmark Stats Training Round 37
W: 0.96, T: 0.00 (versus random)
W: 1.00, T: 0.00 (versus left)
W: 0.90, T: 0.00 (versus lvl1)
W: 0.35, T: 0.02 (versus lvl2)
Training round 37 completed in 2 minutes and 21 seconds.
Expected completion: 18:25 2020-05-17.
Training round 38 stats
Wins 0.49, Ties 0.01, Losses 0.50, Game Length 23.16 moves
Loss p1: 0.159715, Loss p2: 0.148576
Benchmark Stats Training Round 38
W: 0.93, T: 0.00 (versus random)
W: 1.00, T: 0.00 (versus left)
W: 0.82, T: 0.00 (versus lvl1)
W: 0.23, T: 0.00 (versus lvl2)
Training round 38 completed in 2 minutes and 25 seconds.
Expected completion: 18:29 2020-05-17.
Training round 39 stats
Wins 0.49, Ties 0.01, Losses 0.50, Game Length 22.00 moves
Loss p1: 0.165214, Loss p2: 0.160748
Benchmark Stats Training Round 39
W: 0.96, T: 0.00 (versus random)
W: 1.00, T: 0.00 (versus left)
W: 0.78, T: 0.00 (versus lvl1)
W: 0.34, T: 0.00 (versus lvl2)
Training round 39 completed in 2 minutes and 22 seconds.
Expected completion: 18:26 2020-05-17.
Training round 40 stats
Wins 0.43, Ties 0.00, Losses 0.57, Game Length 20.68 moves
Loss p1: 0.170826, Loss p2: 0.166130
Benchmark Stats Training Round 40
W: 0.88, T: 0.00 (versus random)
W: 1.00, T: 0.00 (versus left)
W: 0.75, T: 0.00 (versus lvl1)
W: 0.28, T: 0.01 (versus lvl2)
Training round 40 completed in 2 minutes and 16 seconds.
Expected completion: 18:20 2020-05-17.
Training round 41 stats
Wins 0.51, Ties 0.01, Losses 0.48, Game Length 23.08 moves
Loss p1: 0.173989, Loss p2: 0.162933
Benchmark Stats Training Round 41
W: 0.81, T: 0.00 (versus random)
W: 1.00, T: 0.00 (versus left)
W: 0.75, T: 0.00 (versus lvl1)
W: 0.16, T: 0.00 (versus lvl2)
Training round 41 completed in 2 minutes and 31 seconds.
Expected completion: 18:35 2020-05-17.
Training round 42 stats
Wins 0.51, Ties 0.01, Losses 0.49, Game Length 21.97 moves
Loss p1: 0.177516, Loss p2: 0.169578
Benchmark Stats Training Round 42
W: 0.84, T: 0.00 (versus random)
W: 0.50, T: 0.00 (versus left)
W: 0.74, T: 0.00 (versus lvl1)
W: 0.27, T: 0.00 (versus lvl2)
Training round 42 completed in 2 minutes and 25 seconds.
Expected completion: 18:29 2020-05-17.
Training round 43 stats
Wins 0.55, Ties 0.00, Losses 0.45, Game Length 18.31 moves
Loss p1: 0.138714, Loss p2: 0.131937
Benchmark Stats Training Round 43
W: 0.98, T: 0.00 (versus random)
W: 0.00, T: 0.00 (versus left)
W: 0.89, T: 0.00 (versus lvl1)
W: 0.41, T: 0.00 (versus lvl2)
Training round 43 completed in 2 minutes and 3 seconds.
Expected completion: 18:08 2020-05-17.
Training round 44 stats
Wins 0.62, Ties 0.00, Losses 0.37, Game Length 18.79 moves
Loss p1: 0.136916, Loss p2: 0.139448
Benchmark Stats Training Round 44
W: 0.96, T: 0.00 (versus random)
W: 0.50, T: 0.00 (versus left)
W: 0.92, T: 0.00 (versus lvl1)
W: 0.41, T: 0.00 (versus lvl2)
Training round 44 completed in 2 minutes and 4 seconds.
Expected completion: 18:09 2020-05-17.
Training round 45 stats
Wins 0.58, Ties 0.00, Losses 0.41, Game Length 20.79 moves
Loss p1: 0.183163, Loss p2: 0.181709
Benchmark Stats Training Round 45
W: 0.92, T: 0.00 (versus random)
W: 1.00, T: 0.00 (versus left)
W: 0.84, T: 0.00 (versus lvl1)
W: 0.18, T: 0.00 (versus lvl2)
Training round 45 completed in 2 minutes and 20 seconds.
Expected completion: 18:24 2020-05-17.
Training round 46 stats
Wins 0.46, Ties 0.00, Losses 0.54, Game Length 21.86 moves
Loss p1: 0.191499, Loss p2: 0.188637
Benchmark Stats Training Round 46
W: 0.88, T: 0.00 (versus random)
W: 1.00, T: 0.00 (versus left)
W: 0.84, T: 0.00 (versus lvl1)
W: 0.34, T: 0.02 (versus lvl2)
Training round 46 completed in 2 minutes and 22 seconds.
Expected completion: 18:26 2020-05-17.
Training round 47 stats
Wins 0.54, Ties 0.01, Losses 0.45, Game Length 22.05 moves
Loss p1: 0.165194, Loss p2: 0.164027
Benchmark Stats Training Round 47
W: 0.97, T: 0.00 (versus random)
W: 1.00, T: 0.00 (versus left)
W: 0.91, T: 0.00 (versus lvl1)
W: 0.26, T: 0.00 (versus lvl2)
Training round 47 completed in 2 minutes and 21 seconds.
Expected completion: 18:25 2020-05-17.
Training round 48 stats
Wins 0.58, Ties 0.00, Losses 0.42, Game Length 20.00 moves
Loss p1: 0.171325, Loss p2: 0.169167
Benchmark Stats Training Round 48
W: 0.93, T: 0.00 (versus random)
W: 0.00, T: 0.00 (versus left)
W: 0.66, T: 0.00 (versus lvl1)
W: 0.20, T: 0.01 (versus lvl2)
Training round 48 completed in 2 minutes and 15 seconds.
Expected completion: 18:19 2020-05-17.
Training round 49 stats
Wins 0.61, Ties 0.01, Losses 0.38, Game Length 21.38 moves
Loss p1: 0.193353, Loss p2: 0.185079
Benchmark Stats Training Round 49
W: 0.97, T: 0.00 (versus random)
W: 0.00, T: 0.00 (versus left)
W: 0.85, T: 0.00 (versus lvl1)
W: 0.35, T: 0.00 (versus lvl2)
Training round 49 completed in 2 minutes and 17 seconds.
Expected completion: 18:21 2020-05-17.
Training round 50 stats
Wins 0.53, Ties 0.01, Losses 0.46, Game Length 21.54 moves
Loss p1: 0.168650, Loss p2: 0.161908
Benchmark Stats Training Round 50
W: 0.94, T: 0.00 (versus random)
W: 0.00, T: 0.00 (versus left)
W: 0.89, T: 0.00 (versus lvl1)
W: 0.25, T: 0.00 (versus lvl2)
Training round 50 completed in 2 minutes and 19 seconds.
Expected completion: 18:22 2020-05-17.
Training round 51 stats
Wins 0.63, Ties 0.03, Losses 0.34, Game Length 22.30 moves
Loss p1: 0.152225, Loss p2: 0.145537
Benchmark Stats Training Round 51
W: 0.92, T: 0.00 (versus random)
W: 0.50, T: 0.00 (versus left)
W: 0.80, T: 0.00 (versus lvl1)
W: 0.31, T: 0.01 (versus lvl2)
Training round 51 completed in 2 minutes and 18 seconds.
Expected completion: 18:22 2020-05-17.
Training round 52 stats
Wins 0.41, Ties 0.01, Losses 0.58, Game Length 24.38 moves
Loss p1: 0.142669, Loss p2: 0.136866
Benchmark Stats Training Round 52
W: 0.96, T: 0.00 (versus random)
W: 0.50, T: 0.00 (versus left)
W: 0.79, T: 0.00 (versus lvl1)
W: 0.34, T: 0.02 (versus lvl2)
Training round 52 completed in 2 minutes and 29 seconds.
Expected completion: 18:31 2020-05-17.
Training round 53 stats
Wins 0.60, Ties 0.01, Losses 0.40, Game Length 22.91 moves
Loss p1: 0.133589, Loss p2: 0.136394
Benchmark Stats Training Round 53
W: 0.92, T: 0.00 (versus random)
W: 0.50, T: 0.00 (versus left)
W: 0.77, T: 0.00 (versus lvl1)
W: 0.33, T: 0.01 (versus lvl2)
Training round 53 completed in 2 minutes and 26 seconds.
Expected completion: 18:28 2020-05-17.
Training round 54 stats
Wins 0.47, Ties 0.01, Losses 0.51, Game Length 23.67 moves
Loss p1: 0.177549, Loss p2: 0.169641
Benchmark Stats Training Round 54
W: 0.87, T: 0.00 (versus random)
W: 0.50, T: 0.00 (versus left)
W: 0.74, T: 0.00 (versus lvl1)
W: 0.44, T: 0.00 (versus lvl2)
Training round 54 completed in 2 minutes and 22 seconds.
Expected completion: 18:26 2020-05-17.
Training round 55 stats
Wins 0.57, Ties 0.01, Losses 0.43, Game Length 23.60 moves
Loss p1: 0.189490, Loss p2: 0.181663
Benchmark Stats Training Round 55
W: 0.83, T: 0.00 (versus random)
W: 0.00, T: 0.00 (versus left)
W: 0.73, T: 0.00 (versus lvl1)
W: 0.12, T: 0.01 (versus lvl2)
Training round 55 completed in 2 minutes and 26 seconds.
Expected completion: 18:29 2020-05-17.
Training round 56 stats
Wins 0.55, Ties 0.01, Losses 0.44, Game Length 23.75 moves
Loss p1: 0.164777, Loss p2: 0.158601
Benchmark Stats Training Round 56
W: 0.97, T: 0.00 (versus random)
W: 0.50, T: 0.00 (versus left)
W: 0.83, T: 0.00 (versus lvl1)
W: 0.38, T: 0.00 (versus lvl2)
Training round 56 completed in 2 minutes and 30 seconds.
Expected completion: 18:31 2020-05-17.
Training round 57 stats
Wins 0.40, Ties 0.01, Losses 0.59, Game Length 21.50 moves
Loss p1: 0.177002, Loss p2: 0.166240
Benchmark Stats Training Round 57
W: 0.87, T: 0.00 (versus random)
W: 0.50, T: 0.00 (versus left)
W: 0.82, T: 0.00 (versus lvl1)
W: 0.33, T: 0.00 (versus lvl2)
Training round 57 completed in 2 minutes and 17 seconds.
Expected completion: 18:22 2020-05-17.
Training round 58 stats
Wins 0.61, Ties 0.01, Losses 0.38, Game Length 20.59 moves
Loss p1: 0.168409, Loss p2: 0.166412
Benchmark Stats Training Round 58
W: 0.92, T: 0.00 (versus random)
W: 0.50, T: 0.00 (versus left)
W: 0.81, T: 0.00 (versus lvl1)
W: 0.37, T: 0.00 (versus lvl2)
Training round 58 completed in 2 minutes and 11 seconds.
Expected completion: 18:18 2020-05-17.
Training round 59 stats
Wins 0.59, Ties 0.00, Losses 0.41, Game Length 21.79 moves
Loss p1: 0.182268, Loss p2: 0.175841
Benchmark Stats Training Round 59
W: 0.95, T: 0.00 (versus random)
W: 0.50, T: 0.00 (versus left)
W: 0.89, T: 0.00 (versus lvl1)
W: 0.47, T: 0.00 (versus lvl2)
Training round 59 completed in 2 minutes and 18 seconds.
Expected completion: 18:23 2020-05-17.
Training round 60 stats
Wins 0.43, Ties 0.01, Losses 0.56, Game Length 21.71 moves
Loss p1: 0.197991, Loss p2: 0.195693
Benchmark Stats Training Round 60
W: 0.94, T: 0.00 (versus random)
W: 0.50, T: 0.00 (versus left)
W: 0.90, T: 0.00 (versus lvl1)
W: 0.39, T: 0.01 (versus lvl2)
Training round 60 completed in 2 minutes and 21 seconds.
Expected completion: 18:24 2020-05-17.
Training round 61 stats
Wins 0.39, Ties 0.01, Losses 0.60, Game Length 24.45 moves
Loss p1: 0.155159, Loss p2: 0.152828
Benchmark Stats Training Round 61
W: 0.85, T: 0.00 (versus random)
W: 0.50, T: 0.00 (versus left)
W: 0.74, T: 0.00 (versus lvl1)
W: 0.39, T: 0.01 (versus lvl2)
Training round 61 completed in 2 minutes and 31 seconds.
Expected completion: 18:31 2020-05-17.
Training round 62 stats
Wins 0.39, Ties 0.02, Losses 0.59, Game Length 24.04 moves
Loss p1: 0.151754, Loss p2: 0.154700
Benchmark Stats Training Round 62
W: 0.97, T: 0.01 (versus random)
W: 1.00, T: 0.00 (versus left)
W: 0.81, T: 0.00 (versus lvl1)
W: 0.33, T: 0.00 (versus lvl2)
Training round 62 completed in 2 minutes and 29 seconds.
Expected completion: 18:30 2020-05-17.
Training round 63 stats
Wins 0.49, Ties 0.01, Losses 0.50, Game Length 22.54 moves
Loss p1: 0.171993, Loss p2: 0.167804
Benchmark Stats Training Round 63
W: 0.97, T: 0.00 (versus random)
W: 0.50, T: 0.00 (versus left)
W: 0.81, T: 0.00 (versus lvl1)
W: 0.57, T: 0.00 (versus lvl2)
Training round 63 completed in 2 minutes and 21 seconds.
Expected completion: 18:25 2020-05-17.
Training round 64 stats
Wins 0.62, Ties 0.05, Losses 0.33, Game Length 24.49 moves
Loss p1: 0.144422, Loss p2: 0.142295
Benchmark Stats Training Round 64
W: 0.95, T: 0.00 (versus random)
W: 0.00, T: 0.00 (versus left)
W: 0.80, T: 0.00 (versus lvl1)
W: 0.38, T: 0.01 (versus lvl2)
Training round 64 completed in 2 minutes and 28 seconds.
Expected completion: 18:29 2020-05-17.
Training round 65 stats
Wins 0.59, Ties 0.02, Losses 0.39, Game Length 24.97 moves
Loss p1: 0.161223, Loss p2: 0.163265
Benchmark Stats Training Round 65
W: 0.90, T: 0.00 (versus random)
W: 0.50, T: 0.00 (versus left)
W: 0.79, T: 0.00 (versus lvl1)
W: 0.47, T: 0.00 (versus lvl2)
Training round 65 completed in 2 minutes and 28 seconds.
Expected completion: 18:29 2020-05-17.
Training round 66 stats
Wins 0.75, Ties 0.02, Losses 0.23, Game Length 26.03 moves
Loss p1: 0.113710, Loss p2: 0.110574
Benchmark Stats Training Round 66
W: 0.93, T: 0.00 (versus random)
W: 0.50, T: 0.00 (versus left)
W: 0.77, T: 0.00 (versus lvl1)
W: 0.51, T: 0.00 (versus lvl2)
Training round 66 completed in 2 minutes and 31 seconds.
Expected completion: 18:31 2020-05-17.
Training round 67 stats
Wins 0.64, Ties 0.02, Losses 0.34, Game Length 24.41 moves
Loss p1: 0.142970, Loss p2: 0.141273
Benchmark Stats Training Round 67
W: 0.96, T: 0.00 (versus random)
W: 1.00, T: 0.00 (versus left)
W: 0.85, T: 0.00 (versus lvl1)
W: 0.51, T: 0.00 (versus lvl2)
Training round 67 completed in 2 minutes and 28 seconds.
Expected completion: 18:29 2020-05-17.
Training round 68 stats
Wins 0.51, Ties 0.01, Losses 0.48, Game Length 24.57 moves
Loss p1: 0.157381, Loss p2: 0.146730
Benchmark Stats Training Round 68
W: 0.93, T: 0.00 (versus random)
W: 0.50, T: 0.00 (versus left)
W: 0.89, T: 0.00 (versus lvl1)
W: 0.32, T: 0.00 (versus lvl2)
Training round 68 completed in 2 minutes and 26 seconds.
Expected completion: 18:28 2020-05-17.
Training round 69 stats
Wins 0.43, Ties 0.02, Losses 0.55, Game Length 27.96 moves
Loss p1: 0.142021, Loss p2: 0.138793
Benchmark Stats Training Round 69
W: 0.94, T: 0.00 (versus random)
W: 1.00, T: 0.00 (versus left)
W: 0.84, T: 0.00 (versus lvl1)
W: 0.44, T: 0.00 (versus lvl2)
Training round 69 completed in 2 minutes and 37 seconds.
Expected completion: 18:34 2020-05-17.
Training round 70 stats
Wins 0.26, Ties 0.03, Losses 0.71, Game Length 29.35 moves
Loss p1: 0.124995, Loss p2: 0.114124
Benchmark Stats Training Round 70
W: 0.94, T: 0.00 (versus random)
W: 0.50, T: 0.00 (versus left)
W: 0.78, T: 0.00 (versus lvl1)
W: 0.45, T: 0.00 (versus lvl2)
Training round 70 completed in 2 minutes and 42 seconds.
Expected completion: 18:36 2020-05-17.
Training round 71 stats
Wins 0.35, Ties 0.07, Losses 0.58, Game Length 29.24 moves
Loss p1: 0.135438, Loss p2: 0.125162
Benchmark Stats Training Round 71
W: 0.91, T: 0.00 (versus random)
W: 0.50, T: 0.00 (versus left)
W: 0.81, T: 0.00 (versus lvl1)
W: 0.47, T: 0.00 (versus lvl2)
Training round 71 completed in 2 minutes and 41 seconds.
Expected completion: 18:36 2020-05-17.
Training round 72 stats
Wins 0.68, Ties 0.01, Losses 0.31, Game Length 23.19 moves
Loss p1: 0.102453, Loss p2: 0.100804
Benchmark Stats Training Round 72
W: 0.89, T: 0.00 (versus random)
W: 0.50, T: 0.00 (versus left)
W: 0.78, T: 0.00 (versus lvl1)
W: 0.50, T: 0.00 (versus lvl2)
Training round 72 completed in 2 minutes and 21 seconds.
Expected completion: 18:27 2020-05-17.
Training round 73 stats
Wins 0.58, Ties 0.02, Losses 0.40, Game Length 22.16 moves
Loss p1: 0.160846, Loss p2: 0.150961
Benchmark Stats Training Round 73
W: 0.95, T: 0.00 (versus random)
W: 0.50, T: 0.00 (versus left)
W: 0.87, T: 0.00 (versus lvl1)
W: 0.54, T: 0.00 (versus lvl2)
Training round 73 completed in 2 minutes and 16 seconds.
Expected completion: 18:24 2020-05-17.
Training round 74 stats
Wins 0.48, Ties 0.04, Losses 0.48, Game Length 27.04 moves
Loss p1: 0.162126, Loss p2: 0.157609
Benchmark Stats Training Round 74
W: 0.94, T: 0.00 (versus random)
W: 0.50, T: 0.00 (versus left)
W: 0.74, T: 0.00 (versus lvl1)
W: 0.52, T: 0.00 (versus lvl2)
Training round 74 completed in 2 minutes and 32 seconds.
Expected completion: 18:31 2020-05-17.
Training round 75 stats
Wins 0.53, Ties 0.01, Losses 0.45, Game Length 22.21 moves
Loss p1: 0.162251, Loss p2: 0.155464
Benchmark Stats Training Round 75
W: 0.98, T: 0.00 (versus random)
W: 0.50, T: 0.00 (versus left)
W: 0.89, T: 0.00 (versus lvl1)
W: 0.46, T: 0.00 (versus lvl2)
Training round 75 completed in 2 minutes and 13 seconds.
Expected completion: 18:23 2020-05-17.
Training round 76 stats
Wins 0.76, Ties 0.02, Losses 0.22, Game Length 20.34 moves
Loss p1: 0.100974, Loss p2: 0.105676
Benchmark Stats Training Round 76
W: 0.93, T: 0.00 (versus random)
W: 0.50, T: 0.00 (versus left)
W: 0.90, T: 0.00 (versus lvl1)
W: 0.53, T: 0.00 (versus lvl2)
Training round 76 completed in 2 minutes and 9 seconds.
Expected completion: 18:21 2020-05-17.
Training round 77 stats
Wins 0.71, Ties 0.05, Losses 0.24, Game Length 26.27 moves
Loss p1: 0.103483, Loss p2: 0.102191
Benchmark Stats Training Round 77
W: 0.89, T: 0.00 (versus random)
W: 0.50, T: 0.00 (versus left)
W: 0.87, T: 0.00 (versus lvl1)
W: 0.49, T: 0.00 (versus lvl2)
Training round 77 completed in 2 minutes and 29 seconds.
Expected completion: 18:29 2020-05-17.
Training round 78 stats
Wins 0.88, Ties 0.00, Losses 0.12, Game Length 23.44 moves
Loss p1: 0.078638, Loss p2: 0.070709
Benchmark Stats Training Round 78
W: 0.94, T: 0.00 (versus random)
W: 0.50, T: 0.00 (versus left)
W: 0.81, T: 0.00 (versus lvl1)
W: 0.51, T: 0.00 (versus lvl2)
Training round 78 completed in 2 minutes and 24 seconds.
Expected completion: 18:27 2020-05-17.
Training round 79 stats
Wins 0.64, Ties 0.01, Losses 0.35, Game Length 23.44 moves
Loss p1: 0.149271, Loss p2: 0.150450
Benchmark Stats Training Round 79
W: 0.95, T: 0.00 (versus random)
W: 1.00, T: 0.00 (versus left)
W: 0.89, T: 0.00 (versus lvl1)
W: 0.55, T: 0.00 (versus lvl2)
Training round 79 completed in 2 minutes and 21 seconds.
Expected completion: 18:26 2020-05-17.
Training round 80 stats
Wins 0.72, Ties 0.01, Losses 0.27, Game Length 22.07 moves
Loss p1: 0.146169, Loss p2: 0.150930
Benchmark Stats Training Round 80
W: 0.91, T: 0.00 (versus random)
W: 1.00, T: 0.00 (versus left)
W: 0.94, T: 0.00 (versus lvl1)
W: 0.43, T: 0.01 (versus lvl2)
Training round 80 completed in 2 minutes and 17 seconds.
Expected completion: 18:25 2020-05-17.
Training round 81 stats
Wins 0.65, Ties 0.03, Losses 0.32, Game Length 24.93 moves
Loss p1: 0.154893, Loss p2: 0.152836
Benchmark Stats Training Round 81
W: 0.85, T: 0.00 (versus random)
W: 1.00, T: 0.00 (versus left)
W: 0.66, T: 0.00 (versus lvl1)
W: 0.44, T: 0.00 (versus lvl2)
Training round 81 completed in 2 minutes and 32 seconds.
Expected completion: 18:30 2020-05-17.
Training round 82 stats
Wins 0.54, Ties 0.01, Losses 0.45, Game Length 23.52 moves
Loss p1: 0.152809, Loss p2: 0.150600
Benchmark Stats Training Round 82
W: 0.95, T: 0.00 (versus random)
W: 1.00, T: 0.00 (versus left)
W: 0.85, T: 0.00 (versus lvl1)
W: 0.55, T: 0.00 (versus lvl2)
Training round 82 completed in 2 minutes and 24 seconds.
Expected completion: 18:27 2020-05-17.
Training round 83 stats
Wins 0.72, Ties 0.01, Losses 0.28, Game Length 26.73 moves
Loss p1: 0.126329, Loss p2: 0.123922
Benchmark Stats Training Round 83
W: 0.95, T: 0.00 (versus random)
W: 1.00, T: 0.00 (versus left)
W: 0.92, T: 0.00 (versus lvl1)
W: 0.46, T: 0.00 (versus lvl2)
Training round 83 completed in 2 minutes and 34 seconds.
Expected completion: 18:30 2020-05-17.
Training round 84 stats
Wins 0.59, Ties 0.01, Losses 0.40, Game Length 22.49 moves
Loss p1: 0.164227, Loss p2: 0.173346
Benchmark Stats Training Round 84
W: 1.00, T: 0.00 (versus random)
W: 1.00, T: 0.00 (versus left)
W: 0.92, T: 0.00 (versus lvl1)
W: 0.42, T: 0.02 (versus lvl2)
Training round 84 completed in 2 minutes and 17 seconds.
Expected completion: 18:26 2020-05-17.
Training round 85 stats
Wins 0.59, Ties 0.06, Losses 0.36, Game Length 27.06 moves
Loss p1: 0.134152, Loss p2: 0.130745
Benchmark Stats Training Round 85
W: 0.96, T: 0.00 (versus random)
W: 1.00, T: 0.00 (versus left)
W: 0.92, T: 0.00 (versus lvl1)
W: 0.56, T: 0.01 (versus lvl2)
Training round 85 completed in 2 minutes and 35 seconds.
Expected completion: 18:30 2020-05-17.
Training round 86 stats
Wins 0.73, Ties 0.01, Losses 0.27, Game Length 27.22 moves
Loss p1: 0.102792, Loss p2: 0.114248
Benchmark Stats Training Round 86
W: 0.97, T: 0.00 (versus random)
W: 1.00, T: 0.00 (versus left)
W: 0.91, T: 0.00 (versus lvl1)
W: 0.49, T: 0.00 (versus lvl2)
Training round 86 completed in 2 minutes and 33 seconds.
Expected completion: 18:30 2020-05-17.
Training round 87 stats
Wins 0.62, Ties 0.04, Losses 0.34, Game Length 26.37 moves
Loss p1: 0.158059, Loss p2: 0.154068
Benchmark Stats Training Round 87
W: 0.92, T: 0.00 (versus random)
W: 1.00, T: 0.00 (versus left)
W: 0.90, T: 0.00 (versus lvl1)
W: 0.51, T: 0.00 (versus lvl2)
Training round 87 completed in 2 minutes and 30 seconds.
Expected completion: 18:29 2020-05-17.
Training round 88 stats
Wins 0.59, Ties 0.05, Losses 0.36, Game Length 26.37 moves
Loss p1: 0.147544, Loss p2: 0.140022
Benchmark Stats Training Round 88
W: 0.96, T: 0.00 (versus random)
W: 1.00, T: 0.00 (versus left)
W: 0.89, T: 0.00 (versus lvl1)
W: 0.55, T: 0.00 (versus lvl2)
Training round 88 completed in 2 minutes and 34 seconds.
Expected completion: 18:30 2020-05-17.
Training round 89 stats
Wins 0.58, Ties 0.01, Losses 0.42, Game Length 27.04 moves
Loss p1: 0.164273, Loss p2: 0.159839
Benchmark Stats Training Round 89
W: 0.96, T: 0.00 (versus random)
W: 1.00, T: 0.00 (versus left)
W: 0.91, T: 0.00 (versus lvl1)
W: 0.48, T: 0.00 (versus lvl2)
Training round 89 completed in 2 minutes and 33 seconds.
Expected completion: 18:30 2020-05-17.
Training round 90 stats
Wins 0.58, Ties 0.04, Losses 0.38, Game Length 25.11 moves
Loss p1: 0.138154, Loss p2: 0.137140
Benchmark Stats Training Round 90
W: 0.94, T: 0.00 (versus random)
W: 1.00, T: 0.00 (versus left)
W: 0.89, T: 0.00 (versus lvl1)
W: 0.57, T: 0.02 (versus lvl2)
Training round 90 completed in 2 minutes and 30 seconds.
Expected completion: 18:29 2020-05-17.
Training round 91 stats
Wins 0.61, Ties 0.00, Losses 0.39, Game Length 21.46 moves
Loss p1: 0.169282, Loss p2: 0.167731
Benchmark Stats Training Round 91
W: 0.90, T: 0.00 (versus random)
W: 1.00, T: 0.00 (versus left)
W: 0.83, T: 0.00 (versus lvl1)
W: 0.46, T: 0.00 (versus lvl2)
Training round 91 completed in 2 minutes and 14 seconds.
Expected completion: 18:27 2020-05-17.
Training round 92 stats
Wins 0.63, Ties 0.01, Losses 0.36, Game Length 25.36 moves
Loss p1: 0.161551, Loss p2: 0.160380
Benchmark Stats Training Round 92
W: 0.91, T: 0.00 (versus random)
W: 1.00, T: 0.00 (versus left)
W: 0.88, T: 0.00 (versus lvl1)
W: 0.64, T: 0.00 (versus lvl2)
Training round 92 completed in 2 minutes and 31 seconds.
Expected completion: 18:29 2020-05-17.
Training round 93 stats
Wins 0.64, Ties 0.02, Losses 0.34, Game Length 27.82 moves
Loss p1: 0.138244, Loss p2: 0.135922
Benchmark Stats Training Round 93
W: 0.97, T: 0.00 (versus random)
W: 1.00, T: 0.00 (versus left)
W: 0.89, T: 0.00 (versus lvl1)
W: 0.54, T: 0.00 (versus lvl2)
Training round 93 completed in 2 minutes and 39 seconds.
Expected completion: 18:30 2020-05-17.
Training round 94 stats
Wins 0.61, Ties 0.05, Losses 0.34, Game Length 29.27 moves
Loss p1: 0.108549, Loss p2: 0.108546
Benchmark Stats Training Round 94
W: 0.94, T: 0.00 (versus random)
W: 1.00, T: 0.00 (versus left)
W: 0.81, T: 0.00 (versus lvl1)
W: 0.54, T: 0.00 (versus lvl2)
Training round 94 completed in 2 minutes and 41 seconds.
Expected completion: 18:30 2020-05-17.
Training round 95 stats
Wins 0.63, Ties 0.06, Losses 0.31, Game Length 30.96 moves
Loss p1: 0.114256, Loss p2: 0.113573
Benchmark Stats Training Round 95
W: 0.95, T: 0.00 (versus random)
W: 1.00, T: 0.00 (versus left)
W: 0.86, T: 0.00 (versus lvl1)
W: 0.48, T: 0.01 (versus lvl2)
Training round 95 completed in 2 minutes and 49 seconds.
Expected completion: 18:31 2020-05-17.
Training round 96 stats
Wins 0.64, Ties 0.03, Losses 0.34, Game Length 26.43 moves
Loss p1: 0.135794, Loss p2: 0.136132
Benchmark Stats Training Round 96
W: 0.95, T: 0.00 (versus random)
W: 1.00, T: 0.00 (versus left)
W: 0.89, T: 0.00 (versus lvl1)
W: 0.36, T: 0.00 (versus lvl2)
Training round 96 completed in 2 minutes and 34 seconds.
Expected completion: 18:30 2020-05-17.
Training round 97 stats
Wins 0.51, Ties 0.05, Losses 0.45, Game Length 28.34 moves
Loss p1: 0.144320, Loss p2: 0.139388
Benchmark Stats Training Round 97
W: 0.95, T: 0.00 (versus random)
W: 0.50, T: 0.00 (versus left)
W: 0.90, T: 0.00 (versus lvl1)
W: 0.42, T: 0.01 (versus lvl2)
Training round 97 completed in 2 minutes and 38 seconds.
Expected completion: 18:30 2020-05-17.
Training round 98 stats
Wins 0.65, Ties 0.02, Losses 0.33, Game Length 26.81 moves
Loss p1: 0.129720, Loss p2: 0.124153
Benchmark Stats Training Round 98
W: 0.98, T: 0.00 (versus random)
W: 1.00, T: 0.00 (versus left)
W: 0.87, T: 0.00 (versus lvl1)
W: 0.37, T: 0.00 (versus lvl2)
Training round 98 completed in 2 minutes and 31 seconds.
Expected completion: 18:30 2020-05-17.
Training round 99 stats
Wins 0.66, Ties 0.04, Losses 0.31, Game Length 24.43 moves
Loss p1: 0.145866, Loss p2: 0.140364
Benchmark Stats Training Round 99
W: 0.97, T: 0.00 (versus random)
W: 1.00, T: 0.00 (versus left)
W: 0.81, T: 0.00 (versus lvl1)
W: 0.48, T: 0.00 (versus lvl2)
Training round 99 completed in 2 minutes and 26 seconds.
Expected completion: 18:30 2020-05-17.
Training round 100 stats
Wins 0.64, Ties 0.05, Losses 0.31, Game Length 26.86 moves
Loss p1: 0.113106, Loss p2: 0.106313
Benchmark Stats Training Round 100
W: 0.96, T: 0.00 (versus random)
W: 1.00, T: 0.00 (versus left)
W: 0.89, T: 0.00 (versus lvl1)
W: 0.45, T: 0.00 (versus lvl2)
Training round 100 completed in 2 minutes and 36 seconds.
Expected completion: 18:30 2020-05-17.
