Training Neural Net on Connect 4
  self_play_batch_size: 1000
  benchmark_batch_size: 100
  training_rounds: 100
  memory_size: 1000
  network: A
  exploration: decay_episode
  loss: MSE
  encoding: integer
  optimizer: Adam
  experience: yes

Benchmark Stats Training Round 0
W: 0.49, T: 0.00 (versus random)
W: 0.00, T: 0.00 (versus left)
W: 0.29, T: 0.00 (versus lvl1)
W: 0.05, T: 0.00 (versus lvl2)
Training round 1 stats
Wins 0.50, Ties 0.00, Losses 0.50, Game Length 19.08 moves
Loss p1: 0.154176, Loss p2: 0.160666
Benchmark Stats Training Round 1
W: 0.72, T: 0.00 (versus random)
W: 0.50, T: 0.00 (versus left)
W: 0.57, T: 0.00 (versus lvl1)
W: 0.11, T: 0.00 (versus lvl2)
Training round 1 completed in 3 minutes and 1 seconds.
Expected completion: 03:31 2020-05-18.
Training round 2 stats
Wins 0.48, Ties 0.00, Losses 0.51, Game Length 17.80 moves
Loss p1: 0.133798, Loss p2: 0.130562
Benchmark Stats Training Round 2
W: 0.84, T: 0.00 (versus random)
W: 0.50, T: 0.00 (versus left)
W: 0.67, T: 0.00 (versus lvl1)
W: 0.22, T: 0.00 (versus lvl2)
Training round 2 completed in 2 minutes and 45 seconds.
Expected completion: 03:04 2020-05-18.
Training round 3 stats
Wins 0.53, Ties 0.00, Losses 0.47, Game Length 16.95 moves
Loss p1: 0.133657, Loss p2: 0.135552
Benchmark Stats Training Round 3
W: 0.86, T: 0.00 (versus random)
W: 0.50, T: 0.00 (versus left)
W: 0.66, T: 0.00 (versus lvl1)
W: 0.19, T: 0.02 (versus lvl2)
Training round 3 completed in 2 minutes and 38 seconds.
Expected completion: 02:52 2020-05-18.
Training round 4 stats
Wins 0.49, Ties 0.00, Losses 0.51, Game Length 16.73 moves
Loss p1: 0.142928, Loss p2: 0.139736
Benchmark Stats Training Round 4
W: 0.93, T: 0.00 (versus random)
W: 1.00, T: 0.00 (versus left)
W: 0.74, T: 0.00 (versus lvl1)
W: 0.14, T: 0.02 (versus lvl2)
Training round 4 completed in 2 minutes and 48 seconds.
Expected completion: 03:08 2020-05-18.
Training round 5 stats
Wins 0.51, Ties 0.00, Losses 0.49, Game Length 17.20 moves
Loss p1: 0.134494, Loss p2: 0.134374
Benchmark Stats Training Round 5
W: 0.91, T: 0.00 (versus random)
W: 0.50, T: 0.00 (versus left)
W: 0.81, T: 0.00 (versus lvl1)
W: 0.35, T: 0.00 (versus lvl2)
Training round 5 completed in 2 minutes and 43 seconds.
Expected completion: 03:00 2020-05-18.
Training round 6 stats
Wins 0.50, Ties 0.00, Losses 0.49, Game Length 17.11 moves
Loss p1: 0.144970, Loss p2: 0.144548
Benchmark Stats Training Round 6
W: 0.78, T: 0.00 (versus random)
W: 0.00, T: 0.00 (versus left)
W: 0.70, T: 0.00 (versus lvl1)
W: 0.21, T: 0.02 (versus lvl2)
Training round 6 completed in 2 minutes and 46 seconds.
Expected completion: 03:05 2020-05-18.
Training round 7 stats
Wins 0.53, Ties 0.00, Losses 0.47, Game Length 17.11 moves
Loss p1: 0.154782, Loss p2: 0.144374
Benchmark Stats Training Round 7
W: 0.85, T: 0.00 (versus random)
W: 0.00, T: 0.00 (versus left)
W: 0.75, T: 0.00 (versus lvl1)
W: 0.24, T: 0.00 (versus lvl2)
Training round 7 completed in 2 minutes and 47 seconds.
Expected completion: 03:07 2020-05-18.
Training round 8 stats
Wins 0.51, Ties 0.00, Losses 0.49, Game Length 16.61 moves
Loss p1: 0.164248, Loss p2: 0.146077
Benchmark Stats Training Round 8
W: 0.84, T: 0.00 (versus random)
W: 0.50, T: 0.00 (versus left)
W: 0.74, T: 0.00 (versus lvl1)
W: 0.27, T: 0.00 (versus lvl2)
Training round 8 completed in 2 minutes and 39 seconds.
Expected completion: 02:54 2020-05-18.
Training round 9 stats
Wins 0.50, Ties 0.00, Losses 0.50, Game Length 16.14 moves
Loss p1: 0.149598, Loss p2: 0.140278
Benchmark Stats Training Round 9
W: 0.90, T: 0.00 (versus random)
W: 0.50, T: 0.00 (versus left)
W: 0.81, T: 0.00 (versus lvl1)
W: 0.24, T: 0.02 (versus lvl2)
Training round 9 completed in 2 minutes and 36 seconds.
Expected completion: 02:50 2020-05-18.
Training round 10 stats
Wins 0.51, Ties 0.00, Losses 0.49, Game Length 17.36 moves
Loss p1: 0.156176, Loss p2: 0.149844
Benchmark Stats Training Round 10
W: 0.91, T: 0.00 (versus random)
W: 0.00, T: 0.00 (versus left)
W: 0.83, T: 0.00 (versus lvl1)
W: 0.35, T: 0.01 (versus lvl2)
Training round 10 completed in 2 minutes and 47 seconds.
Expected completion: 03:06 2020-05-18.
Training round 11 stats
Wins 0.50, Ties 0.00, Losses 0.49, Game Length 17.00 moves
Loss p1: 0.152048, Loss p2: 0.147723
Benchmark Stats Training Round 11
W: 0.80, T: 0.00 (versus random)
W: 0.00, T: 0.00 (versus left)
W: 0.78, T: 0.00 (versus lvl1)
W: 0.30, T: 0.01 (versus lvl2)
Training round 11 completed in 2 minutes and 43 seconds.
Expected completion: 03:01 2020-05-18.
Training round 12 stats
Wins 0.51, Ties 0.00, Losses 0.49, Game Length 17.29 moves
Loss p1: 0.146061, Loss p2: 0.146123
Benchmark Stats Training Round 12
W: 0.81, T: 0.00 (versus random)
W: 0.50, T: 0.00 (versus left)
W: 0.76, T: 0.00 (versus lvl1)
W: 0.27, T: 0.00 (versus lvl2)
Training round 12 completed in 2 minutes and 47 seconds.
Expected completion: 03:06 2020-05-18.
Training round 13 stats
Wins 0.51, Ties 0.00, Losses 0.49, Game Length 16.98 moves
Loss p1: 0.150302, Loss p2: 0.150369
Benchmark Stats Training Round 13
W: 0.86, T: 0.00 (versus random)
W: 0.00, T: 0.00 (versus left)
W: 0.73, T: 0.00 (versus lvl1)
W: 0.26, T: 0.01 (versus lvl2)
Training round 13 completed in 2 minutes and 47 seconds.
Expected completion: 03:06 2020-05-18.
Training round 14 stats
Wins 0.45, Ties 0.00, Losses 0.54, Game Length 17.27 moves
Loss p1: 0.154884, Loss p2: 0.146134
Benchmark Stats Training Round 14
W: 0.76, T: 0.00 (versus random)
W: 0.00, T: 0.00 (versus left)
W: 0.57, T: 0.00 (versus lvl1)
W: 0.31, T: 0.01 (versus lvl2)
Training round 14 completed in 2 minutes and 52 seconds.
Expected completion: 03:13 2020-05-18.
Training round 15 stats
Wins 0.52, Ties 0.00, Losses 0.47, Game Length 17.11 moves
Loss p1: 0.151926, Loss p2: 0.143744
Benchmark Stats Training Round 15
W: 0.92, T: 0.00 (versus random)
W: 0.00, T: 0.00 (versus left)
W: 0.65, T: 0.00 (versus lvl1)
W: 0.25, T: 0.00 (versus lvl2)
Training round 15 completed in 2 minutes and 48 seconds.
Expected completion: 03:08 2020-05-18.
Training round 16 stats
Wins 0.49, Ties 0.00, Losses 0.51, Game Length 16.91 moves
Loss p1: 0.157653, Loss p2: 0.161972
Benchmark Stats Training Round 16
W: 0.85, T: 0.00 (versus random)
W: 0.50, T: 0.00 (versus left)
W: 0.79, T: 0.00 (versus lvl1)
W: 0.24, T: 0.00 (versus lvl2)
Training round 16 completed in 2 minutes and 44 seconds.
Expected completion: 03:02 2020-05-18.
Training round 17 stats
Wins 0.47, Ties 0.00, Losses 0.53, Game Length 16.80 moves
Loss p1: 0.146155, Loss p2: 0.156107
Benchmark Stats Training Round 17
W: 0.88, T: 0.00 (versus random)
W: 1.00, T: 0.00 (versus left)
W: 0.67, T: 0.00 (versus lvl1)
W: 0.26, T: 0.01 (versus lvl2)
Training round 17 completed in 2 minutes and 52 seconds.
Expected completion: 03:13 2020-05-18.
Training round 18 stats
Wins 0.48, Ties 0.00, Losses 0.52, Game Length 17.06 moves
Loss p1: 0.151892, Loss p2: 0.154668
Benchmark Stats Training Round 18
W: 0.92, T: 0.00 (versus random)
W: 1.00, T: 0.00 (versus left)
W: 0.81, T: 0.00 (versus lvl1)
W: 0.31, T: 0.00 (versus lvl2)
Training round 18 completed in 2 minutes and 47 seconds.
Expected completion: 03:06 2020-05-18.
Training round 19 stats
Wins 0.44, Ties 0.00, Losses 0.56, Game Length 16.63 moves
Loss p1: 0.154707, Loss p2: 0.154084
Benchmark Stats Training Round 19
W: 0.84, T: 0.00 (versus random)
W: 0.00, T: 0.00 (versus left)
W: 0.65, T: 0.00 (versus lvl1)
W: 0.22, T: 0.00 (versus lvl2)
Training round 19 completed in 2 minutes and 49 seconds.
Expected completion: 03:09 2020-05-18.
Training round 20 stats
Wins 0.54, Ties 0.00, Losses 0.46, Game Length 17.04 moves
Loss p1: 0.158511, Loss p2: 0.163846
Benchmark Stats Training Round 20
W: 0.91, T: 0.00 (versus random)
W: 0.50, T: 0.00 (versus left)
W: 0.71, T: 0.00 (versus lvl1)
W: 0.22, T: 0.00 (versus lvl2)
Training round 20 completed in 2 minutes and 53 seconds.
Expected completion: 03:14 2020-05-18.
Training round 21 stats
Wins 0.49, Ties 0.00, Losses 0.51, Game Length 17.18 moves
Loss p1: 0.162229, Loss p2: 0.173784
Benchmark Stats Training Round 21
W: 0.82, T: 0.00 (versus random)
W: 0.00, T: 0.00 (versus left)
W: 0.73, T: 0.00 (versus lvl1)
W: 0.16, T: 0.01 (versus lvl2)
Training round 21 completed in 2 minutes and 43 seconds.
Expected completion: 03:01 2020-05-18.
Training round 22 stats
Wins 0.49, Ties 0.00, Losses 0.51, Game Length 16.30 moves
Loss p1: 0.173629, Loss p2: 0.168813
Benchmark Stats Training Round 22
W: 0.91, T: 0.00 (versus random)
W: 0.00, T: 0.00 (versus left)
W: 0.84, T: 0.00 (versus lvl1)
W: 0.16, T: 0.00 (versus lvl2)
Training round 22 completed in 2 minutes and 47 seconds.
Expected completion: 03:06 2020-05-18.
Training round 23 stats
Wins 0.53, Ties 0.00, Losses 0.47, Game Length 17.16 moves
Loss p1: 0.168923, Loss p2: 0.171652
Benchmark Stats Training Round 23
W: 0.84, T: 0.00 (versus random)
W: 0.50, T: 0.00 (versus left)
W: 0.67, T: 0.00 (versus lvl1)
W: 0.12, T: 0.01 (versus lvl2)
Training round 23 completed in 2 minutes and 55 seconds.
Expected completion: 03:17 2020-05-18.
Training round 24 stats
Wins 0.51, Ties 0.00, Losses 0.49, Game Length 16.66 moves
Loss p1: 0.178404, Loss p2: 0.175680
Benchmark Stats Training Round 24
W: 0.84, T: 0.00 (versus random)
W: 0.50, T: 0.00 (versus left)
W: 0.72, T: 0.00 (versus lvl1)
W: 0.27, T: 0.00 (versus lvl2)
Training round 24 completed in 2 minutes and 47 seconds.
Expected completion: 03:06 2020-05-18.
Training round 25 stats
Wins 0.50, Ties 0.00, Losses 0.49, Game Length 16.60 moves
Loss p1: 0.174078, Loss p2: 0.166234
Benchmark Stats Training Round 25
W: 0.86, T: 0.00 (versus random)
W: 0.50, T: 0.00 (versus left)
W: 0.75, T: 0.00 (versus lvl1)
W: 0.32, T: 0.00 (versus lvl2)
Training round 25 completed in 2 minutes and 45 seconds.
Expected completion: 03:04 2020-05-18.
Training round 26 stats
Wins 0.52, Ties 0.00, Losses 0.48, Game Length 16.87 moves
Loss p1: 0.174752, Loss p2: 0.164474
Benchmark Stats Training Round 26
W: 0.92, T: 0.00 (versus random)
W: 0.50, T: 0.00 (versus left)
W: 0.81, T: 0.00 (versus lvl1)
W: 0.32, T: 0.00 (versus lvl2)
Training round 26 completed in 2 minutes and 46 seconds.
Expected completion: 03:06 2020-05-18.
Training round 27 stats
Wins 0.45, Ties 0.00, Losses 0.55, Game Length 16.06 moves
Loss p1: 0.177235, Loss p2: 0.172191
Benchmark Stats Training Round 27
W: 0.81, T: 0.00 (versus random)
W: 0.00, T: 0.00 (versus left)
W: 0.70, T: 0.00 (versus lvl1)
W: 0.11, T: 0.00 (versus lvl2)
Training round 27 completed in 2 minutes and 46 seconds.
Expected completion: 03:06 2020-05-18.
Training round 28 stats
Wins 0.51, Ties 0.00, Losses 0.49, Game Length 17.26 moves
Loss p1: 0.175094, Loss p2: 0.168260
Benchmark Stats Training Round 28
W: 0.86, T: 0.00 (versus random)
W: 0.50, T: 0.00 (versus left)
W: 0.71, T: 0.00 (versus lvl1)
W: 0.34, T: 0.01 (versus lvl2)
Training round 28 completed in 2 minutes and 52 seconds.
Expected completion: 03:13 2020-05-18.
Training round 29 stats
Wins 0.48, Ties 0.00, Losses 0.52, Game Length 17.21 moves
Loss p1: 0.173758, Loss p2: 0.164854
Benchmark Stats Training Round 29
W: 0.91, T: 0.00 (versus random)
W: 1.00, T: 0.00 (versus left)
W: 0.73, T: 0.00 (versus lvl1)
W: 0.18, T: 0.03 (versus lvl2)
Training round 29 completed in 3 minutes and 1 seconds.
Expected completion: 03:24 2020-05-18.
Training round 30 stats
Wins 0.49, Ties 0.00, Losses 0.51, Game Length 17.10 moves
Loss p1: 0.185908, Loss p2: 0.173089
Benchmark Stats Training Round 30
W: 0.88, T: 0.00 (versus random)
W: 0.00, T: 0.00 (versus left)
W: 0.68, T: 0.00 (versus lvl1)
W: 0.12, T: 0.00 (versus lvl2)
Training round 30 completed in 2 minutes and 53 seconds.
Expected completion: 03:14 2020-05-18.
Training round 31 stats
Wins 0.46, Ties 0.00, Losses 0.54, Game Length 17.15 moves
Loss p1: 0.176494, Loss p2: 0.174857
Benchmark Stats Training Round 31
W: 0.89, T: 0.00 (versus random)
W: 0.00, T: 0.00 (versus left)
W: 0.67, T: 0.00 (versus lvl1)
W: 0.23, T: 0.00 (versus lvl2)
Training round 31 completed in 2 minutes and 53 seconds.
Expected completion: 03:14 2020-05-18.
Training round 32 stats
Wins 0.52, Ties 0.00, Losses 0.48, Game Length 17.15 moves
Loss p1: 0.175726, Loss p2: 0.171887
Benchmark Stats Training Round 32
W: 0.93, T: 0.00 (versus random)
W: 0.50, T: 0.00 (versus left)
W: 0.72, T: 0.00 (versus lvl1)
W: 0.21, T: 0.00 (versus lvl2)
Training round 32 completed in 2 minutes and 49 seconds.
Expected completion: 03:09 2020-05-18.
Training round 33 stats
Wins 0.47, Ties 0.00, Losses 0.53, Game Length 16.98 moves
Loss p1: 0.171052, Loss p2: 0.164081
Benchmark Stats Training Round 33
W: 0.90, T: 0.00 (versus random)
W: 0.50, T: 0.00 (versus left)
W: 0.79, T: 0.00 (versus lvl1)
W: 0.36, T: 0.00 (versus lvl2)
Training round 33 completed in 2 minutes and 49 seconds.
Expected completion: 03:09 2020-05-18.
Training round 34 stats
Wins 0.43, Ties 0.00, Losses 0.57, Game Length 16.97 moves
Loss p1: 0.173378, Loss p2: 0.167563
Benchmark Stats Training Round 34
W: 0.89, T: 0.00 (versus random)
W: 0.00, T: 0.00 (versus left)
W: 0.70, T: 0.00 (versus lvl1)
W: 0.33, T: 0.02 (versus lvl2)
Training round 34 completed in 2 minutes and 57 seconds.
Expected completion: 03:18 2020-05-18.
Training round 35 stats
Wins 0.47, Ties 0.00, Losses 0.53, Game Length 16.76 moves
Loss p1: 0.177133, Loss p2: 0.182310
Benchmark Stats Training Round 35
W: 0.89, T: 0.00 (versus random)
W: 0.50, T: 0.00 (versus left)
W: 0.75, T: 0.00 (versus lvl1)
W: 0.28, T: 0.01 (versus lvl2)
Training round 35 completed in 2 minutes and 45 seconds.
Expected completion: 03:05 2020-05-18.
Training round 36 stats
Wins 0.42, Ties 0.00, Losses 0.58, Game Length 17.43 moves
Loss p1: 0.174651, Loss p2: 0.173863
Benchmark Stats Training Round 36
W: 0.79, T: 0.00 (versus random)
W: 1.00, T: 0.00 (versus left)
W: 0.65, T: 0.00 (versus lvl1)
W: 0.26, T: 0.01 (versus lvl2)
Training round 36 completed in 2 minutes and 55 seconds.
Expected completion: 03:16 2020-05-18.
Training round 37 stats
Wins 0.50, Ties 0.00, Losses 0.50, Game Length 15.97 moves
Loss p1: 0.182210, Loss p2: 0.189652
Benchmark Stats Training Round 37
W: 0.83, T: 0.00 (versus random)
W: 1.00, T: 0.00 (versus left)
W: 0.64, T: 0.00 (versus lvl1)
W: 0.27, T: 0.02 (versus lvl2)
Training round 37 completed in 2 minutes and 35 seconds.
Expected completion: 02:54 2020-05-18.
Training round 38 stats
Wins 0.48, Ties 0.00, Losses 0.52, Game Length 17.09 moves
Loss p1: 0.182350, Loss p2: 0.185953
Benchmark Stats Training Round 38
W: 0.82, T: 0.00 (versus random)
W: 1.00, T: 0.00 (versus left)
W: 0.59, T: 0.00 (versus lvl1)
W: 0.19, T: 0.00 (versus lvl2)
Training round 38 completed in 2 minutes and 51 seconds.
Expected completion: 03:12 2020-05-18.
Training round 39 stats
Wins 0.48, Ties 0.00, Losses 0.51, Game Length 17.40 moves
Loss p1: 0.172193, Loss p2: 0.178668
Benchmark Stats Training Round 39
W: 0.78, T: 0.00 (versus random)
W: 0.00, T: 0.00 (versus left)
W: 0.62, T: 0.00 (versus lvl1)
W: 0.24, T: 0.00 (versus lvl2)
Training round 39 completed in 3 minutes and 0 seconds.
Expected completion: 03:21 2020-05-18.
Training round 40 stats
Wins 0.46, Ties 0.00, Losses 0.54, Game Length 16.58 moves
Loss p1: 0.178545, Loss p2: 0.183370
Benchmark Stats Training Round 40
W: 0.88, T: 0.00 (versus random)
W: 0.50, T: 0.00 (versus left)
W: 0.77, T: 0.00 (versus lvl1)
W: 0.11, T: 0.03 (versus lvl2)
Training round 40 completed in 2 minutes and 50 seconds.
Expected completion: 03:11 2020-05-18.
Training round 41 stats
Wins 0.47, Ties 0.00, Losses 0.53, Game Length 17.38 moves
Loss p1: 0.176601, Loss p2: 0.175977
Benchmark Stats Training Round 41
W: 0.85, T: 0.00 (versus random)
W: 1.00, T: 0.00 (versus left)
W: 0.74, T: 0.00 (versus lvl1)
W: 0.17, T: 0.01 (versus lvl2)
Training round 41 completed in 2 minutes and 53 seconds.
Expected completion: 03:13 2020-05-18.
Training round 42 stats
Wins 0.50, Ties 0.00, Losses 0.49, Game Length 17.30 moves
Loss p1: 0.192317, Loss p2: 0.194777
Benchmark Stats Training Round 42
W: 0.79, T: 0.00 (versus random)
W: 0.00, T: 0.00 (versus left)
W: 0.69, T: 0.00 (versus lvl1)
W: 0.17, T: 0.00 (versus lvl2)
Training round 42 completed in 2 minutes and 54 seconds.
Expected completion: 03:14 2020-05-18.
Training round 43 stats
Wins 0.48, Ties 0.00, Losses 0.52, Game Length 16.54 moves
Loss p1: 0.183686, Loss p2: 0.197148
Benchmark Stats Training Round 43
W: 0.83, T: 0.00 (versus random)
W: 1.00, T: 0.00 (versus left)
W: 0.77, T: 0.00 (versus lvl1)
W: 0.20, T: 0.01 (versus lvl2)
Training round 43 completed in 2 minutes and 49 seconds.
Expected completion: 03:09 2020-05-18.
Training round 44 stats
Wins 0.49, Ties 0.00, Losses 0.50, Game Length 17.11 moves
Loss p1: 0.181446, Loss p2: 0.187773
Benchmark Stats Training Round 44
W: 0.86, T: 0.00 (versus random)
W: 0.50, T: 0.00 (versus left)
W: 0.66, T: 0.00 (versus lvl1)
W: 0.34, T: 0.00 (versus lvl2)
Training round 44 completed in 2 minutes and 48 seconds.
Expected completion: 03:08 2020-05-18.
Training round 45 stats
Wins 0.49, Ties 0.00, Losses 0.51, Game Length 16.65 moves
Loss p1: 0.184993, Loss p2: 0.195946
Benchmark Stats Training Round 45
W: 0.80, T: 0.00 (versus random)
W: 1.00, T: 0.00 (versus left)
W: 0.72, T: 0.01 (versus lvl1)
W: 0.11, T: 0.02 (versus lvl2)
Training round 45 completed in 2 minutes and 50 seconds.
Expected completion: 03:11 2020-05-18.
Training round 46 stats
Wins 0.53, Ties 0.00, Losses 0.47, Game Length 16.70 moves
Loss p1: 0.178223, Loss p2: 0.192402
Benchmark Stats Training Round 46
W: 0.80, T: 0.00 (versus random)
W: 0.00, T: 0.00 (versus left)
W: 0.63, T: 0.00 (versus lvl1)
W: 0.24, T: 0.01 (versus lvl2)
Training round 46 completed in 2 minutes and 57 seconds.
Expected completion: 03:17 2020-05-18.
Training round 47 stats
Wins 0.50, Ties 0.00, Losses 0.50, Game Length 17.33 moves
Loss p1: 0.185427, Loss p2: 0.186507
Benchmark Stats Training Round 47
W: 0.81, T: 0.00 (versus random)
W: 0.50, T: 0.00 (versus left)
W: 0.77, T: 0.00 (versus lvl1)
W: 0.16, T: 0.01 (versus lvl2)
Training round 47 completed in 2 minutes and 49 seconds.
Expected completion: 03:10 2020-05-18.
Training round 48 stats
Wins 0.47, Ties 0.00, Losses 0.53, Game Length 16.85 moves
Loss p1: 0.201126, Loss p2: 0.194236
Benchmark Stats Training Round 48
W: 0.84, T: 0.00 (versus random)
W: 0.50, T: 0.00 (versus left)
W: 0.70, T: 0.00 (versus lvl1)
W: 0.25, T: 0.00 (versus lvl2)
Training round 48 completed in 2 minutes and 54 seconds.
Expected completion: 03:14 2020-05-18.
Training round 49 stats
Wins 0.48, Ties 0.00, Losses 0.52, Game Length 17.10 moves
Loss p1: 0.181521, Loss p2: 0.192343
Benchmark Stats Training Round 49
W: 0.91, T: 0.00 (versus random)
W: 1.00, T: 0.00 (versus left)
W: 0.80, T: 0.00 (versus lvl1)
W: 0.22, T: 0.00 (versus lvl2)
Training round 49 completed in 2 minutes and 53 seconds.
Expected completion: 03:14 2020-05-18.
Training round 50 stats
Wins 0.49, Ties 0.01, Losses 0.51, Game Length 16.35 moves
Loss p1: 0.196220, Loss p2: 0.187490
Benchmark Stats Training Round 50
W: 0.83, T: 0.00 (versus random)
W: 0.50, T: 0.00 (versus left)
W: 0.86, T: 0.00 (versus lvl1)
W: 0.36, T: 0.01 (versus lvl2)
Training round 50 completed in 2 minutes and 47 seconds.
Expected completion: 03:09 2020-05-18.
Training round 51 stats
Wins 0.49, Ties 0.00, Losses 0.51, Game Length 17.32 moves
Loss p1: 0.195173, Loss p2: 0.192542
Benchmark Stats Training Round 51
W: 0.86, T: 0.02 (versus random)
W: 0.00, T: 0.00 (versus left)
W: 0.66, T: 0.00 (versus lvl1)
W: 0.11, T: 0.00 (versus lvl2)
Training round 51 completed in 2 minutes and 52 seconds.
Expected completion: 03:12 2020-05-18.
Training round 52 stats
Wins 0.49, Ties 0.01, Losses 0.51, Game Length 18.30 moves
Loss p1: 0.191844, Loss p2: 0.194250
Benchmark Stats Training Round 52
W: 0.82, T: 0.00 (versus random)
W: 0.50, T: 0.00 (versus left)
W: 0.73, T: 0.00 (versus lvl1)
W: 0.32, T: 0.00 (versus lvl2)
Training round 52 completed in 3 minutes and 3 seconds.
Expected completion: 03:21 2020-05-18.
Training round 53 stats
Wins 0.49, Ties 0.00, Losses 0.51, Game Length 18.03 moves
Loss p1: 0.194056, Loss p2: 0.196872
Benchmark Stats Training Round 53
W: 0.87, T: 0.00 (versus random)
W: 0.50, T: 0.00 (versus left)
W: 0.71, T: 0.00 (versus lvl1)
W: 0.27, T: 0.00 (versus lvl2)
Training round 53 completed in 3 minutes and 4 seconds.
Expected completion: 03:22 2020-05-18.
Training round 54 stats
Wins 0.45, Ties 0.00, Losses 0.55, Game Length 16.99 moves
Loss p1: 0.193791, Loss p2: 0.203965
Benchmark Stats Training Round 54
W: 0.88, T: 0.00 (versus random)
W: 0.50, T: 0.00 (versus left)
W: 0.76, T: 0.00 (versus lvl1)
W: 0.43, T: 0.00 (versus lvl2)
Training round 54 completed in 2 minutes and 49 seconds.
Expected completion: 03:11 2020-05-18.
Training round 55 stats
Wins 0.50, Ties 0.00, Losses 0.50, Game Length 16.54 moves
Loss p1: 0.193325, Loss p2: 0.205785
Benchmark Stats Training Round 55
W: 0.84, T: 0.00 (versus random)
W: 0.00, T: 0.00 (versus left)
W: 0.74, T: 0.00 (versus lvl1)
W: 0.24, T: 0.00 (versus lvl2)
Training round 55 completed in 2 minutes and 48 seconds.
Expected completion: 03:10 2020-05-18.
Training round 56 stats
Wins 0.49, Ties 0.00, Losses 0.51, Game Length 16.26 moves
Loss p1: 0.201941, Loss p2: 0.215234
Benchmark Stats Training Round 56
W: 0.88, T: 0.00 (versus random)
W: 0.50, T: 0.00 (versus left)
W: 0.80, T: 0.00 (versus lvl1)
W: 0.26, T: 0.01 (versus lvl2)
Training round 56 completed in 2 minutes and 51 seconds.
Expected completion: 03:12 2020-05-18.
Training round 57 stats
Wins 0.46, Ties 0.00, Losses 0.54, Game Length 17.04 moves
Loss p1: 0.202029, Loss p2: 0.208424
Benchmark Stats Training Round 57
W: 0.78, T: 0.00 (versus random)
W: 1.00, T: 0.00 (versus left)
W: 0.70, T: 0.00 (versus lvl1)
W: 0.19, T: 0.02 (versus lvl2)
Training round 57 completed in 2 minutes and 52 seconds.
Expected completion: 03:13 2020-05-18.
Training round 58 stats
Wins 0.48, Ties 0.00, Losses 0.52, Game Length 16.05 moves
Loss p1: 0.199891, Loss p2: 0.204213
Benchmark Stats Training Round 58
W: 0.91, T: 0.00 (versus random)
W: 0.00, T: 0.00 (versus left)
W: 0.76, T: 0.00 (versus lvl1)
W: 0.20, T: 0.00 (versus lvl2)
Training round 58 completed in 2 minutes and 45 seconds.
Expected completion: 03:07 2020-05-18.
Training round 59 stats
Wins 0.47, Ties 0.00, Losses 0.53, Game Length 17.14 moves
Loss p1: 0.193680, Loss p2: 0.203880
Benchmark Stats Training Round 59
W: 0.88, T: 0.00 (versus random)
W: 0.50, T: 0.00 (versus left)
W: 0.81, T: 0.00 (versus lvl1)
W: 0.24, T: 0.00 (versus lvl2)
Training round 59 completed in 2 minutes and 53 seconds.
Expected completion: 03:13 2020-05-18.
Training round 60 stats
Wins 0.52, Ties 0.00, Losses 0.48, Game Length 15.69 moves
Loss p1: 0.198147, Loss p2: 0.221829
Benchmark Stats Training Round 60
W: 0.94, T: 0.00 (versus random)
W: 1.00, T: 0.00 (versus left)
W: 0.84, T: 0.00 (versus lvl1)
W: 0.36, T: 0.01 (versus lvl2)
Training round 60 completed in 2 minutes and 38 seconds.
Expected completion: 03:03 2020-05-18.
Training round 61 stats
Wins 0.45, Ties 0.00, Losses 0.55, Game Length 16.28 moves
Loss p1: 0.196454, Loss p2: 0.211245
Benchmark Stats Training Round 61
W: 0.90, T: 0.00 (versus random)
W: 0.50, T: 0.00 (versus left)
W: 0.83, T: 0.00 (versus lvl1)
W: 0.26, T: 0.00 (versus lvl2)
Training round 61 completed in 2 minutes and 42 seconds.
Expected completion: 03:05 2020-05-18.
Training round 62 stats
Wins 0.44, Ties 0.00, Losses 0.56, Game Length 15.75 moves
Loss p1: 0.207334, Loss p2: 0.217938
Benchmark Stats Training Round 62
W: 0.90, T: 0.00 (versus random)
W: 0.50, T: 0.00 (versus left)
W: 0.85, T: 0.00 (versus lvl1)
W: 0.35, T: 0.00 (versus lvl2)
Training round 62 completed in 2 minutes and 44 seconds.
Expected completion: 03:07 2020-05-18.
Training round 63 stats
Wins 0.45, Ties 0.00, Losses 0.55, Game Length 16.94 moves
Loss p1: 0.188071, Loss p2: 0.203829
Benchmark Stats Training Round 63
W: 0.95, T: 0.00 (versus random)
W: 0.50, T: 0.00 (versus left)
W: 0.87, T: 0.00 (versus lvl1)
W: 0.29, T: 0.00 (versus lvl2)
Training round 63 completed in 2 minutes and 47 seconds.
Expected completion: 03:09 2020-05-18.
Training round 64 stats
Wins 0.49, Ties 0.00, Losses 0.51, Game Length 16.84 moves
Loss p1: 0.196917, Loss p2: 0.201832
Benchmark Stats Training Round 64
W: 0.89, T: 0.00 (versus random)
W: 0.00, T: 0.00 (versus left)
W: 0.72, T: 0.01 (versus lvl1)
W: 0.18, T: 0.01 (versus lvl2)
Training round 64 completed in 2 minutes and 47 seconds.
Expected completion: 03:09 2020-05-18.
Training round 65 stats
Wins 0.50, Ties 0.00, Losses 0.50, Game Length 16.74 moves
Loss p1: 0.199120, Loss p2: 0.210013
Benchmark Stats Training Round 65
W: 0.94, T: 0.00 (versus random)
W: 0.50, T: 0.00 (versus left)
W: 0.86, T: 0.00 (versus lvl1)
W: 0.36, T: 0.01 (versus lvl2)
Training round 65 completed in 2 minutes and 50 seconds.
Expected completion: 03:11 2020-05-18.
Training round 66 stats
Wins 0.49, Ties 0.00, Losses 0.51, Game Length 17.10 moves
Loss p1: 0.200379, Loss p2: 0.209742
Benchmark Stats Training Round 66
W: 0.87, T: 0.00 (versus random)
W: 0.50, T: 0.00 (versus left)
W: 0.81, T: 0.00 (versus lvl1)
W: 0.27, T: 0.00 (versus lvl2)
Training round 66 completed in 2 minutes and 51 seconds.
Expected completion: 03:11 2020-05-18.
Training round 67 stats
Wins 0.49, Ties 0.01, Losses 0.50, Game Length 16.94 moves
Loss p1: 0.205166, Loss p2: 0.216227
Benchmark Stats Training Round 67
W: 0.92, T: 0.00 (versus random)
W: 0.50, T: 0.00 (versus left)
W: 0.85, T: 0.00 (versus lvl1)
W: 0.35, T: 0.00 (versus lvl2)
Training round 67 completed in 2 minutes and 45 seconds.
Expected completion: 03:08 2020-05-18.
Training round 68 stats
Wins 0.42, Ties 0.00, Losses 0.57, Game Length 17.06 moves
Loss p1: 0.201902, Loss p2: 0.211779
Benchmark Stats Training Round 68
W: 0.84, T: 0.00 (versus random)
W: 1.00, T: 0.00 (versus left)
W: 0.75, T: 0.00 (versus lvl1)
W: 0.21, T: 0.01 (versus lvl2)
Training round 68 completed in 2 minutes and 55 seconds.
Expected completion: 03:14 2020-05-18.
Training round 69 stats
Wins 0.44, Ties 0.00, Losses 0.56, Game Length 16.89 moves
Loss p1: 0.192614, Loss p2: 0.202238
Benchmark Stats Training Round 69
W: 0.92, T: 0.00 (versus random)
W: 0.50, T: 0.00 (versus left)
W: 0.84, T: 0.00 (versus lvl1)
W: 0.47, T: 0.00 (versus lvl2)
Training round 69 completed in 2 minutes and 42 seconds.
Expected completion: 03:06 2020-05-18.
Training round 70 stats
Wins 0.44, Ties 0.00, Losses 0.56, Game Length 17.14 moves
Loss p1: 0.200263, Loss p2: 0.205725
Benchmark Stats Training Round 70
W: 0.83, T: 0.00 (versus random)
W: 1.00, T: 0.00 (versus left)
W: 0.79, T: 0.00 (versus lvl1)
W: 0.33, T: 0.01 (versus lvl2)
Training round 70 completed in 2 minutes and 54 seconds.
Expected completion: 03:13 2020-05-18.
Training round 71 stats
Wins 0.47, Ties 0.00, Losses 0.52, Game Length 17.18 moves
Loss p1: 0.205514, Loss p2: 0.219165
Benchmark Stats Training Round 71
W: 0.94, T: 0.00 (versus random)
W: 0.50, T: 0.00 (versus left)
W: 0.90, T: 0.00 (versus lvl1)
W: 0.49, T: 0.00 (versus lvl2)
Training round 71 completed in 2 minutes and 48 seconds.
Expected completion: 03:10 2020-05-18.
Training round 72 stats
Wins 0.50, Ties 0.00, Losses 0.49, Game Length 15.80 moves
Loss p1: 0.209128, Loss p2: 0.218934
Benchmark Stats Training Round 72
W: 0.99, T: 0.00 (versus random)
W: 1.00, T: 0.00 (versus left)
W: 0.91, T: 0.00 (versus lvl1)
W: 0.45, T: 0.01 (versus lvl2)
Training round 72 completed in 2 minutes and 36 seconds.
Expected completion: 03:04 2020-05-18.
Training round 73 stats
Wins 0.46, Ties 0.00, Losses 0.54, Game Length 16.23 moves
Loss p1: 0.204751, Loss p2: 0.212491
Benchmark Stats Training Round 73
W: 0.96, T: 0.00 (versus random)
W: 1.00, T: 0.00 (versus left)
W: 0.86, T: 0.00 (versus lvl1)
W: 0.50, T: 0.00 (versus lvl2)
Training round 73 completed in 2 minutes and 42 seconds.
Expected completion: 03:07 2020-05-18.
Training round 74 stats
Wins 0.45, Ties 0.00, Losses 0.55, Game Length 16.10 moves
Loss p1: 0.207423, Loss p2: 0.213208
Benchmark Stats Training Round 74
W: 0.89, T: 0.00 (versus random)
W: 1.00, T: 0.00 (versus left)
W: 0.68, T: 0.00 (versus lvl1)
W: 0.27, T: 0.02 (versus lvl2)
Training round 74 completed in 2 minutes and 51 seconds.
Expected completion: 03:11 2020-05-18.
Training round 75 stats
Wins 0.43, Ties 0.00, Losses 0.57, Game Length 17.16 moves
Loss p1: 0.210390, Loss p2: 0.218683
Benchmark Stats Training Round 75
W: 0.84, T: 0.00 (versus random)
W: 0.50, T: 0.00 (versus left)
W: 0.77, T: 0.00 (versus lvl1)
W: 0.28, T: 0.00 (versus lvl2)
Training round 75 completed in 2 minutes and 58 seconds.
Expected completion: 03:14 2020-05-18.
Training round 76 stats
Wins 0.46, Ties 0.00, Losses 0.53, Game Length 17.76 moves
Loss p1: 0.207446, Loss p2: 0.213906
Benchmark Stats Training Round 76
W: 0.90, T: 0.00 (versus random)
W: 0.50, T: 0.00 (versus left)
W: 0.76, T: 0.00 (versus lvl1)
W: 0.19, T: 0.00 (versus lvl2)
Training round 76 completed in 3 minutes and 2 seconds.
Expected completion: 03:15 2020-05-18.
Training round 77 stats
Wins 0.45, Ties 0.00, Losses 0.55, Game Length 16.58 moves
Loss p1: 0.205784, Loss p2: 0.212958
Benchmark Stats Training Round 77
W: 0.88, T: 0.00 (versus random)
W: 1.00, T: 0.00 (versus left)
W: 0.77, T: 0.00 (versus lvl1)
W: 0.40, T: 0.00 (versus lvl2)
Training round 77 completed in 2 minutes and 45 seconds.
Expected completion: 03:09 2020-05-18.
Training round 78 stats
Wins 0.45, Ties 0.00, Losses 0.55, Game Length 17.08 moves
Loss p1: 0.204351, Loss p2: 0.213105
Benchmark Stats Training Round 78
W: 0.93, T: 0.01 (versus random)
W: 0.50, T: 0.00 (versus left)
W: 0.82, T: 0.00 (versus lvl1)
W: 0.47, T: 0.00 (versus lvl2)
Training round 78 completed in 2 minutes and 44 seconds.
Expected completion: 03:08 2020-05-18.
Training round 79 stats
Wins 0.46, Ties 0.00, Losses 0.53, Game Length 16.10 moves
Loss p1: 0.203391, Loss p2: 0.213437
Benchmark Stats Training Round 79
W: 0.90, T: 0.00 (versus random)
W: 1.00, T: 0.00 (versus left)
W: 0.84, T: 0.00 (versus lvl1)
W: 0.34, T: 0.02 (versus lvl2)
Training round 79 completed in 2 minutes and 49 seconds.
Expected completion: 03:10 2020-05-18.
Training round 80 stats
Wins 0.50, Ties 0.00, Losses 0.49, Game Length 16.79 moves
Loss p1: 0.222457, Loss p2: 0.214606
Benchmark Stats Training Round 80
W: 0.92, T: 0.00 (versus random)
W: 0.50, T: 0.00 (versus left)
W: 0.87, T: 0.00 (versus lvl1)
W: 0.40, T: 0.02 (versus lvl2)
Training round 80 completed in 2 minutes and 44 seconds.
Expected completion: 03:08 2020-05-18.
Training round 81 stats
Wins 0.47, Ties 0.00, Losses 0.52, Game Length 16.48 moves
Loss p1: 0.211434, Loss p2: 0.215868
Benchmark Stats Training Round 81
W: 0.94, T: 0.00 (versus random)
W: 1.00, T: 0.00 (versus left)
W: 0.87, T: 0.00 (versus lvl1)
W: 0.30, T: 0.02 (versus lvl2)
Training round 81 completed in 2 minutes and 50 seconds.
Expected completion: 03:10 2020-05-18.
Training round 82 stats
Wins 0.45, Ties 0.00, Losses 0.55, Game Length 16.60 moves
Loss p1: 0.208068, Loss p2: 0.217561
Benchmark Stats Training Round 82
W: 0.96, T: 0.00 (versus random)
W: 1.00, T: 0.00 (versus left)
W: 0.92, T: 0.00 (versus lvl1)
W: 0.42, T: 0.00 (versus lvl2)
Training round 82 completed in 2 minutes and 38 seconds.
Expected completion: 03:07 2020-05-18.
Training round 83 stats
Wins 0.43, Ties 0.00, Losses 0.57, Game Length 17.23 moves
Loss p1: 0.205730, Loss p2: 0.210842
Benchmark Stats Training Round 83
W: 0.93, T: 0.00 (versus random)
W: 0.50, T: 0.00 (versus left)
W: 0.76, T: 0.00 (versus lvl1)
W: 0.32, T: 0.00 (versus lvl2)
Training round 83 completed in 3 minutes and 1 seconds.
Expected completion: 03:13 2020-05-18.
Training round 84 stats
Wins 0.45, Ties 0.00, Losses 0.54, Game Length 17.26 moves
Loss p1: 0.212743, Loss p2: 0.211758
Benchmark Stats Training Round 84
W: 0.90, T: 0.00 (versus random)
W: 1.00, T: 0.00 (versus left)
W: 0.81, T: 0.00 (versus lvl1)
W: 0.37, T: 0.02 (versus lvl2)
Training round 84 completed in 3 minutes and 5 seconds.
Expected completion: 03:14 2020-05-18.
Training round 85 stats
Wins 0.41, Ties 0.00, Losses 0.59, Game Length 16.39 moves
Loss p1: 0.208070, Loss p2: 0.220482
Benchmark Stats Training Round 85
W: 0.92, T: 0.00 (versus random)
W: 1.00, T: 0.00 (versus left)
W: 0.82, T: 0.00 (versus lvl1)
W: 0.28, T: 0.01 (versus lvl2)
Training round 85 completed in 2 minutes and 48 seconds.
Expected completion: 03:10 2020-05-18.
Training round 86 stats
Wins 0.44, Ties 0.00, Losses 0.56, Game Length 17.71 moves
Loss p1: 0.201840, Loss p2: 0.207424
Benchmark Stats Training Round 86
W: 0.90, T: 0.00 (versus random)
W: 0.50, T: 0.00 (versus left)
W: 0.79, T: 0.00 (versus lvl1)
W: 0.36, T: 0.01 (versus lvl2)
Training round 86 completed in 2 minutes and 57 seconds.
Expected completion: 03:12 2020-05-18.
Training round 87 stats
Wins 0.47, Ties 0.00, Losses 0.53, Game Length 18.13 moves
Loss p1: 0.203934, Loss p2: 0.214741
Benchmark Stats Training Round 87
W: 0.80, T: 0.00 (versus random)
W: 1.00, T: 0.00 (versus left)
W: 0.72, T: 0.00 (versus lvl1)
W: 0.41, T: 0.00 (versus lvl2)
Training round 87 completed in 3 minutes and 4 seconds.
Expected completion: 03:14 2020-05-18.
Training round 88 stats
Wins 0.44, Ties 0.00, Losses 0.56, Game Length 16.55 moves
Loss p1: 0.224950, Loss p2: 0.222485
Benchmark Stats Training Round 88
W: 0.85, T: 0.00 (versus random)
W: 1.00, T: 0.00 (versus left)
W: 0.84, T: 0.00 (versus lvl1)
W: 0.36, T: 0.00 (versus lvl2)
Training round 88 completed in 2 minutes and 51 seconds.
Expected completion: 03:11 2020-05-18.
Training round 89 stats
Wins 0.41, Ties 0.00, Losses 0.58, Game Length 16.80 moves
Loss p1: 0.221957, Loss p2: 0.223146
Benchmark Stats Training Round 89
W: 0.94, T: 0.01 (versus random)
W: 0.50, T: 0.00 (versus left)
W: 0.82, T: 0.00 (versus lvl1)
W: 0.42, T: 0.01 (versus lvl2)
Training round 89 completed in 2 minutes and 46 seconds.
Expected completion: 03:10 2020-05-18.
Training round 90 stats
Wins 0.42, Ties 0.00, Losses 0.58, Game Length 16.90 moves
Loss p1: 0.210927, Loss p2: 0.220410
Benchmark Stats Training Round 90
W: 0.90, T: 0.00 (versus random)
W: 1.00, T: 0.00 (versus left)
W: 0.80, T: 0.00 (versus lvl1)
W: 0.51, T: 0.00 (versus lvl2)
Training round 90 completed in 2 minutes and 50 seconds.
Expected completion: 03:11 2020-05-18.
Training round 91 stats
Wins 0.46, Ties 0.00, Losses 0.54, Game Length 17.10 moves
Loss p1: 0.218806, Loss p2: 0.218484
Benchmark Stats Training Round 91
W: 0.89, T: 0.00 (versus random)
W: 1.00, T: 0.00 (versus left)
W: 0.76, T: 0.00 (versus lvl1)
W: 0.35, T: 0.01 (versus lvl2)
Training round 91 completed in 2 minutes and 59 seconds.
Expected completion: 03:12 2020-05-18.
Training round 92 stats
Wins 0.44, Ties 0.00, Losses 0.56, Game Length 17.74 moves
Loss p1: 0.209652, Loss p2: 0.209457
Benchmark Stats Training Round 92
W: 0.87, T: 0.00 (versus random)
W: 0.50, T: 0.00 (versus left)
W: 0.80, T: 0.00 (versus lvl1)
W: 0.39, T: 0.01 (versus lvl2)
Training round 92 completed in 2 minutes and 53 seconds.
Expected completion: 03:11 2020-05-18.
Training round 93 stats
Wins 0.47, Ties 0.00, Losses 0.53, Game Length 17.97 moves
Loss p1: 0.217947, Loss p2: 0.211132
Benchmark Stats Training Round 93
W: 0.83, T: 0.00 (versus random)
W: 0.50, T: 0.00 (versus left)
W: 0.76, T: 0.00 (versus lvl1)
W: 0.29, T: 0.01 (versus lvl2)
Training round 93 completed in 3 minutes and 9 seconds.
Expected completion: 03:13 2020-05-18.
Training round 94 stats
Wins 0.43, Ties 0.01, Losses 0.56, Game Length 17.82 moves
Loss p1: 0.202888, Loss p2: 0.201643
Benchmark Stats Training Round 94
W: 0.88, T: 0.00 (versus random)
W: 1.00, T: 0.00 (versus left)
W: 0.73, T: 0.00 (versus lvl1)
W: 0.28, T: 0.02 (versus lvl2)
Training round 94 completed in 3 minutes and 2 seconds.
Expected completion: 03:13 2020-05-18.
Training round 95 stats
Wins 0.46, Ties 0.00, Losses 0.54, Game Length 17.13 moves
Loss p1: 0.217447, Loss p2: 0.215810
Benchmark Stats Training Round 95
W: 0.97, T: 0.01 (versus random)
W: 0.50, T: 0.00 (versus left)
W: 0.89, T: 0.00 (versus lvl1)
W: 0.35, T: 0.02 (versus lvl2)
Training round 95 completed in 2 minutes and 50 seconds.
Expected completion: 03:11 2020-05-18.
Training round 96 stats
Wins 0.45, Ties 0.00, Losses 0.54, Game Length 16.85 moves
Loss p1: 0.221543, Loss p2: 0.213411
Benchmark Stats Training Round 96
W: 0.97, T: 0.00 (versus random)
W: 1.00, T: 0.00 (versus left)
W: 0.81, T: 0.00 (versus lvl1)
W: 0.34, T: 0.00 (versus lvl2)
Training round 96 completed in 2 minutes and 50 seconds.
Expected completion: 03:11 2020-05-18.
Training round 97 stats
Wins 0.45, Ties 0.00, Losses 0.55, Game Length 17.21 moves
Loss p1: 0.219228, Loss p2: 0.225222
Benchmark Stats Training Round 97
W: 0.93, T: 0.01 (versus random)
W: 0.50, T: 0.00 (versus left)
W: 0.91, T: 0.00 (versus lvl1)
W: 0.37, T: 0.00 (versus lvl2)
Training round 97 completed in 2 minutes and 45 seconds.
Expected completion: 03:11 2020-05-18.
Training round 98 stats
Wins 0.44, Ties 0.00, Losses 0.56, Game Length 17.05 moves
Loss p1: 0.220530, Loss p2: 0.219150
Benchmark Stats Training Round 98
W: 0.92, T: 0.01 (versus random)
W: 0.50, T: 0.00 (versus left)
W: 0.79, T: 0.00 (versus lvl1)
W: 0.23, T: 0.01 (versus lvl2)
Training round 98 completed in 2 minutes and 59 seconds.
Expected completion: 03:12 2020-05-18.
Training round 99 stats
Wins 0.50, Ties 0.00, Losses 0.50, Game Length 17.26 moves
Loss p1: 0.220907, Loss p2: 0.220928
Benchmark Stats Training Round 99
W: 0.83, T: 0.01 (versus random)
W: 1.00, T: 0.00 (versus left)
W: 0.78, T: 0.00 (versus lvl1)
W: 0.40, T: 0.00 (versus lvl2)
Training round 99 completed in 2 minutes and 50 seconds.
Expected completion: 03:11 2020-05-18.
Training round 100 stats
Wins 0.50, Ties 0.00, Losses 0.50, Game Length 15.92 moves
Loss p1: 0.221570, Loss p2: 0.233597
Benchmark Stats Training Round 100
W: 0.92, T: 0.00 (versus random)
W: 0.50, T: 0.00 (versus left)
W: 0.82, T: 0.00 (versus lvl1)
W: 0.46, T: 0.01 (versus lvl2)
Training round 100 completed in 2 minutes and 41 seconds.
Expected completion: 03:11 2020-05-18.
