Training Neural Net on Connect 4
  self_play_batch_size: 1000
  benchmark_batch_size: 100
  training_rounds: 100
  memory_size: 1000
  network: D
  exploration: decay_episode
  loss: MSE
  encoding: integer
  optimizer: Adam
  experience: yes

Benchmark Stats Training Round 0
W: 0.53, T: 0.00 (versus random)
W: 0.50, T: 0.00 (versus left)
W: 0.32, T: 0.00 (versus lvl1)
W: 0.05, T: 0.00 (versus lvl2)
Training round 1 stats
Wins 0.49, Ties 0.00, Losses 0.51, Game Length 18.30 moves
Loss p1: 0.162813, Loss p2: 0.160147
Benchmark Stats Training Round 1
W: 0.73, T: 0.00 (versus random)
W: 0.50, T: 0.00 (versus left)
W: 0.72, T: 0.00 (versus lvl1)
W: 0.20, T: 0.01 (versus lvl2)
Training round 1 completed in 2 minutes and 41 seconds.
Expected completion: 14:48 2020-05-18.
Training round 2 stats
Wins 0.47, Ties 0.00, Losses 0.53, Game Length 17.63 moves
Loss p1: 0.143154, Loss p2: 0.137126
Benchmark Stats Training Round 2
W: 0.94, T: 0.00 (versus random)
W: 0.50, T: 0.00 (versus left)
W: 0.84, T: 0.00 (versus lvl1)
W: 0.40, T: 0.00 (versus lvl2)
Training round 2 completed in 2 minutes and 34 seconds.
Expected completion: 14:37 2020-05-18.
Training round 3 stats
Wins 0.49, Ties 0.00, Losses 0.51, Game Length 17.34 moves
Loss p1: 0.141306, Loss p2: 0.136623
Benchmark Stats Training Round 3
W: 0.85, T: 0.00 (versus random)
W: 0.50, T: 0.00 (versus left)
W: 0.68, T: 0.00 (versus lvl1)
W: 0.36, T: 0.00 (versus lvl2)
Training round 3 completed in 2 minutes and 39 seconds.
Expected completion: 14:44 2020-05-18.
Training round 4 stats
Wins 0.50, Ties 0.00, Losses 0.50, Game Length 17.20 moves
Loss p1: 0.134256, Loss p2: 0.138649
Benchmark Stats Training Round 4
W: 0.87, T: 0.00 (versus random)
W: 0.00, T: 0.00 (versus left)
W: 0.70, T: 0.00 (versus lvl1)
W: 0.24, T: 0.00 (versus lvl2)
Training round 4 completed in 2 minutes and 36 seconds.
Expected completion: 14:39 2020-05-18.
Training round 5 stats
Wins 0.49, Ties 0.00, Losses 0.50, Game Length 16.74 moves
Loss p1: 0.146401, Loss p2: 0.139259
Benchmark Stats Training Round 5
W: 0.84, T: 0.00 (versus random)
W: 0.50, T: 0.00 (versus left)
W: 0.75, T: 0.00 (versus lvl1)
W: 0.25, T: 0.00 (versus lvl2)
Training round 5 completed in 2 minutes and 35 seconds.
Expected completion: 14:38 2020-05-18.
Training round 6 stats
Wins 0.48, Ties 0.00, Losses 0.52, Game Length 17.55 moves
Loss p1: 0.141883, Loss p2: 0.136113
Benchmark Stats Training Round 6
W: 0.95, T: 0.00 (versus random)
W: 0.50, T: 0.00 (versus left)
W: 0.87, T: 0.00 (versus lvl1)
W: 0.42, T: 0.00 (versus lvl2)
Training round 6 completed in 2 minutes and 38 seconds.
Expected completion: 14:42 2020-05-18.
Training round 7 stats
Wins 0.47, Ties 0.00, Losses 0.53, Game Length 16.74 moves
Loss p1: 0.153285, Loss p2: 0.148400
Benchmark Stats Training Round 7
W: 0.85, T: 0.01 (versus random)
W: 0.00, T: 0.00 (versus left)
W: 0.67, T: 0.00 (versus lvl1)
W: 0.33, T: 0.00 (versus lvl2)
Training round 7 completed in 2 minutes and 43 seconds.
Expected completion: 14:50 2020-05-18.
Training round 8 stats
Wins 0.54, Ties 0.00, Losses 0.46, Game Length 17.31 moves
Loss p1: 0.136038, Loss p2: 0.143829
Benchmark Stats Training Round 8
W: 0.87, T: 0.00 (versus random)
W: 0.50, T: 0.00 (versus left)
W: 0.78, T: 0.00 (versus lvl1)
W: 0.29, T: 0.00 (versus lvl2)
Training round 8 completed in 2 minutes and 36 seconds.
Expected completion: 14:39 2020-05-18.
Training round 9 stats
Wins 0.50, Ties 0.00, Losses 0.50, Game Length 17.41 moves
Loss p1: 0.148842, Loss p2: 0.149741
Benchmark Stats Training Round 9
W: 0.89, T: 0.00 (versus random)
W: 0.00, T: 0.00 (versus left)
W: 0.77, T: 0.00 (versus lvl1)
W: 0.14, T: 0.00 (versus lvl2)
Training round 9 completed in 2 minutes and 44 seconds.
Expected completion: 14:52 2020-05-18.
Training round 10 stats
Wins 0.48, Ties 0.00, Losses 0.52, Game Length 17.18 moves
Loss p1: 0.141869, Loss p2: 0.148027
Benchmark Stats Training Round 10
W: 0.81, T: 0.00 (versus random)
W: 0.00, T: 0.00 (versus left)
W: 0.57, T: 0.00 (versus lvl1)
W: 0.12, T: 0.01 (versus lvl2)
Training round 10 completed in 2 minutes and 45 seconds.
Expected completion: 14:53 2020-05-18.
Training round 11 stats
Wins 0.47, Ties 0.00, Losses 0.53, Game Length 17.84 moves
Loss p1: 0.146128, Loss p2: 0.146908
Benchmark Stats Training Round 11
W: 0.76, T: 0.00 (versus random)
W: 0.50, T: 0.00 (versus left)
W: 0.61, T: 0.00 (versus lvl1)
W: 0.12, T: 0.01 (versus lvl2)
Training round 11 completed in 2 minutes and 43 seconds.
Expected completion: 14:51 2020-05-18.
Training round 12 stats
Wins 0.44, Ties 0.00, Losses 0.56, Game Length 17.03 moves
Loss p1: 0.147338, Loss p2: 0.145191
Benchmark Stats Training Round 12
W: 0.79, T: 0.01 (versus random)
W: 1.00, T: 0.00 (versus left)
W: 0.56, T: 0.00 (versus lvl1)
W: 0.08, T: 0.00 (versus lvl2)
Training round 12 completed in 2 minutes and 47 seconds.
Expected completion: 14:57 2020-05-18.
Training round 13 stats
Wins 0.47, Ties 0.00, Losses 0.53, Game Length 16.44 moves
Loss p1: 0.147086, Loss p2: 0.148181
Benchmark Stats Training Round 13
W: 0.81, T: 0.00 (versus random)
W: 0.50, T: 0.00 (versus left)
W: 0.74, T: 0.00 (versus lvl1)
W: 0.18, T: 0.00 (versus lvl2)
Training round 13 completed in 2 minutes and 36 seconds.
Expected completion: 14:40 2020-05-18.
Training round 14 stats
Wins 0.46, Ties 0.00, Losses 0.54, Game Length 16.83 moves
Loss p1: 0.151959, Loss p2: 0.154360
Benchmark Stats Training Round 14
W: 0.84, T: 0.00 (versus random)
W: 1.00, T: 0.00 (versus left)
W: 0.69, T: 0.00 (versus lvl1)
W: 0.13, T: 0.01 (versus lvl2)
Training round 14 completed in 2 minutes and 41 seconds.
Expected completion: 14:48 2020-05-18.
Training round 15 stats
Wins 0.47, Ties 0.00, Losses 0.53, Game Length 16.96 moves
Loss p1: 0.152653, Loss p2: 0.153071
Benchmark Stats Training Round 15
W: 0.91, T: 0.00 (versus random)
W: 0.50, T: 0.00 (versus left)
W: 0.61, T: 0.00 (versus lvl1)
W: 0.23, T: 0.01 (versus lvl2)
Training round 15 completed in 2 minutes and 43 seconds.
Expected completion: 14:51 2020-05-18.
Training round 16 stats
Wins 0.46, Ties 0.00, Losses 0.54, Game Length 17.03 moves
Loss p1: 0.151297, Loss p2: 0.154811
Benchmark Stats Training Round 16
W: 0.88, T: 0.00 (versus random)
W: 1.00, T: 0.00 (versus left)
W: 0.70, T: 0.00 (versus lvl1)
W: 0.16, T: 0.00 (versus lvl2)
Training round 16 completed in 2 minutes and 38 seconds.
Expected completion: 14:44 2020-05-18.
Training round 17 stats
Wins 0.42, Ties 0.00, Losses 0.57, Game Length 16.92 moves
Loss p1: 0.151689, Loss p2: 0.146387
Benchmark Stats Training Round 17
W: 0.85, T: 0.00 (versus random)
W: 1.00, T: 0.00 (versus left)
W: 0.67, T: 0.01 (versus lvl1)
W: 0.19, T: 0.00 (versus lvl2)
Training round 17 completed in 2 minutes and 40 seconds.
Expected completion: 14:47 2020-05-18.
Training round 18 stats
Wins 0.48, Ties 0.00, Losses 0.52, Game Length 17.02 moves
Loss p1: 0.153376, Loss p2: 0.149901
Benchmark Stats Training Round 18
W: 0.85, T: 0.00 (versus random)
W: 0.50, T: 0.00 (versus left)
W: 0.68, T: 0.01 (versus lvl1)
W: 0.19, T: 0.02 (versus lvl2)
Training round 18 completed in 2 minutes and 44 seconds.
Expected completion: 14:52 2020-05-18.
Training round 19 stats
Wins 0.46, Ties 0.00, Losses 0.54, Game Length 17.35 moves
Loss p1: 0.151937, Loss p2: 0.154411
Benchmark Stats Training Round 19
W: 0.88, T: 0.00 (versus random)
W: 0.50, T: 0.00 (versus left)
W: 0.70, T: 0.00 (versus lvl1)
W: 0.25, T: 0.00 (versus lvl2)
Training round 19 completed in 2 minutes and 38 seconds.
Expected completion: 14:43 2020-05-18.
Training round 20 stats
Wins 0.49, Ties 0.00, Losses 0.51, Game Length 17.20 moves
Loss p1: 0.153322, Loss p2: 0.158157
Benchmark Stats Training Round 20
W: 0.64, T: 0.01 (versus random)
W: 0.50, T: 0.00 (versus left)
W: 0.51, T: 0.01 (versus lvl1)
W: 0.22, T: 0.00 (versus lvl2)
Training round 20 completed in 2 minutes and 49 seconds.
Expected completion: 14:58 2020-05-18.
Training round 21 stats
Wins 0.48, Ties 0.00, Losses 0.52, Game Length 16.54 moves
Loss p1: 0.157285, Loss p2: 0.159321
Benchmark Stats Training Round 21
W: 0.89, T: 0.00 (versus random)
W: 0.50, T: 0.00 (versus left)
W: 0.86, T: 0.00 (versus lvl1)
W: 0.37, T: 0.02 (versus lvl2)
Training round 21 completed in 2 minutes and 35 seconds.
Expected completion: 14:40 2020-05-18.
Training round 22 stats
Wins 0.53, Ties 0.00, Losses 0.47, Game Length 17.25 moves
Loss p1: 0.161719, Loss p2: 0.160342
Benchmark Stats Training Round 22
W: 0.83, T: 0.00 (versus random)
W: 1.00, T: 0.00 (versus left)
W: 0.67, T: 0.00 (versus lvl1)
W: 0.32, T: 0.01 (versus lvl2)
Training round 22 completed in 2 minutes and 37 seconds.
Expected completion: 14:43 2020-05-18.
Training round 23 stats
Wins 0.50, Ties 0.00, Losses 0.50, Game Length 17.45 moves
Loss p1: 0.155784, Loss p2: 0.162100
Benchmark Stats Training Round 23
W: 0.84, T: 0.00 (versus random)
W: 1.00, T: 0.00 (versus left)
W: 0.67, T: 0.00 (versus lvl1)
W: 0.17, T: 0.01 (versus lvl2)
Training round 23 completed in 2 minutes and 50 seconds.
Expected completion: 14:59 2020-05-18.
Training round 24 stats
Wins 0.50, Ties 0.00, Losses 0.49, Game Length 17.02 moves
Loss p1: 0.153185, Loss p2: 0.153765
Benchmark Stats Training Round 24
W: 0.84, T: 0.01 (versus random)
W: 0.50, T: 0.00 (versus left)
W: 0.73, T: 0.00 (versus lvl1)
W: 0.19, T: 0.01 (versus lvl2)
Training round 24 completed in 2 minutes and 43 seconds.
Expected completion: 14:50 2020-05-18.
Training round 25 stats
Wins 0.48, Ties 0.00, Losses 0.52, Game Length 16.73 moves
Loss p1: 0.159484, Loss p2: 0.157174
Benchmark Stats Training Round 25
W: 0.85, T: 0.00 (versus random)
W: 1.00, T: 0.00 (versus left)
W: 0.82, T: 0.00 (versus lvl1)
W: 0.33, T: 0.01 (versus lvl2)
Training round 25 completed in 2 minutes and 38 seconds.
Expected completion: 14:44 2020-05-18.
Training round 26 stats
Wins 0.50, Ties 0.00, Losses 0.49, Game Length 17.41 moves
Loss p1: 0.155535, Loss p2: 0.164169
Benchmark Stats Training Round 26
W: 0.83, T: 0.01 (versus random)
W: 0.00, T: 0.00 (versus left)
W: 0.77, T: 0.00 (versus lvl1)
W: 0.10, T: 0.01 (versus lvl2)
Training round 26 completed in 2 minutes and 43 seconds.
Expected completion: 14:49 2020-05-18.
Training round 27 stats
Wins 0.51, Ties 0.00, Losses 0.49, Game Length 16.85 moves
Loss p1: 0.154161, Loss p2: 0.162374
Benchmark Stats Training Round 27
W: 0.76, T: 0.00 (versus random)
W: 1.00, T: 0.00 (versus left)
W: 0.61, T: 0.00 (versus lvl1)
W: 0.24, T: 0.00 (versus lvl2)
Training round 27 completed in 2 minutes and 44 seconds.
Expected completion: 14:52 2020-05-18.
Training round 28 stats
Wins 0.52, Ties 0.00, Losses 0.48, Game Length 16.52 moves
Loss p1: 0.169012, Loss p2: 0.164677
Benchmark Stats Training Round 28
W: 0.92, T: 0.00 (versus random)
W: 0.00, T: 0.00 (versus left)
W: 0.78, T: 0.01 (versus lvl1)
W: 0.15, T: 0.01 (versus lvl2)
Training round 28 completed in 2 minutes and 39 seconds.
Expected completion: 14:45 2020-05-18.
Training round 29 stats
Wins 0.53, Ties 0.00, Losses 0.47, Game Length 16.14 moves
Loss p1: 0.165549, Loss p2: 0.168716
Benchmark Stats Training Round 29
W: 0.92, T: 0.00 (versus random)
W: 0.50, T: 0.00 (versus left)
W: 0.83, T: 0.00 (versus lvl1)
W: 0.30, T: 0.00 (versus lvl2)
Training round 29 completed in 2 minutes and 28 seconds.
Expected completion: 14:32 2020-05-18.
Training round 30 stats
Wins 0.50, Ties 0.00, Losses 0.50, Game Length 15.87 moves
Loss p1: 0.176161, Loss p2: 0.176138
Benchmark Stats Training Round 30
W: 0.87, T: 0.00 (versus random)
W: 0.00, T: 0.00 (versus left)
W: 0.65, T: 0.00 (versus lvl1)
W: 0.15, T: 0.00 (versus lvl2)
Training round 30 completed in 2 minutes and 30 seconds.
Expected completion: 14:34 2020-05-18.
Training round 31 stats
Wins 0.47, Ties 0.00, Losses 0.53, Game Length 16.17 moves
Loss p1: 0.170198, Loss p2: 0.168117
Benchmark Stats Training Round 31
W: 0.84, T: 0.01 (versus random)
W: 0.50, T: 0.00 (versus left)
W: 0.74, T: 0.00 (versus lvl1)
W: 0.24, T: 0.00 (versus lvl2)
Training round 31 completed in 2 minutes and 34 seconds.
Expected completion: 14:39 2020-05-18.
Training round 32 stats
Wins 0.53, Ties 0.00, Losses 0.47, Game Length 16.50 moves
Loss p1: 0.164343, Loss p2: 0.170255
Benchmark Stats Training Round 32
W: 0.94, T: 0.00 (versus random)
W: 0.50, T: 0.00 (versus left)
W: 0.77, T: 0.00 (versus lvl1)
W: 0.35, T: 0.01 (versus lvl2)
Training round 32 completed in 2 minutes and 30 seconds.
Expected completion: 14:35 2020-05-18.
Training round 33 stats
Wins 0.52, Ties 0.00, Losses 0.48, Game Length 16.34 moves
Loss p1: 0.164399, Loss p2: 0.168546
Benchmark Stats Training Round 33
W: 0.95, T: 0.00 (versus random)
W: 0.50, T: 0.00 (versus left)
W: 0.85, T: 0.00 (versus lvl1)
W: 0.29, T: 0.00 (versus lvl2)
Training round 33 completed in 2 minutes and 35 seconds.
Expected completion: 14:40 2020-05-18.
Training round 34 stats
Wins 0.49, Ties 0.00, Losses 0.51, Game Length 16.20 moves
Loss p1: 0.168732, Loss p2: 0.174530
Benchmark Stats Training Round 34
W: 0.78, T: 0.00 (versus random)
W: 0.50, T: 0.00 (versus left)
W: 0.70, T: 0.00 (versus lvl1)
W: 0.16, T: 0.00 (versus lvl2)
Training round 34 completed in 2 minutes and 36 seconds.
Expected completion: 14:42 2020-05-18.
Training round 35 stats
Wins 0.46, Ties 0.00, Losses 0.54, Game Length 16.67 moves
Loss p1: 0.165873, Loss p2: 0.164389
Benchmark Stats Training Round 35
W: 0.89, T: 0.00 (versus random)
W: 1.00, T: 0.00 (versus left)
W: 0.78, T: 0.00 (versus lvl1)
W: 0.23, T: 0.00 (versus lvl2)
Training round 35 completed in 2 minutes and 43 seconds.
Expected completion: 14:49 2020-05-18.
Training round 36 stats
Wins 0.50, Ties 0.00, Losses 0.50, Game Length 16.41 moves
Loss p1: 0.162584, Loss p2: 0.164887
Benchmark Stats Training Round 36
W: 0.95, T: 0.00 (versus random)
W: 1.00, T: 0.00 (versus left)
W: 0.82, T: 0.00 (versus lvl1)
W: 0.30, T: 0.00 (versus lvl2)
Training round 36 completed in 2 minutes and 32 seconds.
Expected completion: 14:37 2020-05-18.
Training round 37 stats
Wins 0.49, Ties 0.00, Losses 0.51, Game Length 16.66 moves
Loss p1: 0.161496, Loss p2: 0.167407
Benchmark Stats Training Round 37
W: 0.89, T: 0.00 (versus random)
W: 0.50, T: 0.00 (versus left)
W: 0.72, T: 0.01 (versus lvl1)
W: 0.20, T: 0.00 (versus lvl2)
Training round 37 completed in 2 minutes and 41 seconds.
Expected completion: 14:46 2020-05-18.
Training round 38 stats
Wins 0.47, Ties 0.00, Losses 0.53, Game Length 17.03 moves
Loss p1: 0.167560, Loss p2: 0.165802
Benchmark Stats Training Round 38
W: 0.82, T: 0.00 (versus random)
W: 0.50, T: 0.00 (versus left)
W: 0.72, T: 0.00 (versus lvl1)
W: 0.25, T: 0.00 (versus lvl2)
Training round 38 completed in 2 minutes and 36 seconds.
Expected completion: 14:41 2020-05-18.
Training round 39 stats
Wins 0.45, Ties 0.00, Losses 0.55, Game Length 16.51 moves
Loss p1: 0.166768, Loss p2: 0.171012
Benchmark Stats Training Round 39
W: 0.84, T: 0.00 (versus random)
W: 1.00, T: 0.00 (versus left)
W: 0.70, T: 0.00 (versus lvl1)
W: 0.17, T: 0.00 (versus lvl2)
Training round 39 completed in 2 minutes and 40 seconds.
Expected completion: 14:45 2020-05-18.
Training round 40 stats
Wins 0.48, Ties 0.00, Losses 0.51, Game Length 15.98 moves
Loss p1: 0.179073, Loss p2: 0.177414
Benchmark Stats Training Round 40
W: 0.90, T: 0.00 (versus random)
W: 1.00, T: 0.00 (versus left)
W: 0.77, T: 0.00 (versus lvl1)
W: 0.26, T: 0.00 (versus lvl2)
Training round 40 completed in 2 minutes and 33 seconds.
Expected completion: 14:38 2020-05-18.
Training round 41 stats
Wins 0.53, Ties 0.00, Losses 0.47, Game Length 15.57 moves
Loss p1: 0.184314, Loss p2: 0.189251
Benchmark Stats Training Round 41
W: 0.84, T: 0.00 (versus random)
W: 1.00, T: 0.00 (versus left)
W: 0.88, T: 0.00 (versus lvl1)
W: 0.37, T: 0.02 (versus lvl2)
Training round 41 completed in 2 minutes and 30 seconds.
Expected completion: 14:35 2020-05-18.
Training round 42 stats
Wins 0.48, Ties 0.00, Losses 0.52, Game Length 16.85 moves
Loss p1: 0.167010, Loss p2: 0.174407
Benchmark Stats Training Round 42
W: 0.91, T: 0.00 (versus random)
W: 1.00, T: 0.00 (versus left)
W: 0.85, T: 0.00 (versus lvl1)
W: 0.23, T: 0.00 (versus lvl2)
Training round 42 completed in 2 minutes and 37 seconds.
Expected completion: 14:42 2020-05-18.
Training round 43 stats
Wins 0.43, Ties 0.00, Losses 0.56, Game Length 16.14 moves
Loss p1: 0.160981, Loss p2: 0.167791
Benchmark Stats Training Round 43
W: 0.91, T: 0.00 (versus random)
W: 0.50, T: 0.00 (versus left)
W: 0.84, T: 0.00 (versus lvl1)
W: 0.32, T: 0.00 (versus lvl2)
Training round 43 completed in 2 minutes and 33 seconds.
Expected completion: 14:38 2020-05-18.
Training round 44 stats
Wins 0.49, Ties 0.00, Losses 0.51, Game Length 16.76 moves
Loss p1: 0.169936, Loss p2: 0.174932
Benchmark Stats Training Round 44
W: 0.93, T: 0.00 (versus random)
W: 0.50, T: 0.00 (versus left)
W: 0.88, T: 0.00 (versus lvl1)
W: 0.37, T: 0.00 (versus lvl2)
Training round 44 completed in 2 minutes and 37 seconds.
Expected completion: 14:42 2020-05-18.
Training round 45 stats
Wins 0.47, Ties 0.00, Losses 0.53, Game Length 16.37 moves
Loss p1: 0.176241, Loss p2: 0.177070
Benchmark Stats Training Round 45
W: 0.90, T: 0.00 (versus random)
W: 1.00, T: 0.00 (versus left)
W: 0.73, T: 0.00 (versus lvl1)
W: 0.37, T: 0.00 (versus lvl2)
Training round 45 completed in 2 minutes and 39 seconds.
Expected completion: 14:44 2020-05-18.
Training round 46 stats
Wins 0.53, Ties 0.00, Losses 0.47, Game Length 17.27 moves
Loss p1: 0.180257, Loss p2: 0.177207
Benchmark Stats Training Round 46
W: 0.93, T: 0.00 (versus random)
W: 1.00, T: 0.00 (versus left)
W: 0.85, T: 0.00 (versus lvl1)
W: 0.23, T: 0.00 (versus lvl2)
Training round 46 completed in 2 minutes and 46 seconds.
Expected completion: 14:51 2020-05-18.
Training round 47 stats
Wins 0.45, Ties 0.00, Losses 0.55, Game Length 16.80 moves
Loss p1: 0.165682, Loss p2: 0.174063
Benchmark Stats Training Round 47
W: 0.90, T: 0.00 (versus random)
W: 1.00, T: 0.00 (versus left)
W: 0.72, T: 0.00 (versus lvl1)
W: 0.24, T: 0.01 (versus lvl2)
Training round 47 completed in 2 minutes and 45 seconds.
Expected completion: 14:49 2020-05-18.
Training round 48 stats
Wins 0.52, Ties 0.00, Losses 0.47, Game Length 16.73 moves
Loss p1: 0.182577, Loss p2: 0.187694
Benchmark Stats Training Round 48
W: 0.85, T: 0.00 (versus random)
W: 0.50, T: 0.00 (versus left)
W: 0.82, T: 0.00 (versus lvl1)
W: 0.33, T: 0.00 (versus lvl2)
Training round 48 completed in 2 minutes and 36 seconds.
Expected completion: 14:41 2020-05-18.
Training round 49 stats
Wins 0.43, Ties 0.00, Losses 0.57, Game Length 16.02 moves
Loss p1: 0.174800, Loss p2: 0.183806
Benchmark Stats Training Round 49
W: 0.87, T: 0.00 (versus random)
W: 0.50, T: 0.00 (versus left)
W: 0.75, T: 0.00 (versus lvl1)
W: 0.24, T: 0.02 (versus lvl2)
Training round 49 completed in 2 minutes and 32 seconds.
Expected completion: 14:38 2020-05-18.
Training round 50 stats
Wins 0.47, Ties 0.01, Losses 0.52, Game Length 17.44 moves
Loss p1: 0.175457, Loss p2: 0.172189
Benchmark Stats Training Round 50
W: 0.87, T: 0.01 (versus random)
W: 1.00, T: 0.00 (versus left)
W: 0.79, T: 0.00 (versus lvl1)
W: 0.22, T: 0.00 (versus lvl2)
Training round 50 completed in 2 minutes and 40 seconds.
Expected completion: 14:45 2020-05-18.
Training round 51 stats
Wins 0.51, Ties 0.00, Losses 0.49, Game Length 17.18 moves
Loss p1: 0.181576, Loss p2: 0.186656
Benchmark Stats Training Round 51
W: 0.86, T: 0.00 (versus random)
W: 0.50, T: 0.00 (versus left)
W: 0.73, T: 0.00 (versus lvl1)
W: 0.30, T: 0.01 (versus lvl2)
Training round 51 completed in 2 minutes and 39 seconds.
Expected completion: 14:44 2020-05-18.
Training round 52 stats
Wins 0.46, Ties 0.00, Losses 0.53, Game Length 16.58 moves
Loss p1: 0.173734, Loss p2: 0.174674
Benchmark Stats Training Round 52
W: 0.91, T: 0.02 (versus random)
W: 0.50, T: 0.00 (versus left)
W: 0.91, T: 0.00 (versus lvl1)
W: 0.38, T: 0.00 (versus lvl2)
Training round 52 completed in 2 minutes and 29 seconds.
Expected completion: 14:36 2020-05-18.
Training round 53 stats
Wins 0.48, Ties 0.00, Losses 0.52, Game Length 16.00 moves
Loss p1: 0.179794, Loss p2: 0.188787
Benchmark Stats Training Round 53
W: 0.94, T: 0.00 (versus random)
W: 1.00, T: 0.00 (versus left)
W: 0.89, T: 0.00 (versus lvl1)
W: 0.50, T: 0.00 (versus lvl2)
Training round 53 completed in 2 minutes and 26 seconds.
Expected completion: 14:33 2020-05-18.
Training round 54 stats
Wins 0.45, Ties 0.00, Losses 0.54, Game Length 16.27 moves
Loss p1: 0.181423, Loss p2: 0.192138
Benchmark Stats Training Round 54
W: 0.94, T: 0.00 (versus random)
W: 0.50, T: 0.00 (versus left)
W: 0.90, T: 0.00 (versus lvl1)
W: 0.51, T: 0.00 (versus lvl2)
Training round 54 completed in 2 minutes and 25 seconds.
Expected completion: 14:33 2020-05-18.
Training round 55 stats
Wins 0.49, Ties 0.00, Losses 0.51, Game Length 16.76 moves
Loss p1: 0.178913, Loss p2: 0.190647
Benchmark Stats Training Round 55
W: 0.95, T: 0.00 (versus random)
W: 1.00, T: 0.00 (versus left)
W: 0.86, T: 0.00 (versus lvl1)
W: 0.27, T: 0.02 (versus lvl2)
Training round 55 completed in 2 minutes and 34 seconds.
Expected completion: 14:40 2020-05-18.
Training round 56 stats
Wins 0.46, Ties 0.00, Losses 0.54, Game Length 16.63 moves
Loss p1: 0.177681, Loss p2: 0.193648
Benchmark Stats Training Round 56
W: 0.94, T: 0.00 (versus random)
W: 1.00, T: 0.00 (versus left)
W: 0.89, T: 0.00 (versus lvl1)
W: 0.38, T: 0.00 (versus lvl2)
Training round 56 completed in 2 minutes and 31 seconds.
Expected completion: 14:38 2020-05-18.
Training round 57 stats
Wins 0.46, Ties 0.00, Losses 0.53, Game Length 16.48 moves
Loss p1: 0.179385, Loss p2: 0.180777
Benchmark Stats Training Round 57
W: 0.96, T: 0.00 (versus random)
W: 0.50, T: 0.00 (versus left)
W: 0.96, T: 0.00 (versus lvl1)
W: 0.44, T: 0.02 (versus lvl2)
Training round 57 completed in 2 minutes and 30 seconds.
Expected completion: 14:36 2020-05-18.
Training round 58 stats
Wins 0.46, Ties 0.00, Losses 0.54, Game Length 16.43 moves
Loss p1: 0.174627, Loss p2: 0.194591
Benchmark Stats Training Round 58
W: 0.93, T: 0.00 (versus random)
W: 1.00, T: 0.00 (versus left)
W: 0.75, T: 0.00 (versus lvl1)
W: 0.33, T: 0.01 (versus lvl2)
Training round 58 completed in 2 minutes and 38 seconds.
Expected completion: 14:43 2020-05-18.
Training round 59 stats
Wins 0.49, Ties 0.00, Losses 0.51, Game Length 16.22 moves
Loss p1: 0.180754, Loss p2: 0.192629
Benchmark Stats Training Round 59
W: 0.96, T: 0.00 (versus random)
W: 1.00, T: 0.00 (versus left)
W: 0.83, T: 0.00 (versus lvl1)
W: 0.26, T: 0.01 (versus lvl2)
Training round 59 completed in 2 minutes and 30 seconds.
Expected completion: 14:37 2020-05-18.
Training round 60 stats
Wins 0.48, Ties 0.00, Losses 0.52, Game Length 17.05 moves
Loss p1: 0.190180, Loss p2: 0.198090
Benchmark Stats Training Round 60
W: 0.94, T: 0.00 (versus random)
W: 1.00, T: 0.00 (versus left)
W: 0.86, T: 0.00 (versus lvl1)
W: 0.39, T: 0.01 (versus lvl2)
Training round 60 completed in 2 minutes and 34 seconds.
Expected completion: 14:40 2020-05-18.
Training round 61 stats
Wins 0.47, Ties 0.00, Losses 0.53, Game Length 16.36 moves
Loss p1: 0.198749, Loss p2: 0.196794
Benchmark Stats Training Round 61
W: 0.94, T: 0.00 (versus random)
W: 1.00, T: 0.00 (versus left)
W: 0.87, T: 0.00 (versus lvl1)
W: 0.42, T: 0.01 (versus lvl2)
Training round 61 completed in 2 minutes and 29 seconds.
Expected completion: 14:36 2020-05-18.
Training round 62 stats
Wins 0.49, Ties 0.00, Losses 0.51, Game Length 16.77 moves
Loss p1: 0.188559, Loss p2: 0.180793
Benchmark Stats Training Round 62
W: 0.93, T: 0.00 (versus random)
W: 1.00, T: 0.00 (versus left)
W: 0.76, T: 0.00 (versus lvl1)
W: 0.52, T: 0.00 (versus lvl2)
Training round 62 completed in 2 minutes and 29 seconds.
Expected completion: 14:36 2020-05-18.
Training round 63 stats
Wins 0.52, Ties 0.00, Losses 0.48, Game Length 16.70 moves
Loss p1: 0.190862, Loss p2: 0.195077
Benchmark Stats Training Round 63
W: 0.96, T: 0.00 (versus random)
W: 0.50, T: 0.00 (versus left)
W: 0.93, T: 0.00 (versus lvl1)
W: 0.44, T: 0.00 (versus lvl2)
Training round 63 completed in 2 minutes and 27 seconds.
Expected completion: 14:35 2020-05-18.
Training round 64 stats
Wins 0.51, Ties 0.00, Losses 0.49, Game Length 15.82 moves
Loss p1: 0.193742, Loss p2: 0.205978
Benchmark Stats Training Round 64
W: 0.92, T: 0.00 (versus random)
W: 0.50, T: 0.00 (versus left)
W: 0.84, T: 0.00 (versus lvl1)
W: 0.32, T: 0.01 (versus lvl2)
Training round 64 completed in 2 minutes and 29 seconds.
Expected completion: 14:36 2020-05-18.
Training round 65 stats
Wins 0.50, Ties 0.00, Losses 0.49, Game Length 16.70 moves
Loss p1: 0.190556, Loss p2: 0.196342
Benchmark Stats Training Round 65
W: 0.95, T: 0.00 (versus random)
W: 0.50, T: 0.00 (versus left)
W: 0.89, T: 0.00 (versus lvl1)
W: 0.41, T: 0.01 (versus lvl2)
Training round 65 completed in 2 minutes and 39 seconds.
Expected completion: 14:42 2020-05-18.
Training round 66 stats
Wins 0.50, Ties 0.00, Losses 0.50, Game Length 16.67 moves
Loss p1: 0.200615, Loss p2: 0.193488
Benchmark Stats Training Round 66
W: 0.96, T: 0.00 (versus random)
W: 1.00, T: 0.00 (versus left)
W: 0.88, T: 0.00 (versus lvl1)
W: 0.46, T: 0.00 (versus lvl2)
Training round 66 completed in 2 minutes and 30 seconds.
Expected completion: 14:37 2020-05-18.
Training round 67 stats
Wins 0.49, Ties 0.00, Losses 0.51, Game Length 15.96 moves
Loss p1: 0.210480, Loss p2: 0.212276
Benchmark Stats Training Round 67
W: 0.94, T: 0.00 (versus random)
W: 0.50, T: 0.00 (versus left)
W: 0.82, T: 0.00 (versus lvl1)
W: 0.33, T: 0.01 (versus lvl2)
Training round 67 completed in 2 minutes and 31 seconds.
Expected completion: 14:37 2020-05-18.
Training round 68 stats
Wins 0.55, Ties 0.00, Losses 0.44, Game Length 16.17 moves
Loss p1: 0.192047, Loss p2: 0.201900
Benchmark Stats Training Round 68
W: 0.94, T: 0.00 (versus random)
W: 1.00, T: 0.00 (versus left)
W: 0.87, T: 0.00 (versus lvl1)
W: 0.28, T: 0.00 (versus lvl2)
Training round 68 completed in 2 minutes and 30 seconds.
Expected completion: 14:37 2020-05-18.
Training round 69 stats
Wins 0.50, Ties 0.00, Losses 0.50, Game Length 16.42 moves
Loss p1: 0.208657, Loss p2: 0.203631
Benchmark Stats Training Round 69
W: 0.93, T: 0.00 (versus random)
W: 1.00, T: 0.00 (versus left)
W: 0.88, T: 0.00 (versus lvl1)
W: 0.38, T: 0.01 (versus lvl2)
Training round 69 completed in 2 minutes and 32 seconds.
Expected completion: 14:38 2020-05-18.
Training round 70 stats
Wins 0.49, Ties 0.00, Losses 0.51, Game Length 16.13 moves
Loss p1: 0.197848, Loss p2: 0.202398
Benchmark Stats Training Round 70
W: 0.95, T: 0.00 (versus random)
W: 1.00, T: 0.00 (versus left)
W: 0.86, T: 0.00 (versus lvl1)
W: 0.54, T: 0.02 (versus lvl2)
Training round 70 completed in 2 minutes and 25 seconds.
Expected completion: 14:34 2020-05-18.
Training round 71 stats
Wins 0.47, Ties 0.00, Losses 0.53, Game Length 16.87 moves
Loss p1: 0.194797, Loss p2: 0.207928
Benchmark Stats Training Round 71
W: 0.97, T: 0.00 (versus random)
W: 1.00, T: 0.00 (versus left)
W: 0.95, T: 0.00 (versus lvl1)
W: 0.54, T: 0.02 (versus lvl2)
Training round 71 completed in 2 minutes and 32 seconds.
Expected completion: 14:38 2020-05-18.
Training round 72 stats
Wins 0.51, Ties 0.00, Losses 0.49, Game Length 16.96 moves
Loss p1: 0.200599, Loss p2: 0.198283
Benchmark Stats Training Round 72
W: 1.00, T: 0.00 (versus random)
W: 0.50, T: 0.00 (versus left)
W: 0.96, T: 0.00 (versus lvl1)
W: 0.50, T: 0.02 (versus lvl2)
Training round 72 completed in 2 minutes and 40 seconds.
Expected completion: 14:42 2020-05-18.
Training round 73 stats
Wins 0.50, Ties 0.00, Losses 0.50, Game Length 16.79 moves
Loss p1: 0.197521, Loss p2: 0.200757
Benchmark Stats Training Round 73
W: 0.98, T: 0.00 (versus random)
W: 1.00, T: 0.00 (versus left)
W: 0.86, T: 0.00 (versus lvl1)
W: 0.56, T: 0.00 (versus lvl2)
Training round 73 completed in 2 minutes and 30 seconds.
Expected completion: 14:37 2020-05-18.
Training round 74 stats
Wins 0.51, Ties 0.01, Losses 0.48, Game Length 17.07 moves
Loss p1: 0.204628, Loss p2: 0.200082
Benchmark Stats Training Round 74
W: 0.94, T: 0.00 (versus random)
W: 0.50, T: 0.00 (versus left)
W: 0.86, T: 0.00 (versus lvl1)
W: 0.46, T: 0.00 (versus lvl2)
Training round 74 completed in 2 minutes and 34 seconds.
Expected completion: 14:39 2020-05-18.
Training round 75 stats
Wins 0.47, Ties 0.00, Losses 0.53, Game Length 15.90 moves
Loss p1: 0.213203, Loss p2: 0.206109
Benchmark Stats Training Round 75
W: 0.94, T: 0.00 (versus random)
W: 0.00, T: 0.00 (versus left)
W: 0.94, T: 0.00 (versus lvl1)
W: 0.45, T: 0.00 (versus lvl2)
Training round 75 completed in 2 minutes and 30 seconds.
Expected completion: 14:37 2020-05-18.
Training round 76 stats
Wins 0.47, Ties 0.00, Losses 0.53, Game Length 16.77 moves
Loss p1: 0.193686, Loss p2: 0.213981
Benchmark Stats Training Round 76
W: 0.96, T: 0.00 (versus random)
W: 1.00, T: 0.00 (versus left)
W: 0.87, T: 0.00 (versus lvl1)
W: 0.49, T: 0.00 (versus lvl2)
Training round 76 completed in 2 minutes and 32 seconds.
Expected completion: 14:38 2020-05-18.
Training round 77 stats
Wins 0.48, Ties 0.00, Losses 0.51, Game Length 16.42 moves
Loss p1: 0.202487, Loss p2: 0.207207
Benchmark Stats Training Round 77
W: 0.98, T: 0.00 (versus random)
W: 1.00, T: 0.00 (versus left)
W: 0.89, T: 0.00 (versus lvl1)
W: 0.46, T: 0.01 (versus lvl2)
Training round 77 completed in 2 minutes and 33 seconds.
Expected completion: 14:38 2020-05-18.
Training round 78 stats
Wins 0.47, Ties 0.00, Losses 0.53, Game Length 16.93 moves
Loss p1: 0.212464, Loss p2: 0.209450
Benchmark Stats Training Round 78
W: 0.95, T: 0.00 (versus random)
W: 0.50, T: 0.00 (versus left)
W: 0.86, T: 0.01 (versus lvl1)
W: 0.38, T: 0.00 (versus lvl2)
Training round 78 completed in 2 minutes and 52 seconds.
Expected completion: 14:46 2020-05-18.
Training round 79 stats
Wins 0.46, Ties 0.00, Losses 0.53, Game Length 16.92 moves
Loss p1: 0.202409, Loss p2: 0.209733
Benchmark Stats Training Round 79
W: 0.97, T: 0.00 (versus random)
W: 0.50, T: 0.00 (versus left)
W: 0.91, T: 0.00 (versus lvl1)
W: 0.53, T: 0.01 (versus lvl2)
Training round 79 completed in 2 minutes and 39 seconds.
Expected completion: 14:41 2020-05-18.
Training round 80 stats
Wins 0.50, Ties 0.00, Losses 0.50, Game Length 17.07 moves
Loss p1: 0.205993, Loss p2: 0.199965
Benchmark Stats Training Round 80
W: 0.98, T: 0.00 (versus random)
W: 1.00, T: 0.00 (versus left)
W: 0.88, T: 0.00 (versus lvl1)
W: 0.53, T: 0.01 (versus lvl2)
Training round 80 completed in 2 minutes and 43 seconds.
Expected completion: 14:42 2020-05-18.
Training round 81 stats
Wins 0.52, Ties 0.00, Losses 0.48, Game Length 15.65 moves
Loss p1: 0.212759, Loss p2: 0.212791
Benchmark Stats Training Round 81
W: 0.95, T: 0.00 (versus random)
W: 0.50, T: 0.00 (versus left)
W: 0.91, T: 0.00 (versus lvl1)
W: 0.66, T: 0.00 (versus lvl2)
Training round 81 completed in 2 minutes and 24 seconds.
Expected completion: 14:36 2020-05-18.
Training round 82 stats
Wins 0.50, Ties 0.00, Losses 0.50, Game Length 16.58 moves
Loss p1: 0.198362, Loss p2: 0.198961
Benchmark Stats Training Round 82
W: 0.96, T: 0.00 (versus random)
W: 0.50, T: 0.00 (versus left)
W: 0.84, T: 0.00 (versus lvl1)
W: 0.45, T: 0.00 (versus lvl2)
Training round 82 completed in 2 minutes and 34 seconds.
Expected completion: 14:39 2020-05-18.
Training round 83 stats
Wins 0.49, Ties 0.00, Losses 0.51, Game Length 16.75 moves
Loss p1: 0.207544, Loss p2: 0.201359
Benchmark Stats Training Round 83
W: 0.99, T: 0.00 (versus random)
W: 1.00, T: 0.00 (versus left)
W: 0.91, T: 0.00 (versus lvl1)
W: 0.57, T: 0.00 (versus lvl2)
Training round 83 completed in 2 minutes and 38 seconds.
Expected completion: 14:40 2020-05-18.
Training round 84 stats
Wins 0.47, Ties 0.00, Losses 0.53, Game Length 17.89 moves
Loss p1: 0.199238, Loss p2: 0.198819
Benchmark Stats Training Round 84
W: 0.97, T: 0.00 (versus random)
W: 1.00, T: 0.00 (versus left)
W: 0.91, T: 0.00 (versus lvl1)
W: 0.48, T: 0.02 (versus lvl2)
Training round 84 completed in 2 minutes and 41 seconds.
Expected completion: 14:41 2020-05-18.
Training round 85 stats
Wins 0.52, Ties 0.00, Losses 0.48, Game Length 16.65 moves
Loss p1: 0.214514, Loss p2: 0.213942
Benchmark Stats Training Round 85
W: 0.98, T: 0.00 (versus random)
W: 1.00, T: 0.00 (versus left)
W: 0.92, T: 0.00 (versus lvl1)
W: 0.50, T: 0.02 (versus lvl2)
Training round 85 completed in 2 minutes and 30 seconds.
Expected completion: 14:38 2020-05-18.
Training round 86 stats
Wins 0.51, Ties 0.00, Losses 0.49, Game Length 16.64 moves
Loss p1: 0.213401, Loss p2: 0.222223
Benchmark Stats Training Round 86
W: 0.96, T: 0.00 (versus random)
W: 0.50, T: 0.00 (versus left)
W: 0.90, T: 0.00 (versus lvl1)
W: 0.60, T: 0.01 (versus lvl2)
Training round 86 completed in 2 minutes and 31 seconds.
Expected completion: 14:38 2020-05-18.
Training round 87 stats
Wins 0.50, Ties 0.00, Losses 0.49, Game Length 16.74 moves
Loss p1: 0.216942, Loss p2: 0.221715
Benchmark Stats Training Round 87
W: 0.95, T: 0.00 (versus random)
W: 1.00, T: 0.00 (versus left)
W: 0.87, T: 0.00 (versus lvl1)
W: 0.52, T: 0.03 (versus lvl2)
Training round 87 completed in 2 minutes and 37 seconds.
Expected completion: 14:40 2020-05-18.
Training round 88 stats
Wins 0.53, Ties 0.00, Losses 0.47, Game Length 16.62 moves
Loss p1: 0.217196, Loss p2: 0.211365
Benchmark Stats Training Round 88
W: 0.98, T: 0.00 (versus random)
W: 1.00, T: 0.00 (versus left)
W: 0.93, T: 0.00 (versus lvl1)
W: 0.50, T: 0.01 (versus lvl2)
Training round 88 completed in 2 minutes and 32 seconds.
Expected completion: 14:39 2020-05-18.
Training round 89 stats
Wins 0.51, Ties 0.00, Losses 0.49, Game Length 17.14 moves
Loss p1: 0.217178, Loss p2: 0.217358
Benchmark Stats Training Round 89
W: 0.95, T: 0.00 (versus random)
W: 0.50, T: 0.00 (versus left)
W: 0.93, T: 0.00 (versus lvl1)
W: 0.65, T: 0.00 (versus lvl2)
Training round 89 completed in 2 minutes and 30 seconds.
Expected completion: 14:38 2020-05-18.
Training round 90 stats
Wins 0.56, Ties 0.00, Losses 0.44, Game Length 17.02 moves
Loss p1: 0.212055, Loss p2: 0.207556
Benchmark Stats Training Round 90
W: 1.00, T: 0.00 (versus random)
W: 1.00, T: 0.00 (versus left)
W: 0.92, T: 0.00 (versus lvl1)
W: 0.48, T: 0.01 (versus lvl2)
Training round 90 completed in 2 minutes and 32 seconds.
Expected completion: 14:39 2020-05-18.
Training round 91 stats
Wins 0.50, Ties 0.00, Losses 0.50, Game Length 17.96 moves
Loss p1: 0.214615, Loss p2: 0.223260
Benchmark Stats Training Round 91
W: 0.98, T: 0.00 (versus random)
W: 0.50, T: 0.00 (versus left)
W: 0.91, T: 0.00 (versus lvl1)
W: 0.58, T: 0.00 (versus lvl2)
Training round 91 completed in 2 minutes and 37 seconds.
Expected completion: 14:40 2020-05-18.
Training round 92 stats
Wins 0.54, Ties 0.00, Losses 0.46, Game Length 17.04 moves
Loss p1: 0.217180, Loss p2: 0.211151
Benchmark Stats Training Round 92
W: 0.99, T: 0.00 (versus random)
W: 1.00, T: 0.00 (versus left)
W: 0.87, T: 0.00 (versus lvl1)
W: 0.55, T: 0.02 (versus lvl2)
Training round 92 completed in 2 minutes and 32 seconds.
Expected completion: 14:39 2020-05-18.
Training round 93 stats
Wins 0.51, Ties 0.01, Losses 0.49, Game Length 16.99 moves
Loss p1: 0.204433, Loss p2: 0.207689
Benchmark Stats Training Round 93
W: 0.98, T: 0.00 (versus random)
W: 1.00, T: 0.00 (versus left)
W: 0.90, T: 0.00 (versus lvl1)
W: 0.47, T: 0.00 (versus lvl2)
Training round 93 completed in 2 minutes and 35 seconds.
Expected completion: 14:39 2020-05-18.
Training round 94 stats
Wins 0.50, Ties 0.00, Losses 0.49, Game Length 17.68 moves
Loss p1: 0.216690, Loss p2: 0.208824
Benchmark Stats Training Round 94
W: 0.95, T: 0.00 (versus random)
W: 1.00, T: 0.00 (versus left)
W: 0.87, T: 0.00 (versus lvl1)
W: 0.41, T: 0.01 (versus lvl2)
Training round 94 completed in 2 minutes and 43 seconds.
Expected completion: 14:40 2020-05-18.
Training round 95 stats
Wins 0.48, Ties 0.00, Losses 0.52, Game Length 17.11 moves
Loss p1: 0.211440, Loss p2: 0.223851
Benchmark Stats Training Round 95
W: 1.00, T: 0.00 (versus random)
W: 0.50, T: 0.00 (versus left)
W: 0.88, T: 0.00 (versus lvl1)
W: 0.46, T: 0.01 (versus lvl2)
Training round 95 completed in 2 minutes and 32 seconds.
Expected completion: 14:39 2020-05-18.
Training round 96 stats
Wins 0.45, Ties 0.00, Losses 0.55, Game Length 17.28 moves
Loss p1: 0.220695, Loss p2: 0.215496
Benchmark Stats Training Round 96
W: 0.98, T: 0.00 (versus random)
W: 0.50, T: 0.00 (versus left)
W: 0.92, T: 0.00 (versus lvl1)
W: 0.43, T: 0.00 (versus lvl2)
Training round 96 completed in 2 minutes and 36 seconds.
Expected completion: 14:39 2020-05-18.
Training round 97 stats
Wins 0.46, Ties 0.00, Losses 0.54, Game Length 17.01 moves
Loss p1: 0.213532, Loss p2: 0.219879
Benchmark Stats Training Round 97
W: 0.97, T: 0.00 (versus random)
W: 1.00, T: 0.00 (versus left)
W: 0.85, T: 0.00 (versus lvl1)
W: 0.48, T: 0.01 (versus lvl2)
Training round 97 completed in 2 minutes and 39 seconds.
Expected completion: 14:40 2020-05-18.
Training round 98 stats
Wins 0.50, Ties 0.00, Losses 0.50, Game Length 17.50 moves
Loss p1: 0.223886, Loss p2: 0.213546
Benchmark Stats Training Round 98
W: 0.97, T: 0.00 (versus random)
W: 1.00, T: 0.00 (versus left)
W: 0.91, T: 0.00 (versus lvl1)
W: 0.45, T: 0.01 (versus lvl2)
Training round 98 completed in 2 minutes and 43 seconds.
Expected completion: 14:40 2020-05-18.
Training round 99 stats
Wins 0.50, Ties 0.00, Losses 0.50, Game Length 17.71 moves
Loss p1: 0.203824, Loss p2: 0.206611
Benchmark Stats Training Round 99
W: 0.94, T: 0.00 (versus random)
W: 1.00, T: 0.00 (versus left)
W: 0.88, T: 0.01 (versus lvl1)
W: 0.43, T: 0.01 (versus lvl2)
Training round 99 completed in 2 minutes and 46 seconds.
Expected completion: 14:40 2020-05-18.
Training round 100 stats
Wins 0.44, Ties 0.01, Losses 0.55, Game Length 17.33 moves
Loss p1: 0.218256, Loss p2: 0.229152
Benchmark Stats Training Round 100
W: 0.96, T: 0.00 (versus random)
W: 1.00, T: 0.00 (versus left)
W: 0.89, T: 0.00 (versus lvl1)
W: 0.30, T: 0.01 (versus lvl2)
Training round 100 completed in 2 minutes and 40 seconds.
Expected completion: 14:40 2020-05-18.
