Training Neural Net on Connect 4
  self_play_batch_size: 1000
  benchmark_batch_size: 100
  training_rounds: 100
  memory_size: 1000
  network: A
  exploration: Boltzmann
  loss: MSE
  encoding: integer
  optimizer: Adam
  experience: yes

Benchmark Stats Training Round 0
W: 0.30, T: 0.00 (versus random)
W: 0.00, T: 0.00 (versus left)
W: 0.16, T: 0.00 (versus lvl1)
W: 0.01, T: 0.00 (versus lvl2)
Training round 1 stats
Wins 0.53, Ties 0.00, Losses 0.47, Game Length 19.88 moves
Loss p1: 0.139951, Loss p2: 0.137836
Benchmark Stats Training Round 1
W: 0.81, T: 0.00 (versus random)
W: 0.50, T: 0.00 (versus left)
W: 0.63, T: 0.00 (versus lvl1)
W: 0.23, T: 0.00 (versus lvl2)
Training round 1 completed in 2 minutes and 23 seconds.
Expected completion: 23:21 2020-05-18.
Training round 2 stats
Wins 0.53, Ties 0.00, Losses 0.47, Game Length 19.53 moves
Loss p1: 0.115435, Loss p2: 0.115240
Benchmark Stats Training Round 2
W: 0.71, T: 0.00 (versus random)
W: 0.50, T: 0.00 (versus left)
W: 0.56, T: 0.00 (versus lvl1)
W: 0.14, T: 0.00 (versus lvl2)
Training round 2 completed in 3 minutes and 35 seconds.
Expected completion: 01:19 2020-05-19.
Training round 3 stats
Wins 0.52, Ties 0.00, Losses 0.48, Game Length 19.48 moves
Loss p1: 0.119059, Loss p2: 0.116232
Benchmark Stats Training Round 3
W: 0.84, T: 0.00 (versus random)
W: 0.50, T: 0.00 (versus left)
W: 0.64, T: 0.00 (versus lvl1)
W: 0.29, T: 0.00 (versus lvl2)
Training round 3 completed in 3 minutes and 47 seconds.
Expected completion: 01:39 2020-05-19.
Training round 4 stats
Wins 0.53, Ties 0.00, Losses 0.47, Game Length 19.43 moves
Loss p1: 0.114808, Loss p2: 0.118127
Benchmark Stats Training Round 4
W: 0.82, T: 0.00 (versus random)
W: 0.50, T: 0.00 (versus left)
W: 0.73, T: 0.00 (versus lvl1)
W: 0.32, T: 0.01 (versus lvl2)
Training round 4 completed in 3 minutes and 41 seconds.
Expected completion: 01:28 2020-05-19.
Training round 5 stats
Wins 0.48, Ties 0.00, Losses 0.52, Game Length 18.90 moves
Loss p1: 0.128657, Loss p2: 0.123544
Benchmark Stats Training Round 5
W: 0.78, T: 0.00 (versus random)
W: 0.50, T: 0.00 (versus left)
W: 0.71, T: 0.00 (versus lvl1)
W: 0.30, T: 0.00 (versus lvl2)
Training round 5 completed in 3 minutes and 40 seconds.
Expected completion: 01:27 2020-05-19.
Training round 6 stats
Wins 0.47, Ties 0.00, Losses 0.53, Game Length 19.01 moves
Loss p1: 0.129692, Loss p2: 0.123211
Benchmark Stats Training Round 6
W: 0.89, T: 0.00 (versus random)
W: 1.00, T: 0.00 (versus left)
W: 0.71, T: 0.00 (versus lvl1)
W: 0.22, T: 0.00 (versus lvl2)
Training round 6 completed in 3 minutes and 40 seconds.
Expected completion: 01:27 2020-05-19.
Training round 7 stats
Wins 0.49, Ties 0.00, Losses 0.51, Game Length 19.17 moves
Loss p1: 0.128740, Loss p2: 0.134298
Benchmark Stats Training Round 7
W: 0.85, T: 0.00 (versus random)
W: 0.00, T: 0.00 (versus left)
W: 0.71, T: 0.00 (versus lvl1)
W: 0.28, T: 0.00 (versus lvl2)
Training round 7 completed in 3 minutes and 46 seconds.
Expected completion: 01:36 2020-05-19.
Training round 8 stats
Wins 0.49, Ties 0.00, Losses 0.50, Game Length 19.46 moves
Loss p1: 0.130957, Loss p2: 0.141630
Benchmark Stats Training Round 8
W: 0.83, T: 0.00 (versus random)
W: 0.50, T: 0.00 (versus left)
W: 0.58, T: 0.00 (versus lvl1)
W: 0.32, T: 0.00 (versus lvl2)
Training round 8 completed in 3 minutes and 41 seconds.
Expected completion: 01:29 2020-05-19.
Training round 9 stats
Wins 0.47, Ties 0.00, Losses 0.53, Game Length 18.97 moves
Loss p1: 0.130864, Loss p2: 0.143411
Benchmark Stats Training Round 9
W: 0.85, T: 0.00 (versus random)
W: 0.50, T: 0.00 (versus left)
W: 0.58, T: 0.00 (versus lvl1)
W: 0.07, T: 0.00 (versus lvl2)
Training round 9 completed in 3 minutes and 40 seconds.
Expected completion: 01:28 2020-05-19.
Training round 10 stats
Wins 0.50, Ties 0.00, Losses 0.50, Game Length 19.10 moves
Loss p1: 0.132120, Loss p2: 0.147880
Benchmark Stats Training Round 10
W: 0.78, T: 0.00 (versus random)
W: 0.50, T: 0.00 (versus left)
W: 0.62, T: 0.00 (versus lvl1)
W: 0.25, T: 0.03 (versus lvl2)
Training round 10 completed in 3 minutes and 50 seconds.
Expected completion: 01:42 2020-05-19.
Training round 11 stats
Wins 0.49, Ties 0.00, Losses 0.51, Game Length 19.34 moves
Loss p1: 0.144740, Loss p2: 0.149013
Benchmark Stats Training Round 11
W: 0.86, T: 0.00 (versus random)
W: 0.50, T: 0.00 (versus left)
W: 0.72, T: 0.00 (versus lvl1)
W: 0.25, T: 0.01 (versus lvl2)
Training round 11 completed in 3 minutes and 45 seconds.
Expected completion: 01:36 2020-05-19.
Training round 12 stats
Wins 0.47, Ties 0.00, Losses 0.53, Game Length 19.30 moves
Loss p1: 0.130549, Loss p2: 0.150213
Benchmark Stats Training Round 12
W: 0.84, T: 0.00 (versus random)
W: 0.00, T: 0.00 (versus left)
W: 0.62, T: 0.00 (versus lvl1)
W: 0.24, T: 0.01 (versus lvl2)
Training round 12 completed in 3 minutes and 44 seconds.
Expected completion: 01:34 2020-05-19.
Training round 13 stats
Wins 0.49, Ties 0.00, Losses 0.51, Game Length 19.43 moves
Loss p1: 0.137252, Loss p2: 0.139474
Benchmark Stats Training Round 13
W: 0.73, T: 0.00 (versus random)
W: 1.00, T: 0.00 (versus left)
W: 0.56, T: 0.00 (versus lvl1)
W: 0.24, T: 0.01 (versus lvl2)
Training round 13 completed in 3 minutes and 52 seconds.
Expected completion: 01:46 2020-05-19.
Training round 14 stats
Wins 0.50, Ties 0.00, Losses 0.50, Game Length 19.35 moves
Loss p1: 0.141290, Loss p2: 0.143349
Benchmark Stats Training Round 14
W: 0.67, T: 0.01 (versus random)
W: 0.00, T: 0.00 (versus left)
W: 0.57, T: 0.00 (versus lvl1)
W: 0.11, T: 0.00 (versus lvl2)
Training round 14 completed in 3 minutes and 53 seconds.
Expected completion: 01:46 2020-05-19.
Training round 15 stats
Wins 0.53, Ties 0.00, Losses 0.46, Game Length 19.51 moves
Loss p1: 0.135516, Loss p2: 0.147080
Benchmark Stats Training Round 15
W: 0.69, T: 0.00 (versus random)
W: 0.00, T: 0.00 (versus left)
W: 0.53, T: 0.00 (versus lvl1)
W: 0.10, T: 0.00 (versus lvl2)
Training round 15 completed in 3 minutes and 55 seconds.
Expected completion: 01:49 2020-05-19.
Training round 16 stats
Wins 0.49, Ties 0.01, Losses 0.50, Game Length 19.45 moves
Loss p1: 0.141289, Loss p2: 0.151204
Benchmark Stats Training Round 16
W: 0.81, T: 0.00 (versus random)
W: 0.50, T: 0.00 (versus left)
W: 0.52, T: 0.00 (versus lvl1)
W: 0.25, T: 0.00 (versus lvl2)
Training round 16 completed in 3 minutes and 46 seconds.
Expected completion: 01:37 2020-05-19.
Training round 17 stats
Wins 0.48, Ties 0.01, Losses 0.52, Game Length 18.98 moves
Loss p1: 0.145461, Loss p2: 0.142025
Benchmark Stats Training Round 17
W: 0.82, T: 0.00 (versus random)
W: 0.50, T: 0.00 (versus left)
W: 0.76, T: 0.00 (versus lvl1)
W: 0.13, T: 0.01 (versus lvl2)
Training round 17 completed in 3 minutes and 44 seconds.
Expected completion: 01:34 2020-05-19.
Training round 18 stats
Wins 0.47, Ties 0.00, Losses 0.53, Game Length 19.75 moves
Loss p1: 0.141271, Loss p2: 0.144313
Benchmark Stats Training Round 18
W: 0.65, T: 0.00 (versus random)
W: 0.50, T: 0.00 (versus left)
W: 0.51, T: 0.00 (versus lvl1)
W: 0.13, T: 0.00 (versus lvl2)
Training round 18 completed in 3 minutes and 54 seconds.
Expected completion: 01:48 2020-05-19.
Training round 19 stats
Wins 0.54, Ties 0.01, Losses 0.46, Game Length 19.19 moves
Loss p1: 0.148085, Loss p2: 0.151184
Benchmark Stats Training Round 19
W: 0.82, T: 0.00 (versus random)
W: 0.00, T: 0.00 (versus left)
W: 0.64, T: 0.01 (versus lvl1)
W: 0.17, T: 0.00 (versus lvl2)
Training round 19 completed in 3 minutes and 50 seconds.
Expected completion: 01:42 2020-05-19.
Training round 20 stats
Wins 0.53, Ties 0.00, Losses 0.47, Game Length 19.18 moves
Loss p1: 0.142623, Loss p2: 0.143322
Benchmark Stats Training Round 20
W: 0.80, T: 0.00 (versus random)
W: 0.00, T: 0.00 (versus left)
W: 0.71, T: 0.00 (versus lvl1)
W: 0.19, T: 0.00 (versus lvl2)
Training round 20 completed in 3 minutes and 46 seconds.
Expected completion: 01:38 2020-05-19.
Training round 21 stats
Wins 0.51, Ties 0.00, Losses 0.48, Game Length 19.49 moves
Loss p1: 0.147830, Loss p2: 0.147926
Benchmark Stats Training Round 21
W: 0.87, T: 0.00 (versus random)
W: 0.00, T: 0.00 (versus left)
W: 0.69, T: 0.00 (versus lvl1)
W: 0.20, T: 0.00 (versus lvl2)
Training round 21 completed in 3 minutes and 48 seconds.
Expected completion: 01:40 2020-05-19.
Training round 22 stats
Wins 0.50, Ties 0.00, Losses 0.49, Game Length 19.92 moves
Loss p1: 0.145860, Loss p2: 0.149791
Benchmark Stats Training Round 22
W: 0.89, T: 0.00 (versus random)
W: 0.00, T: 0.00 (versus left)
W: 0.73, T: 0.00 (versus lvl1)
W: 0.16, T: 0.01 (versus lvl2)
Training round 22 completed in 3 minutes and 55 seconds.
Expected completion: 01:49 2020-05-19.
Training round 23 stats
Wins 0.49, Ties 0.00, Losses 0.51, Game Length 19.51 moves
Loss p1: 0.148954, Loss p2: 0.153467
Benchmark Stats Training Round 23
W: 0.80, T: 0.00 (versus random)
W: 0.50, T: 0.00 (versus left)
W: 0.68, T: 0.00 (versus lvl1)
W: 0.25, T: 0.00 (versus lvl2)
Training round 23 completed in 3 minutes and 49 seconds.
Expected completion: 01:42 2020-05-19.
Training round 24 stats
Wins 0.52, Ties 0.00, Losses 0.48, Game Length 19.48 moves
Loss p1: 0.147469, Loss p2: 0.155493
Benchmark Stats Training Round 24
W: 0.84, T: 0.00 (versus random)
W: 0.50, T: 0.00 (versus left)
W: 0.64, T: 0.00 (versus lvl1)
W: 0.29, T: 0.00 (versus lvl2)
Training round 24 completed in 3 minutes and 43 seconds.
Expected completion: 01:33 2020-05-19.
Training round 25 stats
Wins 0.53, Ties 0.00, Losses 0.47, Game Length 19.42 moves
Loss p1: 0.143065, Loss p2: 0.151268
Benchmark Stats Training Round 25
W: 0.92, T: 0.00 (versus random)
W: 0.00, T: 0.00 (versus left)
W: 0.80, T: 0.00 (versus lvl1)
W: 0.29, T: 0.00 (versus lvl2)
Training round 25 completed in 3 minutes and 42 seconds.
Expected completion: 01:33 2020-05-19.
Training round 26 stats
Wins 0.51, Ties 0.00, Losses 0.49, Game Length 19.16 moves
Loss p1: 0.159217, Loss p2: 0.163132
Benchmark Stats Training Round 26
W: 0.75, T: 0.01 (versus random)
W: 0.00, T: 0.00 (versus left)
W: 0.64, T: 0.00 (versus lvl1)
W: 0.13, T: 0.01 (versus lvl2)
Training round 26 completed in 3 minutes and 51 seconds.
Expected completion: 01:44 2020-05-19.
Training round 27 stats
Wins 0.49, Ties 0.00, Losses 0.50, Game Length 18.96 moves
Loss p1: 0.158197, Loss p2: 0.159758
Benchmark Stats Training Round 27
W: 0.76, T: 0.00 (versus random)
W: 0.00, T: 0.00 (versus left)
W: 0.67, T: 0.00 (versus lvl1)
W: 0.15, T: 0.00 (versus lvl2)
Training round 27 completed in 3 minutes and 47 seconds.
Expected completion: 01:38 2020-05-19.
Training round 28 stats
Wins 0.51, Ties 0.00, Losses 0.49, Game Length 19.12 moves
Loss p1: 0.167822, Loss p2: 0.155045
Benchmark Stats Training Round 28
W: 0.88, T: 0.00 (versus random)
W: 0.50, T: 0.00 (versus left)
W: 0.66, T: 0.00 (versus lvl1)
W: 0.30, T: 0.01 (versus lvl2)
Training round 28 completed in 3 minutes and 47 seconds.
Expected completion: 01:39 2020-05-19.
Training round 29 stats
Wins 0.54, Ties 0.00, Losses 0.46, Game Length 19.51 moves
Loss p1: 0.164784, Loss p2: 0.158892
Benchmark Stats Training Round 29
W: 0.70, T: 0.01 (versus random)
W: 0.00, T: 0.00 (versus left)
W: 0.55, T: 0.00 (versus lvl1)
W: 0.06, T: 0.00 (versus lvl2)
Training round 29 completed in 3 minutes and 48 seconds.
Expected completion: 01:40 2020-05-19.
Training round 30 stats
Wins 0.50, Ties 0.00, Losses 0.50, Game Length 19.77 moves
Loss p1: 0.163235, Loss p2: 0.155522
Benchmark Stats Training Round 30
W: 0.72, T: 0.00 (versus random)
W: 1.00, T: 0.00 (versus left)
W: 0.60, T: 0.00 (versus lvl1)
W: 0.08, T: 0.00 (versus lvl2)
Training round 30 completed in 3 minutes and 51 seconds.
Expected completion: 01:43 2020-05-19.
Training round 31 stats
Wins 0.52, Ties 0.00, Losses 0.48, Game Length 19.41 moves
Loss p1: 0.162778, Loss p2: 0.159453
Benchmark Stats Training Round 31
W: 0.79, T: 0.00 (versus random)
W: 0.00, T: 0.00 (versus left)
W: 0.67, T: 0.00 (versus lvl1)
W: 0.13, T: 0.00 (versus lvl2)
Training round 31 completed in 3 minutes and 48 seconds.
Expected completion: 01:40 2020-05-19.
Training round 32 stats
Wins 0.51, Ties 0.00, Losses 0.49, Game Length 19.52 moves
Loss p1: 0.164996, Loss p2: 0.165184
Benchmark Stats Training Round 32
W: 0.81, T: 0.00 (versus random)
W: 0.50, T: 0.00 (versus left)
W: 0.56, T: 0.00 (versus lvl1)
W: 0.29, T: 0.00 (versus lvl2)
Training round 32 completed in 3 minutes and 46 seconds.
Expected completion: 01:38 2020-05-19.
Training round 33 stats
Wins 0.47, Ties 0.00, Losses 0.52, Game Length 19.02 moves
Loss p1: 0.177505, Loss p2: 0.155789
Benchmark Stats Training Round 33
W: 0.85, T: 0.00 (versus random)
W: 0.50, T: 0.00 (versus left)
W: 0.56, T: 0.00 (versus lvl1)
W: 0.18, T: 0.00 (versus lvl2)
Training round 33 completed in 3 minutes and 44 seconds.
Expected completion: 01:36 2020-05-19.
Training round 34 stats
Wins 0.50, Ties 0.00, Losses 0.50, Game Length 19.66 moves
Loss p1: 0.173303, Loss p2: 0.158447
Benchmark Stats Training Round 34
W: 0.77, T: 0.01 (versus random)
W: 0.00, T: 0.00 (versus left)
W: 0.56, T: 0.00 (versus lvl1)
W: 0.21, T: 0.02 (versus lvl2)
Training round 34 completed in 3 minutes and 49 seconds.
Expected completion: 01:41 2020-05-19.
Training round 35 stats
Wins 0.49, Ties 0.00, Losses 0.51, Game Length 19.57 moves
Loss p1: 0.171923, Loss p2: 0.162737
Benchmark Stats Training Round 35
W: 0.78, T: 0.00 (versus random)
W: 0.50, T: 0.00 (versus left)
W: 0.51, T: 0.00 (versus lvl1)
W: 0.11, T: 0.00 (versus lvl2)
Training round 35 completed in 3 minutes and 47 seconds.
Expected completion: 01:39 2020-05-19.
Training round 36 stats
Wins 0.46, Ties 0.01, Losses 0.53, Game Length 19.42 moves
Loss p1: 0.170518, Loss p2: 0.158092
Benchmark Stats Training Round 36
W: 0.86, T: 0.00 (versus random)
W: 0.50, T: 0.00 (versus left)
W: 0.76, T: 0.00 (versus lvl1)
W: 0.27, T: 0.00 (versus lvl2)
Training round 36 completed in 3 minutes and 45 seconds.
Expected completion: 01:36 2020-05-19.
Training round 37 stats
Wins 0.52, Ties 0.00, Losses 0.48, Game Length 19.75 moves
Loss p1: 0.172386, Loss p2: 0.161561
Benchmark Stats Training Round 37
W: 0.86, T: 0.00 (versus random)
W: 0.50, T: 0.00 (versus left)
W: 0.62, T: 0.00 (versus lvl1)
W: 0.23, T: 0.00 (versus lvl2)
Training round 37 completed in 3 minutes and 50 seconds.
Expected completion: 01:42 2020-05-19.
Training round 38 stats
Wins 0.51, Ties 0.00, Losses 0.48, Game Length 19.43 moves
Loss p1: 0.173200, Loss p2: 0.164334
Benchmark Stats Training Round 38
W: 0.84, T: 0.00 (versus random)
W: 0.50, T: 0.00 (versus left)
W: 0.65, T: 0.00 (versus lvl1)
W: 0.27, T: 0.00 (versus lvl2)
Training round 38 completed in 3 minutes and 45 seconds.
Expected completion: 01:36 2020-05-19.
Training round 39 stats
Wins 0.52, Ties 0.01, Losses 0.48, Game Length 19.25 moves
Loss p1: 0.168323, Loss p2: 0.160369
Benchmark Stats Training Round 39
W: 0.90, T: 0.00 (versus random)
W: 0.00, T: 0.00 (versus left)
W: 0.75, T: 0.00 (versus lvl1)
W: 0.22, T: 0.00 (versus lvl2)
Training round 39 completed in 3 minutes and 36 seconds.
Expected completion: 01:28 2020-05-19.
Training round 40 stats
Wins 0.49, Ties 0.00, Losses 0.51, Game Length 19.45 moves
Loss p1: 0.160835, Loss p2: 0.165499
Benchmark Stats Training Round 40
W: 0.89, T: 0.00 (versus random)
W: 0.50, T: 0.00 (versus left)
W: 0.71, T: 0.00 (versus lvl1)
W: 0.32, T: 0.00 (versus lvl2)
Training round 40 completed in 3 minutes and 49 seconds.
Expected completion: 01:40 2020-05-19.
Training round 41 stats
Wins 0.49, Ties 0.00, Losses 0.50, Game Length 19.37 moves
Loss p1: 0.166818, Loss p2: 0.163159
Benchmark Stats Training Round 41
W: 0.77, T: 0.01 (versus random)
W: 0.50, T: 0.00 (versus left)
W: 0.51, T: 0.01 (versus lvl1)
W: 0.20, T: 0.00 (versus lvl2)
Training round 41 completed in 3 minutes and 46 seconds.
Expected completion: 01:37 2020-05-19.
Training round 42 stats
Wins 0.46, Ties 0.00, Losses 0.53, Game Length 19.47 moves
Loss p1: 0.174964, Loss p2: 0.169772
Benchmark Stats Training Round 42
W: 0.79, T: 0.00 (versus random)
W: 0.00, T: 0.00 (versus left)
W: 0.54, T: 0.00 (versus lvl1)
W: 0.27, T: 0.01 (versus lvl2)
Training round 42 completed in 3 minutes and 46 seconds.
Expected completion: 01:38 2020-05-19.
Training round 43 stats
Wins 0.48, Ties 0.00, Losses 0.52, Game Length 19.42 moves
Loss p1: 0.171035, Loss p2: 0.169828
Benchmark Stats Training Round 43
W: 0.78, T: 0.00 (versus random)
W: 0.00, T: 0.00 (versus left)
W: 0.72, T: 0.00 (versus lvl1)
W: 0.19, T: 0.00 (versus lvl2)
Training round 43 completed in 3 minutes and 42 seconds.
Expected completion: 01:34 2020-05-19.
Training round 44 stats
Wins 0.52, Ties 0.00, Losses 0.48, Game Length 19.06 moves
Loss p1: 0.174389, Loss p2: 0.161983
Benchmark Stats Training Round 44
W: 0.91, T: 0.00 (versus random)
W: 0.50, T: 0.00 (versus left)
W: 0.74, T: 0.01 (versus lvl1)
W: 0.25, T: 0.00 (versus lvl2)
Training round 44 completed in 3 minutes and 44 seconds.
Expected completion: 01:35 2020-05-19.
Training round 45 stats
Wins 0.52, Ties 0.00, Losses 0.48, Game Length 19.24 moves
Loss p1: 0.168435, Loss p2: 0.171751
Benchmark Stats Training Round 45
W: 0.87, T: 0.00 (versus random)
W: 0.00, T: 0.00 (versus left)
W: 0.76, T: 0.00 (versus lvl1)
W: 0.20, T: 0.00 (versus lvl2)
Training round 45 completed in 3 minutes and 42 seconds.
Expected completion: 01:34 2020-05-19.
Training round 46 stats
Wins 0.48, Ties 0.00, Losses 0.51, Game Length 19.14 moves
Loss p1: 0.181228, Loss p2: 0.172810
Benchmark Stats Training Round 46
W: 0.83, T: 0.00 (versus random)
W: 1.00, T: 0.00 (versus left)
W: 0.79, T: 0.00 (versus lvl1)
W: 0.12, T: 0.01 (versus lvl2)
Training round 46 completed in 3 minutes and 42 seconds.
Expected completion: 01:33 2020-05-19.
Training round 47 stats
Wins 0.51, Ties 0.00, Losses 0.49, Game Length 18.78 moves
Loss p1: 0.172078, Loss p2: 0.173470
Benchmark Stats Training Round 47
W: 0.95, T: 0.00 (versus random)
W: 0.00, T: 0.00 (versus left)
W: 0.81, T: 0.00 (versus lvl1)
W: 0.33, T: 0.00 (versus lvl2)
Training round 47 completed in 3 minutes and 36 seconds.
Expected completion: 01:28 2020-05-19.
Training round 48 stats
Wins 0.49, Ties 0.00, Losses 0.51, Game Length 19.48 moves
Loss p1: 0.163085, Loss p2: 0.170075
Benchmark Stats Training Round 48
W: 0.85, T: 0.00 (versus random)
W: 0.50, T: 0.00 (versus left)
W: 0.78, T: 0.00 (versus lvl1)
W: 0.17, T: 0.00 (versus lvl2)
Training round 48 completed in 3 minutes and 41 seconds.
Expected completion: 01:33 2020-05-19.
Training round 49 stats
Wins 0.52, Ties 0.00, Losses 0.48, Game Length 19.36 moves
Loss p1: 0.171193, Loss p2: 0.169861
Benchmark Stats Training Round 49
W: 0.91, T: 0.00 (versus random)
W: 0.50, T: 0.00 (versus left)
W: 0.77, T: 0.00 (versus lvl1)
W: 0.32, T: 0.00 (versus lvl2)
Training round 49 completed in 3 minutes and 40 seconds.
Expected completion: 01:32 2020-05-19.
Training round 50 stats
Wins 0.50, Ties 0.00, Losses 0.50, Game Length 19.60 moves
Loss p1: 0.176236, Loss p2: 0.173659
Benchmark Stats Training Round 50
W: 0.84, T: 0.01 (versus random)
W: 0.50, T: 0.00 (versus left)
W: 0.60, T: 0.00 (versus lvl1)
W: 0.28, T: 0.00 (versus lvl2)
Training round 50 completed in 3 minutes and 50 seconds.
Expected completion: 01:40 2020-05-19.
Training round 51 stats
Wins 0.53, Ties 0.00, Losses 0.47, Game Length 19.71 moves
Loss p1: 0.174508, Loss p2: 0.169785
Benchmark Stats Training Round 51
W: 0.85, T: 0.00 (versus random)
W: 0.00, T: 0.00 (versus left)
W: 0.64, T: 0.00 (versus lvl1)
W: 0.33, T: 0.00 (versus lvl2)
Training round 51 completed in 3 minutes and 47 seconds.
Expected completion: 01:38 2020-05-19.
Training round 52 stats
Wins 0.53, Ties 0.00, Losses 0.47, Game Length 19.22 moves
Loss p1: 0.173307, Loss p2: 0.174538
Benchmark Stats Training Round 52
W: 0.84, T: 0.00 (versus random)
W: 0.50, T: 0.00 (versus left)
W: 0.69, T: 0.00 (versus lvl1)
W: 0.19, T: 0.00 (versus lvl2)
Training round 52 completed in 3 minutes and 42 seconds.
Expected completion: 01:33 2020-05-19.
Training round 53 stats
Wins 0.54, Ties 0.00, Losses 0.46, Game Length 19.02 moves
Loss p1: 0.172851, Loss p2: 0.169311
Benchmark Stats Training Round 53
W: 0.83, T: 0.00 (versus random)
W: 0.00, T: 0.00 (versus left)
W: 0.61, T: 0.00 (versus lvl1)
W: 0.21, T: 0.00 (versus lvl2)
Training round 53 completed in 3 minutes and 40 seconds.
Expected completion: 01:32 2020-05-19.
Training round 54 stats
Wins 0.51, Ties 0.00, Losses 0.48, Game Length 19.30 moves
Loss p1: 0.177245, Loss p2: 0.172339
Benchmark Stats Training Round 54
W: 0.81, T: 0.01 (versus random)
W: 0.00, T: 0.00 (versus left)
W: 0.55, T: 0.00 (versus lvl1)
W: 0.19, T: 0.03 (versus lvl2)
Training round 54 completed in 3 minutes and 50 seconds.
Expected completion: 01:40 2020-05-19.
Training round 55 stats
Wins 0.50, Ties 0.00, Losses 0.49, Game Length 19.46 moves
Loss p1: 0.182934, Loss p2: 0.175885
Benchmark Stats Training Round 55
W: 0.83, T: 0.00 (versus random)
W: 0.00, T: 0.00 (versus left)
W: 0.53, T: 0.00 (versus lvl1)
W: 0.14, T: 0.01 (versus lvl2)
Training round 55 completed in 3 minutes and 43 seconds.
Expected completion: 01:35 2020-05-19.
Training round 56 stats
Wins 0.53, Ties 0.00, Losses 0.47, Game Length 19.25 moves
Loss p1: 0.181896, Loss p2: 0.177880
Benchmark Stats Training Round 56
W: 0.78, T: 0.00 (versus random)
W: 0.50, T: 0.00 (versus left)
W: 0.67, T: 0.00 (versus lvl1)
W: 0.28, T: 0.00 (versus lvl2)
Training round 56 completed in 3 minutes and 43 seconds.
Expected completion: 01:35 2020-05-19.
Training round 57 stats
Wins 0.49, Ties 0.00, Losses 0.51, Game Length 19.34 moves
Loss p1: 0.186884, Loss p2: 0.179816
Benchmark Stats Training Round 57
W: 0.82, T: 0.00 (versus random)
W: 0.50, T: 0.00 (versus left)
W: 0.57, T: 0.00 (versus lvl1)
W: 0.13, T: 0.00 (versus lvl2)
Training round 57 completed in 3 minutes and 45 seconds.
Expected completion: 01:36 2020-05-19.
Training round 58 stats
Wins 0.51, Ties 0.00, Losses 0.49, Game Length 19.19 moves
Loss p1: 0.192567, Loss p2: 0.187135
Benchmark Stats Training Round 58
W: 0.80, T: 0.00 (versus random)
W: 0.00, T: 0.00 (versus left)
W: 0.57, T: 0.00 (versus lvl1)
W: 0.19, T: 0.00 (versus lvl2)
Training round 58 completed in 3 minutes and 44 seconds.
Expected completion: 01:36 2020-05-19.
Training round 59 stats
Wins 0.51, Ties 0.00, Losses 0.49, Game Length 18.95 moves
Loss p1: 0.180751, Loss p2: 0.182536
Benchmark Stats Training Round 59
W: 0.92, T: 0.00 (versus random)
W: 0.50, T: 0.00 (versus left)
W: 0.83, T: 0.00 (versus lvl1)
W: 0.43, T: 0.00 (versus lvl2)
Training round 59 completed in 3 minutes and 33 seconds.
Expected completion: 01:28 2020-05-19.
Training round 60 stats
Wins 0.51, Ties 0.00, Losses 0.49, Game Length 19.43 moves
Loss p1: 0.183260, Loss p2: 0.178377
Benchmark Stats Training Round 60
W: 0.80, T: 0.00 (versus random)
W: 0.50, T: 0.00 (versus left)
W: 0.60, T: 0.00 (versus lvl1)
W: 0.18, T: 0.01 (versus lvl2)
Training round 60 completed in 3 minutes and 49 seconds.
Expected completion: 01:38 2020-05-19.
Training round 61 stats
Wins 0.52, Ties 0.00, Losses 0.48, Game Length 19.42 moves
Loss p1: 0.170925, Loss p2: 0.167977
Benchmark Stats Training Round 61
W: 0.82, T: 0.00 (versus random)
W: 0.50, T: 0.00 (versus left)
W: 0.69, T: 0.00 (versus lvl1)
W: 0.22, T: 0.00 (versus lvl2)
Training round 61 completed in 3 minutes and 43 seconds.
Expected completion: 01:35 2020-05-19.
Training round 62 stats
Wins 0.50, Ties 0.00, Losses 0.50, Game Length 18.70 moves
Loss p1: 0.175494, Loss p2: 0.184320
Benchmark Stats Training Round 62
W: 0.81, T: 0.01 (versus random)
W: 0.50, T: 0.00 (versus left)
W: 0.63, T: 0.00 (versus lvl1)
W: 0.24, T: 0.00 (versus lvl2)
Training round 62 completed in 3 minutes and 36 seconds.
Expected completion: 01:30 2020-05-19.
Training round 63 stats
Wins 0.47, Ties 0.00, Losses 0.52, Game Length 19.28 moves
Loss p1: 0.176340, Loss p2: 0.176425
Benchmark Stats Training Round 63
W: 0.85, T: 0.00 (versus random)
W: 0.50, T: 0.00 (versus left)
W: 0.63, T: 0.00 (versus lvl1)
W: 0.20, T: 0.03 (versus lvl2)
Training round 63 completed in 3 minutes and 44 seconds.
Expected completion: 01:35 2020-05-19.
Training round 64 stats
Wins 0.47, Ties 0.01, Losses 0.53, Game Length 19.58 moves
Loss p1: 0.179156, Loss p2: 0.176307
Benchmark Stats Training Round 64
W: 0.82, T: 0.00 (versus random)
W: 0.00, T: 0.00 (versus left)
W: 0.59, T: 0.00 (versus lvl1)
W: 0.17, T: 0.01 (versus lvl2)
Training round 64 completed in 3 minutes and 47 seconds.
Expected completion: 01:37 2020-05-19.
Training round 65 stats
Wins 0.49, Ties 0.00, Losses 0.51, Game Length 19.22 moves
Loss p1: 0.189954, Loss p2: 0.181778
Benchmark Stats Training Round 65
W: 0.85, T: 0.00 (versus random)
W: 0.50, T: 0.00 (versus left)
W: 0.70, T: 0.00 (versus lvl1)
W: 0.34, T: 0.00 (versus lvl2)
Training round 65 completed in 3 minutes and 42 seconds.
Expected completion: 01:34 2020-05-19.
Training round 66 stats
Wins 0.50, Ties 0.00, Losses 0.50, Game Length 18.85 moves
Loss p1: 0.186675, Loss p2: 0.186124
Benchmark Stats Training Round 66
W: 0.81, T: 0.00 (versus random)
W: 0.50, T: 0.00 (versus left)
W: 0.66, T: 0.00 (versus lvl1)
W: 0.15, T: 0.01 (versus lvl2)
Training round 66 completed in 3 minutes and 41 seconds.
Expected completion: 01:34 2020-05-19.
Training round 67 stats
Wins 0.52, Ties 0.00, Losses 0.48, Game Length 19.36 moves
Loss p1: 0.181238, Loss p2: 0.176915
Benchmark Stats Training Round 67
W: 0.83, T: 0.00 (versus random)
W: 0.50, T: 0.00 (versus left)
W: 0.76, T: 0.00 (versus lvl1)
W: 0.11, T: 0.00 (versus lvl2)
Training round 67 completed in 3 minutes and 45 seconds.
Expected completion: 01:36 2020-05-19.
Training round 68 stats
Wins 0.51, Ties 0.00, Losses 0.49, Game Length 19.36 moves
Loss p1: 0.183080, Loss p2: 0.183295
Benchmark Stats Training Round 68
W: 0.85, T: 0.00 (versus random)
W: 0.00, T: 0.00 (versus left)
W: 0.68, T: 0.00 (versus lvl1)
W: 0.18, T: 0.00 (versus lvl2)
Training round 68 completed in 3 minutes and 42 seconds.
Expected completion: 01:34 2020-05-19.
Training round 69 stats
Wins 0.50, Ties 0.00, Losses 0.50, Game Length 19.15 moves
Loss p1: 0.187615, Loss p2: 0.184279
Benchmark Stats Training Round 69
W: 0.88, T: 0.00 (versus random)
W: 0.50, T: 0.00 (versus left)
W: 0.71, T: 0.00 (versus lvl1)
W: 0.28, T: 0.01 (versus lvl2)
Training round 69 completed in 3 minutes and 41 seconds.
Expected completion: 01:33 2020-05-19.
Training round 70 stats
Wins 0.51, Ties 0.00, Losses 0.49, Game Length 19.34 moves
Loss p1: 0.182525, Loss p2: 0.189069
Benchmark Stats Training Round 70
W: 0.76, T: 0.00 (versus random)
W: 0.00, T: 0.00 (versus left)
W: 0.71, T: 0.00 (versus lvl1)
W: 0.18, T: 0.00 (versus lvl2)
Training round 70 completed in 3 minutes and 46 seconds.
Expected completion: 01:36 2020-05-19.
Training round 71 stats
Wins 0.51, Ties 0.01, Losses 0.48, Game Length 18.98 moves
Loss p1: 0.186304, Loss p2: 0.181143
Benchmark Stats Training Round 71
W: 0.82, T: 0.00 (versus random)
W: 0.50, T: 0.00 (versus left)
W: 0.61, T: 0.00 (versus lvl1)
W: 0.26, T: 0.00 (versus lvl2)
Training round 71 completed in 3 minutes and 44 seconds.
Expected completion: 01:35 2020-05-19.
Training round 72 stats
Wins 0.50, Ties 0.00, Losses 0.50, Game Length 19.27 moves
Loss p1: 0.182139, Loss p2: 0.181792
Benchmark Stats Training Round 72
W: 0.77, T: 0.00 (versus random)
W: 0.50, T: 0.00 (versus left)
W: 0.68, T: 0.00 (versus lvl1)
W: 0.16, T: 0.00 (versus lvl2)
Training round 72 completed in 3 minutes and 51 seconds.
Expected completion: 01:38 2020-05-19.
Training round 73 stats
Wins 0.51, Ties 0.00, Losses 0.49, Game Length 19.16 moves
Loss p1: 0.183880, Loss p2: 0.188319
Benchmark Stats Training Round 73
W: 0.90, T: 0.00 (versus random)
W: 0.50, T: 0.00 (versus left)
W: 0.81, T: 0.00 (versus lvl1)
W: 0.35, T: 0.00 (versus lvl2)
Training round 73 completed in 3 minutes and 39 seconds.
Expected completion: 01:33 2020-05-19.
Training round 74 stats
Wins 0.54, Ties 0.00, Losses 0.46, Game Length 19.14 moves
Loss p1: 0.191209, Loss p2: 0.189888
Benchmark Stats Training Round 74
W: 0.86, T: 0.00 (versus random)
W: 0.50, T: 0.00 (versus left)
W: 0.74, T: 0.00 (versus lvl1)
W: 0.17, T: 0.01 (versus lvl2)
Training round 74 completed in 3 minutes and 40 seconds.
Expected completion: 01:33 2020-05-19.
Training round 75 stats
Wins 0.48, Ties 0.00, Losses 0.52, Game Length 19.02 moves
Loss p1: 0.196989, Loss p2: 0.185520
Benchmark Stats Training Round 75
W: 0.73, T: 0.00 (versus random)
W: 1.00, T: 0.00 (versus left)
W: 0.62, T: 0.00 (versus lvl1)
W: 0.29, T: 0.00 (versus lvl2)
Training round 75 completed in 3 minutes and 42 seconds.
Expected completion: 01:34 2020-05-19.
Training round 76 stats
Wins 0.52, Ties 0.00, Losses 0.48, Game Length 19.09 moves
Loss p1: 0.187449, Loss p2: 0.184891
Benchmark Stats Training Round 76
W: 0.92, T: 0.00 (versus random)
W: 0.50, T: 0.00 (versus left)
W: 0.78, T: 0.00 (versus lvl1)
W: 0.28, T: 0.00 (versus lvl2)
Training round 76 completed in 3 minutes and 39 seconds.
Expected completion: 01:33 2020-05-19.
Training round 77 stats
Wins 0.49, Ties 0.00, Losses 0.51, Game Length 18.78 moves
Loss p1: 0.195626, Loss p2: 0.187360
Benchmark Stats Training Round 77
W: 0.91, T: 0.01 (versus random)
W: 0.50, T: 0.00 (versus left)
W: 0.74, T: 0.00 (versus lvl1)
W: 0.25, T: 0.00 (versus lvl2)
Training round 77 completed in 3 minutes and 40 seconds.
Expected completion: 01:33 2020-05-19.
Training round 78 stats
Wins 0.49, Ties 0.01, Losses 0.51, Game Length 19.21 moves
Loss p1: 0.195876, Loss p2: 0.199427
Benchmark Stats Training Round 78
W: 0.73, T: 0.01 (versus random)
W: 0.00, T: 0.00 (versus left)
W: 0.64, T: 0.00 (versus lvl1)
W: 0.22, T: 0.03 (versus lvl2)
Training round 78 completed in 3 minutes and 49 seconds.
Expected completion: 01:37 2020-05-19.
Training round 79 stats
Wins 0.49, Ties 0.00, Losses 0.50, Game Length 19.52 moves
Loss p1: 0.194648, Loss p2: 0.201156
Benchmark Stats Training Round 79
W: 0.72, T: 0.00 (versus random)
W: 0.50, T: 0.00 (versus left)
W: 0.61, T: 0.00 (versus lvl1)
W: 0.11, T: 0.00 (versus lvl2)
Training round 79 completed in 3 minutes and 46 seconds.
Expected completion: 01:36 2020-05-19.
Training round 80 stats
Wins 0.52, Ties 0.00, Losses 0.47, Game Length 19.51 moves
Loss p1: 0.202173, Loss p2: 0.202174
Benchmark Stats Training Round 80
W: 0.84, T: 0.00 (versus random)
W: 0.00, T: 0.00 (versus left)
W: 0.63, T: 0.00 (versus lvl1)
W: 0.24, T: 0.00 (versus lvl2)
Training round 80 completed in 3 minutes and 47 seconds.
Expected completion: 01:36 2020-05-19.
Training round 81 stats
Wins 0.47, Ties 0.00, Losses 0.53, Game Length 19.10 moves
Loss p1: 0.200030, Loss p2: 0.204594
Benchmark Stats Training Round 81
W: 0.79, T: 0.00 (versus random)
W: 0.50, T: 0.00 (versus left)
W: 0.55, T: 0.00 (versus lvl1)
W: 0.22, T: 0.01 (versus lvl2)
Training round 81 completed in 3 minutes and 36 seconds.
Expected completion: 01:32 2020-05-19.
Training round 82 stats
Wins 0.50, Ties 0.00, Losses 0.49, Game Length 18.72 moves
Loss p1: 0.216772, Loss p2: 0.210529
Benchmark Stats Training Round 82
W: 0.88, T: 0.00 (versus random)
W: 0.50, T: 0.00 (versus left)
W: 0.69, T: 0.00 (versus lvl1)
W: 0.15, T: 0.00 (versus lvl2)
Training round 82 completed in 3 minutes and 35 seconds.
Expected completion: 01:32 2020-05-19.
Training round 83 stats
Wins 0.51, Ties 0.00, Losses 0.49, Game Length 18.98 moves
Loss p1: 0.202245, Loss p2: 0.192958
Benchmark Stats Training Round 83
W: 0.90, T: 0.00 (versus random)
W: 0.50, T: 0.00 (versus left)
W: 0.83, T: 0.00 (versus lvl1)
W: 0.32, T: 0.01 (versus lvl2)
Training round 83 completed in 3 minutes and 33 seconds.
Expected completion: 01:31 2020-05-19.
Training round 84 stats
Wins 0.50, Ties 0.00, Losses 0.50, Game Length 19.14 moves
Loss p1: 0.205701, Loss p2: 0.205349
Benchmark Stats Training Round 84
W: 0.82, T: 0.01 (versus random)
W: 0.50, T: 0.00 (versus left)
W: 0.72, T: 0.00 (versus lvl1)
W: 0.36, T: 0.00 (versus lvl2)
Training round 84 completed in 3 minutes and 37 seconds.
Expected completion: 01:33 2020-05-19.
Training round 85 stats
Wins 0.49, Ties 0.00, Losses 0.51, Game Length 19.04 moves
Loss p1: 0.203618, Loss p2: 0.203248
Benchmark Stats Training Round 85
W: 0.80, T: 0.00 (versus random)
W: 0.50, T: 0.00 (versus left)
W: 0.62, T: 0.00 (versus lvl1)
W: 0.19, T: 0.00 (versus lvl2)
Training round 85 completed in 3 minutes and 39 seconds.
Expected completion: 01:33 2020-05-19.
Training round 86 stats
Wins 0.52, Ties 0.00, Losses 0.48, Game Length 18.81 moves
Loss p1: 0.206652, Loss p2: 0.194147
Benchmark Stats Training Round 86
W: 0.81, T: 0.00 (versus random)
W: 0.50, T: 0.00 (versus left)
W: 0.65, T: 0.00 (versus lvl1)
W: 0.18, T: 0.00 (versus lvl2)
Training round 86 completed in 3 minutes and 37 seconds.
Expected completion: 01:33 2020-05-19.
Training round 87 stats
Wins 0.51, Ties 0.01, Losses 0.49, Game Length 19.15 moves
Loss p1: 0.200606, Loss p2: 0.191159
Benchmark Stats Training Round 87
W: 0.87, T: 0.00 (versus random)
W: 0.50, T: 0.00 (versus left)
W: 0.66, T: 0.00 (versus lvl1)
W: 0.31, T: 0.02 (versus lvl2)
Training round 87 completed in 3 minutes and 39 seconds.
Expected completion: 01:33 2020-05-19.
Training round 88 stats
Wins 0.52, Ties 0.00, Losses 0.47, Game Length 19.50 moves
Loss p1: 0.200880, Loss p2: 0.192769
Benchmark Stats Training Round 88
W: 0.83, T: 0.00 (versus random)
W: 0.00, T: 0.00 (versus left)
W: 0.66, T: 0.00 (versus lvl1)
W: 0.22, T: 0.00 (versus lvl2)
Training round 88 completed in 3 minutes and 45 seconds.
Expected completion: 01:34 2020-05-19.
Training round 89 stats
Wins 0.48, Ties 0.00, Losses 0.52, Game Length 19.05 moves
Loss p1: 0.210397, Loss p2: 0.193909
Benchmark Stats Training Round 89
W: 0.85, T: 0.00 (versus random)
W: 0.50, T: 0.00 (versus left)
W: 0.60, T: 0.00 (versus lvl1)
W: 0.19, T: 0.00 (versus lvl2)
Training round 89 completed in 3 minutes and 44 seconds.
Expected completion: 01:34 2020-05-19.
Training round 90 stats
Wins 0.50, Ties 0.00, Losses 0.50, Game Length 19.47 moves
Loss p1: 0.207069, Loss p2: 0.196928
Benchmark Stats Training Round 90
W: 0.91, T: 0.00 (versus random)
W: 0.50, T: 0.00 (versus left)
W: 0.94, T: 0.00 (versus lvl1)
W: 0.38, T: 0.00 (versus lvl2)
Training round 90 completed in 3 minutes and 40 seconds.
Expected completion: 01:33 2020-05-19.
Training round 91 stats
Wins 0.50, Ties 0.01, Losses 0.49, Game Length 19.50 moves
Loss p1: 0.210085, Loss p2: 0.193345
Benchmark Stats Training Round 91
W: 0.82, T: 0.00 (versus random)
W: 0.50, T: 0.00 (versus left)
W: 0.64, T: 0.00 (versus lvl1)
W: 0.27, T: 0.01 (versus lvl2)
Training round 91 completed in 3 minutes and 41 seconds.
Expected completion: 01:34 2020-05-19.
Training round 92 stats
Wins 0.51, Ties 0.00, Losses 0.49, Game Length 18.74 moves
Loss p1: 0.215316, Loss p2: 0.204477
Benchmark Stats Training Round 92
W: 0.85, T: 0.00 (versus random)
W: 0.00, T: 0.00 (versus left)
W: 0.76, T: 0.00 (versus lvl1)
W: 0.28, T: 0.01 (versus lvl2)
Training round 92 completed in 3 minutes and 39 seconds.
Expected completion: 01:33 2020-05-19.
Training round 93 stats
Wins 0.50, Ties 0.00, Losses 0.50, Game Length 18.81 moves
Loss p1: 0.214216, Loss p2: 0.196720
Benchmark Stats Training Round 93
W: 0.87, T: 0.00 (versus random)
W: 0.50, T: 0.00 (versus left)
W: 0.73, T: 0.00 (versus lvl1)
W: 0.37, T: 0.00 (versus lvl2)
Training round 93 completed in 3 minutes and 44 seconds.
Expected completion: 01:34 2020-05-19.
Training round 94 stats
Wins 0.51, Ties 0.00, Losses 0.49, Game Length 19.66 moves
Loss p1: 0.198121, Loss p2: 0.196466
Benchmark Stats Training Round 94
W: 0.89, T: 0.01 (versus random)
W: 0.50, T: 0.00 (versus left)
W: 0.71, T: 0.00 (versus lvl1)
W: 0.22, T: 0.01 (versus lvl2)
Training round 94 completed in 3 minutes and 44 seconds.
Expected completion: 01:34 2020-05-19.
Training round 95 stats
Wins 0.50, Ties 0.00, Losses 0.49, Game Length 19.06 moves
Loss p1: 0.216522, Loss p2: 0.206899
Benchmark Stats Training Round 95
W: 0.91, T: 0.00 (versus random)
W: 0.00, T: 0.00 (versus left)
W: 0.61, T: 0.00 (versus lvl1)
W: 0.21, T: 0.00 (versus lvl2)
Training round 95 completed in 3 minutes and 37 seconds.
Expected completion: 01:33 2020-05-19.
Training round 96 stats
Wins 0.52, Ties 0.00, Losses 0.48, Game Length 18.75 moves
Loss p1: 0.203615, Loss p2: 0.207285
Benchmark Stats Training Round 96
W: 0.79, T: 0.00 (versus random)
W: 0.50, T: 0.00 (versus left)
W: 0.71, T: 0.00 (versus lvl1)
W: 0.19, T: 0.00 (versus lvl2)
Training round 96 completed in 3 minutes and 38 seconds.
Expected completion: 01:33 2020-05-19.
Training round 97 stats
Wins 0.52, Ties 0.00, Losses 0.47, Game Length 19.23 moves
Loss p1: 0.200304, Loss p2: 0.192752
Benchmark Stats Training Round 97
W: 0.84, T: 0.00 (versus random)
W: 0.50, T: 0.00 (versus left)
W: 0.85, T: 0.00 (versus lvl1)
W: 0.36, T: 0.01 (versus lvl2)
Training round 97 completed in 3 minutes and 43 seconds.
Expected completion: 01:34 2020-05-19.
Training round 98 stats
Wins 0.48, Ties 0.00, Losses 0.51, Game Length 19.39 moves
Loss p1: 0.208080, Loss p2: 0.199092
Benchmark Stats Training Round 98
W: 0.83, T: 0.00 (versus random)
W: 0.50, T: 0.00 (versus left)
W: 0.69, T: 0.00 (versus lvl1)
W: 0.16, T: 0.01 (versus lvl2)
Training round 98 completed in 3 minutes and 47 seconds.
Expected completion: 01:34 2020-05-19.
Training round 99 stats
Wins 0.48, Ties 0.00, Losses 0.51, Game Length 19.35 moves
Loss p1: 0.217539, Loss p2: 0.201765
Benchmark Stats Training Round 99
W: 0.77, T: 0.01 (versus random)
W: 0.50, T: 0.00 (versus left)
W: 0.62, T: 0.00 (versus lvl1)
W: 0.10, T: 0.02 (versus lvl2)
Training round 99 completed in 3 minutes and 48 seconds.
Expected completion: 01:34 2020-05-19.
Training round 100 stats
Wins 0.51, Ties 0.00, Losses 0.49, Game Length 19.15 moves
Loss p1: 0.222176, Loss p2: 0.206572
Benchmark Stats Training Round 100
W: 0.83, T: 0.00 (versus random)
W: 0.50, T: 0.00 (versus left)
W: 0.63, T: 0.00 (versus lvl1)
W: 0.19, T: 0.00 (versus lvl2)
Training round 100 completed in 3 minutes and 38 seconds.
Expected completion: 01:34 2020-05-19.
