Training Neural Net on Connect 4
  self_play_batch_size: 1000
  benchmark_batch_size: 100
  training_rounds: 100
  memory_size: 1000
  network: A
  exploration: Boltzmann
  loss: MSE
  encoding: integer
  optimizer: Adam
  experience: yes

Benchmark Stats Training Round 0
W: 0.25, T: 0.00 (versus random)
W: 0.00, T: 0.00 (versus left)
W: 0.12, T: 0.00 (versus lvl1)
W: 0.02, T: 0.00 (versus lvl2)
Training round 1 stats
Wins 0.52, Ties 0.00, Losses 0.48, Game Length 19.58 moves
Loss p1: 0.136774, Loss p2: 0.138365
Benchmark Stats Training Round 1
W: 0.90, T: 0.00 (versus random)
W: 0.00, T: 0.00 (versus left)
W: 0.66, T: 0.00 (versus lvl1)
W: 0.15, T: 0.00 (versus lvl2)
Training round 1 completed in 3 minutes and 41 seconds.
Expected completion: 01:34 2020-05-19.
Training round 2 stats
Wins 0.50, Ties 0.00, Losses 0.50, Game Length 19.58 moves
Loss p1: 0.105912, Loss p2: 0.112281
Benchmark Stats Training Round 2
W: 0.85, T: 0.00 (versus random)
W: 1.00, T: 0.00 (versus left)
W: 0.78, T: 0.00 (versus lvl1)
W: 0.09, T: 0.00 (versus lvl2)
Training round 2 completed in 3 minutes and 43 seconds.
Expected completion: 01:37 2020-05-19.
Training round 3 stats
Wins 0.48, Ties 0.00, Losses 0.52, Game Length 18.81 moves
Loss p1: 0.114842, Loss p2: 0.112385
Benchmark Stats Training Round 3
W: 0.76, T: 0.00 (versus random)
W: 0.00, T: 0.00 (versus left)
W: 0.57, T: 0.00 (versus lvl1)
W: 0.17, T: 0.00 (versus lvl2)
Training round 3 completed in 3 minutes and 42 seconds.
Expected completion: 01:36 2020-05-19.
Training round 4 stats
Wins 0.48, Ties 0.00, Losses 0.52, Game Length 19.65 moves
Loss p1: 0.121058, Loss p2: 0.113137
Benchmark Stats Training Round 4
W: 0.71, T: 0.00 (versus random)
W: 0.50, T: 0.00 (versus left)
W: 0.64, T: 0.00 (versus lvl1)
W: 0.22, T: 0.01 (versus lvl2)
Training round 4 completed in 3 minutes and 46 seconds.
Expected completion: 01:42 2020-05-19.
Training round 5 stats
Wins 0.46, Ties 0.01, Losses 0.53, Game Length 19.30 moves
Loss p1: 0.114219, Loss p2: 0.118140
Benchmark Stats Training Round 5
W: 0.68, T: 0.00 (versus random)
W: 0.00, T: 0.00 (versus left)
W: 0.39, T: 0.00 (versus lvl1)
W: 0.09, T: 0.00 (versus lvl2)
Training round 5 completed in 3 minutes and 39 seconds.
Expected completion: 01:32 2020-05-19.
Training round 6 stats
Wins 0.46, Ties 0.00, Losses 0.54, Game Length 19.51 moves
Loss p1: 0.123559, Loss p2: 0.119612
Benchmark Stats Training Round 6
W: 0.75, T: 0.00 (versus random)
W: 0.50, T: 0.00 (versus left)
W: 0.54, T: 0.00 (versus lvl1)
W: 0.22, T: 0.00 (versus lvl2)
Training round 6 completed in 3 minutes and 50 seconds.
Expected completion: 01:49 2020-05-19.
Training round 7 stats
Wins 0.48, Ties 0.00, Losses 0.52, Game Length 19.45 moves
Loss p1: 0.131104, Loss p2: 0.128817
Benchmark Stats Training Round 7
W: 0.73, T: 0.00 (versus random)
W: 0.00, T: 0.00 (versus left)
W: 0.58, T: 0.00 (versus lvl1)
W: 0.03, T: 0.00 (versus lvl2)
Training round 7 completed in 3 minutes and 46 seconds.
Expected completion: 01:43 2020-05-19.
Training round 8 stats
Wins 0.50, Ties 0.00, Losses 0.49, Game Length 19.39 moves
Loss p1: 0.125949, Loss p2: 0.126997
Benchmark Stats Training Round 8
W: 0.74, T: 0.00 (versus random)
W: 0.50, T: 0.00 (versus left)
W: 0.66, T: 0.00 (versus lvl1)
W: 0.14, T: 0.00 (versus lvl2)
Training round 8 completed in 3 minutes and 48 seconds.
Expected completion: 01:46 2020-05-19.
Training round 9 stats
Wins 0.52, Ties 0.00, Losses 0.48, Game Length 19.81 moves
Loss p1: 0.130385, Loss p2: 0.137951
Benchmark Stats Training Round 9
W: 0.72, T: 0.00 (versus random)
W: 0.50, T: 0.00 (versus left)
W: 0.63, T: 0.00 (versus lvl1)
W: 0.17, T: 0.00 (versus lvl2)
Training round 9 completed in 3 minutes and 47 seconds.
Expected completion: 01:44 2020-05-19.
Training round 10 stats
Wins 0.51, Ties 0.00, Losses 0.49, Game Length 19.03 moves
Loss p1: 0.138369, Loss p2: 0.148769
Benchmark Stats Training Round 10
W: 0.76, T: 0.00 (versus random)
W: 0.00, T: 0.00 (versus left)
W: 0.59, T: 0.00 (versus lvl1)
W: 0.18, T: 0.00 (versus lvl2)
Training round 10 completed in 3 minutes and 39 seconds.
Expected completion: 01:32 2020-05-19.
Training round 11 stats
Wins 0.51, Ties 0.01, Losses 0.48, Game Length 19.35 moves
Loss p1: 0.137181, Loss p2: 0.152621
Benchmark Stats Training Round 11
W: 0.74, T: 0.00 (versus random)
W: 0.50, T: 0.00 (versus left)
W: 0.48, T: 0.00 (versus lvl1)
W: 0.19, T: 0.00 (versus lvl2)
Training round 11 completed in 3 minutes and 46 seconds.
Expected completion: 01:42 2020-05-19.
Training round 12 stats
Wins 0.53, Ties 0.00, Losses 0.47, Game Length 19.69 moves
Loss p1: 0.132629, Loss p2: 0.144315
Benchmark Stats Training Round 12
W: 0.83, T: 0.00 (versus random)
W: 0.50, T: 0.00 (versus left)
W: 0.58, T: 0.00 (versus lvl1)
W: 0.14, T: 0.01 (versus lvl2)
Training round 12 completed in 3 minutes and 46 seconds.
Expected completion: 01:42 2020-05-19.
Training round 13 stats
Wins 0.52, Ties 0.00, Losses 0.47, Game Length 19.65 moves
Loss p1: 0.148772, Loss p2: 0.170567
Benchmark Stats Training Round 13
W: 0.67, T: 0.00 (versus random)
W: 0.50, T: 0.00 (versus left)
W: 0.43, T: 0.00 (versus lvl1)
W: 0.15, T: 0.00 (versus lvl2)
Training round 13 completed in 3 minutes and 53 seconds.
Expected completion: 01:53 2020-05-19.
Training round 14 stats
Wins 0.50, Ties 0.01, Losses 0.49, Game Length 19.42 moves
Loss p1: 0.144011, Loss p2: 0.160001
Benchmark Stats Training Round 14
W: 0.73, T: 0.00 (versus random)
W: 0.50, T: 0.00 (versus left)
W: 0.56, T: 0.00 (versus lvl1)
W: 0.09, T: 0.00 (versus lvl2)
Training round 14 completed in 3 minutes and 54 seconds.
Expected completion: 01:54 2020-05-19.
Training round 15 stats
Wins 0.51, Ties 0.00, Losses 0.48, Game Length 19.15 moves
Loss p1: 0.140282, Loss p2: 0.146861
Benchmark Stats Training Round 15
W: 0.77, T: 0.00 (versus random)
W: 0.50, T: 0.00 (versus left)
W: 0.64, T: 0.00 (versus lvl1)
W: 0.26, T: 0.01 (versus lvl2)
Training round 15 completed in 3 minutes and 39 seconds.
Expected completion: 01:32 2020-05-19.
Training round 16 stats
Wins 0.50, Ties 0.00, Losses 0.50, Game Length 19.23 moves
Loss p1: 0.147313, Loss p2: 0.154663
Benchmark Stats Training Round 16
W: 0.82, T: 0.00 (versus random)
W: 0.00, T: 0.00 (versus left)
W: 0.54, T: 0.00 (versus lvl1)
W: 0.14, T: 0.00 (versus lvl2)
Training round 16 completed in 3 minutes and 44 seconds.
Expected completion: 01:40 2020-05-19.
Training round 17 stats
Wins 0.49, Ties 0.01, Losses 0.50, Game Length 19.91 moves
Loss p1: 0.152533, Loss p2: 0.154437
Benchmark Stats Training Round 17
W: 0.67, T: 0.00 (versus random)
W: 0.00, T: 0.00 (versus left)
W: 0.46, T: 0.00 (versus lvl1)
W: 0.08, T: 0.01 (versus lvl2)
Training round 17 completed in 3 minutes and 54 seconds.
Expected completion: 01:54 2020-05-19.
Training round 18 stats
Wins 0.49, Ties 0.00, Losses 0.51, Game Length 19.21 moves
Loss p1: 0.148230, Loss p2: 0.158932
Benchmark Stats Training Round 18
W: 0.70, T: 0.00 (versus random)
W: 0.00, T: 0.00 (versus left)
W: 0.51, T: 0.00 (versus lvl1)
W: 0.10, T: 0.00 (versus lvl2)
Training round 18 completed in 3 minutes and 49 seconds.
Expected completion: 01:47 2020-05-19.
Training round 19 stats
Wins 0.49, Ties 0.00, Losses 0.51, Game Length 19.72 moves
Loss p1: 0.156830, Loss p2: 0.155148
Benchmark Stats Training Round 19
W: 0.77, T: 0.00 (versus random)
W: 0.00, T: 0.00 (versus left)
W: 0.59, T: 0.00 (versus lvl1)
W: 0.31, T: 0.00 (versus lvl2)
Training round 19 completed in 3 minutes and 52 seconds.
Expected completion: 01:50 2020-05-19.
Training round 20 stats
Wins 0.50, Ties 0.00, Losses 0.49, Game Length 19.73 moves
Loss p1: 0.154862, Loss p2: 0.153143
Benchmark Stats Training Round 20
W: 0.70, T: 0.01 (versus random)
W: 0.00, T: 0.00 (versus left)
W: 0.43, T: 0.00 (versus lvl1)
W: 0.15, T: 0.00 (versus lvl2)
Training round 20 completed in 3 minutes and 54 seconds.
Expected completion: 01:54 2020-05-19.
Training round 21 stats
Wins 0.52, Ties 0.01, Losses 0.48, Game Length 19.45 moves
Loss p1: 0.148836, Loss p2: 0.153180
Benchmark Stats Training Round 21
W: 0.73, T: 0.00 (versus random)
W: 0.50, T: 0.00 (versus left)
W: 0.50, T: 0.00 (versus lvl1)
W: 0.13, T: 0.00 (versus lvl2)
Training round 21 completed in 3 minutes and 50 seconds.
Expected completion: 01:48 2020-05-19.
Training round 22 stats
Wins 0.48, Ties 0.00, Losses 0.52, Game Length 19.16 moves
Loss p1: 0.150791, Loss p2: 0.151795
Benchmark Stats Training Round 22
W: 0.75, T: 0.00 (versus random)
W: 0.00, T: 0.00 (versus left)
W: 0.58, T: 0.00 (versus lvl1)
W: 0.17, T: 0.01 (versus lvl2)
Training round 22 completed in 3 minutes and 41 seconds.
Expected completion: 01:37 2020-05-19.
Training round 23 stats
Wins 0.49, Ties 0.00, Losses 0.50, Game Length 19.38 moves
Loss p1: 0.151416, Loss p2: 0.157065
Benchmark Stats Training Round 23
W: 0.71, T: 0.00 (versus random)
W: 0.00, T: 0.00 (versus left)
W: 0.58, T: 0.00 (versus lvl1)
W: 0.10, T: 0.00 (versus lvl2)
Training round 23 completed in 3 minutes and 47 seconds.
Expected completion: 01:43 2020-05-19.
Training round 24 stats
Wins 0.54, Ties 0.00, Losses 0.46, Game Length 19.68 moves
Loss p1: 0.152423, Loss p2: 0.151836
Benchmark Stats Training Round 24
W: 0.82, T: 0.01 (versus random)
W: 0.00, T: 0.00 (versus left)
W: 0.62, T: 0.00 (versus lvl1)
W: 0.20, T: 0.01 (versus lvl2)
Training round 24 completed in 3 minutes and 53 seconds.
Expected completion: 01:51 2020-05-19.
Training round 25 stats
Wins 0.49, Ties 0.00, Losses 0.51, Game Length 19.26 moves
Loss p1: 0.155857, Loss p2: 0.150441
Benchmark Stats Training Round 25
W: 0.85, T: 0.00 (versus random)
W: 0.00, T: 0.00 (versus left)
W: 0.70, T: 0.00 (versus lvl1)
W: 0.31, T: 0.01 (versus lvl2)
Training round 25 completed in 3 minutes and 42 seconds.
Expected completion: 01:38 2020-05-19.
Training round 26 stats
Wins 0.49, Ties 0.00, Losses 0.51, Game Length 19.65 moves
Loss p1: 0.146813, Loss p2: 0.150565
Benchmark Stats Training Round 26
W: 0.72, T: 0.00 (versus random)
W: 0.50, T: 0.00 (versus left)
W: 0.49, T: 0.00 (versus lvl1)
W: 0.20, T: 0.02 (versus lvl2)
Training round 26 completed in 3 minutes and 53 seconds.
Expected completion: 01:51 2020-05-19.
Training round 27 stats
Wins 0.49, Ties 0.00, Losses 0.51, Game Length 19.85 moves
Loss p1: 0.152300, Loss p2: 0.158542
Benchmark Stats Training Round 27
W: 0.67, T: 0.00 (versus random)
W: 0.00, T: 0.00 (versus left)
W: 0.42, T: 0.00 (versus lvl1)
W: 0.13, T: 0.00 (versus lvl2)
Training round 27 completed in 3 minutes and 55 seconds.
Expected completion: 01:54 2020-05-19.
Training round 28 stats
Wins 0.48, Ties 0.01, Losses 0.51, Game Length 19.52 moves
Loss p1: 0.154425, Loss p2: 0.159828
Benchmark Stats Training Round 28
W: 0.75, T: 0.00 (versus random)
W: 0.00, T: 0.00 (versus left)
W: 0.53, T: 0.00 (versus lvl1)
W: 0.12, T: 0.00 (versus lvl2)
Training round 28 completed in 3 minutes and 49 seconds.
Expected completion: 01:47 2020-05-19.
Training round 29 stats
Wins 0.52, Ties 0.00, Losses 0.47, Game Length 19.52 moves
Loss p1: 0.150576, Loss p2: 0.152227
Benchmark Stats Training Round 29
W: 0.77, T: 0.00 (versus random)
W: 0.50, T: 0.00 (versus left)
W: 0.60, T: 0.00 (versus lvl1)
W: 0.21, T: 0.00 (versus lvl2)
Training round 29 completed in 3 minutes and 45 seconds.
Expected completion: 01:42 2020-05-19.
Training round 30 stats
Wins 0.50, Ties 0.00, Losses 0.49, Game Length 19.65 moves
Loss p1: 0.147880, Loss p2: 0.154608
Benchmark Stats Training Round 30
W: 0.76, T: 0.00 (versus random)
W: 0.50, T: 0.00 (versus left)
W: 0.60, T: 0.00 (versus lvl1)
W: 0.13, T: 0.01 (versus lvl2)
Training round 30 completed in 3 minutes and 52 seconds.
Expected completion: 01:50 2020-05-19.
Training round 31 stats
Wins 0.50, Ties 0.01, Losses 0.49, Game Length 19.73 moves
Loss p1: 0.156733, Loss p2: 0.151993
Benchmark Stats Training Round 31
W: 0.67, T: 0.00 (versus random)
W: 0.50, T: 0.00 (versus left)
W: 0.52, T: 0.00 (versus lvl1)
W: 0.14, T: 0.00 (versus lvl2)
Training round 31 completed in 3 minutes and 48 seconds.
Expected completion: 01:46 2020-05-19.
Training round 32 stats
Wins 0.46, Ties 0.00, Losses 0.54, Game Length 19.59 moves
Loss p1: 0.159442, Loss p2: 0.159665
Benchmark Stats Training Round 32
W: 0.78, T: 0.00 (versus random)
W: 0.00, T: 0.00 (versus left)
W: 0.54, T: 0.00 (versus lvl1)
W: 0.26, T: 0.00 (versus lvl2)
Training round 32 completed in 3 minutes and 53 seconds.
Expected completion: 01:51 2020-05-19.
Training round 33 stats
Wins 0.52, Ties 0.00, Losses 0.48, Game Length 19.40 moves
Loss p1: 0.159927, Loss p2: 0.160366
Benchmark Stats Training Round 33
W: 0.86, T: 0.00 (versus random)
W: 0.50, T: 0.00 (versus left)
W: 0.65, T: 0.00 (versus lvl1)
W: 0.27, T: 0.01 (versus lvl2)
Training round 33 completed in 3 minutes and 46 seconds.
Expected completion: 01:43 2020-05-19.
Training round 34 stats
Wins 0.50, Ties 0.00, Losses 0.50, Game Length 19.30 moves
Loss p1: 0.159174, Loss p2: 0.160040
Benchmark Stats Training Round 34
W: 0.77, T: 0.00 (versus random)
W: 0.00, T: 0.00 (versus left)
W: 0.52, T: 0.00 (versus lvl1)
W: 0.22, T: 0.00 (versus lvl2)
Training round 34 completed in 3 minutes and 45 seconds.
Expected completion: 01:42 2020-05-19.
Training round 35 stats
Wins 0.54, Ties 0.00, Losses 0.46, Game Length 19.14 moves
Loss p1: 0.160537, Loss p2: 0.164361
Benchmark Stats Training Round 35
W: 0.79, T: 0.00 (versus random)
W: 0.50, T: 0.00 (versus left)
W: 0.71, T: 0.00 (versus lvl1)
W: 0.21, T: 0.01 (versus lvl2)
Training round 35 completed in 3 minutes and 42 seconds.
Expected completion: 01:39 2020-05-19.
Training round 36 stats
Wins 0.50, Ties 0.00, Losses 0.50, Game Length 19.20 moves
Loss p1: 0.167655, Loss p2: 0.163803
Benchmark Stats Training Round 36
W: 0.70, T: 0.00 (versus random)
W: 0.00, T: 0.00 (versus left)
W: 0.50, T: 0.00 (versus lvl1)
W: 0.13, T: 0.00 (versus lvl2)
Training round 36 completed in 3 minutes and 40 seconds.
Expected completion: 01:37 2020-05-19.
Training round 37 stats
Wins 0.47, Ties 0.01, Losses 0.53, Game Length 19.46 moves
Loss p1: 0.163111, Loss p2: 0.161779
Benchmark Stats Training Round 37
W: 0.76, T: 0.00 (versus random)
W: 0.00, T: 0.00 (versus left)
W: 0.62, T: 0.00 (versus lvl1)
W: 0.18, T: 0.00 (versus lvl2)
Training round 37 completed in 3 minutes and 42 seconds.
Expected completion: 01:39 2020-05-19.
Training round 38 stats
Wins 0.48, Ties 0.01, Losses 0.51, Game Length 19.15 moves
Loss p1: 0.161202, Loss p2: 0.163686
Benchmark Stats Training Round 38
W: 0.73, T: 0.00 (versus random)
W: 0.50, T: 0.00 (versus left)
W: 0.55, T: 0.01 (versus lvl1)
W: 0.14, T: 0.02 (versus lvl2)
Training round 38 completed in 3 minutes and 45 seconds.
Expected completion: 01:42 2020-05-19.
Training round 39 stats
Wins 0.48, Ties 0.00, Losses 0.52, Game Length 19.39 moves
Loss p1: 0.166108, Loss p2: 0.162263
Benchmark Stats Training Round 39
W: 0.80, T: 0.00 (versus random)
W: 0.50, T: 0.00 (versus left)
W: 0.57, T: 0.00 (versus lvl1)
W: 0.27, T: 0.01 (versus lvl2)
Training round 39 completed in 3 minutes and 43 seconds.
Expected completion: 01:40 2020-05-19.
Training round 40 stats
Wins 0.50, Ties 0.00, Losses 0.50, Game Length 19.11 moves
Loss p1: 0.166831, Loss p2: 0.160715
Benchmark Stats Training Round 40
W: 0.78, T: 0.00 (versus random)
W: 0.50, T: 0.00 (versus left)
W: 0.56, T: 0.00 (versus lvl1)
W: 0.19, T: 0.00 (versus lvl2)
Training round 40 completed in 3 minutes and 40 seconds.
Expected completion: 01:37 2020-05-19.
Training round 41 stats
Wins 0.49, Ties 0.00, Losses 0.51, Game Length 19.80 moves
Loss p1: 0.162661, Loss p2: 0.160364
Benchmark Stats Training Round 41
W: 0.80, T: 0.00 (versus random)
W: 0.00, T: 0.00 (versus left)
W: 0.71, T: 0.00 (versus lvl1)
W: 0.26, T: 0.00 (versus lvl2)
Training round 41 completed in 3 minutes and 47 seconds.
Expected completion: 01:44 2020-05-19.
Training round 42 stats
Wins 0.46, Ties 0.00, Losses 0.54, Game Length 19.51 moves
Loss p1: 0.173730, Loss p2: 0.157598
Benchmark Stats Training Round 42
W: 0.85, T: 0.00 (versus random)
W: 0.50, T: 0.00 (versus left)
W: 0.67, T: 0.00 (versus lvl1)
W: 0.28, T: 0.00 (versus lvl2)
Training round 42 completed in 3 minutes and 46 seconds.
Expected completion: 01:43 2020-05-19.
Training round 43 stats
Wins 0.50, Ties 0.00, Losses 0.50, Game Length 19.20 moves
Loss p1: 0.171986, Loss p2: 0.169972
Benchmark Stats Training Round 43
W: 0.82, T: 0.00 (versus random)
W: 0.50, T: 0.00 (versus left)
W: 0.77, T: 0.00 (versus lvl1)
W: 0.17, T: 0.00 (versus lvl2)
Training round 43 completed in 3 minutes and 40 seconds.
Expected completion: 01:37 2020-05-19.
Training round 44 stats
Wins 0.48, Ties 0.00, Losses 0.51, Game Length 19.47 moves
Loss p1: 0.174316, Loss p2: 0.167242
Benchmark Stats Training Round 44
W: 0.81, T: 0.00 (versus random)
W: 0.50, T: 0.00 (versus left)
W: 0.66, T: 0.00 (versus lvl1)
W: 0.11, T: 0.00 (versus lvl2)
Training round 44 completed in 3 minutes and 43 seconds.
Expected completion: 01:40 2020-05-19.
Training round 45 stats
Wins 0.48, Ties 0.00, Losses 0.52, Game Length 19.55 moves
Loss p1: 0.169647, Loss p2: 0.162132
Benchmark Stats Training Round 45
W: 0.86, T: 0.00 (versus random)
W: 0.50, T: 0.00 (versus left)
W: 0.64, T: 0.00 (versus lvl1)
W: 0.25, T: 0.00 (versus lvl2)
Training round 45 completed in 3 minutes and 51 seconds.
Expected completion: 01:47 2020-05-19.
Training round 46 stats
Wins 0.51, Ties 0.00, Losses 0.49, Game Length 19.27 moves
Loss p1: 0.170057, Loss p2: 0.171140
Benchmark Stats Training Round 46
W: 0.76, T: 0.00 (versus random)
W: 0.50, T: 0.00 (versus left)
W: 0.63, T: 0.00 (versus lvl1)
W: 0.17, T: 0.01 (versus lvl2)
Training round 46 completed in 3 minutes and 51 seconds.
Expected completion: 01:47 2020-05-19.
Training round 47 stats
Wins 0.51, Ties 0.00, Losses 0.49, Game Length 19.38 moves
Loss p1: 0.175864, Loss p2: 0.174595
Benchmark Stats Training Round 47
W: 0.87, T: 0.00 (versus random)
W: 0.00, T: 0.00 (versus left)
W: 0.74, T: 0.00 (versus lvl1)
W: 0.16, T: 0.01 (versus lvl2)
Training round 47 completed in 3 minutes and 48 seconds.
Expected completion: 01:45 2020-05-19.
Training round 48 stats
Wins 0.52, Ties 0.00, Losses 0.47, Game Length 19.79 moves
Loss p1: 0.164070, Loss p2: 0.171744
Benchmark Stats Training Round 48
W: 0.82, T: 0.00 (versus random)
W: 0.50, T: 0.00 (versus left)
W: 0.69, T: 0.00 (versus lvl1)
W: 0.16, T: 0.00 (versus lvl2)
Training round 48 completed in 3 minutes and 45 seconds.
Expected completion: 01:42 2020-05-19.
Training round 49 stats
Wins 0.47, Ties 0.00, Losses 0.52, Game Length 19.62 moves
Loss p1: 0.171425, Loss p2: 0.171498
Benchmark Stats Training Round 49
W: 0.75, T: 0.00 (versus random)
W: 0.00, T: 0.00 (versus left)
W: 0.56, T: 0.00 (versus lvl1)
W: 0.26, T: 0.00 (versus lvl2)
Training round 49 completed in 3 minutes and 45 seconds.
Expected completion: 01:42 2020-05-19.
Training round 50 stats
Wins 0.48, Ties 0.00, Losses 0.52, Game Length 18.99 moves
Loss p1: 0.176904, Loss p2: 0.163331
Benchmark Stats Training Round 50
W: 0.71, T: 0.00 (versus random)
W: 0.50, T: 0.00 (versus left)
W: 0.50, T: 0.00 (versus lvl1)
W: 0.29, T: 0.02 (versus lvl2)
Training round 50 completed in 3 minutes and 38 seconds.
Expected completion: 01:36 2020-05-19.
Training round 51 stats
Wins 0.50, Ties 0.00, Losses 0.50, Game Length 18.93 moves
Loss p1: 0.176707, Loss p2: 0.180475
Benchmark Stats Training Round 51
W: 0.83, T: 0.00 (versus random)
W: 0.00, T: 0.00 (versus left)
W: 0.70, T: 0.00 (versus lvl1)
W: 0.29, T: 0.01 (versus lvl2)
Training round 51 completed in 3 minutes and 40 seconds.
Expected completion: 01:38 2020-05-19.
Training round 52 stats
Wins 0.50, Ties 0.00, Losses 0.50, Game Length 19.53 moves
Loss p1: 0.178418, Loss p2: 0.177773
Benchmark Stats Training Round 52
W: 0.83, T: 0.00 (versus random)
W: 0.00, T: 0.00 (versus left)
W: 0.75, T: 0.00 (versus lvl1)
W: 0.30, T: 0.00 (versus lvl2)
Training round 52 completed in 3 minutes and 41 seconds.
Expected completion: 01:38 2020-05-19.
Training round 53 stats
Wins 0.47, Ties 0.00, Losses 0.53, Game Length 18.99 moves
Loss p1: 0.178158, Loss p2: 0.173873
Benchmark Stats Training Round 53
W: 0.82, T: 0.01 (versus random)
W: 0.50, T: 0.00 (versus left)
W: 0.67, T: 0.00 (versus lvl1)
W: 0.22, T: 0.01 (versus lvl2)
Training round 53 completed in 3 minutes and 42 seconds.
Expected completion: 01:39 2020-05-19.
Training round 54 stats
Wins 0.51, Ties 0.00, Losses 0.49, Game Length 19.43 moves
Loss p1: 0.180063, Loss p2: 0.171933
Benchmark Stats Training Round 54
W: 0.84, T: 0.00 (versus random)
W: 0.50, T: 0.00 (versus left)
W: 0.69, T: 0.00 (versus lvl1)
W: 0.27, T: 0.00 (versus lvl2)
Training round 54 completed in 3 minutes and 40 seconds.
Expected completion: 01:38 2020-05-19.
Training round 55 stats
Wins 0.52, Ties 0.00, Losses 0.48, Game Length 18.82 moves
Loss p1: 0.177738, Loss p2: 0.177598
Benchmark Stats Training Round 55
W: 0.76, T: 0.00 (versus random)
W: 0.00, T: 0.00 (versus left)
W: 0.75, T: 0.00 (versus lvl1)
W: 0.18, T: 0.00 (versus lvl2)
Training round 55 completed in 3 minutes and 40 seconds.
Expected completion: 01:38 2020-05-19.
Training round 56 stats
Wins 0.49, Ties 0.00, Losses 0.51, Game Length 19.31 moves
Loss p1: 0.187720, Loss p2: 0.177324
Benchmark Stats Training Round 56
W: 0.71, T: 0.00 (versus random)
W: 0.50, T: 0.00 (versus left)
W: 0.63, T: 0.00 (versus lvl1)
W: 0.20, T: 0.00 (versus lvl2)
Training round 56 completed in 3 minutes and 38 seconds.
Expected completion: 01:37 2020-05-19.
Training round 57 stats
Wins 0.48, Ties 0.00, Losses 0.51, Game Length 18.99 moves
Loss p1: 0.178207, Loss p2: 0.174780
Benchmark Stats Training Round 57
W: 0.85, T: 0.00 (versus random)
W: 0.50, T: 0.00 (versus left)
W: 0.63, T: 0.00 (versus lvl1)
W: 0.17, T: 0.00 (versus lvl2)
Training round 57 completed in 3 minutes and 40 seconds.
Expected completion: 01:38 2020-05-19.
Training round 58 stats
Wins 0.52, Ties 0.00, Losses 0.48, Game Length 19.38 moves
Loss p1: 0.175308, Loss p2: 0.167439
Benchmark Stats Training Round 58
W: 0.85, T: 0.00 (versus random)
W: 0.50, T: 0.00 (versus left)
W: 0.65, T: 0.00 (versus lvl1)
W: 0.32, T: 0.01 (versus lvl2)
Training round 58 completed in 3 minutes and 38 seconds.
Expected completion: 01:36 2020-05-19.
Training round 59 stats
Wins 0.51, Ties 0.00, Losses 0.49, Game Length 18.72 moves
Loss p1: 0.182884, Loss p2: 0.181542
Benchmark Stats Training Round 59
W: 0.77, T: 0.00 (versus random)
W: 0.50, T: 0.00 (versus left)
W: 0.60, T: 0.00 (versus lvl1)
W: 0.13, T: 0.01 (versus lvl2)
Training round 59 completed in 3 minutes and 34 seconds.
Expected completion: 01:34 2020-05-19.
Training round 60 stats
Wins 0.49, Ties 0.00, Losses 0.51, Game Length 19.19 moves
Loss p1: 0.186134, Loss p2: 0.182419
Benchmark Stats Training Round 60
W: 0.71, T: 0.00 (versus random)
W: 0.00, T: 0.00 (versus left)
W: 0.41, T: 0.00 (versus lvl1)
W: 0.19, T: 0.00 (versus lvl2)
Training round 60 completed in 3 minutes and 44 seconds.
Expected completion: 01:40 2020-05-19.
Training round 61 stats
Wins 0.47, Ties 0.00, Losses 0.53, Game Length 19.61 moves
Loss p1: 0.180845, Loss p2: 0.189560
Benchmark Stats Training Round 61
W: 0.89, T: 0.00 (versus random)
W: 0.00, T: 0.00 (versus left)
W: 0.82, T: 0.00 (versus lvl1)
W: 0.29, T: 0.00 (versus lvl2)
Training round 61 completed in 3 minutes and 44 seconds.
Expected completion: 01:41 2020-05-19.
Training round 62 stats
Wins 0.48, Ties 0.01, Losses 0.52, Game Length 19.11 moves
Loss p1: 0.186376, Loss p2: 0.181895
Benchmark Stats Training Round 62
W: 0.83, T: 0.00 (versus random)
W: 0.50, T: 0.00 (versus left)
W: 0.70, T: 0.00 (versus lvl1)
W: 0.14, T: 0.00 (versus lvl2)
Training round 62 completed in 3 minutes and 42 seconds.
Expected completion: 01:39 2020-05-19.
Training round 63 stats
Wins 0.51, Ties 0.00, Losses 0.49, Game Length 19.14 moves
Loss p1: 0.193268, Loss p2: 0.175049
Benchmark Stats Training Round 63
W: 0.83, T: 0.00 (versus random)
W: 0.00, T: 0.00 (versus left)
W: 0.66, T: 0.00 (versus lvl1)
W: 0.14, T: 0.00 (versus lvl2)
Training round 63 completed in 3 minutes and 45 seconds.
Expected completion: 01:41 2020-05-19.
Training round 64 stats
Wins 0.48, Ties 0.00, Losses 0.51, Game Length 19.12 moves
Loss p1: 0.185238, Loss p2: 0.183375
Benchmark Stats Training Round 64
W: 0.71, T: 0.00 (versus random)
W: 1.00, T: 0.00 (versus left)
W: 0.51, T: 0.00 (versus lvl1)
W: 0.27, T: 0.01 (versus lvl2)
Training round 64 completed in 3 minutes and 52 seconds.
Expected completion: 01:45 2020-05-19.
Training round 65 stats
Wins 0.50, Ties 0.00, Losses 0.49, Game Length 19.04 moves
Loss p1: 0.181686, Loss p2: 0.184568
Benchmark Stats Training Round 65
W: 0.92, T: 0.00 (versus random)
W: 0.00, T: 0.00 (versus left)
W: 0.79, T: 0.00 (versus lvl1)
W: 0.39, T: 0.00 (versus lvl2)
Training round 65 completed in 3 minutes and 39 seconds.
Expected completion: 01:37 2020-05-19.
Training round 66 stats
Wins 0.47, Ties 0.00, Losses 0.53, Game Length 19.75 moves
Loss p1: 0.179735, Loss p2: 0.179502
Benchmark Stats Training Round 66
W: 0.81, T: 0.00 (versus random)
W: 0.50, T: 0.00 (versus left)
W: 0.65, T: 0.00 (versus lvl1)
W: 0.25, T: 0.01 (versus lvl2)
Training round 66 completed in 3 minutes and 43 seconds.
Expected completion: 01:40 2020-05-19.
Training round 67 stats
Wins 0.49, Ties 0.00, Losses 0.51, Game Length 19.18 moves
Loss p1: 0.181824, Loss p2: 0.188012
Benchmark Stats Training Round 67
W: 0.83, T: 0.00 (versus random)
W: 0.00, T: 0.00 (versus left)
W: 0.62, T: 0.00 (versus lvl1)
W: 0.12, T: 0.01 (versus lvl2)
Training round 67 completed in 3 minutes and 46 seconds.
Expected completion: 01:42 2020-05-19.
Training round 68 stats
Wins 0.49, Ties 0.00, Losses 0.51, Game Length 18.54 moves
Loss p1: 0.185306, Loss p2: 0.188900
Benchmark Stats Training Round 68
W: 0.83, T: 0.00 (versus random)
W: 0.50, T: 0.00 (versus left)
W: 0.76, T: 0.00 (versus lvl1)
W: 0.21, T: 0.02 (versus lvl2)
Training round 68 completed in 3 minutes and 38 seconds.
Expected completion: 01:37 2020-05-19.
Training round 69 stats
Wins 0.50, Ties 0.00, Losses 0.50, Game Length 19.09 moves
Loss p1: 0.181468, Loss p2: 0.175511
Benchmark Stats Training Round 69
W: 0.88, T: 0.00 (versus random)
W: 0.50, T: 0.00 (versus left)
W: 0.65, T: 0.00 (versus lvl1)
W: 0.16, T: 0.00 (versus lvl2)
Training round 69 completed in 3 minutes and 40 seconds.
Expected completion: 01:38 2020-05-19.
Training round 70 stats
Wins 0.49, Ties 0.00, Losses 0.50, Game Length 19.09 moves
Loss p1: 0.198080, Loss p2: 0.183072
Benchmark Stats Training Round 70
W: 0.93, T: 0.01 (versus random)
W: 0.50, T: 0.00 (versus left)
W: 0.79, T: 0.00 (versus lvl1)
W: 0.26, T: 0.01 (versus lvl2)
Training round 70 completed in 3 minutes and 36 seconds.
Expected completion: 01:36 2020-05-19.
Training round 71 stats
Wins 0.49, Ties 0.00, Losses 0.51, Game Length 18.99 moves
Loss p1: 0.198375, Loss p2: 0.190168
Benchmark Stats Training Round 71
W: 0.88, T: 0.00 (versus random)
W: 0.50, T: 0.00 (versus left)
W: 0.73, T: 0.00 (versus lvl1)
W: 0.31, T: 0.01 (versus lvl2)
Training round 71 completed in 3 minutes and 38 seconds.
Expected completion: 01:37 2020-05-19.
Training round 72 stats
Wins 0.51, Ties 0.00, Losses 0.49, Game Length 19.27 moves
Loss p1: 0.187769, Loss p2: 0.187932
Benchmark Stats Training Round 72
W: 0.90, T: 0.00 (versus random)
W: 0.50, T: 0.00 (versus left)
W: 0.74, T: 0.00 (versus lvl1)
W: 0.32, T: 0.00 (versus lvl2)
Training round 72 completed in 3 minutes and 42 seconds.
Expected completion: 01:39 2020-05-19.
Training round 73 stats
Wins 0.47, Ties 0.00, Losses 0.52, Game Length 19.07 moves
Loss p1: 0.193766, Loss p2: 0.183964
Benchmark Stats Training Round 73
W: 0.80, T: 0.00 (versus random)
W: 0.50, T: 0.00 (versus left)
W: 0.67, T: 0.00 (versus lvl1)
W: 0.26, T: 0.00 (versus lvl2)
Training round 73 completed in 3 minutes and 39 seconds.
Expected completion: 01:38 2020-05-19.
Training round 74 stats
Wins 0.52, Ties 0.00, Losses 0.48, Game Length 19.36 moves
Loss p1: 0.192581, Loss p2: 0.197820
Benchmark Stats Training Round 74
W: 0.83, T: 0.00 (versus random)
W: 1.00, T: 0.00 (versus left)
W: 0.68, T: 0.00 (versus lvl1)
W: 0.36, T: 0.00 (versus lvl2)
Training round 74 completed in 3 minutes and 40 seconds.
Expected completion: 01:38 2020-05-19.
Training round 75 stats
Wins 0.47, Ties 0.00, Losses 0.53, Game Length 19.25 moves
Loss p1: 0.187733, Loss p2: 0.184581
Benchmark Stats Training Round 75
W: 0.83, T: 0.00 (versus random)
W: 0.00, T: 0.00 (versus left)
W: 0.76, T: 0.00 (versus lvl1)
W: 0.17, T: 0.00 (versus lvl2)
Training round 75 completed in 3 minutes and 48 seconds.
Expected completion: 01:42 2020-05-19.
Training round 76 stats
Wins 0.51, Ties 0.00, Losses 0.48, Game Length 19.25 moves
Loss p1: 0.184890, Loss p2: 0.191141
Benchmark Stats Training Round 76
W: 0.85, T: 0.00 (versus random)
W: 0.50, T: 0.00 (versus left)
W: 0.76, T: 0.00 (versus lvl1)
W: 0.16, T: 0.01 (versus lvl2)
Training round 76 completed in 3 minutes and 47 seconds.
Expected completion: 01:41 2020-05-19.
Training round 77 stats
Wins 0.49, Ties 0.00, Losses 0.50, Game Length 19.38 moves
Loss p1: 0.190850, Loss p2: 0.186005
Benchmark Stats Training Round 77
W: 0.78, T: 0.00 (versus random)
W: 0.50, T: 0.00 (versus left)
W: 0.66, T: 0.00 (versus lvl1)
W: 0.25, T: 0.00 (versus lvl2)
Training round 77 completed in 3 minutes and 44 seconds.
Expected completion: 01:40 2020-05-19.
Training round 78 stats
Wins 0.50, Ties 0.00, Losses 0.50, Game Length 19.07 moves
Loss p1: 0.188335, Loss p2: 0.193063
Benchmark Stats Training Round 78
W: 0.84, T: 0.00 (versus random)
W: 0.00, T: 0.00 (versus left)
W: 0.71, T: 0.00 (versus lvl1)
W: 0.11, T: 0.00 (versus lvl2)
Training round 78 completed in 3 minutes and 41 seconds.
Expected completion: 01:39 2020-05-19.
Training round 79 stats
Wins 0.51, Ties 0.00, Losses 0.49, Game Length 19.66 moves
Loss p1: 0.188300, Loss p2: 0.195987
Benchmark Stats Training Round 79
W: 0.80, T: 0.00 (versus random)
W: 0.00, T: 0.00 (versus left)
W: 0.57, T: 0.00 (versus lvl1)
W: 0.21, T: 0.01 (versus lvl2)
Training round 79 completed in 3 minutes and 53 seconds.
Expected completion: 01:43 2020-05-19.
Training round 80 stats
Wins 0.48, Ties 0.00, Losses 0.52, Game Length 19.07 moves
Loss p1: 0.197425, Loss p2: 0.182275
Benchmark Stats Training Round 80
W: 0.84, T: 0.02 (versus random)
W: 0.00, T: 0.00 (versus left)
W: 0.65, T: 0.00 (versus lvl1)
W: 0.23, T: 0.02 (versus lvl2)
Training round 80 completed in 3 minutes and 48 seconds.
Expected completion: 01:42 2020-05-19.
Training round 81 stats
Wins 0.49, Ties 0.00, Losses 0.51, Game Length 19.26 moves
Loss p1: 0.196781, Loss p2: 0.193506
Benchmark Stats Training Round 81
W: 0.85, T: 0.00 (versus random)
W: 0.00, T: 0.00 (versus left)
W: 0.57, T: 0.00 (versus lvl1)
W: 0.30, T: 0.01 (versus lvl2)
Training round 81 completed in 3 minutes and 45 seconds.
Expected completion: 01:41 2020-05-19.
Training round 82 stats
Wins 0.49, Ties 0.00, Losses 0.51, Game Length 19.31 moves
Loss p1: 0.194923, Loss p2: 0.195405
Benchmark Stats Training Round 82
W: 0.82, T: 0.00 (versus random)
W: 0.00, T: 0.00 (versus left)
W: 0.72, T: 0.00 (versus lvl1)
W: 0.19, T: 0.01 (versus lvl2)
Training round 82 completed in 3 minutes and 48 seconds.
Expected completion: 01:41 2020-05-19.
Training round 83 stats
Wins 0.50, Ties 0.00, Losses 0.50, Game Length 19.20 moves
Loss p1: 0.211930, Loss p2: 0.203927
Benchmark Stats Training Round 83
W: 0.77, T: 0.00 (versus random)
W: 0.50, T: 0.00 (versus left)
W: 0.57, T: 0.00 (versus lvl1)
W: 0.19, T: 0.01 (versus lvl2)
Training round 83 completed in 3 minutes and 44 seconds.
Expected completion: 01:40 2020-05-19.
Training round 84 stats
Wins 0.48, Ties 0.00, Losses 0.52, Game Length 19.77 moves
Loss p1: 0.203747, Loss p2: 0.189714
Benchmark Stats Training Round 84
W: 0.87, T: 0.00 (versus random)
W: 1.00, T: 0.00 (versus left)
W: 0.72, T: 0.00 (versus lvl1)
W: 0.33, T: 0.00 (versus lvl2)
Training round 84 completed in 3 minutes and 49 seconds.
Expected completion: 01:42 2020-05-19.
Training round 85 stats
Wins 0.47, Ties 0.00, Losses 0.53, Game Length 19.41 moves
Loss p1: 0.200930, Loss p2: 0.196419
Benchmark Stats Training Round 85
W: 0.83, T: 0.00 (versus random)
W: 0.50, T: 0.00 (versus left)
W: 0.64, T: 0.00 (versus lvl1)
W: 0.15, T: 0.00 (versus lvl2)
Training round 85 completed in 3 minutes and 48 seconds.
Expected completion: 01:41 2020-05-19.
Training round 86 stats
Wins 0.53, Ties 0.00, Losses 0.46, Game Length 19.58 moves
Loss p1: 0.195996, Loss p2: 0.200601
Benchmark Stats Training Round 86
W: 0.74, T: 0.00 (versus random)
W: 0.00, T: 0.00 (versus left)
W: 0.49, T: 0.00 (versus lvl1)
W: 0.19, T: 0.00 (versus lvl2)
Training round 86 completed in 3 minutes and 48 seconds.
Expected completion: 01:41 2020-05-19.
Training round 87 stats
Wins 0.46, Ties 0.00, Losses 0.54, Game Length 19.45 moves
Loss p1: 0.211757, Loss p2: 0.186995
Benchmark Stats Training Round 87
W: 0.65, T: 0.01 (versus random)
W: 0.50, T: 0.00 (versus left)
W: 0.45, T: 0.00 (versus lvl1)
W: 0.07, T: 0.01 (versus lvl2)
Training round 87 completed in 3 minutes and 47 seconds.
Expected completion: 01:41 2020-05-19.
Training round 88 stats
Wins 0.48, Ties 0.01, Losses 0.51, Game Length 19.94 moves
Loss p1: 0.201003, Loss p2: 0.189087
Benchmark Stats Training Round 88
W: 0.86, T: 0.00 (versus random)
W: 0.00, T: 0.00 (versus left)
W: 0.71, T: 0.01 (versus lvl1)
W: 0.27, T: 0.00 (versus lvl2)
Training round 88 completed in 3 minutes and 47 seconds.
Expected completion: 01:41 2020-05-19.
Training round 89 stats
Wins 0.50, Ties 0.01, Losses 0.49, Game Length 18.55 moves
Loss p1: 0.214200, Loss p2: 0.211837
Benchmark Stats Training Round 89
W: 0.86, T: 0.00 (versus random)
W: 0.50, T: 0.00 (versus left)
W: 0.55, T: 0.00 (versus lvl1)
W: 0.27, T: 0.00 (versus lvl2)
Training round 89 completed in 3 minutes and 35 seconds.
Expected completion: 01:39 2020-05-19.
Training round 90 stats
Wins 0.48, Ties 0.00, Losses 0.51, Game Length 19.38 moves
Loss p1: 0.206481, Loss p2: 0.200756
Benchmark Stats Training Round 90
W: 0.72, T: 0.01 (versus random)
W: 1.00, T: 0.00 (versus left)
W: 0.52, T: 0.00 (versus lvl1)
W: 0.14, T: 0.00 (versus lvl2)
Training round 90 completed in 3 minutes and 48 seconds.
Expected completion: 01:41 2020-05-19.
Training round 91 stats
Wins 0.51, Ties 0.00, Losses 0.48, Game Length 19.42 moves
Loss p1: 0.205806, Loss p2: 0.198691
Benchmark Stats Training Round 91
W: 0.86, T: 0.00 (versus random)
W: 1.00, T: 0.00 (versus left)
W: 0.75, T: 0.00 (versus lvl1)
W: 0.16, T: 0.01 (versus lvl2)
Training round 91 completed in 3 minutes and 45 seconds.
Expected completion: 01:41 2020-05-19.
Training round 92 stats
Wins 0.48, Ties 0.00, Losses 0.52, Game Length 19.43 moves
Loss p1: 0.201044, Loss p2: 0.192949
Benchmark Stats Training Round 92
W: 0.84, T: 0.00 (versus random)
W: 1.00, T: 0.00 (versus left)
W: 0.61, T: 0.00 (versus lvl1)
W: 0.09, T: 0.01 (versus lvl2)
Training round 92 completed in 3 minutes and 49 seconds.
Expected completion: 01:41 2020-05-19.
Training round 93 stats
Wins 0.50, Ties 0.01, Losses 0.49, Game Length 19.58 moves
Loss p1: 0.216937, Loss p2: 0.205285
Benchmark Stats Training Round 93
W: 0.83, T: 0.00 (versus random)
W: 0.00, T: 0.00 (versus left)
W: 0.66, T: 0.00 (versus lvl1)
W: 0.12, T: 0.00 (versus lvl2)
Training round 93 completed in 3 minutes and 48 seconds.
Expected completion: 01:41 2020-05-19.
Training round 94 stats
Wins 0.48, Ties 0.00, Losses 0.52, Game Length 19.07 moves
Loss p1: 0.209731, Loss p2: 0.196983
Benchmark Stats Training Round 94
W: 0.87, T: 0.00 (versus random)
W: 0.50, T: 0.00 (versus left)
W: 0.73, T: 0.00 (versus lvl1)
W: 0.09, T: 0.01 (versus lvl2)
Training round 94 completed in 3 minutes and 40 seconds.
Expected completion: 01:40 2020-05-19.
Training round 95 stats
Wins 0.52, Ties 0.00, Losses 0.48, Game Length 19.05 moves
Loss p1: 0.206518, Loss p2: 0.210421
Benchmark Stats Training Round 95
W: 0.91, T: 0.00 (versus random)
W: 0.50, T: 0.00 (versus left)
W: 0.67, T: 0.01 (versus lvl1)
W: 0.29, T: 0.01 (versus lvl2)
Training round 95 completed in 3 minutes and 42 seconds.
Expected completion: 01:40 2020-05-19.
Training round 96 stats
Wins 0.50, Ties 0.00, Losses 0.50, Game Length 18.85 moves
Loss p1: 0.204362, Loss p2: 0.199488
Benchmark Stats Training Round 96
W: 0.88, T: 0.00 (versus random)
W: 0.50, T: 0.00 (versus left)
W: 0.75, T: 0.00 (versus lvl1)
W: 0.40, T: 0.01 (versus lvl2)
Training round 96 completed in 3 minutes and 33 seconds.
Expected completion: 01:40 2020-05-19.
Training round 97 stats
Wins 0.47, Ties 0.00, Losses 0.52, Game Length 19.28 moves
Loss p1: 0.215670, Loss p2: 0.208830
Benchmark Stats Training Round 97
W: 0.90, T: 0.00 (versus random)
W: 0.00, T: 0.00 (versus left)
W: 0.68, T: 0.00 (versus lvl1)
W: 0.24, T: 0.00 (versus lvl2)
Training round 97 completed in 3 minutes and 46 seconds.
Expected completion: 01:40 2020-05-19.
Training round 98 stats
Wins 0.49, Ties 0.00, Losses 0.51, Game Length 18.99 moves
Loss p1: 0.212803, Loss p2: 0.213109
Benchmark Stats Training Round 98
W: 0.80, T: 0.00 (versus random)
W: 0.50, T: 0.00 (versus left)
W: 0.67, T: 0.00 (versus lvl1)
W: 0.36, T: 0.01 (versus lvl2)
Training round 98 completed in 3 minutes and 38 seconds.
Expected completion: 01:40 2020-05-19.
Training round 99 stats
Wins 0.47, Ties 0.00, Losses 0.52, Game Length 18.96 moves
Loss p1: 0.209803, Loss p2: 0.201770
Benchmark Stats Training Round 99
W: 0.91, T: 0.00 (versus random)
W: 0.00, T: 0.00 (versus left)
W: 0.77, T: 0.00 (versus lvl1)
W: 0.25, T: 0.01 (versus lvl2)
Training round 99 completed in 3 minutes and 32 seconds.
Expected completion: 01:40 2020-05-19.
Training round 100 stats
Wins 0.48, Ties 0.00, Losses 0.52, Game Length 19.49 moves
Loss p1: 0.207090, Loss p2: 0.207242
Benchmark Stats Training Round 100
W: 0.88, T: 0.01 (versus random)
W: 0.50, T: 0.00 (versus left)
W: 0.67, T: 0.00 (versus lvl1)
W: 0.23, T: 0.00 (versus lvl2)
Training round 100 completed in 3 minutes and 33 seconds.
Expected completion: 01:40 2020-05-19.
