Training Neural Net on Connect 4
  self_play_batch_size: 1000
  benchmark_batch_size: 100
  training_rounds: 100
  memory_size: 1000
  network: B
  exploration: Boltzmann
  loss: MSE
  encoding: integer
  optimizer: Adam
  experience: yes

Benchmark Stats Training Round 0
W: 0.56, T: 0.02 (versus random)
W: 0.00, T: 0.00 (versus left)
W: 0.40, T: 0.00 (versus lvl1)
W: 0.14, T: 0.01 (versus lvl2)
Training round 1 stats
Wins 0.50, Ties 0.01, Losses 0.50, Game Length 20.60 moves
Loss p1: 0.147272, Loss p2: 0.149590
Benchmark Stats Training Round 1
W: 0.86, T: 0.00 (versus random)
W: 0.00, T: 0.00 (versus left)
W: 0.72, T: 0.00 (versus lvl1)
W: 0.35, T: 0.02 (versus lvl2)
Training round 1 completed in 3 minutes and 36 seconds.
Expected completion: 07:42 2020-05-19.
Training round 2 stats
Wins 0.49, Ties 0.00, Losses 0.51, Game Length 19.45 moves
Loss p1: 0.143657, Loss p2: 0.140011
Benchmark Stats Training Round 2
W: 0.77, T: 0.00 (versus random)
W: 0.50, T: 0.00 (versus left)
W: 0.54, T: 0.00 (versus lvl1)
W: 0.13, T: 0.00 (versus lvl2)
Training round 2 completed in 3 minutes and 27 seconds.
Expected completion: 07:26 2020-05-19.
Training round 3 stats
Wins 0.51, Ties 0.00, Losses 0.49, Game Length 19.64 moves
Loss p1: 0.130833, Loss p2: 0.131722
Benchmark Stats Training Round 3
W: 0.84, T: 0.00 (versus random)
W: 0.50, T: 0.00 (versus left)
W: 0.73, T: 0.00 (versus lvl1)
W: 0.37, T: 0.00 (versus lvl2)
Training round 3 completed in 3 minutes and 28 seconds.
Expected completion: 07:28 2020-05-19.
Training round 4 stats
Wins 0.50, Ties 0.00, Losses 0.50, Game Length 19.06 moves
Loss p1: 0.131837, Loss p2: 0.138180
Benchmark Stats Training Round 4
W: 0.90, T: 0.00 (versus random)
W: 0.50, T: 0.00 (versus left)
W: 0.68, T: 0.00 (versus lvl1)
W: 0.19, T: 0.01 (versus lvl2)
Training round 4 completed in 3 minutes and 26 seconds.
Expected completion: 07:24 2020-05-19.
Training round 5 stats
Wins 0.50, Ties 0.01, Losses 0.49, Game Length 19.78 moves
Loss p1: 0.136063, Loss p2: 0.138121
Benchmark Stats Training Round 5
W: 0.81, T: 0.00 (versus random)
W: 0.50, T: 0.00 (versus left)
W: 0.68, T: 0.00 (versus lvl1)
W: 0.18, T: 0.02 (versus lvl2)
Training round 5 completed in 3 minutes and 30 seconds.
Expected completion: 07:30 2020-05-19.
Training round 6 stats
Wins 0.48, Ties 0.00, Losses 0.51, Game Length 19.71 moves
Loss p1: 0.130502, Loss p2: 0.132102
Benchmark Stats Training Round 6
W: 0.82, T: 0.00 (versus random)
W: 0.00, T: 0.00 (versus left)
W: 0.67, T: 0.00 (versus lvl1)
W: 0.09, T: 0.02 (versus lvl2)
Training round 6 completed in 3 minutes and 28 seconds.
Expected completion: 07:28 2020-05-19.
Training round 7 stats
Wins 0.51, Ties 0.00, Losses 0.49, Game Length 19.53 moves
Loss p1: 0.125841, Loss p2: 0.130660
Benchmark Stats Training Round 7
W: 0.91, T: 0.00 (versus random)
W: 0.00, T: 0.00 (versus left)
W: 0.71, T: 0.00 (versus lvl1)
W: 0.25, T: 0.00 (versus lvl2)
Training round 7 completed in 3 minutes and 26 seconds.
Expected completion: 07:24 2020-05-19.
Training round 8 stats
Wins 0.47, Ties 0.00, Losses 0.53, Game Length 19.00 moves
Loss p1: 0.136721, Loss p2: 0.134569
Benchmark Stats Training Round 8
W: 0.79, T: 0.00 (versus random)
W: 1.00, T: 0.00 (versus left)
W: 0.58, T: 0.00 (versus lvl1)
W: 0.14, T: 0.00 (versus lvl2)
Training round 8 completed in 3 minutes and 27 seconds.
Expected completion: 07:27 2020-05-19.
Training round 9 stats
Wins 0.48, Ties 0.00, Losses 0.52, Game Length 18.92 moves
Loss p1: 0.139392, Loss p2: 0.132763
Benchmark Stats Training Round 9
W: 0.80, T: 0.00 (versus random)
W: 0.50, T: 0.00 (versus left)
W: 0.60, T: 0.00 (versus lvl1)
W: 0.29, T: 0.02 (versus lvl2)
Training round 9 completed in 3 minutes and 23 seconds.
Expected completion: 07:20 2020-05-19.
Training round 10 stats
Wins 0.51, Ties 0.00, Losses 0.49, Game Length 19.27 moves
Loss p1: 0.143128, Loss p2: 0.136316
Benchmark Stats Training Round 10
W: 0.89, T: 0.00 (versus random)
W: 1.00, T: 0.00 (versus left)
W: 0.64, T: 0.00 (versus lvl1)
W: 0.13, T: 0.00 (versus lvl2)
Training round 10 completed in 3 minutes and 26 seconds.
Expected completion: 07:25 2020-05-19.
Training round 11 stats
Wins 0.50, Ties 0.00, Losses 0.50, Game Length 18.97 moves
Loss p1: 0.139266, Loss p2: 0.139634
Benchmark Stats Training Round 11
W: 0.81, T: 0.01 (versus random)
W: 1.00, T: 0.00 (versus left)
W: 0.61, T: 0.00 (versus lvl1)
W: 0.26, T: 0.01 (versus lvl2)
Training round 11 completed in 3 minutes and 22 seconds.
Expected completion: 07:19 2020-05-19.
Training round 12 stats
Wins 0.53, Ties 0.00, Losses 0.47, Game Length 19.52 moves
Loss p1: 0.136248, Loss p2: 0.141397
Benchmark Stats Training Round 12
W: 0.78, T: 0.00 (versus random)
W: 0.50, T: 0.00 (versus left)
W: 0.65, T: 0.00 (versus lvl1)
W: 0.24, T: 0.01 (versus lvl2)
Training round 12 completed in 3 minutes and 29 seconds.
Expected completion: 07:30 2020-05-19.
Training round 13 stats
Wins 0.52, Ties 0.00, Losses 0.48, Game Length 19.28 moves
Loss p1: 0.140850, Loss p2: 0.136837
Benchmark Stats Training Round 13
W: 0.87, T: 0.00 (versus random)
W: 0.50, T: 0.00 (versus left)
W: 0.68, T: 0.00 (versus lvl1)
W: 0.15, T: 0.01 (versus lvl2)
Training round 13 completed in 3 minutes and 26 seconds.
Expected completion: 07:25 2020-05-19.
Training round 14 stats
Wins 0.50, Ties 0.00, Losses 0.50, Game Length 18.92 moves
Loss p1: 0.146264, Loss p2: 0.139739
Benchmark Stats Training Round 14
W: 0.79, T: 0.00 (versus random)
W: 1.00, T: 0.00 (versus left)
W: 0.66, T: 0.00 (versus lvl1)
W: 0.13, T: 0.00 (versus lvl2)
Training round 14 completed in 3 minutes and 23 seconds.
Expected completion: 07:20 2020-05-19.
Training round 15 stats
Wins 0.49, Ties 0.00, Losses 0.51, Game Length 19.55 moves
Loss p1: 0.145602, Loss p2: 0.134271
Benchmark Stats Training Round 15
W: 0.91, T: 0.00 (versus random)
W: 0.50, T: 0.00 (versus left)
W: 0.75, T: 0.00 (versus lvl1)
W: 0.16, T: 0.02 (versus lvl2)
Training round 15 completed in 3 minutes and 25 seconds.
Expected completion: 07:24 2020-05-19.
Training round 16 stats
Wins 0.50, Ties 0.01, Losses 0.49, Game Length 19.40 moves
Loss p1: 0.143020, Loss p2: 0.134651
Benchmark Stats Training Round 16
W: 0.88, T: 0.00 (versus random)
W: 0.50, T: 0.00 (versus left)
W: 0.69, T: 0.00 (versus lvl1)
W: 0.24, T: 0.00 (versus lvl2)
Training round 16 completed in 3 minutes and 25 seconds.
Expected completion: 07:23 2020-05-19.
Training round 17 stats
Wins 0.48, Ties 0.00, Losses 0.51, Game Length 19.56 moves
Loss p1: 0.147793, Loss p2: 0.135492
Benchmark Stats Training Round 17
W: 0.82, T: 0.00 (versus random)
W: 0.50, T: 0.00 (versus left)
W: 0.70, T: 0.00 (versus lvl1)
W: 0.28, T: 0.00 (versus lvl2)
Training round 17 completed in 3 minutes and 27 seconds.
Expected completion: 07:26 2020-05-19.
Training round 18 stats
Wins 0.48, Ties 0.00, Losses 0.51, Game Length 19.49 moves
Loss p1: 0.142788, Loss p2: 0.135030
Benchmark Stats Training Round 18
W: 0.77, T: 0.00 (versus random)
W: 0.00, T: 0.00 (versus left)
W: 0.60, T: 0.00 (versus lvl1)
W: 0.16, T: 0.00 (versus lvl2)
Training round 18 completed in 3 minutes and 31 seconds.
Expected completion: 07:32 2020-05-19.
Training round 19 stats
Wins 0.51, Ties 0.00, Losses 0.49, Game Length 19.19 moves
Loss p1: 0.147430, Loss p2: 0.141803
Benchmark Stats Training Round 19
W: 0.82, T: 0.00 (versus random)
W: 0.50, T: 0.00 (versus left)
W: 0.58, T: 0.00 (versus lvl1)
W: 0.19, T: 0.01 (versus lvl2)
Training round 19 completed in 3 minutes and 27 seconds.
Expected completion: 07:25 2020-05-19.
Training round 20 stats
Wins 0.48, Ties 0.00, Losses 0.52, Game Length 19.32 moves
Loss p1: 0.151584, Loss p2: 0.141563
Benchmark Stats Training Round 20
W: 0.87, T: 0.00 (versus random)
W: 0.50, T: 0.00 (versus left)
W: 0.78, T: 0.00 (versus lvl1)
W: 0.19, T: 0.00 (versus lvl2)
Training round 20 completed in 3 minutes and 25 seconds.
Expected completion: 07:23 2020-05-19.
Training round 21 stats
Wins 0.53, Ties 0.00, Losses 0.47, Game Length 18.94 moves
Loss p1: 0.157119, Loss p2: 0.153149
Benchmark Stats Training Round 21
W: 0.81, T: 0.00 (versus random)
W: 0.50, T: 0.00 (versus left)
W: 0.59, T: 0.00 (versus lvl1)
W: 0.21, T: 0.01 (versus lvl2)
Training round 21 completed in 3 minutes and 29 seconds.
Expected completion: 07:28 2020-05-19.
Training round 22 stats
Wins 0.49, Ties 0.00, Losses 0.51, Game Length 19.06 moves
Loss p1: 0.158509, Loss p2: 0.145997
Benchmark Stats Training Round 22
W: 0.89, T: 0.00 (versus random)
W: 0.00, T: 0.00 (versus left)
W: 0.66, T: 0.00 (versus lvl1)
W: 0.19, T: 0.02 (versus lvl2)
Training round 22 completed in 3 minutes and 26 seconds.
Expected completion: 07:25 2020-05-19.
Training round 23 stats
Wins 0.49, Ties 0.00, Losses 0.51, Game Length 19.06 moves
Loss p1: 0.152856, Loss p2: 0.139257
Benchmark Stats Training Round 23
W: 0.76, T: 0.00 (versus random)
W: 0.50, T: 0.00 (versus left)
W: 0.72, T: 0.00 (versus lvl1)
W: 0.22, T: 0.01 (versus lvl2)
Training round 23 completed in 3 minutes and 22 seconds.
Expected completion: 07:20 2020-05-19.
Training round 24 stats
Wins 0.53, Ties 0.00, Losses 0.47, Game Length 18.78 moves
Loss p1: 0.154520, Loss p2: 0.144209
Benchmark Stats Training Round 24
W: 0.85, T: 0.00 (versus random)
W: 0.50, T: 0.00 (versus left)
W: 0.67, T: 0.00 (versus lvl1)
W: 0.16, T: 0.01 (versus lvl2)
Training round 24 completed in 3 minutes and 24 seconds.
Expected completion: 07:22 2020-05-19.
Training round 25 stats
Wins 0.50, Ties 0.00, Losses 0.49, Game Length 19.00 moves
Loss p1: 0.150744, Loss p2: 0.142836
Benchmark Stats Training Round 25
W: 0.88, T: 0.00 (versus random)
W: 0.50, T: 0.00 (versus left)
W: 0.71, T: 0.00 (versus lvl1)
W: 0.29, T: 0.01 (versus lvl2)
Training round 25 completed in 3 minutes and 21 seconds.
Expected completion: 07:19 2020-05-19.
Training round 26 stats
Wins 0.49, Ties 0.00, Losses 0.51, Game Length 19.12 moves
Loss p1: 0.148758, Loss p2: 0.147013
Benchmark Stats Training Round 26
W: 0.77, T: 0.00 (versus random)
W: 1.00, T: 0.00 (versus left)
W: 0.66, T: 0.00 (versus lvl1)
W: 0.19, T: 0.01 (versus lvl2)
Training round 26 completed in 3 minutes and 28 seconds.
Expected completion: 07:27 2020-05-19.
Training round 27 stats
Wins 0.51, Ties 0.00, Losses 0.49, Game Length 19.13 moves
Loss p1: 0.158750, Loss p2: 0.148899
Benchmark Stats Training Round 27
W: 0.70, T: 0.00 (versus random)
W: 1.00, T: 0.00 (versus left)
W: 0.60, T: 0.00 (versus lvl1)
W: 0.12, T: 0.02 (versus lvl2)
Training round 27 completed in 3 minutes and 30 seconds.
Expected completion: 07:30 2020-05-19.
Training round 28 stats
Wins 0.51, Ties 0.00, Losses 0.49, Game Length 19.01 moves
Loss p1: 0.150810, Loss p2: 0.146379
Benchmark Stats Training Round 28
W: 0.92, T: 0.00 (versus random)
W: 0.50, T: 0.00 (versus left)
W: 0.69, T: 0.00 (versus lvl1)
W: 0.19, T: 0.00 (versus lvl2)
Training round 28 completed in 3 minutes and 21 seconds.
Expected completion: 07:18 2020-05-19.
Training round 29 stats
Wins 0.53, Ties 0.00, Losses 0.47, Game Length 19.03 moves
Loss p1: 0.154989, Loss p2: 0.149419
Benchmark Stats Training Round 29
W: 0.87, T: 0.00 (versus random)
W: 0.50, T: 0.00 (versus left)
W: 0.68, T: 0.00 (versus lvl1)
W: 0.28, T: 0.00 (versus lvl2)
Training round 29 completed in 3 minutes and 22 seconds.
Expected completion: 07:19 2020-05-19.
Training round 30 stats
Wins 0.49, Ties 0.00, Losses 0.50, Game Length 19.38 moves
Loss p1: 0.157513, Loss p2: 0.148003
Benchmark Stats Training Round 30
W: 0.84, T: 0.00 (versus random)
W: 0.50, T: 0.00 (versus left)
W: 0.54, T: 0.00 (versus lvl1)
W: 0.20, T: 0.01 (versus lvl2)
Training round 30 completed in 3 minutes and 27 seconds.
Expected completion: 07:25 2020-05-19.
Training round 31 stats
Wins 0.51, Ties 0.00, Losses 0.49, Game Length 18.89 moves
Loss p1: 0.155454, Loss p2: 0.152914
Benchmark Stats Training Round 31
W: 0.83, T: 0.00 (versus random)
W: 0.50, T: 0.00 (versus left)
W: 0.67, T: 0.00 (versus lvl1)
W: 0.14, T: 0.03 (versus lvl2)
Training round 31 completed in 3 minutes and 24 seconds.
Expected completion: 07:22 2020-05-19.
Training round 32 stats
Wins 0.53, Ties 0.00, Losses 0.47, Game Length 19.18 moves
Loss p1: 0.155066, Loss p2: 0.151933
Benchmark Stats Training Round 32
W: 0.78, T: 0.00 (versus random)
W: 0.50, T: 0.00 (versus left)
W: 0.59, T: 0.00 (versus lvl1)
W: 0.10, T: 0.01 (versus lvl2)
Training round 32 completed in 3 minutes and 29 seconds.
Expected completion: 07:28 2020-05-19.
Training round 33 stats
Wins 0.51, Ties 0.00, Losses 0.49, Game Length 18.93 moves
Loss p1: 0.154082, Loss p2: 0.154792
Benchmark Stats Training Round 33
W: 0.87, T: 0.00 (versus random)
W: 0.50, T: 0.00 (versus left)
W: 0.70, T: 0.00 (versus lvl1)
W: 0.20, T: 0.00 (versus lvl2)
Training round 33 completed in 3 minutes and 23 seconds.
Expected completion: 07:21 2020-05-19.
Training round 34 stats
Wins 0.50, Ties 0.00, Losses 0.49, Game Length 19.00 moves
Loss p1: 0.164898, Loss p2: 0.151559
Benchmark Stats Training Round 34
W: 0.85, T: 0.00 (versus random)
W: 0.50, T: 0.00 (versus left)
W: 0.56, T: 0.00 (versus lvl1)
W: 0.19, T: 0.01 (versus lvl2)
Training round 34 completed in 3 minutes and 26 seconds.
Expected completion: 07:24 2020-05-19.
Training round 35 stats
Wins 0.48, Ties 0.00, Losses 0.51, Game Length 18.96 moves
Loss p1: 0.162192, Loss p2: 0.152211
Benchmark Stats Training Round 35
W: 0.87, T: 0.00 (versus random)
W: 1.00, T: 0.00 (versus left)
W: 0.70, T: 0.00 (versus lvl1)
W: 0.24, T: 0.02 (versus lvl2)
Training round 35 completed in 3 minutes and 26 seconds.
Expected completion: 07:24 2020-05-19.
Training round 36 stats
Wins 0.52, Ties 0.00, Losses 0.48, Game Length 19.44 moves
Loss p1: 0.158981, Loss p2: 0.156000
Benchmark Stats Training Round 36
W: 0.89, T: 0.00 (versus random)
W: 0.50, T: 0.00 (versus left)
W: 0.71, T: 0.00 (versus lvl1)
W: 0.30, T: 0.01 (versus lvl2)
Training round 36 completed in 3 minutes and 25 seconds.
Expected completion: 07:23 2020-05-19.
Training round 37 stats
Wins 0.51, Ties 0.00, Losses 0.49, Game Length 19.07 moves
Loss p1: 0.159620, Loss p2: 0.156248
Benchmark Stats Training Round 37
W: 0.90, T: 0.00 (versus random)
W: 0.50, T: 0.00 (versus left)
W: 0.75, T: 0.00 (versus lvl1)
W: 0.28, T: 0.01 (versus lvl2)
Training round 37 completed in 3 minutes and 24 seconds.
Expected completion: 07:23 2020-05-19.
Training round 38 stats
Wins 0.49, Ties 0.00, Losses 0.51, Game Length 19.19 moves
Loss p1: 0.164138, Loss p2: 0.159745
Benchmark Stats Training Round 38
W: 0.96, T: 0.00 (versus random)
W: 0.50, T: 0.00 (versus left)
W: 0.82, T: 0.00 (versus lvl1)
W: 0.24, T: 0.01 (versus lvl2)
Training round 38 completed in 3 minutes and 25 seconds.
Expected completion: 07:24 2020-05-19.
Training round 39 stats
Wins 0.47, Ties 0.00, Losses 0.52, Game Length 18.65 moves
Loss p1: 0.163422, Loss p2: 0.159906
Benchmark Stats Training Round 39
W: 0.90, T: 0.00 (versus random)
W: 0.50, T: 0.00 (versus left)
W: 0.82, T: 0.00 (versus lvl1)
W: 0.27, T: 0.00 (versus lvl2)
Training round 39 completed in 3 minutes and 17 seconds.
Expected completion: 07:15 2020-05-19.
Training round 40 stats
Wins 0.46, Ties 0.00, Losses 0.53, Game Length 19.61 moves
Loss p1: 0.166448, Loss p2: 0.157901
Benchmark Stats Training Round 40
W: 0.88, T: 0.00 (versus random)
W: 0.50, T: 0.00 (versus left)
W: 0.70, T: 0.00 (versus lvl1)
W: 0.34, T: 0.00 (versus lvl2)
Training round 40 completed in 3 minutes and 26 seconds.
Expected completion: 07:24 2020-05-19.
Training round 41 stats
Wins 0.49, Ties 0.00, Losses 0.51, Game Length 18.54 moves
Loss p1: 0.162198, Loss p2: 0.156923
Benchmark Stats Training Round 41
W: 0.90, T: 0.00 (versus random)
W: 0.00, T: 0.00 (versus left)
W: 0.75, T: 0.00 (versus lvl1)
W: 0.20, T: 0.00 (versus lvl2)
Training round 41 completed in 3 minutes and 18 seconds.
Expected completion: 07:16 2020-05-19.
Training round 42 stats
Wins 0.47, Ties 0.00, Losses 0.53, Game Length 19.08 moves
Loss p1: 0.166390, Loss p2: 0.155819
Benchmark Stats Training Round 42
W: 0.96, T: 0.00 (versus random)
W: 0.50, T: 0.00 (versus left)
W: 0.82, T: 0.00 (versus lvl1)
W: 0.24, T: 0.00 (versus lvl2)
Training round 42 completed in 3 minutes and 23 seconds.
Expected completion: 07:21 2020-05-19.
Training round 43 stats
Wins 0.51, Ties 0.00, Losses 0.49, Game Length 18.77 moves
Loss p1: 0.163175, Loss p2: 0.159115
Benchmark Stats Training Round 43
W: 0.87, T: 0.00 (versus random)
W: 0.50, T: 0.00 (versus left)
W: 0.80, T: 0.00 (versus lvl1)
W: 0.41, T: 0.00 (versus lvl2)
Training round 43 completed in 3 minutes and 13 seconds.
Expected completion: 07:12 2020-05-19.
Training round 44 stats
Wins 0.46, Ties 0.00, Losses 0.54, Game Length 19.21 moves
Loss p1: 0.159968, Loss p2: 0.164233
Benchmark Stats Training Round 44
W: 0.95, T: 0.00 (versus random)
W: 0.50, T: 0.00 (versus left)
W: 0.87, T: 0.00 (versus lvl1)
W: 0.35, T: 0.00 (versus lvl2)
Training round 44 completed in 3 minutes and 19 seconds.
Expected completion: 07:17 2020-05-19.
Training round 45 stats
Wins 0.52, Ties 0.00, Losses 0.48, Game Length 19.07 moves
Loss p1: 0.167078, Loss p2: 0.169599
Benchmark Stats Training Round 45
W: 0.89, T: 0.00 (versus random)
W: 1.00, T: 0.00 (versus left)
W: 0.77, T: 0.00 (versus lvl1)
W: 0.32, T: 0.00 (versus lvl2)
Training round 45 completed in 3 minutes and 23 seconds.
Expected completion: 07:21 2020-05-19.
Training round 46 stats
Wins 0.51, Ties 0.00, Losses 0.49, Game Length 19.15 moves
Loss p1: 0.159229, Loss p2: 0.166160
Benchmark Stats Training Round 46
W: 0.88, T: 0.00 (versus random)
W: 1.00, T: 0.00 (versus left)
W: 0.79, T: 0.00 (versus lvl1)
W: 0.28, T: 0.01 (versus lvl2)
Training round 46 completed in 3 minutes and 22 seconds.
Expected completion: 07:20 2020-05-19.
Training round 47 stats
Wins 0.49, Ties 0.00, Losses 0.51, Game Length 19.25 moves
Loss p1: 0.161767, Loss p2: 0.166278
Benchmark Stats Training Round 47
W: 0.89, T: 0.00 (versus random)
W: 1.00, T: 0.00 (versus left)
W: 0.73, T: 0.00 (versus lvl1)
W: 0.27, T: 0.00 (versus lvl2)
Training round 47 completed in 3 minutes and 22 seconds.
Expected completion: 07:20 2020-05-19.
Training round 48 stats
Wins 0.52, Ties 0.00, Losses 0.48, Game Length 18.78 moves
Loss p1: 0.160826, Loss p2: 0.159491
Benchmark Stats Training Round 48
W: 0.81, T: 0.01 (versus random)
W: 1.00, T: 0.00 (versus left)
W: 0.68, T: 0.00 (versus lvl1)
W: 0.25, T: 0.00 (versus lvl2)
Training round 48 completed in 3 minutes and 22 seconds.
Expected completion: 07:20 2020-05-19.
Training round 49 stats
Wins 0.46, Ties 0.00, Losses 0.54, Game Length 19.03 moves
Loss p1: 0.172850, Loss p2: 0.162793
Benchmark Stats Training Round 49
W: 0.74, T: 0.00 (versus random)
W: 1.00, T: 0.00 (versus left)
W: 0.78, T: 0.00 (versus lvl1)
W: 0.30, T: 0.01 (versus lvl2)
Training round 49 completed in 3 minutes and 28 seconds.
Expected completion: 07:25 2020-05-19.
Training round 50 stats
Wins 0.48, Ties 0.00, Losses 0.52, Game Length 18.88 moves
Loss p1: 0.166404, Loss p2: 0.167585
Benchmark Stats Training Round 50
W: 0.90, T: 0.00 (versus random)
W: 0.50, T: 0.00 (versus left)
W: 0.76, T: 0.00 (versus lvl1)
W: 0.19, T: 0.01 (versus lvl2)
Training round 50 completed in 3 minutes and 23 seconds.
Expected completion: 07:21 2020-05-19.
Training round 51 stats
Wins 0.51, Ties 0.00, Losses 0.49, Game Length 19.20 moves
Loss p1: 0.175391, Loss p2: 0.167460
Benchmark Stats Training Round 51
W: 0.88, T: 0.00 (versus random)
W: 0.50, T: 0.00 (versus left)
W: 0.73, T: 0.00 (versus lvl1)
W: 0.36, T: 0.00 (versus lvl2)
Training round 51 completed in 3 minutes and 22 seconds.
Expected completion: 07:20 2020-05-19.
Training round 52 stats
Wins 0.48, Ties 0.00, Losses 0.52, Game Length 18.51 moves
Loss p1: 0.164255, Loss p2: 0.164400
Benchmark Stats Training Round 52
W: 0.93, T: 0.00 (versus random)
W: 1.00, T: 0.00 (versus left)
W: 0.84, T: 0.00 (versus lvl1)
W: 0.33, T: 0.00 (versus lvl2)
Training round 52 completed in 3 minutes and 13 seconds.
Expected completion: 07:13 2020-05-19.
Training round 53 stats
Wins 0.51, Ties 0.00, Losses 0.49, Game Length 19.09 moves
Loss p1: 0.167497, Loss p2: 0.164507
Benchmark Stats Training Round 53
W: 0.85, T: 0.00 (versus random)
W: 0.50, T: 0.00 (versus left)
W: 0.72, T: 0.00 (versus lvl1)
W: 0.30, T: 0.00 (versus lvl2)
Training round 53 completed in 3 minutes and 21 seconds.
Expected completion: 07:19 2020-05-19.
Training round 54 stats
Wins 0.49, Ties 0.00, Losses 0.51, Game Length 18.86 moves
Loss p1: 0.175137, Loss p2: 0.174362
Benchmark Stats Training Round 54
W: 0.94, T: 0.00 (versus random)
W: 0.50, T: 0.00 (versus left)
W: 0.87, T: 0.00 (versus lvl1)
W: 0.27, T: 0.00 (versus lvl2)
Training round 54 completed in 3 minutes and 18 seconds.
Expected completion: 07:17 2020-05-19.
Training round 55 stats
Wins 0.49, Ties 0.00, Losses 0.51, Game Length 19.02 moves
Loss p1: 0.181390, Loss p2: 0.175454
Benchmark Stats Training Round 55
W: 0.93, T: 0.00 (versus random)
W: 0.50, T: 0.00 (versus left)
W: 0.85, T: 0.00 (versus lvl1)
W: 0.26, T: 0.00 (versus lvl2)
Training round 55 completed in 3 minutes and 21 seconds.
Expected completion: 07:19 2020-05-19.
Training round 56 stats
Wins 0.50, Ties 0.00, Losses 0.50, Game Length 19.10 moves
Loss p1: 0.182931, Loss p2: 0.170576
Benchmark Stats Training Round 56
W: 0.91, T: 0.00 (versus random)
W: 0.50, T: 0.00 (versus left)
W: 0.88, T: 0.00 (versus lvl1)
W: 0.26, T: 0.01 (versus lvl2)
Training round 56 completed in 3 minutes and 21 seconds.
Expected completion: 07:19 2020-05-19.
Training round 57 stats
Wins 0.47, Ties 0.00, Losses 0.52, Game Length 18.57 moves
Loss p1: 0.182036, Loss p2: 0.176635
Benchmark Stats Training Round 57
W: 0.80, T: 0.00 (versus random)
W: 0.50, T: 0.00 (versus left)
W: 0.56, T: 0.00 (versus lvl1)
W: 0.31, T: 0.01 (versus lvl2)
Training round 57 completed in 3 minutes and 21 seconds.
Expected completion: 07:19 2020-05-19.
Training round 58 stats
Wins 0.49, Ties 0.00, Losses 0.51, Game Length 18.98 moves
Loss p1: 0.183106, Loss p2: 0.170360
Benchmark Stats Training Round 58
W: 0.84, T: 0.00 (versus random)
W: 0.50, T: 0.00 (versus left)
W: 0.79, T: 0.00 (versus lvl1)
W: 0.27, T: 0.00 (versus lvl2)
Training round 58 completed in 3 minutes and 20 seconds.
Expected completion: 07:18 2020-05-19.
Training round 59 stats
Wins 0.52, Ties 0.00, Losses 0.48, Game Length 18.60 moves
Loss p1: 0.171893, Loss p2: 0.174064
Benchmark Stats Training Round 59
W: 0.90, T: 0.00 (versus random)
W: 0.50, T: 0.00 (versus left)
W: 0.85, T: 0.00 (versus lvl1)
W: 0.40, T: 0.00 (versus lvl2)
Training round 59 completed in 3 minutes and 17 seconds.
Expected completion: 07:16 2020-05-19.
Training round 60 stats
Wins 0.54, Ties 0.00, Losses 0.46, Game Length 18.52 moves
Loss p1: 0.175379, Loss p2: 0.172601
Benchmark Stats Training Round 60
W: 0.98, T: 0.01 (versus random)
W: 0.00, T: 0.00 (versus left)
W: 0.84, T: 0.00 (versus lvl1)
W: 0.31, T: 0.01 (versus lvl2)
Training round 60 completed in 3 minutes and 16 seconds.
Expected completion: 07:15 2020-05-19.
Training round 61 stats
Wins 0.50, Ties 0.00, Losses 0.50, Game Length 18.97 moves
Loss p1: 0.185617, Loss p2: 0.184539
Benchmark Stats Training Round 61
W: 0.78, T: 0.00 (versus random)
W: 0.50, T: 0.00 (versus left)
W: 0.66, T: 0.00 (versus lvl1)
W: 0.14, T: 0.00 (versus lvl2)
Training round 61 completed in 3 minutes and 24 seconds.
Expected completion: 07:21 2020-05-19.
Training round 62 stats
Wins 0.49, Ties 0.00, Losses 0.51, Game Length 18.97 moves
Loss p1: 0.177065, Loss p2: 0.170597
Benchmark Stats Training Round 62
W: 0.93, T: 0.00 (versus random)
W: 0.50, T: 0.00 (versus left)
W: 0.68, T: 0.00 (versus lvl1)
W: 0.21, T: 0.00 (versus lvl2)
Training round 62 completed in 3 minutes and 25 seconds.
Expected completion: 07:21 2020-05-19.
Training round 63 stats
Wins 0.50, Ties 0.00, Losses 0.50, Game Length 18.80 moves
Loss p1: 0.181392, Loss p2: 0.177255
Benchmark Stats Training Round 63
W: 0.94, T: 0.00 (versus random)
W: 1.00, T: 0.00 (versus left)
W: 0.87, T: 0.00 (versus lvl1)
W: 0.47, T: 0.01 (versus lvl2)
Training round 63 completed in 3 minutes and 17 seconds.
Expected completion: 07:16 2020-05-19.
Training round 64 stats
Wins 0.51, Ties 0.00, Losses 0.49, Game Length 18.47 moves
Loss p1: 0.189121, Loss p2: 0.176924
Benchmark Stats Training Round 64
W: 0.92, T: 0.00 (versus random)
W: 1.00, T: 0.00 (versus left)
W: 0.89, T: 0.00 (versus lvl1)
W: 0.39, T: 0.01 (versus lvl2)
Training round 64 completed in 3 minutes and 18 seconds.
Expected completion: 07:17 2020-05-19.
Training round 65 stats
Wins 0.51, Ties 0.00, Losses 0.49, Game Length 18.41 moves
Loss p1: 0.176613, Loss p2: 0.179927
Benchmark Stats Training Round 65
W: 0.85, T: 0.00 (versus random)
W: 1.00, T: 0.00 (versus left)
W: 0.74, T: 0.00 (versus lvl1)
W: 0.19, T: 0.00 (versus lvl2)
Training round 65 completed in 3 minutes and 22 seconds.
Expected completion: 07:20 2020-05-19.
Training round 66 stats
Wins 0.49, Ties 0.00, Losses 0.51, Game Length 18.44 moves
Loss p1: 0.188523, Loss p2: 0.198535
Benchmark Stats Training Round 66
W: 0.90, T: 0.00 (versus random)
W: 1.00, T: 0.00 (versus left)
W: 0.74, T: 0.00 (versus lvl1)
W: 0.19, T: 0.00 (versus lvl2)
Training round 66 completed in 3 minutes and 19 seconds.
Expected completion: 07:18 2020-05-19.
Training round 67 stats
Wins 0.49, Ties 0.00, Losses 0.51, Game Length 18.23 moves
Loss p1: 0.187235, Loss p2: 0.191366
Benchmark Stats Training Round 67
W: 0.93, T: 0.00 (versus random)
W: 0.50, T: 0.00 (versus left)
W: 0.82, T: 0.00 (versus lvl1)
W: 0.33, T: 0.00 (versus lvl2)
Training round 67 completed in 3 minutes and 14 seconds.
Expected completion: 07:15 2020-05-19.
Training round 68 stats
Wins 0.49, Ties 0.00, Losses 0.51, Game Length 18.41 moves
Loss p1: 0.191227, Loss p2: 0.188863
Benchmark Stats Training Round 68
W: 0.89, T: 0.00 (versus random)
W: 1.00, T: 0.00 (versus left)
W: 0.87, T: 0.01 (versus lvl1)
W: 0.16, T: 0.00 (versus lvl2)
Training round 68 completed in 3 minutes and 19 seconds.
Expected completion: 07:17 2020-05-19.
Training round 69 stats
Wins 0.51, Ties 0.00, Losses 0.49, Game Length 18.70 moves
Loss p1: 0.192087, Loss p2: 0.191468
Benchmark Stats Training Round 69
W: 0.81, T: 0.01 (versus random)
W: 1.00, T: 0.00 (versus left)
W: 0.75, T: 0.00 (versus lvl1)
W: 0.22, T: 0.00 (versus lvl2)
Training round 69 completed in 3 minutes and 23 seconds.
Expected completion: 07:20 2020-05-19.
Training round 70 stats
Wins 0.50, Ties 0.00, Losses 0.50, Game Length 19.25 moves
Loss p1: 0.181162, Loss p2: 0.187354
Benchmark Stats Training Round 70
W: 0.94, T: 0.00 (versus random)
W: 1.00, T: 0.00 (versus left)
W: 0.80, T: 0.00 (versus lvl1)
W: 0.20, T: 0.00 (versus lvl2)
Training round 70 completed in 3 minutes and 27 seconds.
Expected completion: 07:22 2020-05-19.
Training round 71 stats
Wins 0.48, Ties 0.00, Losses 0.52, Game Length 18.78 moves
Loss p1: 0.184908, Loss p2: 0.190533
Benchmark Stats Training Round 71
W: 0.94, T: 0.00 (versus random)
W: 0.00, T: 0.00 (versus left)
W: 0.84, T: 0.00 (versus lvl1)
W: 0.39, T: 0.00 (versus lvl2)
Training round 71 completed in 3 minutes and 19 seconds.
Expected completion: 07:18 2020-05-19.
Training round 72 stats
Wins 0.51, Ties 0.00, Losses 0.49, Game Length 18.22 moves
Loss p1: 0.189474, Loss p2: 0.183179
Benchmark Stats Training Round 72
W: 0.90, T: 0.00 (versus random)
W: 0.50, T: 0.00 (versus left)
W: 0.73, T: 0.00 (versus lvl1)
W: 0.30, T: 0.01 (versus lvl2)
Training round 72 completed in 3 minutes and 17 seconds.
Expected completion: 07:17 2020-05-19.
Training round 73 stats
Wins 0.51, Ties 0.00, Losses 0.48, Game Length 18.88 moves
Loss p1: 0.183010, Loss p2: 0.188165
Benchmark Stats Training Round 73
W: 0.87, T: 0.00 (versus random)
W: 1.00, T: 0.00 (versus left)
W: 0.63, T: 0.00 (versus lvl1)
W: 0.24, T: 0.00 (versus lvl2)
Training round 73 completed in 3 minutes and 20 seconds.
Expected completion: 07:18 2020-05-19.
Training round 74 stats
Wins 0.48, Ties 0.00, Losses 0.52, Game Length 18.23 moves
Loss p1: 0.198875, Loss p2: 0.204527
Benchmark Stats Training Round 74
W: 0.92, T: 0.00 (versus random)
W: 0.00, T: 0.00 (versus left)
W: 0.81, T: 0.00 (versus lvl1)
W: 0.33, T: 0.02 (versus lvl2)
Training round 74 completed in 3 minutes and 14 seconds.
Expected completion: 07:16 2020-05-19.
Training round 75 stats
Wins 0.50, Ties 0.00, Losses 0.50, Game Length 18.54 moves
Loss p1: 0.197799, Loss p2: 0.186266
Benchmark Stats Training Round 75
W: 0.82, T: 0.00 (versus random)
W: 0.00, T: 0.00 (versus left)
W: 0.77, T: 0.00 (versus lvl1)
W: 0.23, T: 0.01 (versus lvl2)
Training round 75 completed in 3 minutes and 19 seconds.
Expected completion: 07:18 2020-05-19.
Training round 76 stats
Wins 0.51, Ties 0.00, Losses 0.49, Game Length 18.86 moves
Loss p1: 0.187383, Loss p2: 0.189279
Benchmark Stats Training Round 76
W: 0.88, T: 0.00 (versus random)
W: 0.50, T: 0.00 (versus left)
W: 0.65, T: 0.00 (versus lvl1)
W: 0.25, T: 0.00 (versus lvl2)
Training round 76 completed in 3 minutes and 23 seconds.
Expected completion: 07:20 2020-05-19.
Training round 77 stats
Wins 0.51, Ties 0.00, Losses 0.49, Game Length 18.78 moves
Loss p1: 0.185793, Loss p2: 0.192618
Benchmark Stats Training Round 77
W: 0.96, T: 0.00 (versus random)
W: 0.50, T: 0.00 (versus left)
W: 0.82, T: 0.00 (versus lvl1)
W: 0.28, T: 0.00 (versus lvl2)
Training round 77 completed in 3 minutes and 19 seconds.
Expected completion: 07:18 2020-05-19.
Training round 78 stats
Wins 0.50, Ties 0.00, Losses 0.50, Game Length 18.85 moves
Loss p1: 0.193131, Loss p2: 0.192982
Benchmark Stats Training Round 78
W: 0.89, T: 0.00 (versus random)
W: 0.50, T: 0.00 (versus left)
W: 0.76, T: 0.00 (versus lvl1)
W: 0.26, T: 0.00 (versus lvl2)
Training round 78 completed in 3 minutes and 26 seconds.
Expected completion: 07:20 2020-05-19.
Training round 79 stats
Wins 0.50, Ties 0.00, Losses 0.49, Game Length 18.78 moves
Loss p1: 0.185840, Loss p2: 0.187625
Benchmark Stats Training Round 79
W: 0.92, T: 0.00 (versus random)
W: 0.50, T: 0.00 (versus left)
W: 0.85, T: 0.00 (versus lvl1)
W: 0.35, T: 0.01 (versus lvl2)
Training round 79 completed in 3 minutes and 19 seconds.
Expected completion: 07:18 2020-05-19.
Training round 80 stats
Wins 0.47, Ties 0.00, Losses 0.53, Game Length 18.45 moves
Loss p1: 0.191561, Loss p2: 0.190542
Benchmark Stats Training Round 80
W: 0.90, T: 0.00 (versus random)
W: 0.50, T: 0.00 (versus left)
W: 0.78, T: 0.00 (versus lvl1)
W: 0.31, T: 0.00 (versus lvl2)
Training round 80 completed in 3 minutes and 21 seconds.
Expected completion: 07:19 2020-05-19.
Training round 81 stats
Wins 0.47, Ties 0.00, Losses 0.52, Game Length 18.47 moves
Loss p1: 0.186936, Loss p2: 0.183937
Benchmark Stats Training Round 81
W: 0.94, T: 0.00 (versus random)
W: 0.50, T: 0.00 (versus left)
W: 0.85, T: 0.00 (versus lvl1)
W: 0.40, T: 0.00 (versus lvl2)
Training round 81 completed in 3 minutes and 18 seconds.
Expected completion: 07:18 2020-05-19.
Training round 82 stats
Wins 0.48, Ties 0.00, Losses 0.51, Game Length 19.03 moves
Loss p1: 0.193500, Loss p2: 0.188208
Benchmark Stats Training Round 82
W: 0.98, T: 0.00 (versus random)
W: 1.00, T: 0.00 (versus left)
W: 0.87, T: 0.00 (versus lvl1)
W: 0.29, T: 0.02 (versus lvl2)
Training round 82 completed in 3 minutes and 20 seconds.
Expected completion: 07:18 2020-05-19.
Training round 83 stats
Wins 0.48, Ties 0.00, Losses 0.51, Game Length 19.13 moves
Loss p1: 0.185968, Loss p2: 0.185758
Benchmark Stats Training Round 83
W: 0.87, T: 0.00 (versus random)
W: 0.50, T: 0.00 (versus left)
W: 0.84, T: 0.00 (versus lvl1)
W: 0.29, T: 0.01 (versus lvl2)
Training round 83 completed in 3 minutes and 21 seconds.
Expected completion: 07:19 2020-05-19.
Training round 84 stats
Wins 0.49, Ties 0.00, Losses 0.50, Game Length 18.66 moves
Loss p1: 0.185173, Loss p2: 0.193168
Benchmark Stats Training Round 84
W: 0.89, T: 0.00 (versus random)
W: 0.50, T: 0.00 (versus left)
W: 0.83, T: 0.00 (versus lvl1)
W: 0.32, T: 0.00 (versus lvl2)
Training round 84 completed in 3 minutes and 18 seconds.
Expected completion: 07:18 2020-05-19.
Training round 85 stats
Wins 0.51, Ties 0.00, Losses 0.49, Game Length 18.31 moves
Loss p1: 0.185625, Loss p2: 0.192886
Benchmark Stats Training Round 85
W: 0.92, T: 0.00 (versus random)
W: 1.00, T: 0.00 (versus left)
W: 0.84, T: 0.00 (versus lvl1)
W: 0.45, T: 0.00 (versus lvl2)
Training round 85 completed in 3 minutes and 13 seconds.
Expected completion: 07:16 2020-05-19.
Training round 86 stats
Wins 0.48, Ties 0.00, Losses 0.52, Game Length 18.72 moves
Loss p1: 0.192233, Loss p2: 0.193002
Benchmark Stats Training Round 86
W: 0.95, T: 0.00 (versus random)
W: 0.50, T: 0.00 (versus left)
W: 0.90, T: 0.00 (versus lvl1)
W: 0.44, T: 0.00 (versus lvl2)
Training round 86 completed in 3 minutes and 14 seconds.
Expected completion: 07:17 2020-05-19.
Training round 87 stats
Wins 0.51, Ties 0.00, Losses 0.49, Game Length 18.83 moves
Loss p1: 0.190741, Loss p2: 0.196634
Benchmark Stats Training Round 87
W: 0.94, T: 0.00 (versus random)
W: 1.00, T: 0.00 (versus left)
W: 0.97, T: 0.00 (versus lvl1)
W: 0.43, T: 0.01 (versus lvl2)
Training round 87 completed in 3 minutes and 19 seconds.
Expected completion: 07:18 2020-05-19.
Training round 88 stats
Wins 0.50, Ties 0.01, Losses 0.49, Game Length 19.10 moves
Loss p1: 0.195312, Loss p2: 0.196758
Benchmark Stats Training Round 88
W: 0.93, T: 0.00 (versus random)
W: 0.50, T: 0.00 (versus left)
W: 0.87, T: 0.00 (versus lvl1)
W: 0.34, T: 0.00 (versus lvl2)
Training round 88 completed in 3 minutes and 23 seconds.
Expected completion: 07:19 2020-05-19.
Training round 89 stats
Wins 0.51, Ties 0.00, Losses 0.49, Game Length 18.02 moves
Loss p1: 0.178916, Loss p2: 0.197817
Benchmark Stats Training Round 89
W: 0.94, T: 0.00 (versus random)
W: 0.50, T: 0.00 (versus left)
W: 0.92, T: 0.00 (versus lvl1)
W: 0.38, T: 0.00 (versus lvl2)
Training round 89 completed in 3 minutes and 20 seconds.
Expected completion: 07:18 2020-05-19.
Training round 90 stats
Wins 0.49, Ties 0.00, Losses 0.50, Game Length 18.10 moves
Loss p1: 0.199467, Loss p2: 0.200139
Benchmark Stats Training Round 90
W: 0.92, T: 0.00 (versus random)
W: 1.00, T: 0.00 (versus left)
W: 0.89, T: 0.00 (versus lvl1)
W: 0.48, T: 0.00 (versus lvl2)
Training round 90 completed in 3 minutes and 20 seconds.
Expected completion: 07:18 2020-05-19.
Training round 91 stats
Wins 0.51, Ties 0.00, Losses 0.49, Game Length 18.63 moves
Loss p1: 0.206373, Loss p2: 0.198774
Benchmark Stats Training Round 91
W: 0.97, T: 0.00 (versus random)
W: 0.50, T: 0.00 (versus left)
W: 0.89, T: 0.00 (versus lvl1)
W: 0.51, T: 0.00 (versus lvl2)
Training round 91 completed in 3 minutes and 25 seconds.
Expected completion: 07:19 2020-05-19.
Training round 92 stats
Wins 0.50, Ties 0.00, Losses 0.50, Game Length 18.75 moves
Loss p1: 0.191110, Loss p2: 0.209391
Benchmark Stats Training Round 92
W: 1.00, T: 0.00 (versus random)
W: 1.00, T: 0.00 (versus left)
W: 0.82, T: 0.00 (versus lvl1)
W: 0.31, T: 0.00 (versus lvl2)
Training round 92 completed in 3 minutes and 33 seconds.
Expected completion: 07:20 2020-05-19.
Training round 93 stats
Wins 0.51, Ties 0.00, Losses 0.49, Game Length 18.03 moves
Loss p1: 0.187877, Loss p2: 0.207406
Benchmark Stats Training Round 93
W: 0.96, T: 0.00 (versus random)
W: 1.00, T: 0.00 (versus left)
W: 0.86, T: 0.00 (versus lvl1)
W: 0.40, T: 0.00 (versus lvl2)
Training round 93 completed in 3 minutes and 23 seconds.
Expected completion: 07:19 2020-05-19.
Training round 94 stats
Wins 0.48, Ties 0.00, Losses 0.52, Game Length 18.33 moves
Loss p1: 0.197291, Loss p2: 0.209529
Benchmark Stats Training Round 94
W: 0.95, T: 0.00 (versus random)
W: 0.50, T: 0.00 (versus left)
W: 0.91, T: 0.00 (versus lvl1)
W: 0.42, T: 0.00 (versus lvl2)
Training round 94 completed in 3 minutes and 22 seconds.
Expected completion: 07:19 2020-05-19.
Training round 95 stats
Wins 0.52, Ties 0.00, Losses 0.47, Game Length 18.92 moves
Loss p1: 0.209097, Loss p2: 0.207268
Benchmark Stats Training Round 95
W: 0.94, T: 0.00 (versus random)
W: 0.50, T: 0.00 (versus left)
W: 0.83, T: 0.00 (versus lvl1)
W: 0.51, T: 0.00 (versus lvl2)
Training round 95 completed in 3 minutes and 25 seconds.
Expected completion: 07:19 2020-05-19.
Training round 96 stats
Wins 0.52, Ties 0.00, Losses 0.48, Game Length 19.00 moves
Loss p1: 0.201419, Loss p2: 0.211814
Benchmark Stats Training Round 96
W: 0.97, T: 0.00 (versus random)
W: 0.50, T: 0.00 (versus left)
W: 0.82, T: 0.00 (versus lvl1)
W: 0.39, T: 0.01 (versus lvl2)
Training round 96 completed in 3 minutes and 27 seconds.
Expected completion: 07:19 2020-05-19.
Training round 97 stats
Wins 0.52, Ties 0.00, Losses 0.48, Game Length 18.23 moves
Loss p1: 0.194234, Loss p2: 0.206238
Benchmark Stats Training Round 97
W: 0.98, T: 0.00 (versus random)
W: 0.50, T: 0.00 (versus left)
W: 0.91, T: 0.00 (versus lvl1)
W: 0.33, T: 0.01 (versus lvl2)
Training round 97 completed in 3 minutes and 15 seconds.
Expected completion: 07:18 2020-05-19.
Training round 98 stats
Wins 0.46, Ties 0.00, Losses 0.54, Game Length 18.75 moves
Loss p1: 0.191911, Loss p2: 0.194401
Benchmark Stats Training Round 98
W: 0.97, T: 0.00 (versus random)
W: 1.00, T: 0.00 (versus left)
W: 0.89, T: 0.00 (versus lvl1)
W: 0.47, T: 0.00 (versus lvl2)
Training round 98 completed in 3 minutes and 20 seconds.
Expected completion: 07:19 2020-05-19.
Training round 99 stats
Wins 0.49, Ties 0.00, Losses 0.51, Game Length 18.37 moves
Loss p1: 0.210368, Loss p2: 0.199645
Benchmark Stats Training Round 99
W: 0.87, T: 0.00 (versus random)
W: 1.00, T: 0.00 (versus left)
W: 0.88, T: 0.00 (versus lvl1)
W: 0.49, T: 0.00 (versus lvl2)
Training round 99 completed in 3 minutes and 28 seconds.
Expected completion: 07:19 2020-05-19.
Training round 100 stats
Wins 0.49, Ties 0.00, Losses 0.51, Game Length 18.20 moves
Loss p1: 0.205194, Loss p2: 0.207085
Benchmark Stats Training Round 100
W: 0.97, T: 0.00 (versus random)
W: 0.50, T: 0.00 (versus left)
W: 0.91, T: 0.00 (versus lvl1)
W: 0.50, T: 0.01 (versus lvl2)
Training round 100 completed in 3 minutes and 27 seconds.
Expected completion: 07:19 2020-05-19.
