Training Neural Net on Connect 4
  self_play_batch_size: 1000
  benchmark_batch_size: 100
  training_rounds: 100
  memory_size: 1000
  network: D
  exploration: no
  loss: MSE
  encoding: integer
  optimizer: Adam
  experience: yes

Benchmark Stats Training Round 0
W: 0.35, T: 0.00 (versus random)
W: 0.00, T: 0.00 (versus left)
W: 0.11, T: 0.00 (versus lvl1)
W: 0.00, T: 0.01 (versus lvl2)
Training round 1 stats
Wins 0.52, Ties 0.03, Losses 0.45, Game Length 22.34 moves
Loss p1: 0.144783, Loss p2: 0.146384
Benchmark Stats Training Round 1
W: 0.69, T: 0.00 (versus random)
W: 0.50, T: 0.00 (versus left)
W: 0.51, T: 0.00 (versus lvl1)
W: 0.16, T: 0.00 (versus lvl2)
Training round 1 completed in 4 minutes and 55 seconds.
Expected completion: 19:31 2020-05-18.
Training round 2 stats
Wins 0.56, Ties 0.01, Losses 0.42, Game Length 23.12 moves
Loss p1: 0.132918, Loss p2: 0.136710
Benchmark Stats Training Round 2
W: 0.72, T: 0.00 (versus random)
W: 0.50, T: 0.00 (versus left)
W: 0.43, T: 0.01 (versus lvl1)
W: 0.11, T: 0.00 (versus lvl2)
Training round 2 completed in 5 minutes and 11 seconds.
Expected completion: 19:58 2020-05-18.
Training round 3 stats
Wins 0.48, Ties 0.01, Losses 0.51, Game Length 20.21 moves
Loss p1: 0.152097, Loss p2: 0.149276
Benchmark Stats Training Round 3
W: 0.74, T: 0.00 (versus random)
W: 1.00, T: 0.00 (versus left)
W: 0.44, T: 0.00 (versus lvl1)
W: 0.22, T: 0.01 (versus lvl2)
Training round 3 completed in 4 minutes and 45 seconds.
Expected completion: 19:15 2020-05-18.
Training round 4 stats
Wins 0.61, Ties 0.01, Losses 0.38, Game Length 22.80 moves
Loss p1: 0.147478, Loss p2: 0.150278
Benchmark Stats Training Round 4
W: 0.80, T: 0.00 (versus random)
W: 0.00, T: 0.00 (versus left)
W: 0.67, T: 0.00 (versus lvl1)
W: 0.26, T: 0.00 (versus lvl2)
Training round 4 completed in 5 minutes and 8 seconds.
Expected completion: 19:52 2020-05-18.
Training round 5 stats
Wins 0.50, Ties 0.01, Losses 0.49, Game Length 20.32 moves
Loss p1: 0.172485, Loss p2: 0.173324
Benchmark Stats Training Round 5
W: 0.77, T: 0.00 (versus random)
W: 0.00, T: 0.00 (versus left)
W: 0.61, T: 0.00 (versus lvl1)
W: 0.19, T: 0.01 (versus lvl2)
Training round 5 completed in 4 minutes and 44 seconds.
Expected completion: 19:14 2020-05-18.
Training round 6 stats
Wins 0.59, Ties 0.00, Losses 0.41, Game Length 21.54 moves
Loss p1: 0.134378, Loss p2: 0.130114
Benchmark Stats Training Round 6
W: 0.82, T: 0.00 (versus random)
W: 0.00, T: 0.00 (versus left)
W: 0.71, T: 0.00 (versus lvl1)
W: 0.14, T: 0.00 (versus lvl2)
Training round 6 completed in 4 minutes and 56 seconds.
Expected completion: 19:33 2020-05-18.
Training round 7 stats
Wins 0.56, Ties 0.01, Losses 0.43, Game Length 23.11 moves
Loss p1: 0.154635, Loss p2: 0.156534
Benchmark Stats Training Round 7
W: 0.68, T: 0.00 (versus random)
W: 1.00, T: 0.00 (versus left)
W: 0.51, T: 0.00 (versus lvl1)
W: 0.11, T: 0.01 (versus lvl2)
Training round 7 completed in 5 minutes and 13 seconds.
Expected completion: 20:00 2020-05-18.
Training round 8 stats
Wins 0.50, Ties 0.01, Losses 0.49, Game Length 22.85 moves
Loss p1: 0.159511, Loss p2: 0.161837
Benchmark Stats Training Round 8
W: 0.74, T: 0.00 (versus random)
W: 0.50, T: 0.00 (versus left)
W: 0.49, T: 0.00 (versus lvl1)
W: 0.18, T: 0.00 (versus lvl2)
Training round 8 completed in 5 minutes and 14 seconds.
Expected completion: 20:01 2020-05-18.
Training round 9 stats
Wins 0.44, Ties 0.03, Losses 0.54, Game Length 22.14 moves
Loss p1: 0.164653, Loss p2: 0.158163
Benchmark Stats Training Round 9
W: 0.83, T: 0.00 (versus random)
W: 0.50, T: 0.00 (versus left)
W: 0.60, T: 0.00 (versus lvl1)
W: 0.11, T: 0.00 (versus lvl2)
Training round 9 completed in 4 minutes and 59 seconds.
Expected completion: 19:39 2020-05-18.
Training round 10 stats
Wins 0.45, Ties 0.01, Losses 0.54, Game Length 20.95 moves
Loss p1: 0.153914, Loss p2: 0.148776
Benchmark Stats Training Round 10
W: 0.65, T: 0.00 (versus random)
W: 0.50, T: 0.00 (versus left)
W: 0.50, T: 0.00 (versus lvl1)
W: 0.15, T: 0.00 (versus lvl2)
Training round 10 completed in 4 minutes and 49 seconds.
Expected completion: 19:23 2020-05-18.
Training round 11 stats
Wins 0.44, Ties 0.01, Losses 0.56, Game Length 21.11 moves
Loss p1: 0.153707, Loss p2: 0.147641
Benchmark Stats Training Round 11
W: 0.62, T: 0.00 (versus random)
W: 0.50, T: 0.00 (versus left)
W: 0.54, T: 0.00 (versus lvl1)
W: 0.14, T: 0.02 (versus lvl2)
Training round 11 completed in 4 minutes and 58 seconds.
Expected completion: 19:36 2020-05-18.
Training round 12 stats
Wins 0.53, Ties 0.01, Losses 0.46, Game Length 19.47 moves
Loss p1: 0.162460, Loss p2: 0.157923
Benchmark Stats Training Round 12
W: 0.86, T: 0.00 (versus random)
W: 1.00, T: 0.00 (versus left)
W: 0.70, T: 0.00 (versus lvl1)
W: 0.16, T: 0.01 (versus lvl2)
Training round 12 completed in 4 minutes and 44 seconds.
Expected completion: 19:16 2020-05-18.
Training round 13 stats
Wins 0.70, Ties 0.01, Losses 0.29, Game Length 20.77 moves
Loss p1: 0.134775, Loss p2: 0.132878
Benchmark Stats Training Round 13
W: 0.86, T: 0.01 (versus random)
W: 0.50, T: 0.00 (versus left)
W: 0.71, T: 0.00 (versus lvl1)
W: 0.24, T: 0.00 (versus lvl2)
Training round 13 completed in 4 minutes and 46 seconds.
Expected completion: 19:18 2020-05-18.
Training round 14 stats
Wins 0.60, Ties 0.00, Losses 0.40, Game Length 23.50 moves
Loss p1: 0.163650, Loss p2: 0.154678
Benchmark Stats Training Round 14
W: 0.64, T: 0.00 (versus random)
W: 0.50, T: 0.00 (versus left)
W: 0.51, T: 0.00 (versus lvl1)
W: 0.07, T: 0.00 (versus lvl2)
Training round 14 completed in 5 minutes and 16 seconds.
Expected completion: 20:02 2020-05-18.
Training round 15 stats
Wins 0.55, Ties 0.01, Losses 0.44, Game Length 21.79 moves
Loss p1: 0.158966, Loss p2: 0.151457
Benchmark Stats Training Round 15
W: 0.77, T: 0.00 (versus random)
W: 0.00, T: 0.00 (versus left)
W: 0.57, T: 0.00 (versus lvl1)
W: 0.16, T: 0.02 (versus lvl2)
Training round 15 completed in 5 minutes and 3 seconds.
Expected completion: 19:43 2020-05-18.
Training round 16 stats
Wins 0.53, Ties 0.01, Losses 0.46, Game Length 20.15 moves
Loss p1: 0.164341, Loss p2: 0.157858
Benchmark Stats Training Round 16
W: 0.78, T: 0.00 (versus random)
W: 0.00, T: 0.00 (versus left)
W: 0.59, T: 0.00 (versus lvl1)
W: 0.28, T: 0.00 (versus lvl2)
Training round 16 completed in 4 minutes and 43 seconds.
Expected completion: 19:15 2020-05-18.
Training round 17 stats
Wins 0.56, Ties 0.00, Losses 0.44, Game Length 20.02 moves
Loss p1: 0.174265, Loss p2: 0.169304
Benchmark Stats Training Round 17
W: 0.83, T: 0.00 (versus random)
W: 0.50, T: 0.00 (versus left)
W: 0.72, T: 0.00 (versus lvl1)
W: 0.12, T: 0.00 (versus lvl2)
Training round 17 completed in 4 minutes and 54 seconds.
Expected completion: 19:30 2020-05-18.
Training round 18 stats
Wins 0.60, Ties 0.00, Losses 0.40, Game Length 20.25 moves
Loss p1: 0.154261, Loss p2: 0.156226
Benchmark Stats Training Round 18
W: 0.95, T: 0.00 (versus random)
W: 0.50, T: 0.00 (versus left)
W: 0.84, T: 0.00 (versus lvl1)
W: 0.25, T: 0.02 (versus lvl2)
Training round 18 completed in 4 minutes and 47 seconds.
Expected completion: 19:21 2020-05-18.
Training round 19 stats
Wins 0.52, Ties 0.01, Losses 0.47, Game Length 20.91 moves
Loss p1: 0.171184, Loss p2: 0.171327
Benchmark Stats Training Round 19
W: 0.83, T: 0.00 (versus random)
W: 1.00, T: 0.00 (versus left)
W: 0.72, T: 0.00 (versus lvl1)
W: 0.25, T: 0.02 (versus lvl2)
Training round 19 completed in 4 minutes and 56 seconds.
Expected completion: 19:33 2020-05-18.
Training round 20 stats
Wins 0.61, Ties 0.01, Losses 0.38, Game Length 21.46 moves
Loss p1: 0.139401, Loss p2: 0.142245
Benchmark Stats Training Round 20
W: 0.94, T: 0.00 (versus random)
W: 1.00, T: 0.00 (versus left)
W: 0.81, T: 0.00 (versus lvl1)
W: 0.33, T: 0.00 (versus lvl2)
Training round 20 completed in 4 minutes and 58 seconds.
Expected completion: 19:36 2020-05-18.
Training round 21 stats
Wins 0.63, Ties 0.00, Losses 0.36, Game Length 22.41 moves
Loss p1: 0.143510, Loss p2: 0.144518
Benchmark Stats Training Round 21
W: 0.78, T: 0.00 (versus random)
W: 1.00, T: 0.00 (versus left)
W: 0.75, T: 0.00 (versus lvl1)
W: 0.36, T: 0.01 (versus lvl2)
Training round 21 completed in 5 minutes and 7 seconds.
Expected completion: 19:48 2020-05-18.
Training round 22 stats
Wins 0.65, Ties 0.00, Losses 0.35, Game Length 20.93 moves
Loss p1: 0.143671, Loss p2: 0.150311
Benchmark Stats Training Round 22
W: 0.86, T: 0.00 (versus random)
W: 0.50, T: 0.00 (versus left)
W: 0.60, T: 0.00 (versus lvl1)
W: 0.34, T: 0.02 (versus lvl2)
Training round 22 completed in 4 minutes and 53 seconds.
Expected completion: 19:29 2020-05-18.
Training round 23 stats
Wins 0.66, Ties 0.00, Losses 0.34, Game Length 19.93 moves
Loss p1: 0.141195, Loss p2: 0.148213
Benchmark Stats Training Round 23
W: 0.84, T: 0.00 (versus random)
W: 0.50, T: 0.00 (versus left)
W: 0.73, T: 0.00 (versus lvl1)
W: 0.24, T: 0.01 (versus lvl2)
Training round 23 completed in 4 minutes and 48 seconds.
Expected completion: 19:23 2020-05-18.
Training round 24 stats
Wins 0.55, Ties 0.01, Losses 0.44, Game Length 20.26 moves
Loss p1: 0.154533, Loss p2: 0.156452
Benchmark Stats Training Round 24
W: 0.81, T: 0.00 (versus random)
W: 1.00, T: 0.00 (versus left)
W: 0.64, T: 0.00 (versus lvl1)
W: 0.30, T: 0.00 (versus lvl2)
Training round 24 completed in 4 minutes and 54 seconds.
Expected completion: 19:31 2020-05-18.
Training round 25 stats
Wins 0.65, Ties 0.01, Losses 0.34, Game Length 20.13 moves
Loss p1: 0.140240, Loss p2: 0.143850
Benchmark Stats Training Round 25
W: 0.81, T: 0.00 (versus random)
W: 0.00, T: 0.00 (versus left)
W: 0.71, T: 0.00 (versus lvl1)
W: 0.16, T: 0.00 (versus lvl2)
Training round 25 completed in 4 minutes and 43 seconds.
Expected completion: 19:16 2020-05-18.
Training round 26 stats
Wins 0.45, Ties 0.01, Losses 0.55, Game Length 19.94 moves
Loss p1: 0.162447, Loss p2: 0.162551
Benchmark Stats Training Round 26
W: 0.92, T: 0.01 (versus random)
W: 0.50, T: 0.00 (versus left)
W: 0.75, T: 0.00 (versus lvl1)
W: 0.23, T: 0.01 (versus lvl2)
Training round 26 completed in 4 minutes and 41 seconds.
Expected completion: 19:14 2020-05-18.
Training round 27 stats
Wins 0.51, Ties 0.00, Losses 0.49, Game Length 19.78 moves
Loss p1: 0.163372, Loss p2: 0.165076
Benchmark Stats Training Round 27
W: 0.81, T: 0.00 (versus random)
W: 1.00, T: 0.00 (versus left)
W: 0.51, T: 0.00 (versus lvl1)
W: 0.13, T: 0.00 (versus lvl2)
Training round 27 completed in 4 minutes and 42 seconds.
Expected completion: 19:15 2020-05-18.
Training round 28 stats
Wins 0.51, Ties 0.01, Losses 0.48, Game Length 20.75 moves
Loss p1: 0.165708, Loss p2: 0.168192
Benchmark Stats Training Round 28
W: 0.79, T: 0.00 (versus random)
W: 0.50, T: 0.00 (versus left)
W: 0.56, T: 0.00 (versus lvl1)
W: 0.28, T: 0.00 (versus lvl2)
Training round 28 completed in 4 minutes and 49 seconds.
Expected completion: 19:24 2020-05-18.
Training round 29 stats
Wins 0.57, Ties 0.00, Losses 0.43, Game Length 18.82 moves
Loss p1: 0.181862, Loss p2: 0.184052
Benchmark Stats Training Round 29
W: 0.82, T: 0.01 (versus random)
W: 0.00, T: 0.00 (versus left)
W: 0.72, T: 0.00 (versus lvl1)
W: 0.18, T: 0.00 (versus lvl2)
Training round 29 completed in 4 minutes and 29 seconds.
Expected completion: 19:01 2020-05-18.
Training round 30 stats
Wins 0.56, Ties 0.01, Losses 0.44, Game Length 20.77 moves
Loss p1: 0.174999, Loss p2: 0.173589
Benchmark Stats Training Round 30
W: 0.90, T: 0.00 (versus random)
W: 0.50, T: 0.00 (versus left)
W: 0.68, T: 0.00 (versus lvl1)
W: 0.25, T: 0.01 (versus lvl2)
Training round 30 completed in 4 minutes and 51 seconds.
Expected completion: 19:26 2020-05-18.
Training round 31 stats
Wins 0.57, Ties 0.01, Losses 0.42, Game Length 18.13 moves
Loss p1: 0.163759, Loss p2: 0.161367
Benchmark Stats Training Round 31
W: 0.82, T: 0.01 (versus random)
W: 0.50, T: 0.00 (versus left)
W: 0.64, T: 0.00 (versus lvl1)
W: 0.16, T: 0.00 (versus lvl2)
Training round 31 completed in 4 minutes and 30 seconds.
Expected completion: 19:01 2020-05-18.
Training round 32 stats
Wins 0.57, Ties 0.00, Losses 0.43, Game Length 20.31 moves
Loss p1: 0.157016, Loss p2: 0.153459
Benchmark Stats Training Round 32
W: 0.85, T: 0.00 (versus random)
W: 0.00, T: 0.00 (versus left)
W: 0.72, T: 0.00 (versus lvl1)
W: 0.16, T: 0.01 (versus lvl2)
Training round 32 completed in 4 minutes and 46 seconds.
Expected completion: 19:20 2020-05-18.
Training round 33 stats
Wins 0.51, Ties 0.00, Losses 0.49, Game Length 19.68 moves
Loss p1: 0.160522, Loss p2: 0.168375
Benchmark Stats Training Round 33
W: 0.80, T: 0.00 (versus random)
W: 0.50, T: 0.00 (versus left)
W: 0.66, T: 0.00 (versus lvl1)
W: 0.08, T: 0.01 (versus lvl2)
Training round 33 completed in 4 minutes and 44 seconds.
Expected completion: 19:17 2020-05-18.
Training round 34 stats
Wins 0.49, Ties 0.00, Losses 0.51, Game Length 21.06 moves
Loss p1: 0.149823, Loss p2: 0.144761
Benchmark Stats Training Round 34
W: 0.75, T: 0.00 (versus random)
W: 1.00, T: 0.00 (versus left)
W: 0.55, T: 0.00 (versus lvl1)
W: 0.25, T: 0.01 (versus lvl2)
Training round 34 completed in 4 minutes and 50 seconds.
Expected completion: 19:25 2020-05-18.
Training round 35 stats
Wins 0.48, Ties 0.00, Losses 0.52, Game Length 20.96 moves
Loss p1: 0.160732, Loss p2: 0.160560
Benchmark Stats Training Round 35
W: 0.73, T: 0.00 (versus random)
W: 0.00, T: 0.00 (versus left)
W: 0.63, T: 0.00 (versus lvl1)
W: 0.14, T: 0.01 (versus lvl2)
Training round 35 completed in 5 minutes and 2 seconds.
Expected completion: 19:37 2020-05-18.
Training round 36 stats
Wins 0.46, Ties 0.01, Losses 0.53, Game Length 21.33 moves
Loss p1: 0.152987, Loss p2: 0.146922
Benchmark Stats Training Round 36
W: 0.85, T: 0.00 (versus random)
W: 1.00, T: 0.00 (versus left)
W: 0.72, T: 0.00 (versus lvl1)
W: 0.23, T: 0.00 (versus lvl2)
Training round 36 completed in 4 minutes and 59 seconds.
Expected completion: 19:35 2020-05-18.
Training round 37 stats
Wins 0.54, Ties 0.00, Losses 0.45, Game Length 21.05 moves
Loss p1: 0.170124, Loss p2: 0.172188
Benchmark Stats Training Round 37
W: 0.80, T: 0.00 (versus random)
W: 0.00, T: 0.00 (versus left)
W: 0.65, T: 0.00 (versus lvl1)
W: 0.20, T: 0.01 (versus lvl2)
Training round 37 completed in 4 minutes and 59 seconds.
Expected completion: 19:34 2020-05-18.
Training round 38 stats
Wins 0.46, Ties 0.01, Losses 0.53, Game Length 22.04 moves
Loss p1: 0.154945, Loss p2: 0.159932
Benchmark Stats Training Round 38
W: 0.88, T: 0.00 (versus random)
W: 0.50, T: 0.00 (versus left)
W: 0.68, T: 0.00 (versus lvl1)
W: 0.24, T: 0.00 (versus lvl2)
Training round 38 completed in 4 minutes and 56 seconds.
Expected completion: 19:31 2020-05-18.
Training round 39 stats
Wins 0.48, Ties 0.00, Losses 0.52, Game Length 20.41 moves
Loss p1: 0.166109, Loss p2: 0.163458
Benchmark Stats Training Round 39
W: 0.90, T: 0.00 (versus random)
W: 0.50, T: 0.00 (versus left)
W: 0.71, T: 0.00 (versus lvl1)
W: 0.30, T: 0.00 (versus lvl2)
Training round 39 completed in 4 minutes and 48 seconds.
Expected completion: 19:23 2020-05-18.
Training round 40 stats
Wins 0.63, Ties 0.00, Losses 0.37, Game Length 20.14 moves
Loss p1: 0.160158, Loss p2: 0.168129
Benchmark Stats Training Round 40
W: 0.88, T: 0.02 (versus random)
W: 0.50, T: 0.00 (versus left)
W: 0.78, T: 0.00 (versus lvl1)
W: 0.26, T: 0.01 (versus lvl2)
Training round 40 completed in 4 minutes and 43 seconds.
Expected completion: 19:18 2020-05-18.
Training round 41 stats
Wins 0.52, Ties 0.00, Losses 0.48, Game Length 17.99 moves
Loss p1: 0.166706, Loss p2: 0.173674
Benchmark Stats Training Round 41
W: 0.89, T: 0.00 (versus random)
W: 1.00, T: 0.00 (versus left)
W: 0.79, T: 0.00 (versus lvl1)
W: 0.24, T: 0.02 (versus lvl2)
Training round 41 completed in 4 minutes and 25 seconds.
Expected completion: 19:00 2020-05-18.
Training round 42 stats
Wins 0.57, Ties 0.00, Losses 0.43, Game Length 17.45 moves
Loss p1: 0.169962, Loss p2: 0.175800
Benchmark Stats Training Round 42
W: 0.88, T: 0.00 (versus random)
W: 0.50, T: 0.00 (versus left)
W: 0.82, T: 0.00 (versus lvl1)
W: 0.36, T: 0.00 (versus lvl2)
Training round 42 completed in 4 minutes and 16 seconds.
Expected completion: 18:51 2020-05-18.
Training round 43 stats
Wins 0.54, Ties 0.00, Losses 0.46, Game Length 19.54 moves
Loss p1: 0.161415, Loss p2: 0.164199
Benchmark Stats Training Round 43
W: 0.85, T: 0.00 (versus random)
W: 0.50, T: 0.00 (versus left)
W: 0.74, T: 0.00 (versus lvl1)
W: 0.20, T: 0.00 (versus lvl2)
Training round 43 completed in 4 minutes and 27 seconds.
Expected completion: 19:01 2020-05-18.
Training round 44 stats
Wins 0.62, Ties 0.00, Losses 0.38, Game Length 17.89 moves
Loss p1: 0.152816, Loss p2: 0.158331
Benchmark Stats Training Round 44
W: 0.91, T: 0.00 (versus random)
W: 0.50, T: 0.00 (versus left)
W: 0.75, T: 0.00 (versus lvl1)
W: 0.34, T: 0.01 (versus lvl2)
Training round 44 completed in 3 minutes and 55 seconds.
Expected completion: 18:31 2020-05-18.
Training round 45 stats
Wins 0.53, Ties 0.01, Losses 0.46, Game Length 20.39 moves
Loss p1: 0.165795, Loss p2: 0.163630
Benchmark Stats Training Round 45
W: 0.89, T: 0.00 (versus random)
W: 0.50, T: 0.00 (versus left)
W: 0.67, T: 0.00 (versus lvl1)
W: 0.26, T: 0.00 (versus lvl2)
Training round 45 completed in 4 minutes and 10 seconds.
Expected completion: 18:45 2020-05-18.
Training round 46 stats
Wins 0.44, Ties 0.00, Losses 0.55, Game Length 16.29 moves
Loss p1: 0.162635, Loss p2: 0.156006
Benchmark Stats Training Round 46
W: 0.92, T: 0.00 (versus random)
W: 0.50, T: 0.00 (versus left)
W: 0.81, T: 0.00 (versus lvl1)
W: 0.29, T: 0.00 (versus lvl2)
Training round 46 completed in 3 minutes and 40 seconds.
Expected completion: 18:17 2020-05-18.
Training round 47 stats
Wins 0.60, Ties 0.00, Losses 0.40, Game Length 19.73 moves
Loss p1: 0.152630, Loss p2: 0.150315
Benchmark Stats Training Round 47
W: 0.86, T: 0.00 (versus random)
W: 1.00, T: 0.00 (versus left)
W: 0.75, T: 0.00 (versus lvl1)
W: 0.37, T: 0.01 (versus lvl2)
Training round 47 completed in 4 minutes and 9 seconds.
Expected completion: 18:43 2020-05-18.
Training round 48 stats
Wins 0.47, Ties 0.01, Losses 0.53, Game Length 20.88 moves
Loss p1: 0.163577, Loss p2: 0.166274
Benchmark Stats Training Round 48
W: 0.82, T: 0.00 (versus random)
W: 1.00, T: 0.00 (versus left)
W: 0.77, T: 0.00 (versus lvl1)
W: 0.32, T: 0.00 (versus lvl2)
Training round 48 completed in 4 minutes and 19 seconds.
Expected completion: 18:52 2020-05-18.
Training round 49 stats
Wins 0.54, Ties 0.01, Losses 0.45, Game Length 20.55 moves
Loss p1: 0.173566, Loss p2: 0.179855
Benchmark Stats Training Round 49
W: 0.85, T: 0.00 (versus random)
W: 0.50, T: 0.00 (versus left)
W: 0.80, T: 0.00 (versus lvl1)
W: 0.24, T: 0.01 (versus lvl2)
Training round 49 completed in 4 minutes and 10 seconds.
Expected completion: 18:45 2020-05-18.
Training round 50 stats
Wins 0.47, Ties 0.00, Losses 0.52, Game Length 20.50 moves
Loss p1: 0.168136, Loss p2: 0.165180
Benchmark Stats Training Round 50
W: 0.86, T: 0.00 (versus random)
W: 0.50, T: 0.00 (versus left)
W: 0.80, T: 0.00 (versus lvl1)
W: 0.28, T: 0.00 (versus lvl2)
Training round 50 completed in 4 minutes and 19 seconds.
Expected completion: 18:52 2020-05-18.
Training round 51 stats
Wins 0.53, Ties 0.01, Losses 0.47, Game Length 19.60 moves
Loss p1: 0.151254, Loss p2: 0.155075
Benchmark Stats Training Round 51
W: 0.91, T: 0.00 (versus random)
W: 0.50, T: 0.00 (versus left)
W: 0.81, T: 0.00 (versus lvl1)
W: 0.27, T: 0.00 (versus lvl2)
Training round 51 completed in 4 minutes and 2 seconds.
Expected completion: 18:38 2020-05-18.
Training round 52 stats
Wins 0.61, Ties 0.00, Losses 0.38, Game Length 19.05 moves
Loss p1: 0.150432, Loss p2: 0.153375
Benchmark Stats Training Round 52
W: 0.88, T: 0.01 (versus random)
W: 1.00, T: 0.00 (versus left)
W: 0.76, T: 0.00 (versus lvl1)
W: 0.19, T: 0.04 (versus lvl2)
Training round 52 completed in 4 minutes and 12 seconds.
Expected completion: 18:46 2020-05-18.
Training round 53 stats
Wins 0.42, Ties 0.00, Losses 0.58, Game Length 18.22 moves
Loss p1: 0.137842, Loss p2: 0.138983
Benchmark Stats Training Round 53
W: 0.94, T: 0.00 (versus random)
W: 1.00, T: 0.00 (versus left)
W: 0.74, T: 0.00 (versus lvl1)
W: 0.22, T: 0.01 (versus lvl2)
Training round 53 completed in 4 minutes and 0 seconds.
Expected completion: 18:37 2020-05-18.
Training round 54 stats
Wins 0.55, Ties 0.00, Losses 0.45, Game Length 20.20 moves
Loss p1: 0.168419, Loss p2: 0.168865
Benchmark Stats Training Round 54
W: 0.90, T: 0.00 (versus random)
W: 1.00, T: 0.00 (versus left)
W: 0.77, T: 0.00 (versus lvl1)
W: 0.24, T: 0.02 (versus lvl2)
Training round 54 completed in 4 minutes and 16 seconds.
Expected completion: 18:49 2020-05-18.
Training round 55 stats
Wins 0.49, Ties 0.01, Losses 0.50, Game Length 18.76 moves
Loss p1: 0.190502, Loss p2: 0.187010
Benchmark Stats Training Round 55
W: 0.90, T: 0.00 (versus random)
W: 0.50, T: 0.00 (versus left)
W: 0.72, T: 0.00 (versus lvl1)
W: 0.20, T: 0.02 (versus lvl2)
Training round 55 completed in 3 minutes and 53 seconds.
Expected completion: 18:32 2020-05-18.
Training round 56 stats
Wins 0.63, Ties 0.00, Losses 0.36, Game Length 19.75 moves
Loss p1: 0.171635, Loss p2: 0.178114
Benchmark Stats Training Round 56
W: 0.78, T: 0.01 (versus random)
W: 0.50, T: 0.00 (versus left)
W: 0.63, T: 0.00 (versus lvl1)
W: 0.17, T: 0.00 (versus lvl2)
Training round 56 completed in 4 minutes and 11 seconds.
Expected completion: 18:45 2020-05-18.
Training round 57 stats
Wins 0.64, Ties 0.01, Losses 0.35, Game Length 18.59 moves
Loss p1: 0.163776, Loss p2: 0.168068
Benchmark Stats Training Round 57
W: 0.95, T: 0.00 (versus random)
W: 0.50, T: 0.00 (versus left)
W: 0.89, T: 0.00 (versus lvl1)
W: 0.44, T: 0.01 (versus lvl2)
Training round 57 completed in 3 minutes and 59 seconds.
Expected completion: 18:36 2020-05-18.
Training round 58 stats
Wins 0.64, Ties 0.01, Losses 0.36, Game Length 20.53 moves
Loss p1: 0.159187, Loss p2: 0.161314
Benchmark Stats Training Round 58
W: 0.94, T: 0.00 (versus random)
W: 0.50, T: 0.00 (versus left)
W: 0.74, T: 0.00 (versus lvl1)
W: 0.38, T: 0.02 (versus lvl2)
Training round 58 completed in 4 minutes and 20 seconds.
Expected completion: 18:51 2020-05-18.
Training round 59 stats
Wins 0.59, Ties 0.01, Losses 0.40, Game Length 18.99 moves
Loss p1: 0.156352, Loss p2: 0.150094
Benchmark Stats Training Round 59
W: 0.84, T: 0.00 (versus random)
W: 0.50, T: 0.00 (versus left)
W: 0.69, T: 0.00 (versus lvl1)
W: 0.23, T: 0.01 (versus lvl2)
Training round 59 completed in 4 minutes and 22 seconds.
Expected completion: 18:53 2020-05-18.
Training round 60 stats
Wins 0.60, Ties 0.01, Losses 0.39, Game Length 20.24 moves
Loss p1: 0.167337, Loss p2: 0.169895
Benchmark Stats Training Round 60
W: 0.85, T: 0.00 (versus random)
W: 1.00, T: 0.00 (versus left)
W: 0.72, T: 0.00 (versus lvl1)
W: 0.26, T: 0.00 (versus lvl2)
Training round 60 completed in 4 minutes and 44 seconds.
Expected completion: 19:08 2020-05-18.
Training round 61 stats
Wins 0.52, Ties 0.00, Losses 0.48, Game Length 18.96 moves
Loss p1: 0.195602, Loss p2: 0.190869
Benchmark Stats Training Round 61
W: 0.88, T: 0.00 (versus random)
W: 1.00, T: 0.00 (versus left)
W: 0.76, T: 0.00 (versus lvl1)
W: 0.29, T: 0.00 (versus lvl2)
Training round 61 completed in 4 minutes and 21 seconds.
Expected completion: 18:53 2020-05-18.
Training round 62 stats
Wins 0.58, Ties 0.01, Losses 0.42, Game Length 21.11 moves
Loss p1: 0.169427, Loss p2: 0.170470
Benchmark Stats Training Round 62
W: 0.83, T: 0.00 (versus random)
W: 0.50, T: 0.00 (versus left)
W: 0.70, T: 0.00 (versus lvl1)
W: 0.16, T: 0.00 (versus lvl2)
Training round 62 completed in 5 minutes and 0 seconds.
Expected completion: 19:18 2020-05-18.
Training round 63 stats
Wins 0.63, Ties 0.00, Losses 0.36, Game Length 20.16 moves
Loss p1: 0.165795, Loss p2: 0.167241
Benchmark Stats Training Round 63
W: 0.95, T: 0.00 (versus random)
W: 1.00, T: 0.00 (versus left)
W: 0.69, T: 0.00 (versus lvl1)
W: 0.29, T: 0.00 (versus lvl2)
Training round 63 completed in 4 minutes and 28 seconds.
Expected completion: 18:57 2020-05-18.
Training round 64 stats
Wins 0.57, Ties 0.00, Losses 0.43, Game Length 18.79 moves
Loss p1: 0.166806, Loss p2: 0.166277
Benchmark Stats Training Round 64
W: 0.90, T: 0.00 (versus random)
W: 1.00, T: 0.00 (versus left)
W: 0.84, T: 0.00 (versus lvl1)
W: 0.31, T: 0.01 (versus lvl2)
Training round 64 completed in 4 minutes and 7 seconds.
Expected completion: 18:45 2020-05-18.
Training round 65 stats
Wins 0.51, Ties 0.01, Losses 0.49, Game Length 19.27 moves
Loss p1: 0.161413, Loss p2: 0.155874
Benchmark Stats Training Round 65
W: 0.88, T: 0.00 (versus random)
W: 1.00, T: 0.00 (versus left)
W: 0.74, T: 0.00 (versus lvl1)
W: 0.26, T: 0.01 (versus lvl2)
Training round 65 completed in 4 minutes and 51 seconds.
Expected completion: 19:11 2020-05-18.
Training round 66 stats
Wins 0.63, Ties 0.01, Losses 0.36, Game Length 20.05 moves
Loss p1: 0.171805, Loss p2: 0.167569
Benchmark Stats Training Round 66
W: 0.93, T: 0.00 (versus random)
W: 1.00, T: 0.00 (versus left)
W: 0.73, T: 0.00 (versus lvl1)
W: 0.27, T: 0.00 (versus lvl2)
Training round 66 completed in 4 minutes and 56 seconds.
Expected completion: 19:14 2020-05-18.
Training round 67 stats
Wins 0.58, Ties 0.00, Losses 0.41, Game Length 19.08 moves
Loss p1: 0.168585, Loss p2: 0.163824
Benchmark Stats Training Round 67
W: 0.89, T: 0.00 (versus random)
W: 0.50, T: 0.00 (versus left)
W: 0.78, T: 0.00 (versus lvl1)
W: 0.33, T: 0.00 (versus lvl2)
Training round 67 completed in 4 minutes and 58 seconds.
Expected completion: 19:15 2020-05-18.
Training round 68 stats
Wins 0.60, Ties 0.00, Losses 0.40, Game Length 20.08 moves
Loss p1: 0.172349, Loss p2: 0.169963
Benchmark Stats Training Round 68
W: 0.86, T: 0.00 (versus random)
W: 1.00, T: 0.00 (versus left)
W: 0.78, T: 0.00 (versus lvl1)
W: 0.29, T: 0.01 (versus lvl2)
Training round 68 completed in 5 minutes and 31 seconds.
Expected completion: 19:33 2020-05-18.
Training round 69 stats
Wins 0.62, Ties 0.00, Losses 0.38, Game Length 21.99 moves
Loss p1: 0.171783, Loss p2: 0.166401
Benchmark Stats Training Round 69
W: 0.92, T: 0.00 (versus random)
W: 1.00, T: 0.00 (versus left)
W: 0.76, T: 0.00 (versus lvl1)
W: 0.36, T: 0.00 (versus lvl2)
Training round 69 completed in 6 minutes and 21 seconds.
Expected completion: 20:00 2020-05-18.
Training round 70 stats
Wins 0.63, Ties 0.00, Losses 0.37, Game Length 19.92 moves
Loss p1: 0.166857, Loss p2: 0.167175
Benchmark Stats Training Round 70
W: 0.77, T: 0.00 (versus random)
W: 1.00, T: 0.00 (versus left)
W: 0.66, T: 0.00 (versus lvl1)
W: 0.31, T: 0.01 (versus lvl2)
Training round 70 completed in 4 minutes and 13 seconds.
Expected completion: 18:54 2020-05-18.
Training round 71 stats
Wins 0.61, Ties 0.01, Losses 0.38, Game Length 21.27 moves
Loss p1: 0.176566, Loss p2: 0.172940
Benchmark Stats Training Round 71
W: 0.90, T: 0.00 (versus random)
W: 0.50, T: 0.00 (versus left)
W: 0.84, T: 0.00 (versus lvl1)
W: 0.35, T: 0.00 (versus lvl2)
Training round 71 completed in 4 minutes and 45 seconds.
Expected completion: 19:10 2020-05-18.
Training round 72 stats
Wins 0.60, Ties 0.03, Losses 0.37, Game Length 22.22 moves
Loss p1: 0.160918, Loss p2: 0.161290
Benchmark Stats Training Round 72
W: 0.93, T: 0.00 (versus random)
W: 1.00, T: 0.00 (versus left)
W: 0.82, T: 0.00 (versus lvl1)
W: 0.26, T: 0.01 (versus lvl2)
Training round 72 completed in 5 minutes and 34 seconds.
Expected completion: 19:34 2020-05-18.
Training round 73 stats
Wins 0.63, Ties 0.01, Losses 0.36, Game Length 22.70 moves
Loss p1: 0.158695, Loss p2: 0.159293
Benchmark Stats Training Round 73
W: 0.92, T: 0.00 (versus random)
W: 1.00, T: 0.00 (versus left)
W: 0.81, T: 0.00 (versus lvl1)
W: 0.29, T: 0.02 (versus lvl2)
Training round 73 completed in 5 minutes and 48 seconds.
Expected completion: 19:40 2020-05-18.
Training round 74 stats
Wins 0.69, Ties 0.01, Losses 0.31, Game Length 20.78 moves
Loss p1: 0.156266, Loss p2: 0.161649
Benchmark Stats Training Round 74
W: 0.92, T: 0.00 (versus random)
W: 1.00, T: 0.00 (versus left)
W: 0.82, T: 0.00 (versus lvl1)
W: 0.20, T: 0.02 (versus lvl2)
Training round 74 completed in 5 minutes and 43 seconds.
Expected completion: 19:38 2020-05-18.
Training round 75 stats
Wins 0.72, Ties 0.01, Losses 0.27, Game Length 20.86 moves
Loss p1: 0.143233, Loss p2: 0.142498
Benchmark Stats Training Round 75
W: 0.96, T: 0.00 (versus random)
W: 1.00, T: 0.00 (versus left)
W: 0.88, T: 0.00 (versus lvl1)
W: 0.22, T: 0.03 (versus lvl2)
Training round 75 completed in 5 minutes and 9 seconds.
Expected completion: 19:23 2020-05-18.
Training round 76 stats
Wins 0.70, Ties 0.00, Losses 0.30, Game Length 20.90 moves
Loss p1: 0.149510, Loss p2: 0.152671
Benchmark Stats Training Round 76
W: 0.87, T: 0.00 (versus random)
W: 1.00, T: 0.00 (versus left)
W: 0.72, T: 0.00 (versus lvl1)
W: 0.18, T: 0.00 (versus lvl2)
Training round 76 completed in 5 minutes and 9 seconds.
Expected completion: 19:23 2020-05-18.
Training round 77 stats
Wins 0.72, Ties 0.00, Losses 0.28, Game Length 20.36 moves
Loss p1: 0.153552, Loss p2: 0.156999
Benchmark Stats Training Round 77
W: 0.90, T: 0.00 (versus random)
W: 0.50, T: 0.00 (versus left)
W: 0.86, T: 0.00 (versus lvl1)
W: 0.33, T: 0.00 (versus lvl2)
Training round 77 completed in 5 minutes and 7 seconds.
Expected completion: 19:22 2020-05-18.
Training round 78 stats
Wins 0.69, Ties 0.00, Losses 0.31, Game Length 19.36 moves
Loss p1: 0.163196, Loss p2: 0.156071
Benchmark Stats Training Round 78
W: 0.92, T: 0.00 (versus random)
W: 0.50, T: 0.00 (versus left)
W: 0.78, T: 0.00 (versus lvl1)
W: 0.21, T: 0.00 (versus lvl2)
Training round 78 completed in 4 minutes and 51 seconds.
Expected completion: 19:16 2020-05-18.
Training round 79 stats
Wins 0.62, Ties 0.00, Losses 0.37, Game Length 21.06 moves
Loss p1: 0.149943, Loss p2: 0.151446
Benchmark Stats Training Round 79
W: 0.93, T: 0.00 (versus random)
W: 0.50, T: 0.00 (versus left)
W: 0.84, T: 0.00 (versus lvl1)
W: 0.34, T: 0.00 (versus lvl2)
Training round 79 completed in 5 minutes and 15 seconds.
Expected completion: 19:25 2020-05-18.
Training round 80 stats
Wins 0.53, Ties 0.01, Losses 0.46, Game Length 21.50 moves
Loss p1: 0.152257, Loss p2: 0.151059
Benchmark Stats Training Round 80
W: 0.87, T: 0.00 (versus random)
W: 0.00, T: 0.00 (versus left)
W: 0.65, T: 0.00 (versus lvl1)
W: 0.24, T: 0.00 (versus lvl2)
Training round 80 completed in 5 minutes and 15 seconds.
Expected completion: 19:25 2020-05-18.
Training round 81 stats
Wins 0.52, Ties 0.01, Losses 0.47, Game Length 22.72 moves
Loss p1: 0.191893, Loss p2: 0.187281
Benchmark Stats Training Round 81
W: 0.91, T: 0.00 (versus random)
W: 1.00, T: 0.00 (versus left)
W: 0.76, T: 0.00 (versus lvl1)
W: 0.24, T: 0.00 (versus lvl2)
Training round 81 completed in 5 minutes and 25 seconds.
Expected completion: 19:28 2020-05-18.
Training round 82 stats
Wins 0.59, Ties 0.01, Losses 0.41, Game Length 22.15 moves
Loss p1: 0.183309, Loss p2: 0.176410
Benchmark Stats Training Round 82
W: 0.89, T: 0.00 (versus random)
W: 1.00, T: 0.00 (versus left)
W: 0.61, T: 0.00 (versus lvl1)
W: 0.23, T: 0.00 (versus lvl2)
Training round 82 completed in 5 minutes and 23 seconds.
Expected completion: 19:28 2020-05-18.
Training round 83 stats
Wins 0.58, Ties 0.00, Losses 0.42, Game Length 20.64 moves
Loss p1: 0.174316, Loss p2: 0.167892
Benchmark Stats Training Round 83
W: 0.92, T: 0.00 (versus random)
W: 0.50, T: 0.00 (versus left)
W: 0.81, T: 0.00 (versus lvl1)
W: 0.41, T: 0.02 (versus lvl2)
Training round 83 completed in 4 minutes and 47 seconds.
Expected completion: 19:17 2020-05-18.
Training round 84 stats
Wins 0.57, Ties 0.00, Losses 0.43, Game Length 20.01 moves
Loss p1: 0.161957, Loss p2: 0.167579
Benchmark Stats Training Round 84
W: 0.94, T: 0.00 (versus random)
W: 0.50, T: 0.00 (versus left)
W: 0.85, T: 0.00 (versus lvl1)
W: 0.44, T: 0.00 (versus lvl2)
Training round 84 completed in 5 minutes and 1 seconds.
Expected completion: 19:21 2020-05-18.
Training round 85 stats
Wins 0.55, Ties 0.00, Losses 0.45, Game Length 20.99 moves
Loss p1: 0.175854, Loss p2: 0.176954
Benchmark Stats Training Round 85
W: 0.86, T: 0.00 (versus random)
W: 1.00, T: 0.00 (versus left)
W: 0.71, T: 0.00 (versus lvl1)
W: 0.25, T: 0.00 (versus lvl2)
Training round 85 completed in 5 minutes and 15 seconds.
Expected completion: 19:25 2020-05-18.
Training round 86 stats
Wins 0.44, Ties 0.01, Losses 0.55, Game Length 20.98 moves
Loss p1: 0.194721, Loss p2: 0.184609
Benchmark Stats Training Round 86
W: 0.91, T: 0.00 (versus random)
W: 0.50, T: 0.00 (versus left)
W: 0.69, T: 0.00 (versus lvl1)
W: 0.27, T: 0.02 (versus lvl2)
Training round 86 completed in 5 minutes and 6 seconds.
Expected completion: 19:22 2020-05-18.
Training round 87 stats
Wins 0.59, Ties 0.01, Losses 0.40, Game Length 22.47 moves
Loss p1: 0.176082, Loss p2: 0.171823
Benchmark Stats Training Round 87
W: 0.91, T: 0.00 (versus random)
W: 1.00, T: 0.00 (versus left)
W: 0.85, T: 0.00 (versus lvl1)
W: 0.37, T: 0.01 (versus lvl2)
Training round 87 completed in 5 minutes and 26 seconds.
Expected completion: 19:27 2020-05-18.
Training round 88 stats
Wins 0.60, Ties 0.00, Losses 0.40, Game Length 19.30 moves
Loss p1: 0.170910, Loss p2: 0.167709
Benchmark Stats Training Round 88
W: 0.95, T: 0.00 (versus random)
W: 0.50, T: 0.00 (versus left)
W: 0.85, T: 0.00 (versus lvl1)
W: 0.47, T: 0.01 (versus lvl2)
Training round 88 completed in 4 minutes and 59 seconds.
Expected completion: 19:21 2020-05-18.
Training round 89 stats
Wins 0.54, Ties 0.01, Losses 0.45, Game Length 19.19 moves
Loss p1: 0.164339, Loss p2: 0.164172
Benchmark Stats Training Round 89
W: 0.91, T: 0.00 (versus random)
W: 0.50, T: 0.00 (versus left)
W: 0.83, T: 0.00 (versus lvl1)
W: 0.39, T: 0.00 (versus lvl2)
Training round 89 completed in 4 minutes and 41 seconds.
Expected completion: 19:18 2020-05-18.
Training round 90 stats
Wins 0.59, Ties 0.01, Losses 0.41, Game Length 22.26 moves
Loss p1: 0.179783, Loss p2: 0.180472
Benchmark Stats Training Round 90
W: 0.95, T: 0.00 (versus random)
W: 0.50, T: 0.00 (versus left)
W: 0.87, T: 0.00 (versus lvl1)
W: 0.47, T: 0.00 (versus lvl2)
Training round 90 completed in 5 minutes and 16 seconds.
Expected completion: 19:24 2020-05-18.
Training round 91 stats
Wins 0.67, Ties 0.00, Losses 0.33, Game Length 19.49 moves
Loss p1: 0.164427, Loss p2: 0.160180
Benchmark Stats Training Round 91
W: 0.95, T: 0.00 (versus random)
W: 1.00, T: 0.00 (versus left)
W: 0.77, T: 0.00 (versus lvl1)
W: 0.46, T: 0.02 (versus lvl2)
Training round 91 completed in 5 minutes and 5 seconds.
Expected completion: 19:22 2020-05-18.
Training round 92 stats
Wins 0.51, Ties 0.01, Losses 0.49, Game Length 20.86 moves
Loss p1: 0.183170, Loss p2: 0.177871
Benchmark Stats Training Round 92
W: 0.88, T: 0.00 (versus random)
W: 0.50, T: 0.00 (versus left)
W: 0.75, T: 0.00 (versus lvl1)
W: 0.36, T: 0.00 (versus lvl2)
Training round 92 completed in 5 minutes and 8 seconds.
Expected completion: 19:23 2020-05-18.
Training round 93 stats
Wins 0.54, Ties 0.00, Losses 0.45, Game Length 20.55 moves
Loss p1: 0.190008, Loss p2: 0.190302
Benchmark Stats Training Round 93
W: 0.94, T: 0.00 (versus random)
W: 0.50, T: 0.00 (versus left)
W: 0.76, T: 0.00 (versus lvl1)
W: 0.31, T: 0.02 (versus lvl2)
Training round 93 completed in 5 minutes and 11 seconds.
Expected completion: 19:23 2020-05-18.
Training round 94 stats
Wins 0.54, Ties 0.00, Losses 0.45, Game Length 19.59 moves
Loss p1: 0.189656, Loss p2: 0.187675
Benchmark Stats Training Round 94
W: 0.92, T: 0.00 (versus random)
W: 1.00, T: 0.00 (versus left)
W: 0.89, T: 0.00 (versus lvl1)
W: 0.38, T: 0.01 (versus lvl2)
Training round 94 completed in 4 minutes and 59 seconds.
Expected completion: 19:22 2020-05-18.
Training round 95 stats
Wins 0.43, Ties 0.00, Losses 0.57, Game Length 20.88 moves
Loss p1: 0.175384, Loss p2: 0.171018
Benchmark Stats Training Round 95
W: 0.90, T: 0.00 (versus random)
W: 0.50, T: 0.00 (versus left)
W: 0.79, T: 0.00 (versus lvl1)
W: 0.35, T: 0.00 (versus lvl2)
Training round 95 completed in 5 minutes and 3 seconds.
Expected completion: 19:22 2020-05-18.
Training round 96 stats
Wins 0.37, Ties 0.01, Losses 0.63, Game Length 21.13 moves
Loss p1: 0.193133, Loss p2: 0.181565
Benchmark Stats Training Round 96
W: 0.90, T: 0.00 (versus random)
W: 1.00, T: 0.00 (versus left)
W: 0.74, T: 0.00 (versus lvl1)
W: 0.35, T: 0.01 (versus lvl2)
Training round 96 completed in 5 minutes and 12 seconds.
Expected completion: 19:23 2020-05-18.
Training round 97 stats
Wins 0.37, Ties 0.02, Losses 0.61, Game Length 22.55 moves
Loss p1: 0.147817, Loss p2: 0.147575
Benchmark Stats Training Round 97
W: 0.89, T: 0.00 (versus random)
W: 0.50, T: 0.00 (versus left)
W: 0.84, T: 0.00 (versus lvl1)
W: 0.43, T: 0.01 (versus lvl2)
Training round 97 completed in 5 minutes and 26 seconds.
Expected completion: 19:24 2020-05-18.
Training round 98 stats
Wins 0.48, Ties 0.00, Losses 0.52, Game Length 20.46 moves
Loss p1: 0.178895, Loss p2: 0.172908
Benchmark Stats Training Round 98
W: 0.95, T: 0.00 (versus random)
W: 1.00, T: 0.00 (versus left)
W: 0.80, T: 0.00 (versus lvl1)
W: 0.27, T: 0.00 (versus lvl2)
Training round 98 completed in 5 minutes and 3 seconds.
Expected completion: 19:23 2020-05-18.
Training round 99 stats
Wins 0.51, Ties 0.01, Losses 0.48, Game Length 21.36 moves
Loss p1: 0.197520, Loss p2: 0.184895
Benchmark Stats Training Round 99
W: 0.95, T: 0.00 (versus random)
W: 1.00, T: 0.00 (versus left)
W: 0.79, T: 0.00 (versus lvl1)
W: 0.37, T: 0.02 (versus lvl2)
Training round 99 completed in 5 minutes and 4 seconds.
Expected completion: 19:23 2020-05-18.
Training round 100 stats
Wins 0.65, Ties 0.00, Losses 0.35, Game Length 20.76 moves
Loss p1: 0.161542, Loss p2: 0.158780
Benchmark Stats Training Round 100
W: 0.94, T: 0.00 (versus random)
W: 0.50, T: 0.00 (versus left)
W: 0.82, T: 0.00 (versus lvl1)
W: 0.42, T: 0.03 (versus lvl2)
Training round 100 completed in 4 minutes and 27 seconds.
Expected completion: 19:22 2020-05-18.
