Training Neural Net on Connect 4
  self_play_batch_size: 1000
  benchmark_batch_size: 100
  training_rounds: 100
  memory_size: 1000
  network: D
  exploration: no
  loss: MSE
  encoding: integer
  optimizer: Adam
  experience: yes

Benchmark Stats Training Round 0
W: 0.40, T: 0.00 (versus random)
W: 0.50, T: 0.00 (versus left)
W: 0.24, T: 0.00 (versus lvl1)
W: 0.14, T: 0.01 (versus lvl2)
Training round 1 stats
Wins 0.34, Ties 0.03, Losses 0.63, Game Length 22.19 moves
Loss p1: 0.156295, Loss p2: 0.147240
Benchmark Stats Training Round 1
W: 0.75, T: 0.01 (versus random)
W: 0.00, T: 0.00 (versus left)
W: 0.44, T: 0.00 (versus lvl1)
W: 0.12, T: 0.01 (versus lvl2)
Training round 1 completed in 4 minutes and 8 seconds.
Expected completion: 06:19 2020-05-18.
Training round 2 stats
Wins 0.50, Ties 0.01, Losses 0.49, Game Length 20.09 moves
Loss p1: 0.158773, Loss p2: 0.161074
Benchmark Stats Training Round 2
W: 0.73, T: 0.00 (versus random)
W: 0.00, T: 0.00 (versus left)
W: 0.59, T: 0.00 (versus lvl1)
W: 0.11, T: 0.00 (versus lvl2)
Training round 2 completed in 3 minutes and 57 seconds.
Expected completion: 06:01 2020-05-18.
Training round 3 stats
Wins 0.55, Ties 0.00, Losses 0.45, Game Length 21.41 moves
Loss p1: 0.151885, Loss p2: 0.153540
Benchmark Stats Training Round 3
W: 0.79, T: 0.00 (versus random)
W: 1.00, T: 0.00 (versus left)
W: 0.67, T: 0.00 (versus lvl1)
W: 0.21, T: 0.00 (versus lvl2)
Training round 3 completed in 4 minutes and 13 seconds.
Expected completion: 06:26 2020-05-18.
Training round 4 stats
Wins 0.58, Ties 0.01, Losses 0.41, Game Length 19.98 moves
Loss p1: 0.156655, Loss p2: 0.161750
Benchmark Stats Training Round 4
W: 0.93, T: 0.00 (versus random)
W: 1.00, T: 0.00 (versus left)
W: 0.77, T: 0.00 (versus lvl1)
W: 0.33, T: 0.02 (versus lvl2)
Training round 4 completed in 3 minutes and 57 seconds.
Expected completion: 06:00 2020-05-18.
Training round 5 stats
Wins 0.54, Ties 0.00, Losses 0.46, Game Length 21.73 moves
Loss p1: 0.150660, Loss p2: 0.153356
Benchmark Stats Training Round 5
W: 0.88, T: 0.00 (versus random)
W: 1.00, T: 0.00 (versus left)
W: 0.75, T: 0.00 (versus lvl1)
W: 0.17, T: 0.01 (versus lvl2)
Training round 5 completed in 4 minutes and 20 seconds.
Expected completion: 06:37 2020-05-18.
Training round 6 stats
Wins 0.46, Ties 0.01, Losses 0.54, Game Length 21.93 moves
Loss p1: 0.135560, Loss p2: 0.136102
Benchmark Stats Training Round 6
W: 0.69, T: 0.00 (versus random)
W: 1.00, T: 0.00 (versus left)
W: 0.59, T: 0.00 (versus lvl1)
W: 0.16, T: 0.00 (versus lvl2)
Training round 6 completed in 4 minutes and 21 seconds.
Expected completion: 06:39 2020-05-18.
Training round 7 stats
Wins 0.46, Ties 0.00, Losses 0.54, Game Length 21.64 moves
Loss p1: 0.142075, Loss p2: 0.147222
Benchmark Stats Training Round 7
W: 0.75, T: 0.00 (versus random)
W: 0.50, T: 0.00 (versus left)
W: 0.45, T: 0.00 (versus lvl1)
W: 0.10, T: 0.00 (versus lvl2)
Training round 7 completed in 4 minutes and 19 seconds.
Expected completion: 06:35 2020-05-18.
Training round 8 stats
Wins 0.49, Ties 0.01, Losses 0.49, Game Length 18.61 moves
Loss p1: 0.142233, Loss p2: 0.145418
Benchmark Stats Training Round 8
W: 0.89, T: 0.00 (versus random)
W: 1.00, T: 0.00 (versus left)
W: 0.71, T: 0.00 (versus lvl1)
W: 0.13, T: 0.00 (versus lvl2)
Training round 8 completed in 3 minutes and 46 seconds.
Expected completion: 05:45 2020-05-18.
Training round 9 stats
Wins 0.51, Ties 0.00, Losses 0.49, Game Length 18.18 moves
Loss p1: 0.158974, Loss p2: 0.160145
Benchmark Stats Training Round 9
W: 0.72, T: 0.00 (versus random)
W: 1.00, T: 0.00 (versus left)
W: 0.68, T: 0.00 (versus lvl1)
W: 0.22, T: 0.00 (versus lvl2)
Training round 9 completed in 3 minutes and 52 seconds.
Expected completion: 05:53 2020-05-18.
Training round 10 stats
Wins 0.49, Ties 0.00, Losses 0.51, Game Length 19.14 moves
Loss p1: 0.176518, Loss p2: 0.178083
Benchmark Stats Training Round 10
W: 0.86, T: 0.00 (versus random)
W: 0.50, T: 0.00 (versus left)
W: 0.65, T: 0.00 (versus lvl1)
W: 0.09, T: 0.00 (versus lvl2)
Training round 10 completed in 3 minutes and 58 seconds.
Expected completion: 06:03 2020-05-18.
Training round 11 stats
Wins 0.52, Ties 0.01, Losses 0.47, Game Length 20.68 moves
Loss p1: 0.160857, Loss p2: 0.164390
Benchmark Stats Training Round 11
W: 0.72, T: 0.00 (versus random)
W: 0.50, T: 0.00 (versus left)
W: 0.47, T: 0.00 (versus lvl1)
W: 0.10, T: 0.00 (versus lvl2)
Training round 11 completed in 4 minutes and 11 seconds.
Expected completion: 06:22 2020-05-18.
Training round 12 stats
Wins 0.41, Ties 0.00, Losses 0.59, Game Length 19.22 moves
Loss p1: 0.156345, Loss p2: 0.156333
Benchmark Stats Training Round 12
W: 0.79, T: 0.00 (versus random)
W: 1.00, T: 0.00 (versus left)
W: 0.60, T: 0.00 (versus lvl1)
W: 0.21, T: 0.00 (versus lvl2)
Training round 12 completed in 3 minutes and 52 seconds.
Expected completion: 05:55 2020-05-18.
Training round 13 stats
Wins 0.42, Ties 0.00, Losses 0.57, Game Length 19.37 moves
Loss p1: 0.164215, Loss p2: 0.165038
Benchmark Stats Training Round 13
W: 0.95, T: 0.00 (versus random)
W: 0.50, T: 0.00 (versus left)
W: 0.73, T: 0.00 (versus lvl1)
W: 0.23, T: 0.01 (versus lvl2)
Training round 13 completed in 3 minutes and 58 seconds.
Expected completion: 06:03 2020-05-18.
Training round 14 stats
Wins 0.47, Ties 0.00, Losses 0.53, Game Length 21.25 moves
Loss p1: 0.141408, Loss p2: 0.142726
Benchmark Stats Training Round 14
W: 0.75, T: 0.00 (versus random)
W: 1.00, T: 0.00 (versus left)
W: 0.55, T: 0.00 (versus lvl1)
W: 0.15, T: 0.00 (versus lvl2)
Training round 14 completed in 4 minutes and 19 seconds.
Expected completion: 06:34 2020-05-18.
Training round 15 stats
Wins 0.44, Ties 0.00, Losses 0.56, Game Length 20.02 moves
Loss p1: 0.167664, Loss p2: 0.163663
Benchmark Stats Training Round 15
W: 0.90, T: 0.00 (versus random)
W: 0.50, T: 0.00 (versus left)
W: 0.77, T: 0.00 (versus lvl1)
W: 0.24, T: 0.01 (versus lvl2)
Training round 15 completed in 4 minutes and 5 seconds.
Expected completion: 06:13 2020-05-18.
Training round 16 stats
Wins 0.55, Ties 0.01, Losses 0.44, Game Length 19.35 moves
Loss p1: 0.150614, Loss p2: 0.158727
Benchmark Stats Training Round 16
W: 0.84, T: 0.00 (versus random)
W: 0.00, T: 0.00 (versus left)
W: 0.79, T: 0.00 (versus lvl1)
W: 0.23, T: 0.00 (versus lvl2)
Training round 16 completed in 3 minutes and 55 seconds.
Expected completion: 05:59 2020-05-18.
Training round 17 stats
Wins 0.40, Ties 0.01, Losses 0.59, Game Length 22.07 moves
Loss p1: 0.146742, Loss p2: 0.147130
Benchmark Stats Training Round 17
W: 0.85, T: 0.00 (versus random)
W: 0.50, T: 0.00 (versus left)
W: 0.68, T: 0.00 (versus lvl1)
W: 0.16, T: 0.02 (versus lvl2)
Training round 17 completed in 4 minutes and 21 seconds.
Expected completion: 06:36 2020-05-18.
Training round 18 stats
Wins 0.54, Ties 0.01, Losses 0.46, Game Length 20.77 moves
Loss p1: 0.145469, Loss p2: 0.147894
Benchmark Stats Training Round 18
W: 0.79, T: 0.00 (versus random)
W: 0.50, T: 0.00 (versus left)
W: 0.75, T: 0.00 (versus lvl1)
W: 0.18, T: 0.00 (versus lvl2)
Training round 18 completed in 4 minutes and 8 seconds.
Expected completion: 06:17 2020-05-18.
Training round 19 stats
Wins 0.53, Ties 0.01, Losses 0.46, Game Length 19.31 moves
Loss p1: 0.161998, Loss p2: 0.163066
Benchmark Stats Training Round 19
W: 0.77, T: 0.00 (versus random)
W: 0.50, T: 0.00 (versus left)
W: 0.60, T: 0.00 (versus lvl1)
W: 0.16, T: 0.00 (versus lvl2)
Training round 19 completed in 3 minutes and 50 seconds.
Expected completion: 05:54 2020-05-18.
Training round 20 stats
Wins 0.50, Ties 0.00, Losses 0.50, Game Length 19.59 moves
Loss p1: 0.165527, Loss p2: 0.162623
Benchmark Stats Training Round 20
W: 0.88, T: 0.00 (versus random)
W: 0.00, T: 0.00 (versus left)
W: 0.65, T: 0.00 (versus lvl1)
W: 0.11, T: 0.00 (versus lvl2)
Training round 20 completed in 4 minutes and 4 seconds.
Expected completion: 06:12 2020-05-18.
Training round 21 stats
Wins 0.51, Ties 0.00, Losses 0.49, Game Length 21.87 moves
Loss p1: 0.151619, Loss p2: 0.154704
Benchmark Stats Training Round 21
W: 0.91, T: 0.00 (versus random)
W: 0.50, T: 0.00 (versus left)
W: 0.73, T: 0.00 (versus lvl1)
W: 0.16, T: 0.00 (versus lvl2)
Training round 21 completed in 4 minutes and 18 seconds.
Expected completion: 06:31 2020-05-18.
Training round 22 stats
Wins 0.48, Ties 0.01, Losses 0.51, Game Length 20.43 moves
Loss p1: 0.163181, Loss p2: 0.167587
Benchmark Stats Training Round 22
W: 0.84, T: 0.00 (versus random)
W: 0.50, T: 0.00 (versus left)
W: 0.74, T: 0.00 (versus lvl1)
W: 0.11, T: 0.01 (versus lvl2)
Training round 22 completed in 4 minutes and 5 seconds.
Expected completion: 06:13 2020-05-18.
Training round 23 stats
Wins 0.47, Ties 0.00, Losses 0.53, Game Length 19.48 moves
Loss p1: 0.150543, Loss p2: 0.150550
Benchmark Stats Training Round 23
W: 0.90, T: 0.00 (versus random)
W: 0.00, T: 0.00 (versus left)
W: 0.72, T: 0.00 (versus lvl1)
W: 0.19, T: 0.01 (versus lvl2)
Training round 23 completed in 4 minutes and 3 seconds.
Expected completion: 06:12 2020-05-18.
Training round 24 stats
Wins 0.52, Ties 0.00, Losses 0.48, Game Length 22.48 moves
Loss p1: 0.139452, Loss p2: 0.141077
Benchmark Stats Training Round 24
W: 0.87, T: 0.00 (versus random)
W: 0.50, T: 0.00 (versus left)
W: 0.68, T: 0.00 (versus lvl1)
W: 0.29, T: 0.00 (versus lvl2)
Training round 24 completed in 4 minutes and 15 seconds.
Expected completion: 06:27 2020-05-18.
Training round 25 stats
Wins 0.46, Ties 0.01, Losses 0.52, Game Length 22.78 moves
Loss p1: 0.145793, Loss p2: 0.151612
Benchmark Stats Training Round 25
W: 0.81, T: 0.00 (versus random)
W: 0.00, T: 0.00 (versus left)
W: 0.59, T: 0.01 (versus lvl1)
W: 0.15, T: 0.00 (versus lvl2)
Training round 25 completed in 4 minutes and 25 seconds.
Expected completion: 06:39 2020-05-18.
Training round 26 stats
Wins 0.53, Ties 0.01, Losses 0.46, Game Length 20.53 moves
Loss p1: 0.164180, Loss p2: 0.169264
Benchmark Stats Training Round 26
W: 0.75, T: 0.00 (versus random)
W: 0.00, T: 0.00 (versus left)
W: 0.57, T: 0.00 (versus lvl1)
W: 0.12, T: 0.01 (versus lvl2)
Training round 26 completed in 4 minutes and 8 seconds.
Expected completion: 06:18 2020-05-18.
Training round 27 stats
Wins 0.54, Ties 0.00, Losses 0.46, Game Length 22.03 moves
Loss p1: 0.151126, Loss p2: 0.157300
Benchmark Stats Training Round 27
W: 0.85, T: 0.00 (versus random)
W: 0.50, T: 0.00 (versus left)
W: 0.72, T: 0.00 (versus lvl1)
W: 0.29, T: 0.00 (versus lvl2)
Training round 27 completed in 4 minutes and 20 seconds.
Expected completion: 06:32 2020-05-18.
Training round 28 stats
Wins 0.50, Ties 0.00, Losses 0.50, Game Length 19.18 moves
Loss p1: 0.161613, Loss p2: 0.168963
Benchmark Stats Training Round 28
W: 0.88, T: 0.00 (versus random)
W: 0.50, T: 0.00 (versus left)
W: 0.78, T: 0.00 (versus lvl1)
W: 0.35, T: 0.00 (versus lvl2)
Training round 28 completed in 3 minutes and 51 seconds.
Expected completion: 05:57 2020-05-18.
Training round 29 stats
Wins 0.40, Ties 0.01, Losses 0.59, Game Length 20.63 moves
Loss p1: 0.165975, Loss p2: 0.166401
Benchmark Stats Training Round 29
W: 0.79, T: 0.01 (versus random)
W: 0.00, T: 0.00 (versus left)
W: 0.54, T: 0.00 (versus lvl1)
W: 0.20, T: 0.00 (versus lvl2)
Training round 29 completed in 4 minutes and 11 seconds.
Expected completion: 06:21 2020-05-18.
Training round 30 stats
Wins 0.43, Ties 0.01, Losses 0.56, Game Length 22.03 moves
Loss p1: 0.147856, Loss p2: 0.150930
Benchmark Stats Training Round 30
W: 0.76, T: 0.00 (versus random)
W: 0.50, T: 0.00 (versus left)
W: 0.73, T: 0.00 (versus lvl1)
W: 0.29, T: 0.01 (versus lvl2)
Training round 30 completed in 4 minutes and 20 seconds.
Expected completion: 06:32 2020-05-18.
Training round 31 stats
Wins 0.49, Ties 0.00, Losses 0.51, Game Length 20.14 moves
Loss p1: 0.158370, Loss p2: 0.159777
Benchmark Stats Training Round 31
W: 0.79, T: 0.00 (versus random)
W: 0.50, T: 0.00 (versus left)
W: 0.56, T: 0.00 (versus lvl1)
W: 0.19, T: 0.00 (versus lvl2)
Training round 31 completed in 4 minutes and 5 seconds.
Expected completion: 06:14 2020-05-18.
Training round 32 stats
Wins 0.49, Ties 0.00, Losses 0.51, Game Length 21.47 moves
Loss p1: 0.164392, Loss p2: 0.169976
Benchmark Stats Training Round 32
W: 0.78, T: 0.00 (versus random)
W: 0.50, T: 0.00 (versus left)
W: 0.63, T: 0.00 (versus lvl1)
W: 0.27, T: 0.00 (versus lvl2)
Training round 32 completed in 4 minutes and 15 seconds.
Expected completion: 06:26 2020-05-18.
Training round 33 stats
Wins 0.48, Ties 0.00, Losses 0.52, Game Length 19.17 moves
Loss p1: 0.174934, Loss p2: 0.181658
Benchmark Stats Training Round 33
W: 0.70, T: 0.00 (versus random)
W: 0.00, T: 0.00 (versus left)
W: 0.56, T: 0.00 (versus lvl1)
W: 0.24, T: 0.01 (versus lvl2)
Training round 33 completed in 3 minutes and 59 seconds.
Expected completion: 06:08 2020-05-18.
Training round 34 stats
Wins 0.55, Ties 0.00, Losses 0.45, Game Length 20.82 moves
Loss p1: 0.172830, Loss p2: 0.176317
Benchmark Stats Training Round 34
W: 0.85, T: 0.00 (versus random)
W: 0.50, T: 0.00 (versus left)
W: 0.58, T: 0.00 (versus lvl1)
W: 0.22, T: 0.00 (versus lvl2)
Training round 34 completed in 4 minutes and 19 seconds.
Expected completion: 06:30 2020-05-18.
Training round 35 stats
Wins 0.60, Ties 0.00, Losses 0.40, Game Length 20.55 moves
Loss p1: 0.164761, Loss p2: 0.173697
Benchmark Stats Training Round 35
W: 0.90, T: 0.00 (versus random)
W: 0.00, T: 0.00 (versus left)
W: 0.76, T: 0.00 (versus lvl1)
W: 0.25, T: 0.00 (versus lvl2)
Training round 35 completed in 4 minutes and 10 seconds.
Expected completion: 06:20 2020-05-18.
Training round 36 stats
Wins 0.45, Ties 0.00, Losses 0.55, Game Length 19.89 moves
Loss p1: 0.170153, Loss p2: 0.177745
Benchmark Stats Training Round 36
W: 0.83, T: 0.00 (versus random)
W: 0.50, T: 0.00 (versus left)
W: 0.77, T: 0.00 (versus lvl1)
W: 0.20, T: 0.02 (versus lvl2)
Training round 36 completed in 3 minutes and 60 seconds.
Expected completion: 06:09 2020-05-18.
Training round 37 stats
Wins 0.40, Ties 0.01, Losses 0.59, Game Length 19.12 moves
Loss p1: 0.180803, Loss p2: 0.180758
Benchmark Stats Training Round 37
W: 0.84, T: 0.00 (versus random)
W: 0.50, T: 0.00 (versus left)
W: 0.60, T: 0.00 (versus lvl1)
W: 0.10, T: 0.00 (versus lvl2)
Training round 37 completed in 3 minutes and 57 seconds.
Expected completion: 06:06 2020-05-18.
Training round 38 stats
Wins 0.45, Ties 0.01, Losses 0.55, Game Length 20.21 moves
Loss p1: 0.159353, Loss p2: 0.162892
Benchmark Stats Training Round 38
W: 0.79, T: 0.00 (versus random)
W: 0.50, T: 0.00 (versus left)
W: 0.65, T: 0.00 (versus lvl1)
W: 0.16, T: 0.00 (versus lvl2)
Training round 38 completed in 4 minutes and 7 seconds.
Expected completion: 06:17 2020-05-18.
Training round 39 stats
Wins 0.49, Ties 0.00, Losses 0.51, Game Length 19.59 moves
Loss p1: 0.157059, Loss p2: 0.161395
Benchmark Stats Training Round 39
W: 0.79, T: 0.00 (versus random)
W: 0.50, T: 0.00 (versus left)
W: 0.54, T: 0.00 (versus lvl1)
W: 0.10, T: 0.00 (versus lvl2)
Training round 39 completed in 3 minutes and 59 seconds.
Expected completion: 06:09 2020-05-18.
Training round 40 stats
Wins 0.45, Ties 0.01, Losses 0.54, Game Length 21.14 moves
Loss p1: 0.164069, Loss p2: 0.159547
Benchmark Stats Training Round 40
W: 0.73, T: 0.00 (versus random)
W: 0.50, T: 0.00 (versus left)
W: 0.60, T: 0.00 (versus lvl1)
W: 0.19, T: 0.00 (versus lvl2)
Training round 40 completed in 4 minutes and 13 seconds.
Expected completion: 06:23 2020-05-18.
Training round 41 stats
Wins 0.39, Ties 0.01, Losses 0.61, Game Length 19.39 moves
Loss p1: 0.166363, Loss p2: 0.163601
Benchmark Stats Training Round 41
W: 0.73, T: 0.00 (versus random)
W: 0.50, T: 0.00 (versus left)
W: 0.47, T: 0.00 (versus lvl1)
W: 0.23, T: 0.00 (versus lvl2)
Training round 41 completed in 3 minutes and 53 seconds.
Expected completion: 06:02 2020-05-18.
Training round 42 stats
Wins 0.51, Ties 0.02, Losses 0.47, Game Length 21.63 moves
Loss p1: 0.162654, Loss p2: 0.158961
Benchmark Stats Training Round 42
W: 0.86, T: 0.00 (versus random)
W: 0.50, T: 0.00 (versus left)
W: 0.71, T: 0.00 (versus lvl1)
W: 0.32, T: 0.00 (versus lvl2)
Training round 42 completed in 4 minutes and 14 seconds.
Expected completion: 06:23 2020-05-18.
Training round 43 stats
Wins 0.52, Ties 0.01, Losses 0.47, Game Length 21.76 moves
Loss p1: 0.140353, Loss p2: 0.142243
Benchmark Stats Training Round 43
W: 0.69, T: 0.00 (versus random)
W: 0.00, T: 0.00 (versus left)
W: 0.56, T: 0.00 (versus lvl1)
W: 0.16, T: 0.01 (versus lvl2)
Training round 43 completed in 4 minutes and 11 seconds.
Expected completion: 06:21 2020-05-18.
Training round 44 stats
Wins 0.44, Ties 0.00, Losses 0.55, Game Length 17.78 moves
Loss p1: 0.155315, Loss p2: 0.159250
Benchmark Stats Training Round 44
W: 0.83, T: 0.01 (versus random)
W: 0.50, T: 0.00 (versus left)
W: 0.62, T: 0.00 (versus lvl1)
W: 0.22, T: 0.00 (versus lvl2)
Training round 44 completed in 3 minutes and 45 seconds.
Expected completion: 05:56 2020-05-18.
Training round 45 stats
Wins 0.44, Ties 0.00, Losses 0.56, Game Length 20.53 moves
Loss p1: 0.167758, Loss p2: 0.161153
Benchmark Stats Training Round 45
W: 0.70, T: 0.00 (versus random)
W: 0.50, T: 0.00 (versus left)
W: 0.64, T: 0.00 (versus lvl1)
W: 0.25, T: 0.01 (versus lvl2)
Training round 45 completed in 4 minutes and 4 seconds.
Expected completion: 06:13 2020-05-18.
Training round 46 stats
Wins 0.40, Ties 0.01, Losses 0.59, Game Length 19.75 moves
Loss p1: 0.146337, Loss p2: 0.145066
Benchmark Stats Training Round 46
W: 0.75, T: 0.00 (versus random)
W: 0.50, T: 0.00 (versus left)
W: 0.51, T: 0.00 (versus lvl1)
W: 0.11, T: 0.00 (versus lvl2)
Training round 46 completed in 4 minutes and 0 seconds.
Expected completion: 06:10 2020-05-18.
Training round 47 stats
Wins 0.33, Ties 0.00, Losses 0.66, Game Length 20.20 moves
Loss p1: 0.158242, Loss p2: 0.151067
Benchmark Stats Training Round 47
W: 0.71, T: 0.00 (versus random)
W: 0.00, T: 0.00 (versus left)
W: 0.48, T: 0.00 (versus lvl1)
W: 0.10, T: 0.01 (versus lvl2)
Training round 47 completed in 4 minutes and 12 seconds.
Expected completion: 06:21 2020-05-18.
Training round 48 stats
Wins 0.53, Ties 0.00, Losses 0.47, Game Length 19.31 moves
Loss p1: 0.156151, Loss p2: 0.156076
Benchmark Stats Training Round 48
W: 0.84, T: 0.00 (versus random)
W: 0.50, T: 0.00 (versus left)
W: 0.54, T: 0.00 (versus lvl1)
W: 0.07, T: 0.01 (versus lvl2)
Training round 48 completed in 4 minutes and 1 seconds.
Expected completion: 06:11 2020-05-18.
Training round 49 stats
Wins 0.39, Ties 0.01, Losses 0.60, Game Length 21.85 moves
Loss p1: 0.164023, Loss p2: 0.156525
Benchmark Stats Training Round 49
W: 0.75, T: 0.00 (versus random)
W: 0.50, T: 0.00 (versus left)
W: 0.59, T: 0.00 (versus lvl1)
W: 0.16, T: 0.01 (versus lvl2)
Training round 49 completed in 4 minutes and 23 seconds.
Expected completion: 06:30 2020-05-18.
Training round 50 stats
Wins 0.56, Ties 0.00, Losses 0.44, Game Length 19.79 moves
Loss p1: 0.165885, Loss p2: 0.168462
Benchmark Stats Training Round 50
W: 0.78, T: 0.00 (versus random)
W: 0.50, T: 0.00 (versus left)
W: 0.71, T: 0.00 (versus lvl1)
W: 0.25, T: 0.00 (versus lvl2)
Training round 50 completed in 4 minutes and 1 seconds.
Expected completion: 06:11 2020-05-18.
Training round 51 stats
Wins 0.60, Ties 0.00, Losses 0.39, Game Length 20.46 moves
Loss p1: 0.160548, Loss p2: 0.167926
Benchmark Stats Training Round 51
W: 0.83, T: 0.00 (versus random)
W: 0.50, T: 0.00 (versus left)
W: 0.69, T: 0.00 (versus lvl1)
W: 0.20, T: 0.00 (versus lvl2)
Training round 51 completed in 4 minutes and 8 seconds.
Expected completion: 06:17 2020-05-18.
Training round 52 stats
Wins 0.39, Ties 0.01, Losses 0.60, Game Length 20.87 moves
Loss p1: 0.172332, Loss p2: 0.166323
Benchmark Stats Training Round 52
W: 0.57, T: 0.00 (versus random)
W: 0.00, T: 0.00 (versus left)
W: 0.37, T: 0.00 (versus lvl1)
W: 0.16, T: 0.00 (versus lvl2)
Training round 52 completed in 4 minutes and 13 seconds.
Expected completion: 06:22 2020-05-18.
Training round 53 stats
Wins 0.42, Ties 0.00, Losses 0.58, Game Length 20.00 moves
Loss p1: 0.177421, Loss p2: 0.178484
Benchmark Stats Training Round 53
W: 0.83, T: 0.00 (versus random)
W: 0.50, T: 0.00 (versus left)
W: 0.70, T: 0.00 (versus lvl1)
W: 0.16, T: 0.00 (versus lvl2)
Training round 53 completed in 4 minutes and 2 seconds.
Expected completion: 06:13 2020-05-18.
Training round 54 stats
Wins 0.50, Ties 0.01, Losses 0.49, Game Length 19.60 moves
Loss p1: 0.167057, Loss p2: 0.164212
Benchmark Stats Training Round 54
W: 0.78, T: 0.00 (versus random)
W: 0.00, T: 0.00 (versus left)
W: 0.52, T: 0.00 (versus lvl1)
W: 0.14, T: 0.00 (versus lvl2)
Training round 54 completed in 4 minutes and 5 seconds.
Expected completion: 06:15 2020-05-18.
Training round 55 stats
Wins 0.48, Ties 0.01, Losses 0.51, Game Length 20.38 moves
Loss p1: 0.154437, Loss p2: 0.160588
Benchmark Stats Training Round 55
W: 0.84, T: 0.00 (versus random)
W: 0.50, T: 0.00 (versus left)
W: 0.72, T: 0.00 (versus lvl1)
W: 0.38, T: 0.00 (versus lvl2)
Training round 55 completed in 4 minutes and 2 seconds.
Expected completion: 06:13 2020-05-18.
Training round 56 stats
Wins 0.46, Ties 0.00, Losses 0.54, Game Length 19.64 moves
Loss p1: 0.169685, Loss p2: 0.170994
Benchmark Stats Training Round 56
W: 0.77, T: 0.00 (versus random)
W: 0.50, T: 0.00 (versus left)
W: 0.46, T: 0.00 (versus lvl1)
W: 0.13, T: 0.00 (versus lvl2)
Training round 56 completed in 3 minutes and 53 seconds.
Expected completion: 06:06 2020-05-18.
Training round 57 stats
Wins 0.47, Ties 0.00, Losses 0.53, Game Length 19.55 moves
Loss p1: 0.170069, Loss p2: 0.175115
Benchmark Stats Training Round 57
W: 0.82, T: 0.00 (versus random)
W: 0.00, T: 0.00 (versus left)
W: 0.66, T: 0.00 (versus lvl1)
W: 0.15, T: 0.00 (versus lvl2)
Training round 57 completed in 3 minutes and 55 seconds.
Expected completion: 06:08 2020-05-18.
Training round 58 stats
Wins 0.62, Ties 0.01, Losses 0.37, Game Length 19.95 moves
Loss p1: 0.165136, Loss p2: 0.176568
Benchmark Stats Training Round 58
W: 0.83, T: 0.00 (versus random)
W: 1.00, T: 0.00 (versus left)
W: 0.58, T: 0.00 (versus lvl1)
W: 0.17, T: 0.00 (versus lvl2)
Training round 58 completed in 4 minutes and 0 seconds.
Expected completion: 06:11 2020-05-18.
Training round 59 stats
Wins 0.51, Ties 0.00, Losses 0.49, Game Length 19.59 moves
Loss p1: 0.164271, Loss p2: 0.168852
Benchmark Stats Training Round 59
W: 0.70, T: 0.00 (versus random)
W: 0.50, T: 0.00 (versus left)
W: 0.52, T: 0.01 (versus lvl1)
W: 0.17, T: 0.00 (versus lvl2)
Training round 59 completed in 3 minutes and 56 seconds.
Expected completion: 06:08 2020-05-18.
Training round 60 stats
Wins 0.57, Ties 0.00, Losses 0.43, Game Length 20.34 moves
Loss p1: 0.161852, Loss p2: 0.167932
Benchmark Stats Training Round 60
W: 0.79, T: 0.00 (versus random)
W: 0.50, T: 0.00 (versus left)
W: 0.69, T: 0.00 (versus lvl1)
W: 0.16, T: 0.00 (versus lvl2)
Training round 60 completed in 3 minutes and 57 seconds.
Expected completion: 06:09 2020-05-18.
Training round 61 stats
Wins 0.52, Ties 0.01, Losses 0.47, Game Length 18.84 moves
Loss p1: 0.171208, Loss p2: 0.172893
Benchmark Stats Training Round 61
W: 0.63, T: 0.00 (versus random)
W: 1.00, T: 0.00 (versus left)
W: 0.41, T: 0.00 (versus lvl1)
W: 0.09, T: 0.00 (versus lvl2)
Training round 61 completed in 3 minutes and 42 seconds.
Expected completion: 05:59 2020-05-18.
Training round 62 stats
Wins 0.56, Ties 0.01, Losses 0.43, Game Length 19.60 moves
Loss p1: 0.183224, Loss p2: 0.188339
Benchmark Stats Training Round 62
W: 0.69, T: 0.00 (versus random)
W: 0.50, T: 0.00 (versus left)
W: 0.41, T: 0.00 (versus lvl1)
W: 0.10, T: 0.01 (versus lvl2)
Training round 62 completed in 3 minutes and 51 seconds.
Expected completion: 06:05 2020-05-18.
Training round 63 stats
Wins 0.59, Ties 0.00, Losses 0.40, Game Length 19.85 moves
Loss p1: 0.176964, Loss p2: 0.180371
Benchmark Stats Training Round 63
W: 0.83, T: 0.00 (versus random)
W: 0.50, T: 0.00 (versus left)
W: 0.69, T: 0.00 (versus lvl1)
W: 0.25, T: 0.01 (versus lvl2)
Training round 63 completed in 3 minutes and 52 seconds.
Expected completion: 06:05 2020-05-18.
Training round 64 stats
Wins 0.49, Ties 0.01, Losses 0.50, Game Length 21.96 moves
Loss p1: 0.167545, Loss p2: 0.172988
Benchmark Stats Training Round 64
W: 0.80, T: 0.01 (versus random)
W: 0.00, T: 0.00 (versus left)
W: 0.68, T: 0.00 (versus lvl1)
W: 0.16, T: 0.00 (versus lvl2)
Training round 64 completed in 4 minutes and 7 seconds.
Expected completion: 06:15 2020-05-18.
Training round 65 stats
Wins 0.47, Ties 0.01, Losses 0.53, Game Length 20.06 moves
Loss p1: 0.189247, Loss p2: 0.192077
Benchmark Stats Training Round 65
W: 0.91, T: 0.00 (versus random)
W: 0.50, T: 0.00 (versus left)
W: 0.73, T: 0.00 (versus lvl1)
W: 0.21, T: 0.00 (versus lvl2)
Training round 65 completed in 3 minutes and 57 seconds.
Expected completion: 06:08 2020-05-18.
Training round 66 stats
Wins 0.54, Ties 0.01, Losses 0.46, Game Length 20.81 moves
Loss p1: 0.165512, Loss p2: 0.173522
Benchmark Stats Training Round 66
W: 0.73, T: 0.01 (versus random)
W: 0.00, T: 0.00 (versus left)
W: 0.56, T: 0.00 (versus lvl1)
W: 0.06, T: 0.01 (versus lvl2)
Training round 66 completed in 4 minutes and 1 seconds.
Expected completion: 06:11 2020-05-18.
Training round 67 stats
Wins 0.55, Ties 0.01, Losses 0.43, Game Length 19.98 moves
Loss p1: 0.165976, Loss p2: 0.166384
Benchmark Stats Training Round 67
W: 0.78, T: 0.00 (versus random)
W: 0.00, T: 0.00 (versus left)
W: 0.57, T: 0.00 (versus lvl1)
W: 0.14, T: 0.01 (versus lvl2)
Training round 67 completed in 3 minutes and 58 seconds.
Expected completion: 06:09 2020-05-18.
Training round 68 stats
Wins 0.44, Ties 0.01, Losses 0.55, Game Length 22.35 moves
Loss p1: 0.181337, Loss p2: 0.187067
Benchmark Stats Training Round 68
W: 0.83, T: 0.01 (versus random)
W: 0.50, T: 0.00 (versus left)
W: 0.59, T: 0.00 (versus lvl1)
W: 0.11, T: 0.00 (versus lvl2)
Training round 68 completed in 4 minutes and 11 seconds.
Expected completion: 06:16 2020-05-18.
Training round 69 stats
Wins 0.56, Ties 0.00, Losses 0.44, Game Length 18.34 moves
Loss p1: 0.184567, Loss p2: 0.183855
Benchmark Stats Training Round 69
W: 0.90, T: 0.00 (versus random)
W: 0.50, T: 0.00 (versus left)
W: 0.61, T: 0.00 (versus lvl1)
W: 0.17, T: 0.01 (versus lvl2)
Training round 69 completed in 3 minutes and 41 seconds.
Expected completion: 06:00 2020-05-18.
Training round 70 stats
Wins 0.40, Ties 0.00, Losses 0.60, Game Length 19.56 moves
Loss p1: 0.170800, Loss p2: 0.167171
Benchmark Stats Training Round 70
W: 0.72, T: 0.00 (versus random)
W: 0.50, T: 0.00 (versus left)
W: 0.54, T: 0.00 (versus lvl1)
W: 0.07, T: 0.00 (versus lvl2)
Training round 70 completed in 3 minutes and 50 seconds.
Expected completion: 06:05 2020-05-18.
Training round 71 stats
Wins 0.48, Ties 0.01, Losses 0.51, Game Length 21.26 moves
Loss p1: 0.158610, Loss p2: 0.156115
Benchmark Stats Training Round 71
W: 0.86, T: 0.00 (versus random)
W: 1.00, T: 0.00 (versus left)
W: 0.76, T: 0.00 (versus lvl1)
W: 0.14, T: 0.01 (versus lvl2)
Training round 71 completed in 4 minutes and 6 seconds.
Expected completion: 06:13 2020-05-18.
Training round 72 stats
Wins 0.45, Ties 0.01, Losses 0.54, Game Length 20.82 moves
Loss p1: 0.177575, Loss p2: 0.180020
Benchmark Stats Training Round 72
W: 0.93, T: 0.00 (versus random)
W: 0.50, T: 0.00 (versus left)
W: 0.82, T: 0.00 (versus lvl1)
W: 0.14, T: 0.00 (versus lvl2)
Training round 72 completed in 3 minutes and 57 seconds.
Expected completion: 06:09 2020-05-18.
Training round 73 stats
Wins 0.49, Ties 0.00, Losses 0.50, Game Length 20.54 moves
Loss p1: 0.186234, Loss p2: 0.185444
Benchmark Stats Training Round 73
W: 0.83, T: 0.00 (versus random)
W: 0.50, T: 0.00 (versus left)
W: 0.72, T: 0.00 (versus lvl1)
W: 0.30, T: 0.01 (versus lvl2)
Training round 73 completed in 3 minutes and 57 seconds.
Expected completion: 06:09 2020-05-18.
Training round 74 stats
Wins 0.49, Ties 0.00, Losses 0.50, Game Length 20.20 moves
Loss p1: 0.187207, Loss p2: 0.176165
Benchmark Stats Training Round 74
W: 0.84, T: 0.00 (versus random)
W: 1.00, T: 0.00 (versus left)
W: 0.71, T: 0.00 (versus lvl1)
W: 0.29, T: 0.00 (versus lvl2)
Training round 74 completed in 3 minutes and 52 seconds.
Expected completion: 06:06 2020-05-18.
Training round 75 stats
Wins 0.49, Ties 0.00, Losses 0.51, Game Length 18.59 moves
Loss p1: 0.179767, Loss p2: 0.182268
Benchmark Stats Training Round 75
W: 0.81, T: 0.00 (versus random)
W: 0.00, T: 0.00 (versus left)
W: 0.65, T: 0.00 (versus lvl1)
W: 0.18, T: 0.00 (versus lvl2)
Training round 75 completed in 3 minutes and 42 seconds.
Expected completion: 06:02 2020-05-18.
Training round 76 stats
Wins 0.51, Ties 0.00, Losses 0.49, Game Length 19.46 moves
Loss p1: 0.169653, Loss p2: 0.166544
Benchmark Stats Training Round 76
W: 0.83, T: 0.00 (versus random)
W: 0.00, T: 0.00 (versus left)
W: 0.69, T: 0.00 (versus lvl1)
W: 0.12, T: 0.04 (versus lvl2)
Training round 76 completed in 3 minutes and 51 seconds.
Expected completion: 06:06 2020-05-18.
Training round 77 stats
Wins 0.48, Ties 0.01, Losses 0.51, Game Length 22.87 moves
Loss p1: 0.177531, Loss p2: 0.178491
Benchmark Stats Training Round 77
W: 0.78, T: 0.01 (versus random)
W: 0.00, T: 0.00 (versus left)
W: 0.47, T: 0.00 (versus lvl1)
W: 0.08, T: 0.00 (versus lvl2)
Training round 77 completed in 4 minutes and 17 seconds.
Expected completion: 06:16 2020-05-18.
Training round 78 stats
Wins 0.43, Ties 0.00, Losses 0.57, Game Length 20.96 moves
Loss p1: 0.174164, Loss p2: 0.178145
Benchmark Stats Training Round 78
W: 0.83, T: 0.00 (versus random)
W: 0.50, T: 0.00 (versus left)
W: 0.81, T: 0.00 (versus lvl1)
W: 0.26, T: 0.03 (versus lvl2)
Training round 78 completed in 3 minutes and 54 seconds.
Expected completion: 06:07 2020-05-18.
Training round 79 stats
Wins 0.42, Ties 0.01, Losses 0.57, Game Length 20.44 moves
Loss p1: 0.174105, Loss p2: 0.169858
Benchmark Stats Training Round 79
W: 0.89, T: 0.00 (versus random)
W: 0.00, T: 0.00 (versus left)
W: 0.75, T: 0.00 (versus lvl1)
W: 0.26, T: 0.01 (versus lvl2)
Training round 79 completed in 3 minutes and 55 seconds.
Expected completion: 06:08 2020-05-18.
Training round 80 stats
Wins 0.52, Ties 0.00, Losses 0.48, Game Length 21.87 moves
Loss p1: 0.149845, Loss p2: 0.154512
Benchmark Stats Training Round 80
W: 0.85, T: 0.01 (versus random)
W: 0.50, T: 0.00 (versus left)
W: 0.73, T: 0.00 (versus lvl1)
W: 0.21, T: 0.00 (versus lvl2)
Training round 80 completed in 4 minutes and 12 seconds.
Expected completion: 06:14 2020-05-18.
Training round 81 stats
Wins 0.56, Ties 0.01, Losses 0.43, Game Length 18.15 moves
Loss p1: 0.139481, Loss p2: 0.143787
Benchmark Stats Training Round 81
W: 0.93, T: 0.00 (versus random)
W: 0.00, T: 0.00 (versus left)
W: 0.69, T: 0.00 (versus lvl1)
W: 0.20, T: 0.00 (versus lvl2)
Training round 81 completed in 3 minutes and 38 seconds.
Expected completion: 06:02 2020-05-18.
Training round 82 stats
Wins 0.55, Ties 0.01, Losses 0.44, Game Length 20.63 moves
Loss p1: 0.170557, Loss p2: 0.171155
Benchmark Stats Training Round 82
W: 0.85, T: 0.00 (versus random)
W: 0.00, T: 0.00 (versus left)
W: 0.68, T: 0.00 (versus lvl1)
W: 0.27, T: 0.00 (versus lvl2)
Training round 82 completed in 4 minutes and 0 seconds.
Expected completion: 06:09 2020-05-18.
Training round 83 stats
Wins 0.50, Ties 0.00, Losses 0.49, Game Length 20.27 moves
Loss p1: 0.183216, Loss p2: 0.184877
Benchmark Stats Training Round 83
W: 0.78, T: 0.00 (versus random)
W: 0.50, T: 0.00 (versus left)
W: 0.52, T: 0.00 (versus lvl1)
W: 0.17, T: 0.00 (versus lvl2)
Training round 83 completed in 4 minutes and 3 seconds.
Expected completion: 06:10 2020-05-18.
Training round 84 stats
Wins 0.41, Ties 0.02, Losses 0.57, Game Length 21.54 moves
Loss p1: 0.165332, Loss p2: 0.167639
Benchmark Stats Training Round 84
W: 0.83, T: 0.00 (versus random)
W: 0.50, T: 0.00 (versus left)
W: 0.65, T: 0.00 (versus lvl1)
W: 0.23, T: 0.01 (versus lvl2)
Training round 84 completed in 4 minutes and 5 seconds.
Expected completion: 06:11 2020-05-18.
Training round 85 stats
Wins 0.52, Ties 0.00, Losses 0.48, Game Length 21.27 moves
Loss p1: 0.154104, Loss p2: 0.159557
Benchmark Stats Training Round 85
W: 0.89, T: 0.00 (versus random)
W: 0.00, T: 0.00 (versus left)
W: 0.77, T: 0.00 (versus lvl1)
W: 0.23, T: 0.00 (versus lvl2)
Training round 85 completed in 3 minutes and 59 seconds.
Expected completion: 06:09 2020-05-18.
Training round 86 stats
Wins 0.37, Ties 0.01, Losses 0.62, Game Length 19.13 moves
Loss p1: 0.170975, Loss p2: 0.171846
Benchmark Stats Training Round 86
W: 0.91, T: 0.00 (versus random)
W: 0.50, T: 0.00 (versus left)
W: 0.68, T: 0.00 (versus lvl1)
W: 0.27, T: 0.01 (versus lvl2)
Training round 86 completed in 3 minutes and 46 seconds.
Expected completion: 06:06 2020-05-18.
Training round 87 stats
Wins 0.60, Ties 0.01, Losses 0.39, Game Length 17.60 moves
Loss p1: 0.147070, Loss p2: 0.157901
Benchmark Stats Training Round 87
W: 0.84, T: 0.00 (versus random)
W: 0.50, T: 0.00 (versus left)
W: 0.73, T: 0.00 (versus lvl1)
W: 0.17, T: 0.00 (versus lvl2)
Training round 87 completed in 3 minutes and 34 seconds.
Expected completion: 06:03 2020-05-18.
Training round 88 stats
Wins 0.39, Ties 0.01, Losses 0.60, Game Length 21.44 moves
Loss p1: 0.171890, Loss p2: 0.185210
Benchmark Stats Training Round 88
W: 0.81, T: 0.00 (versus random)
W: 0.50, T: 0.00 (versus left)
W: 0.64, T: 0.00 (versus lvl1)
W: 0.18, T: 0.00 (versus lvl2)
Training round 88 completed in 4 minutes and 9 seconds.
Expected completion: 06:11 2020-05-18.
Training round 89 stats
Wins 0.39, Ties 0.00, Losses 0.60, Game Length 20.21 moves
Loss p1: 0.167630, Loss p2: 0.179268
Benchmark Stats Training Round 89
W: 0.72, T: 0.01 (versus random)
W: 1.00, T: 0.00 (versus left)
W: 0.58, T: 0.00 (versus lvl1)
W: 0.16, T: 0.01 (versus lvl2)
Training round 89 completed in 4 minutes and 2 seconds.
Expected completion: 06:09 2020-05-18.
Training round 90 stats
Wins 0.51, Ties 0.01, Losses 0.49, Game Length 20.55 moves
Loss p1: 0.183337, Loss p2: 0.190255
Benchmark Stats Training Round 90
W: 0.77, T: 0.01 (versus random)
W: 0.00, T: 0.00 (versus left)
W: 0.56, T: 0.00 (versus lvl1)
W: 0.21, T: 0.01 (versus lvl2)
Training round 90 completed in 4 minutes and 4 seconds.
Expected completion: 06:10 2020-05-18.
Training round 91 stats
Wins 0.43, Ties 0.01, Losses 0.56, Game Length 20.93 moves
Loss p1: 0.171693, Loss p2: 0.174954
Benchmark Stats Training Round 91
W: 0.80, T: 0.00 (versus random)
W: 0.00, T: 0.00 (versus left)
W: 0.61, T: 0.00 (versus lvl1)
W: 0.24, T: 0.00 (versus lvl2)
Training round 91 completed in 4 minutes and 4 seconds.
Expected completion: 06:10 2020-05-18.
Training round 92 stats
Wins 0.56, Ties 0.00, Losses 0.44, Game Length 21.01 moves
Loss p1: 0.159429, Loss p2: 0.166416
Benchmark Stats Training Round 92
W: 0.79, T: 0.00 (versus random)
W: 0.50, T: 0.00 (versus left)
W: 0.60, T: 0.00 (versus lvl1)
W: 0.20, T: 0.01 (versus lvl2)
Training round 92 completed in 4 minutes and 6 seconds.
Expected completion: 06:10 2020-05-18.
Training round 93 stats
Wins 0.64, Ties 0.00, Losses 0.36, Game Length 19.60 moves
Loss p1: 0.163019, Loss p2: 0.167458
Benchmark Stats Training Round 93
W: 0.86, T: 0.00 (versus random)
W: 1.00, T: 0.00 (versus left)
W: 0.76, T: 0.00 (versus lvl1)
W: 0.40, T: 0.00 (versus lvl2)
Training round 93 completed in 3 minutes and 54 seconds.
Expected completion: 06:08 2020-05-18.
Training round 94 stats
Wins 0.69, Ties 0.00, Losses 0.31, Game Length 20.05 moves
Loss p1: 0.165237, Loss p2: 0.170852
Benchmark Stats Training Round 94
W: 0.88, T: 0.00 (versus random)
W: 0.50, T: 0.00 (versus left)
W: 0.67, T: 0.00 (versus lvl1)
W: 0.20, T: 0.00 (versus lvl2)
Training round 94 completed in 3 minutes and 55 seconds.
Expected completion: 06:09 2020-05-18.
Training round 95 stats
Wins 0.50, Ties 0.01, Losses 0.50, Game Length 20.61 moves
Loss p1: 0.176232, Loss p2: 0.183618
Benchmark Stats Training Round 95
W: 0.92, T: 0.00 (versus random)
W: 0.50, T: 0.00 (versus left)
W: 0.78, T: 0.00 (versus lvl1)
W: 0.25, T: 0.00 (versus lvl2)
Training round 95 completed in 3 minutes and 55 seconds.
Expected completion: 06:08 2020-05-18.
Training round 96 stats
Wins 0.50, Ties 0.00, Losses 0.50, Game Length 21.28 moves
Loss p1: 0.181158, Loss p2: 0.209904
Benchmark Stats Training Round 96
W: 0.88, T: 0.00 (versus random)
W: 0.50, T: 0.00 (versus left)
W: 0.79, T: 0.00 (versus lvl1)
W: 0.42, T: 0.00 (versus lvl2)
Training round 96 completed in 4 minutes and 4 seconds.
Expected completion: 06:09 2020-05-18.
Training round 97 stats
Wins 0.45, Ties 0.00, Losses 0.54, Game Length 20.08 moves
Loss p1: 0.152334, Loss p2: 0.162257
Benchmark Stats Training Round 97
W: 0.92, T: 0.00 (versus random)
W: 1.00, T: 0.00 (versus left)
W: 0.80, T: 0.00 (versus lvl1)
W: 0.47, T: 0.01 (versus lvl2)
Training round 97 completed in 3 minutes and 54 seconds.
Expected completion: 06:09 2020-05-18.
Training round 98 stats
Wins 0.51, Ties 0.01, Losses 0.48, Game Length 20.24 moves
Loss p1: 0.164427, Loss p2: 0.179020
Benchmark Stats Training Round 98
W: 0.87, T: 0.00 (versus random)
W: 1.00, T: 0.00 (versus left)
W: 0.70, T: 0.00 (versus lvl1)
W: 0.20, T: 0.00 (versus lvl2)
Training round 98 completed in 4 minutes and 1 seconds.
Expected completion: 06:09 2020-05-18.
Training round 99 stats
Wins 0.42, Ties 0.00, Losses 0.58, Game Length 20.51 moves
Loss p1: 0.172769, Loss p2: 0.174625
Benchmark Stats Training Round 99
W: 0.85, T: 0.00 (versus random)
W: 0.50, T: 0.00 (versus left)
W: 0.80, T: 0.00 (versus lvl1)
W: 0.41, T: 0.02 (versus lvl2)
Training round 99 completed in 3 minutes and 53 seconds.
Expected completion: 06:09 2020-05-18.
Training round 100 stats
Wins 0.59, Ties 0.01, Losses 0.41, Game Length 20.87 moves
Loss p1: 0.169990, Loss p2: 0.172612
Benchmark Stats Training Round 100
W: 0.82, T: 0.00 (versus random)
W: 0.50, T: 0.00 (versus left)
W: 0.78, T: 0.00 (versus lvl1)
W: 0.37, T: 0.01 (versus lvl2)
Training round 100 completed in 3 minutes and 57 seconds.
Expected completion: 06:09 2020-05-18.
