Training Neural Net on Connect 4
  self_play_batch_size: 1000
  benchmark_batch_size: 100
  training_rounds: 100
  memory_size: 1000
  network: A
  exploration: no
  loss: MSE
  encoding: integer
  optimizer: Adam
  experience: no

Benchmark Stats Training Round 0
W: 0.53, T: 0.00 (versus random)
W: 0.00, T: 0.00 (versus left)
W: 0.26, T: 0.00 (versus lvl1)
W: 0.12, T: 0.00 (versus lvl2)
Training round 1 stats
Wins 0.14, Ties 0.01, Losses 0.85, Game Length 13.78 moves
Loss p1: 0.257087, Loss p2: 0.223768
Benchmark Stats Training Round 1
W: 0.41, T: 0.01 (versus random)
W: 0.00, T: 0.00 (versus left)
W: 0.23, T: 0.01 (versus lvl1)
W: 0.05, T: 0.00 (versus lvl2)
Training round 1 completed in 1 minutes and 50 seconds.
Expected completion: 17:52 2020-05-16.
Training round 2 stats
Wins 0.54, Ties 0.00, Losses 0.46, Game Length 14.68 moves
Loss p1: 0.502817, Loss p2: 0.488322
Benchmark Stats Training Round 2
W: 0.74, T: 0.00 (versus random)
W: 0.50, T: 0.00 (versus left)
W: 0.57, T: 0.00 (versus lvl1)
W: 0.17, T: 0.00 (versus lvl2)
Training round 2 completed in 1 minutes and 45 seconds.
Expected completion: 17:44 2020-05-16.
Training round 3 stats
Wins 0.82, Ties 0.00, Losses 0.18, Game Length 6.32 moves
Loss p1: 0.384746, Loss p2: 0.663245
Benchmark Stats Training Round 3
W: 0.78, T: 0.00 (versus random)
W: 0.50, T: 0.00 (versus left)
W: 0.74, T: 0.00 (versus lvl1)
W: 0.05, T: 0.00 (versus lvl2)
Training round 3 completed in 1 minutes and 2 seconds.
Expected completion: 16:34 2020-05-16.
Training round 4 stats
Wins 0.50, Ties 0.00, Losses 0.50, Game Length 6.00 moves
Loss p1: 0.747950, Loss p2: 0.803239
Benchmark Stats Training Round 4
W: 0.80, T: 0.00 (versus random)
W: 0.50, T: 0.00 (versus left)
W: 0.60, T: 0.00 (versus lvl1)
W: 0.02, T: 0.00 (versus lvl2)
Training round 4 completed in 59 seconds.
Expected completion: 16:30 2020-05-16.
Training round 5 stats
Wins 0.53, Ties 0.00, Losses 0.47, Game Length 6.57 moves
Loss p1: 0.657443, Loss p2: 0.719200
Benchmark Stats Training Round 5
W: 0.81, T: 0.00 (versus random)
W: 0.50, T: 0.00 (versus left)
W: 0.64, T: 0.00 (versus lvl1)
W: 0.01, T: 0.00 (versus lvl2)
Training round 5 completed in 1 minutes and 3 seconds.
Expected completion: 16:34 2020-05-16.
Training round 6 stats
Wins 0.94, Ties 0.00, Losses 0.06, Game Length 8.15 moves
Loss p1: 0.126786, Loss p2: 0.233113
Benchmark Stats Training Round 6
W: 0.64, T: 0.00 (versus random)
W: 0.50, T: 0.00 (versus left)
W: 0.65, T: 0.00 (versus lvl1)
W: 0.01, T: 0.00 (versus lvl2)
Training round 6 completed in 1 minutes and 10 seconds.
Expected completion: 16:46 2020-05-16.
Training round 7 stats
Wins 0.71, Ties 0.00, Losses 0.29, Game Length 12.01 moves
Loss p1: 0.308933, Loss p2: 0.298479
Benchmark Stats Training Round 7
W: 0.68, T: 0.00 (versus random)
W: 0.00, T: 0.00 (versus left)
W: 0.33, T: 0.00 (versus lvl1)
W: 0.19, T: 0.00 (versus lvl2)
Training round 7 completed in 1 minutes and 43 seconds.
Expected completion: 17:37 2020-05-16.
Training round 8 stats
Wins 0.47, Ties 0.00, Losses 0.53, Game Length 13.99 moves
Loss p1: 0.536135, Loss p2: 0.538359
Benchmark Stats Training Round 8
W: 0.79, T: 0.00 (versus random)
W: 0.00, T: 0.00 (versus left)
W: 0.55, T: 0.00 (versus lvl1)
W: 0.01, T: 0.00 (versus lvl2)
Training round 8 completed in 1 minutes and 45 seconds.
Expected completion: 17:41 2020-05-16.
Training round 9 stats
Wins 0.64, Ties 0.00, Losses 0.36, Game Length 13.99 moves
Loss p1: 0.424960, Loss p2: 0.530506
Benchmark Stats Training Round 9
W: 0.65, T: 0.00 (versus random)
W: 0.50, T: 0.00 (versus left)
W: 0.40, T: 0.00 (versus lvl1)
W: 0.09, T: 0.00 (versus lvl2)
Training round 9 completed in 1 minutes and 46 seconds.
Expected completion: 17:42 2020-05-16.
Training round 10 stats
Wins 0.48, Ties 0.00, Losses 0.52, Game Length 14.10 moves
Loss p1: 0.516191, Loss p2: 0.532344
Benchmark Stats Training Round 10
W: 0.74, T: 0.01 (versus random)
W: 0.00, T: 0.00 (versus left)
W: 0.46, T: 0.00 (versus lvl1)
W: 0.04, T: 0.01 (versus lvl2)
Training round 10 completed in 1 minutes and 51 seconds.
Expected completion: 17:49 2020-05-16.
Training round 11 stats
Wins 0.68, Ties 0.00, Losses 0.32, Game Length 9.97 moves
Loss p1: 0.509499, Loss p2: 0.510544
Benchmark Stats Training Round 11
W: 0.84, T: 0.00 (versus random)
W: 0.50, T: 0.00 (versus left)
W: 0.74, T: 0.00 (versus lvl1)
W: 0.13, T: 0.01 (versus lvl2)
Training round 11 completed in 1 minutes and 28 seconds.
Expected completion: 17:15 2020-05-16.
Training round 12 stats
Wins 1.00, Ties 0.00, Losses 0.00, Game Length 7.40 moves
Loss p1: 0.051883, Loss p2: 0.019206
Benchmark Stats Training Round 12
W: 0.89, T: 0.00 (versus random)
W: 0.50, T: 0.00 (versus left)
W: 0.79, T: 0.00 (versus lvl1)
W: 0.10, T: 0.00 (versus lvl2)
Training round 12 completed in 1 minutes and 17 seconds.
Expected completion: 16:59 2020-05-16.
Training round 13 stats
Wins 1.00, Ties 0.00, Losses 0.00, Game Length 6.50 moves
Loss p1: 0.002093, Loss p2: 0.000708
Benchmark Stats Training Round 13
W: 0.86, T: 0.00 (versus random)
W: 0.50, T: 0.00 (versus left)
W: 0.81, T: 0.00 (versus lvl1)
W: 0.15, T: 0.02 (versus lvl2)
Training round 13 completed in 1 minutes and 11 seconds.
Expected completion: 16:51 2020-05-16.
Training round 14 stats
Wins 1.00, Ties 0.00, Losses 0.00, Game Length 6.50 moves
Loss p1: 0.000727, Loss p2: 0.000291
Benchmark Stats Training Round 14
W: 0.92, T: 0.00 (versus random)
W: 0.50, T: 0.00 (versus left)
W: 0.84, T: 0.00 (versus lvl1)
W: 0.13, T: 0.01 (versus lvl2)
Training round 14 completed in 1 minutes and 10 seconds.
Expected completion: 16:49 2020-05-16.
Training round 15 stats
Wins 1.00, Ties 0.00, Losses 0.00, Game Length 6.50 moves
Loss p1: 0.000217, Loss p2: 0.000221
Benchmark Stats Training Round 15
W: 0.87, T: 0.00 (versus random)
W: 0.50, T: 0.00 (versus left)
W: 0.82, T: 0.00 (versus lvl1)
W: 0.11, T: 0.00 (versus lvl2)
Training round 15 completed in 1 minutes and 10 seconds.
Expected completion: 16:49 2020-05-16.
Training round 16 stats
Wins 1.00, Ties 0.00, Losses 0.00, Game Length 6.50 moves
Loss p1: 0.000083, Loss p2: 0.000188
Benchmark Stats Training Round 16
W: 0.91, T: 0.00 (versus random)
W: 0.50, T: 0.00 (versus left)
W: 0.71, T: 0.00 (versus lvl1)
W: 0.19, T: 0.01 (versus lvl2)
Training round 16 completed in 1 minutes and 12 seconds.
Expected completion: 16:51 2020-05-16.
Training round 17 stats
Wins 1.00, Ties 0.00, Losses 0.00, Game Length 6.50 moves
Loss p1: 0.000053, Loss p2: 0.000157
Benchmark Stats Training Round 17
W: 0.91, T: 0.00 (versus random)
W: 0.50, T: 0.00 (versus left)
W: 0.78, T: 0.00 (versus lvl1)
W: 0.14, T: 0.00 (versus lvl2)
Training round 17 completed in 1 minutes and 9 seconds.
Expected completion: 16:48 2020-05-16.
Training round 18 stats
Wins 1.00, Ties 0.00, Losses 0.00, Game Length 6.50 moves
Loss p1: 0.000035, Loss p2: 0.000125
Benchmark Stats Training Round 18
W: 0.91, T: 0.00 (versus random)
W: 0.50, T: 0.00 (versus left)
W: 0.80, T: 0.00 (versus lvl1)
W: 0.13, T: 0.00 (versus lvl2)
Training round 18 completed in 1 minutes and 9 seconds.
Expected completion: 16:48 2020-05-16.
Training round 19 stats
Wins 1.00, Ties 0.00, Losses 0.00, Game Length 6.50 moves
Loss p1: 0.000036, Loss p2: 0.000093
Benchmark Stats Training Round 19
W: 0.93, T: 0.00 (versus random)
W: 0.50, T: 0.00 (versus left)
W: 0.80, T: 0.00 (versus lvl1)
W: 0.19, T: 0.02 (versus lvl2)
Training round 19 completed in 1 minutes and 9 seconds.
Expected completion: 16:48 2020-05-16.
Training round 20 stats
Wins 1.00, Ties 0.00, Losses 0.00, Game Length 6.50 moves
Loss p1: 0.000024, Loss p2: 0.000057
Benchmark Stats Training Round 20
W: 0.88, T: 0.00 (versus random)
W: 0.50, T: 0.00 (versus left)
W: 0.79, T: 0.00 (versus lvl1)
W: 0.15, T: 0.00 (versus lvl2)
Training round 20 completed in 1 minutes and 10 seconds.
Expected completion: 16:49 2020-05-16.
Training round 21 stats
Wins 1.00, Ties 0.00, Losses 0.00, Game Length 6.50 moves
Loss p1: 0.000033, Loss p2: 0.000029
Benchmark Stats Training Round 21
W: 0.88, T: 0.00 (versus random)
W: 0.50, T: 0.00 (versus left)
W: 0.88, T: 0.00 (versus lvl1)
W: 0.16, T: 0.00 (versus lvl2)
Training round 21 completed in 1 minutes and 10 seconds.
Expected completion: 16:49 2020-05-16.
Training round 22 stats
Wins 1.00, Ties 0.00, Losses 0.00, Game Length 6.51 moves
Loss p1: 0.002670, Loss p2: 0.000013
Benchmark Stats Training Round 22
W: 0.85, T: 0.00 (versus random)
W: 0.50, T: 0.00 (versus left)
W: 0.88, T: 0.00 (versus lvl1)
W: 0.17, T: 0.00 (versus lvl2)
Training round 22 completed in 1 minutes and 12 seconds.
Expected completion: 16:51 2020-05-16.
Training round 23 stats
Wins 0.64, Ties 0.01, Losses 0.36, Game Length 16.79 moves
Loss p1: 0.371984, Loss p2: 0.468381
Benchmark Stats Training Round 23
W: 0.77, T: 0.00 (versus random)
W: 1.00, T: 0.00 (versus left)
W: 0.59, T: 0.00 (versus lvl1)
W: 0.28, T: 0.01 (versus lvl2)
Training round 23 completed in 2 minutes and 7 seconds.
Expected completion: 18:03 2020-05-16.
Training round 24 stats
Wins 0.29, Ties 0.01, Losses 0.70, Game Length 16.49 moves
Loss p1: 0.443896, Loss p2: 0.464736
Benchmark Stats Training Round 24
W: 0.76, T: 0.00 (versus random)
W: 0.50, T: 0.00 (versus left)
W: 0.77, T: 0.00 (versus lvl1)
W: 0.13, T: 0.00 (versus lvl2)
Training round 24 completed in 1 minutes and 58 seconds.
Expected completion: 17:51 2020-05-16.
Training round 25 stats
Wins 0.41, Ties 0.01, Losses 0.58, Game Length 19.30 moves
Loss p1: 0.429304, Loss p2: 0.420020
Benchmark Stats Training Round 25
W: 0.77, T: 0.00 (versus random)
W: 0.50, T: 0.00 (versus left)
W: 0.65, T: 0.00 (versus lvl1)
W: 0.01, T: 0.00 (versus lvl2)
Training round 25 completed in 2 minutes and 12 seconds.
Expected completion: 18:09 2020-05-16.
Training round 26 stats
Wins 0.35, Ties 0.00, Losses 0.65, Game Length 18.12 moves
Loss p1: 0.433380, Loss p2: 0.431570
Benchmark Stats Training Round 26
W: 0.65, T: 0.00 (versus random)
W: 0.00, T: 0.00 (versus left)
W: 0.44, T: 0.00 (versus lvl1)
W: 0.09, T: 0.00 (versus lvl2)
Training round 26 completed in 2 minutes and 17 seconds.
Expected completion: 18:15 2020-05-16.
Training round 27 stats
Wins 0.38, Ties 0.00, Losses 0.62, Game Length 19.69 moves
Loss p1: 0.427700, Loss p2: 0.419373
Benchmark Stats Training Round 27
W: 0.75, T: 0.00 (versus random)
W: 0.50, T: 0.00 (versus left)
W: 0.69, T: 0.00 (versus lvl1)
W: 0.07, T: 0.01 (versus lvl2)
Training round 27 completed in 2 minutes and 18 seconds.
Expected completion: 18:16 2020-05-16.
Training round 28 stats
Wins 0.57, Ties 0.01, Losses 0.42, Game Length 14.84 moves
Loss p1: 0.496213, Loss p2: 0.479894
Benchmark Stats Training Round 28
W: 0.79, T: 0.00 (versus random)
W: 0.50, T: 0.00 (versus left)
W: 0.73, T: 0.00 (versus lvl1)
W: 0.00, T: 0.01 (versus lvl2)
Training round 28 completed in 1 minutes and 46 seconds.
Expected completion: 17:37 2020-05-16.
Training round 29 stats
Wins 0.32, Ties 0.00, Losses 0.67, Game Length 12.26 moves
Loss p1: 0.530701, Loss p2: 0.457406
Benchmark Stats Training Round 29
W: 0.63, T: 0.00 (versus random)
W: 0.50, T: 0.00 (versus left)
W: 0.44, T: 0.00 (versus lvl1)
W: 0.08, T: 0.00 (versus lvl2)
Training round 29 completed in 1 minutes and 44 seconds.
Expected completion: 17:36 2020-05-16.
Training round 30 stats
Wins 0.19, Ties 0.00, Losses 0.81, Game Length 13.17 moves
Loss p1: 0.472057, Loss p2: 0.442857
Benchmark Stats Training Round 30
W: 0.71, T: 0.01 (versus random)
W: 0.00, T: 0.00 (versus left)
W: 0.50, T: 0.00 (versus lvl1)
W: 0.06, T: 0.01 (versus lvl2)
Training round 30 completed in 1 minutes and 42 seconds.
Expected completion: 17:33 2020-05-16.
Training round 31 stats
Wins 0.26, Ties 0.00, Losses 0.74, Game Length 13.09 moves
Loss p1: 0.497114, Loss p2: 0.474865
Benchmark Stats Training Round 31
W: 0.62, T: 0.00 (versus random)
W: 0.50, T: 0.00 (versus left)
W: 0.51, T: 0.00 (versus lvl1)
W: 0.02, T: 0.00 (versus lvl2)
Training round 31 completed in 1 minutes and 42 seconds.
Expected completion: 17:33 2020-05-16.
Training round 32 stats
Wins 0.39, Ties 0.00, Losses 0.61, Game Length 16.35 moves
Loss p1: 0.421422, Loss p2: 0.427910
Benchmark Stats Training Round 32
W: 0.82, T: 0.00 (versus random)
W: 0.50, T: 0.00 (versus left)
W: 0.82, T: 0.00 (versus lvl1)
W: 0.13, T: 0.01 (versus lvl2)
Training round 32 completed in 1 minutes and 57 seconds.
Expected completion: 17:51 2020-05-16.
Training round 33 stats
Wins 0.58, Ties 0.00, Losses 0.42, Game Length 15.12 moves
Loss p1: 0.512006, Loss p2: 0.514494
Benchmark Stats Training Round 33
W: 0.94, T: 0.00 (versus random)
W: 0.50, T: 0.00 (versus left)
W: 0.83, T: 0.00 (versus lvl1)
W: 0.17, T: 0.00 (versus lvl2)
Training round 33 completed in 1 minutes and 52 seconds.
Expected completion: 17:45 2020-05-16.
Training round 34 stats
Wins 0.82, Ties 0.01, Losses 0.17, Game Length 14.04 moves
Loss p1: 0.415819, Loss p2: 0.435569
Benchmark Stats Training Round 34
W: 0.60, T: 0.00 (versus random)
W: 0.00, T: 0.00 (versus left)
W: 0.41, T: 0.00 (versus lvl1)
W: 0.00, T: 0.00 (versus lvl2)
Training round 34 completed in 1 minutes and 35 seconds.
Expected completion: 17:25 2020-05-16.
Training round 35 stats
Wins 0.71, Ties 0.00, Losses 0.29, Game Length 17.34 moves
Loss p1: 0.457299, Loss p2: 0.448288
Benchmark Stats Training Round 35
W: 0.82, T: 0.00 (versus random)
W: 0.50, T: 0.00 (versus left)
W: 0.82, T: 0.00 (versus lvl1)
W: 0.09, T: 0.00 (versus lvl2)
Training round 35 completed in 2 minutes and 4 seconds.
Expected completion: 17:57 2020-05-16.
Training round 36 stats
Wins 0.53, Ties 0.00, Losses 0.47, Game Length 14.89 moves
Loss p1: 0.488983, Loss p2: 0.498900
Benchmark Stats Training Round 36
W: 0.87, T: 0.00 (versus random)
W: 0.50, T: 0.00 (versus left)
W: 0.75, T: 0.00 (versus lvl1)
W: 0.09, T: 0.00 (versus lvl2)
Training round 36 completed in 1 minutes and 52 seconds.
Expected completion: 17:44 2020-05-16.
Training round 37 stats
Wins 0.42, Ties 0.00, Losses 0.58, Game Length 8.51 moves
Loss p1: 0.688471, Loss p2: 0.669645
Benchmark Stats Training Round 37
W: 0.73, T: 0.00 (versus random)
W: 0.50, T: 0.00 (versus left)
W: 0.69, T: 0.00 (versus lvl1)
W: 0.02, T: 0.00 (versus lvl2)
Training round 37 completed in 1 minutes and 14 seconds.
Expected completion: 17:04 2020-05-16.
Training round 38 stats
Wins 0.37, Ties 0.00, Losses 0.63, Game Length 6.63 moves
Loss p1: 0.699197, Loss p2: 0.546517
Benchmark Stats Training Round 38
W: 0.87, T: 0.00 (versus random)
W: 0.50, T: 0.00 (versus left)
W: 0.84, T: 0.00 (versus lvl1)
W: 0.06, T: 0.01 (versus lvl2)
Training round 38 completed in 1 minutes and 10 seconds.
Expected completion: 17:00 2020-05-16.
Training round 39 stats
Wins 0.44, Ties 0.00, Losses 0.56, Game Length 10.74 moves
Loss p1: 0.605162, Loss p2: 0.577775
Benchmark Stats Training Round 39
W: 0.84, T: 0.00 (versus random)
W: 0.50, T: 0.00 (versus left)
W: 0.72, T: 0.00 (versus lvl1)
W: 0.00, T: 0.00 (versus lvl2)
Training round 39 completed in 1 minutes and 27 seconds.
Expected completion: 17:17 2020-05-16.
Training round 40 stats
Wins 0.52, Ties 0.00, Losses 0.48, Game Length 14.11 moves
Loss p1: 0.547657, Loss p2: 0.518429
Benchmark Stats Training Round 40
W: 0.84, T: 0.00 (versus random)
W: 0.00, T: 0.00 (versus left)
W: 0.60, T: 0.00 (versus lvl1)
W: 0.09, T: 0.02 (versus lvl2)
Training round 40 completed in 1 minutes and 51 seconds.
Expected completion: 17:42 2020-05-16.
Training round 41 stats
Wins 0.23, Ties 0.00, Losses 0.77, Game Length 11.46 moves
Loss p1: 0.562163, Loss p2: 0.441422
Benchmark Stats Training Round 41
W: 0.88, T: 0.00 (versus random)
W: 1.00, T: 0.00 (versus left)
W: 0.77, T: 0.00 (versus lvl1)
W: 0.09, T: 0.00 (versus lvl2)
Training round 41 completed in 1 minutes and 37 seconds.
Expected completion: 17:27 2020-05-16.
Training round 42 stats
Wins 0.55, Ties 0.00, Losses 0.45, Game Length 15.90 moves
Loss p1: 0.499737, Loss p2: 0.507945
Benchmark Stats Training Round 42
W: 0.83, T: 0.00 (versus random)
W: 0.00, T: 0.00 (versus left)
W: 0.66, T: 0.00 (versus lvl1)
W: 0.01, T: 0.01 (versus lvl2)
Training round 42 completed in 1 minutes and 56 seconds.
Expected completion: 17:46 2020-05-16.
Training round 43 stats
Wins 0.36, Ties 0.00, Losses 0.64, Game Length 15.36 moves
Loss p1: 0.474315, Loss p2: 0.462300
Benchmark Stats Training Round 43
W: 0.74, T: 0.00 (versus random)
W: 1.00, T: 0.00 (versus left)
W: 0.50, T: 0.00 (versus lvl1)
W: 0.08, T: 0.00 (versus lvl2)
Training round 43 completed in 1 minutes and 53 seconds.
Expected completion: 17:43 2020-05-16.
Training round 44 stats
Wins 0.47, Ties 0.01, Losses 0.52, Game Length 13.99 moves
Loss p1: 0.470415, Loss p2: 0.443156
Benchmark Stats Training Round 44
W: 0.86, T: 0.00 (versus random)
W: 0.00, T: 0.00 (versus left)
W: 0.73, T: 0.00 (versus lvl1)
W: 0.08, T: 0.00 (versus lvl2)
Training round 44 completed in 1 minutes and 44 seconds.
Expected completion: 17:35 2020-05-16.
Training round 45 stats
Wins 0.59, Ties 0.00, Losses 0.41, Game Length 13.28 moves
Loss p1: 0.458634, Loss p2: 0.455642
Benchmark Stats Training Round 45
W: 0.87, T: 0.00 (versus random)
W: 0.50, T: 0.00 (versus left)
W: 0.75, T: 0.00 (versus lvl1)
W: 0.04, T: 0.00 (versus lvl2)
Training round 45 completed in 1 minutes and 40 seconds.
Expected completion: 17:31 2020-05-16.
Training round 46 stats
Wins 0.33, Ties 0.02, Losses 0.65, Game Length 14.14 moves
Loss p1: 0.422448, Loss p2: 0.402483
Benchmark Stats Training Round 46
W: 0.90, T: 0.00 (versus random)
W: 0.50, T: 0.00 (versus left)
W: 0.78, T: 0.00 (versus lvl1)
W: 0.16, T: 0.01 (versus lvl2)
Training round 46 completed in 1 minutes and 47 seconds.
Expected completion: 17:38 2020-05-16.
Training round 47 stats
Wins 0.40, Ties 0.04, Losses 0.55, Game Length 22.98 moves
Loss p1: 0.363747, Loss p2: 0.360246
Benchmark Stats Training Round 47
W: 0.77, T: 0.00 (versus random)
W: 0.50, T: 0.00 (versus left)
W: 0.53, T: 0.00 (versus lvl1)
W: 0.13, T: 0.01 (versus lvl2)
Training round 47 completed in 2 minutes and 28 seconds.
Expected completion: 18:15 2020-05-16.
Training round 48 stats
Wins 0.43, Ties 0.01, Losses 0.55, Game Length 15.97 moves
Loss p1: 0.466127, Loss p2: 0.464234
Benchmark Stats Training Round 48
W: 0.80, T: 0.00 (versus random)
W: 0.50, T: 0.00 (versus left)
W: 0.60, T: 0.00 (versus lvl1)
W: 0.05, T: 0.00 (versus lvl2)
Training round 48 completed in 1 minutes and 50 seconds.
Expected completion: 17:41 2020-05-16.
Training round 49 stats
Wins 0.52, Ties 0.00, Losses 0.48, Game Length 13.45 moves
Loss p1: 0.492852, Loss p2: 0.534106
Benchmark Stats Training Round 49
W: 0.75, T: 0.00 (versus random)
W: 0.50, T: 0.00 (versus left)
W: 0.69, T: 0.00 (versus lvl1)
W: 0.04, T: 0.00 (versus lvl2)
Training round 49 completed in 1 minutes and 40 seconds.
Expected completion: 17:32 2020-05-16.
Training round 50 stats
Wins 0.49, Ties 0.01, Losses 0.50, Game Length 19.86 moves
Loss p1: 0.435187, Loss p2: 0.427361
Benchmark Stats Training Round 50
W: 0.68, T: 0.00 (versus random)
W: 1.00, T: 0.00 (versus left)
W: 0.51, T: 0.00 (versus lvl1)
W: 0.12, T: 0.00 (versus lvl2)
Training round 50 completed in 2 minutes and 18 seconds.
Expected completion: 18:04 2020-05-16.
Training round 51 stats
Wins 0.42, Ties 0.01, Losses 0.58, Game Length 19.12 moves
Loss p1: 0.427496, Loss p2: 0.423104
Benchmark Stats Training Round 51
W: 0.83, T: 0.00 (versus random)
W: 0.50, T: 0.00 (versus left)
W: 0.66, T: 0.00 (versus lvl1)
W: 0.12, T: 0.00 (versus lvl2)
Training round 51 completed in 2 minutes and 11 seconds.
Expected completion: 17:59 2020-05-16.
Training round 52 stats
Wins 0.57, Ties 0.00, Losses 0.42, Game Length 17.01 moves
Loss p1: 0.445171, Loss p2: 0.448809
Benchmark Stats Training Round 52
W: 0.72, T: 0.00 (versus random)
W: 0.50, T: 0.00 (versus left)
W: 0.67, T: 0.00 (versus lvl1)
W: 0.12, T: 0.00 (versus lvl2)
Training round 52 completed in 2 minutes and 0 seconds.
Expected completion: 17:50 2020-05-16.
Training round 53 stats
Wins 0.43, Ties 0.02, Losses 0.55, Game Length 18.19 moves
Loss p1: 0.415161, Loss p2: 0.396530
Benchmark Stats Training Round 53
W: 0.82, T: 0.00 (versus random)
W: 0.50, T: 0.00 (versus left)
W: 0.58, T: 0.00 (versus lvl1)
W: 0.12, T: 0.00 (versus lvl2)
Training round 53 completed in 2 minutes and 8 seconds.
Expected completion: 17:56 2020-05-16.
Training round 54 stats
Wins 0.27, Ties 0.01, Losses 0.72, Game Length 12.13 moves
Loss p1: 0.449637, Loss p2: 0.422073
Benchmark Stats Training Round 54
W: 0.90, T: 0.00 (versus random)
W: 0.50, T: 0.00 (versus left)
W: 0.77, T: 0.00 (versus lvl1)
W: 0.21, T: 0.00 (versus lvl2)
Training round 54 completed in 1 minutes and 39 seconds.
Expected completion: 17:33 2020-05-16.
Training round 55 stats
Wins 0.65, Ties 0.01, Losses 0.34, Game Length 16.30 moves
Loss p1: 0.458939, Loss p2: 0.463043
Benchmark Stats Training Round 55
W: 0.81, T: 0.00 (versus random)
W: 0.50, T: 0.00 (versus left)
W: 0.67, T: 0.00 (versus lvl1)
W: 0.01, T: 0.00 (versus lvl2)
Training round 55 completed in 1 minutes and 54 seconds.
Expected completion: 17:45 2020-05-16.
Training round 56 stats
Wins 0.37, Ties 0.01, Losses 0.62, Game Length 14.32 moves
Loss p1: 0.557078, Loss p2: 0.460638
Benchmark Stats Training Round 56
W: 0.71, T: 0.02 (versus random)
W: 0.00, T: 0.00 (versus left)
W: 0.47, T: 0.00 (versus lvl1)
W: 0.08, T: 0.02 (versus lvl2)
Training round 56 completed in 1 minutes and 50 seconds.
Expected completion: 17:42 2020-05-16.
Training round 57 stats
Wins 0.59, Ties 0.00, Losses 0.41, Game Length 19.29 moves
Loss p1: 0.428885, Loss p2: 0.421793
Benchmark Stats Training Round 57
W: 0.86, T: 0.00 (versus random)
W: 0.50, T: 0.00 (versus left)
W: 0.77, T: 0.00 (versus lvl1)
W: 0.06, T: 0.00 (versus lvl2)
Training round 57 completed in 2 minutes and 12 seconds.
Expected completion: 17:58 2020-05-16.
Training round 58 stats
Wins 0.41, Ties 0.00, Losses 0.58, Game Length 16.89 moves
Loss p1: 0.491518, Loss p2: 0.433265
Benchmark Stats Training Round 58
W: 0.78, T: 0.00 (versus random)
W: 0.50, T: 0.00 (versus left)
W: 0.76, T: 0.00 (versus lvl1)
W: 0.16, T: 0.00 (versus lvl2)
Training round 58 completed in 2 minutes and 3 seconds.
Expected completion: 17:52 2020-05-16.
Training round 59 stats
Wins 0.17, Ties 0.00, Losses 0.83, Game Length 16.62 moves
Loss p1: 0.404444, Loss p2: 0.368230
Benchmark Stats Training Round 59
W: 0.82, T: 0.01 (versus random)
W: 0.50, T: 0.00 (versus left)
W: 0.63, T: 0.00 (versus lvl1)
W: 0.04, T: 0.00 (versus lvl2)
Training round 59 completed in 2 minutes and 5 seconds.
Expected completion: 17:53 2020-05-16.
Training round 60 stats
Wins 0.29, Ties 0.00, Losses 0.71, Game Length 15.98 moves
Loss p1: 0.439795, Loss p2: 0.402386
Benchmark Stats Training Round 60
W: 0.85, T: 0.00 (versus random)
W: 0.00, T: 0.00 (versus left)
W: 0.49, T: 0.00 (versus lvl1)
W: 0.07, T: 0.01 (versus lvl2)
Training round 60 completed in 1 minutes and 58 seconds.
Expected completion: 17:49 2020-05-16.
Training round 61 stats
Wins 0.37, Ties 0.00, Losses 0.63, Game Length 16.60 moves
Loss p1: 0.438380, Loss p2: 0.430856
Benchmark Stats Training Round 61
W: 0.89, T: 0.00 (versus random)
W: 0.50, T: 0.00 (versus left)
W: 0.80, T: 0.00 (versus lvl1)
W: 0.09, T: 0.00 (versus lvl2)
Training round 61 completed in 1 minutes and 58 seconds.
Expected completion: 17:48 2020-05-16.
Training round 62 stats
Wins 0.56, Ties 0.00, Losses 0.44, Game Length 13.37 moves
Loss p1: 0.557730, Loss p2: 0.538876
Benchmark Stats Training Round 62
W: 0.77, T: 0.00 (versus random)
W: 0.50, T: 0.00 (versus left)
W: 0.74, T: 0.00 (versus lvl1)
W: 0.07, T: 0.00 (versus lvl2)
Training round 62 completed in 1 minutes and 42 seconds.
Expected completion: 17:38 2020-05-16.
Training round 63 stats
Wins 0.36, Ties 0.00, Losses 0.64, Game Length 6.95 moves
Loss p1: 0.615790, Loss p2: 0.593245
Benchmark Stats Training Round 63
W: 0.74, T: 0.00 (versus random)
W: 0.50, T: 0.00 (versus left)
W: 0.58, T: 0.00 (versus lvl1)
W: 0.03, T: 0.01 (versus lvl2)
Training round 63 completed in 1 minutes and 9 seconds.
Expected completion: 17:17 2020-05-16.
Training round 64 stats
Wins 0.53, Ties 0.00, Losses 0.47, Game Length 7.85 moves
Loss p1: 0.680912, Loss p2: 0.696107
Benchmark Stats Training Round 64
W: 0.79, T: 0.00 (versus random)
W: 0.50, T: 0.00 (versus left)
W: 0.67, T: 0.00 (versus lvl1)
W: 0.07, T: 0.00 (versus lvl2)
Training round 64 completed in 1 minutes and 19 seconds.
Expected completion: 17:23 2020-05-16.
Training round 65 stats
Wins 0.40, Ties 0.00, Losses 0.60, Game Length 9.94 moves
Loss p1: 0.546251, Loss p2: 0.489977
Benchmark Stats Training Round 65
W: 0.95, T: 0.01 (versus random)
W: 0.50, T: 0.00 (versus left)
W: 0.84, T: 0.00 (versus lvl1)
W: 0.20, T: 0.00 (versus lvl2)
Training round 65 completed in 1 minutes and 31 seconds.
Expected completion: 17:30 2020-05-16.
Training round 66 stats
Wins 0.45, Ties 0.00, Losses 0.55, Game Length 12.80 moves
Loss p1: 0.566918, Loss p2: 0.531650
Benchmark Stats Training Round 66
W: 0.93, T: 0.00 (versus random)
W: 0.50, T: 0.00 (versus left)
W: 0.83, T: 0.00 (versus lvl1)
W: 0.12, T: 0.00 (versus lvl2)
Training round 66 completed in 1 minutes and 45 seconds.
Expected completion: 17:39 2020-05-16.
Training round 67 stats
Wins 0.31, Ties 0.00, Losses 0.68, Game Length 16.26 moves
Loss p1: 0.443835, Loss p2: 0.443029
Benchmark Stats Training Round 67
W: 0.89, T: 0.00 (versus random)
W: 0.50, T: 0.00 (versus left)
W: 0.78, T: 0.00 (versus lvl1)
W: 0.15, T: 0.02 (versus lvl2)
Training round 67 completed in 2 minutes and 4 seconds.
Expected completion: 17:49 2020-05-16.
Training round 68 stats
Wins 0.32, Ties 0.00, Losses 0.68, Game Length 15.56 moves
Loss p1: 0.426971, Loss p2: 0.410749
Benchmark Stats Training Round 68
W: 0.89, T: 0.01 (versus random)
W: 0.50, T: 0.00 (versus left)
W: 0.80, T: 0.00 (versus lvl1)
W: 0.24, T: 0.04 (versus lvl2)
Training round 68 completed in 2 minutes and 0 seconds.
Expected completion: 17:47 2020-05-16.
Training round 69 stats
Wins 0.46, Ties 0.03, Losses 0.52, Game Length 22.87 moves
Loss p1: 0.357405, Loss p2: 0.370951
Benchmark Stats Training Round 69
W: 0.90, T: 0.00 (versus random)
W: 0.50, T: 0.00 (versus left)
W: 0.80, T: 0.00 (versus lvl1)
W: 0.37, T: 0.02 (versus lvl2)
Training round 69 completed in 2 minutes and 36 seconds.
Expected completion: 18:06 2020-05-16.
Training round 70 stats
Wins 0.48, Ties 0.00, Losses 0.52, Game Length 8.32 moves
Loss p1: 0.634955, Loss p2: 0.655346
Benchmark Stats Training Round 70
W: 0.71, T: 0.00 (versus random)
W: 0.50, T: 0.00 (versus left)
W: 0.59, T: 0.00 (versus lvl1)
W: 0.00, T: 0.00 (versus lvl2)
Training round 70 completed in 1 minutes and 16 seconds.
Expected completion: 17:25 2020-05-16.
Training round 71 stats
Wins 0.50, Ties 0.00, Losses 0.50, Game Length 6.00 moves
Loss p1: 0.468690, Loss p2: 0.702167
Benchmark Stats Training Round 71
W: 0.82, T: 0.00 (versus random)
W: 0.50, T: 0.00 (versus left)
W: 0.65, T: 0.00 (versus lvl1)
W: 0.01, T: 0.00 (versus lvl2)
Training round 71 completed in 1 minutes and 1 seconds.
Expected completion: 17:18 2020-05-16.
Training round 72 stats
Wins 0.41, Ties 0.00, Losses 0.59, Game Length 13.70 moves
Loss p1: 0.436771, Loss p2: 0.444317
Benchmark Stats Training Round 72
W: 0.79, T: 0.01 (versus random)
W: 1.00, T: 0.00 (versus left)
W: 0.65, T: 0.00 (versus lvl1)
W: 0.05, T: 0.00 (versus lvl2)
Training round 72 completed in 1 minutes and 45 seconds.
Expected completion: 17:39 2020-05-16.
Training round 73 stats
Wins 0.47, Ties 0.03, Losses 0.51, Game Length 23.62 moves
Loss p1: 0.388403, Loss p2: 0.362556
Benchmark Stats Training Round 73
W: 0.86, T: 0.00 (versus random)
W: 1.00, T: 0.00 (versus left)
W: 0.64, T: 0.01 (versus lvl1)
W: 0.08, T: 0.00 (versus lvl2)
Training round 73 completed in 2 minutes and 38 seconds.
Expected completion: 18:03 2020-05-16.
Training round 74 stats
Wins 0.53, Ties 0.00, Losses 0.47, Game Length 20.87 moves
Loss p1: 0.429181, Loss p2: 0.409673
Benchmark Stats Training Round 74
W: 0.84, T: 0.00 (versus random)
W: 1.00, T: 0.00 (versus left)
W: 0.67, T: 0.00 (versus lvl1)
W: 0.16, T: 0.00 (versus lvl2)
Training round 74 completed in 2 minutes and 27 seconds.
Expected completion: 17:58 2020-05-16.
Training round 75 stats
Wins 0.60, Ties 0.00, Losses 0.40, Game Length 13.87 moves
Loss p1: 0.506677, Loss p2: 0.543143
Benchmark Stats Training Round 75
W: 0.80, T: 0.00 (versus random)
W: 0.50, T: 0.00 (versus left)
W: 0.72, T: 0.00 (versus lvl1)
W: 0.04, T: 0.00 (versus lvl2)
Training round 75 completed in 1 minutes and 47 seconds.
Expected completion: 17:41 2020-05-16.
Training round 76 stats
Wins 0.52, Ties 0.00, Losses 0.48, Game Length 13.59 moves
Loss p1: 0.516144, Loss p2: 0.485476
Benchmark Stats Training Round 76
W: 0.82, T: 0.00 (versus random)
W: 1.00, T: 0.00 (versus left)
W: 0.69, T: 0.00 (versus lvl1)
W: 0.03, T: 0.01 (versus lvl2)
Training round 76 completed in 1 minutes and 47 seconds.
Expected completion: 17:41 2020-05-16.
Training round 77 stats
Wins 0.34, Ties 0.01, Losses 0.66, Game Length 23.09 moves
Loss p1: 0.350946, Loss p2: 0.351257
Benchmark Stats Training Round 77
W: 0.85, T: 0.00 (versus random)
W: 0.50, T: 0.00 (versus left)
W: 0.64, T: 0.00 (versus lvl1)
W: 0.05, T: 0.01 (versus lvl2)
Training round 77 completed in 2 minutes and 30 seconds.
Expected completion: 17:58 2020-05-16.
Training round 78 stats
Wins 0.19, Ties 0.00, Losses 0.81, Game Length 16.62 moves
Loss p1: 0.367666, Loss p2: 0.333747
Benchmark Stats Training Round 78
W: 0.72, T: 0.01 (versus random)
W: 1.00, T: 0.00 (versus left)
W: 0.44, T: 0.00 (versus lvl1)
W: 0.30, T: 0.03 (versus lvl2)
Training round 78 completed in 2 minutes and 16 seconds.
Expected completion: 17:53 2020-05-16.
Training round 79 stats
Wins 0.11, Ties 0.00, Losses 0.89, Game Length 14.49 moves
Loss p1: 0.270407, Loss p2: 0.264188
Benchmark Stats Training Round 79
W: 0.62, T: 0.01 (versus random)
W: 0.50, T: 0.00 (versus left)
W: 0.33, T: 0.01 (versus lvl1)
W: 0.11, T: 0.01 (versus lvl2)
Training round 79 completed in 1 minutes and 60 seconds.
Expected completion: 17:47 2020-05-16.
Training round 80 stats
Wins 0.30, Ties 0.00, Losses 0.70, Game Length 15.66 moves
Loss p1: 0.434702, Loss p2: 0.428837
Benchmark Stats Training Round 80
W: 0.65, T: 0.00 (versus random)
W: 1.00, T: 0.00 (versus left)
W: 0.36, T: 0.00 (versus lvl1)
W: 0.07, T: 0.01 (versus lvl2)
Training round 80 completed in 2 minutes and 6 seconds.
Expected completion: 17:49 2020-05-16.
Training round 81 stats
Wins 0.47, Ties 0.01, Losses 0.52, Game Length 23.62 moves
Loss p1: 0.409402, Loss p2: 0.398454
Benchmark Stats Training Round 81
W: 0.72, T: 0.01 (versus random)
W: 1.00, T: 0.00 (versus left)
W: 0.51, T: 0.00 (versus lvl1)
W: 0.05, T: 0.00 (versus lvl2)
Training round 81 completed in 2 minutes and 44 seconds.
Expected completion: 18:02 2020-05-16.
Training round 82 stats
Wins 0.34, Ties 0.01, Losses 0.66, Game Length 21.66 moves
Loss p1: 0.356962, Loss p2: 0.363585
Benchmark Stats Training Round 82
W: 0.70, T: 0.01 (versus random)
W: 0.50, T: 0.00 (versus left)
W: 0.45, T: 0.00 (versus lvl1)
W: 0.19, T: 0.01 (versus lvl2)
Training round 82 completed in 2 minutes and 33 seconds.
Expected completion: 17:58 2020-05-16.
Training round 83 stats
Wins 0.37, Ties 0.00, Losses 0.63, Game Length 18.24 moves
Loss p1: 0.443472, Loss p2: 0.429293
Benchmark Stats Training Round 83
W: 0.76, T: 0.00 (versus random)
W: 1.00, T: 0.00 (versus left)
W: 0.55, T: 0.00 (versus lvl1)
W: 0.07, T: 0.02 (versus lvl2)
Training round 83 completed in 2 minutes and 18 seconds.
Expected completion: 17:54 2020-05-16.
Training round 84 stats
Wins 0.25, Ties 0.02, Losses 0.73, Game Length 18.20 moves
Loss p1: 0.361297, Loss p2: 0.357087
Benchmark Stats Training Round 84
W: 0.78, T: 0.00 (versus random)
W: 1.00, T: 0.00 (versus left)
W: 0.57, T: 0.00 (versus lvl1)
W: 0.04, T: 0.00 (versus lvl2)
Training round 84 completed in 2 minutes and 11 seconds.
Expected completion: 17:52 2020-05-16.
Training round 85 stats
Wins 0.32, Ties 0.00, Losses 0.68, Game Length 19.29 moves
Loss p1: 0.414615, Loss p2: 0.407629
Benchmark Stats Training Round 85
W: 0.73, T: 0.00 (versus random)
W: 0.50, T: 0.00 (versus left)
W: 0.50, T: 0.00 (versus lvl1)
W: 0.05, T: 0.00 (versus lvl2)
Training round 85 completed in 2 minutes and 23 seconds.
Expected completion: 17:55 2020-05-16.
Training round 86 stats
Wins 0.50, Ties 0.00, Losses 0.50, Game Length 17.01 moves
Loss p1: 0.399253, Loss p2: 0.411025
Benchmark Stats Training Round 86
W: 0.92, T: 0.00 (versus random)
W: 1.00, T: 0.00 (versus left)
W: 0.67, T: 0.00 (versus lvl1)
W: 0.07, T: 0.01 (versus lvl2)
Training round 86 completed in 2 minutes and 5 seconds.
Expected completion: 17:50 2020-05-16.
Training round 87 stats
Wins 0.43, Ties 0.00, Losses 0.57, Game Length 21.51 moves
Loss p1: 0.394148, Loss p2: 0.365486
Benchmark Stats Training Round 87
W: 0.92, T: 0.00 (versus random)
W: 0.50, T: 0.00 (versus left)
W: 0.70, T: 0.00 (versus lvl1)
W: 0.14, T: 0.00 (versus lvl2)
Training round 87 completed in 2 minutes and 28 seconds.
Expected completion: 17:56 2020-05-16.
Training round 88 stats
Wins 0.58, Ties 0.00, Losses 0.42, Game Length 18.38 moves
Loss p1: 0.448296, Loss p2: 0.446882
Benchmark Stats Training Round 88
W: 0.93, T: 0.00 (versus random)
W: 0.50, T: 0.00 (versus left)
W: 0.81, T: 0.00 (versus lvl1)
W: 0.17, T: 0.00 (versus lvl2)
Training round 88 completed in 2 minutes and 13 seconds.
Expected completion: 17:53 2020-05-16.
Training round 89 stats
Wins 0.21, Ties 0.00, Losses 0.79, Game Length 14.78 moves
Loss p1: 0.320600, Loss p2: 0.306801
Benchmark Stats Training Round 89
W: 0.85, T: 0.00 (versus random)
W: 0.50, T: 0.00 (versus left)
W: 0.67, T: 0.00 (versus lvl1)
W: 0.09, T: 0.00 (versus lvl2)
Training round 89 completed in 1 minutes and 53 seconds.
Expected completion: 17:49 2020-05-16.
Training round 90 stats
Wins 0.24, Ties 0.00, Losses 0.76, Game Length 20.20 moves
Loss p1: 0.320977, Loss p2: 0.320473
Benchmark Stats Training Round 90
W: 0.64, T: 0.00 (versus random)
W: 1.00, T: 0.00 (versus left)
W: 0.49, T: 0.00 (versus lvl1)
W: 0.13, T: 0.01 (versus lvl2)
Training round 90 completed in 2 minutes and 24 seconds.
Expected completion: 17:54 2020-05-16.
Training round 91 stats
Wins 0.49, Ties 0.00, Losses 0.51, Game Length 16.14 moves
Loss p1: 0.353073, Loss p2: 0.296531
Benchmark Stats Training Round 91
W: 0.88, T: 0.00 (versus random)
W: 0.50, T: 0.00 (versus left)
W: 0.84, T: 0.00 (versus lvl1)
W: 0.24, T: 0.00 (versus lvl2)
Training round 91 completed in 2 minutes and 4 seconds.
Expected completion: 17:51 2020-05-16.
Training round 92 stats
Wins 0.46, Ties 0.00, Losses 0.54, Game Length 20.88 moves
Loss p1: 0.369865, Loss p2: 0.359848
Benchmark Stats Training Round 92
W: 0.97, T: 0.00 (versus random)
W: 0.50, T: 0.00 (versus left)
W: 0.80, T: 0.00 (versus lvl1)
W: 0.14, T: 0.00 (versus lvl2)
Training round 92 completed in 2 minutes and 26 seconds.
Expected completion: 17:54 2020-05-16.
Training round 93 stats
Wins 0.44, Ties 0.00, Losses 0.56, Game Length 15.00 moves
Loss p1: 0.499393, Loss p2: 0.489010
Benchmark Stats Training Round 93
W: 0.79, T: 0.00 (versus random)
W: 0.50, T: 0.00 (versus left)
W: 0.70, T: 0.00 (versus lvl1)
W: 0.09, T: 0.00 (versus lvl2)
Training round 93 completed in 1 minutes and 60 seconds.
Expected completion: 17:51 2020-05-16.
Training round 94 stats
Wins 0.32, Ties 0.00, Losses 0.68, Game Length 11.15 moves
Loss p1: 0.569707, Loss p2: 0.464130
Benchmark Stats Training Round 94
W: 0.72, T: 0.00 (versus random)
W: 1.00, T: 0.00 (versus left)
W: 0.43, T: 0.00 (versus lvl1)
W: 0.05, T: 0.00 (versus lvl2)
Training round 94 completed in 1 minutes and 34 seconds.
Expected completion: 17:48 2020-05-16.
Training round 95 stats
Wins 0.41, Ties 0.00, Losses 0.59, Game Length 23.68 moves
Loss p1: 0.373534, Loss p2: 0.355912
Benchmark Stats Training Round 95
W: 0.83, T: 0.00 (versus random)
W: 0.00, T: 0.00 (versus left)
W: 0.68, T: 0.00 (versus lvl1)
W: 0.10, T: 0.00 (versus lvl2)
Training round 95 completed in 2 minutes and 47 seconds.
Expected completion: 17:55 2020-05-16.
Training round 96 stats
Wins 0.39, Ties 0.00, Losses 0.60, Game Length 21.66 moves
Loss p1: 0.384810, Loss p2: 0.366516
Benchmark Stats Training Round 96
W: 0.84, T: 0.00 (versus random)
W: 0.00, T: 0.00 (versus left)
W: 0.71, T: 0.00 (versus lvl1)
W: 0.10, T: 0.00 (versus lvl2)
Training round 96 completed in 2 minutes and 37 seconds.
Expected completion: 17:54 2020-05-16.
Training round 97 stats
Wins 0.55, Ties 0.00, Losses 0.45, Game Length 15.03 moves
Loss p1: 0.477690, Loss p2: 0.418423
Benchmark Stats Training Round 97
W: 0.86, T: 0.00 (versus random)
W: 0.00, T: 0.00 (versus left)
W: 0.73, T: 0.00 (versus lvl1)
W: 0.15, T: 0.00 (versus lvl2)
Training round 97 completed in 1 minutes and 60 seconds.
Expected completion: 17:52 2020-05-16.
Training round 98 stats
Wins 0.26, Ties 0.00, Losses 0.74, Game Length 14.48 moves
Loss p1: 0.352195, Loss p2: 0.271185
Benchmark Stats Training Round 98
W: 0.87, T: 0.00 (versus random)
W: 0.50, T: 0.00 (versus left)
W: 0.78, T: 0.00 (versus lvl1)
W: 0.22, T: 0.00 (versus lvl2)
Training round 98 completed in 1 minutes and 58 seconds.
Expected completion: 17:52 2020-05-16.
Training round 99 stats
Wins 0.39, Ties 0.00, Losses 0.61, Game Length 17.39 moves
Loss p1: 0.237752, Loss p2: 0.199801
Benchmark Stats Training Round 99
W: 0.94, T: 0.00 (versus random)
W: 0.50, T: 0.00 (versus left)
W: 0.87, T: 0.00 (versus lvl1)
W: 0.22, T: 0.00 (versus lvl2)
Training round 99 completed in 2 minutes and 11 seconds.
Expected completion: 17:52 2020-05-16.
Training round 100 stats
Wins 0.47, Ties 0.01, Losses 0.51, Game Length 22.61 moves
Loss p1: 0.341856, Loss p2: 0.334589
Benchmark Stats Training Round 100
W: 0.86, T: 0.00 (versus random)
W: 0.50, T: 0.00 (versus left)
W: 0.83, T: 0.00 (versus lvl1)
W: 0.21, T: 0.00 (versus lvl2)
Training round 100 completed in 2 minutes and 38 seconds.
Expected completion: 17:53 2020-05-16.
