Training Neural Net on Connect 4
  self_play_batch_size: 1000
  benchmark_batch_size: 100
  training_rounds: 100
  memory_size: 1000
  network: C
  exploration: no
  loss: MSE
  encoding: integer
  optimizer: Adam
  experience: yes

Benchmark Stats Training Round 0
W: 0.45, T: 0.01 (versus random)
W: 0.00, T: 0.00 (versus left)
W: 0.13, T: 0.00 (versus lvl1)
W: 0.06, T: 0.00 (versus lvl2)
Training round 1 stats
Wins 0.58, Ties 0.02, Losses 0.40, Game Length 21.96 moves
Loss p1: 0.137870, Loss p2: 0.140883
Benchmark Stats Training Round 1
W: 0.76, T: 0.00 (versus random)
W: 0.00, T: 0.00 (versus left)
W: 0.52, T: 0.00 (versus lvl1)
W: 0.29, T: 0.00 (versus lvl2)
Training round 1 completed in 9 minutes and 2 seconds.
Expected completion: 20:38 2020-05-17.
Training round 2 stats
Wins 0.43, Ties 0.03, Losses 0.53, Game Length 25.45 moves
Loss p1: 0.121663, Loss p2: 0.125241
Benchmark Stats Training Round 2
W: 0.69, T: 0.00 (versus random)
W: 0.50, T: 0.00 (versus left)
W: 0.62, T: 0.00 (versus lvl1)
W: 0.19, T: 0.01 (versus lvl2)
Training round 2 completed in 9 minutes and 30 seconds.
Expected completion: 21:24 2020-05-17.
Training round 3 stats
Wins 0.58, Ties 0.01, Losses 0.41, Game Length 21.35 moves
Loss p1: 0.153419, Loss p2: 0.156662
Benchmark Stats Training Round 3
W: 0.84, T: 0.00 (versus random)
W: 0.50, T: 0.00 (versus left)
W: 0.56, T: 0.01 (versus lvl1)
W: 0.26, T: 0.00 (versus lvl2)
Training round 3 completed in 8 minutes and 51 seconds.
Expected completion: 20:21 2020-05-17.
Training round 4 stats
Wins 0.48, Ties 0.01, Losses 0.51, Game Length 23.12 moves
Loss p1: 0.133484, Loss p2: 0.137359
Benchmark Stats Training Round 4
W: 0.84, T: 0.00 (versus random)
W: 1.00, T: 0.00 (versus left)
W: 0.54, T: 0.00 (versus lvl1)
W: 0.37, T: 0.00 (versus lvl2)
Training round 4 completed in 9 minutes and 23 seconds.
Expected completion: 21:12 2020-05-17.
Training round 5 stats
Wins 0.42, Ties 0.01, Losses 0.57, Game Length 22.67 moves
Loss p1: 0.140246, Loss p2: 0.142261
Benchmark Stats Training Round 5
W: 0.87, T: 0.00 (versus random)
W: 0.00, T: 0.00 (versus left)
W: 0.70, T: 0.00 (versus lvl1)
W: 0.30, T: 0.00 (versus lvl2)
Training round 5 completed in 9 minutes and 14 seconds.
Expected completion: 20:59 2020-05-17.
Training round 6 stats
Wins 0.42, Ties 0.01, Losses 0.57, Game Length 19.65 moves
Loss p1: 0.154554, Loss p2: 0.158009
Benchmark Stats Training Round 6
W: 0.77, T: 0.00 (versus random)
W: 1.00, T: 0.00 (versus left)
W: 0.72, T: 0.00 (versus lvl1)
W: 0.10, T: 0.02 (versus lvl2)
Training round 6 completed in 8 minutes and 36 seconds.
Expected completion: 19:58 2020-05-17.
Training round 7 stats
Wins 0.50, Ties 0.01, Losses 0.49, Game Length 23.04 moves
Loss p1: 0.139680, Loss p2: 0.147275
Benchmark Stats Training Round 7
W: 0.83, T: 0.00 (versus random)
W: 0.00, T: 0.00 (versus left)
W: 0.64, T: 0.00 (versus lvl1)
W: 0.27, T: 0.02 (versus lvl2)
Training round 7 completed in 9 minutes and 28 seconds.
Expected completion: 21:20 2020-05-17.
Training round 8 stats
Wins 0.52, Ties 0.01, Losses 0.47, Game Length 21.51 moves
Loss p1: 0.146561, Loss p2: 0.145679
Benchmark Stats Training Round 8
W: 0.78, T: 0.01 (versus random)
W: 0.50, T: 0.00 (versus left)
W: 0.43, T: 0.00 (versus lvl1)
W: 0.15, T: 0.03 (versus lvl2)
Training round 8 completed in 9 minutes and 5 seconds.
Expected completion: 20:44 2020-05-17.
Training round 9 stats
Wins 0.52, Ties 0.01, Losses 0.46, Game Length 21.92 moves
Loss p1: 0.139404, Loss p2: 0.146458
Benchmark Stats Training Round 9
W: 0.88, T: 0.00 (versus random)
W: 0.50, T: 0.00 (versus left)
W: 0.72, T: 0.00 (versus lvl1)
W: 0.23, T: 0.01 (versus lvl2)
Training round 9 completed in 8 minutes and 42 seconds.
Expected completion: 20:10 2020-05-17.
Training round 10 stats
Wins 0.59, Ties 0.00, Losses 0.41, Game Length 19.54 moves
Loss p1: 0.140186, Loss p2: 0.147745
Benchmark Stats Training Round 10
W: 0.84, T: 0.00 (versus random)
W: 0.00, T: 0.00 (versus left)
W: 0.57, T: 0.00 (versus lvl1)
W: 0.20, T: 0.00 (versus lvl2)
Training round 10 completed in 8 minutes and 23 seconds.
Expected completion: 19:40 2020-05-17.
Training round 11 stats
Wins 0.45, Ties 0.01, Losses 0.54, Game Length 20.13 moves
Loss p1: 0.158325, Loss p2: 0.160939
Benchmark Stats Training Round 11
W: 0.80, T: 0.00 (versus random)
W: 0.50, T: 0.00 (versus left)
W: 0.71, T: 0.00 (versus lvl1)
W: 0.17, T: 0.00 (versus lvl2)
Training round 11 completed in 8 minutes and 33 seconds.
Expected completion: 19:55 2020-05-17.
Training round 12 stats
Wins 0.48, Ties 0.01, Losses 0.52, Game Length 21.98 moves
Loss p1: 0.153238, Loss p2: 0.156648
Benchmark Stats Training Round 12
W: 0.89, T: 0.00 (versus random)
W: 1.00, T: 0.00 (versus left)
W: 0.68, T: 0.00 (versus lvl1)
W: 0.26, T: 0.00 (versus lvl2)
Training round 12 completed in 9 minutes and 15 seconds.
Expected completion: 20:57 2020-05-17.
Training round 13 stats
Wins 0.54, Ties 0.01, Losses 0.44, Game Length 19.99 moves
Loss p1: 0.170822, Loss p2: 0.180377
Benchmark Stats Training Round 13
W: 0.87, T: 0.00 (versus random)
W: 0.50, T: 0.00 (versus left)
W: 0.78, T: 0.00 (versus lvl1)
W: 0.30, T: 0.00 (versus lvl2)
Training round 13 completed in 8 minutes and 27 seconds.
Expected completion: 19:47 2020-05-17.
Training round 14 stats
Wins 0.47, Ties 0.01, Losses 0.52, Game Length 20.31 moves
Loss p1: 0.164900, Loss p2: 0.167412
Benchmark Stats Training Round 14
W: 0.87, T: 0.00 (versus random)
W: 1.00, T: 0.00 (versus left)
W: 0.79, T: 0.00 (versus lvl1)
W: 0.25, T: 0.00 (versus lvl2)
Training round 14 completed in 8 minutes and 44 seconds.
Expected completion: 20:11 2020-05-17.
Training round 15 stats
Wins 0.51, Ties 0.01, Losses 0.48, Game Length 19.82 moves
Loss p1: 0.168807, Loss p2: 0.169595
Benchmark Stats Training Round 15
W: 0.81, T: 0.00 (versus random)
W: 0.50, T: 0.00 (versus left)
W: 0.64, T: 0.01 (versus lvl1)
W: 0.39, T: 0.00 (versus lvl2)
Training round 15 completed in 8 minutes and 27 seconds.
Expected completion: 19:47 2020-05-17.
Training round 16 stats
Wins 0.46, Ties 0.01, Losses 0.53, Game Length 21.03 moves
Loss p1: 0.153396, Loss p2: 0.152795
Benchmark Stats Training Round 16
W: 0.97, T: 0.00 (versus random)
W: 0.50, T: 0.00 (versus left)
W: 0.85, T: 0.00 (versus lvl1)
W: 0.44, T: 0.00 (versus lvl2)
Training round 16 completed in 8 minutes and 59 seconds.
Expected completion: 20:33 2020-05-17.
Training round 17 stats
Wins 0.56, Ties 0.02, Losses 0.42, Game Length 21.56 moves
Loss p1: 0.158360, Loss p2: 0.158870
Benchmark Stats Training Round 17
W: 0.91, T: 0.00 (versus random)
W: 0.50, T: 0.00 (versus left)
W: 0.75, T: 0.00 (versus lvl1)
W: 0.33, T: 0.01 (versus lvl2)
Training round 17 completed in 9 minutes and 0 seconds.
Expected completion: 20:34 2020-05-17.
Training round 18 stats
Wins 0.55, Ties 0.01, Losses 0.44, Game Length 21.10 moves
Loss p1: 0.165519, Loss p2: 0.162914
Benchmark Stats Training Round 18
W: 0.89, T: 0.00 (versus random)
W: 0.00, T: 0.00 (versus left)
W: 0.70, T: 0.00 (versus lvl1)
W: 0.40, T: 0.01 (versus lvl2)
Training round 18 completed in 8 minutes and 40 seconds.
Expected completion: 20:06 2020-05-17.
Training round 19 stats
Wins 0.59, Ties 0.01, Losses 0.40, Game Length 22.23 moves
Loss p1: 0.151607, Loss p2: 0.156798
Benchmark Stats Training Round 19
W: 0.85, T: 0.00 (versus random)
W: 1.00, T: 0.00 (versus left)
W: 0.79, T: 0.00 (versus lvl1)
W: 0.31, T: 0.00 (versus lvl2)
Training round 19 completed in 9 minutes and 3 seconds.
Expected completion: 20:38 2020-05-17.
Training round 20 stats
Wins 0.54, Ties 0.00, Losses 0.46, Game Length 20.72 moves
Loss p1: 0.168482, Loss p2: 0.170736
Benchmark Stats Training Round 20
W: 0.88, T: 0.00 (versus random)
W: 0.50, T: 0.00 (versus left)
W: 0.56, T: 0.00 (versus lvl1)
W: 0.20, T: 0.01 (versus lvl2)
Training round 20 completed in 8 minutes and 47 seconds.
Expected completion: 20:16 2020-05-17.
Training round 21 stats
Wins 0.57, Ties 0.03, Losses 0.41, Game Length 23.13 moves
Loss p1: 0.140136, Loss p2: 0.144125
Benchmark Stats Training Round 21
W: 0.86, T: 0.00 (versus random)
W: 0.50, T: 0.00 (versus left)
W: 0.76, T: 0.00 (versus lvl1)
W: 0.28, T: 0.01 (versus lvl2)
Training round 21 completed in 9 minutes and 3 seconds.
Expected completion: 20:37 2020-05-17.
Training round 22 stats
Wins 0.58, Ties 0.01, Losses 0.41, Game Length 23.94 moves
Loss p1: 0.139536, Loss p2: 0.142205
Benchmark Stats Training Round 22
W: 0.90, T: 0.01 (versus random)
W: 1.00, T: 0.00 (versus left)
W: 0.75, T: 0.00 (versus lvl1)
W: 0.44, T: 0.01 (versus lvl2)
Training round 22 completed in 9 minutes and 25 seconds.
Expected completion: 21:06 2020-05-17.
Training round 23 stats
Wins 0.58, Ties 0.01, Losses 0.41, Game Length 21.83 moves
Loss p1: 0.143575, Loss p2: 0.146965
Benchmark Stats Training Round 23
W: 0.83, T: 0.00 (versus random)
W: 0.50, T: 0.00 (versus left)
W: 0.75, T: 0.00 (versus lvl1)
W: 0.50, T: 0.00 (versus lvl2)
Training round 23 completed in 8 minutes and 59 seconds.
Expected completion: 20:32 2020-05-17.
Training round 24 stats
Wins 0.54, Ties 0.01, Losses 0.45, Game Length 22.77 moves
Loss p1: 0.139920, Loss p2: 0.141269
Benchmark Stats Training Round 24
W: 0.80, T: 0.00 (versus random)
W: 0.50, T: 0.00 (versus left)
W: 0.79, T: 0.00 (versus lvl1)
W: 0.32, T: 0.01 (versus lvl2)
Training round 24 completed in 9 minutes and 36 seconds.
Expected completion: 21:19 2020-05-17.
Training round 25 stats
Wins 0.51, Ties 0.01, Losses 0.48, Game Length 22.11 moves
Loss p1: 0.157401, Loss p2: 0.160815
Benchmark Stats Training Round 25
W: 0.85, T: 0.00 (versus random)
W: 0.00, T: 0.00 (versus left)
W: 0.70, T: 0.00 (versus lvl1)
W: 0.40, T: 0.05 (versus lvl2)
Training round 25 completed in 8 minutes and 53 seconds.
Expected completion: 20:26 2020-05-17.
Training round 26 stats
Wins 0.51, Ties 0.02, Losses 0.47, Game Length 22.79 moves
Loss p1: 0.147950, Loss p2: 0.149714
Benchmark Stats Training Round 26
W: 0.88, T: 0.00 (versus random)
W: 1.00, T: 0.00 (versus left)
W: 0.73, T: 0.01 (versus lvl1)
W: 0.35, T: 0.01 (versus lvl2)
Training round 26 completed in 9 minutes and 2 seconds.
Expected completion: 20:37 2020-05-17.
Training round 27 stats
Wins 0.56, Ties 0.01, Losses 0.43, Game Length 22.24 moves
Loss p1: 0.155185, Loss p2: 0.156176
Benchmark Stats Training Round 27
W: 0.87, T: 0.00 (versus random)
W: 1.00, T: 0.00 (versus left)
W: 0.76, T: 0.00 (versus lvl1)
W: 0.31, T: 0.01 (versus lvl2)
Training round 27 completed in 9 minutes and 12 seconds.
Expected completion: 20:49 2020-05-17.
Training round 28 stats
Wins 0.54, Ties 0.02, Losses 0.44, Game Length 22.44 moves
Loss p1: 0.144297, Loss p2: 0.154151
Benchmark Stats Training Round 28
W: 0.91, T: 0.00 (versus random)
W: 0.50, T: 0.00 (versus left)
W: 0.78, T: 0.01 (versus lvl1)
W: 0.41, T: 0.03 (versus lvl2)
Training round 28 completed in 9 minutes and 24 seconds.
Expected completion: 21:04 2020-05-17.
Training round 29 stats
Wins 0.64, Ties 0.02, Losses 0.34, Game Length 23.13 moves
Loss p1: 0.139022, Loss p2: 0.142237
Benchmark Stats Training Round 29
W: 0.79, T: 0.02 (versus random)
W: 0.50, T: 0.00 (versus left)
W: 0.71, T: 0.00 (versus lvl1)
W: 0.39, T: 0.02 (versus lvl2)
Training round 29 completed in 8 minutes and 55 seconds.
Expected completion: 20:30 2020-05-17.
Training round 30 stats
Wins 0.56, Ties 0.02, Losses 0.42, Game Length 24.27 moves
Loss p1: 0.135883, Loss p2: 0.133945
Benchmark Stats Training Round 30
W: 0.85, T: 0.00 (versus random)
W: 0.50, T: 0.00 (versus left)
W: 0.63, T: 0.00 (versus lvl1)
W: 0.30, T: 0.00 (versus lvl2)
Training round 30 completed in 10 minutes and 17 seconds.
Expected completion: 22:06 2020-05-17.
Training round 31 stats
Wins 0.51, Ties 0.02, Losses 0.47, Game Length 22.79 moves
Loss p1: 0.135146, Loss p2: 0.133780
Benchmark Stats Training Round 31
W: 0.86, T: 0.01 (versus random)
W: 1.00, T: 0.00 (versus left)
W: 0.78, T: 0.00 (versus lvl1)
W: 0.38, T: 0.01 (versus lvl2)
Training round 31 completed in 9 minutes and 31 seconds.
Expected completion: 21:13 2020-05-17.
Training round 32 stats
Wins 0.52, Ties 0.01, Losses 0.48, Game Length 21.12 moves
Loss p1: 0.141781, Loss p2: 0.143183
Benchmark Stats Training Round 32
W: 0.88, T: 0.00 (versus random)
W: 0.50, T: 0.00 (versus left)
W: 0.80, T: 0.00 (versus lvl1)
W: 0.44, T: 0.01 (versus lvl2)
Training round 32 completed in 9 minutes and 32 seconds.
Expected completion: 21:14 2020-05-17.
Training round 33 stats
Wins 0.51, Ties 0.01, Losses 0.48, Game Length 25.70 moves
Loss p1: 0.142017, Loss p2: 0.147822
Benchmark Stats Training Round 33
W: 0.86, T: 0.00 (versus random)
W: 0.50, T: 0.00 (versus left)
W: 0.71, T: 0.01 (versus lvl1)
W: 0.34, T: 0.01 (versus lvl2)
Training round 33 completed in 10 minutes and 20 seconds.
Expected completion: 22:08 2020-05-17.
Training round 34 stats
Wins 0.50, Ties 0.01, Losses 0.49, Game Length 23.51 moves
Loss p1: 0.156328, Loss p2: 0.156517
Benchmark Stats Training Round 34
W: 0.78, T: 0.00 (versus random)
W: 0.50, T: 0.00 (versus left)
W: 0.61, T: 0.00 (versus lvl1)
W: 0.15, T: 0.01 (versus lvl2)
Training round 34 completed in 10 minutes and 0 seconds.
Expected completion: 21:46 2020-05-17.
Training round 35 stats
Wins 0.34, Ties 0.01, Losses 0.65, Game Length 24.68 moves
Loss p1: 0.146887, Loss p2: 0.144247
Benchmark Stats Training Round 35
W: 0.72, T: 0.00 (versus random)
W: 1.00, T: 0.00 (versus left)
W: 0.55, T: 0.01 (versus lvl1)
W: 0.12, T: 0.03 (versus lvl2)
Training round 35 completed in 10 minutes and 10 seconds.
Expected completion: 21:57 2020-05-17.
Training round 36 stats
Wins 0.38, Ties 0.02, Losses 0.60, Game Length 22.77 moves
Loss p1: 0.136999, Loss p2: 0.137865
Benchmark Stats Training Round 36
W: 0.84, T: 0.01 (versus random)
W: 0.50, T: 0.00 (versus left)
W: 0.75, T: 0.00 (versus lvl1)
W: 0.26, T: 0.01 (versus lvl2)
Training round 36 completed in 9 minutes and 14 seconds.
Expected completion: 20:56 2020-05-17.
Training round 37 stats
Wins 0.50, Ties 0.01, Losses 0.49, Game Length 22.85 moves
Loss p1: 0.165829, Loss p2: 0.167868
Benchmark Stats Training Round 37
W: 0.92, T: 0.00 (versus random)
W: 1.00, T: 0.00 (versus left)
W: 0.81, T: 0.00 (versus lvl1)
W: 0.38, T: 0.02 (versus lvl2)
Training round 37 completed in 9 minutes and 34 seconds.
Expected completion: 21:17 2020-05-17.
Training round 38 stats
Wins 0.50, Ties 0.01, Losses 0.49, Game Length 21.82 moves
Loss p1: 0.152623, Loss p2: 0.155528
Benchmark Stats Training Round 38
W: 0.80, T: 0.00 (versus random)
W: 0.50, T: 0.00 (versus left)
W: 0.71, T: 0.00 (versus lvl1)
W: 0.35, T: 0.03 (versus lvl2)
Training round 38 completed in 9 minutes and 8 seconds.
Expected completion: 20:50 2020-05-17.
Training round 39 stats
Wins 0.53, Ties 0.02, Losses 0.45, Game Length 21.83 moves
Loss p1: 0.139308, Loss p2: 0.146101
Benchmark Stats Training Round 39
W: 0.86, T: 0.00 (versus random)
W: 0.50, T: 0.00 (versus left)
W: 0.74, T: 0.00 (versus lvl1)
W: 0.35, T: 0.01 (versus lvl2)
Training round 39 completed in 9 minutes and 11 seconds.
Expected completion: 20:53 2020-05-17.
Training round 40 stats
Wins 0.46, Ties 0.01, Losses 0.53, Game Length 20.63 moves
Loss p1: 0.154583, Loss p2: 0.156309
Benchmark Stats Training Round 40
W: 0.84, T: 0.00 (versus random)
W: 0.00, T: 0.00 (versus left)
W: 0.69, T: 0.00 (versus lvl1)
W: 0.21, T: 0.00 (versus lvl2)
Training round 40 completed in 9 minutes and 17 seconds.
Expected completion: 20:59 2020-05-17.
Training round 41 stats
Wins 0.40, Ties 0.01, Losses 0.59, Game Length 21.31 moves
Loss p1: 0.149011, Loss p2: 0.149980
Benchmark Stats Training Round 41
W: 0.80, T: 0.00 (versus random)
W: 0.50, T: 0.00 (versus left)
W: 0.64, T: 0.00 (versus lvl1)
W: 0.29, T: 0.01 (versus lvl2)
Training round 41 completed in 9 minutes and 36 seconds.
Expected completion: 21:18 2020-05-17.
Training round 42 stats
Wins 0.47, Ties 0.01, Losses 0.52, Game Length 20.87 moves
Loss p1: 0.167550, Loss p2: 0.178221
Benchmark Stats Training Round 42
W: 0.85, T: 0.00 (versus random)
W: 1.00, T: 0.00 (versus left)
W: 0.67, T: 0.00 (versus lvl1)
W: 0.22, T: 0.00 (versus lvl2)
Training round 42 completed in 9 minutes and 52 seconds.
Expected completion: 21:34 2020-05-17.
Training round 43 stats
Wins 0.55, Ties 0.02, Losses 0.43, Game Length 22.14 moves
Loss p1: 0.143404, Loss p2: 0.142030
Benchmark Stats Training Round 43
W: 0.81, T: 0.01 (versus random)
W: 1.00, T: 0.00 (versus left)
W: 0.62, T: 0.00 (versus lvl1)
W: 0.32, T: 0.00 (versus lvl2)
Training round 43 completed in 10 minutes and 4 seconds.
Expected completion: 21:45 2020-05-17.
Training round 44 stats
Wins 0.54, Ties 0.02, Losses 0.44, Game Length 23.93 moves
Loss p1: 0.141857, Loss p2: 0.146063
Benchmark Stats Training Round 44
W: 0.70, T: 0.01 (versus random)
W: 1.00, T: 0.00 (versus left)
W: 0.60, T: 0.00 (versus lvl1)
W: 0.31, T: 0.00 (versus lvl2)
Training round 44 completed in 10 minutes and 55 seconds.
Expected completion: 22:33 2020-05-17.
Training round 45 stats
Wins 0.47, Ties 0.02, Losses 0.50, Game Length 25.00 moves
Loss p1: 0.137651, Loss p2: 0.135759
Benchmark Stats Training Round 45
W: 0.72, T: 0.00 (versus random)
W: 1.00, T: 0.00 (versus left)
W: 0.55, T: 0.00 (versus lvl1)
W: 0.24, T: 0.03 (versus lvl2)
Training round 45 completed in 10 minutes and 45 seconds.
Expected completion: 22:25 2020-05-17.
Training round 46 stats
Wins 0.53, Ties 0.02, Losses 0.45, Game Length 23.15 moves
Loss p1: 0.154217, Loss p2: 0.150193
Benchmark Stats Training Round 46
W: 0.73, T: 0.00 (versus random)
W: 1.00, T: 0.00 (versus left)
W: 0.57, T: 0.00 (versus lvl1)
W: 0.33, T: 0.03 (versus lvl2)
Training round 46 completed in 10 minutes and 34 seconds.
Expected completion: 22:15 2020-05-17.
Training round 47 stats
Wins 0.48, Ties 0.02, Losses 0.51, Game Length 22.25 moves
Loss p1: 0.148066, Loss p2: 0.141543
Benchmark Stats Training Round 47
W: 0.77, T: 0.00 (versus random)
W: 0.50, T: 0.00 (versus left)
W: 0.66, T: 0.00 (versus lvl1)
W: 0.26, T: 0.00 (versus lvl2)
Training round 47 completed in 10 minutes and 1 seconds.
Expected completion: 21:45 2020-05-17.
Training round 48 stats
Wins 0.41, Ties 0.02, Losses 0.56, Game Length 22.44 moves
Loss p1: 0.142461, Loss p2: 0.138482
Benchmark Stats Training Round 48
W: 0.88, T: 0.00 (versus random)
W: 1.00, T: 0.00 (versus left)
W: 0.64, T: 0.00 (versus lvl1)
W: 0.20, T: 0.00 (versus lvl2)
Training round 48 completed in 10 minutes and 10 seconds.
Expected completion: 21:53 2020-05-17.
Training round 49 stats
Wins 0.41, Ties 0.01, Losses 0.59, Game Length 22.26 moves
Loss p1: 0.149546, Loss p2: 0.157665
Benchmark Stats Training Round 49
W: 0.85, T: 0.00 (versus random)
W: 0.00, T: 0.00 (versus left)
W: 0.76, T: 0.00 (versus lvl1)
W: 0.26, T: 0.02 (versus lvl2)
Training round 49 completed in 10 minutes and 4 seconds.
Expected completion: 21:47 2020-05-17.
Training round 50 stats
Wins 0.55, Ties 0.01, Losses 0.45, Game Length 22.54 moves
Loss p1: 0.139690, Loss p2: 0.141209
Benchmark Stats Training Round 50
W: 0.83, T: 0.01 (versus random)
W: 0.50, T: 0.00 (versus left)
W: 0.70, T: 0.00 (versus lvl1)
W: 0.30, T: 0.00 (versus lvl2)
Training round 50 completed in 10 minutes and 13 seconds.
Expected completion: 21:55 2020-05-17.
Training round 51 stats
Wins 0.57, Ties 0.01, Losses 0.41, Game Length 23.60 moves
Loss p1: 0.147182, Loss p2: 0.148412
Benchmark Stats Training Round 51
W: 0.84, T: 0.01 (versus random)
W: 0.00, T: 0.00 (versus left)
W: 0.49, T: 0.00 (versus lvl1)
W: 0.23, T: 0.02 (versus lvl2)
Training round 51 completed in 10 minutes and 33 seconds.
Expected completion: 22:12 2020-05-17.
Training round 52 stats
Wins 0.45, Ties 0.01, Losses 0.54, Game Length 20.19 moves
Loss p1: 0.168059, Loss p2: 0.162482
Benchmark Stats Training Round 52
W: 0.76, T: 0.01 (versus random)
W: 0.00, T: 0.00 (versus left)
W: 0.72, T: 0.01 (versus lvl1)
W: 0.25, T: 0.01 (versus lvl2)
Training round 52 completed in 9 minutes and 48 seconds.
Expected completion: 21:35 2020-05-17.
Training round 53 stats
Wins 0.51, Ties 0.01, Losses 0.47, Game Length 21.74 moves
Loss p1: 0.158075, Loss p2: 0.159349
Benchmark Stats Training Round 53
W: 0.89, T: 0.01 (versus random)
W: 1.00, T: 0.00 (versus left)
W: 0.67, T: 0.00 (versus lvl1)
W: 0.41, T: 0.00 (versus lvl2)
Training round 53 completed in 10 minutes and 0 seconds.
Expected completion: 21:45 2020-05-17.
Training round 54 stats
Wins 0.62, Ties 0.01, Losses 0.38, Game Length 21.55 moves
Loss p1: 0.157620, Loss p2: 0.165380
Benchmark Stats Training Round 54
W: 0.87, T: 0.00 (versus random)
W: 0.50, T: 0.00 (versus left)
W: 0.73, T: 0.00 (versus lvl1)
W: 0.32, T: 0.02 (versus lvl2)
Training round 54 completed in 9 minutes and 55 seconds.
Expected completion: 21:41 2020-05-17.
Training round 55 stats
Wins 0.54, Ties 0.02, Losses 0.44, Game Length 23.67 moves
Loss p1: 0.158568, Loss p2: 0.162273
Benchmark Stats Training Round 55
W: 0.83, T: 0.01 (versus random)
W: 0.50, T: 0.00 (versus left)
W: 0.70, T: 0.00 (versus lvl1)
W: 0.33, T: 0.01 (versus lvl2)
Training round 55 completed in 10 minutes and 21 seconds.
Expected completion: 22:00 2020-05-17.
Training round 56 stats
Wins 0.62, Ties 0.01, Losses 0.37, Game Length 22.93 moves
Loss p1: 0.159119, Loss p2: 0.161374
Benchmark Stats Training Round 56
W: 0.75, T: 0.02 (versus random)
W: 0.50, T: 0.00 (versus left)
W: 0.61, T: 0.00 (versus lvl1)
W: 0.28, T: 0.01 (versus lvl2)
Training round 56 completed in 10 minutes and 24 seconds.
Expected completion: 22:03 2020-05-17.
Training round 57 stats
Wins 0.52, Ties 0.01, Losses 0.48, Game Length 20.81 moves
Loss p1: 0.160924, Loss p2: 0.168925
Benchmark Stats Training Round 57
W: 0.91, T: 0.02 (versus random)
W: 0.50, T: 0.00 (versus left)
W: 0.78, T: 0.00 (versus lvl1)
W: 0.32, T: 0.00 (versus lvl2)
Training round 57 completed in 9 minutes and 46 seconds.
Expected completion: 21:35 2020-05-17.
Training round 58 stats
Wins 0.67, Ties 0.01, Losses 0.32, Game Length 22.47 moves
Loss p1: 0.147237, Loss p2: 0.153301
Benchmark Stats Training Round 58
W: 0.79, T: 0.00 (versus random)
W: 0.50, T: 0.00 (versus left)
W: 0.69, T: 0.00 (versus lvl1)
W: 0.36, T: 0.01 (versus lvl2)
Training round 58 completed in 10 minutes and 25 seconds.
Expected completion: 22:03 2020-05-17.
Training round 59 stats
Wins 0.62, Ties 0.01, Losses 0.37, Game Length 21.20 moves
Loss p1: 0.165139, Loss p2: 0.163698
Benchmark Stats Training Round 59
W: 0.84, T: 0.00 (versus random)
W: 1.00, T: 0.00 (versus left)
W: 0.70, T: 0.00 (versus lvl1)
W: 0.41, T: 0.02 (versus lvl2)
Training round 59 completed in 10 minutes and 7 seconds.
Expected completion: 21:51 2020-05-17.
Training round 60 stats
Wins 0.45, Ties 0.01, Losses 0.54, Game Length 21.95 moves
Loss p1: 0.166508, Loss p2: 0.160378
Benchmark Stats Training Round 60
W: 0.91, T: 0.01 (versus random)
W: 0.50, T: 0.00 (versus left)
W: 0.73, T: 0.00 (versus lvl1)
W: 0.40, T: 0.00 (versus lvl2)
Training round 60 completed in 9 minutes and 55 seconds.
Expected completion: 21:43 2020-05-17.
Training round 61 stats
Wins 0.39, Ties 0.00, Losses 0.61, Game Length 19.86 moves
Loss p1: 0.157307, Loss p2: 0.151309
Benchmark Stats Training Round 61
W: 0.93, T: 0.00 (versus random)
W: 0.00, T: 0.00 (versus left)
W: 0.70, T: 0.00 (versus lvl1)
W: 0.32, T: 0.00 (versus lvl2)
Training round 61 completed in 9 minutes and 37 seconds.
Expected completion: 21:30 2020-05-17.
Training round 62 stats
Wins 0.47, Ties 0.01, Losses 0.52, Game Length 21.94 moves
Loss p1: 0.166520, Loss p2: 0.166522
Benchmark Stats Training Round 62
W: 0.84, T: 0.00 (versus random)
W: 0.00, T: 0.00 (versus left)
W: 0.72, T: 0.00 (versus lvl1)
W: 0.43, T: 0.01 (versus lvl2)
Training round 62 completed in 9 minutes and 46 seconds.
Expected completion: 21:36 2020-05-17.
Training round 63 stats
Wins 0.50, Ties 0.01, Losses 0.49, Game Length 21.21 moves
Loss p1: 0.158905, Loss p2: 0.157626
Benchmark Stats Training Round 63
W: 0.84, T: 0.00 (versus random)
W: 0.50, T: 0.00 (versus left)
W: 0.77, T: 0.00 (versus lvl1)
W: 0.33, T: 0.01 (versus lvl2)
Training round 63 completed in 9 minutes and 45 seconds.
Expected completion: 21:36 2020-05-17.
Training round 64 stats
Wins 0.44, Ties 0.02, Losses 0.54, Game Length 23.77 moves
Loss p1: 0.147993, Loss p2: 0.148566
Benchmark Stats Training Round 64
W: 0.82, T: 0.01 (versus random)
W: 1.00, T: 0.00 (versus left)
W: 0.70, T: 0.00 (versus lvl1)
W: 0.39, T: 0.00 (versus lvl2)
Training round 64 completed in 10 minutes and 27 seconds.
Expected completion: 22:01 2020-05-17.
Training round 65 stats
Wins 0.48, Ties 0.02, Losses 0.50, Game Length 23.98 moves
Loss p1: 0.143801, Loss p2: 0.148964
Benchmark Stats Training Round 65
W: 0.83, T: 0.00 (versus random)
W: 0.00, T: 0.00 (versus left)
W: 0.72, T: 0.01 (versus lvl1)
W: 0.28, T: 0.01 (versus lvl2)
Training round 65 completed in 10 minutes and 29 seconds.
Expected completion: 22:03 2020-05-17.
Training round 66 stats
Wins 0.46, Ties 0.03, Losses 0.51, Game Length 24.23 moves
Loss p1: 0.151978, Loss p2: 0.154297
Benchmark Stats Training Round 66
W: 0.91, T: 0.00 (versus random)
W: 0.50, T: 0.00 (versus left)
W: 0.74, T: 0.00 (versus lvl1)
W: 0.45, T: 0.00 (versus lvl2)
Training round 66 completed in 10 minutes and 37 seconds.
Expected completion: 22:07 2020-05-17.
Training round 67 stats
Wins 0.52, Ties 0.01, Losses 0.47, Game Length 21.41 moves
Loss p1: 0.159459, Loss p2: 0.155551
Benchmark Stats Training Round 67
W: 0.86, T: 0.00 (versus random)
W: 1.00, T: 0.00 (versus left)
W: 0.67, T: 0.00 (versus lvl1)
W: 0.37, T: 0.01 (versus lvl2)
Training round 67 completed in 9 minutes and 32 seconds.
Expected completion: 21:31 2020-05-17.
Training round 68 stats
Wins 0.56, Ties 0.01, Losses 0.43, Game Length 21.15 moves
Loss p1: 0.157796, Loss p2: 0.154524
Benchmark Stats Training Round 68
W: 0.73, T: 0.00 (versus random)
W: 1.00, T: 0.00 (versus left)
W: 0.47, T: 0.00 (versus lvl1)
W: 0.18, T: 0.00 (versus lvl2)
Training round 68 completed in 9 minutes and 40 seconds.
Expected completion: 21:35 2020-05-17.
Training round 69 stats
Wins 0.47, Ties 0.01, Losses 0.52, Game Length 23.00 moves
Loss p1: 0.163314, Loss p2: 0.167282
Benchmark Stats Training Round 69
W: 0.70, T: 0.01 (versus random)
W: 0.50, T: 0.00 (versus left)
W: 0.53, T: 0.00 (versus lvl1)
W: 0.23, T: 0.00 (versus lvl2)
Training round 69 completed in 10 minutes and 11 seconds.
Expected completion: 21:51 2020-05-17.
Training round 70 stats
Wins 0.57, Ties 0.01, Losses 0.42, Game Length 22.69 moves
Loss p1: 0.163365, Loss p2: 0.169142
Benchmark Stats Training Round 70
W: 0.91, T: 0.00 (versus random)
W: 0.50, T: 0.00 (versus left)
W: 0.80, T: 0.00 (versus lvl1)
W: 0.46, T: 0.02 (versus lvl2)
Training round 70 completed in 9 minutes and 59 seconds.
Expected completion: 21:45 2020-05-17.
Training round 71 stats
Wins 0.63, Ties 0.01, Losses 0.36, Game Length 22.52 moves
Loss p1: 0.159753, Loss p2: 0.150016
Benchmark Stats Training Round 71
W: 0.91, T: 0.01 (versus random)
W: 0.50, T: 0.00 (versus left)
W: 0.72, T: 0.00 (versus lvl1)
W: 0.47, T: 0.01 (versus lvl2)
Training round 71 completed in 10 minutes and 5 seconds.
Expected completion: 21:48 2020-05-17.
Training round 72 stats
Wins 0.49, Ties 0.01, Losses 0.50, Game Length 23.71 moves
Loss p1: 0.159215, Loss p2: 0.153822
Benchmark Stats Training Round 72
W: 0.75, T: 0.01 (versus random)
W: 0.50, T: 0.00 (versus left)
W: 0.73, T: 0.00 (versus lvl1)
W: 0.34, T: 0.01 (versus lvl2)
Training round 72 completed in 10 minutes and 9 seconds.
Expected completion: 21:50 2020-05-17.
Training round 73 stats
Wins 0.47, Ties 0.01, Losses 0.52, Game Length 20.20 moves
Loss p1: 0.154122, Loss p2: 0.156327
Benchmark Stats Training Round 73
W: 0.78, T: 0.00 (versus random)
W: 0.50, T: 0.00 (versus left)
W: 0.68, T: 0.01 (versus lvl1)
W: 0.36, T: 0.01 (versus lvl2)
Training round 73 completed in 9 minutes and 30 seconds.
Expected completion: 21:32 2020-05-17.
Training round 74 stats
Wins 0.48, Ties 0.01, Losses 0.51, Game Length 21.98 moves
Loss p1: 0.169964, Loss p2: 0.168398
Benchmark Stats Training Round 74
W: 0.83, T: 0.00 (versus random)
W: 0.50, T: 0.00 (versus left)
W: 0.60, T: 0.00 (versus lvl1)
W: 0.24, T: 0.00 (versus lvl2)
Training round 74 completed in 9 minutes and 57 seconds.
Expected completion: 21:44 2020-05-17.
Training round 75 stats
Wins 0.56, Ties 0.00, Losses 0.43, Game Length 21.52 moves
Loss p1: 0.166018, Loss p2: 0.161462
Benchmark Stats Training Round 75
W: 0.90, T: 0.00 (versus random)
W: 0.50, T: 0.00 (versus left)
W: 0.75, T: 0.00 (versus lvl1)
W: 0.27, T: 0.00 (versus lvl2)
Training round 75 completed in 9 minutes and 45 seconds.
Expected completion: 21:39 2020-05-17.
Training round 76 stats
Wins 0.54, Ties 0.00, Losses 0.46, Game Length 21.80 moves
Loss p1: 0.173402, Loss p2: 0.162379
Benchmark Stats Training Round 76
W: 0.88, T: 0.00 (versus random)
W: 1.00, T: 0.00 (versus left)
W: 0.80, T: 0.00 (versus lvl1)
W: 0.37, T: 0.00 (versus lvl2)
Training round 76 completed in 9 minutes and 45 seconds.
Expected completion: 21:39 2020-05-17.
Training round 77 stats
Wins 0.52, Ties 0.02, Losses 0.46, Game Length 22.59 moves
Loss p1: 0.174264, Loss p2: 0.171428
Benchmark Stats Training Round 77
W: 0.84, T: 0.00 (versus random)
W: 0.50, T: 0.00 (versus left)
W: 0.65, T: 0.00 (versus lvl1)
W: 0.31, T: 0.00 (versus lvl2)
Training round 77 completed in 9 minutes and 52 seconds.
Expected completion: 21:42 2020-05-17.
Training round 78 stats
Wins 0.54, Ties 0.00, Losses 0.46, Game Length 21.69 moves
Loss p1: 0.186487, Loss p2: 0.177521
Benchmark Stats Training Round 78
W: 0.86, T: 0.00 (versus random)
W: 1.00, T: 0.00 (versus left)
W: 0.78, T: 0.00 (versus lvl1)
W: 0.25, T: 0.01 (versus lvl2)
Training round 78 completed in 9 minutes and 33 seconds.
Expected completion: 21:34 2020-05-17.
Training round 79 stats
Wins 0.47, Ties 0.01, Losses 0.52, Game Length 21.72 moves
Loss p1: 0.177403, Loss p2: 0.166742
Benchmark Stats Training Round 79
W: 0.89, T: 0.00 (versus random)
W: 0.50, T: 0.00 (versus left)
W: 0.69, T: 0.00 (versus lvl1)
W: 0.34, T: 0.02 (versus lvl2)
Training round 79 completed in 9 minutes and 48 seconds.
Expected completion: 21:40 2020-05-17.
Training round 80 stats
Wins 0.60, Ties 0.01, Losses 0.40, Game Length 22.88 moves
Loss p1: 0.158486, Loss p2: 0.160454
Benchmark Stats Training Round 80
W: 0.85, T: 0.00 (versus random)
W: 1.00, T: 0.00 (versus left)
W: 0.74, T: 0.00 (versus lvl1)
W: 0.29, T: 0.00 (versus lvl2)
Training round 80 completed in 10 minutes and 7 seconds.
Expected completion: 21:47 2020-05-17.
Training round 81 stats
Wins 0.53, Ties 0.01, Losses 0.47, Game Length 23.67 moves
Loss p1: 0.170106, Loss p2: 0.164817
Benchmark Stats Training Round 81
W: 0.92, T: 0.01 (versus random)
W: 1.00, T: 0.00 (versus left)
W: 0.80, T: 0.00 (versus lvl1)
W: 0.41, T: 0.00 (versus lvl2)
Training round 81 completed in 10 minutes and 12 seconds.
Expected completion: 21:48 2020-05-17.
Training round 82 stats
Wins 0.58, Ties 0.01, Losses 0.41, Game Length 20.66 moves
Loss p1: 0.164047, Loss p2: 0.164426
Benchmark Stats Training Round 82
W: 0.90, T: 0.00 (versus random)
W: 1.00, T: 0.00 (versus left)
W: 0.73, T: 0.00 (versus lvl1)
W: 0.42, T: 0.02 (versus lvl2)
Training round 82 completed in 9 minutes and 33 seconds.
Expected completion: 21:36 2020-05-17.
Training round 83 stats
Wins 0.47, Ties 0.00, Losses 0.53, Game Length 21.52 moves
Loss p1: 0.162667, Loss p2: 0.162275
Benchmark Stats Training Round 83
W: 0.88, T: 0.00 (versus random)
W: 0.50, T: 0.00 (versus left)
W: 0.77, T: 0.00 (versus lvl1)
W: 0.44, T: 0.00 (versus lvl2)
Training round 83 completed in 9 minutes and 42 seconds.
Expected completion: 21:38 2020-05-17.
Training round 84 stats
Wins 0.51, Ties 0.01, Losses 0.48, Game Length 21.13 moves
Loss p1: 0.177842, Loss p2: 0.173875
Benchmark Stats Training Round 84
W: 0.86, T: 0.00 (versus random)
W: 0.50, T: 0.00 (versus left)
W: 0.75, T: 0.00 (versus lvl1)
W: 0.46, T: 0.03 (versus lvl2)
Training round 84 completed in 9 minutes and 10 seconds.
Expected completion: 21:29 2020-05-17.
Training round 85 stats
Wins 0.56, Ties 0.01, Losses 0.43, Game Length 20.58 moves
Loss p1: 0.170202, Loss p2: 0.170676
Benchmark Stats Training Round 85
W: 0.86, T: 0.00 (versus random)
W: 1.00, T: 0.00 (versus left)
W: 0.69, T: 0.00 (versus lvl1)
W: 0.36, T: 0.01 (versus lvl2)
Training round 85 completed in 9 minutes and 21 seconds.
Expected completion: 21:32 2020-05-17.
Training round 86 stats
Wins 0.61, Ties 0.01, Losses 0.39, Game Length 21.19 moves
Loss p1: 0.151019, Loss p2: 0.149466
Benchmark Stats Training Round 86
W: 0.86, T: 0.00 (versus random)
W: 1.00, T: 0.00 (versus left)
W: 0.70, T: 0.00 (versus lvl1)
W: 0.28, T: 0.00 (versus lvl2)
Training round 86 completed in 9 minutes and 30 seconds.
Expected completion: 21:35 2020-05-17.
Training round 87 stats
Wins 0.56, Ties 0.01, Losses 0.43, Game Length 23.41 moves
Loss p1: 0.160002, Loss p2: 0.164029
Benchmark Stats Training Round 87
W: 0.82, T: 0.01 (versus random)
W: 1.00, T: 0.00 (versus left)
W: 0.54, T: 0.00 (versus lvl1)
W: 0.32, T: 0.02 (versus lvl2)
Training round 87 completed in 9 minutes and 58 seconds.
Expected completion: 21:41 2020-05-17.
Training round 88 stats
Wins 0.47, Ties 0.01, Losses 0.52, Game Length 20.77 moves
Loss p1: 0.172667, Loss p2: 0.170877
Benchmark Stats Training Round 88
W: 0.81, T: 0.00 (versus random)
W: 1.00, T: 0.00 (versus left)
W: 0.59, T: 0.00 (versus lvl1)
W: 0.24, T: 0.00 (versus lvl2)
Training round 88 completed in 9 minutes and 41 seconds.
Expected completion: 21:38 2020-05-17.
Training round 89 stats
Wins 0.53, Ties 0.01, Losses 0.46, Game Length 23.59 moves
Loss p1: 0.160962, Loss p2: 0.166785
Benchmark Stats Training Round 89
W: 0.83, T: 0.00 (versus random)
W: 0.00, T: 0.00 (versus left)
W: 0.54, T: 0.00 (versus lvl1)
W: 0.35, T: 0.00 (versus lvl2)
Training round 89 completed in 10 minutes and 18 seconds.
Expected completion: 21:45 2020-05-17.
Training round 90 stats
Wins 0.48, Ties 0.01, Losses 0.51, Game Length 23.05 moves
Loss p1: 0.159520, Loss p2: 0.157504
Benchmark Stats Training Round 90
W: 0.89, T: 0.00 (versus random)
W: 1.00, T: 0.00 (versus left)
W: 0.70, T: 0.00 (versus lvl1)
W: 0.34, T: 0.00 (versus lvl2)
Training round 90 completed in 10 minutes and 5 seconds.
Expected completion: 21:43 2020-05-17.
Training round 91 stats
Wins 0.44, Ties 0.00, Losses 0.56, Game Length 20.58 moves
Loss p1: 0.166268, Loss p2: 0.166240
Benchmark Stats Training Round 91
W: 0.86, T: 0.00 (versus random)
W: 0.00, T: 0.00 (versus left)
W: 0.55, T: 0.00 (versus lvl1)
W: 0.36, T: 0.02 (versus lvl2)
Training round 91 completed in 9 minutes and 25 seconds.
Expected completion: 21:36 2020-05-17.
Training round 92 stats
Wins 0.39, Ties 0.02, Losses 0.58, Game Length 24.13 moves
Loss p1: 0.170194, Loss p2: 0.170544
Benchmark Stats Training Round 92
W: 0.76, T: 0.01 (versus random)
W: 1.00, T: 0.00 (versus left)
W: 0.57, T: 0.00 (versus lvl1)
W: 0.23, T: 0.01 (versus lvl2)
Training round 92 completed in 10 minutes and 3 seconds.
Expected completion: 21:41 2020-05-17.
Training round 93 stats
Wins 0.34, Ties 0.01, Losses 0.65, Game Length 23.82 moves
Loss p1: 0.157349, Loss p2: 0.164586
Benchmark Stats Training Round 93
W: 0.75, T: 0.00 (versus random)
W: 1.00, T: 0.00 (versus left)
W: 0.47, T: 0.00 (versus lvl1)
W: 0.24, T: 0.00 (versus lvl2)
Training round 93 completed in 11 minutes and 5 seconds.
Expected completion: 21:50 2020-05-17.
Training round 94 stats
Wins 0.52, Ties 0.01, Losses 0.47, Game Length 21.20 moves
Loss p1: 0.169871, Loss p2: 0.171350
Benchmark Stats Training Round 94
W: 0.86, T: 0.00 (versus random)
W: 0.50, T: 0.00 (versus left)
W: 0.67, T: 0.00 (versus lvl1)
W: 0.34, T: 0.00 (versus lvl2)
Training round 94 completed in 9 minutes and 36 seconds.
Expected completion: 21:39 2020-05-17.
Training round 95 stats
Wins 0.45, Ties 0.00, Losses 0.55, Game Length 22.70 moves
Loss p1: 0.166672, Loss p2: 0.167376
Benchmark Stats Training Round 95
W: 0.88, T: 0.01 (versus random)
W: 0.50, T: 0.00 (versus left)
W: 0.76, T: 0.00 (versus lvl1)
W: 0.39, T: 0.01 (versus lvl2)
Training round 95 completed in 9 minutes and 59 seconds.
Expected completion: 21:42 2020-05-17.
Training round 96 stats
Wins 0.47, Ties 0.01, Losses 0.52, Game Length 21.57 moves
Loss p1: 0.166338, Loss p2: 0.170599
Benchmark Stats Training Round 96
W: 0.86, T: 0.01 (versus random)
W: 1.00, T: 0.00 (versus left)
W: 0.63, T: 0.00 (versus lvl1)
W: 0.32, T: 0.01 (versus lvl2)
Training round 96 completed in 9 minutes and 34 seconds.
Expected completion: 21:40 2020-05-17.
Training round 97 stats
Wins 0.55, Ties 0.00, Losses 0.44, Game Length 21.74 moves
Loss p1: 0.150123, Loss p2: 0.151796
Benchmark Stats Training Round 97
W: 0.95, T: 0.00 (versus random)
W: 0.00, T: 0.00 (versus left)
W: 0.75, T: 0.00 (versus lvl1)
W: 0.43, T: 0.00 (versus lvl2)
Training round 97 completed in 9 minutes and 24 seconds.
Expected completion: 21:39 2020-05-17.
Training round 98 stats
Wins 0.62, Ties 0.01, Losses 0.38, Game Length 20.50 moves
Loss p1: 0.168196, Loss p2: 0.168076
Benchmark Stats Training Round 98
W: 0.93, T: 0.00 (versus random)
W: 1.00, T: 0.00 (versus left)
W: 0.80, T: 0.00 (versus lvl1)
W: 0.38, T: 0.02 (versus lvl2)
Training round 98 completed in 9 minutes and 22 seconds.
Expected completion: 21:39 2020-05-17.
Training round 99 stats
Wins 0.51, Ties 0.01, Losses 0.49, Game Length 20.25 moves
Loss p1: 0.180697, Loss p2: 0.182161
Benchmark Stats Training Round 99
W: 0.81, T: 0.00 (versus random)
W: 1.00, T: 0.00 (versus left)
W: 0.64, T: 0.00 (versus lvl1)
W: 0.33, T: 0.01 (versus lvl2)
Training round 99 completed in 9 minutes and 20 seconds.
Expected completion: 21:39 2020-05-17.
Training round 100 stats
Wins 0.41, Ties 0.02, Losses 0.57, Game Length 22.36 moves
Loss p1: 0.155783, Loss p2: 0.146214
Benchmark Stats Training Round 100
W: 0.84, T: 0.00 (versus random)
W: 1.00, T: 0.00 (versus left)
W: 0.61, T: 0.00 (versus lvl1)
W: 0.34, T: 0.00 (versus lvl2)
Training round 100 completed in 9 minutes and 57 seconds.
Expected completion: 21:39 2020-05-17.
