Training Neural Net on Connect 4
  self_play_batch_size: 1000
  benchmark_batch_size: 100
  training_rounds: 100
  memory_size: 1000
  network: C
  exploration: no
  loss: MSE
  encoding: integer
  optimizer: Adam
  experience: yes

Benchmark Stats Training Round 0
W: 0.43, T: 0.00 (versus random)
W: 0.50, T: 0.00 (versus left)
W: 0.13, T: 0.00 (versus lvl1)
W: 0.02, T: 0.00 (versus lvl2)
Training round 1 stats
Wins 0.43, Ties 0.02, Losses 0.54, Game Length 21.90 moves
Loss p1: 0.156273, Loss p2: 0.149721
Benchmark Stats Training Round 1
W: 0.85, T: 0.00 (versus random)
W: 0.50, T: 0.00 (versus left)
W: 0.80, T: 0.00 (versus lvl1)
W: 0.23, T: 0.02 (versus lvl2)
Training round 1 completed in 2 minutes and 39 seconds.
Expected completion: 22:55 2020-05-17.
Training round 2 stats
Wins 0.51, Ties 0.02, Losses 0.48, Game Length 22.23 moves
Loss p1: 0.130082, Loss p2: 0.124314
Benchmark Stats Training Round 2
W: 0.78, T: 0.00 (versus random)
W: 1.00, T: 0.00 (versus left)
W: 0.54, T: 0.00 (versus lvl1)
W: 0.24, T: 0.00 (versus lvl2)
Training round 2 completed in 2 minutes and 52 seconds.
Expected completion: 23:17 2020-05-17.
Training round 3 stats
Wins 0.36, Ties 0.03, Losses 0.61, Game Length 23.58 moves
Loss p1: 0.143638, Loss p2: 0.135194
Benchmark Stats Training Round 3
W: 0.74, T: 0.01 (versus random)
W: 0.50, T: 0.00 (versus left)
W: 0.58, T: 0.00 (versus lvl1)
W: 0.32, T: 0.01 (versus lvl2)
Training round 3 completed in 2 minutes and 49 seconds.
Expected completion: 23:12 2020-05-17.
Training round 4 stats
Wins 0.47, Ties 0.02, Losses 0.51, Game Length 21.85 moves
Loss p1: 0.139316, Loss p2: 0.134837
Benchmark Stats Training Round 4
W: 0.89, T: 0.00 (versus random)
W: 0.50, T: 0.00 (versus left)
W: 0.70, T: 0.00 (versus lvl1)
W: 0.30, T: 0.00 (versus lvl2)
Training round 4 completed in 2 minutes and 40 seconds.
Expected completion: 22:58 2020-05-17.
Training round 5 stats
Wins 0.45, Ties 0.01, Losses 0.54, Game Length 22.82 moves
Loss p1: 0.137953, Loss p2: 0.138544
Benchmark Stats Training Round 5
W: 0.82, T: 0.00 (versus random)
W: 1.00, T: 0.00 (versus left)
W: 0.66, T: 0.00 (versus lvl1)
W: 0.29, T: 0.01 (versus lvl2)
Training round 5 completed in 2 minutes and 46 seconds.
Expected completion: 23:07 2020-05-17.
Training round 6 stats
Wins 0.44, Ties 0.01, Losses 0.55, Game Length 23.01 moves
Loss p1: 0.150697, Loss p2: 0.145861
Benchmark Stats Training Round 6
W: 0.90, T: 0.00 (versus random)
W: 0.00, T: 0.00 (versus left)
W: 0.64, T: 0.00 (versus lvl1)
W: 0.18, T: 0.00 (versus lvl2)
Training round 6 completed in 2 minutes and 52 seconds.
Expected completion: 23:17 2020-05-17.
Training round 7 stats
Wins 0.48, Ties 0.02, Losses 0.50, Game Length 22.03 moves
Loss p1: 0.145740, Loss p2: 0.144916
Benchmark Stats Training Round 7
W: 0.92, T: 0.00 (versus random)
W: 1.00, T: 0.00 (versus left)
W: 0.70, T: 0.00 (versus lvl1)
W: 0.32, T: 0.00 (versus lvl2)
Training round 7 completed in 2 minutes and 42 seconds.
Expected completion: 23:01 2020-05-17.
Training round 8 stats
Wins 0.49, Ties 0.02, Losses 0.49, Game Length 21.43 moves
Loss p1: 0.136842, Loss p2: 0.139487
Benchmark Stats Training Round 8
W: 0.88, T: 0.00 (versus random)
W: 0.50, T: 0.00 (versus left)
W: 0.81, T: 0.00 (versus lvl1)
W: 0.39, T: 0.02 (versus lvl2)
Training round 8 completed in 2 minutes and 40 seconds.
Expected completion: 22:58 2020-05-17.
Training round 9 stats
Wins 0.48, Ties 0.01, Losses 0.50, Game Length 23.18 moves
Loss p1: 0.146182, Loss p2: 0.150511
Benchmark Stats Training Round 9
W: 0.84, T: 0.01 (versus random)
W: 0.00, T: 0.00 (versus left)
W: 0.65, T: 0.00 (versus lvl1)
W: 0.32, T: 0.03 (versus lvl2)
Training round 9 completed in 2 minutes and 49 seconds.
Expected completion: 23:12 2020-05-17.
Training round 10 stats
Wins 0.49, Ties 0.02, Losses 0.49, Game Length 22.57 moves
Loss p1: 0.143012, Loss p2: 0.148092
Benchmark Stats Training Round 10
W: 0.85, T: 0.01 (versus random)
W: 1.00, T: 0.00 (versus left)
W: 0.67, T: 0.00 (versus lvl1)
W: 0.31, T: 0.01 (versus lvl2)
Training round 10 completed in 2 minutes and 41 seconds.
Expected completion: 23:00 2020-05-17.
Training round 11 stats
Wins 0.46, Ties 0.01, Losses 0.53, Game Length 21.99 moves
Loss p1: 0.142117, Loss p2: 0.139229
Benchmark Stats Training Round 11
W: 0.80, T: 0.00 (versus random)
W: 1.00, T: 0.00 (versus left)
W: 0.65, T: 0.00 (versus lvl1)
W: 0.28, T: 0.03 (versus lvl2)
Training round 11 completed in 2 minutes and 48 seconds.
Expected completion: 23:11 2020-05-17.
Training round 12 stats
Wins 0.55, Ties 0.01, Losses 0.44, Game Length 22.37 moves
Loss p1: 0.145035, Loss p2: 0.139546
Benchmark Stats Training Round 12
W: 0.79, T: 0.01 (versus random)
W: 1.00, T: 0.00 (versus left)
W: 0.75, T: 0.00 (versus lvl1)
W: 0.40, T: 0.01 (versus lvl2)
Training round 12 completed in 2 minutes and 50 seconds.
Expected completion: 23:13 2020-05-17.
Training round 13 stats
Wins 0.62, Ties 0.01, Losses 0.37, Game Length 21.84 moves
Loss p1: 0.143320, Loss p2: 0.141376
Benchmark Stats Training Round 13
W: 0.94, T: 0.00 (versus random)
W: 0.50, T: 0.00 (versus left)
W: 0.85, T: 0.00 (versus lvl1)
W: 0.41, T: 0.00 (versus lvl2)
Training round 13 completed in 2 minutes and 40 seconds.
Expected completion: 22:58 2020-05-17.
Training round 14 stats
Wins 0.50, Ties 0.00, Losses 0.50, Game Length 23.18 moves
Loss p1: 0.151827, Loss p2: 0.142637
Benchmark Stats Training Round 14
W: 0.88, T: 0.00 (versus random)
W: 0.50, T: 0.00 (versus left)
W: 0.72, T: 0.00 (versus lvl1)
W: 0.42, T: 0.02 (versus lvl2)
Training round 14 completed in 2 minutes and 49 seconds.
Expected completion: 23:11 2020-05-17.
Training round 15 stats
Wins 0.48, Ties 0.01, Losses 0.52, Game Length 21.76 moves
Loss p1: 0.152348, Loss p2: 0.153464
Benchmark Stats Training Round 15
W: 0.89, T: 0.00 (versus random)
W: 1.00, T: 0.00 (versus left)
W: 0.69, T: 0.00 (versus lvl1)
W: 0.41, T: 0.00 (versus lvl2)
Training round 15 completed in 2 minutes and 46 seconds.
Expected completion: 23:08 2020-05-17.
Training round 16 stats
Wins 0.65, Ties 0.01, Losses 0.34, Game Length 22.01 moves
Loss p1: 0.146849, Loss p2: 0.151260
Benchmark Stats Training Round 16
W: 0.92, T: 0.00 (versus random)
W: 1.00, T: 0.00 (versus left)
W: 0.76, T: 0.01 (versus lvl1)
W: 0.41, T: 0.01 (versus lvl2)
Training round 16 completed in 2 minutes and 41 seconds.
Expected completion: 22:59 2020-05-17.
Training round 17 stats
Wins 0.63, Ties 0.01, Losses 0.36, Game Length 23.24 moves
Loss p1: 0.141798, Loss p2: 0.142321
Benchmark Stats Training Round 17
W: 0.87, T: 0.00 (versus random)
W: 0.50, T: 0.00 (versus left)
W: 0.70, T: 0.00 (versus lvl1)
W: 0.44, T: 0.01 (versus lvl2)
Training round 17 completed in 2 minutes and 52 seconds.
Expected completion: 23:15 2020-05-17.
Training round 18 stats
Wins 0.65, Ties 0.01, Losses 0.34, Game Length 22.63 moves
Loss p1: 0.136320, Loss p2: 0.137096
Benchmark Stats Training Round 18
W: 0.76, T: 0.00 (versus random)
W: 0.00, T: 0.00 (versus left)
W: 0.68, T: 0.00 (versus lvl1)
W: 0.32, T: 0.00 (versus lvl2)
Training round 18 completed in 2 minutes and 40 seconds.
Expected completion: 22:58 2020-05-17.
Training round 19 stats
Wins 0.58, Ties 0.02, Losses 0.40, Game Length 22.18 moves
Loss p1: 0.161714, Loss p2: 0.160573
Benchmark Stats Training Round 19
W: 0.89, T: 0.00 (versus random)
W: 0.50, T: 0.00 (versus left)
W: 0.78, T: 0.00 (versus lvl1)
W: 0.42, T: 0.01 (versus lvl2)
Training round 19 completed in 2 minutes and 41 seconds.
Expected completion: 23:00 2020-05-17.
Training round 20 stats
Wins 0.55, Ties 0.01, Losses 0.44, Game Length 22.70 moves
Loss p1: 0.134636, Loss p2: 0.133893
Benchmark Stats Training Round 20
W: 0.77, T: 0.00 (versus random)
W: 1.00, T: 0.00 (versus left)
W: 0.64, T: 0.01 (versus lvl1)
W: 0.21, T: 0.02 (versus lvl2)
Training round 20 completed in 2 minutes and 46 seconds.
Expected completion: 23:07 2020-05-17.
Training round 21 stats
Wins 0.49, Ties 0.01, Losses 0.49, Game Length 22.06 moves
Loss p1: 0.142062, Loss p2: 0.146027
Benchmark Stats Training Round 21
W: 0.88, T: 0.00 (versus random)
W: 0.50, T: 0.00 (versus left)
W: 0.78, T: 0.00 (versus lvl1)
W: 0.27, T: 0.00 (versus lvl2)
Training round 21 completed in 2 minutes and 43 seconds.
Expected completion: 23:03 2020-05-17.
Training round 22 stats
Wins 0.58, Ties 0.00, Losses 0.42, Game Length 20.71 moves
Loss p1: 0.159522, Loss p2: 0.159022
Benchmark Stats Training Round 22
W: 0.88, T: 0.00 (versus random)
W: 0.50, T: 0.00 (versus left)
W: 0.76, T: 0.00 (versus lvl1)
W: 0.26, T: 0.00 (versus lvl2)
Training round 22 completed in 2 minutes and 37 seconds.
Expected completion: 22:54 2020-05-17.
Training round 23 stats
Wins 0.48, Ties 0.01, Losses 0.51, Game Length 20.59 moves
Loss p1: 0.172272, Loss p2: 0.169558
Benchmark Stats Training Round 23
W: 0.87, T: 0.00 (versus random)
W: 0.50, T: 0.00 (versus left)
W: 0.70, T: 0.00 (versus lvl1)
W: 0.27, T: 0.00 (versus lvl2)
Training round 23 completed in 2 minutes and 36 seconds.
Expected completion: 22:53 2020-05-17.
Training round 24 stats
Wins 0.51, Ties 0.01, Losses 0.48, Game Length 21.69 moves
Loss p1: 0.137444, Loss p2: 0.135520
Benchmark Stats Training Round 24
W: 0.85, T: 0.00 (versus random)
W: 0.00, T: 0.00 (versus left)
W: 0.70, T: 0.00 (versus lvl1)
W: 0.30, T: 0.02 (versus lvl2)
Training round 24 completed in 2 minutes and 43 seconds.
Expected completion: 23:03 2020-05-17.
Training round 25 stats
Wins 0.57, Ties 0.01, Losses 0.42, Game Length 21.87 moves
Loss p1: 0.145472, Loss p2: 0.150453
Benchmark Stats Training Round 25
W: 0.86, T: 0.00 (versus random)
W: 0.50, T: 0.00 (versus left)
W: 0.78, T: 0.00 (versus lvl1)
W: 0.22, T: 0.01 (versus lvl2)
Training round 25 completed in 2 minutes and 43 seconds.
Expected completion: 23:03 2020-05-17.
Training round 26 stats
Wins 0.59, Ties 0.01, Losses 0.40, Game Length 22.01 moves
Loss p1: 0.148812, Loss p2: 0.150360
Benchmark Stats Training Round 26
W: 0.69, T: 0.00 (versus random)
W: 0.50, T: 0.00 (versus left)
W: 0.54, T: 0.00 (versus lvl1)
W: 0.32, T: 0.01 (versus lvl2)
Training round 26 completed in 2 minutes and 48 seconds.
Expected completion: 23:08 2020-05-17.
Training round 27 stats
Wins 0.51, Ties 0.03, Losses 0.46, Game Length 22.41 moves
Loss p1: 0.156882, Loss p2: 0.151849
Benchmark Stats Training Round 27
W: 0.85, T: 0.00 (versus random)
W: 0.50, T: 0.00 (versus left)
W: 0.78, T: 0.00 (versus lvl1)
W: 0.29, T: 0.02 (versus lvl2)
Training round 27 completed in 2 minutes and 45 seconds.
Expected completion: 23:05 2020-05-17.
Training round 28 stats
Wins 0.51, Ties 0.01, Losses 0.49, Game Length 20.77 moves
Loss p1: 0.175312, Loss p2: 0.166831
Benchmark Stats Training Round 28
W: 0.86, T: 0.00 (versus random)
W: 1.00, T: 0.00 (versus left)
W: 0.65, T: 0.00 (versus lvl1)
W: 0.29, T: 0.00 (versus lvl2)
Training round 28 completed in 2 minutes and 42 seconds.
Expected completion: 23:01 2020-05-17.
Training round 29 stats
Wins 0.56, Ties 0.01, Losses 0.43, Game Length 23.84 moves
Loss p1: 0.155539, Loss p2: 0.151175
Benchmark Stats Training Round 29
W: 0.75, T: 0.01 (versus random)
W: 1.00, T: 0.00 (versus left)
W: 0.65, T: 0.00 (versus lvl1)
W: 0.25, T: 0.00 (versus lvl2)
Training round 29 completed in 2 minutes and 58 seconds.
Expected completion: 23:21 2020-05-17.
Training round 30 stats
Wins 0.64, Ties 0.01, Losses 0.35, Game Length 22.91 moves
Loss p1: 0.133776, Loss p2: 0.137268
Benchmark Stats Training Round 30
W: 0.78, T: 0.00 (versus random)
W: 0.50, T: 0.00 (versus left)
W: 0.63, T: 0.00 (versus lvl1)
W: 0.47, T: 0.00 (versus lvl2)
Training round 30 completed in 2 minutes and 50 seconds.
Expected completion: 23:11 2020-05-17.
Training round 31 stats
Wins 0.52, Ties 0.01, Losses 0.48, Game Length 23.14 moves
Loss p1: 0.154491, Loss p2: 0.150349
Benchmark Stats Training Round 31
W: 0.75, T: 0.01 (versus random)
W: 1.00, T: 0.00 (versus left)
W: 0.70, T: 0.00 (versus lvl1)
W: 0.24, T: 0.00 (versus lvl2)
Training round 31 completed in 2 minutes and 51 seconds.
Expected completion: 23:13 2020-05-17.
Training round 32 stats
Wins 0.52, Ties 0.01, Losses 0.47, Game Length 22.30 moves
Loss p1: 0.158168, Loss p2: 0.155056
Benchmark Stats Training Round 32
W: 0.72, T: 0.01 (versus random)
W: 1.00, T: 0.00 (versus left)
W: 0.52, T: 0.00 (versus lvl1)
W: 0.19, T: 0.03 (versus lvl2)
Training round 32 completed in 2 minutes and 52 seconds.
Expected completion: 23:13 2020-05-17.
Training round 33 stats
Wins 0.40, Ties 0.02, Losses 0.58, Game Length 23.05 moves
Loss p1: 0.158789, Loss p2: 0.158446
Benchmark Stats Training Round 33
W: 0.74, T: 0.01 (versus random)
W: 1.00, T: 0.00 (versus left)
W: 0.63, T: 0.00 (versus lvl1)
W: 0.25, T: 0.01 (versus lvl2)
Training round 33 completed in 2 minutes and 50 seconds.
Expected completion: 23:12 2020-05-17.
Training round 34 stats
Wins 0.33, Ties 0.01, Losses 0.66, Game Length 22.40 moves
Loss p1: 0.155736, Loss p2: 0.152537
Benchmark Stats Training Round 34
W: 0.74, T: 0.01 (versus random)
W: 1.00, T: 0.00 (versus left)
W: 0.53, T: 0.00 (versus lvl1)
W: 0.28, T: 0.02 (versus lvl2)
Training round 34 completed in 2 minutes and 53 seconds.
Expected completion: 23:15 2020-05-17.
Training round 35 stats
Wins 0.41, Ties 0.02, Losses 0.57, Game Length 22.23 moves
Loss p1: 0.129793, Loss p2: 0.128742
Benchmark Stats Training Round 35
W: 0.89, T: 0.00 (versus random)
W: 1.00, T: 0.00 (versus left)
W: 0.62, T: 0.00 (versus lvl1)
W: 0.22, T: 0.01 (versus lvl2)
Training round 35 completed in 2 minutes and 45 seconds.
Expected completion: 23:06 2020-05-17.
Training round 36 stats
Wins 0.47, Ties 0.01, Losses 0.53, Game Length 22.59 moves
Loss p1: 0.151085, Loss p2: 0.151340
Benchmark Stats Training Round 36
W: 0.76, T: 0.00 (versus random)
W: 0.50, T: 0.00 (versus left)
W: 0.57, T: 0.00 (versus lvl1)
W: 0.27, T: 0.00 (versus lvl2)
Training round 36 completed in 2 minutes and 49 seconds.
Expected completion: 23:10 2020-05-17.
Training round 37 stats
Wins 0.56, Ties 0.02, Losses 0.43, Game Length 22.33 moves
Loss p1: 0.160357, Loss p2: 0.162672
Benchmark Stats Training Round 37
W: 0.88, T: 0.01 (versus random)
W: 1.00, T: 0.00 (versus left)
W: 0.63, T: 0.00 (versus lvl1)
W: 0.19, T: 0.02 (versus lvl2)
Training round 37 completed in 2 minutes and 51 seconds.
Expected completion: 23:13 2020-05-17.
Training round 38 stats
Wins 0.29, Ties 0.00, Losses 0.71, Game Length 20.66 moves
Loss p1: 0.155935, Loss p2: 0.150029
Benchmark Stats Training Round 38
W: 0.72, T: 0.00 (versus random)
W: 1.00, T: 0.00 (versus left)
W: 0.45, T: 0.01 (versus lvl1)
W: 0.25, T: 0.01 (versus lvl2)
Training round 38 completed in 2 minutes and 46 seconds.
Expected completion: 23:07 2020-05-17.
Training round 39 stats
Wins 0.39, Ties 0.01, Losses 0.60, Game Length 21.97 moves
Loss p1: 0.162559, Loss p2: 0.160038
Benchmark Stats Training Round 39
W: 0.77, T: 0.00 (versus random)
W: 0.00, T: 0.00 (versus left)
W: 0.49, T: 0.01 (versus lvl1)
W: 0.14, T: 0.00 (versus lvl2)
Training round 39 completed in 2 minutes and 48 seconds.
Expected completion: 23:09 2020-05-17.
Training round 40 stats
Wins 0.37, Ties 0.01, Losses 0.62, Game Length 23.15 moves
Loss p1: 0.156518, Loss p2: 0.151876
Benchmark Stats Training Round 40
W: 0.82, T: 0.00 (versus random)
W: 0.00, T: 0.00 (versus left)
W: 0.63, T: 0.00 (versus lvl1)
W: 0.15, T: 0.01 (versus lvl2)
Training round 40 completed in 2 minutes and 52 seconds.
Expected completion: 23:13 2020-05-17.
Training round 41 stats
Wins 0.41, Ties 0.01, Losses 0.58, Game Length 22.89 moves
Loss p1: 0.155992, Loss p2: 0.158502
Benchmark Stats Training Round 41
W: 0.91, T: 0.00 (versus random)
W: 0.50, T: 0.00 (versus left)
W: 0.69, T: 0.01 (versus lvl1)
W: 0.17, T: 0.03 (versus lvl2)
Training round 41 completed in 2 minutes and 50 seconds.
Expected completion: 23:11 2020-05-17.
Training round 42 stats
Wins 0.46, Ties 0.02, Losses 0.52, Game Length 23.02 moves
Loss p1: 0.167216, Loss p2: 0.159555
Benchmark Stats Training Round 42
W: 0.67, T: 0.00 (versus random)
W: 0.50, T: 0.00 (versus left)
W: 0.67, T: 0.00 (versus lvl1)
W: 0.24, T: 0.00 (versus lvl2)
Training round 42 completed in 2 minutes and 52 seconds.
Expected completion: 23:13 2020-05-17.
Training round 43 stats
Wins 0.48, Ties 0.02, Losses 0.50, Game Length 22.29 moves
Loss p1: 0.167118, Loss p2: 0.162202
Benchmark Stats Training Round 43
W: 0.78, T: 0.00 (versus random)
W: 0.50, T: 0.00 (versus left)
W: 0.64, T: 0.00 (versus lvl1)
W: 0.22, T: 0.00 (versus lvl2)
Training round 43 completed in 2 minutes and 47 seconds.
Expected completion: 23:09 2020-05-17.
Training round 44 stats
Wins 0.47, Ties 0.04, Losses 0.49, Game Length 24.56 moves
Loss p1: 0.152081, Loss p2: 0.153659
Benchmark Stats Training Round 44
W: 0.81, T: 0.00 (versus random)
W: 1.00, T: 0.00 (versus left)
W: 0.64, T: 0.00 (versus lvl1)
W: 0.34, T: 0.00 (versus lvl2)
Training round 44 completed in 2 minutes and 56 seconds.
Expected completion: 23:16 2020-05-17.
Training round 45 stats
Wins 0.51, Ties 0.07, Losses 0.42, Game Length 26.98 moves
Loss p1: 0.138264, Loss p2: 0.140625
Benchmark Stats Training Round 45
W: 0.82, T: 0.00 (versus random)
W: 0.50, T: 0.00 (versus left)
W: 0.71, T: 0.00 (versus lvl1)
W: 0.43, T: 0.02 (versus lvl2)
Training round 45 completed in 3 minutes and 6 seconds.
Expected completion: 23:27 2020-05-17.
Training round 46 stats
Wins 0.49, Ties 0.05, Losses 0.46, Game Length 25.60 moves
Loss p1: 0.140124, Loss p2: 0.140182
Benchmark Stats Training Round 46
W: 0.86, T: 0.00 (versus random)
W: 0.50, T: 0.00 (versus left)
W: 0.72, T: 0.00 (versus lvl1)
W: 0.38, T: 0.00 (versus lvl2)
Training round 46 completed in 2 minutes and 58 seconds.
Expected completion: 23:19 2020-05-17.
Training round 47 stats
Wins 0.42, Ties 0.02, Losses 0.56, Game Length 22.72 moves
Loss p1: 0.158463, Loss p2: 0.152461
Benchmark Stats Training Round 47
W: 0.74, T: 0.00 (versus random)
W: 1.00, T: 0.00 (versus left)
W: 0.49, T: 0.00 (versus lvl1)
W: 0.28, T: 0.01 (versus lvl2)
Training round 47 completed in 2 minutes and 52 seconds.
Expected completion: 23:13 2020-05-17.
Training round 48 stats
Wins 0.43, Ties 0.01, Losses 0.55, Game Length 23.14 moves
Loss p1: 0.160465, Loss p2: 0.152509
Benchmark Stats Training Round 48
W: 0.80, T: 0.00 (versus random)
W: 0.50, T: 0.00 (versus left)
W: 0.67, T: 0.00 (versus lvl1)
W: 0.30, T: 0.00 (versus lvl2)
Training round 48 completed in 2 minutes and 53 seconds.
Expected completion: 23:14 2020-05-17.
Training round 49 stats
Wins 0.37, Ties 0.01, Losses 0.61, Game Length 22.81 moves
Loss p1: 0.159432, Loss p2: 0.153123
Benchmark Stats Training Round 49
W: 0.76, T: 0.00 (versus random)
W: 0.50, T: 0.00 (versus left)
W: 0.62, T: 0.01 (versus lvl1)
W: 0.28, T: 0.00 (versus lvl2)
Training round 49 completed in 2 minutes and 46 seconds.
Expected completion: 23:08 2020-05-17.
Training round 50 stats
Wins 0.49, Ties 0.01, Losses 0.50, Game Length 22.96 moves
Loss p1: 0.149393, Loss p2: 0.155349
Benchmark Stats Training Round 50
W: 0.87, T: 0.00 (versus random)
W: 1.00, T: 0.00 (versus left)
W: 0.65, T: 0.00 (versus lvl1)
W: 0.28, T: 0.00 (versus lvl2)
Training round 50 completed in 2 minutes and 50 seconds.
Expected completion: 23:12 2020-05-17.
Training round 51 stats
Wins 0.46, Ties 0.02, Losses 0.53, Game Length 22.64 moves
Loss p1: 0.153424, Loss p2: 0.155577
Benchmark Stats Training Round 51
W: 0.72, T: 0.01 (versus random)
W: 1.00, T: 0.00 (versus left)
W: 0.58, T: 0.00 (versus lvl1)
W: 0.25, T: 0.00 (versus lvl2)
Training round 51 completed in 2 minutes and 54 seconds.
Expected completion: 23:15 2020-05-17.
Training round 52 stats
Wins 0.42, Ties 0.01, Losses 0.57, Game Length 22.18 moves
Loss p1: 0.147895, Loss p2: 0.147865
Benchmark Stats Training Round 52
W: 0.73, T: 0.00 (versus random)
W: 1.00, T: 0.00 (versus left)
W: 0.52, T: 0.00 (versus lvl1)
W: 0.22, T: 0.00 (versus lvl2)
Training round 52 completed in 2 minutes and 54 seconds.
Expected completion: 23:15 2020-05-17.
Training round 53 stats
Wins 0.47, Ties 0.01, Losses 0.52, Game Length 20.27 moves
Loss p1: 0.171608, Loss p2: 0.171414
Benchmark Stats Training Round 53
W: 0.92, T: 0.00 (versus random)
W: 0.50, T: 0.00 (versus left)
W: 0.69, T: 0.00 (versus lvl1)
W: 0.26, T: 0.00 (versus lvl2)
Training round 53 completed in 2 minutes and 40 seconds.
Expected completion: 23:04 2020-05-17.
Training round 54 stats
Wins 0.39, Ties 0.00, Losses 0.61, Game Length 20.96 moves
Loss p1: 0.164130, Loss p2: 0.171455
Benchmark Stats Training Round 54
W: 0.87, T: 0.00 (versus random)
W: 1.00, T: 0.00 (versus left)
W: 0.57, T: 0.00 (versus lvl1)
W: 0.22, T: 0.00 (versus lvl2)
Training round 54 completed in 2 minutes and 46 seconds.
Expected completion: 23:09 2020-05-17.
Training round 55 stats
Wins 0.36, Ties 0.01, Losses 0.63, Game Length 21.04 moves
Loss p1: 0.175883, Loss p2: 0.170148
Benchmark Stats Training Round 55
W: 0.80, T: 0.00 (versus random)
W: 1.00, T: 0.00 (versus left)
W: 0.68, T: 0.00 (versus lvl1)
W: 0.27, T: 0.00 (versus lvl2)
Training round 55 completed in 2 minutes and 41 seconds.
Expected completion: 23:05 2020-05-17.
Training round 56 stats
Wins 0.41, Ties 0.01, Losses 0.58, Game Length 22.93 moves
Loss p1: 0.162831, Loss p2: 0.162387
Benchmark Stats Training Round 56
W: 0.86, T: 0.01 (versus random)
W: 0.50, T: 0.00 (versus left)
W: 0.65, T: 0.00 (versus lvl1)
W: 0.25, T: 0.02 (versus lvl2)
Training round 56 completed in 2 minutes and 51 seconds.
Expected completion: 23:12 2020-05-17.
Training round 57 stats
Wins 0.53, Ties 0.01, Losses 0.47, Game Length 22.66 moves
Loss p1: 0.154244, Loss p2: 0.151471
Benchmark Stats Training Round 57
W: 0.84, T: 0.01 (versus random)
W: 1.00, T: 0.00 (versus left)
W: 0.63, T: 0.00 (versus lvl1)
W: 0.33, T: 0.01 (versus lvl2)
Training round 57 completed in 2 minutes and 55 seconds.
Expected completion: 23:15 2020-05-17.
Training round 58 stats
Wins 0.45, Ties 0.01, Losses 0.53, Game Length 22.70 moves
Loss p1: 0.144532, Loss p2: 0.142747
Benchmark Stats Training Round 58
W: 0.92, T: 0.00 (versus random)
W: 0.50, T: 0.00 (versus left)
W: 0.78, T: 0.00 (versus lvl1)
W: 0.29, T: 0.00 (versus lvl2)
Training round 58 completed in 2 minutes and 46 seconds.
Expected completion: 23:09 2020-05-17.
Training round 59 stats
Wins 0.49, Ties 0.01, Losses 0.50, Game Length 22.09 moves
Loss p1: 0.157108, Loss p2: 0.161194
Benchmark Stats Training Round 59
W: 0.87, T: 0.00 (versus random)
W: 0.50, T: 0.00 (versus left)
W: 0.72, T: 0.00 (versus lvl1)
W: 0.33, T: 0.01 (versus lvl2)
Training round 59 completed in 2 minutes and 47 seconds.
Expected completion: 23:09 2020-05-17.
Training round 60 stats
Wins 0.50, Ties 0.01, Losses 0.49, Game Length 20.36 moves
Loss p1: 0.177850, Loss p2: 0.183506
Benchmark Stats Training Round 60
W: 0.74, T: 0.00 (versus random)
W: 0.00, T: 0.00 (versus left)
W: 0.53, T: 0.00 (versus lvl1)
W: 0.21, T: 0.00 (versus lvl2)
Training round 60 completed in 2 minutes and 38 seconds.
Expected completion: 23:03 2020-05-17.
Training round 61 stats
Wins 0.37, Ties 0.02, Losses 0.61, Game Length 23.33 moves
Loss p1: 0.142454, Loss p2: 0.138464
Benchmark Stats Training Round 61
W: 0.65, T: 0.02 (versus random)
W: 0.00, T: 0.00 (versus left)
W: 0.60, T: 0.00 (versus lvl1)
W: 0.25, T: 0.01 (versus lvl2)
Training round 61 completed in 2 minutes and 57 seconds.
Expected completion: 23:16 2020-05-17.
Training round 62 stats
Wins 0.57, Ties 0.01, Losses 0.42, Game Length 21.32 moves
Loss p1: 0.152586, Loss p2: 0.154478
Benchmark Stats Training Round 62
W: 0.86, T: 0.00 (versus random)
W: 0.50, T: 0.00 (versus left)
W: 0.75, T: 0.00 (versus lvl1)
W: 0.34, T: 0.03 (versus lvl2)
Training round 62 completed in 2 minutes and 43 seconds.
Expected completion: 23:07 2020-05-17.
Training round 63 stats
Wins 0.55, Ties 0.01, Losses 0.43, Game Length 21.57 moves
Loss p1: 0.148801, Loss p2: 0.154789
Benchmark Stats Training Round 63
W: 0.79, T: 0.00 (versus random)
W: 0.50, T: 0.00 (versus left)
W: 0.67, T: 0.00 (versus lvl1)
W: 0.25, T: 0.02 (versus lvl2)
Training round 63 completed in 2 minutes and 43 seconds.
Expected completion: 23:07 2020-05-17.
Training round 64 stats
Wins 0.58, Ties 0.01, Losses 0.41, Game Length 21.53 moves
Loss p1: 0.152420, Loss p2: 0.156692
Benchmark Stats Training Round 64
W: 0.78, T: 0.00 (versus random)
W: 0.00, T: 0.00 (versus left)
W: 0.65, T: 0.01 (versus lvl1)
W: 0.14, T: 0.01 (versus lvl2)
Training round 64 completed in 2 minutes and 42 seconds.
Expected completion: 23:06 2020-05-17.
Training round 65 stats
Wins 0.41, Ties 0.01, Losses 0.58, Game Length 21.91 moves
Loss p1: 0.172413, Loss p2: 0.168563
Benchmark Stats Training Round 65
W: 0.84, T: 0.00 (versus random)
W: 0.00, T: 0.00 (versus left)
W: 0.69, T: 0.00 (versus lvl1)
W: 0.26, T: 0.01 (versus lvl2)
Training round 65 completed in 2 minutes and 43 seconds.
Expected completion: 23:07 2020-05-17.
Training round 66 stats
Wins 0.57, Ties 0.02, Losses 0.41, Game Length 21.89 moves
Loss p1: 0.150474, Loss p2: 0.156177
Benchmark Stats Training Round 66
W: 0.90, T: 0.00 (versus random)
W: 0.00, T: 0.00 (versus left)
W: 0.75, T: 0.00 (versus lvl1)
W: 0.37, T: 0.02 (versus lvl2)
Training round 66 completed in 2 minutes and 46 seconds.
Expected completion: 23:09 2020-05-17.
Training round 67 stats
Wins 0.56, Ties 0.01, Losses 0.44, Game Length 21.39 moves
Loss p1: 0.151855, Loss p2: 0.159594
Benchmark Stats Training Round 67
W: 0.79, T: 0.00 (versus random)
W: 0.00, T: 0.00 (versus left)
W: 0.59, T: 0.00 (versus lvl1)
W: 0.29, T: 0.00 (versus lvl2)
Training round 67 completed in 2 minutes and 46 seconds.
Expected completion: 23:09 2020-05-17.
Training round 68 stats
Wins 0.52, Ties 0.01, Losses 0.47, Game Length 21.61 moves
Loss p1: 0.165362, Loss p2: 0.163758
Benchmark Stats Training Round 68
W: 0.80, T: 0.00 (versus random)
W: 0.00, T: 0.00 (versus left)
W: 0.58, T: 0.00 (versus lvl1)
W: 0.29, T: 0.01 (versus lvl2)
Training round 68 completed in 2 minutes and 47 seconds.
Expected completion: 23:09 2020-05-17.
Training round 69 stats
Wins 0.65, Ties 0.01, Losses 0.34, Game Length 20.89 moves
Loss p1: 0.157243, Loss p2: 0.161496
Benchmark Stats Training Round 69
W: 0.64, T: 0.01 (versus random)
W: 0.00, T: 0.00 (versus left)
W: 0.46, T: 0.00 (versus lvl1)
W: 0.18, T: 0.00 (versus lvl2)
Training round 69 completed in 2 minutes and 46 seconds.
Expected completion: 23:08 2020-05-17.
Training round 70 stats
Wins 0.45, Ties 0.01, Losses 0.54, Game Length 21.87 moves
Loss p1: 0.165072, Loss p2: 0.163547
Benchmark Stats Training Round 70
W: 0.73, T: 0.00 (versus random)
W: 0.00, T: 0.00 (versus left)
W: 0.57, T: 0.00 (versus lvl1)
W: 0.17, T: 0.00 (versus lvl2)
Training round 70 completed in 2 minutes and 49 seconds.
Expected completion: 23:10 2020-05-17.
Training round 71 stats
Wins 0.37, Ties 0.00, Losses 0.63, Game Length 20.01 moves
Loss p1: 0.153834, Loss p2: 0.154836
Benchmark Stats Training Round 71
W: 0.84, T: 0.01 (versus random)
W: 0.50, T: 0.00 (versus left)
W: 0.76, T: 0.00 (versus lvl1)
W: 0.28, T: 0.00 (versus lvl2)
Training round 71 completed in 2 minutes and 36 seconds.
Expected completion: 23:04 2020-05-17.
Training round 72 stats
Wins 0.41, Ties 0.01, Losses 0.58, Game Length 20.23 moves
Loss p1: 0.175910, Loss p2: 0.178736
Benchmark Stats Training Round 72
W: 0.80, T: 0.00 (versus random)
W: 0.50, T: 0.00 (versus left)
W: 0.57, T: 0.00 (versus lvl1)
W: 0.18, T: 0.01 (versus lvl2)
Training round 72 completed in 2 minutes and 40 seconds.
Expected completion: 23:05 2020-05-17.
Training round 73 stats
Wins 0.38, Ties 0.00, Losses 0.62, Game Length 20.50 moves
Loss p1: 0.179523, Loss p2: 0.177894
Benchmark Stats Training Round 73
W: 0.84, T: 0.00 (versus random)
W: 0.00, T: 0.00 (versus left)
W: 0.60, T: 0.00 (versus lvl1)
W: 0.18, T: 0.01 (versus lvl2)
Training round 73 completed in 2 minutes and 40 seconds.
Expected completion: 23:06 2020-05-17.
Training round 74 stats
Wins 0.38, Ties 0.00, Losses 0.62, Game Length 19.94 moves
Loss p1: 0.175786, Loss p2: 0.179190
Benchmark Stats Training Round 74
W: 0.67, T: 0.00 (versus random)
W: 1.00, T: 0.00 (versus left)
W: 0.58, T: 0.00 (versus lvl1)
W: 0.07, T: 0.01 (versus lvl2)
Training round 74 completed in 2 minutes and 36 seconds.
Expected completion: 23:04 2020-05-17.
Training round 75 stats
Wins 0.43, Ties 0.01, Losses 0.56, Game Length 19.92 moves
Loss p1: 0.174699, Loss p2: 0.176859
Benchmark Stats Training Round 75
W: 0.87, T: 0.00 (versus random)
W: 0.50, T: 0.00 (versus left)
W: 0.82, T: 0.00 (versus lvl1)
W: 0.28, T: 0.01 (versus lvl2)
Training round 75 completed in 2 minutes and 35 seconds.
Expected completion: 23:03 2020-05-17.
Training round 76 stats
Wins 0.52, Ties 0.01, Losses 0.47, Game Length 21.42 moves
Loss p1: 0.165706, Loss p2: 0.178736
Benchmark Stats Training Round 76
W: 0.84, T: 0.00 (versus random)
W: 0.00, T: 0.00 (versus left)
W: 0.72, T: 0.00 (versus lvl1)
W: 0.35, T: 0.02 (versus lvl2)
Training round 76 completed in 2 minutes and 44 seconds.
Expected completion: 23:07 2020-05-17.
Training round 77 stats
Wins 0.51, Ties 0.00, Losses 0.49, Game Length 19.98 moves
Loss p1: 0.145981, Loss p2: 0.147709
Benchmark Stats Training Round 77
W: 0.87, T: 0.00 (versus random)
W: 1.00, T: 0.00 (versus left)
W: 0.69, T: 0.00 (versus lvl1)
W: 0.31, T: 0.01 (versus lvl2)
Training round 77 completed in 2 minutes and 36 seconds.
Expected completion: 23:04 2020-05-17.
Training round 78 stats
Wins 0.46, Ties 0.01, Losses 0.54, Game Length 19.33 moves
Loss p1: 0.178192, Loss p2: 0.183681
Benchmark Stats Training Round 78
W: 0.81, T: 0.00 (versus random)
W: 1.00, T: 0.00 (versus left)
W: 0.68, T: 0.00 (versus lvl1)
W: 0.26, T: 0.00 (versus lvl2)
Training round 78 completed in 2 minutes and 34 seconds.
Expected completion: 23:03 2020-05-17.
Training round 79 stats
Wins 0.56, Ties 0.01, Losses 0.42, Game Length 21.28 moves
Loss p1: 0.175330, Loss p2: 0.179019
Benchmark Stats Training Round 79
W: 0.87, T: 0.00 (versus random)
W: 0.50, T: 0.00 (versus left)
W: 0.77, T: 0.00 (versus lvl1)
W: 0.28, T: 0.00 (versus lvl2)
Training round 79 completed in 2 minutes and 44 seconds.
Expected completion: 23:07 2020-05-17.
Training round 80 stats
Wins 0.42, Ties 0.01, Losses 0.57, Game Length 20.30 moves
Loss p1: 0.158397, Loss p2: 0.161310
Benchmark Stats Training Round 80
W: 0.67, T: 0.00 (versus random)
W: 1.00, T: 0.00 (versus left)
W: 0.71, T: 0.00 (versus lvl1)
W: 0.20, T: 0.01 (versus lvl2)
Training round 80 completed in 2 minutes and 38 seconds.
Expected completion: 23:05 2020-05-17.
Training round 81 stats
Wins 0.54, Ties 0.01, Losses 0.45, Game Length 21.68 moves
Loss p1: 0.165101, Loss p2: 0.174772
Benchmark Stats Training Round 81
W: 0.80, T: 0.00 (versus random)
W: 0.50, T: 0.00 (versus left)
W: 0.63, T: 0.00 (versus lvl1)
W: 0.15, T: 0.01 (versus lvl2)
Training round 81 completed in 2 minutes and 45 seconds.
Expected completion: 23:07 2020-05-17.
Training round 82 stats
Wins 0.51, Ties 0.01, Losses 0.48, Game Length 19.36 moves
Loss p1: 0.178307, Loss p2: 0.182936
Benchmark Stats Training Round 82
W: 0.86, T: 0.00 (versus random)
W: 1.00, T: 0.00 (versus left)
W: 0.70, T: 0.00 (versus lvl1)
W: 0.28, T: 0.03 (versus lvl2)
Training round 82 completed in 2 minutes and 31 seconds.
Expected completion: 23:03 2020-05-17.
Training round 83 stats
Wins 0.48, Ties 0.00, Losses 0.51, Game Length 20.29 moves
Loss p1: 0.170076, Loss p2: 0.173249
Benchmark Stats Training Round 83
W: 0.79, T: 0.00 (versus random)
W: 1.00, T: 0.00 (versus left)
W: 0.77, T: 0.00 (versus lvl1)
W: 0.27, T: 0.03 (versus lvl2)
Training round 83 completed in 2 minutes and 38 seconds.
Expected completion: 23:05 2020-05-17.
Training round 84 stats
Wins 0.54, Ties 0.01, Losses 0.45, Game Length 20.20 moves
Loss p1: 0.183059, Loss p2: 0.182211
Benchmark Stats Training Round 84
W: 0.79, T: 0.00 (versus random)
W: 0.00, T: 0.00 (versus left)
W: 0.66, T: 0.00 (versus lvl1)
W: 0.20, T: 0.01 (versus lvl2)
Training round 84 completed in 2 minutes and 37 seconds.
Expected completion: 23:04 2020-05-17.
Training round 85 stats
Wins 0.53, Ties 0.00, Losses 0.47, Game Length 19.66 moves
Loss p1: 0.166575, Loss p2: 0.172003
Benchmark Stats Training Round 85
W: 0.84, T: 0.00 (versus random)
W: 1.00, T: 0.00 (versus left)
W: 0.73, T: 0.00 (versus lvl1)
W: 0.19, T: 0.01 (versus lvl2)
Training round 85 completed in 2 minutes and 35 seconds.
Expected completion: 23:04 2020-05-17.
Training round 86 stats
Wins 0.32, Ties 0.00, Losses 0.68, Game Length 20.39 moves
Loss p1: 0.171173, Loss p2: 0.168415
Benchmark Stats Training Round 86
W: 0.76, T: 0.00 (versus random)
W: 1.00, T: 0.00 (versus left)
W: 0.64, T: 0.00 (versus lvl1)
W: 0.11, T: 0.00 (versus lvl2)
Training round 86 completed in 3 minutes and 3 seconds.
Expected completion: 23:11 2020-05-17.
Training round 87 stats
Wins 0.42, Ties 0.01, Losses 0.57, Game Length 22.33 moves
Loss p1: 0.167234, Loss p2: 0.170875
Benchmark Stats Training Round 87
W: 0.92, T: 0.00 (versus random)
W: 0.50, T: 0.00 (versus left)
W: 0.79, T: 0.00 (versus lvl1)
W: 0.26, T: 0.00 (versus lvl2)
Training round 87 completed in 4 minutes and 15 seconds.
Expected completion: 23:28 2020-05-17.
Training round 88 stats
Wins 0.47, Ties 0.01, Losses 0.52, Game Length 18.53 moves
Loss p1: 0.181129, Loss p2: 0.187938
Benchmark Stats Training Round 88
W: 0.82, T: 0.00 (versus random)
W: 0.50, T: 0.00 (versus left)
W: 0.61, T: 0.00 (versus lvl1)
W: 0.29, T: 0.01 (versus lvl2)
Training round 88 completed in 3 minutes and 48 seconds.
Expected completion: 23:22 2020-05-17.
Training round 89 stats
Wins 0.48, Ties 0.00, Losses 0.52, Game Length 18.24 moves
Loss p1: 0.161844, Loss p2: 0.163351
Benchmark Stats Training Round 89
W: 0.89, T: 0.00 (versus random)
W: 0.50, T: 0.00 (versus left)
W: 0.74, T: 0.00 (versus lvl1)
W: 0.17, T: 0.00 (versus lvl2)
Training round 89 completed in 3 minutes and 44 seconds.
Expected completion: 23:21 2020-05-17.
Training round 90 stats
Wins 0.42, Ties 0.01, Losses 0.58, Game Length 21.60 moves
Loss p1: 0.169457, Loss p2: 0.174609
Benchmark Stats Training Round 90
W: 0.87, T: 0.00 (versus random)
W: 0.50, T: 0.00 (versus left)
W: 0.72, T: 0.00 (versus lvl1)
W: 0.27, T: 0.03 (versus lvl2)
Training round 90 completed in 4 minutes and 12 seconds.
Expected completion: 23:26 2020-05-17.
Training round 91 stats
Wins 0.51, Ties 0.01, Losses 0.48, Game Length 20.42 moves
Loss p1: 0.166653, Loss p2: 0.168640
Benchmark Stats Training Round 91
W: 0.74, T: 0.00 (versus random)
W: 0.00, T: 0.00 (versus left)
W: 0.57, T: 0.00 (versus lvl1)
W: 0.15, T: 0.02 (versus lvl2)
Training round 91 completed in 4 minutes and 3 seconds.
Expected completion: 23:25 2020-05-17.
Training round 92 stats
Wins 0.53, Ties 0.01, Losses 0.46, Game Length 20.21 moves
Loss p1: 0.175358, Loss p2: 0.177635
Benchmark Stats Training Round 92
W: 0.81, T: 0.00 (versus random)
W: 0.00, T: 0.00 (versus left)
W: 0.61, T: 0.00 (versus lvl1)
W: 0.33, T: 0.02 (versus lvl2)
Training round 92 completed in 4 minutes and 6 seconds.
Expected completion: 23:25 2020-05-17.
Training round 93 stats
Wins 0.60, Ties 0.01, Losses 0.39, Game Length 20.61 moves
Loss p1: 0.170597, Loss p2: 0.170475
Benchmark Stats Training Round 93
W: 0.91, T: 0.00 (versus random)
W: 1.00, T: 0.00 (versus left)
W: 0.73, T: 0.00 (versus lvl1)
W: 0.26, T: 0.02 (versus lvl2)
Training round 93 completed in 3 minutes and 59 seconds.
Expected completion: 23:24 2020-05-17.
Training round 94 stats
Wins 0.51, Ties 0.02, Losses 0.47, Game Length 20.81 moves
Loss p1: 0.171411, Loss p2: 0.167833
Benchmark Stats Training Round 94
W: 0.80, T: 0.00 (versus random)
W: 0.50, T: 0.00 (versus left)
W: 0.68, T: 0.00 (versus lvl1)
W: 0.24, T: 0.00 (versus lvl2)
Training round 94 completed in 4 minutes and 9 seconds.
Expected completion: 23:25 2020-05-17.
Training round 95 stats
Wins 0.46, Ties 0.00, Losses 0.54, Game Length 20.45 moves
Loss p1: 0.176607, Loss p2: 0.169281
Benchmark Stats Training Round 95
W: 0.91, T: 0.00 (versus random)
W: 0.50, T: 0.00 (versus left)
W: 0.80, T: 0.00 (versus lvl1)
W: 0.20, T: 0.00 (versus lvl2)
Training round 95 completed in 3 minutes and 56 seconds.
Expected completion: 23:24 2020-05-17.
Training round 96 stats
Wins 0.41, Ties 0.01, Losses 0.59, Game Length 20.84 moves
Loss p1: 0.170468, Loss p2: 0.172781
Benchmark Stats Training Round 96
W: 0.76, T: 0.01 (versus random)
W: 0.50, T: 0.00 (versus left)
W: 0.55, T: 0.01 (versus lvl1)
W: 0.19, T: 0.03 (versus lvl2)
Training round 96 completed in 4 minutes and 18 seconds.
Expected completion: 23:26 2020-05-17.
Training round 97 stats
Wins 0.52, Ties 0.01, Losses 0.47, Game Length 19.19 moves
Loss p1: 0.160798, Loss p2: 0.159651
Benchmark Stats Training Round 97
W: 0.77, T: 0.01 (versus random)
W: 0.50, T: 0.00 (versus left)
W: 0.60, T: 0.00 (versus lvl1)
W: 0.19, T: 0.00 (versus lvl2)
Training round 97 completed in 3 minutes and 54 seconds.
Expected completion: 23:24 2020-05-17.
Training round 98 stats
Wins 0.40, Ties 0.00, Losses 0.60, Game Length 19.74 moves
Loss p1: 0.166419, Loss p2: 0.164254
Benchmark Stats Training Round 98
W: 0.92, T: 0.00 (versus random)
W: 0.50, T: 0.00 (versus left)
W: 0.86, T: 0.00 (versus lvl1)
W: 0.28, T: 0.00 (versus lvl2)
Training round 98 completed in 3 minutes and 60 seconds.
Expected completion: 23:25 2020-05-17.
Training round 99 stats
Wins 0.55, Ties 0.01, Losses 0.44, Game Length 18.26 moves
Loss p1: 0.177756, Loss p2: 0.194240
Benchmark Stats Training Round 99
W: 0.81, T: 0.00 (versus random)
W: 0.50, T: 0.00 (versus left)
W: 0.70, T: 0.00 (versus lvl1)
W: 0.20, T: 0.00 (versus lvl2)
Training round 99 completed in 3 minutes and 52 seconds.
Expected completion: 23:24 2020-05-17.
Training round 100 stats
Wins 0.36, Ties 0.00, Losses 0.64, Game Length 19.03 moves
Loss p1: 0.186034, Loss p2: 0.185846
Benchmark Stats Training Round 100
W: 0.87, T: 0.00 (versus random)
W: 0.50, T: 0.00 (versus left)
W: 0.79, T: 0.00 (versus lvl1)
W: 0.35, T: 0.00 (versus lvl2)
Training round 100 completed in 3 minutes and 46 seconds.
Expected completion: 23:24 2020-05-17.
