Training Neural Net on Connect 4
  self_play_batch_size: 1000
  benchmark_batch_size: 100
  training_rounds: 100
  memory_size: 1000
  network: D
  exploration: cte
  loss: MSE
  encoding: integer
  optimizer: Adam
  experience: yes

Benchmark Stats Training Round 0
W: 0.41, T: 0.00 (versus random)
W: 0.50, T: 0.00 (versus left)
W: 0.28, T: 0.00 (versus lvl1)
W: 0.03, T: 0.00 (versus lvl2)
Training round 1 stats
Wins 0.51, Ties 0.00, Losses 0.49, Game Length 19.86 moves
Loss p1: 0.151548, Loss p2: 0.156685
Benchmark Stats Training Round 1
W: 0.71, T: 0.00 (versus random)
W: 0.50, T: 0.00 (versus left)
W: 0.64, T: 0.00 (versus lvl1)
W: 0.18, T: 0.00 (versus lvl2)
Training round 1 completed in 2 minutes and 1 seconds.
Expected completion: 22:38 2020-05-19.
Training round 2 stats
Wins 0.50, Ties 0.00, Losses 0.50, Game Length 19.55 moves
Loss p1: 0.129593, Loss p2: 0.129413
Benchmark Stats Training Round 2
W: 0.91, T: 0.00 (versus random)
W: 0.50, T: 0.00 (versus left)
W: 0.74, T: 0.00 (versus lvl1)
W: 0.29, T: 0.00 (versus lvl2)
Training round 2 completed in 1 minutes and 59 seconds.
Expected completion: 22:35 2020-05-19.
Training round 3 stats
Wins 0.52, Ties 0.00, Losses 0.47, Game Length 19.17 moves
Loss p1: 0.123138, Loss p2: 0.123538
Benchmark Stats Training Round 3
W: 0.92, T: 0.00 (versus random)
W: 0.00, T: 0.00 (versus left)
W: 0.68, T: 0.00 (versus lvl1)
W: 0.33, T: 0.00 (versus lvl2)
Training round 3 completed in 1 minutes and 50 seconds.
Expected completion: 22:20 2020-05-19.
Training round 4 stats
Wins 0.49, Ties 0.00, Losses 0.51, Game Length 19.14 moves
Loss p1: 0.127180, Loss p2: 0.126375
Benchmark Stats Training Round 4
W: 0.76, T: 0.00 (versus random)
W: 0.00, T: 0.00 (versus left)
W: 0.56, T: 0.00 (versus lvl1)
W: 0.10, T: 0.00 (versus lvl2)
Training round 4 completed in 1 minutes and 58 seconds.
Expected completion: 22:33 2020-05-19.
Training round 5 stats
Wins 0.51, Ties 0.00, Losses 0.48, Game Length 19.33 moves
Loss p1: 0.127613, Loss p2: 0.132093
Benchmark Stats Training Round 5
W: 0.87, T: 0.00 (versus random)
W: 0.50, T: 0.00 (versus left)
W: 0.68, T: 0.00 (versus lvl1)
W: 0.41, T: 0.00 (versus lvl2)
Training round 5 completed in 1 minutes and 47 seconds.
Expected completion: 22:16 2020-05-19.
Training round 6 stats
Wins 0.52, Ties 0.00, Losses 0.48, Game Length 19.49 moves
Loss p1: 0.130391, Loss p2: 0.140468
Benchmark Stats Training Round 6
W: 0.82, T: 0.00 (versus random)
W: 0.50, T: 0.00 (versus left)
W: 0.56, T: 0.00 (versus lvl1)
W: 0.21, T: 0.00 (versus lvl2)
Training round 6 completed in 1 minutes and 52 seconds.
Expected completion: 22:24 2020-05-19.
Training round 7 stats
Wins 0.52, Ties 0.00, Losses 0.48, Game Length 19.47 moves
Loss p1: 0.130033, Loss p2: 0.133518
Benchmark Stats Training Round 7
W: 0.88, T: 0.00 (versus random)
W: 0.00, T: 0.00 (versus left)
W: 0.74, T: 0.00 (versus lvl1)
W: 0.26, T: 0.00 (versus lvl2)
Training round 7 completed in 1 minutes and 52 seconds.
Expected completion: 22:23 2020-05-19.
Training round 8 stats
Wins 0.48, Ties 0.00, Losses 0.52, Game Length 19.04 moves
Loss p1: 0.125331, Loss p2: 0.146822
Benchmark Stats Training Round 8
W: 0.89, T: 0.00 (versus random)
W: 0.50, T: 0.00 (versus left)
W: 0.75, T: 0.00 (versus lvl1)
W: 0.32, T: 0.01 (versus lvl2)
Training round 8 completed in 1 minutes and 58 seconds.
Expected completion: 22:32 2020-05-19.
Training round 9 stats
Wins 0.50, Ties 0.00, Losses 0.50, Game Length 19.12 moves
Loss p1: 0.133543, Loss p2: 0.134299
Benchmark Stats Training Round 9
W: 0.90, T: 0.00 (versus random)
W: 0.50, T: 0.00 (versus left)
W: 0.64, T: 0.00 (versus lvl1)
W: 0.13, T: 0.00 (versus lvl2)
Training round 9 completed in 1 minutes and 57 seconds.
Expected completion: 22:31 2020-05-19.
Training round 10 stats
Wins 0.49, Ties 0.00, Losses 0.51, Game Length 18.92 moves
Loss p1: 0.140347, Loss p2: 0.141508
Benchmark Stats Training Round 10
W: 0.83, T: 0.00 (versus random)
W: 0.50, T: 0.00 (versus left)
W: 0.58, T: 0.00 (versus lvl1)
W: 0.29, T: 0.03 (versus lvl2)
Training round 10 completed in 2 minutes and 1 seconds.
Expected completion: 22:37 2020-05-19.
Training round 11 stats
Wins 0.50, Ties 0.00, Losses 0.50, Game Length 19.12 moves
Loss p1: 0.137965, Loss p2: 0.142960
Benchmark Stats Training Round 11
W: 0.81, T: 0.00 (versus random)
W: 0.50, T: 0.00 (versus left)
W: 0.71, T: 0.00 (versus lvl1)
W: 0.29, T: 0.00 (versus lvl2)
Training round 11 completed in 1 minutes and 52 seconds.
Expected completion: 22:24 2020-05-19.
Training round 12 stats
Wins 0.51, Ties 0.00, Losses 0.49, Game Length 19.16 moves
Loss p1: 0.134816, Loss p2: 0.141583
Benchmark Stats Training Round 12
W: 0.91, T: 0.00 (versus random)
W: 0.50, T: 0.00 (versus left)
W: 0.79, T: 0.00 (versus lvl1)
W: 0.22, T: 0.00 (versus lvl2)
Training round 12 completed in 1 minutes and 52 seconds.
Expected completion: 22:24 2020-05-19.
Training round 13 stats
Wins 0.54, Ties 0.00, Losses 0.46, Game Length 18.97 moves
Loss p1: 0.133764, Loss p2: 0.139546
Benchmark Stats Training Round 13
W: 0.71, T: 0.01 (versus random)
W: 1.00, T: 0.00 (versus left)
W: 0.55, T: 0.01 (versus lvl1)
W: 0.17, T: 0.01 (versus lvl2)
Training round 13 completed in 2 minutes and 7 seconds.
Expected completion: 22:46 2020-05-19.
Training round 14 stats
Wins 0.48, Ties 0.00, Losses 0.52, Game Length 18.92 moves
Loss p1: 0.137505, Loss p2: 0.138147
Benchmark Stats Training Round 14
W: 0.74, T: 0.00 (versus random)
W: 0.00, T: 0.00 (versus left)
W: 0.58, T: 0.00 (versus lvl1)
W: 0.18, T: 0.01 (versus lvl2)
Training round 14 completed in 2 minutes and 2 seconds.
Expected completion: 22:38 2020-05-19.
Training round 15 stats
Wins 0.50, Ties 0.01, Losses 0.49, Game Length 19.20 moves
Loss p1: 0.138071, Loss p2: 0.141096
Benchmark Stats Training Round 15
W: 0.88, T: 0.00 (versus random)
W: 0.50, T: 0.00 (versus left)
W: 0.68, T: 0.00 (versus lvl1)
W: 0.26, T: 0.00 (versus lvl2)
Training round 15 completed in 2 minutes and 1 seconds.
Expected completion: 22:37 2020-05-19.
Training round 16 stats
Wins 0.53, Ties 0.00, Losses 0.47, Game Length 19.08 moves
Loss p1: 0.140278, Loss p2: 0.142222
Benchmark Stats Training Round 16
W: 0.88, T: 0.00 (versus random)
W: 0.00, T: 0.00 (versus left)
W: 0.73, T: 0.00 (versus lvl1)
W: 0.21, T: 0.00 (versus lvl2)
Training round 16 completed in 1 minutes and 58 seconds.
Expected completion: 22:32 2020-05-19.
Training round 17 stats
Wins 0.50, Ties 0.00, Losses 0.50, Game Length 19.21 moves
Loss p1: 0.136251, Loss p2: 0.143756
Benchmark Stats Training Round 17
W: 0.80, T: 0.00 (versus random)
W: 0.00, T: 0.00 (versus left)
W: 0.60, T: 0.00 (versus lvl1)
W: 0.18, T: 0.00 (versus lvl2)
Training round 17 completed in 1 minutes and 55 seconds.
Expected completion: 22:28 2020-05-19.
Training round 18 stats
Wins 0.51, Ties 0.00, Losses 0.49, Game Length 18.81 moves
Loss p1: 0.135373, Loss p2: 0.140249
Benchmark Stats Training Round 18
W: 0.86, T: 0.00 (versus random)
W: 0.50, T: 0.00 (versus left)
W: 0.72, T: 0.00 (versus lvl1)
W: 0.21, T: 0.01 (versus lvl2)
Training round 18 completed in 1 minutes and 55 seconds.
Expected completion: 22:28 2020-05-19.
Training round 19 stats
Wins 0.51, Ties 0.00, Losses 0.49, Game Length 19.24 moves
Loss p1: 0.141648, Loss p2: 0.141503
Benchmark Stats Training Round 19
W: 0.78, T: 0.01 (versus random)
W: 0.50, T: 0.00 (versus left)
W: 0.63, T: 0.00 (versus lvl1)
W: 0.20, T: 0.01 (versus lvl2)
Training round 19 completed in 1 minutes and 58 seconds.
Expected completion: 22:33 2020-05-19.
Training round 20 stats
Wins 0.51, Ties 0.00, Losses 0.49, Game Length 18.77 moves
Loss p1: 0.145625, Loss p2: 0.140671
Benchmark Stats Training Round 20
W: 0.83, T: 0.00 (versus random)
W: 0.00, T: 0.00 (versus left)
W: 0.63, T: 0.00 (versus lvl1)
W: 0.15, T: 0.00 (versus lvl2)
Training round 20 completed in 2 minutes and 3 seconds.
Expected completion: 22:40 2020-05-19.
Training round 21 stats
Wins 0.50, Ties 0.00, Losses 0.50, Game Length 19.15 moves
Loss p1: 0.149562, Loss p2: 0.148372
Benchmark Stats Training Round 21
W: 0.83, T: 0.00 (versus random)
W: 0.00, T: 0.00 (versus left)
W: 0.63, T: 0.00 (versus lvl1)
W: 0.28, T: 0.00 (versus lvl2)
Training round 21 completed in 1 minutes and 57 seconds.
Expected completion: 22:31 2020-05-19.
Training round 22 stats
Wins 0.52, Ties 0.00, Losses 0.48, Game Length 18.87 moves
Loss p1: 0.140313, Loss p2: 0.144473
Benchmark Stats Training Round 22
W: 0.86, T: 0.00 (versus random)
W: 0.50, T: 0.00 (versus left)
W: 0.63, T: 0.00 (versus lvl1)
W: 0.19, T: 0.00 (versus lvl2)
Training round 22 completed in 1 minutes and 54 seconds.
Expected completion: 22:28 2020-05-19.
Training round 23 stats
Wins 0.50, Ties 0.00, Losses 0.50, Game Length 19.23 moves
Loss p1: 0.147499, Loss p2: 0.143222
Benchmark Stats Training Round 23
W: 0.87, T: 0.00 (versus random)
W: 0.00, T: 0.00 (versus left)
W: 0.75, T: 0.00 (versus lvl1)
W: 0.27, T: 0.00 (versus lvl2)
Training round 23 completed in 1 minutes and 54 seconds.
Expected completion: 22:28 2020-05-19.
Training round 24 stats
Wins 0.50, Ties 0.00, Losses 0.50, Game Length 19.22 moves
Loss p1: 0.135995, Loss p2: 0.140318
Benchmark Stats Training Round 24
W: 0.78, T: 0.00 (versus random)
W: 1.00, T: 0.00 (versus left)
W: 0.65, T: 0.00 (versus lvl1)
W: 0.22, T: 0.00 (versus lvl2)
Training round 24 completed in 2 minutes and 2 seconds.
Expected completion: 22:38 2020-05-19.
Training round 25 stats
Wins 0.50, Ties 0.00, Losses 0.50, Game Length 19.02 moves
Loss p1: 0.140594, Loss p2: 0.144079
Benchmark Stats Training Round 25
W: 0.89, T: 0.00 (versus random)
W: 0.50, T: 0.00 (versus left)
W: 0.79, T: 0.00 (versus lvl1)
W: 0.33, T: 0.00 (versus lvl2)
Training round 25 completed in 1 minutes and 55 seconds.
Expected completion: 22:28 2020-05-19.
Training round 26 stats
Wins 0.51, Ties 0.00, Losses 0.49, Game Length 19.32 moves
Loss p1: 0.142959, Loss p2: 0.145925
Benchmark Stats Training Round 26
W: 0.84, T: 0.00 (versus random)
W: 0.50, T: 0.00 (versus left)
W: 0.77, T: 0.00 (versus lvl1)
W: 0.17, T: 0.00 (versus lvl2)
Training round 26 completed in 1 minutes and 56 seconds.
Expected completion: 22:30 2020-05-19.
Training round 27 stats
Wins 0.50, Ties 0.00, Losses 0.50, Game Length 19.25 moves
Loss p1: 0.154419, Loss p2: 0.146295
Benchmark Stats Training Round 27
W: 0.85, T: 0.01 (versus random)
W: 0.50, T: 0.00 (versus left)
W: 0.63, T: 0.00 (versus lvl1)
W: 0.20, T: 0.00 (versus lvl2)
Training round 27 completed in 1 minutes and 58 seconds.
Expected completion: 22:32 2020-05-19.
Training round 28 stats
Wins 0.49, Ties 0.00, Losses 0.51, Game Length 19.27 moves
Loss p1: 0.158688, Loss p2: 0.142164
Benchmark Stats Training Round 28
W: 0.77, T: 0.01 (versus random)
W: 0.50, T: 0.00 (versus left)
W: 0.53, T: 0.00 (versus lvl1)
W: 0.21, T: 0.00 (versus lvl2)
Training round 28 completed in 1 minutes and 59 seconds.
Expected completion: 22:34 2020-05-19.
Training round 29 stats
Wins 0.52, Ties 0.00, Losses 0.47, Game Length 19.29 moves
Loss p1: 0.158798, Loss p2: 0.148846
Benchmark Stats Training Round 29
W: 0.81, T: 0.00 (versus random)
W: 0.50, T: 0.00 (versus left)
W: 0.71, T: 0.00 (versus lvl1)
W: 0.19, T: 0.00 (versus lvl2)
Training round 29 completed in 2 minutes and 2 seconds.
Expected completion: 22:38 2020-05-19.
Training round 30 stats
Wins 0.48, Ties 0.00, Losses 0.52, Game Length 18.94 moves
Loss p1: 0.155115, Loss p2: 0.148230
Benchmark Stats Training Round 30
W: 0.87, T: 0.00 (versus random)
W: 0.50, T: 0.00 (versus left)
W: 0.59, T: 0.00 (versus lvl1)
W: 0.13, T: 0.00 (versus lvl2)
Training round 30 completed in 2 minutes and 4 seconds.
Expected completion: 22:39 2020-05-19.
Training round 31 stats
Wins 0.50, Ties 0.00, Losses 0.50, Game Length 18.91 moves
Loss p1: 0.157711, Loss p2: 0.150187
Benchmark Stats Training Round 31
W: 0.87, T: 0.00 (versus random)
W: 0.50, T: 0.00 (versus left)
W: 0.76, T: 0.00 (versus lvl1)
W: 0.31, T: 0.00 (versus lvl2)
Training round 31 completed in 1 minutes and 58 seconds.
Expected completion: 22:33 2020-05-19.
Training round 32 stats
Wins 0.52, Ties 0.00, Losses 0.48, Game Length 18.38 moves
Loss p1: 0.155330, Loss p2: 0.150095
Benchmark Stats Training Round 32
W: 0.90, T: 0.00 (versus random)
W: 0.50, T: 0.00 (versus left)
W: 0.81, T: 0.00 (versus lvl1)
W: 0.29, T: 0.00 (versus lvl2)
Training round 32 completed in 1 minutes and 53 seconds.
Expected completion: 22:26 2020-05-19.
Training round 33 stats
Wins 0.50, Ties 0.00, Losses 0.50, Game Length 19.15 moves
Loss p1: 0.156510, Loss p2: 0.143940
Benchmark Stats Training Round 33
W: 0.89, T: 0.00 (versus random)
W: 0.50, T: 0.00 (versus left)
W: 0.81, T: 0.00 (versus lvl1)
W: 0.19, T: 0.00 (versus lvl2)
Training round 33 completed in 1 minutes and 55 seconds.
Expected completion: 22:29 2020-05-19.
Training round 34 stats
Wins 0.48, Ties 0.00, Losses 0.52, Game Length 19.40 moves
Loss p1: 0.146064, Loss p2: 0.147570
Benchmark Stats Training Round 34
W: 0.81, T: 0.00 (versus random)
W: 0.50, T: 0.00 (versus left)
W: 0.70, T: 0.00 (versus lvl1)
W: 0.26, T: 0.00 (versus lvl2)
Training round 34 completed in 2 minutes and 1 seconds.
Expected completion: 22:36 2020-05-19.
Training round 35 stats
Wins 0.51, Ties 0.00, Losses 0.49, Game Length 19.11 moves
Loss p1: 0.157505, Loss p2: 0.153964
Benchmark Stats Training Round 35
W: 0.89, T: 0.00 (versus random)
W: 0.50, T: 0.00 (versus left)
W: 0.68, T: 0.00 (versus lvl1)
W: 0.27, T: 0.01 (versus lvl2)
Training round 35 completed in 1 minutes and 59 seconds.
Expected completion: 22:33 2020-05-19.
Training round 36 stats
Wins 0.49, Ties 0.00, Losses 0.51, Game Length 19.02 moves
Loss p1: 0.156952, Loss p2: 0.155622
Benchmark Stats Training Round 36
W: 0.88, T: 0.00 (versus random)
W: 0.50, T: 0.00 (versus left)
W: 0.75, T: 0.00 (versus lvl1)
W: 0.27, T: 0.00 (versus lvl2)
Training round 36 completed in 1 minutes and 51 seconds.
Expected completion: 22:25 2020-05-19.
Training round 37 stats
Wins 0.50, Ties 0.00, Losses 0.50, Game Length 18.69 moves
Loss p1: 0.162889, Loss p2: 0.148978
Benchmark Stats Training Round 37
W: 0.89, T: 0.00 (versus random)
W: 1.00, T: 0.00 (versus left)
W: 0.77, T: 0.00 (versus lvl1)
W: 0.20, T: 0.00 (versus lvl2)
Training round 37 completed in 1 minutes and 49 seconds.
Expected completion: 22:22 2020-05-19.
Training round 38 stats
Wins 0.49, Ties 0.00, Losses 0.51, Game Length 19.00 moves
Loss p1: 0.149109, Loss p2: 0.152239
Benchmark Stats Training Round 38
W: 0.93, T: 0.00 (versus random)
W: 0.50, T: 0.00 (versus left)
W: 0.65, T: 0.00 (versus lvl1)
W: 0.32, T: 0.00 (versus lvl2)
Training round 38 completed in 1 minutes and 53 seconds.
Expected completion: 22:27 2020-05-19.
Training round 39 stats
Wins 0.48, Ties 0.00, Losses 0.52, Game Length 18.97 moves
Loss p1: 0.161474, Loss p2: 0.156226
Benchmark Stats Training Round 39
W: 0.80, T: 0.00 (versus random)
W: 0.50, T: 0.00 (versus left)
W: 0.68, T: 0.00 (versus lvl1)
W: 0.22, T: 0.00 (versus lvl2)
Training round 39 completed in 1 minutes and 50 seconds.
Expected completion: 22:24 2020-05-19.
Training round 40 stats
Wins 0.47, Ties 0.00, Losses 0.53, Game Length 18.55 moves
Loss p1: 0.155416, Loss p2: 0.155170
Benchmark Stats Training Round 40
W: 0.90, T: 0.00 (versus random)
W: 0.50, T: 0.00 (versus left)
W: 0.66, T: 0.00 (versus lvl1)
W: 0.21, T: 0.00 (versus lvl2)
Training round 40 completed in 1 minutes and 53 seconds.
Expected completion: 22:27 2020-05-19.
Training round 41 stats
Wins 0.52, Ties 0.00, Losses 0.48, Game Length 18.87 moves
Loss p1: 0.157936, Loss p2: 0.150790
Benchmark Stats Training Round 41
W: 0.96, T: 0.00 (versus random)
W: 0.50, T: 0.00 (versus left)
W: 0.84, T: 0.00 (versus lvl1)
W: 0.36, T: 0.00 (versus lvl2)
Training round 41 completed in 1 minutes and 51 seconds.
Expected completion: 22:25 2020-05-19.
Training round 42 stats
Wins 0.51, Ties 0.00, Losses 0.49, Game Length 18.48 moves
Loss p1: 0.169090, Loss p2: 0.156103
Benchmark Stats Training Round 42
W: 0.83, T: 0.00 (versus random)
W: 1.00, T: 0.00 (versus left)
W: 0.75, T: 0.00 (versus lvl1)
W: 0.34, T: 0.01 (versus lvl2)
Training round 42 completed in 1 minutes and 49 seconds.
Expected completion: 22:23 2020-05-19.
Training round 43 stats
Wins 0.48, Ties 0.00, Losses 0.52, Game Length 18.94 moves
Loss p1: 0.170151, Loss p2: 0.155772
Benchmark Stats Training Round 43
W: 0.92, T: 0.00 (versus random)
W: 0.50, T: 0.00 (versus left)
W: 0.75, T: 0.00 (versus lvl1)
W: 0.20, T: 0.00 (versus lvl2)
Training round 43 completed in 1 minutes and 51 seconds.
Expected completion: 22:25 2020-05-19.
Training round 44 stats
Wins 0.53, Ties 0.00, Losses 0.47, Game Length 18.72 moves
Loss p1: 0.165334, Loss p2: 0.154877
Benchmark Stats Training Round 44
W: 0.96, T: 0.00 (versus random)
W: 1.00, T: 0.00 (versus left)
W: 0.90, T: 0.00 (versus lvl1)
W: 0.24, T: 0.01 (versus lvl2)
Training round 44 completed in 1 minutes and 50 seconds.
Expected completion: 22:24 2020-05-19.
Training round 45 stats
Wins 0.49, Ties 0.00, Losses 0.51, Game Length 18.87 moves
Loss p1: 0.176099, Loss p2: 0.160152
Benchmark Stats Training Round 45
W: 0.88, T: 0.00 (versus random)
W: 0.50, T: 0.00 (versus left)
W: 0.75, T: 0.00 (versus lvl1)
W: 0.30, T: 0.00 (versus lvl2)
Training round 45 completed in 1 minutes and 56 seconds.
Expected completion: 22:30 2020-05-19.
Training round 46 stats
Wins 0.53, Ties 0.00, Losses 0.47, Game Length 18.96 moves
Loss p1: 0.172224, Loss p2: 0.156169
Benchmark Stats Training Round 46
W: 0.83, T: 0.00 (versus random)
W: 0.50, T: 0.00 (versus left)
W: 0.66, T: 0.00 (versus lvl1)
W: 0.18, T: 0.00 (versus lvl2)
Training round 46 completed in 2 minutes and 2 seconds.
Expected completion: 22:35 2020-05-19.
Training round 47 stats
Wins 0.52, Ties 0.00, Losses 0.48, Game Length 18.94 moves
Loss p1: 0.170456, Loss p2: 0.156011
Benchmark Stats Training Round 47
W: 0.90, T: 0.00 (versus random)
W: 0.50, T: 0.00 (versus left)
W: 0.75, T: 0.00 (versus lvl1)
W: 0.19, T: 0.00 (versus lvl2)
Training round 47 completed in 1 minutes and 49 seconds.
Expected completion: 22:23 2020-05-19.
Training round 48 stats
Wins 0.51, Ties 0.00, Losses 0.49, Game Length 18.56 moves
Loss p1: 0.175863, Loss p2: 0.160890
Benchmark Stats Training Round 48
W: 0.87, T: 0.00 (versus random)
W: 0.50, T: 0.00 (versus left)
W: 0.74, T: 0.00 (versus lvl1)
W: 0.29, T: 0.00 (versus lvl2)
Training round 48 completed in 1 minutes and 54 seconds.
Expected completion: 22:28 2020-05-19.
Training round 49 stats
Wins 0.51, Ties 0.00, Losses 0.49, Game Length 18.80 moves
Loss p1: 0.176090, Loss p2: 0.161489
Benchmark Stats Training Round 49
W: 0.91, T: 0.00 (versus random)
W: 0.50, T: 0.00 (versus left)
W: 0.69, T: 0.01 (versus lvl1)
W: 0.19, T: 0.00 (versus lvl2)
Training round 49 completed in 1 minutes and 54 seconds.
Expected completion: 22:28 2020-05-19.
Training round 50 stats
Wins 0.50, Ties 0.00, Losses 0.50, Game Length 19.05 moves
Loss p1: 0.171474, Loss p2: 0.167759
Benchmark Stats Training Round 50
W: 0.87, T: 0.00 (versus random)
W: 0.50, T: 0.00 (versus left)
W: 0.78, T: 0.00 (versus lvl1)
W: 0.21, T: 0.00 (versus lvl2)
Training round 50 completed in 1 minutes and 51 seconds.
Expected completion: 22:25 2020-05-19.
Training round 51 stats
Wins 0.50, Ties 0.00, Losses 0.49, Game Length 18.39 moves
Loss p1: 0.174585, Loss p2: 0.169204
Benchmark Stats Training Round 51
W: 0.91, T: 0.00 (versus random)
W: 0.50, T: 0.00 (versus left)
W: 0.74, T: 0.00 (versus lvl1)
W: 0.41, T: 0.00 (versus lvl2)
Training round 51 completed in 1 minutes and 54 seconds.
Expected completion: 22:27 2020-05-19.
Training round 52 stats
Wins 0.55, Ties 0.00, Losses 0.45, Game Length 18.90 moves
Loss p1: 0.172345, Loss p2: 0.163602
Benchmark Stats Training Round 52
W: 0.91, T: 0.00 (versus random)
W: 0.50, T: 0.00 (versus left)
W: 0.82, T: 0.00 (versus lvl1)
W: 0.29, T: 0.00 (versus lvl2)
Training round 52 completed in 1 minutes and 54 seconds.
Expected completion: 22:28 2020-05-19.
Training round 53 stats
Wins 0.49, Ties 0.00, Losses 0.51, Game Length 18.27 moves
Loss p1: 0.178286, Loss p2: 0.166375
Benchmark Stats Training Round 53
W: 0.90, T: 0.00 (versus random)
W: 0.50, T: 0.00 (versus left)
W: 0.82, T: 0.00 (versus lvl1)
W: 0.29, T: 0.00 (versus lvl2)
Training round 53 completed in 1 minutes and 51 seconds.
Expected completion: 22:26 2020-05-19.
Training round 54 stats
Wins 0.49, Ties 0.00, Losses 0.51, Game Length 18.43 moves
Loss p1: 0.172448, Loss p2: 0.162734
Benchmark Stats Training Round 54
W: 0.95, T: 0.00 (versus random)
W: 0.50, T: 0.00 (versus left)
W: 0.79, T: 0.00 (versus lvl1)
W: 0.31, T: 0.00 (versus lvl2)
Training round 54 completed in 1 minutes and 50 seconds.
Expected completion: 22:25 2020-05-19.
Training round 55 stats
Wins 0.50, Ties 0.00, Losses 0.50, Game Length 18.82 moves
Loss p1: 0.171097, Loss p2: 0.168382
Benchmark Stats Training Round 55
W: 0.90, T: 0.00 (versus random)
W: 0.50, T: 0.00 (versus left)
W: 0.89, T: 0.00 (versus lvl1)
W: 0.50, T: 0.00 (versus lvl2)
Training round 55 completed in 1 minutes and 49 seconds.
Expected completion: 22:24 2020-05-19.
Training round 56 stats
Wins 0.51, Ties 0.00, Losses 0.49, Game Length 18.71 moves
Loss p1: 0.177351, Loss p2: 0.172809
Benchmark Stats Training Round 56
W: 0.95, T: 0.00 (versus random)
W: 0.50, T: 0.00 (versus left)
W: 0.83, T: 0.00 (versus lvl1)
W: 0.38, T: 0.01 (versus lvl2)
Training round 56 completed in 1 minutes and 47 seconds.
Expected completion: 22:22 2020-05-19.
Training round 57 stats
Wins 0.50, Ties 0.00, Losses 0.50, Game Length 18.89 moves
Loss p1: 0.172370, Loss p2: 0.180301
Benchmark Stats Training Round 57
W: 0.88, T: 0.00 (versus random)
W: 1.00, T: 0.00 (versus left)
W: 0.76, T: 0.00 (versus lvl1)
W: 0.19, T: 0.00 (versus lvl2)
Training round 57 completed in 1 minutes and 54 seconds.
Expected completion: 22:27 2020-05-19.
Training round 58 stats
Wins 0.53, Ties 0.00, Losses 0.47, Game Length 18.92 moves
Loss p1: 0.182317, Loss p2: 0.171155
Benchmark Stats Training Round 58
W: 0.96, T: 0.00 (versus random)
W: 1.00, T: 0.00 (versus left)
W: 0.93, T: 0.00 (versus lvl1)
W: 0.31, T: 0.01 (versus lvl2)
Training round 58 completed in 1 minutes and 57 seconds.
Expected completion: 22:30 2020-05-19.
Training round 59 stats
Wins 0.52, Ties 0.00, Losses 0.48, Game Length 18.56 moves
Loss p1: 0.190204, Loss p2: 0.175489
Benchmark Stats Training Round 59
W: 0.90, T: 0.00 (versus random)
W: 0.50, T: 0.00 (versus left)
W: 0.75, T: 0.00 (versus lvl1)
W: 0.21, T: 0.00 (versus lvl2)
Training round 59 completed in 1 minutes and 58 seconds.
Expected completion: 22:30 2020-05-19.
Training round 60 stats
Wins 0.53, Ties 0.00, Losses 0.47, Game Length 18.55 moves
Loss p1: 0.175584, Loss p2: 0.175049
Benchmark Stats Training Round 60
W: 0.92, T: 0.00 (versus random)
W: 0.00, T: 0.00 (versus left)
W: 0.79, T: 0.00 (versus lvl1)
W: 0.33, T: 0.00 (versus lvl2)
Training round 60 completed in 1 minutes and 53 seconds.
Expected completion: 22:27 2020-05-19.
Training round 61 stats
Wins 0.52, Ties 0.00, Losses 0.48, Game Length 18.61 moves
Loss p1: 0.192054, Loss p2: 0.179141
Benchmark Stats Training Round 61
W: 0.93, T: 0.00 (versus random)
W: 0.50, T: 0.00 (versus left)
W: 0.75, T: 0.00 (versus lvl1)
W: 0.31, T: 0.00 (versus lvl2)
Training round 61 completed in 1 minutes and 55 seconds.
Expected completion: 22:28 2020-05-19.
Training round 62 stats
Wins 0.51, Ties 0.00, Losses 0.48, Game Length 18.38 moves
Loss p1: 0.181755, Loss p2: 0.181315
Benchmark Stats Training Round 62
W: 0.90, T: 0.00 (versus random)
W: 0.50, T: 0.00 (versus left)
W: 0.69, T: 0.00 (versus lvl1)
W: 0.46, T: 0.02 (versus lvl2)
Training round 62 completed in 1 minutes and 52 seconds.
Expected completion: 22:26 2020-05-19.
Training round 63 stats
Wins 0.54, Ties 0.00, Losses 0.46, Game Length 18.41 moves
Loss p1: 0.184363, Loss p2: 0.174174
Benchmark Stats Training Round 63
W: 0.96, T: 0.00 (versus random)
W: 0.50, T: 0.00 (versus left)
W: 0.88, T: 0.00 (versus lvl1)
W: 0.37, T: 0.00 (versus lvl2)
Training round 63 completed in 1 minutes and 54 seconds.
Expected completion: 22:27 2020-05-19.
Training round 64 stats
Wins 0.51, Ties 0.00, Losses 0.49, Game Length 18.39 moves
Loss p1: 0.192990, Loss p2: 0.181207
Benchmark Stats Training Round 64
W: 0.94, T: 0.00 (versus random)
W: 0.50, T: 0.00 (versus left)
W: 0.86, T: 0.00 (versus lvl1)
W: 0.47, T: 0.00 (versus lvl2)
Training round 64 completed in 2 minutes and 27 seconds.
Expected completion: 22:48 2020-05-19.
Training round 65 stats
Wins 0.53, Ties 0.00, Losses 0.47, Game Length 18.54 moves
Loss p1: 0.190470, Loss p2: 0.176639
Benchmark Stats Training Round 65
W: 0.90, T: 0.00 (versus random)
W: 0.50, T: 0.00 (versus left)
W: 0.81, T: 0.00 (versus lvl1)
W: 0.30, T: 0.00 (versus lvl2)
Training round 65 completed in 3 minutes and 39 seconds.
Expected completion: 23:31 2020-05-19.
Training round 66 stats
Wins 0.48, Ties 0.00, Losses 0.51, Game Length 18.68 moves
Loss p1: 0.184684, Loss p2: 0.171281
Benchmark Stats Training Round 66
W: 0.89, T: 0.00 (versus random)
W: 0.50, T: 0.00 (versus left)
W: 0.72, T: 0.00 (versus lvl1)
W: 0.20, T: 0.01 (versus lvl2)
Training round 66 completed in 3 minutes and 53 seconds.
Expected completion: 23:39 2020-05-19.
Training round 67 stats
Wins 0.50, Ties 0.00, Losses 0.50, Game Length 18.32 moves
Loss p1: 0.194286, Loss p2: 0.185678
Benchmark Stats Training Round 67
W: 0.89, T: 0.00 (versus random)
W: 0.50, T: 0.00 (versus left)
W: 0.78, T: 0.00 (versus lvl1)
W: 0.30, T: 0.01 (versus lvl2)
Training round 67 completed in 3 minutes and 43 seconds.
Expected completion: 23:34 2020-05-19.
Training round 68 stats
Wins 0.51, Ties 0.00, Losses 0.49, Game Length 18.28 moves
Loss p1: 0.181857, Loss p2: 0.179147
Benchmark Stats Training Round 68
W: 0.86, T: 0.00 (versus random)
W: 1.00, T: 0.00 (versus left)
W: 0.79, T: 0.00 (versus lvl1)
W: 0.26, T: 0.01 (versus lvl2)
Training round 68 completed in 3 minutes and 39 seconds.
Expected completion: 23:32 2020-05-19.
Training round 69 stats
Wins 0.49, Ties 0.00, Losses 0.51, Game Length 18.57 moves
Loss p1: 0.191641, Loss p2: 0.181510
Benchmark Stats Training Round 69
W: 0.87, T: 0.00 (versus random)
W: 0.50, T: 0.00 (versus left)
W: 0.71, T: 0.00 (versus lvl1)
W: 0.32, T: 0.00 (versus lvl2)
Training round 69 completed in 3 minutes and 60 seconds.
Expected completion: 23:42 2020-05-19.
Training round 70 stats
Wins 0.50, Ties 0.01, Losses 0.49, Game Length 18.87 moves
Loss p1: 0.187065, Loss p2: 0.179513
Benchmark Stats Training Round 70
W: 0.91, T: 0.00 (versus random)
W: 0.50, T: 0.00 (versus left)
W: 0.82, T: 0.00 (versus lvl1)
W: 0.21, T: 0.00 (versus lvl2)
Training round 70 completed in 3 minutes and 51 seconds.
Expected completion: 23:38 2020-05-19.
Training round 71 stats
Wins 0.51, Ties 0.00, Losses 0.49, Game Length 18.11 moves
Loss p1: 0.198801, Loss p2: 0.194065
Benchmark Stats Training Round 71
W: 0.94, T: 0.00 (versus random)
W: 0.50, T: 0.00 (versus left)
W: 0.84, T: 0.00 (versus lvl1)
W: 0.34, T: 0.00 (versus lvl2)
Training round 71 completed in 3 minutes and 41 seconds.
Expected completion: 23:33 2020-05-19.
Training round 72 stats
Wins 0.50, Ties 0.00, Losses 0.49, Game Length 18.72 moves
Loss p1: 0.193947, Loss p2: 0.187645
Benchmark Stats Training Round 72
W: 0.96, T: 0.00 (versus random)
W: 0.50, T: 0.00 (versus left)
W: 0.86, T: 0.00 (versus lvl1)
W: 0.36, T: 0.00 (versus lvl2)
Training round 72 completed in 3 minutes and 40 seconds.
Expected completion: 23:32 2020-05-19.
Training round 73 stats
Wins 0.52, Ties 0.00, Losses 0.48, Game Length 18.47 moves
Loss p1: 0.201298, Loss p2: 0.191700
Benchmark Stats Training Round 73
W: 0.89, T: 0.00 (versus random)
W: 0.50, T: 0.00 (versus left)
W: 0.88, T: 0.00 (versus lvl1)
W: 0.43, T: 0.00 (versus lvl2)
Training round 73 completed in 3 minutes and 47 seconds.
Expected completion: 23:36 2020-05-19.
Training round 74 stats
Wins 0.52, Ties 0.00, Losses 0.48, Game Length 18.39 moves
Loss p1: 0.202238, Loss p2: 0.188753
Benchmark Stats Training Round 74
W: 0.95, T: 0.00 (versus random)
W: 0.50, T: 0.00 (versus left)
W: 0.85, T: 0.00 (versus lvl1)
W: 0.40, T: 0.01 (versus lvl2)
Training round 74 completed in 3 minutes and 51 seconds.
Expected completion: 23:38 2020-05-19.
Training round 75 stats
Wins 0.50, Ties 0.01, Losses 0.49, Game Length 18.54 moves
Loss p1: 0.198462, Loss p2: 0.182362
Benchmark Stats Training Round 75
W: 0.95, T: 0.00 (versus random)
W: 0.50, T: 0.00 (versus left)
W: 0.84, T: 0.00 (versus lvl1)
W: 0.44, T: 0.00 (versus lvl2)
Training round 75 completed in 3 minutes and 37 seconds.
Expected completion: 23:31 2020-05-19.
Training round 76 stats
Wins 0.48, Ties 0.00, Losses 0.52, Game Length 18.74 moves
Loss p1: 0.197814, Loss p2: 0.187799
Benchmark Stats Training Round 76
W: 0.94, T: 0.00 (versus random)
W: 0.50, T: 0.00 (versus left)
W: 0.83, T: 0.00 (versus lvl1)
W: 0.26, T: 0.01 (versus lvl2)
Training round 76 completed in 3 minutes and 42 seconds.
Expected completion: 23:33 2020-05-19.
Training round 77 stats
Wins 0.50, Ties 0.00, Losses 0.50, Game Length 18.59 moves
Loss p1: 0.197854, Loss p2: 0.192843
Benchmark Stats Training Round 77
W: 0.93, T: 0.00 (versus random)
W: 0.50, T: 0.00 (versus left)
W: 0.84, T: 0.00 (versus lvl1)
W: 0.34, T: 0.01 (versus lvl2)
Training round 77 completed in 3 minutes and 41 seconds.
Expected completion: 23:33 2020-05-19.
Training round 78 stats
Wins 0.47, Ties 0.00, Losses 0.53, Game Length 18.30 moves
Loss p1: 0.191701, Loss p2: 0.194374
Benchmark Stats Training Round 78
W: 0.93, T: 0.00 (versus random)
W: 0.50, T: 0.00 (versus left)
W: 0.85, T: 0.00 (versus lvl1)
W: 0.35, T: 0.01 (versus lvl2)
Training round 78 completed in 3 minutes and 53 seconds.
Expected completion: 23:38 2020-05-19.
Training round 79 stats
Wins 0.49, Ties 0.00, Losses 0.51, Game Length 18.42 moves
Loss p1: 0.191253, Loss p2: 0.187963
Benchmark Stats Training Round 79
W: 0.94, T: 0.00 (versus random)
W: 0.50, T: 0.00 (versus left)
W: 0.85, T: 0.00 (versus lvl1)
W: 0.32, T: 0.00 (versus lvl2)
Training round 79 completed in 3 minutes and 45 seconds.
Expected completion: 23:35 2020-05-19.
Training round 80 stats
Wins 0.53, Ties 0.00, Losses 0.47, Game Length 18.10 moves
Loss p1: 0.201780, Loss p2: 0.196526
Benchmark Stats Training Round 80
W: 0.96, T: 0.00 (versus random)
W: 0.50, T: 0.00 (versus left)
W: 0.84, T: 0.00 (versus lvl1)
W: 0.37, T: 0.00 (versus lvl2)
Training round 80 completed in 3 minutes and 22 seconds.
Expected completion: 23:27 2020-05-19.
Training round 81 stats
Wins 0.47, Ties 0.00, Losses 0.53, Game Length 18.77 moves
Loss p1: 0.205459, Loss p2: 0.212750
Benchmark Stats Training Round 81
W: 0.86, T: 0.01 (versus random)
W: 0.50, T: 0.00 (versus left)
W: 0.78, T: 0.00 (versus lvl1)
W: 0.46, T: 0.00 (versus lvl2)
Training round 81 completed in 3 minutes and 42 seconds.
Expected completion: 23:33 2020-05-19.
Training round 82 stats
Wins 0.50, Ties 0.00, Losses 0.50, Game Length 18.54 moves
Loss p1: 0.198064, Loss p2: 0.189278
Benchmark Stats Training Round 82
W: 0.94, T: 0.00 (versus random)
W: 1.00, T: 0.00 (versus left)
W: 0.90, T: 0.00 (versus lvl1)
W: 0.44, T: 0.01 (versus lvl2)
Training round 82 completed in 3 minutes and 39 seconds.
Expected completion: 23:32 2020-05-19.
Training round 83 stats
Wins 0.51, Ties 0.00, Losses 0.49, Game Length 18.22 moves
Loss p1: 0.197178, Loss p2: 0.200404
Benchmark Stats Training Round 83
W: 0.96, T: 0.00 (versus random)
W: 0.50, T: 0.00 (versus left)
W: 0.84, T: 0.00 (versus lvl1)
W: 0.43, T: 0.00 (versus lvl2)
Training round 83 completed in 3 minutes and 34 seconds.
Expected completion: 23:31 2020-05-19.
Training round 84 stats
Wins 0.51, Ties 0.00, Losses 0.49, Game Length 18.60 moves
Loss p1: 0.189801, Loss p2: 0.195734
Benchmark Stats Training Round 84
W: 0.93, T: 0.01 (versus random)
W: 0.50, T: 0.00 (versus left)
W: 0.81, T: 0.00 (versus lvl1)
W: 0.39, T: 0.01 (versus lvl2)
Training round 84 completed in 3 minutes and 54 seconds.
Expected completion: 23:36 2020-05-19.
Training round 85 stats
Wins 0.51, Ties 0.00, Losses 0.48, Game Length 18.96 moves
Loss p1: 0.193576, Loss p2: 0.195335
Benchmark Stats Training Round 85
W: 0.94, T: 0.00 (versus random)
W: 0.50, T: 0.00 (versus left)
W: 0.88, T: 0.00 (versus lvl1)
W: 0.48, T: 0.01 (versus lvl2)
Training round 85 completed in 3 minutes and 40 seconds.
Expected completion: 23:33 2020-05-19.
Training round 86 stats
Wins 0.51, Ties 0.00, Losses 0.49, Game Length 18.49 moves
Loss p1: 0.198977, Loss p2: 0.205790
Benchmark Stats Training Round 86
W: 0.90, T: 0.00 (versus random)
W: 1.00, T: 0.00 (versus left)
W: 0.86, T: 0.00 (versus lvl1)
W: 0.42, T: 0.01 (versus lvl2)
Training round 86 completed in 3 minutes and 39 seconds.
Expected completion: 23:33 2020-05-19.
Training round 87 stats
Wins 0.52, Ties 0.00, Losses 0.48, Game Length 18.12 moves
Loss p1: 0.198464, Loss p2: 0.194706
Benchmark Stats Training Round 87
W: 0.97, T: 0.00 (versus random)
W: 1.00, T: 0.00 (versus left)
W: 0.90, T: 0.00 (versus lvl1)
W: 0.48, T: 0.01 (versus lvl2)
Training round 87 completed in 3 minutes and 24 seconds.
Expected completion: 23:29 2020-05-19.
Training round 88 stats
Wins 0.51, Ties 0.00, Losses 0.49, Game Length 18.16 moves
Loss p1: 0.196462, Loss p2: 0.193909
Benchmark Stats Training Round 88
W: 0.90, T: 0.00 (versus random)
W: 0.50, T: 0.00 (versus left)
W: 0.79, T: 0.01 (versus lvl1)
W: 0.17, T: 0.01 (versus lvl2)
Training round 88 completed in 3 minutes and 37 seconds.
Expected completion: 23:32 2020-05-19.
Training round 89 stats
Wins 0.51, Ties 0.00, Losses 0.48, Game Length 18.70 moves
Loss p1: 0.201422, Loss p2: 0.189335
Benchmark Stats Training Round 89
W: 0.95, T: 0.00 (versus random)
W: 1.00, T: 0.00 (versus left)
W: 0.88, T: 0.00 (versus lvl1)
W: 0.44, T: 0.00 (versus lvl2)
Training round 89 completed in 3 minutes and 36 seconds.
Expected completion: 23:32 2020-05-19.
Training round 90 stats
Wins 0.50, Ties 0.00, Losses 0.50, Game Length 17.87 moves
Loss p1: 0.210377, Loss p2: 0.205154
Benchmark Stats Training Round 90
W: 0.99, T: 0.00 (versus random)
W: 0.50, T: 0.00 (versus left)
W: 0.85, T: 0.00 (versus lvl1)
W: 0.26, T: 0.00 (versus lvl2)
Training round 90 completed in 3 minutes and 48 seconds.
Expected completion: 23:34 2020-05-19.
Training round 91 stats
Wins 0.52, Ties 0.00, Losses 0.48, Game Length 18.80 moves
Loss p1: 0.199539, Loss p2: 0.199697
Benchmark Stats Training Round 91
W: 0.97, T: 0.00 (versus random)
W: 0.50, T: 0.00 (versus left)
W: 0.85, T: 0.00 (versus lvl1)
W: 0.47, T: 0.02 (versus lvl2)
Training round 91 completed in 3 minutes and 48 seconds.
Expected completion: 23:34 2020-05-19.
Training round 92 stats
Wins 0.51, Ties 0.00, Losses 0.49, Game Length 18.81 moves
Loss p1: 0.204470, Loss p2: 0.198700
Benchmark Stats Training Round 92
W: 0.94, T: 0.00 (versus random)
W: 0.50, T: 0.00 (versus left)
W: 0.85, T: 0.00 (versus lvl1)
W: 0.36, T: 0.00 (versus lvl2)
Training round 92 completed in 3 minutes and 56 seconds.
Expected completion: 23:35 2020-05-19.
Training round 93 stats
Wins 0.49, Ties 0.00, Losses 0.51, Game Length 18.21 moves
Loss p1: 0.204542, Loss p2: 0.196404
Benchmark Stats Training Round 93
W: 0.97, T: 0.00 (versus random)
W: 0.50, T: 0.00 (versus left)
W: 0.87, T: 0.00 (versus lvl1)
W: 0.31, T: 0.00 (versus lvl2)
Training round 93 completed in 3 minutes and 54 seconds.
Expected completion: 23:35 2020-05-19.
Training round 94 stats
Wins 0.48, Ties 0.00, Losses 0.52, Game Length 18.23 moves
Loss p1: 0.202418, Loss p2: 0.198652
Benchmark Stats Training Round 94
W: 0.98, T: 0.00 (versus random)
W: 0.50, T: 0.00 (versus left)
W: 0.93, T: 0.00 (versus lvl1)
W: 0.42, T: 0.00 (versus lvl2)
Training round 94 completed in 3 minutes and 40 seconds.
Expected completion: 23:33 2020-05-19.
Training round 95 stats
Wins 0.50, Ties 0.00, Losses 0.50, Game Length 18.61 moves
Loss p1: 0.206336, Loss p2: 0.205186
Benchmark Stats Training Round 95
W: 0.97, T: 0.00 (versus random)
W: 0.50, T: 0.00 (versus left)
W: 0.93, T: 0.00 (versus lvl1)
W: 0.40, T: 0.00 (versus lvl2)
Training round 95 completed in 3 minutes and 49 seconds.
Expected completion: 23:34 2020-05-19.
Training round 96 stats
Wins 0.49, Ties 0.00, Losses 0.51, Game Length 18.82 moves
Loss p1: 0.209984, Loss p2: 0.201654
Benchmark Stats Training Round 96
W: 0.97, T: 0.00 (versus random)
W: 0.50, T: 0.00 (versus left)
W: 0.92, T: 0.00 (versus lvl1)
W: 0.41, T: 0.02 (versus lvl2)
Training round 96 completed in 3 minutes and 56 seconds.
Expected completion: 23:35 2020-05-19.
Training round 97 stats
Wins 0.53, Ties 0.00, Losses 0.47, Game Length 18.57 moves
Loss p1: 0.215070, Loss p2: 0.211554
Benchmark Stats Training Round 97
W: 0.95, T: 0.00 (versus random)
W: 0.50, T: 0.00 (versus left)
W: 0.94, T: 0.00 (versus lvl1)
W: 0.53, T: 0.00 (versus lvl2)
Training round 97 completed in 3 minutes and 40 seconds.
Expected completion: 23:34 2020-05-19.
Training round 98 stats
Wins 0.50, Ties 0.00, Losses 0.50, Game Length 18.56 moves
Loss p1: 0.201532, Loss p2: 0.204498
Benchmark Stats Training Round 98
W: 0.93, T: 0.00 (versus random)
W: 0.50, T: 0.00 (versus left)
W: 0.91, T: 0.00 (versus lvl1)
W: 0.56, T: 0.00 (versus lvl2)
Training round 98 completed in 3 minutes and 35 seconds.
Expected completion: 23:33 2020-05-19.
Training round 99 stats
Wins 0.50, Ties 0.00, Losses 0.50, Game Length 18.27 moves
Loss p1: 0.206911, Loss p2: 0.211923
Benchmark Stats Training Round 99
W: 0.91, T: 0.00 (versus random)
W: 0.50, T: 0.00 (versus left)
W: 0.83, T: 0.00 (versus lvl1)
W: 0.45, T: 0.00 (versus lvl2)
Training round 99 completed in 3 minutes and 29 seconds.
Expected completion: 23:33 2020-05-19.
Training round 100 stats
Wins 0.48, Ties 0.00, Losses 0.52, Game Length 18.68 moves
Loss p1: 0.206640, Loss p2: 0.204923
Benchmark Stats Training Round 100
W: 0.97, T: 0.00 (versus random)
W: 1.00, T: 0.00 (versus left)
W: 0.94, T: 0.00 (versus lvl1)
W: 0.46, T: 0.00 (versus lvl2)
Training round 100 completed in 3 minutes and 26 seconds.
Expected completion: 23:33 2020-05-19.
