Training Neural Net on Connect 4
  self_play_batch_size: 1000
  benchmark_batch_size: 100
  training_rounds: 100
  memory_size: 1000
  network: D
  exploration: cte
  loss: MSE
  encoding: integer
  optimizer: Adam
  experience: yes

Benchmark Stats Training Round 0
W: 0.47, T: 0.00 (versus random)
W: 0.00, T: 0.00 (versus left)
W: 0.23, T: 0.00 (versus lvl1)
W: 0.08, T: 0.00 (versus lvl2)
Training round 1 stats
Wins 0.49, Ties 0.00, Losses 0.51, Game Length 19.56 moves
Loss p1: 0.154638, Loss p2: 0.157880
Benchmark Stats Training Round 1
W: 0.85, T: 0.00 (versus random)
W: 0.00, T: 0.00 (versus left)
W: 0.57, T: 0.00 (versus lvl1)
W: 0.20, T: 0.00 (versus lvl2)
Training round 1 completed in 2 minutes and 2 seconds.
Expected completion: 22:35 2020-05-19.
Training round 2 stats
Wins 0.52, Ties 0.00, Losses 0.48, Game Length 19.57 moves
Loss p1: 0.128284, Loss p2: 0.135645
Benchmark Stats Training Round 2
W: 0.77, T: 0.00 (versus random)
W: 0.00, T: 0.00 (versus left)
W: 0.52, T: 0.00 (versus lvl1)
W: 0.34, T: 0.00 (versus lvl2)
Training round 2 completed in 1 minutes and 48 seconds.
Expected completion: 22:12 2020-05-19.
Training round 3 stats
Wins 0.55, Ties 0.01, Losses 0.44, Game Length 19.48 moves
Loss p1: 0.129281, Loss p2: 0.133886
Benchmark Stats Training Round 3
W: 0.86, T: 0.00 (versus random)
W: 0.50, T: 0.00 (versus left)
W: 0.70, T: 0.00 (versus lvl1)
W: 0.38, T: 0.02 (versus lvl2)
Training round 3 completed in 1 minutes and 60 seconds.
Expected completion: 22:31 2020-05-19.
Training round 4 stats
Wins 0.47, Ties 0.00, Losses 0.53, Game Length 19.26 moves
Loss p1: 0.129019, Loss p2: 0.134730
Benchmark Stats Training Round 4
W: 0.75, T: 0.01 (versus random)
W: 0.50, T: 0.00 (versus left)
W: 0.68, T: 0.00 (versus lvl1)
W: 0.08, T: 0.00 (versus lvl2)
Training round 4 completed in 1 minutes and 53 seconds.
Expected completion: 22:20 2020-05-19.
Training round 5 stats
Wins 0.52, Ties 0.00, Losses 0.48, Game Length 19.26 moves
Loss p1: 0.123667, Loss p2: 0.124780
Benchmark Stats Training Round 5
W: 0.81, T: 0.00 (versus random)
W: 0.50, T: 0.00 (versus left)
W: 0.72, T: 0.00 (versus lvl1)
W: 0.20, T: 0.00 (versus lvl2)
Training round 5 completed in 2 minutes and 4 seconds.
Expected completion: 22:38 2020-05-19.
Training round 6 stats
Wins 0.48, Ties 0.01, Losses 0.52, Game Length 18.84 moves
Loss p1: 0.133467, Loss p2: 0.126092
Benchmark Stats Training Round 6
W: 0.73, T: 0.00 (versus random)
W: 0.00, T: 0.00 (versus left)
W: 0.57, T: 0.00 (versus lvl1)
W: 0.18, T: 0.00 (versus lvl2)
Training round 6 completed in 2 minutes and 5 seconds.
Expected completion: 22:40 2020-05-19.
Training round 7 stats
Wins 0.51, Ties 0.00, Losses 0.49, Game Length 19.38 moves
Loss p1: 0.133955, Loss p2: 0.131774
Benchmark Stats Training Round 7
W: 0.72, T: 0.00 (versus random)
W: 0.50, T: 0.00 (versus left)
W: 0.54, T: 0.00 (versus lvl1)
W: 0.17, T: 0.00 (versus lvl2)
Training round 7 completed in 2 minutes and 3 seconds.
Expected completion: 22:37 2020-05-19.
Training round 8 stats
Wins 0.51, Ties 0.00, Losses 0.49, Game Length 19.15 moves
Loss p1: 0.140020, Loss p2: 0.136045
Benchmark Stats Training Round 8
W: 0.78, T: 0.00 (versus random)
W: 0.50, T: 0.00 (versus left)
W: 0.60, T: 0.00 (versus lvl1)
W: 0.12, T: 0.00 (versus lvl2)
Training round 8 completed in 2 minutes and 1 seconds.
Expected completion: 22:33 2020-05-19.
Training round 9 stats
Wins 0.51, Ties 0.00, Losses 0.49, Game Length 18.89 moves
Loss p1: 0.139180, Loss p2: 0.136628
Benchmark Stats Training Round 9
W: 0.86, T: 0.00 (versus random)
W: 1.00, T: 0.00 (versus left)
W: 0.71, T: 0.00 (versus lvl1)
W: 0.11, T: 0.00 (versus lvl2)
Training round 9 completed in 1 minutes and 56 seconds.
Expected completion: 22:26 2020-05-19.
Training round 10 stats
Wins 0.50, Ties 0.00, Losses 0.49, Game Length 19.55 moves
Loss p1: 0.136121, Loss p2: 0.137662
Benchmark Stats Training Round 10
W: 0.81, T: 0.01 (versus random)
W: 0.50, T: 0.00 (versus left)
W: 0.67, T: 0.00 (versus lvl1)
W: 0.12, T: 0.01 (versus lvl2)
Training round 10 completed in 1 minutes and 59 seconds.
Expected completion: 22:29 2020-05-19.
Training round 11 stats
Wins 0.51, Ties 0.00, Losses 0.49, Game Length 19.50 moves
Loss p1: 0.139144, Loss p2: 0.140060
Benchmark Stats Training Round 11
W: 0.81, T: 0.00 (versus random)
W: 0.00, T: 0.00 (versus left)
W: 0.58, T: 0.00 (versus lvl1)
W: 0.11, T: 0.00 (versus lvl2)
Training round 11 completed in 2 minutes and 9 seconds.
Expected completion: 22:45 2020-05-19.
Training round 12 stats
Wins 0.47, Ties 0.00, Losses 0.53, Game Length 19.46 moves
Loss p1: 0.135597, Loss p2: 0.136439
Benchmark Stats Training Round 12
W: 0.78, T: 0.00 (versus random)
W: 0.00, T: 0.00 (versus left)
W: 0.62, T: 0.01 (versus lvl1)
W: 0.21, T: 0.00 (versus lvl2)
Training round 12 completed in 2 minutes and 5 seconds.
Expected completion: 22:40 2020-05-19.
Training round 13 stats
Wins 0.51, Ties 0.00, Losses 0.49, Game Length 19.31 moves
Loss p1: 0.136358, Loss p2: 0.136627
Benchmark Stats Training Round 13
W: 0.81, T: 0.00 (versus random)
W: 0.50, T: 0.00 (versus left)
W: 0.62, T: 0.00 (versus lvl1)
W: 0.25, T: 0.00 (versus lvl2)
Training round 13 completed in 2 minutes and 3 seconds.
Expected completion: 22:36 2020-05-19.
Training round 14 stats
Wins 0.51, Ties 0.01, Losses 0.48, Game Length 19.71 moves
Loss p1: 0.137037, Loss p2: 0.133585
Benchmark Stats Training Round 14
W: 0.82, T: 0.00 (versus random)
W: 1.00, T: 0.00 (versus left)
W: 0.58, T: 0.00 (versus lvl1)
W: 0.15, T: 0.00 (versus lvl2)
Training round 14 completed in 2 minutes and 2 seconds.
Expected completion: 22:35 2020-05-19.
Training round 15 stats
Wins 0.49, Ties 0.00, Losses 0.51, Game Length 18.57 moves
Loss p1: 0.141493, Loss p2: 0.146031
Benchmark Stats Training Round 15
W: 0.81, T: 0.00 (versus random)
W: 1.00, T: 0.00 (versus left)
W: 0.55, T: 0.00 (versus lvl1)
W: 0.13, T: 0.00 (versus lvl2)
Training round 15 completed in 2 minutes and 1 seconds.
Expected completion: 22:33 2020-05-19.
Training round 16 stats
Wins 0.47, Ties 0.00, Losses 0.53, Game Length 19.42 moves
Loss p1: 0.136646, Loss p2: 0.139953
Benchmark Stats Training Round 16
W: 0.89, T: 0.01 (versus random)
W: 0.00, T: 0.00 (versus left)
W: 0.75, T: 0.00 (versus lvl1)
W: 0.31, T: 0.00 (versus lvl2)
Training round 16 completed in 1 minutes and 54 seconds.
Expected completion: 22:24 2020-05-19.
Training round 17 stats
Wins 0.46, Ties 0.00, Losses 0.54, Game Length 19.22 moves
Loss p1: 0.142714, Loss p2: 0.141957
Benchmark Stats Training Round 17
W: 0.80, T: 0.00 (versus random)
W: 0.50, T: 0.00 (versus left)
W: 0.74, T: 0.00 (versus lvl1)
W: 0.08, T: 0.00 (versus lvl2)
Training round 17 completed in 1 minutes and 57 seconds.
Expected completion: 22:28 2020-05-19.
Training round 18 stats
Wins 0.53, Ties 0.00, Losses 0.47, Game Length 19.27 moves
Loss p1: 0.138359, Loss p2: 0.138853
Benchmark Stats Training Round 18
W: 0.77, T: 0.00 (versus random)
W: 0.00, T: 0.00 (versus left)
W: 0.63, T: 0.00 (versus lvl1)
W: 0.22, T: 0.00 (versus lvl2)
Training round 18 completed in 1 minutes and 50 seconds.
Expected completion: 22:18 2020-05-19.
Training round 19 stats
Wins 0.49, Ties 0.00, Losses 0.51, Game Length 19.06 moves
Loss p1: 0.139539, Loss p2: 0.141818
Benchmark Stats Training Round 19
W: 0.78, T: 0.00 (versus random)
W: 1.00, T: 0.00 (versus left)
W: 0.61, T: 0.00 (versus lvl1)
W: 0.16, T: 0.01 (versus lvl2)
Training round 19 completed in 1 minutes and 54 seconds.
Expected completion: 22:24 2020-05-19.
Training round 20 stats
Wins 0.48, Ties 0.00, Losses 0.52, Game Length 19.39 moves
Loss p1: 0.144156, Loss p2: 0.141406
Benchmark Stats Training Round 20
W: 0.88, T: 0.00 (versus random)
W: 0.00, T: 0.00 (versus left)
W: 0.66, T: 0.00 (versus lvl1)
W: 0.22, T: 0.00 (versus lvl2)
Training round 20 completed in 1 minutes and 60 seconds.
Expected completion: 22:31 2020-05-19.
Training round 21 stats
Wins 0.50, Ties 0.00, Losses 0.50, Game Length 19.26 moves
Loss p1: 0.139268, Loss p2: 0.141354
Benchmark Stats Training Round 21
W: 0.81, T: 0.00 (versus random)
W: 0.50, T: 0.00 (versus left)
W: 0.56, T: 0.00 (versus lvl1)
W: 0.19, T: 0.00 (versus lvl2)
Training round 21 completed in 1 minutes and 60 seconds.
Expected completion: 22:31 2020-05-19.
Training round 22 stats
Wins 0.53, Ties 0.00, Losses 0.47, Game Length 19.27 moves
Loss p1: 0.135586, Loss p2: 0.145662
Benchmark Stats Training Round 22
W: 0.85, T: 0.00 (versus random)
W: 0.50, T: 0.00 (versus left)
W: 0.58, T: 0.00 (versus lvl1)
W: 0.23, T: 0.02 (versus lvl2)
Training round 22 completed in 1 minutes and 60 seconds.
Expected completion: 22:31 2020-05-19.
Training round 23 stats
Wins 0.49, Ties 0.00, Losses 0.51, Game Length 19.34 moves
Loss p1: 0.141086, Loss p2: 0.140515
Benchmark Stats Training Round 23
W: 0.81, T: 0.00 (versus random)
W: 0.50, T: 0.00 (versus left)
W: 0.63, T: 0.00 (versus lvl1)
W: 0.20, T: 0.01 (versus lvl2)
Training round 23 completed in 1 minutes and 51 seconds.
Expected completion: 22:20 2020-05-19.
Training round 24 stats
Wins 0.51, Ties 0.00, Losses 0.49, Game Length 19.44 moves
Loss p1: 0.138781, Loss p2: 0.147032
Benchmark Stats Training Round 24
W: 0.79, T: 0.00 (versus random)
W: 0.50, T: 0.00 (versus left)
W: 0.63, T: 0.00 (versus lvl1)
W: 0.14, T: 0.01 (versus lvl2)
Training round 24 completed in 1 minutes and 57 seconds.
Expected completion: 22:28 2020-05-19.
Training round 25 stats
Wins 0.47, Ties 0.01, Losses 0.52, Game Length 19.24 moves
Loss p1: 0.139994, Loss p2: 0.145121
Benchmark Stats Training Round 25
W: 0.73, T: 0.00 (versus random)
W: 0.00, T: 0.00 (versus left)
W: 0.64, T: 0.00 (versus lvl1)
W: 0.16, T: 0.00 (versus lvl2)
Training round 25 completed in 1 minutes and 56 seconds.
Expected completion: 22:26 2020-05-19.
Training round 26 stats
Wins 0.52, Ties 0.01, Losses 0.48, Game Length 19.20 moves
Loss p1: 0.138888, Loss p2: 0.141740
Benchmark Stats Training Round 26
W: 0.77, T: 0.00 (versus random)
W: 0.50, T: 0.00 (versus left)
W: 0.67, T: 0.00 (versus lvl1)
W: 0.10, T: 0.00 (versus lvl2)
Training round 26 completed in 1 minutes and 59 seconds.
Expected completion: 22:30 2020-05-19.
Training round 27 stats
Wins 0.50, Ties 0.00, Losses 0.49, Game Length 19.22 moves
Loss p1: 0.143058, Loss p2: 0.148575
Benchmark Stats Training Round 27
W: 0.83, T: 0.00 (versus random)
W: 0.50, T: 0.00 (versus left)
W: 0.63, T: 0.00 (versus lvl1)
W: 0.18, T: 0.00 (versus lvl2)
Training round 27 completed in 2 minutes and 10 seconds.
Expected completion: 22:44 2020-05-19.
Training round 28 stats
Wins 0.52, Ties 0.00, Losses 0.48, Game Length 19.36 moves
Loss p1: 0.148480, Loss p2: 0.148773
Benchmark Stats Training Round 28
W: 0.84, T: 0.00 (versus random)
W: 0.50, T: 0.00 (versus left)
W: 0.70, T: 0.00 (versus lvl1)
W: 0.30, T: 0.03 (versus lvl2)
Training round 28 completed in 2 minutes and 4 seconds.
Expected completion: 22:36 2020-05-19.
Training round 29 stats
Wins 0.48, Ties 0.00, Losses 0.52, Game Length 18.91 moves
Loss p1: 0.160505, Loss p2: 0.155946
Benchmark Stats Training Round 29
W: 0.78, T: 0.00 (versus random)
W: 0.50, T: 0.00 (versus left)
W: 0.75, T: 0.00 (versus lvl1)
W: 0.09, T: 0.00 (versus lvl2)
Training round 29 completed in 1 minutes and 60 seconds.
Expected completion: 22:31 2020-05-19.
Training round 30 stats
Wins 0.50, Ties 0.00, Losses 0.49, Game Length 19.36 moves
Loss p1: 0.146012, Loss p2: 0.154994
Benchmark Stats Training Round 30
W: 0.85, T: 0.00 (versus random)
W: 0.50, T: 0.00 (versus left)
W: 0.71, T: 0.00 (versus lvl1)
W: 0.18, T: 0.00 (versus lvl2)
Training round 30 completed in 2 minutes and 1 seconds.
Expected completion: 22:33 2020-05-19.
Training round 31 stats
Wins 0.47, Ties 0.00, Losses 0.53, Game Length 18.91 moves
Loss p1: 0.146926, Loss p2: 0.152983
Benchmark Stats Training Round 31
W: 0.76, T: 0.00 (versus random)
W: 0.00, T: 0.00 (versus left)
W: 0.58, T: 0.00 (versus lvl1)
W: 0.12, T: 0.01 (versus lvl2)
Training round 31 completed in 2 minutes and 4 seconds.
Expected completion: 22:36 2020-05-19.
Training round 32 stats
Wins 0.51, Ties 0.00, Losses 0.49, Game Length 19.10 moves
Loss p1: 0.153292, Loss p2: 0.152997
Benchmark Stats Training Round 32
W: 0.71, T: 0.00 (versus random)
W: 0.50, T: 0.00 (versus left)
W: 0.63, T: 0.00 (versus lvl1)
W: 0.18, T: 0.00 (versus lvl2)
Training round 32 completed in 2 minutes and 5 seconds.
Expected completion: 22:38 2020-05-19.
Training round 33 stats
Wins 0.47, Ties 0.00, Losses 0.52, Game Length 19.07 moves
Loss p1: 0.148904, Loss p2: 0.150713
Benchmark Stats Training Round 33
W: 0.80, T: 0.00 (versus random)
W: 0.00, T: 0.00 (versus left)
W: 0.58, T: 0.00 (versus lvl1)
W: 0.10, T: 0.00 (versus lvl2)
Training round 33 completed in 1 minutes and 54 seconds.
Expected completion: 22:24 2020-05-19.
Training round 34 stats
Wins 0.52, Ties 0.00, Losses 0.48, Game Length 19.42 moves
Loss p1: 0.154215, Loss p2: 0.155926
Benchmark Stats Training Round 34
W: 0.87, T: 0.00 (versus random)
W: 0.50, T: 0.00 (versus left)
W: 0.71, T: 0.00 (versus lvl1)
W: 0.15, T: 0.01 (versus lvl2)
Training round 34 completed in 1 minutes and 55 seconds.
Expected completion: 22:26 2020-05-19.
Training round 35 stats
Wins 0.49, Ties 0.00, Losses 0.51, Game Length 19.01 moves
Loss p1: 0.148308, Loss p2: 0.158591
Benchmark Stats Training Round 35
W: 0.79, T: 0.00 (versus random)
W: 0.50, T: 0.00 (versus left)
W: 0.59, T: 0.00 (versus lvl1)
W: 0.15, T: 0.00 (versus lvl2)
Training round 35 completed in 2 minutes and 5 seconds.
Expected completion: 22:37 2020-05-19.
Training round 36 stats
Wins 0.52, Ties 0.00, Losses 0.48, Game Length 19.19 moves
Loss p1: 0.154353, Loss p2: 0.155820
Benchmark Stats Training Round 36
W: 0.71, T: 0.00 (versus random)
W: 0.50, T: 0.00 (versus left)
W: 0.54, T: 0.00 (versus lvl1)
W: 0.15, T: 0.01 (versus lvl2)
Training round 36 completed in 2 minutes and 3 seconds.
Expected completion: 22:35 2020-05-19.
Training round 37 stats
Wins 0.49, Ties 0.00, Losses 0.51, Game Length 19.05 moves
Loss p1: 0.150979, Loss p2: 0.156720
Benchmark Stats Training Round 37
W: 0.89, T: 0.00 (versus random)
W: 0.00, T: 0.00 (versus left)
W: 0.77, T: 0.00 (versus lvl1)
W: 0.20, T: 0.00 (versus lvl2)
Training round 37 completed in 1 minutes and 59 seconds.
Expected completion: 22:31 2020-05-19.
Training round 38 stats
Wins 0.47, Ties 0.00, Losses 0.53, Game Length 19.05 moves
Loss p1: 0.157127, Loss p2: 0.153731
Benchmark Stats Training Round 38
W: 0.93, T: 0.00 (versus random)
W: 0.50, T: 0.00 (versus left)
W: 0.67, T: 0.00 (versus lvl1)
W: 0.14, T: 0.00 (versus lvl2)
Training round 38 completed in 2 minutes and 0 seconds.
Expected completion: 22:32 2020-05-19.
Training round 39 stats
Wins 0.53, Ties 0.00, Losses 0.47, Game Length 18.60 moves
Loss p1: 0.160317, Loss p2: 0.158751
Benchmark Stats Training Round 39
W: 0.78, T: 0.00 (versus random)
W: 0.50, T: 0.00 (versus left)
W: 0.71, T: 0.00 (versus lvl1)
W: 0.11, T: 0.00 (versus lvl2)
Training round 39 completed in 1 minutes and 56 seconds.
Expected completion: 22:28 2020-05-19.
Training round 40 stats
Wins 0.51, Ties 0.00, Losses 0.49, Game Length 18.75 moves
Loss p1: 0.152114, Loss p2: 0.156102
Benchmark Stats Training Round 40
W: 0.80, T: 0.00 (versus random)
W: 0.50, T: 0.00 (versus left)
W: 0.68, T: 0.00 (versus lvl1)
W: 0.25, T: 0.01 (versus lvl2)
Training round 40 completed in 2 minutes and 2 seconds.
Expected completion: 22:34 2020-05-19.
Training round 41 stats
Wins 0.50, Ties 0.00, Losses 0.50, Game Length 19.21 moves
Loss p1: 0.158163, Loss p2: 0.154781
Benchmark Stats Training Round 41
W: 0.90, T: 0.00 (versus random)
W: 0.50, T: 0.00 (versus left)
W: 0.71, T: 0.00 (versus lvl1)
W: 0.22, T: 0.00 (versus lvl2)
Training round 41 completed in 1 minutes and 56 seconds.
Expected completion: 22:28 2020-05-19.
Training round 42 stats
Wins 0.50, Ties 0.00, Losses 0.50, Game Length 19.11 moves
Loss p1: 0.156648, Loss p2: 0.159853
Benchmark Stats Training Round 42
W: 0.78, T: 0.00 (versus random)
W: 0.50, T: 0.00 (versus left)
W: 0.67, T: 0.02 (versus lvl1)
W: 0.30, T: 0.00 (versus lvl2)
Training round 42 completed in 1 minutes and 56 seconds.
Expected completion: 22:28 2020-05-19.
Training round 43 stats
Wins 0.49, Ties 0.00, Losses 0.51, Game Length 18.66 moves
Loss p1: 0.161899, Loss p2: 0.157755
Benchmark Stats Training Round 43
W: 0.81, T: 0.00 (versus random)
W: 0.50, T: 0.00 (versus left)
W: 0.57, T: 0.00 (versus lvl1)
W: 0.22, T: 0.02 (versus lvl2)
Training round 43 completed in 2 minutes and 2 seconds.
Expected completion: 22:33 2020-05-19.
Training round 44 stats
Wins 0.49, Ties 0.00, Losses 0.51, Game Length 18.76 moves
Loss p1: 0.167293, Loss p2: 0.158371
Benchmark Stats Training Round 44
W: 0.92, T: 0.00 (versus random)
W: 1.00, T: 0.00 (versus left)
W: 0.79, T: 0.00 (versus lvl1)
W: 0.24, T: 0.01 (versus lvl2)
Training round 44 completed in 1 minutes and 57 seconds.
Expected completion: 22:29 2020-05-19.
Training round 45 stats
Wins 0.49, Ties 0.00, Losses 0.51, Game Length 18.88 moves
Loss p1: 0.172918, Loss p2: 0.168146
Benchmark Stats Training Round 45
W: 0.76, T: 0.01 (versus random)
W: 0.50, T: 0.00 (versus left)
W: 0.64, T: 0.00 (versus lvl1)
W: 0.35, T: 0.00 (versus lvl2)
Training round 45 completed in 1 minutes and 56 seconds.
Expected completion: 22:28 2020-05-19.
Training round 46 stats
Wins 0.54, Ties 0.00, Losses 0.46, Game Length 19.02 moves
Loss p1: 0.166425, Loss p2: 0.160272
Benchmark Stats Training Round 46
W: 0.71, T: 0.00 (versus random)
W: 0.50, T: 0.00 (versus left)
W: 0.58, T: 0.00 (versus lvl1)
W: 0.12, T: 0.00 (versus lvl2)
Training round 46 completed in 2 minutes and 1 seconds.
Expected completion: 22:33 2020-05-19.
Training round 47 stats
Wins 0.50, Ties 0.00, Losses 0.49, Game Length 18.98 moves
Loss p1: 0.169515, Loss p2: 0.162189
Benchmark Stats Training Round 47
W: 0.89, T: 0.00 (versus random)
W: 0.50, T: 0.00 (versus left)
W: 0.75, T: 0.00 (versus lvl1)
W: 0.34, T: 0.01 (versus lvl2)
Training round 47 completed in 1 minutes and 52 seconds.
Expected completion: 22:24 2020-05-19.
Training round 48 stats
Wins 0.51, Ties 0.00, Losses 0.49, Game Length 18.73 moves
Loss p1: 0.173061, Loss p2: 0.165616
Benchmark Stats Training Round 48
W: 0.90, T: 0.00 (versus random)
W: 0.50, T: 0.00 (versus left)
W: 0.80, T: 0.00 (versus lvl1)
W: 0.36, T: 0.00 (versus lvl2)
Training round 48 completed in 1 minutes and 48 seconds.
Expected completion: 22:21 2020-05-19.
Training round 49 stats
Wins 0.49, Ties 0.00, Losses 0.51, Game Length 18.80 moves
Loss p1: 0.169514, Loss p2: 0.165614
Benchmark Stats Training Round 49
W: 0.82, T: 0.00 (versus random)
W: 0.50, T: 0.00 (versus left)
W: 0.71, T: 0.00 (versus lvl1)
W: 0.30, T: 0.00 (versus lvl2)
Training round 49 completed in 1 minutes and 54 seconds.
Expected completion: 22:26 2020-05-19.
Training round 50 stats
Wins 0.51, Ties 0.00, Losses 0.49, Game Length 18.93 moves
Loss p1: 0.169783, Loss p2: 0.167789
Benchmark Stats Training Round 50
W: 0.86, T: 0.00 (versus random)
W: 0.00, T: 0.00 (versus left)
W: 0.66, T: 0.00 (versus lvl1)
W: 0.18, T: 0.00 (versus lvl2)
Training round 50 completed in 1 minutes and 57 seconds.
Expected completion: 22:28 2020-05-19.
Training round 51 stats
Wins 0.49, Ties 0.00, Losses 0.51, Game Length 19.04 moves
Loss p1: 0.170614, Loss p2: 0.174102
Benchmark Stats Training Round 51
W: 0.87, T: 0.00 (versus random)
W: 0.50, T: 0.00 (versus left)
W: 0.65, T: 0.00 (versus lvl1)
W: 0.21, T: 0.00 (versus lvl2)
Training round 51 completed in 2 minutes and 1 seconds.
Expected completion: 22:32 2020-05-19.
Training round 52 stats
Wins 0.49, Ties 0.00, Losses 0.51, Game Length 18.75 moves
Loss p1: 0.173341, Loss p2: 0.174688
Benchmark Stats Training Round 52
W: 0.93, T: 0.00 (versus random)
W: 0.50, T: 0.00 (versus left)
W: 0.77, T: 0.00 (versus lvl1)
W: 0.26, T: 0.00 (versus lvl2)
Training round 52 completed in 1 minutes and 49 seconds.
Expected completion: 22:22 2020-05-19.
Training round 53 stats
Wins 0.49, Ties 0.00, Losses 0.51, Game Length 18.88 moves
Loss p1: 0.172296, Loss p2: 0.171534
Benchmark Stats Training Round 53
W: 0.80, T: 0.00 (versus random)
W: 0.00, T: 0.00 (versus left)
W: 0.63, T: 0.00 (versus lvl1)
W: 0.18, T: 0.00 (versus lvl2)
Training round 53 completed in 1 minutes and 56 seconds.
Expected completion: 22:28 2020-05-19.
Training round 54 stats
Wins 0.51, Ties 0.00, Losses 0.49, Game Length 19.09 moves
Loss p1: 0.170525, Loss p2: 0.166316
Benchmark Stats Training Round 54
W: 0.78, T: 0.01 (versus random)
W: 0.00, T: 0.00 (versus left)
W: 0.58, T: 0.00 (versus lvl1)
W: 0.20, T: 0.00 (versus lvl2)
Training round 54 completed in 1 minutes and 56 seconds.
Expected completion: 22:28 2020-05-19.
Training round 55 stats
Wins 0.53, Ties 0.00, Losses 0.47, Game Length 18.56 moves
Loss p1: 0.172987, Loss p2: 0.168873
Benchmark Stats Training Round 55
W: 0.89, T: 0.00 (versus random)
W: 0.50, T: 0.00 (versus left)
W: 0.81, T: 0.00 (versus lvl1)
W: 0.30, T: 0.00 (versus lvl2)
Training round 55 completed in 1 minutes and 56 seconds.
Expected completion: 22:28 2020-05-19.
Training round 56 stats
Wins 0.50, Ties 0.00, Losses 0.49, Game Length 18.28 moves
Loss p1: 0.182035, Loss p2: 0.170007
Benchmark Stats Training Round 56
W: 0.94, T: 0.00 (versus random)
W: 0.00, T: 0.00 (versus left)
W: 0.76, T: 0.00 (versus lvl1)
W: 0.35, T: 0.01 (versus lvl2)
Training round 56 completed in 1 minutes and 48 seconds.
Expected completion: 22:22 2020-05-19.
Training round 57 stats
Wins 0.48, Ties 0.00, Losses 0.52, Game Length 18.85 moves
Loss p1: 0.175447, Loss p2: 0.166302
Benchmark Stats Training Round 57
W: 0.91, T: 0.00 (versus random)
W: 0.50, T: 0.00 (versus left)
W: 0.86, T: 0.00 (versus lvl1)
W: 0.25, T: 0.00 (versus lvl2)
Training round 57 completed in 1 minutes and 46 seconds.
Expected completion: 22:20 2020-05-19.
Training round 58 stats
Wins 0.55, Ties 0.00, Losses 0.44, Game Length 18.95 moves
Loss p1: 0.180070, Loss p2: 0.167064
Benchmark Stats Training Round 58
W: 0.93, T: 0.00 (versus random)
W: 0.50, T: 0.00 (versus left)
W: 0.79, T: 0.00 (versus lvl1)
W: 0.32, T: 0.00 (versus lvl2)
Training round 58 completed in 1 minutes and 50 seconds.
Expected completion: 22:23 2020-05-19.
Training round 59 stats
Wins 0.49, Ties 0.00, Losses 0.51, Game Length 19.32 moves
Loss p1: 0.174288, Loss p2: 0.171027
Benchmark Stats Training Round 59
W: 0.94, T: 0.00 (versus random)
W: 0.50, T: 0.00 (versus left)
W: 0.89, T: 0.00 (versus lvl1)
W: 0.32, T: 0.01 (versus lvl2)
Training round 59 completed in 1 minutes and 51 seconds.
Expected completion: 22:24 2020-05-19.
Training round 60 stats
Wins 0.52, Ties 0.00, Losses 0.47, Game Length 18.76 moves
Loss p1: 0.178675, Loss p2: 0.171547
Benchmark Stats Training Round 60
W: 0.91, T: 0.00 (versus random)
W: 1.00, T: 0.00 (versus left)
W: 0.80, T: 0.00 (versus lvl1)
W: 0.26, T: 0.00 (versus lvl2)
Training round 60 completed in 1 minutes and 54 seconds.
Expected completion: 22:26 2020-05-19.
Training round 61 stats
Wins 0.51, Ties 0.00, Losses 0.49, Game Length 18.64 moves
Loss p1: 0.179313, Loss p2: 0.171369
Benchmark Stats Training Round 61
W: 0.87, T: 0.00 (versus random)
W: 0.00, T: 0.00 (versus left)
W: 0.72, T: 0.00 (versus lvl1)
W: 0.31, T: 0.00 (versus lvl2)
Training round 61 completed in 1 minutes and 59 seconds.
Expected completion: 22:29 2020-05-19.
Training round 62 stats
Wins 0.49, Ties 0.00, Losses 0.50, Game Length 18.89 moves
Loss p1: 0.176139, Loss p2: 0.175996
Benchmark Stats Training Round 62
W: 0.88, T: 0.00 (versus random)
W: 0.50, T: 0.00 (versus left)
W: 0.77, T: 0.00 (versus lvl1)
W: 0.28, T: 0.02 (versus lvl2)
Training round 62 completed in 1 minutes and 56 seconds.
Expected completion: 22:27 2020-05-19.
Training round 63 stats
Wins 0.49, Ties 0.00, Losses 0.51, Game Length 18.98 moves
Loss p1: 0.177655, Loss p2: 0.169818
Benchmark Stats Training Round 63
W: 0.88, T: 0.01 (versus random)
W: 0.50, T: 0.00 (versus left)
W: 0.78, T: 0.00 (versus lvl1)
W: 0.26, T: 0.00 (versus lvl2)
Training round 63 completed in 1 minutes and 53 seconds.
Expected completion: 22:25 2020-05-19.
Training round 64 stats
Wins 0.51, Ties 0.00, Losses 0.49, Game Length 18.82 moves
Loss p1: 0.187053, Loss p2: 0.175858
Benchmark Stats Training Round 64
W: 0.89, T: 0.00 (versus random)
W: 0.50, T: 0.00 (versus left)
W: 0.66, T: 0.00 (versus lvl1)
W: 0.21, T: 0.01 (versus lvl2)
Training round 64 completed in 2 minutes and 5 seconds.
Expected completion: 22:33 2020-05-19.
Training round 65 stats
Wins 0.50, Ties 0.00, Losses 0.49, Game Length 18.62 moves
Loss p1: 0.179229, Loss p2: 0.178638
Benchmark Stats Training Round 65
W: 0.96, T: 0.00 (versus random)
W: 0.50, T: 0.00 (versus left)
W: 0.75, T: 0.00 (versus lvl1)
W: 0.39, T: 0.00 (versus lvl2)
Training round 65 completed in 2 minutes and 59 seconds.
Expected completion: 23:05 2020-05-19.
Training round 66 stats
Wins 0.48, Ties 0.00, Losses 0.51, Game Length 18.73 moves
Loss p1: 0.182854, Loss p2: 0.178126
Benchmark Stats Training Round 66
W: 0.85, T: 0.01 (versus random)
W: 0.50, T: 0.00 (versus left)
W: 0.68, T: 0.00 (versus lvl1)
W: 0.22, T: 0.01 (versus lvl2)
Training round 66 completed in 4 minutes and 9 seconds.
Expected completion: 23:46 2020-05-19.
Training round 67 stats
Wins 0.50, Ties 0.00, Losses 0.50, Game Length 18.72 moves
Loss p1: 0.188504, Loss p2: 0.181902
Benchmark Stats Training Round 67
W: 0.91, T: 0.00 (versus random)
W: 0.50, T: 0.00 (versus left)
W: 0.68, T: 0.00 (versus lvl1)
W: 0.21, T: 0.00 (versus lvl2)
Training round 67 completed in 3 minutes and 48 seconds.
Expected completion: 23:34 2020-05-19.
Training round 68 stats
Wins 0.51, Ties 0.00, Losses 0.49, Game Length 18.76 moves
Loss p1: 0.191778, Loss p2: 0.183666
Benchmark Stats Training Round 68
W: 0.95, T: 0.00 (versus random)
W: 0.50, T: 0.00 (versus left)
W: 0.78, T: 0.00 (versus lvl1)
W: 0.29, T: 0.02 (versus lvl2)
Training round 68 completed in 3 minutes and 52 seconds.
Expected completion: 23:36 2020-05-19.
Training round 69 stats
Wins 0.47, Ties 0.00, Losses 0.53, Game Length 18.77 moves
Loss p1: 0.192703, Loss p2: 0.184632
Benchmark Stats Training Round 69
W: 0.96, T: 0.00 (versus random)
W: 0.50, T: 0.00 (versus left)
W: 0.83, T: 0.00 (versus lvl1)
W: 0.33, T: 0.00 (versus lvl2)
Training round 69 completed in 3 minutes and 54 seconds.
Expected completion: 23:37 2020-05-19.
Training round 70 stats
Wins 0.49, Ties 0.00, Losses 0.51, Game Length 18.52 moves
Loss p1: 0.192574, Loss p2: 0.191726
Benchmark Stats Training Round 70
W: 0.93, T: 0.00 (versus random)
W: 0.50, T: 0.00 (versus left)
W: 0.83, T: 0.00 (versus lvl1)
W: 0.42, T: 0.00 (versus lvl2)
Training round 70 completed in 3 minutes and 45 seconds.
Expected completion: 23:32 2020-05-19.
Training round 71 stats
Wins 0.52, Ties 0.00, Losses 0.48, Game Length 18.83 moves
Loss p1: 0.184845, Loss p2: 0.184651
Benchmark Stats Training Round 71
W: 0.90, T: 0.00 (versus random)
W: 0.50, T: 0.00 (versus left)
W: 0.74, T: 0.01 (versus lvl1)
W: 0.28, T: 0.00 (versus lvl2)
Training round 71 completed in 3 minutes and 49 seconds.
Expected completion: 23:34 2020-05-19.
Training round 72 stats
Wins 0.50, Ties 0.00, Losses 0.49, Game Length 18.82 moves
Loss p1: 0.187973, Loss p2: 0.177770
Benchmark Stats Training Round 72
W: 0.86, T: 0.00 (versus random)
W: 0.50, T: 0.00 (versus left)
W: 0.67, T: 0.00 (versus lvl1)
W: 0.28, T: 0.01 (versus lvl2)
Training round 72 completed in 3 minutes and 55 seconds.
Expected completion: 23:38 2020-05-19.
Training round 73 stats
Wins 0.52, Ties 0.00, Losses 0.48, Game Length 18.62 moves
Loss p1: 0.187061, Loss p2: 0.180059
Benchmark Stats Training Round 73
W: 0.87, T: 0.00 (versus random)
W: 0.50, T: 0.00 (versus left)
W: 0.69, T: 0.00 (versus lvl1)
W: 0.28, T: 0.00 (versus lvl2)
Training round 73 completed in 3 minutes and 56 seconds.
Expected completion: 23:38 2020-05-19.
Training round 74 stats
Wins 0.51, Ties 0.00, Losses 0.49, Game Length 18.54 moves
Loss p1: 0.189517, Loss p2: 0.186908
Benchmark Stats Training Round 74
W: 0.93, T: 0.00 (versus random)
W: 0.50, T: 0.00 (versus left)
W: 0.87, T: 0.00 (versus lvl1)
W: 0.30, T: 0.00 (versus lvl2)
Training round 74 completed in 3 minutes and 38 seconds.
Expected completion: 23:30 2020-05-19.
Training round 75 stats
Wins 0.51, Ties 0.00, Losses 0.49, Game Length 18.82 moves
Loss p1: 0.197840, Loss p2: 0.183452
Benchmark Stats Training Round 75
W: 0.90, T: 0.00 (versus random)
W: 0.50, T: 0.00 (versus left)
W: 0.72, T: 0.00 (versus lvl1)
W: 0.37, T: 0.00 (versus lvl2)
Training round 75 completed in 3 minutes and 43 seconds.
Expected completion: 23:32 2020-05-19.
Training round 76 stats
Wins 0.50, Ties 0.00, Losses 0.50, Game Length 18.79 moves
Loss p1: 0.199047, Loss p2: 0.183712
Benchmark Stats Training Round 76
W: 0.93, T: 0.00 (versus random)
W: 0.50, T: 0.00 (versus left)
W: 0.86, T: 0.00 (versus lvl1)
W: 0.46, T: 0.03 (versus lvl2)
Training round 76 completed in 3 minutes and 52 seconds.
Expected completion: 23:36 2020-05-19.
Training round 77 stats
Wins 0.52, Ties 0.00, Losses 0.48, Game Length 18.90 moves
Loss p1: 0.201424, Loss p2: 0.191385
Benchmark Stats Training Round 77
W: 0.90, T: 0.00 (versus random)
W: 0.50, T: 0.00 (versus left)
W: 0.84, T: 0.00 (versus lvl1)
W: 0.44, T: 0.00 (versus lvl2)
Training round 77 completed in 3 minutes and 46 seconds.
Expected completion: 23:33 2020-05-19.
Training round 78 stats
Wins 0.50, Ties 0.00, Losses 0.50, Game Length 18.32 moves
Loss p1: 0.197118, Loss p2: 0.178816
Benchmark Stats Training Round 78
W: 0.94, T: 0.00 (versus random)
W: 0.50, T: 0.00 (versus left)
W: 0.87, T: 0.00 (versus lvl1)
W: 0.45, T: 0.02 (versus lvl2)
Training round 78 completed in 3 minutes and 34 seconds.
Expected completion: 23:29 2020-05-19.
Training round 79 stats
Wins 0.51, Ties 0.00, Losses 0.48, Game Length 18.46 moves
Loss p1: 0.197969, Loss p2: 0.187178
Benchmark Stats Training Round 79
W: 0.93, T: 0.00 (versus random)
W: 0.50, T: 0.00 (versus left)
W: 0.84, T: 0.00 (versus lvl1)
W: 0.23, T: 0.00 (versus lvl2)
Training round 79 completed in 3 minutes and 39 seconds.
Expected completion: 23:30 2020-05-19.
Training round 80 stats
Wins 0.52, Ties 0.00, Losses 0.48, Game Length 18.67 moves
Loss p1: 0.194671, Loss p2: 0.179400
Benchmark Stats Training Round 80
W: 0.87, T: 0.00 (versus random)
W: 1.00, T: 0.00 (versus left)
W: 0.82, T: 0.00 (versus lvl1)
W: 0.26, T: 0.00 (versus lvl2)
Training round 80 completed in 3 minutes and 56 seconds.
Expected completion: 23:37 2020-05-19.
Training round 81 stats
Wins 0.50, Ties 0.00, Losses 0.50, Game Length 18.70 moves
Loss p1: 0.201228, Loss p2: 0.185825
Benchmark Stats Training Round 81
W: 0.89, T: 0.00 (versus random)
W: 0.50, T: 0.00 (versus left)
W: 0.78, T: 0.00 (versus lvl1)
W: 0.34, T: 0.01 (versus lvl2)
Training round 81 completed in 3 minutes and 49 seconds.
Expected completion: 23:34 2020-05-19.
Training round 82 stats
Wins 0.51, Ties 0.00, Losses 0.49, Game Length 18.81 moves
Loss p1: 0.197084, Loss p2: 0.188835
Benchmark Stats Training Round 82
W: 0.91, T: 0.00 (versus random)
W: 0.50, T: 0.00 (versus left)
W: 0.87, T: 0.00 (versus lvl1)
W: 0.29, T: 0.01 (versus lvl2)
Training round 82 completed in 3 minutes and 59 seconds.
Expected completion: 23:38 2020-05-19.
Training round 83 stats
Wins 0.52, Ties 0.00, Losses 0.48, Game Length 18.52 moves
Loss p1: 0.195043, Loss p2: 0.186944
Benchmark Stats Training Round 83
W: 0.93, T: 0.00 (versus random)
W: 0.50, T: 0.00 (versus left)
W: 0.88, T: 0.00 (versus lvl1)
W: 0.35, T: 0.01 (versus lvl2)
Training round 83 completed in 3 minutes and 44 seconds.
Expected completion: 23:33 2020-05-19.
Training round 84 stats
Wins 0.54, Ties 0.00, Losses 0.46, Game Length 18.33 moves
Loss p1: 0.200617, Loss p2: 0.184285
Benchmark Stats Training Round 84
W: 0.94, T: 0.00 (versus random)
W: 0.50, T: 0.00 (versus left)
W: 0.85, T: 0.00 (versus lvl1)
W: 0.38, T: 0.00 (versus lvl2)
Training round 84 completed in 3 minutes and 31 seconds.
Expected completion: 23:29 2020-05-19.
Training round 85 stats
Wins 0.50, Ties 0.00, Losses 0.49, Game Length 18.86 moves
Loss p1: 0.197592, Loss p2: 0.188386
Benchmark Stats Training Round 85
W: 0.93, T: 0.00 (versus random)
W: 0.50, T: 0.00 (versus left)
W: 0.81, T: 0.00 (versus lvl1)
W: 0.41, T: 0.00 (versus lvl2)
Training round 85 completed in 3 minutes and 26 seconds.
Expected completion: 23:28 2020-05-19.
Training round 86 stats
Wins 0.51, Ties 0.00, Losses 0.49, Game Length 18.53 moves
Loss p1: 0.198260, Loss p2: 0.191132
Benchmark Stats Training Round 86
W: 0.94, T: 0.00 (versus random)
W: 0.50, T: 0.00 (versus left)
W: 0.89, T: 0.00 (versus lvl1)
W: 0.43, T: 0.01 (versus lvl2)
Training round 86 completed in 3 minutes and 48 seconds.
Expected completion: 23:33 2020-05-19.
Training round 87 stats
Wins 0.54, Ties 0.00, Losses 0.46, Game Length 18.17 moves
Loss p1: 0.200797, Loss p2: 0.186921
Benchmark Stats Training Round 87
W: 0.95, T: 0.00 (versus random)
W: 1.00, T: 0.00 (versus left)
W: 0.81, T: 0.00 (versus lvl1)
W: 0.32, T: 0.01 (versus lvl2)
Training round 87 completed in 3 minutes and 58 seconds.
Expected completion: 23:36 2020-05-19.
Training round 88 stats
Wins 0.49, Ties 0.00, Losses 0.51, Game Length 18.09 moves
Loss p1: 0.202996, Loss p2: 0.201454
Benchmark Stats Training Round 88
W: 0.89, T: 0.00 (versus random)
W: 1.00, T: 0.00 (versus left)
W: 0.82, T: 0.00 (versus lvl1)
W: 0.19, T: 0.01 (versus lvl2)
Training round 88 completed in 3 minutes and 48 seconds.
Expected completion: 23:34 2020-05-19.
Training round 89 stats
Wins 0.51, Ties 0.00, Losses 0.49, Game Length 18.57 moves
Loss p1: 0.205573, Loss p2: 0.192186
Benchmark Stats Training Round 89
W: 0.94, T: 0.00 (versus random)
W: 0.50, T: 0.00 (versus left)
W: 0.89, T: 0.00 (versus lvl1)
W: 0.38, T: 0.00 (versus lvl2)
Training round 89 completed in 3 minutes and 59 seconds.
Expected completion: 23:36 2020-05-19.
Training round 90 stats
Wins 0.48, Ties 0.00, Losses 0.52, Game Length 18.14 moves
Loss p1: 0.201132, Loss p2: 0.189957
Benchmark Stats Training Round 90
W: 0.91, T: 0.00 (versus random)
W: 1.00, T: 0.00 (versus left)
W: 0.79, T: 0.00 (versus lvl1)
W: 0.39, T: 0.01 (versus lvl2)
Training round 90 completed in 3 minutes and 41 seconds.
Expected completion: 23:32 2020-05-19.
Training round 91 stats
Wins 0.50, Ties 0.00, Losses 0.50, Game Length 18.63 moves
Loss p1: 0.197854, Loss p2: 0.201101
Benchmark Stats Training Round 91
W: 0.96, T: 0.00 (versus random)
W: 0.50, T: 0.00 (versus left)
W: 0.93, T: 0.00 (versus lvl1)
W: 0.40, T: 0.01 (versus lvl2)
Training round 91 completed in 3 minutes and 52 seconds.
Expected completion: 23:34 2020-05-19.
Training round 92 stats
Wins 0.49, Ties 0.00, Losses 0.51, Game Length 18.79 moves
Loss p1: 0.204427, Loss p2: 0.198486
Benchmark Stats Training Round 92
W: 0.97, T: 0.00 (versus random)
W: 0.50, T: 0.00 (versus left)
W: 0.89, T: 0.00 (versus lvl1)
W: 0.38, T: 0.00 (versus lvl2)
Training round 92 completed in 3 minutes and 32 seconds.
Expected completion: 23:31 2020-05-19.
Training round 93 stats
Wins 0.52, Ties 0.00, Losses 0.48, Game Length 18.28 moves
Loss p1: 0.198545, Loss p2: 0.194534
Benchmark Stats Training Round 93
W: 0.97, T: 0.00 (versus random)
W: 0.50, T: 0.00 (versus left)
W: 0.92, T: 0.00 (versus lvl1)
W: 0.34, T: 0.01 (versus lvl2)
Training round 93 completed in 3 minutes and 45 seconds.
Expected completion: 23:33 2020-05-19.
Training round 94 stats
Wins 0.52, Ties 0.00, Losses 0.48, Game Length 18.58 moves
Loss p1: 0.205226, Loss p2: 0.195584
Benchmark Stats Training Round 94
W: 0.95, T: 0.00 (versus random)
W: 0.50, T: 0.00 (versus left)
W: 0.87, T: 0.00 (versus lvl1)
W: 0.30, T: 0.02 (versus lvl2)
Training round 94 completed in 3 minutes and 47 seconds.
Expected completion: 23:33 2020-05-19.
Training round 95 stats
Wins 0.50, Ties 0.00, Losses 0.49, Game Length 18.05 moves
Loss p1: 0.207961, Loss p2: 0.197979
Benchmark Stats Training Round 95
W: 0.96, T: 0.00 (versus random)
W: 1.00, T: 0.00 (versus left)
W: 0.89, T: 0.00 (versus lvl1)
W: 0.34, T: 0.00 (versus lvl2)
Training round 95 completed in 3 minutes and 50 seconds.
Expected completion: 23:34 2020-05-19.
Training round 96 stats
Wins 0.54, Ties 0.00, Losses 0.46, Game Length 18.58 moves
Loss p1: 0.208728, Loss p2: 0.199689
Benchmark Stats Training Round 96
W: 0.98, T: 0.00 (versus random)
W: 0.50, T: 0.00 (versus left)
W: 0.94, T: 0.00 (versus lvl1)
W: 0.53, T: 0.02 (versus lvl2)
Training round 96 completed in 3 minutes and 47 seconds.
Expected completion: 23:33 2020-05-19.
Training round 97 stats
Wins 0.52, Ties 0.00, Losses 0.48, Game Length 18.42 moves
Loss p1: 0.209803, Loss p2: 0.201278
Benchmark Stats Training Round 97
W: 0.99, T: 0.00 (versus random)
W: 0.50, T: 0.00 (versus left)
W: 0.95, T: 0.00 (versus lvl1)
W: 0.47, T: 0.00 (versus lvl2)
Training round 97 completed in 3 minutes and 36 seconds.
Expected completion: 23:32 2020-05-19.
Training round 98 stats
Wins 0.50, Ties 0.00, Losses 0.50, Game Length 18.22 moves
Loss p1: 0.211616, Loss p2: 0.199908
Benchmark Stats Training Round 98
W: 0.98, T: 0.00 (versus random)
W: 0.50, T: 0.00 (versus left)
W: 0.78, T: 0.00 (versus lvl1)
W: 0.33, T: 0.00 (versus lvl2)
Training round 98 completed in 3 minutes and 41 seconds.
Expected completion: 23:33 2020-05-19.
Training round 99 stats
Wins 0.49, Ties 0.00, Losses 0.51, Game Length 18.55 moves
Loss p1: 0.214901, Loss p2: 0.205181
Benchmark Stats Training Round 99
W: 0.98, T: 0.00 (versus random)
W: 0.50, T: 0.00 (versus left)
W: 0.93, T: 0.00 (versus lvl1)
W: 0.47, T: 0.01 (versus lvl2)
Training round 99 completed in 3 minutes and 56 seconds.
Expected completion: 23:33 2020-05-19.
Training round 100 stats
Wins 0.50, Ties 0.00, Losses 0.49, Game Length 19.05 moves
Loss p1: 0.199543, Loss p2: 0.206827
Benchmark Stats Training Round 100
W: 0.93, T: 0.00 (versus random)
W: 0.50, T: 0.00 (versus left)
W: 0.72, T: 0.00 (versus lvl1)
W: 0.25, T: 0.01 (versus lvl2)
Training round 100 completed in 3 minutes and 49 seconds.
Expected completion: 23:33 2020-05-19.
