Training Neural Net on Connect 4
  self_play_batch_size: 1000
  benchmark_batch_size: 100
  training_rounds: 100
  memory_size: 1000
  network: B
  exploration: decay_training
  loss: MSE
  encoding: integer
  optimizer: Adam
  experience: yes

Benchmark Stats Training Round 0
W: 0.32, T: 0.00 (versus random)
W: 1.00, T: 0.00 (versus left)
W: 0.17, T: 0.00 (versus lvl1)
W: 0.01, T: 0.00 (versus lvl2)
Training round 1 stats
Wins 0.54, Ties 0.00, Losses 0.46, Game Length 20.44 moves
Loss p1: 0.128363, Loss p2: 0.141231
Benchmark Stats Training Round 1
W: 0.81, T: 0.00 (versus random)
W: 0.00, T: 0.00 (versus left)
W: 0.60, T: 0.00 (versus lvl1)
W: 0.21, T: 0.00 (versus lvl2)
Training round 1 completed in 1 minutes and 2 seconds.
Expected completion: 04:44 2020-05-17.
Training round 2 stats
Wins 0.51, Ties 0.00, Losses 0.49, Game Length 19.95 moves
Loss p1: 0.124051, Loss p2: 0.138605
Benchmark Stats Training Round 2
W: 0.75, T: 0.00 (versus random)
W: 0.50, T: 0.00 (versus left)
W: 0.60, T: 0.00 (versus lvl1)
W: 0.23, T: 0.00 (versus lvl2)
Training round 2 completed in 57 seconds.
Expected completion: 04:37 2020-05-17.
Training round 3 stats
Wins 0.50, Ties 0.00, Losses 0.50, Game Length 19.49 moves
Loss p1: 0.130484, Loss p2: 0.134222
Benchmark Stats Training Round 3
W: 0.79, T: 0.00 (versus random)
W: 0.50, T: 0.00 (versus left)
W: 0.52, T: 0.00 (versus lvl1)
W: 0.21, T: 0.00 (versus lvl2)
Training round 3 completed in 1 minutes and 2 seconds.
Expected completion: 04:45 2020-05-17.
Training round 4 stats
Wins 0.50, Ties 0.00, Losses 0.49, Game Length 19.73 moves
Loss p1: 0.131811, Loss p2: 0.132088
Benchmark Stats Training Round 4
W: 0.77, T: 0.00 (versus random)
W: 1.00, T: 0.00 (versus left)
W: 0.58, T: 0.00 (versus lvl1)
W: 0.20, T: 0.00 (versus lvl2)
Training round 4 completed in 1 minutes and 1 seconds.
Expected completion: 04:43 2020-05-17.
Training round 5 stats
Wins 0.49, Ties 0.00, Losses 0.51, Game Length 19.34 moves
Loss p1: 0.133614, Loss p2: 0.137458
Benchmark Stats Training Round 5
W: 0.90, T: 0.00 (versus random)
W: 0.00, T: 0.00 (versus left)
W: 0.72, T: 0.00 (versus lvl1)
W: 0.10, T: 0.00 (versus lvl2)
Training round 5 completed in 1 minutes and 5 seconds.
Expected completion: 04:50 2020-05-17.
Training round 6 stats
Wins 0.49, Ties 0.01, Losses 0.50, Game Length 19.25 moves
Loss p1: 0.130094, Loss p2: 0.136102
Benchmark Stats Training Round 6
W: 0.78, T: 0.00 (versus random)
W: 0.00, T: 0.00 (versus left)
W: 0.70, T: 0.00 (versus lvl1)
W: 0.13, T: 0.00 (versus lvl2)
Training round 6 completed in 1 minutes and 4 seconds.
Expected completion: 04:48 2020-05-17.
Training round 7 stats
Wins 0.50, Ties 0.00, Losses 0.50, Game Length 19.02 moves
Loss p1: 0.134232, Loss p2: 0.132968
Benchmark Stats Training Round 7
W: 0.85, T: 0.00 (versus random)
W: 0.00, T: 0.00 (versus left)
W: 0.55, T: 0.00 (versus lvl1)
W: 0.06, T: 0.00 (versus lvl2)
Training round 7 completed in 1 minutes and 10 seconds.
Expected completion: 04:57 2020-05-17.
Training round 8 stats
Wins 0.51, Ties 0.00, Losses 0.49, Game Length 18.59 moves
Loss p1: 0.137227, Loss p2: 0.144564
Benchmark Stats Training Round 8
W: 0.78, T: 0.00 (versus random)
W: 0.50, T: 0.00 (versus left)
W: 0.54, T: 0.00 (versus lvl1)
W: 0.07, T: 0.01 (versus lvl2)
Training round 8 completed in 1 minutes and 7 seconds.
Expected completion: 04:52 2020-05-17.
Training round 9 stats
Wins 0.49, Ties 0.00, Losses 0.50, Game Length 18.77 moves
Loss p1: 0.137616, Loss p2: 0.139774
Benchmark Stats Training Round 9
W: 0.88, T: 0.00 (versus random)
W: 1.00, T: 0.00 (versus left)
W: 0.59, T: 0.00 (versus lvl1)
W: 0.26, T: 0.00 (versus lvl2)
Training round 9 completed in 1 minutes and 10 seconds.
Expected completion: 04:58 2020-05-17.
Training round 10 stats
Wins 0.50, Ties 0.00, Losses 0.50, Game Length 17.97 moves
Loss p1: 0.144497, Loss p2: 0.142908
Benchmark Stats Training Round 10
W: 0.92, T: 0.00 (versus random)
W: 0.50, T: 0.00 (versus left)
W: 0.79, T: 0.00 (versus lvl1)
W: 0.20, T: 0.00 (versus lvl2)
Training round 10 completed in 1 minutes and 12 seconds.
Expected completion: 05:01 2020-05-17.
Training round 11 stats
Wins 0.48, Ties 0.00, Losses 0.52, Game Length 18.28 moves
Loss p1: 0.135548, Loss p2: 0.142044
Benchmark Stats Training Round 11
W: 0.85, T: 0.00 (versus random)
W: 0.50, T: 0.00 (versus left)
W: 0.73, T: 0.00 (versus lvl1)
W: 0.33, T: 0.00 (versus lvl2)
Training round 11 completed in 1 minutes and 13 seconds.
Expected completion: 05:02 2020-05-17.
Training round 12 stats
Wins 0.49, Ties 0.00, Losses 0.51, Game Length 17.83 moves
Loss p1: 0.144059, Loss p2: 0.150510
Benchmark Stats Training Round 12
W: 0.82, T: 0.00 (versus random)
W: 0.50, T: 0.00 (versus left)
W: 0.71, T: 0.00 (versus lvl1)
W: 0.16, T: 0.00 (versus lvl2)
Training round 12 completed in 1 minutes and 12 seconds.
Expected completion: 05:01 2020-05-17.
Training round 13 stats
Wins 0.49, Ties 0.00, Losses 0.51, Game Length 17.88 moves
Loss p1: 0.140153, Loss p2: 0.159509
Benchmark Stats Training Round 13
W: 0.86, T: 0.00 (versus random)
W: 0.50, T: 0.00 (versus left)
W: 0.68, T: 0.00 (versus lvl1)
W: 0.21, T: 0.01 (versus lvl2)
Training round 13 completed in 1 minutes and 18 seconds.
Expected completion: 05:09 2020-05-17.
Training round 14 stats
Wins 0.50, Ties 0.00, Losses 0.50, Game Length 17.79 moves
Loss p1: 0.144471, Loss p2: 0.155169
Benchmark Stats Training Round 14
W: 0.86, T: 0.00 (versus random)
W: 0.50, T: 0.00 (versus left)
W: 0.66, T: 0.00 (versus lvl1)
W: 0.28, T: 0.00 (versus lvl2)
Training round 14 completed in 1 minutes and 12 seconds.
Expected completion: 05:01 2020-05-17.
Training round 15 stats
Wins 0.51, Ties 0.00, Losses 0.49, Game Length 17.77 moves
Loss p1: 0.144665, Loss p2: 0.156114
Benchmark Stats Training Round 15
W: 0.87, T: 0.00 (versus random)
W: 0.00, T: 0.00 (versus left)
W: 0.72, T: 0.00 (versus lvl1)
W: 0.25, T: 0.00 (versus lvl2)
Training round 15 completed in 1 minutes and 14 seconds.
Expected completion: 05:03 2020-05-17.
Training round 16 stats
Wins 0.51, Ties 0.00, Losses 0.49, Game Length 17.73 moves
Loss p1: 0.144782, Loss p2: 0.156929
Benchmark Stats Training Round 16
W: 0.84, T: 0.01 (versus random)
W: 0.50, T: 0.00 (versus left)
W: 0.70, T: 0.00 (versus lvl1)
W: 0.24, T: 0.02 (versus lvl2)
Training round 16 completed in 1 minutes and 17 seconds.
Expected completion: 05:08 2020-05-17.
Training round 17 stats
Wins 0.49, Ties 0.00, Losses 0.51, Game Length 17.15 moves
Loss p1: 0.137867, Loss p2: 0.149624
Benchmark Stats Training Round 17
W: 0.90, T: 0.01 (versus random)
W: 0.50, T: 0.00 (versus left)
W: 0.72, T: 0.00 (versus lvl1)
W: 0.27, T: 0.00 (versus lvl2)
Training round 17 completed in 1 minutes and 13 seconds.
Expected completion: 05:03 2020-05-17.
Training round 18 stats
Wins 0.47, Ties 0.00, Losses 0.53, Game Length 18.01 moves
Loss p1: 0.143368, Loss p2: 0.157123
Benchmark Stats Training Round 18
W: 0.81, T: 0.00 (versus random)
W: 1.00, T: 0.00 (versus left)
W: 0.51, T: 0.00 (versus lvl1)
W: 0.17, T: 0.00 (versus lvl2)
Training round 18 completed in 1 minutes and 22 seconds.
Expected completion: 05:14 2020-05-17.
Training round 19 stats
Wins 0.49, Ties 0.00, Losses 0.51, Game Length 17.21 moves
Loss p1: 0.151482, Loss p2: 0.165934
Benchmark Stats Training Round 19
W: 0.84, T: 0.00 (versus random)
W: 0.50, T: 0.00 (versus left)
W: 0.69, T: 0.00 (versus lvl1)
W: 0.20, T: 0.00 (versus lvl2)
Training round 19 completed in 1 minutes and 19 seconds.
Expected completion: 05:10 2020-05-17.
Training round 20 stats
Wins 0.48, Ties 0.00, Losses 0.52, Game Length 17.03 moves
Loss p1: 0.150515, Loss p2: 0.160321
Benchmark Stats Training Round 20
W: 0.90, T: 0.00 (versus random)
W: 0.00, T: 0.00 (versus left)
W: 0.65, T: 0.00 (versus lvl1)
W: 0.19, T: 0.00 (versus lvl2)
Training round 20 completed in 1 minutes and 19 seconds.
Expected completion: 05:10 2020-05-17.
Training round 21 stats
Wins 0.50, Ties 0.00, Losses 0.50, Game Length 16.60 moves
Loss p1: 0.149243, Loss p2: 0.164949
Benchmark Stats Training Round 21
W: 0.85, T: 0.00 (versus random)
W: 0.00, T: 0.00 (versus left)
W: 0.79, T: 0.00 (versus lvl1)
W: 0.16, T: 0.00 (versus lvl2)
Training round 21 completed in 1 minutes and 19 seconds.
Expected completion: 05:10 2020-05-17.
Training round 22 stats
Wins 0.49, Ties 0.00, Losses 0.50, Game Length 16.93 moves
Loss p1: 0.149061, Loss p2: 0.164949
Benchmark Stats Training Round 22
W: 0.83, T: 0.00 (versus random)
W: 0.00, T: 0.00 (versus left)
W: 0.72, T: 0.00 (versus lvl1)
W: 0.16, T: 0.00 (versus lvl2)
Training round 22 completed in 1 minutes and 22 seconds.
Expected completion: 05:15 2020-05-17.
Training round 23 stats
Wins 0.47, Ties 0.00, Losses 0.53, Game Length 16.59 moves
Loss p1: 0.150048, Loss p2: 0.165292
Benchmark Stats Training Round 23
W: 0.87, T: 0.00 (versus random)
W: 1.00, T: 0.00 (versus left)
W: 0.72, T: 0.00 (versus lvl1)
W: 0.23, T: 0.00 (versus lvl2)
Training round 23 completed in 1 minutes and 21 seconds.
Expected completion: 05:13 2020-05-17.
Training round 24 stats
Wins 0.47, Ties 0.00, Losses 0.53, Game Length 16.75 moves
Loss p1: 0.154354, Loss p2: 0.182699
Benchmark Stats Training Round 24
W: 0.92, T: 0.00 (versus random)
W: 0.50, T: 0.00 (versus left)
W: 0.75, T: 0.00 (versus lvl1)
W: 0.22, T: 0.00 (versus lvl2)
Training round 24 completed in 1 minutes and 22 seconds.
Expected completion: 05:15 2020-05-17.
Training round 25 stats
Wins 0.47, Ties 0.00, Losses 0.53, Game Length 16.47 moves
Loss p1: 0.154312, Loss p2: 0.164997
Benchmark Stats Training Round 25
W: 0.84, T: 0.00 (versus random)
W: 0.50, T: 0.00 (versus left)
W: 0.66, T: 0.00 (versus lvl1)
W: 0.20, T: 0.00 (versus lvl2)
Training round 25 completed in 1 minutes and 22 seconds.
Expected completion: 05:15 2020-05-17.
Training round 26 stats
Wins 0.49, Ties 0.00, Losses 0.50, Game Length 16.59 moves
Loss p1: 0.151206, Loss p2: 0.175303
Benchmark Stats Training Round 26
W: 0.83, T: 0.00 (versus random)
W: 0.00, T: 0.00 (versus left)
W: 0.67, T: 0.00 (versus lvl1)
W: 0.11, T: 0.00 (versus lvl2)
Training round 26 completed in 1 minutes and 24 seconds.
Expected completion: 05:17 2020-05-17.
Training round 27 stats
Wins 0.47, Ties 0.00, Losses 0.52, Game Length 16.88 moves
Loss p1: 0.155809, Loss p2: 0.177252
Benchmark Stats Training Round 27
W: 0.80, T: 0.00 (versus random)
W: 0.00, T: 0.00 (versus left)
W: 0.68, T: 0.00 (versus lvl1)
W: 0.07, T: 0.00 (versus lvl2)
Training round 27 completed in 1 minutes and 25 seconds.
Expected completion: 05:18 2020-05-17.
Training round 28 stats
Wins 0.48, Ties 0.00, Losses 0.52, Game Length 16.53 moves
Loss p1: 0.155556, Loss p2: 0.190560
Benchmark Stats Training Round 28
W: 0.82, T: 0.00 (versus random)
W: 0.00, T: 0.00 (versus left)
W: 0.77, T: 0.00 (versus lvl1)
W: 0.28, T: 0.00 (versus lvl2)
Training round 28 completed in 1 minutes and 21 seconds.
Expected completion: 05:13 2020-05-17.
Training round 29 stats
Wins 0.51, Ties 0.00, Losses 0.49, Game Length 16.42 moves
Loss p1: 0.152415, Loss p2: 0.178634
Benchmark Stats Training Round 29
W: 0.84, T: 0.00 (versus random)
W: 0.50, T: 0.00 (versus left)
W: 0.73, T: 0.00 (versus lvl1)
W: 0.19, T: 0.00 (versus lvl2)
Training round 29 completed in 1 minutes and 29 seconds.
Expected completion: 05:23 2020-05-17.
Training round 30 stats
Wins 0.48, Ties 0.00, Losses 0.52, Game Length 16.58 moves
Loss p1: 0.154452, Loss p2: 0.189060
Benchmark Stats Training Round 30
W: 0.87, T: 0.00 (versus random)
W: 0.00, T: 0.00 (versus left)
W: 0.62, T: 0.00 (versus lvl1)
W: 0.16, T: 0.00 (versus lvl2)
Training round 30 completed in 1 minutes and 32 seconds.
Expected completion: 05:26 2020-05-17.
Training round 31 stats
Wins 0.53, Ties 0.00, Losses 0.47, Game Length 16.66 moves
Loss p1: 0.160421, Loss p2: 0.191361
Benchmark Stats Training Round 31
W: 0.84, T: 0.00 (versus random)
W: 1.00, T: 0.00 (versus left)
W: 0.66, T: 0.00 (versus lvl1)
W: 0.17, T: 0.00 (versus lvl2)
Training round 31 completed in 1 minutes and 28 seconds.
Expected completion: 05:22 2020-05-17.
Training round 32 stats
Wins 0.50, Ties 0.00, Losses 0.50, Game Length 16.67 moves
Loss p1: 0.158306, Loss p2: 0.189933
Benchmark Stats Training Round 32
W: 0.84, T: 0.01 (versus random)
W: 1.00, T: 0.00 (versus left)
W: 0.74, T: 0.00 (versus lvl1)
W: 0.28, T: 0.02 (versus lvl2)
Training round 32 completed in 1 minutes and 28 seconds.
Expected completion: 05:22 2020-05-17.
Training round 33 stats
Wins 0.55, Ties 0.00, Losses 0.45, Game Length 16.34 moves
Loss p1: 0.160144, Loss p2: 0.197853
Benchmark Stats Training Round 33
W: 0.90, T: 0.00 (versus random)
W: 0.50, T: 0.00 (versus left)
W: 0.86, T: 0.00 (versus lvl1)
W: 0.19, T: 0.00 (versus lvl2)
Training round 33 completed in 1 minutes and 28 seconds.
Expected completion: 05:22 2020-05-17.
Training round 34 stats
Wins 0.54, Ties 0.00, Losses 0.46, Game Length 16.34 moves
Loss p1: 0.154844, Loss p2: 0.184088
Benchmark Stats Training Round 34
W: 0.95, T: 0.00 (versus random)
W: 0.50, T: 0.00 (versus left)
W: 0.81, T: 0.00 (versus lvl1)
W: 0.31, T: 0.01 (versus lvl2)
Training round 34 completed in 1 minutes and 28 seconds.
Expected completion: 05:22 2020-05-17.
Training round 35 stats
Wins 0.51, Ties 0.00, Losses 0.49, Game Length 15.77 moves
Loss p1: 0.165718, Loss p2: 0.193745
Benchmark Stats Training Round 35
W: 0.89, T: 0.00 (versus random)
W: 0.50, T: 0.00 (versus left)
W: 0.85, T: 0.00 (versus lvl1)
W: 0.21, T: 0.00 (versus lvl2)
Training round 35 completed in 1 minutes and 27 seconds.
Expected completion: 05:21 2020-05-17.
Training round 36 stats
Wins 0.51, Ties 0.00, Losses 0.49, Game Length 16.20 moves
Loss p1: 0.158553, Loss p2: 0.186899
Benchmark Stats Training Round 36
W: 0.89, T: 0.00 (versus random)
W: 0.50, T: 0.00 (versus left)
W: 0.68, T: 0.00 (versus lvl1)
W: 0.32, T: 0.00 (versus lvl2)
Training round 36 completed in 1 minutes and 30 seconds.
Expected completion: 05:24 2020-05-17.
Training round 37 stats
Wins 0.45, Ties 0.00, Losses 0.55, Game Length 15.70 moves
Loss p1: 0.166426, Loss p2: 0.192636
Benchmark Stats Training Round 37
W: 0.89, T: 0.00 (versus random)
W: 1.00, T: 0.00 (versus left)
W: 0.75, T: 0.00 (versus lvl1)
W: 0.25, T: 0.01 (versus lvl2)
Training round 37 completed in 1 minutes and 30 seconds.
Expected completion: 05:24 2020-05-17.
Training round 38 stats
Wins 0.47, Ties 0.00, Losses 0.53, Game Length 15.44 moves
Loss p1: 0.177117, Loss p2: 0.199868
Benchmark Stats Training Round 38
W: 0.87, T: 0.00 (versus random)
W: 0.50, T: 0.00 (versus left)
W: 0.73, T: 0.00 (versus lvl1)
W: 0.14, T: 0.00 (versus lvl2)
Training round 38 completed in 1 minutes and 28 seconds.
Expected completion: 05:22 2020-05-17.
Training round 39 stats
Wins 0.51, Ties 0.00, Losses 0.49, Game Length 16.07 moves
Loss p1: 0.172202, Loss p2: 0.186279
Benchmark Stats Training Round 39
W: 0.94, T: 0.00 (versus random)
W: 0.50, T: 0.00 (versus left)
W: 0.80, T: 0.00 (versus lvl1)
W: 0.32, T: 0.00 (versus lvl2)
Training round 39 completed in 1 minutes and 30 seconds.
Expected completion: 05:24 2020-05-17.
Training round 40 stats
Wins 0.50, Ties 0.00, Losses 0.50, Game Length 16.37 moves
Loss p1: 0.167517, Loss p2: 0.184074
Benchmark Stats Training Round 40
W: 0.92, T: 0.00 (versus random)
W: 0.50, T: 0.00 (versus left)
W: 0.84, T: 0.00 (versus lvl1)
W: 0.25, T: 0.01 (versus lvl2)
Training round 40 completed in 1 minutes and 33 seconds.
Expected completion: 05:27 2020-05-17.
Training round 41 stats
Wins 0.49, Ties 0.00, Losses 0.51, Game Length 15.64 moves
Loss p1: 0.168530, Loss p2: 0.193231
Benchmark Stats Training Round 41
W: 0.86, T: 0.00 (versus random)
W: 1.00, T: 0.00 (versus left)
W: 0.78, T: 0.00 (versus lvl1)
W: 0.28, T: 0.00 (versus lvl2)
Training round 41 completed in 1 minutes and 28 seconds.
Expected completion: 05:22 2020-05-17.
Training round 42 stats
Wins 0.48, Ties 0.00, Losses 0.52, Game Length 16.43 moves
Loss p1: 0.162560, Loss p2: 0.187971
Benchmark Stats Training Round 42
W: 0.91, T: 0.00 (versus random)
W: 1.00, T: 0.00 (versus left)
W: 0.84, T: 0.00 (versus lvl1)
W: 0.32, T: 0.01 (versus lvl2)
Training round 42 completed in 1 minutes and 34 seconds.
Expected completion: 05:28 2020-05-17.
Training round 43 stats
Wins 0.54, Ties 0.00, Losses 0.46, Game Length 16.04 moves
Loss p1: 0.163808, Loss p2: 0.182714
Benchmark Stats Training Round 43
W: 0.94, T: 0.00 (versus random)
W: 0.50, T: 0.00 (versus left)
W: 0.84, T: 0.00 (versus lvl1)
W: 0.42, T: 0.01 (versus lvl2)
Training round 43 completed in 1 minutes and 33 seconds.
Expected completion: 05:27 2020-05-17.
Training round 44 stats
Wins 0.48, Ties 0.00, Losses 0.52, Game Length 16.05 moves
Loss p1: 0.164650, Loss p2: 0.179422
Benchmark Stats Training Round 44
W: 0.97, T: 0.00 (versus random)
W: 0.50, T: 0.00 (versus left)
W: 0.91, T: 0.00 (versus lvl1)
W: 0.32, T: 0.01 (versus lvl2)
Training round 44 completed in 1 minutes and 34 seconds.
Expected completion: 05:28 2020-05-17.
Training round 45 stats
Wins 0.48, Ties 0.00, Losses 0.52, Game Length 16.40 moves
Loss p1: 0.169874, Loss p2: 0.188843
Benchmark Stats Training Round 45
W: 0.89, T: 0.00 (versus random)
W: 1.00, T: 0.00 (versus left)
W: 0.86, T: 0.00 (versus lvl1)
W: 0.30, T: 0.00 (versus lvl2)
Training round 45 completed in 1 minutes and 37 seconds.
Expected completion: 05:30 2020-05-17.
Training round 46 stats
Wins 0.52, Ties 0.00, Losses 0.48, Game Length 16.50 moves
Loss p1: 0.176541, Loss p2: 0.191161
Benchmark Stats Training Round 46
W: 0.93, T: 0.00 (versus random)
W: 0.50, T: 0.00 (versus left)
W: 0.80, T: 0.00 (versus lvl1)
W: 0.28, T: 0.00 (versus lvl2)
Training round 46 completed in 1 minutes and 38 seconds.
Expected completion: 05:31 2020-05-17.
Training round 47 stats
Wins 0.50, Ties 0.00, Losses 0.50, Game Length 16.23 moves
Loss p1: 0.175782, Loss p2: 0.195854
Benchmark Stats Training Round 47
W: 0.92, T: 0.00 (versus random)
W: 0.00, T: 0.00 (versus left)
W: 0.81, T: 0.00 (versus lvl1)
W: 0.28, T: 0.01 (versus lvl2)
Training round 47 completed in 1 minutes and 37 seconds.
Expected completion: 05:31 2020-05-17.
Training round 48 stats
Wins 0.50, Ties 0.00, Losses 0.50, Game Length 16.58 moves
Loss p1: 0.177947, Loss p2: 0.186511
Benchmark Stats Training Round 48
W: 0.92, T: 0.00 (versus random)
W: 0.50, T: 0.00 (versus left)
W: 0.79, T: 0.00 (versus lvl1)
W: 0.48, T: 0.00 (versus lvl2)
Training round 48 completed in 1 minutes and 38 seconds.
Expected completion: 05:31 2020-05-17.
Training round 49 stats
Wins 0.48, Ties 0.00, Losses 0.52, Game Length 15.73 moves
Loss p1: 0.181548, Loss p2: 0.186534
Benchmark Stats Training Round 49
W: 0.89, T: 0.00 (versus random)
W: 0.50, T: 0.00 (versus left)
W: 0.83, T: 0.00 (versus lvl1)
W: 0.31, T: 0.01 (versus lvl2)
Training round 49 completed in 1 minutes and 35 seconds.
Expected completion: 05:29 2020-05-17.
Training round 50 stats
Wins 0.54, Ties 0.00, Losses 0.46, Game Length 15.54 moves
Loss p1: 0.188548, Loss p2: 0.188738
Benchmark Stats Training Round 50
W: 0.92, T: 0.00 (versus random)
W: 0.50, T: 0.00 (versus left)
W: 0.83, T: 0.00 (versus lvl1)
W: 0.17, T: 0.02 (versus lvl2)
Training round 50 completed in 1 minutes and 39 seconds.
Expected completion: 05:32 2020-05-17.
Training round 51 stats
Wins 0.51, Ties 0.00, Losses 0.49, Game Length 15.11 moves
Loss p1: 0.195584, Loss p2: 0.200415
Benchmark Stats Training Round 51
W: 0.94, T: 0.00 (versus random)
W: 1.00, T: 0.00 (versus left)
W: 0.86, T: 0.00 (versus lvl1)
W: 0.27, T: 0.00 (versus lvl2)
Training round 51 completed in 1 minutes and 33 seconds.
Expected completion: 05:27 2020-05-17.
Training round 52 stats
Wins 0.55, Ties 0.00, Losses 0.45, Game Length 15.65 moves
Loss p1: 0.179072, Loss p2: 0.191723
Benchmark Stats Training Round 52
W: 0.91, T: 0.00 (versus random)
W: 0.50, T: 0.00 (versus left)
W: 0.86, T: 0.00 (versus lvl1)
W: 0.38, T: 0.00 (versus lvl2)
Training round 52 completed in 1 minutes and 38 seconds.
Expected completion: 05:31 2020-05-17.
Training round 53 stats
Wins 0.55, Ties 0.00, Losses 0.45, Game Length 16.33 moves
Loss p1: 0.183000, Loss p2: 0.192148
Benchmark Stats Training Round 53
W: 0.97, T: 0.00 (versus random)
W: 0.50, T: 0.00 (versus left)
W: 0.89, T: 0.00 (versus lvl1)
W: 0.46, T: 0.01 (versus lvl2)
Training round 53 completed in 1 minutes and 39 seconds.
Expected completion: 05:32 2020-05-17.
Training round 54 stats
Wins 0.56, Ties 0.00, Losses 0.44, Game Length 16.55 moves
Loss p1: 0.168840, Loss p2: 0.189039
Benchmark Stats Training Round 54
W: 0.94, T: 0.00 (versus random)
W: 0.00, T: 0.00 (versus left)
W: 0.87, T: 0.00 (versus lvl1)
W: 0.31, T: 0.00 (versus lvl2)
Training round 54 completed in 1 minutes and 40 seconds.
Expected completion: 05:33 2020-05-17.
Training round 55 stats
Wins 0.53, Ties 0.00, Losses 0.47, Game Length 16.17 moves
Loss p1: 0.188180, Loss p2: 0.198709
Benchmark Stats Training Round 55
W: 0.96, T: 0.00 (versus random)
W: 1.00, T: 0.00 (versus left)
W: 0.87, T: 0.00 (versus lvl1)
W: 0.48, T: 0.01 (versus lvl2)
Training round 55 completed in 1 minutes and 41 seconds.
Expected completion: 05:34 2020-05-17.
Training round 56 stats
Wins 0.55, Ties 0.00, Losses 0.45, Game Length 16.45 moves
Loss p1: 0.185873, Loss p2: 0.202770
Benchmark Stats Training Round 56
W: 0.98, T: 0.00 (versus random)
W: 1.00, T: 0.00 (versus left)
W: 0.92, T: 0.00 (versus lvl1)
W: 0.35, T: 0.00 (versus lvl2)
Training round 56 completed in 1 minutes and 41 seconds.
Expected completion: 05:34 2020-05-17.
Training round 57 stats
Wins 0.53, Ties 0.00, Losses 0.47, Game Length 16.42 moves
Loss p1: 0.187805, Loss p2: 0.196532
Benchmark Stats Training Round 57
W: 0.95, T: 0.00 (versus random)
W: 1.00, T: 0.00 (versus left)
W: 0.86, T: 0.00 (versus lvl1)
W: 0.26, T: 0.00 (versus lvl2)
Training round 57 completed in 1 minutes and 44 seconds.
Expected completion: 05:36 2020-05-17.
Training round 58 stats
Wins 0.52, Ties 0.00, Losses 0.48, Game Length 16.35 moves
Loss p1: 0.183908, Loss p2: 0.198553
Benchmark Stats Training Round 58
W: 0.90, T: 0.00 (versus random)
W: 0.50, T: 0.00 (versus left)
W: 0.81, T: 0.00 (versus lvl1)
W: 0.34, T: 0.00 (versus lvl2)
Training round 58 completed in 1 minutes and 43 seconds.
Expected completion: 05:35 2020-05-17.
Training round 59 stats
Wins 0.55, Ties 0.00, Losses 0.45, Game Length 17.22 moves
Loss p1: 0.193468, Loss p2: 0.195396
Benchmark Stats Training Round 59
W: 0.95, T: 0.00 (versus random)
W: 1.00, T: 0.00 (versus left)
W: 0.86, T: 0.00 (versus lvl1)
W: 0.36, T: 0.00 (versus lvl2)
Training round 59 completed in 1 minutes and 48 seconds.
Expected completion: 05:39 2020-05-17.
Training round 60 stats
Wins 0.51, Ties 0.00, Losses 0.49, Game Length 17.64 moves
Loss p1: 0.174364, Loss p2: 0.186981
Benchmark Stats Training Round 60
W: 0.96, T: 0.00 (versus random)
W: 0.50, T: 0.00 (versus left)
W: 0.89, T: 0.00 (versus lvl1)
W: 0.35, T: 0.00 (versus lvl2)
Training round 60 completed in 1 minutes and 50 seconds.
Expected completion: 05:40 2020-05-17.
Training round 61 stats
Wins 0.52, Ties 0.00, Losses 0.48, Game Length 17.50 moves
Loss p1: 0.183287, Loss p2: 0.194879
Benchmark Stats Training Round 61
W: 0.97, T: 0.00 (versus random)
W: 1.00, T: 0.00 (versus left)
W: 0.95, T: 0.00 (versus lvl1)
W: 0.67, T: 0.00 (versus lvl2)
Training round 61 completed in 1 minutes and 45 seconds.
Expected completion: 05:37 2020-05-17.
Training round 62 stats
Wins 0.52, Ties 0.00, Losses 0.48, Game Length 17.50 moves
Loss p1: 0.192125, Loss p2: 0.194398
Benchmark Stats Training Round 62
W: 0.95, T: 0.00 (versus random)
W: 1.00, T: 0.00 (versus left)
W: 0.93, T: 0.00 (versus lvl1)
W: 0.42, T: 0.02 (versus lvl2)
Training round 62 completed in 1 minutes and 49 seconds.
Expected completion: 05:39 2020-05-17.
Training round 63 stats
Wins 0.48, Ties 0.00, Losses 0.51, Game Length 17.14 moves
Loss p1: 0.181741, Loss p2: 0.183617
Benchmark Stats Training Round 63
W: 0.97, T: 0.00 (versus random)
W: 1.00, T: 0.00 (versus left)
W: 0.89, T: 0.00 (versus lvl1)
W: 0.49, T: 0.00 (versus lvl2)
Training round 63 completed in 1 minutes and 45 seconds.
Expected completion: 05:37 2020-05-17.
Training round 64 stats
Wins 0.58, Ties 0.00, Losses 0.42, Game Length 16.36 moves
Loss p1: 0.181142, Loss p2: 0.187401
Benchmark Stats Training Round 64
W: 0.92, T: 0.00 (versus random)
W: 1.00, T: 0.00 (versus left)
W: 0.93, T: 0.00 (versus lvl1)
W: 0.34, T: 0.02 (versus lvl2)
Training round 64 completed in 1 minutes and 49 seconds.
Expected completion: 05:39 2020-05-17.
Training round 65 stats
Wins 0.53, Ties 0.00, Losses 0.46, Game Length 18.14 moves
Loss p1: 0.182220, Loss p2: 0.186484
Benchmark Stats Training Round 65
W: 0.85, T: 0.01 (versus random)
W: 0.50, T: 0.00 (versus left)
W: 0.85, T: 0.00 (versus lvl1)
W: 0.39, T: 0.02 (versus lvl2)
Training round 65 completed in 1 minutes and 59 seconds.
Expected completion: 05:45 2020-05-17.
Training round 66 stats
Wins 0.52, Ties 0.00, Losses 0.48, Game Length 17.75 moves
Loss p1: 0.191157, Loss p2: 0.195453
Benchmark Stats Training Round 66
W: 0.93, T: 0.00 (versus random)
W: 1.00, T: 0.00 (versus left)
W: 0.80, T: 0.00 (versus lvl1)
W: 0.38, T: 0.02 (versus lvl2)
Training round 66 completed in 1 minutes and 55 seconds.
Expected completion: 05:43 2020-05-17.
Training round 67 stats
Wins 0.52, Ties 0.00, Losses 0.48, Game Length 18.02 moves
Loss p1: 0.186552, Loss p2: 0.196700
Benchmark Stats Training Round 67
W: 0.97, T: 0.00 (versus random)
W: 1.00, T: 0.00 (versus left)
W: 0.92, T: 0.00 (versus lvl1)
W: 0.43, T: 0.02 (versus lvl2)
Training round 67 completed in 1 minutes and 52 seconds.
Expected completion: 05:41 2020-05-17.
Training round 68 stats
Wins 0.50, Ties 0.00, Losses 0.49, Game Length 18.11 moves
Loss p1: 0.194752, Loss p2: 0.198606
Benchmark Stats Training Round 68
W: 0.97, T: 0.00 (versus random)
W: 1.00, T: 0.00 (versus left)
W: 0.92, T: 0.00 (versus lvl1)
W: 0.48, T: 0.02 (versus lvl2)
Training round 68 completed in 1 minutes and 51 seconds.
Expected completion: 05:41 2020-05-17.
Training round 69 stats
Wins 0.53, Ties 0.00, Losses 0.47, Game Length 17.81 moves
Loss p1: 0.191250, Loss p2: 0.202788
Benchmark Stats Training Round 69
W: 0.96, T: 0.00 (versus random)
W: 1.00, T: 0.00 (versus left)
W: 0.90, T: 0.00 (versus lvl1)
W: 0.43, T: 0.01 (versus lvl2)
Training round 69 completed in 1 minutes and 52 seconds.
Expected completion: 05:41 2020-05-17.
Training round 70 stats
Wins 0.48, Ties 0.00, Losses 0.51, Game Length 19.54 moves
Loss p1: 0.182656, Loss p2: 0.192547
Benchmark Stats Training Round 70
W: 0.94, T: 0.01 (versus random)
W: 1.00, T: 0.00 (versus left)
W: 0.86, T: 0.00 (versus lvl1)
W: 0.48, T: 0.00 (versus lvl2)
Training round 70 completed in 2 minutes and 8 seconds.
Expected completion: 05:49 2020-05-17.
Training round 71 stats
Wins 0.52, Ties 0.00, Losses 0.48, Game Length 18.98 moves
Loss p1: 0.182963, Loss p2: 0.199735
Benchmark Stats Training Round 71
W: 0.96, T: 0.00 (versus random)
W: 1.00, T: 0.00 (versus left)
W: 0.85, T: 0.00 (versus lvl1)
W: 0.34, T: 0.02 (versus lvl2)
Training round 71 completed in 2 minutes and 1 seconds.
Expected completion: 05:46 2020-05-17.
Training round 72 stats
Wins 0.53, Ties 0.00, Losses 0.46, Game Length 17.77 moves
Loss p1: 0.184242, Loss p2: 0.196983
Benchmark Stats Training Round 72
W: 0.96, T: 0.00 (versus random)
W: 0.50, T: 0.00 (versus left)
W: 0.95, T: 0.00 (versus lvl1)
W: 0.53, T: 0.02 (versus lvl2)
Training round 72 completed in 1 minutes and 51 seconds.
Expected completion: 05:41 2020-05-17.
Training round 73 stats
Wins 0.51, Ties 0.00, Losses 0.49, Game Length 18.41 moves
Loss p1: 0.190607, Loss p2: 0.196770
Benchmark Stats Training Round 73
W: 0.98, T: 0.00 (versus random)
W: 1.00, T: 0.00 (versus left)
W: 0.91, T: 0.00 (versus lvl1)
W: 0.63, T: 0.01 (versus lvl2)
Training round 73 completed in 1 minutes and 55 seconds.
Expected completion: 05:43 2020-05-17.
Training round 74 stats
Wins 0.51, Ties 0.00, Losses 0.49, Game Length 18.62 moves
Loss p1: 0.192206, Loss p2: 0.198698
Benchmark Stats Training Round 74
W: 0.97, T: 0.00 (versus random)
W: 0.50, T: 0.00 (versus left)
W: 0.93, T: 0.01 (versus lvl1)
W: 0.54, T: 0.02 (versus lvl2)
Training round 74 completed in 1 minutes and 56 seconds.
Expected completion: 05:43 2020-05-17.
Training round 75 stats
Wins 0.51, Ties 0.01, Losses 0.48, Game Length 18.68 moves
Loss p1: 0.182650, Loss p2: 0.193196
Benchmark Stats Training Round 75
W: 0.98, T: 0.00 (versus random)
W: 1.00, T: 0.00 (versus left)
W: 0.94, T: 0.00 (versus lvl1)
W: 0.59, T: 0.02 (versus lvl2)
Training round 75 completed in 1 minutes and 57 seconds.
Expected completion: 05:44 2020-05-17.
Training round 76 stats
Wins 0.54, Ties 0.00, Losses 0.45, Game Length 19.29 moves
Loss p1: 0.188115, Loss p2: 0.185593
Benchmark Stats Training Round 76
W: 0.99, T: 0.00 (versus random)
W: 1.00, T: 0.00 (versus left)
W: 0.92, T: 0.00 (versus lvl1)
W: 0.54, T: 0.00 (versus lvl2)
Training round 76 completed in 1 minutes and 58 seconds.
Expected completion: 05:44 2020-05-17.
Training round 77 stats
Wins 0.55, Ties 0.00, Losses 0.44, Game Length 18.97 moves
Loss p1: 0.186999, Loss p2: 0.194784
Benchmark Stats Training Round 77
W: 0.96, T: 0.00 (versus random)
W: 0.50, T: 0.00 (versus left)
W: 0.90, T: 0.00 (versus lvl1)
W: 0.51, T: 0.01 (versus lvl2)
Training round 77 completed in 1 minutes and 58 seconds.
Expected completion: 05:44 2020-05-17.
Training round 78 stats
Wins 0.56, Ties 0.00, Losses 0.44, Game Length 19.15 moves
Loss p1: 0.185892, Loss p2: 0.195525
Benchmark Stats Training Round 78
W: 0.99, T: 0.00 (versus random)
W: 1.00, T: 0.00 (versus left)
W: 0.92, T: 0.00 (versus lvl1)
W: 0.50, T: 0.01 (versus lvl2)
Training round 78 completed in 2 minutes and 1 seconds.
Expected completion: 05:45 2020-05-17.
Training round 79 stats
Wins 0.51, Ties 0.01, Losses 0.48, Game Length 19.06 moves
Loss p1: 0.178019, Loss p2: 0.188672
Benchmark Stats Training Round 79
W: 0.97, T: 0.00 (versus random)
W: 0.50, T: 0.00 (versus left)
W: 0.91, T: 0.00 (versus lvl1)
W: 0.46, T: 0.01 (versus lvl2)
Training round 79 completed in 2 minutes and 4 seconds.
Expected completion: 05:47 2020-05-17.
Training round 80 stats
Wins 0.54, Ties 0.00, Losses 0.46, Game Length 19.65 moves
Loss p1: 0.184841, Loss p2: 0.195122
Benchmark Stats Training Round 80
W: 0.99, T: 0.00 (versus random)
W: 0.50, T: 0.00 (versus left)
W: 0.96, T: 0.00 (versus lvl1)
W: 0.60, T: 0.00 (versus lvl2)
Training round 80 completed in 1 minutes and 59 seconds.
Expected completion: 05:45 2020-05-17.
Training round 81 stats
Wins 0.56, Ties 0.01, Losses 0.43, Game Length 18.84 moves
Loss p1: 0.187926, Loss p2: 0.196225
Benchmark Stats Training Round 81
W: 0.95, T: 0.00 (versus random)
W: 1.00, T: 0.00 (versus left)
W: 0.97, T: 0.00 (versus lvl1)
W: 0.47, T: 0.03 (versus lvl2)
Training round 81 completed in 2 minutes and 4 seconds.
Expected completion: 05:46 2020-05-17.
Training round 82 stats
Wins 0.55, Ties 0.00, Losses 0.45, Game Length 18.47 moves
Loss p1: 0.183102, Loss p2: 0.190375
Benchmark Stats Training Round 82
W: 0.96, T: 0.00 (versus random)
W: 0.50, T: 0.00 (versus left)
W: 0.90, T: 0.00 (versus lvl1)
W: 0.66, T: 0.00 (versus lvl2)
Training round 82 completed in 1 minutes and 60 seconds.
Expected completion: 05:45 2020-05-17.
Training round 83 stats
Wins 0.52, Ties 0.00, Losses 0.48, Game Length 19.57 moves
Loss p1: 0.186239, Loss p2: 0.196415
Benchmark Stats Training Round 83
W: 1.00, T: 0.00 (versus random)
W: 1.00, T: 0.00 (versus left)
W: 0.92, T: 0.00 (versus lvl1)
W: 0.58, T: 0.02 (versus lvl2)
Training round 83 completed in 2 minutes and 4 seconds.
Expected completion: 05:46 2020-05-17.
Training round 84 stats
Wins 0.55, Ties 0.01, Losses 0.45, Game Length 19.73 moves
Loss p1: 0.192546, Loss p2: 0.194769
Benchmark Stats Training Round 84
W: 0.99, T: 0.00 (versus random)
W: 0.50, T: 0.00 (versus left)
W: 0.96, T: 0.00 (versus lvl1)
W: 0.60, T: 0.00 (versus lvl2)
Training round 84 completed in 2 minutes and 6 seconds.
Expected completion: 05:47 2020-05-17.
Training round 85 stats
Wins 0.54, Ties 0.00, Losses 0.46, Game Length 18.79 moves
Loss p1: 0.211231, Loss p2: 0.216593
Benchmark Stats Training Round 85
W: 0.99, T: 0.00 (versus random)
W: 1.00, T: 0.00 (versus left)
W: 0.97, T: 0.00 (versus lvl1)
W: 0.65, T: 0.00 (versus lvl2)
Training round 85 completed in 1 minutes and 59 seconds.
Expected completion: 05:45 2020-05-17.
Training round 86 stats
Wins 0.59, Ties 0.00, Losses 0.41, Game Length 18.80 moves
Loss p1: 0.186332, Loss p2: 0.204130
Benchmark Stats Training Round 86
W: 0.98, T: 0.00 (versus random)
W: 0.50, T: 0.00 (versus left)
W: 0.96, T: 0.00 (versus lvl1)
W: 0.53, T: 0.00 (versus lvl2)
Training round 86 completed in 2 minutes and 1 seconds.
Expected completion: 05:46 2020-05-17.
Training round 87 stats
Wins 0.56, Ties 0.00, Losses 0.43, Game Length 18.43 moves
Loss p1: 0.189706, Loss p2: 0.194783
Benchmark Stats Training Round 87
W: 1.00, T: 0.00 (versus random)
W: 1.00, T: 0.00 (versus left)
W: 0.94, T: 0.00 (versus lvl1)
W: 0.62, T: 0.01 (versus lvl2)
Training round 87 completed in 2 minutes and 0 seconds.
Expected completion: 05:45 2020-05-17.
Training round 88 stats
Wins 0.53, Ties 0.01, Losses 0.46, Game Length 19.64 moves
Loss p1: 0.173233, Loss p2: 0.181187
Benchmark Stats Training Round 88
W: 0.97, T: 0.00 (versus random)
W: 0.50, T: 0.00 (versus left)
W: 0.93, T: 0.00 (versus lvl1)
W: 0.55, T: 0.00 (versus lvl2)
Training round 88 completed in 2 minutes and 5 seconds.
Expected completion: 05:46 2020-05-17.
Training round 89 stats
Wins 0.60, Ties 0.01, Losses 0.39, Game Length 18.28 moves
Loss p1: 0.193738, Loss p2: 0.202372
Benchmark Stats Training Round 89
W: 0.98, T: 0.00 (versus random)
W: 1.00, T: 0.00 (versus left)
W: 0.93, T: 0.00 (versus lvl1)
W: 0.56, T: 0.02 (versus lvl2)
Training round 89 completed in 1 minutes and 58 seconds.
Expected completion: 05:45 2020-05-17.
Training round 90 stats
Wins 0.62, Ties 0.00, Losses 0.37, Game Length 19.78 moves
Loss p1: 0.183828, Loss p2: 0.185786
Benchmark Stats Training Round 90
W: 0.99, T: 0.00 (versus random)
W: 1.00, T: 0.00 (versus left)
W: 0.97, T: 0.00 (versus lvl1)
W: 0.61, T: 0.01 (versus lvl2)
Training round 90 completed in 2 minutes and 5 seconds.
Expected completion: 05:46 2020-05-17.
Training round 91 stats
Wins 0.66, Ties 0.01, Losses 0.34, Game Length 20.44 moves
Loss p1: 0.160938, Loss p2: 0.172868
Benchmark Stats Training Round 91
W: 0.98, T: 0.00 (versus random)
W: 1.00, T: 0.00 (versus left)
W: 0.94, T: 0.00 (versus lvl1)
W: 0.70, T: 0.01 (versus lvl2)
Training round 91 completed in 2 minutes and 8 seconds.
Expected completion: 05:47 2020-05-17.
Training round 92 stats
Wins 0.60, Ties 0.00, Losses 0.40, Game Length 19.79 moves
Loss p1: 0.189141, Loss p2: 0.199386
Benchmark Stats Training Round 92
W: 0.99, T: 0.00 (versus random)
W: 1.00, T: 0.00 (versus left)
W: 0.94, T: 0.00 (versus lvl1)
W: 0.51, T: 0.00 (versus lvl2)
Training round 92 completed in 2 minutes and 9 seconds.
Expected completion: 05:47 2020-05-17.
Training round 93 stats
Wins 0.60, Ties 0.01, Losses 0.39, Game Length 20.25 moves
Loss p1: 0.189004, Loss p2: 0.206368
Benchmark Stats Training Round 93
W: 0.98, T: 0.00 (versus random)
W: 1.00, T: 0.00 (versus left)
W: 0.95, T: 0.00 (versus lvl1)
W: 0.64, T: 0.01 (versus lvl2)
Training round 93 completed in 2 minutes and 6 seconds.
Expected completion: 05:47 2020-05-17.
Training round 94 stats
Wins 0.55, Ties 0.00, Losses 0.45, Game Length 20.12 moves
Loss p1: 0.192491, Loss p2: 0.205772
Benchmark Stats Training Round 94
W: 0.96, T: 0.00 (versus random)
W: 1.00, T: 0.00 (versus left)
W: 0.92, T: 0.00 (versus lvl1)
W: 0.49, T: 0.00 (versus lvl2)
Training round 94 completed in 2 minutes and 11 seconds.
Expected completion: 05:47 2020-05-17.
Training round 95 stats
Wins 0.55, Ties 0.01, Losses 0.44, Game Length 21.38 moves
Loss p1: 0.194744, Loss p2: 0.212842
Benchmark Stats Training Round 95
W: 0.98, T: 0.00 (versus random)
W: 1.00, T: 0.00 (versus left)
W: 0.93, T: 0.00 (versus lvl1)
W: 0.42, T: 0.01 (versus lvl2)
Training round 95 completed in 2 minutes and 20 seconds.
Expected completion: 05:48 2020-05-17.
Training round 96 stats
Wins 0.51, Ties 0.01, Losses 0.48, Game Length 20.58 moves
Loss p1: 0.192043, Loss p2: 0.205777
Benchmark Stats Training Round 96
W: 0.97, T: 0.00 (versus random)
W: 1.00, T: 0.00 (versus left)
W: 0.93, T: 0.00 (versus lvl1)
W: 0.49, T: 0.00 (versus lvl2)
Training round 96 completed in 2 minutes and 13 seconds.
Expected completion: 05:48 2020-05-17.
Training round 97 stats
Wins 0.50, Ties 0.01, Losses 0.49, Game Length 19.79 moves
Loss p1: 0.195026, Loss p2: 0.204407
Benchmark Stats Training Round 97
W: 0.94, T: 0.00 (versus random)
W: 1.00, T: 0.00 (versus left)
W: 0.90, T: 0.00 (versus lvl1)
W: 0.63, T: 0.01 (versus lvl2)
Training round 97 completed in 2 minutes and 9 seconds.
Expected completion: 05:47 2020-05-17.
Training round 98 stats
Wins 0.53, Ties 0.01, Losses 0.46, Game Length 21.19 moves
Loss p1: 0.189257, Loss p2: 0.204157
Benchmark Stats Training Round 98
W: 0.97, T: 0.00 (versus random)
W: 0.50, T: 0.00 (versus left)
W: 0.96, T: 0.00 (versus lvl1)
W: 0.61, T: 0.03 (versus lvl2)
Training round 98 completed in 2 minutes and 17 seconds.
Expected completion: 05:48 2020-05-17.
Training round 99 stats
Wins 0.52, Ties 0.01, Losses 0.47, Game Length 19.96 moves
Loss p1: 0.190156, Loss p2: 0.204725
Benchmark Stats Training Round 99
W: 1.00, T: 0.00 (versus random)
W: 1.00, T: 0.00 (versus left)
W: 0.92, T: 0.00 (versus lvl1)
W: 0.49, T: 0.04 (versus lvl2)
Training round 99 completed in 2 minutes and 12 seconds.
Expected completion: 05:47 2020-05-17.
Training round 100 stats
Wins 0.56, Ties 0.00, Losses 0.44, Game Length 19.16 moves
Loss p1: 0.212078, Loss p2: 0.223589
Benchmark Stats Training Round 100
W: 0.98, T: 0.00 (versus random)
W: 1.00, T: 0.00 (versus left)
W: 0.94, T: 0.00 (versus lvl1)
W: 0.56, T: 0.02 (versus lvl2)
Training round 100 completed in 2 minutes and 12 seconds.
Expected completion: 05:47 2020-05-17.
