Training Neural Net on Connect 4
  self_play_batch_size: 1000
  benchmark_batch_size: 100
  training_rounds: 100
  memory_size: 1000
  network: B
  exploration: cte
  loss: MSE
  encoding: integer
  optimizer: Adam
  experience: yes

Benchmark Stats Training Round 0
W: 0.62, T: 0.02 (versus random)
W: 1.00, T: 0.00 (versus left)
W: 0.27, T: 0.00 (versus lvl1)
W: 0.10, T: 0.03 (versus lvl2)
Training round 1 stats
Wins 0.49, Ties 0.00, Losses 0.50, Game Length 19.87 moves
Loss p1: 0.133408, Loss p2: 0.141951
Benchmark Stats Training Round 1
W: 0.61, T: 0.00 (versus random)
W: 0.00, T: 0.00 (versus left)
W: 0.38, T: 0.00 (versus lvl1)
W: 0.08, T: 0.00 (versus lvl2)
Training round 1 completed in 1 minutes and 52 seconds.
Expected completion: 02:07 2020-05-19.
Training round 2 stats
Wins 0.48, Ties 0.00, Losses 0.51, Game Length 19.34 moves
Loss p1: 0.134055, Loss p2: 0.136997
Benchmark Stats Training Round 2
W: 0.73, T: 0.00 (versus random)
W: 0.50, T: 0.00 (versus left)
W: 0.52, T: 0.00 (versus lvl1)
W: 0.14, T: 0.00 (versus lvl2)
Training round 2 completed in 1 minutes and 58 seconds.
Expected completion: 02:16 2020-05-19.
Training round 3 stats
Wins 0.48, Ties 0.00, Losses 0.51, Game Length 19.43 moves
Loss p1: 0.135752, Loss p2: 0.134408
Benchmark Stats Training Round 3
W: 0.84, T: 0.00 (versus random)
W: 0.50, T: 0.00 (versus left)
W: 0.65, T: 0.00 (versus lvl1)
W: 0.25, T: 0.01 (versus lvl2)
Training round 3 completed in 1 minutes and 40 seconds.
Expected completion: 01:48 2020-05-19.
Training round 4 stats
Wins 0.49, Ties 0.00, Losses 0.51, Game Length 19.49 moves
Loss p1: 0.125040, Loss p2: 0.131926
Benchmark Stats Training Round 4
W: 0.83, T: 0.00 (versus random)
W: 0.00, T: 0.00 (versus left)
W: 0.70, T: 0.00 (versus lvl1)
W: 0.15, T: 0.00 (versus lvl2)
Training round 4 completed in 1 minutes and 55 seconds.
Expected completion: 02:11 2020-05-19.
Training round 5 stats
Wins 0.47, Ties 0.00, Losses 0.52, Game Length 19.24 moves
Loss p1: 0.129279, Loss p2: 0.133473
Benchmark Stats Training Round 5
W: 0.78, T: 0.00 (versus random)
W: 0.00, T: 0.00 (versus left)
W: 0.58, T: 0.00 (versus lvl1)
W: 0.25, T: 0.00 (versus lvl2)
Training round 5 completed in 1 minutes and 57 seconds.
Expected completion: 02:14 2020-05-19.
Training round 6 stats
Wins 0.47, Ties 0.00, Losses 0.53, Game Length 19.42 moves
Loss p1: 0.126368, Loss p2: 0.129829
Benchmark Stats Training Round 6
W: 0.79, T: 0.01 (versus random)
W: 0.50, T: 0.00 (versus left)
W: 0.65, T: 0.00 (versus lvl1)
W: 0.29, T: 0.01 (versus lvl2)
Training round 6 completed in 1 minutes and 55 seconds.
Expected completion: 02:11 2020-05-19.
Training round 7 stats
Wins 0.51, Ties 0.00, Losses 0.49, Game Length 19.21 moves
Loss p1: 0.123474, Loss p2: 0.122724
Benchmark Stats Training Round 7
W: 0.81, T: 0.00 (versus random)
W: 0.50, T: 0.00 (versus left)
W: 0.77, T: 0.00 (versus lvl1)
W: 0.22, T: 0.01 (versus lvl2)
Training round 7 completed in 1 minutes and 47 seconds.
Expected completion: 02:00 2020-05-19.
Training round 8 stats
Wins 0.50, Ties 0.00, Losses 0.50, Game Length 19.74 moves
Loss p1: 0.125698, Loss p2: 0.125943
Benchmark Stats Training Round 8
W: 0.84, T: 0.00 (versus random)
W: 0.50, T: 0.00 (versus left)
W: 0.64, T: 0.00 (versus lvl1)
W: 0.25, T: 0.00 (versus lvl2)
Training round 8 completed in 1 minutes and 52 seconds.
Expected completion: 02:07 2020-05-19.
Training round 9 stats
Wins 0.49, Ties 0.01, Losses 0.50, Game Length 19.11 moves
Loss p1: 0.129934, Loss p2: 0.128538
Benchmark Stats Training Round 9
W: 0.90, T: 0.00 (versus random)
W: 0.50, T: 0.00 (versus left)
W: 0.67, T: 0.00 (versus lvl1)
W: 0.25, T: 0.01 (versus lvl2)
Training round 9 completed in 2 minutes and 0 seconds.
Expected completion: 02:20 2020-05-19.
Training round 10 stats
Wins 0.50, Ties 0.00, Losses 0.50, Game Length 19.30 moves
Loss p1: 0.129095, Loss p2: 0.131099
Benchmark Stats Training Round 10
W: 0.90, T: 0.00 (versus random)
W: 0.50, T: 0.00 (versus left)
W: 0.74, T: 0.01 (versus lvl1)
W: 0.18, T: 0.02 (versus lvl2)
Training round 10 completed in 2 minutes and 3 seconds.
Expected completion: 02:23 2020-05-19.
Training round 11 stats
Wins 0.50, Ties 0.00, Losses 0.50, Game Length 19.04 moves
Loss p1: 0.125124, Loss p2: 0.127267
Benchmark Stats Training Round 11
W: 0.81, T: 0.00 (versus random)
W: 0.00, T: 0.00 (versus left)
W: 0.65, T: 0.00 (versus lvl1)
W: 0.20, T: 0.00 (versus lvl2)
Training round 11 completed in 2 minutes and 0 seconds.
Expected completion: 02:19 2020-05-19.
Training round 12 stats
Wins 0.47, Ties 0.00, Losses 0.52, Game Length 19.03 moves
Loss p1: 0.126227, Loss p2: 0.128397
Benchmark Stats Training Round 12
W: 0.88, T: 0.00 (versus random)
W: 0.50, T: 0.00 (versus left)
W: 0.74, T: 0.00 (versus lvl1)
W: 0.22, T: 0.00 (versus lvl2)
Training round 12 completed in 1 minutes and 48 seconds.
Expected completion: 02:01 2020-05-19.
Training round 13 stats
Wins 0.52, Ties 0.00, Losses 0.48, Game Length 18.99 moves
Loss p1: 0.128644, Loss p2: 0.136631
Benchmark Stats Training Round 13
W: 0.76, T: 0.00 (versus random)
W: 0.50, T: 0.00 (versus left)
W: 0.61, T: 0.00 (versus lvl1)
W: 0.21, T: 0.00 (versus lvl2)
Training round 13 completed in 1 minutes and 55 seconds.
Expected completion: 02:11 2020-05-19.
Training round 14 stats
Wins 0.47, Ties 0.00, Losses 0.52, Game Length 19.18 moves
Loss p1: 0.130625, Loss p2: 0.131463
Benchmark Stats Training Round 14
W: 0.78, T: 0.01 (versus random)
W: 0.50, T: 0.00 (versus left)
W: 0.75, T: 0.01 (versus lvl1)
W: 0.14, T: 0.00 (versus lvl2)
Training round 14 completed in 2 minutes and 1 seconds.
Expected completion: 02:20 2020-05-19.
Training round 15 stats
Wins 0.48, Ties 0.00, Losses 0.51, Game Length 19.41 moves
Loss p1: 0.132728, Loss p2: 0.131945
Benchmark Stats Training Round 15
W: 0.80, T: 0.00 (versus random)
W: 0.50, T: 0.00 (versus left)
W: 0.65, T: 0.01 (versus lvl1)
W: 0.19, T: 0.01 (versus lvl2)
Training round 15 completed in 1 minutes and 58 seconds.
Expected completion: 02:16 2020-05-19.
Training round 16 stats
Wins 0.46, Ties 0.00, Losses 0.53, Game Length 19.02 moves
Loss p1: 0.135409, Loss p2: 0.137717
Benchmark Stats Training Round 16
W: 0.89, T: 0.00 (versus random)
W: 0.50, T: 0.00 (versus left)
W: 0.64, T: 0.00 (versus lvl1)
W: 0.30, T: 0.00 (versus lvl2)
Training round 16 completed in 1 minutes and 36 seconds.
Expected completion: 01:44 2020-05-19.
Training round 17 stats
Wins 0.51, Ties 0.00, Losses 0.49, Game Length 19.15 moves
Loss p1: 0.132546, Loss p2: 0.134468
Benchmark Stats Training Round 17
W: 0.75, T: 0.00 (versus random)
W: 0.00, T: 0.00 (versus left)
W: 0.53, T: 0.00 (versus lvl1)
W: 0.08, T: 0.00 (versus lvl2)
Training round 17 completed in 1 minutes and 32 seconds.
Expected completion: 01:38 2020-05-19.
Training round 18 stats
Wins 0.49, Ties 0.00, Losses 0.51, Game Length 18.84 moves
Loss p1: 0.141742, Loss p2: 0.139913
Benchmark Stats Training Round 18
W: 0.77, T: 0.00 (versus random)
W: 0.00, T: 0.00 (versus left)
W: 0.60, T: 0.00 (versus lvl1)
W: 0.17, T: 0.00 (versus lvl2)
Training round 18 completed in 1 minutes and 23 seconds.
Expected completion: 01:27 2020-05-19.
Training round 19 stats
Wins 0.49, Ties 0.00, Losses 0.50, Game Length 19.25 moves
Loss p1: 0.137668, Loss p2: 0.146427
Benchmark Stats Training Round 19
W: 0.81, T: 0.00 (versus random)
W: 0.50, T: 0.00 (versus left)
W: 0.67, T: 0.00 (versus lvl1)
W: 0.24, T: 0.00 (versus lvl2)
Training round 19 completed in 1 minutes and 22 seconds.
Expected completion: 01:25 2020-05-19.
Training round 20 stats
Wins 0.48, Ties 0.00, Losses 0.51, Game Length 19.23 moves
Loss p1: 0.140153, Loss p2: 0.143778
Benchmark Stats Training Round 20
W: 0.73, T: 0.00 (versus random)
W: 0.00, T: 0.00 (versus left)
W: 0.64, T: 0.00 (versus lvl1)
W: 0.10, T: 0.02 (versus lvl2)
Training round 20 completed in 1 minutes and 26 seconds.
Expected completion: 01:31 2020-05-19.
Training round 21 stats
Wins 0.49, Ties 0.01, Losses 0.51, Game Length 19.06 moves
Loss p1: 0.139508, Loss p2: 0.136035
Benchmark Stats Training Round 21
W: 0.93, T: 0.00 (versus random)
W: 0.50, T: 0.00 (versus left)
W: 0.78, T: 0.00 (versus lvl1)
W: 0.22, T: 0.00 (versus lvl2)
Training round 21 completed in 1 minutes and 28 seconds.
Expected completion: 01:34 2020-05-19.
Training round 22 stats
Wins 0.48, Ties 0.00, Losses 0.52, Game Length 18.60 moves
Loss p1: 0.144798, Loss p2: 0.138711
Benchmark Stats Training Round 22
W: 0.84, T: 0.01 (versus random)
W: 0.50, T: 0.00 (versus left)
W: 0.62, T: 0.00 (versus lvl1)
W: 0.17, T: 0.00 (versus lvl2)
Training round 22 completed in 1 minutes and 22 seconds.
Expected completion: 01:25 2020-05-19.
Training round 23 stats
Wins 0.49, Ties 0.00, Losses 0.51, Game Length 19.26 moves
Loss p1: 0.137571, Loss p2: 0.140797
Benchmark Stats Training Round 23
W: 0.73, T: 0.00 (versus random)
W: 0.00, T: 0.00 (versus left)
W: 0.69, T: 0.00 (versus lvl1)
W: 0.15, T: 0.00 (versus lvl2)
Training round 23 completed in 1 minutes and 29 seconds.
Expected completion: 01:35 2020-05-19.
Training round 24 stats
Wins 0.47, Ties 0.00, Losses 0.53, Game Length 18.98 moves
Loss p1: 0.133789, Loss p2: 0.143208
Benchmark Stats Training Round 24
W: 0.77, T: 0.00 (versus random)
W: 0.00, T: 0.00 (versus left)
W: 0.61, T: 0.00 (versus lvl1)
W: 0.15, T: 0.01 (versus lvl2)
Training round 24 completed in 1 minutes and 26 seconds.
Expected completion: 01:30 2020-05-19.
Training round 25 stats
Wins 0.48, Ties 0.00, Losses 0.51, Game Length 18.43 moves
Loss p1: 0.139950, Loss p2: 0.152654
Benchmark Stats Training Round 25
W: 0.83, T: 0.00 (versus random)
W: 0.50, T: 0.00 (versus left)
W: 0.73, T: 0.00 (versus lvl1)
W: 0.15, T: 0.00 (versus lvl2)
Training round 25 completed in 1 minutes and 20 seconds.
Expected completion: 01:23 2020-05-19.
Training round 26 stats
Wins 0.49, Ties 0.00, Losses 0.51, Game Length 18.60 moves
Loss p1: 0.134091, Loss p2: 0.141913
Benchmark Stats Training Round 26
W: 0.93, T: 0.00 (versus random)
W: 1.00, T: 0.00 (versus left)
W: 0.81, T: 0.00 (versus lvl1)
W: 0.34, T: 0.00 (versus lvl2)
Training round 26 completed in 1 minutes and 23 seconds.
Expected completion: 01:26 2020-05-19.
Training round 27 stats
Wins 0.50, Ties 0.00, Losses 0.50, Game Length 18.79 moves
Loss p1: 0.140222, Loss p2: 0.149906
Benchmark Stats Training Round 27
W: 0.92, T: 0.00 (versus random)
W: 0.00, T: 0.00 (versus left)
W: 0.77, T: 0.00 (versus lvl1)
W: 0.39, T: 0.00 (versus lvl2)
Training round 27 completed in 1 minutes and 28 seconds.
Expected completion: 01:32 2020-05-19.
Training round 28 stats
Wins 0.48, Ties 0.00, Losses 0.52, Game Length 18.86 moves
Loss p1: 0.142526, Loss p2: 0.150132
Benchmark Stats Training Round 28
W: 0.88, T: 0.00 (versus random)
W: 0.00, T: 0.00 (versus left)
W: 0.72, T: 0.00 (versus lvl1)
W: 0.14, T: 0.00 (versus lvl2)
Training round 28 completed in 1 minutes and 30 seconds.
Expected completion: 01:35 2020-05-19.
Training round 29 stats
Wins 0.48, Ties 0.00, Losses 0.52, Game Length 18.93 moves
Loss p1: 0.147854, Loss p2: 0.146842
Benchmark Stats Training Round 29
W: 0.79, T: 0.00 (versus random)
W: 0.00, T: 0.00 (versus left)
W: 0.67, T: 0.00 (versus lvl1)
W: 0.10, T: 0.00 (versus lvl2)
Training round 29 completed in 1 minutes and 23 seconds.
Expected completion: 01:28 2020-05-19.
Training round 30 stats
Wins 0.50, Ties 0.01, Losses 0.49, Game Length 18.76 moves
Loss p1: 0.146268, Loss p2: 0.151900
Benchmark Stats Training Round 30
W: 0.75, T: 0.00 (versus random)
W: 0.50, T: 0.00 (versus left)
W: 0.62, T: 0.00 (versus lvl1)
W: 0.19, T: 0.00 (versus lvl2)
Training round 30 completed in 1 minutes and 29 seconds.
Expected completion: 01:34 2020-05-19.
Training round 31 stats
Wins 0.47, Ties 0.00, Losses 0.53, Game Length 18.66 moves
Loss p1: 0.144185, Loss p2: 0.152700
Benchmark Stats Training Round 31
W: 0.88, T: 0.00 (versus random)
W: 0.50, T: 0.00 (versus left)
W: 0.77, T: 0.00 (versus lvl1)
W: 0.20, T: 0.00 (versus lvl2)
Training round 31 completed in 1 minutes and 25 seconds.
Expected completion: 01:30 2020-05-19.
Training round 32 stats
Wins 0.48, Ties 0.00, Losses 0.52, Game Length 18.92 moves
Loss p1: 0.145327, Loss p2: 0.150576
Benchmark Stats Training Round 32
W: 0.92, T: 0.00 (versus random)
W: 0.50, T: 0.00 (versus left)
W: 0.86, T: 0.00 (versus lvl1)
W: 0.18, T: 0.00 (versus lvl2)
Training round 32 completed in 1 minutes and 22 seconds.
Expected completion: 01:26 2020-05-19.
Training round 33 stats
Wins 0.49, Ties 0.00, Losses 0.51, Game Length 19.07 moves
Loss p1: 0.147090, Loss p2: 0.151652
Benchmark Stats Training Round 33
W: 0.86, T: 0.00 (versus random)
W: 0.50, T: 0.00 (versus left)
W: 0.74, T: 0.00 (versus lvl1)
W: 0.29, T: 0.00 (versus lvl2)
Training round 33 completed in 1 minutes and 28 seconds.
Expected completion: 01:33 2020-05-19.
Training round 34 stats
Wins 0.48, Ties 0.00, Losses 0.52, Game Length 18.64 moves
Loss p1: 0.149769, Loss p2: 0.156043
Benchmark Stats Training Round 34
W: 0.91, T: 0.00 (versus random)
W: 1.00, T: 0.00 (versus left)
W: 0.68, T: 0.00 (versus lvl1)
W: 0.16, T: 0.00 (versus lvl2)
Training round 34 completed in 1 minutes and 26 seconds.
Expected completion: 01:30 2020-05-19.
Training round 35 stats
Wins 0.49, Ties 0.00, Losses 0.51, Game Length 19.01 moves
Loss p1: 0.146564, Loss p2: 0.158120
Benchmark Stats Training Round 35
W: 0.87, T: 0.00 (versus random)
W: 1.00, T: 0.00 (versus left)
W: 0.64, T: 0.00 (versus lvl1)
W: 0.19, T: 0.00 (versus lvl2)
Training round 35 completed in 1 minutes and 30 seconds.
Expected completion: 01:35 2020-05-19.
Training round 36 stats
Wins 0.50, Ties 0.00, Losses 0.50, Game Length 19.34 moves
Loss p1: 0.146434, Loss p2: 0.158177
Benchmark Stats Training Round 36
W: 0.84, T: 0.00 (versus random)
W: 0.50, T: 0.00 (versus left)
W: 0.83, T: 0.00 (versus lvl1)
W: 0.30, T: 0.01 (versus lvl2)
Training round 36 completed in 1 minutes and 28 seconds.
Expected completion: 01:33 2020-05-19.
Training round 37 stats
Wins 0.49, Ties 0.00, Losses 0.51, Game Length 19.15 moves
Loss p1: 0.150792, Loss p2: 0.156340
Benchmark Stats Training Round 37
W: 0.84, T: 0.00 (versus random)
W: 0.00, T: 0.00 (versus left)
W: 0.59, T: 0.00 (versus lvl1)
W: 0.21, T: 0.00 (versus lvl2)
Training round 37 completed in 1 minutes and 30 seconds.
Expected completion: 01:34 2020-05-19.
Training round 38 stats
Wins 0.52, Ties 0.00, Losses 0.48, Game Length 19.23 moves
Loss p1: 0.147013, Loss p2: 0.152781
Benchmark Stats Training Round 38
W: 0.88, T: 0.00 (versus random)
W: 0.50, T: 0.00 (versus left)
W: 0.78, T: 0.00 (versus lvl1)
W: 0.29, T: 0.00 (versus lvl2)
Training round 38 completed in 1 minutes and 25 seconds.
Expected completion: 01:29 2020-05-19.
Training round 39 stats
Wins 0.49, Ties 0.00, Losses 0.51, Game Length 18.72 moves
Loss p1: 0.153494, Loss p2: 0.161554
Benchmark Stats Training Round 39
W: 0.82, T: 0.00 (versus random)
W: 0.00, T: 0.00 (versus left)
W: 0.77, T: 0.00 (versus lvl1)
W: 0.30, T: 0.00 (versus lvl2)
Training round 39 completed in 1 minutes and 23 seconds.
Expected completion: 01:28 2020-05-19.
Training round 40 stats
Wins 0.51, Ties 0.00, Losses 0.48, Game Length 19.11 moves
Loss p1: 0.154713, Loss p2: 0.164598
Benchmark Stats Training Round 40
W: 0.84, T: 0.00 (versus random)
W: 1.00, T: 0.00 (versus left)
W: 0.74, T: 0.00 (versus lvl1)
W: 0.23, T: 0.01 (versus lvl2)
Training round 40 completed in 1 minutes and 29 seconds.
Expected completion: 01:34 2020-05-19.
Training round 41 stats
Wins 0.48, Ties 0.00, Losses 0.52, Game Length 19.30 moves
Loss p1: 0.146547, Loss p2: 0.158328
Benchmark Stats Training Round 41
W: 0.85, T: 0.00 (versus random)
W: 0.50, T: 0.00 (versus left)
W: 0.74, T: 0.00 (versus lvl1)
W: 0.31, T: 0.02 (versus lvl2)
Training round 41 completed in 1 minutes and 21 seconds.
Expected completion: 01:26 2020-05-19.
Training round 42 stats
Wins 0.49, Ties 0.00, Losses 0.51, Game Length 18.71 moves
Loss p1: 0.154271, Loss p2: 0.158359
Benchmark Stats Training Round 42
W: 0.86, T: 0.00 (versus random)
W: 0.00, T: 0.00 (versus left)
W: 0.74, T: 0.00 (versus lvl1)
W: 0.29, T: 0.00 (versus lvl2)
Training round 42 completed in 1 minutes and 24 seconds.
Expected completion: 01:28 2020-05-19.
Training round 43 stats
Wins 0.47, Ties 0.00, Losses 0.53, Game Length 19.29 moves
Loss p1: 0.149362, Loss p2: 0.158824
Benchmark Stats Training Round 43
W: 0.92, T: 0.00 (versus random)
W: 0.50, T: 0.00 (versus left)
W: 0.83, T: 0.00 (versus lvl1)
W: 0.34, T: 0.01 (versus lvl2)
Training round 43 completed in 1 minutes and 29 seconds.
Expected completion: 01:34 2020-05-19.
Training round 44 stats
Wins 0.47, Ties 0.00, Losses 0.53, Game Length 18.86 moves
Loss p1: 0.150067, Loss p2: 0.164007
Benchmark Stats Training Round 44
W: 0.87, T: 0.00 (versus random)
W: 0.50, T: 0.00 (versus left)
W: 0.63, T: 0.00 (versus lvl1)
W: 0.25, T: 0.00 (versus lvl2)
Training round 44 completed in 1 minutes and 23 seconds.
Expected completion: 01:28 2020-05-19.
Training round 45 stats
Wins 0.49, Ties 0.00, Losses 0.51, Game Length 18.84 moves
Loss p1: 0.160846, Loss p2: 0.168349
Benchmark Stats Training Round 45
W: 0.88, T: 0.00 (versus random)
W: 1.00, T: 0.00 (versus left)
W: 0.72, T: 0.00 (versus lvl1)
W: 0.31, T: 0.01 (versus lvl2)
Training round 45 completed in 1 minutes and 20 seconds.
Expected completion: 01:25 2020-05-19.
Training round 46 stats
Wins 0.53, Ties 0.00, Losses 0.47, Game Length 18.19 moves
Loss p1: 0.158225, Loss p2: 0.167817
Benchmark Stats Training Round 46
W: 0.93, T: 0.00 (versus random)
W: 0.50, T: 0.00 (versus left)
W: 0.77, T: 0.00 (versus lvl1)
W: 0.35, T: 0.00 (versus lvl2)
Training round 46 completed in 1 minutes and 23 seconds.
Expected completion: 01:27 2020-05-19.
Training round 47 stats
Wins 0.45, Ties 0.00, Losses 0.55, Game Length 19.07 moves
Loss p1: 0.157459, Loss p2: 0.171928
Benchmark Stats Training Round 47
W: 0.76, T: 0.00 (versus random)
W: 0.50, T: 0.00 (versus left)
W: 0.64, T: 0.00 (versus lvl1)
W: 0.23, T: 0.00 (versus lvl2)
Training round 47 completed in 1 minutes and 27 seconds.
Expected completion: 01:32 2020-05-19.
Training round 48 stats
Wins 0.47, Ties 0.00, Losses 0.53, Game Length 18.20 moves
Loss p1: 0.153530, Loss p2: 0.166651
Benchmark Stats Training Round 48
W: 0.78, T: 0.01 (versus random)
W: 1.00, T: 0.00 (versus left)
W: 0.53, T: 0.00 (versus lvl1)
W: 0.19, T: 0.00 (versus lvl2)
Training round 48 completed in 1 minutes and 23 seconds.
Expected completion: 01:28 2020-05-19.
Training round 49 stats
Wins 0.45, Ties 0.00, Losses 0.55, Game Length 18.41 moves
Loss p1: 0.152496, Loss p2: 0.164394
Benchmark Stats Training Round 49
W: 0.88, T: 0.00 (versus random)
W: 1.00, T: 0.00 (versus left)
W: 0.66, T: 0.00 (versus lvl1)
W: 0.19, T: 0.00 (versus lvl2)
Training round 49 completed in 1 minutes and 27 seconds.
Expected completion: 01:31 2020-05-19.
Training round 50 stats
Wins 0.46, Ties 0.00, Losses 0.54, Game Length 18.32 moves
Loss p1: 0.150478, Loss p2: 0.162155
Benchmark Stats Training Round 50
W: 0.87, T: 0.00 (versus random)
W: 0.50, T: 0.00 (versus left)
W: 0.75, T: 0.00 (versus lvl1)
W: 0.29, T: 0.01 (versus lvl2)
Training round 50 completed in 1 minutes and 23 seconds.
Expected completion: 01:28 2020-05-19.
Training round 51 stats
Wins 0.48, Ties 0.00, Losses 0.52, Game Length 18.86 moves
Loss p1: 0.155628, Loss p2: 0.168430
Benchmark Stats Training Round 51
W: 0.87, T: 0.00 (versus random)
W: 0.50, T: 0.00 (versus left)
W: 0.74, T: 0.00 (versus lvl1)
W: 0.31, T: 0.00 (versus lvl2)
Training round 51 completed in 1 minutes and 24 seconds.
Expected completion: 01:29 2020-05-19.
Training round 52 stats
Wins 0.49, Ties 0.00, Losses 0.51, Game Length 18.48 moves
Loss p1: 0.160126, Loss p2: 0.171877
Benchmark Stats Training Round 52
W: 0.71, T: 0.00 (versus random)
W: 0.50, T: 0.00 (versus left)
W: 0.66, T: 0.00 (versus lvl1)
W: 0.08, T: 0.00 (versus lvl2)
Training round 52 completed in 1 minutes and 28 seconds.
Expected completion: 01:32 2020-05-19.
Training round 53 stats
Wins 0.52, Ties 0.00, Losses 0.48, Game Length 18.23 moves
Loss p1: 0.158979, Loss p2: 0.172891
Benchmark Stats Training Round 53
W: 0.92, T: 0.00 (versus random)
W: 0.50, T: 0.00 (versus left)
W: 0.78, T: 0.00 (versus lvl1)
W: 0.32, T: 0.00 (versus lvl2)
Training round 53 completed in 1 minutes and 31 seconds.
Expected completion: 01:35 2020-05-19.
Training round 54 stats
Wins 0.46, Ties 0.00, Losses 0.53, Game Length 18.43 moves
Loss p1: 0.163157, Loss p2: 0.176204
Benchmark Stats Training Round 54
W: 0.90, T: 0.01 (versus random)
W: 0.50, T: 0.00 (versus left)
W: 0.81, T: 0.00 (versus lvl1)
W: 0.36, T: 0.02 (versus lvl2)
Training round 54 completed in 1 minutes and 27 seconds.
Expected completion: 01:31 2020-05-19.
Training round 55 stats
Wins 0.49, Ties 0.00, Losses 0.51, Game Length 18.47 moves
Loss p1: 0.161720, Loss p2: 0.178601
Benchmark Stats Training Round 55
W: 0.89, T: 0.00 (versus random)
W: 0.50, T: 0.00 (versus left)
W: 0.66, T: 0.00 (versus lvl1)
W: 0.25, T: 0.01 (versus lvl2)
Training round 55 completed in 1 minutes and 30 seconds.
Expected completion: 01:33 2020-05-19.
Training round 56 stats
Wins 0.47, Ties 0.00, Losses 0.52, Game Length 18.27 moves
Loss p1: 0.166080, Loss p2: 0.177225
Benchmark Stats Training Round 56
W: 0.79, T: 0.00 (versus random)
W: 0.50, T: 0.00 (versus left)
W: 0.77, T: 0.00 (versus lvl1)
W: 0.28, T: 0.00 (versus lvl2)
Training round 56 completed in 1 minutes and 25 seconds.
Expected completion: 01:30 2020-05-19.
Training round 57 stats
Wins 0.44, Ties 0.00, Losses 0.56, Game Length 18.50 moves
Loss p1: 0.163486, Loss p2: 0.175465
Benchmark Stats Training Round 57
W: 0.87, T: 0.00 (versus random)
W: 0.50, T: 0.00 (versus left)
W: 0.75, T: 0.00 (versus lvl1)
W: 0.36, T: 0.01 (versus lvl2)
Training round 57 completed in 1 minutes and 21 seconds.
Expected completion: 01:26 2020-05-19.
Training round 58 stats
Wins 0.48, Ties 0.01, Losses 0.52, Game Length 18.25 moves
Loss p1: 0.171193, Loss p2: 0.172744
Benchmark Stats Training Round 58
W: 0.84, T: 0.00 (versus random)
W: 0.50, T: 0.00 (versus left)
W: 0.65, T: 0.00 (versus lvl1)
W: 0.26, T: 0.00 (versus lvl2)
Training round 58 completed in 1 minutes and 31 seconds.
Expected completion: 01:34 2020-05-19.
Training round 59 stats
Wins 0.47, Ties 0.00, Losses 0.53, Game Length 18.21 moves
Loss p1: 0.166543, Loss p2: 0.178844
Benchmark Stats Training Round 59
W: 0.97, T: 0.00 (versus random)
W: 0.50, T: 0.00 (versus left)
W: 0.90, T: 0.00 (versus lvl1)
W: 0.46, T: 0.01 (versus lvl2)
Training round 59 completed in 1 minutes and 22 seconds.
Expected completion: 01:28 2020-05-19.
Training round 60 stats
Wins 0.48, Ties 0.00, Losses 0.52, Game Length 18.01 moves
Loss p1: 0.170498, Loss p2: 0.176789
Benchmark Stats Training Round 60
W: 0.87, T: 0.00 (versus random)
W: 0.50, T: 0.00 (versus left)
W: 0.75, T: 0.00 (versus lvl1)
W: 0.23, T: 0.00 (versus lvl2)
Training round 60 completed in 1 minutes and 25 seconds.
Expected completion: 01:29 2020-05-19.
Training round 61 stats
Wins 0.48, Ties 0.00, Losses 0.52, Game Length 18.56 moves
Loss p1: 0.171450, Loss p2: 0.182246
Benchmark Stats Training Round 61
W: 0.95, T: 0.00 (versus random)
W: 0.50, T: 0.00 (versus left)
W: 0.83, T: 0.00 (versus lvl1)
W: 0.24, T: 0.00 (versus lvl2)
Training round 61 completed in 1 minutes and 24 seconds.
Expected completion: 01:29 2020-05-19.
Training round 62 stats
Wins 0.45, Ties 0.00, Losses 0.54, Game Length 18.48 moves
Loss p1: 0.164154, Loss p2: 0.173388
Benchmark Stats Training Round 62
W: 0.88, T: 0.00 (versus random)
W: 0.50, T: 0.00 (versus left)
W: 0.75, T: 0.00 (versus lvl1)
W: 0.20, T: 0.00 (versus lvl2)
Training round 62 completed in 1 minutes and 27 seconds.
Expected completion: 01:31 2020-05-19.
Training round 63 stats
Wins 0.47, Ties 0.00, Losses 0.53, Game Length 18.71 moves
Loss p1: 0.169060, Loss p2: 0.175719
Benchmark Stats Training Round 63
W: 0.80, T: 0.00 (versus random)
W: 0.50, T: 0.00 (versus left)
W: 0.71, T: 0.00 (versus lvl1)
W: 0.23, T: 0.00 (versus lvl2)
Training round 63 completed in 1 minutes and 27 seconds.
Expected completion: 01:31 2020-05-19.
Training round 64 stats
Wins 0.48, Ties 0.00, Losses 0.52, Game Length 18.61 moves
Loss p1: 0.171726, Loss p2: 0.187374
Benchmark Stats Training Round 64
W: 0.77, T: 0.00 (versus random)
W: 0.50, T: 0.00 (versus left)
W: 0.50, T: 0.00 (versus lvl1)
W: 0.08, T: 0.00 (versus lvl2)
Training round 64 completed in 1 minutes and 24 seconds.
Expected completion: 01:29 2020-05-19.
Training round 65 stats
Wins 0.47, Ties 0.00, Losses 0.53, Game Length 18.30 moves
Loss p1: 0.177892, Loss p2: 0.186686
Benchmark Stats Training Round 65
W: 0.90, T: 0.00 (versus random)
W: 0.50, T: 0.00 (versus left)
W: 0.79, T: 0.00 (versus lvl1)
W: 0.27, T: 0.01 (versus lvl2)
Training round 65 completed in 1 minutes and 30 seconds.
Expected completion: 01:33 2020-05-19.
Training round 66 stats
Wins 0.46, Ties 0.00, Losses 0.54, Game Length 18.41 moves
Loss p1: 0.176132, Loss p2: 0.183825
Benchmark Stats Training Round 66
W: 0.95, T: 0.00 (versus random)
W: 0.50, T: 0.00 (versus left)
W: 0.91, T: 0.00 (versus lvl1)
W: 0.36, T: 0.00 (versus lvl2)
Training round 66 completed in 1 minutes and 24 seconds.
Expected completion: 01:29 2020-05-19.
Training round 67 stats
Wins 0.47, Ties 0.00, Losses 0.53, Game Length 18.10 moves
Loss p1: 0.165489, Loss p2: 0.182439
Benchmark Stats Training Round 67
W: 0.98, T: 0.00 (versus random)
W: 0.50, T: 0.00 (versus left)
W: 0.85, T: 0.00 (versus lvl1)
W: 0.43, T: 0.00 (versus lvl2)
Training round 67 completed in 1 minutes and 26 seconds.
Expected completion: 01:30 2020-05-19.
Training round 68 stats
Wins 0.49, Ties 0.00, Losses 0.51, Game Length 18.29 moves
Loss p1: 0.173992, Loss p2: 0.181681
Benchmark Stats Training Round 68
W: 0.97, T: 0.00 (versus random)
W: 0.50, T: 0.00 (versus left)
W: 0.87, T: 0.00 (versus lvl1)
W: 0.39, T: 0.00 (versus lvl2)
Training round 68 completed in 1 minutes and 27 seconds.
Expected completion: 01:31 2020-05-19.
Training round 69 stats
Wins 0.48, Ties 0.00, Losses 0.52, Game Length 18.23 moves
Loss p1: 0.179038, Loss p2: 0.186515
Benchmark Stats Training Round 69
W: 0.93, T: 0.00 (versus random)
W: 0.50, T: 0.00 (versus left)
W: 0.77, T: 0.00 (versus lvl1)
W: 0.25, T: 0.00 (versus lvl2)
Training round 69 completed in 1 minutes and 28 seconds.
Expected completion: 01:31 2020-05-19.
Training round 70 stats
Wins 0.48, Ties 0.00, Losses 0.52, Game Length 18.58 moves
Loss p1: 0.180813, Loss p2: 0.188005
Benchmark Stats Training Round 70
W: 0.96, T: 0.00 (versus random)
W: 0.50, T: 0.00 (versus left)
W: 0.88, T: 0.00 (versus lvl1)
W: 0.46, T: 0.00 (versus lvl2)
Training round 70 completed in 1 minutes and 27 seconds.
Expected completion: 01:31 2020-05-19.
Training round 71 stats
Wins 0.50, Ties 0.00, Losses 0.50, Game Length 18.60 moves
Loss p1: 0.181946, Loss p2: 0.185070
Benchmark Stats Training Round 71
W: 0.92, T: 0.00 (versus random)
W: 1.00, T: 0.00 (versus left)
W: 0.81, T: 0.00 (versus lvl1)
W: 0.32, T: 0.00 (versus lvl2)
Training round 71 completed in 1 minutes and 29 seconds.
Expected completion: 01:32 2020-05-19.
Training round 72 stats
Wins 0.48, Ties 0.00, Losses 0.52, Game Length 18.36 moves
Loss p1: 0.176832, Loss p2: 0.182024
Benchmark Stats Training Round 72
W: 0.94, T: 0.00 (versus random)
W: 0.50, T: 0.00 (versus left)
W: 0.88, T: 0.00 (versus lvl1)
W: 0.40, T: 0.01 (versus lvl2)
Training round 72 completed in 1 minutes and 26 seconds.
Expected completion: 01:30 2020-05-19.
Training round 73 stats
Wins 0.50, Ties 0.00, Losses 0.50, Game Length 18.32 moves
Loss p1: 0.182026, Loss p2: 0.185468
Benchmark Stats Training Round 73
W: 0.90, T: 0.00 (versus random)
W: 0.00, T: 0.00 (versus left)
W: 0.78, T: 0.00 (versus lvl1)
W: 0.28, T: 0.01 (versus lvl2)
Training round 73 completed in 1 minutes and 28 seconds.
Expected completion: 01:31 2020-05-19.
Training round 74 stats
Wins 0.48, Ties 0.00, Losses 0.52, Game Length 18.56 moves
Loss p1: 0.188140, Loss p2: 0.196446
Benchmark Stats Training Round 74
W: 0.94, T: 0.00 (versus random)
W: 1.00, T: 0.00 (versus left)
W: 0.85, T: 0.00 (versus lvl1)
W: 0.42, T: 0.02 (versus lvl2)
Training round 74 completed in 1 minutes and 31 seconds.
Expected completion: 01:33 2020-05-19.
Training round 75 stats
Wins 0.50, Ties 0.00, Losses 0.50, Game Length 18.62 moves
Loss p1: 0.181326, Loss p2: 0.188226
Benchmark Stats Training Round 75
W: 0.94, T: 0.00 (versus random)
W: 0.50, T: 0.00 (versus left)
W: 0.87, T: 0.00 (versus lvl1)
W: 0.26, T: 0.01 (versus lvl2)
Training round 75 completed in 1 minutes and 28 seconds.
Expected completion: 01:31 2020-05-19.
Training round 76 stats
Wins 0.46, Ties 0.00, Losses 0.53, Game Length 18.92 moves
Loss p1: 0.172563, Loss p2: 0.176371
Benchmark Stats Training Round 76
W: 0.97, T: 0.00 (versus random)
W: 0.00, T: 0.00 (versus left)
W: 0.82, T: 0.00 (versus lvl1)
W: 0.32, T: 0.00 (versus lvl2)
Training round 76 completed in 1 minutes and 29 seconds.
Expected completion: 01:32 2020-05-19.
Training round 77 stats
Wins 0.47, Ties 0.00, Losses 0.53, Game Length 18.38 moves
Loss p1: 0.180071, Loss p2: 0.182423
Benchmark Stats Training Round 77
W: 0.97, T: 0.00 (versus random)
W: 1.00, T: 0.00 (versus left)
W: 0.91, T: 0.00 (versus lvl1)
W: 0.37, T: 0.00 (versus lvl2)
Training round 77 completed in 1 minutes and 25 seconds.
Expected completion: 01:30 2020-05-19.
Training round 78 stats
Wins 0.47, Ties 0.00, Losses 0.53, Game Length 18.99 moves
Loss p1: 0.174127, Loss p2: 0.190819
Benchmark Stats Training Round 78
W: 0.92, T: 0.00 (versus random)
W: 1.00, T: 0.00 (versus left)
W: 0.83, T: 0.00 (versus lvl1)
W: 0.28, T: 0.00 (versus lvl2)
Training round 78 completed in 1 minutes and 25 seconds.
Expected completion: 01:30 2020-05-19.
Training round 79 stats
Wins 0.48, Ties 0.00, Losses 0.52, Game Length 18.75 moves
Loss p1: 0.193808, Loss p2: 0.198600
Benchmark Stats Training Round 79
W: 0.95, T: 0.00 (versus random)
W: 0.00, T: 0.00 (versus left)
W: 0.76, T: 0.00 (versus lvl1)
W: 0.35, T: 0.00 (versus lvl2)
Training round 79 completed in 1 minutes and 28 seconds.
Expected completion: 01:32 2020-05-19.
Training round 80 stats
Wins 0.48, Ties 0.01, Losses 0.52, Game Length 18.43 moves
Loss p1: 0.176930, Loss p2: 0.180983
Benchmark Stats Training Round 80
W: 0.94, T: 0.00 (versus random)
W: 0.50, T: 0.00 (versus left)
W: 0.86, T: 0.00 (versus lvl1)
W: 0.28, T: 0.00 (versus lvl2)
Training round 80 completed in 1 minutes and 33 seconds.
Expected completion: 01:33 2020-05-19.
Training round 81 stats
Wins 0.48, Ties 0.00, Losses 0.52, Game Length 18.43 moves
Loss p1: 0.183462, Loss p2: 0.187533
Benchmark Stats Training Round 81
W: 0.96, T: 0.00 (versus random)
W: 0.50, T: 0.00 (versus left)
W: 0.80, T: 0.00 (versus lvl1)
W: 0.39, T: 0.01 (versus lvl2)
Training round 81 completed in 1 minutes and 29 seconds.
Expected completion: 01:32 2020-05-19.
Training round 82 stats
Wins 0.50, Ties 0.00, Losses 0.49, Game Length 18.42 moves
Loss p1: 0.183949, Loss p2: 0.183800
Benchmark Stats Training Round 82
W: 0.98, T: 0.00 (versus random)
W: 1.00, T: 0.00 (versus left)
W: 0.91, T: 0.00 (versus lvl1)
W: 0.50, T: 0.01 (versus lvl2)
Training round 82 completed in 1 minutes and 28 seconds.
Expected completion: 01:31 2020-05-19.
Training round 83 stats
Wins 0.48, Ties 0.00, Losses 0.52, Game Length 18.18 moves
Loss p1: 0.185207, Loss p2: 0.187872
Benchmark Stats Training Round 83
W: 0.94, T: 0.00 (versus random)
W: 0.50, T: 0.00 (versus left)
W: 0.85, T: 0.00 (versus lvl1)
W: 0.37, T: 0.00 (versus lvl2)
Training round 83 completed in 1 minutes and 28 seconds.
Expected completion: 01:31 2020-05-19.
Training round 84 stats
Wins 0.46, Ties 0.00, Losses 0.54, Game Length 18.69 moves
Loss p1: 0.184717, Loss p2: 0.191108
Benchmark Stats Training Round 84
W: 0.97, T: 0.00 (versus random)
W: 0.50, T: 0.00 (versus left)
W: 0.96, T: 0.00 (versus lvl1)
W: 0.43, T: 0.00 (versus lvl2)
Training round 84 completed in 1 minutes and 33 seconds.
Expected completion: 01:33 2020-05-19.
Training round 85 stats
Wins 0.50, Ties 0.00, Losses 0.50, Game Length 18.69 moves
Loss p1: 0.180039, Loss p2: 0.179364
Benchmark Stats Training Round 85
W: 0.95, T: 0.00 (versus random)
W: 1.00, T: 0.00 (versus left)
W: 0.80, T: 0.00 (versus lvl1)
W: 0.32, T: 0.00 (versus lvl2)
Training round 85 completed in 1 minutes and 33 seconds.
Expected completion: 01:33 2020-05-19.
Training round 86 stats
Wins 0.49, Ties 0.00, Losses 0.51, Game Length 18.48 moves
Loss p1: 0.177679, Loss p2: 0.187420
Benchmark Stats Training Round 86
W: 0.97, T: 0.00 (versus random)
W: 1.00, T: 0.00 (versus left)
W: 0.90, T: 0.00 (versus lvl1)
W: 0.30, T: 0.01 (versus lvl2)
Training round 86 completed in 1 minutes and 31 seconds.
Expected completion: 01:33 2020-05-19.
Training round 87 stats
Wins 0.49, Ties 0.00, Losses 0.50, Game Length 18.36 moves
Loss p1: 0.188169, Loss p2: 0.193351
Benchmark Stats Training Round 87
W: 0.89, T: 0.00 (versus random)
W: 1.00, T: 0.00 (versus left)
W: 0.81, T: 0.00 (versus lvl1)
W: 0.23, T: 0.00 (versus lvl2)
Training round 87 completed in 1 minutes and 33 seconds.
Expected completion: 01:33 2020-05-19.
Training round 88 stats
Wins 0.45, Ties 0.00, Losses 0.54, Game Length 18.74 moves
Loss p1: 0.185977, Loss p2: 0.188208
Benchmark Stats Training Round 88
W: 0.93, T: 0.00 (versus random)
W: 1.00, T: 0.00 (versus left)
W: 0.79, T: 0.00 (versus lvl1)
W: 0.29, T: 0.00 (versus lvl2)
Training round 88 completed in 1 minutes and 36 seconds.
Expected completion: 01:34 2020-05-19.
Training round 89 stats
Wins 0.48, Ties 0.01, Losses 0.51, Game Length 18.77 moves
Loss p1: 0.187203, Loss p2: 0.198137
Benchmark Stats Training Round 89
W: 0.96, T: 0.00 (versus random)
W: 1.00, T: 0.00 (versus left)
W: 0.85, T: 0.00 (versus lvl1)
W: 0.39, T: 0.00 (versus lvl2)
Training round 89 completed in 1 minutes and 31 seconds.
Expected completion: 01:33 2020-05-19.
Training round 90 stats
Wins 0.50, Ties 0.00, Losses 0.50, Game Length 18.41 moves
Loss p1: 0.185593, Loss p2: 0.188765
Benchmark Stats Training Round 90
W: 0.96, T: 0.00 (versus random)
W: 0.50, T: 0.00 (versus left)
W: 0.94, T: 0.00 (versus lvl1)
W: 0.49, T: 0.01 (versus lvl2)
Training round 90 completed in 1 minutes and 32 seconds.
Expected completion: 01:33 2020-05-19.
Training round 91 stats
Wins 0.47, Ties 0.00, Losses 0.53, Game Length 18.23 moves
Loss p1: 0.192425, Loss p2: 0.196061
Benchmark Stats Training Round 91
W: 0.94, T: 0.00 (versus random)
W: 0.50, T: 0.00 (versus left)
W: 0.82, T: 0.00 (versus lvl1)
W: 0.39, T: 0.00 (versus lvl2)
Training round 91 completed in 1 minutes and 27 seconds.
Expected completion: 01:32 2020-05-19.
Training round 92 stats
Wins 0.50, Ties 0.00, Losses 0.50, Game Length 19.16 moves
Loss p1: 0.189349, Loss p2: 0.194044
Benchmark Stats Training Round 92
W: 0.97, T: 0.00 (versus random)
W: 1.00, T: 0.00 (versus left)
W: 0.80, T: 0.00 (versus lvl1)
W: 0.29, T: 0.00 (versus lvl2)
Training round 92 completed in 1 minutes and 29 seconds.
Expected completion: 01:32 2020-05-19.
Training round 93 stats
Wins 0.49, Ties 0.00, Losses 0.51, Game Length 18.34 moves
Loss p1: 0.197611, Loss p2: 0.208325
Benchmark Stats Training Round 93
W: 0.99, T: 0.00 (versus random)
W: 1.00, T: 0.00 (versus left)
W: 0.85, T: 0.00 (versus lvl1)
W: 0.47, T: 0.00 (versus lvl2)
Training round 93 completed in 1 minutes and 27 seconds.
Expected completion: 01:32 2020-05-19.
Training round 94 stats
Wins 0.49, Ties 0.00, Losses 0.51, Game Length 18.04 moves
Loss p1: 0.191229, Loss p2: 0.205741
Benchmark Stats Training Round 94
W: 0.96, T: 0.00 (versus random)
W: 1.00, T: 0.00 (versus left)
W: 0.92, T: 0.00 (versus lvl1)
W: 0.46, T: 0.01 (versus lvl2)
Training round 94 completed in 1 minutes and 26 seconds.
Expected completion: 01:32 2020-05-19.
Training round 95 stats
Wins 0.48, Ties 0.00, Losses 0.52, Game Length 18.69 moves
Loss p1: 0.189505, Loss p2: 0.197697
Benchmark Stats Training Round 95
W: 0.92, T: 0.01 (versus random)
W: 1.00, T: 0.00 (versus left)
W: 0.83, T: 0.00 (versus lvl1)
W: 0.52, T: 0.00 (versus lvl2)
Training round 95 completed in 1 minutes and 29 seconds.
Expected completion: 01:32 2020-05-19.
Training round 96 stats
Wins 0.47, Ties 0.00, Losses 0.53, Game Length 18.69 moves
Loss p1: 0.205540, Loss p2: 0.204950
Benchmark Stats Training Round 96
W: 0.90, T: 0.00 (versus random)
W: 1.00, T: 0.00 (versus left)
W: 0.84, T: 0.00 (versus lvl1)
W: 0.39, T: 0.01 (versus lvl2)
Training round 96 completed in 1 minutes and 25 seconds.
Expected completion: 01:32 2020-05-19.
Training round 97 stats
Wins 0.50, Ties 0.00, Losses 0.50, Game Length 18.47 moves
Loss p1: 0.197174, Loss p2: 0.198832
Benchmark Stats Training Round 97
W: 0.90, T: 0.00 (versus random)
W: 1.00, T: 0.00 (versus left)
W: 0.89, T: 0.00 (versus lvl1)
W: 0.43, T: 0.01 (versus lvl2)
Training round 97 completed in 1 minutes and 28 seconds.
Expected completion: 01:32 2020-05-19.
Training round 98 stats
Wins 0.47, Ties 0.00, Losses 0.53, Game Length 18.45 moves
Loss p1: 0.196592, Loss p2: 0.204120
Benchmark Stats Training Round 98
W: 0.89, T: 0.00 (versus random)
W: 0.50, T: 0.00 (versus left)
W: 0.82, T: 0.01 (versus lvl1)
W: 0.33, T: 0.00 (versus lvl2)
Training round 98 completed in 1 minutes and 34 seconds.
Expected completion: 01:32 2020-05-19.
Training round 99 stats
Wins 0.45, Ties 0.01, Losses 0.55, Game Length 19.00 moves
Loss p1: 0.208014, Loss p2: 0.199192
Benchmark Stats Training Round 99
W: 0.94, T: 0.00 (versus random)
W: 0.00, T: 0.00 (versus left)
W: 0.73, T: 0.00 (versus lvl1)
W: 0.30, T: 0.00 (versus lvl2)
Training round 99 completed in 1 minutes and 29 seconds.
Expected completion: 01:32 2020-05-19.
Training round 100 stats
Wins 0.46, Ties 0.00, Losses 0.54, Game Length 18.83 moves
Loss p1: 0.211150, Loss p2: 0.204621
Benchmark Stats Training Round 100
W: 0.99, T: 0.00 (versus random)
W: 0.50, T: 0.00 (versus left)
W: 0.89, T: 0.00 (versus lvl1)
W: 0.53, T: 0.00 (versus lvl2)
Training round 100 completed in 1 minutes and 21 seconds.
Expected completion: 01:32 2020-05-19.
