Training Neural Net on Connect 4
  self_play_batch_size: 1000
  benchmark_batch_size: 100
  training_rounds: 100
  memory_size: 1000
  network: B
  exploration: cte
  loss: MSE
  encoding: integer
  optimizer: Adam
  experience: yes

Benchmark Stats Training Round 0
W: 0.47, T: 0.00 (versus random)
W: 0.00, T: 0.00 (versus left)
W: 0.21, T: 0.00 (versus lvl1)
W: 0.08, T: 0.01 (versus lvl2)
Training round 1 stats
Wins 0.51, Ties 0.00, Losses 0.49, Game Length 19.83 moves
Loss p1: 0.128491, Loss p2: 0.137097
Benchmark Stats Training Round 1
W: 0.57, T: 0.00 (versus random)
W: 0.00, T: 0.00 (versus left)
W: 0.46, T: 0.00 (versus lvl1)
W: 0.15, T: 0.00 (versus lvl2)
Training round 1 completed in 1 minutes and 50 seconds.
Expected completion: 15:38 2020-05-19.
Training round 2 stats
Wins 0.50, Ties 0.00, Losses 0.50, Game Length 19.51 moves
Loss p1: 0.124357, Loss p2: 0.127406
Benchmark Stats Training Round 2
W: 0.80, T: 0.00 (versus random)
W: 0.00, T: 0.00 (versus left)
W: 0.59, T: 0.00 (versus lvl1)
W: 0.24, T: 0.01 (versus lvl2)
Training round 2 completed in 1 minutes and 33 seconds.
Expected completion: 15:11 2020-05-19.
Training round 3 stats
Wins 0.52, Ties 0.00, Losses 0.47, Game Length 19.27 moves
Loss p1: 0.128111, Loss p2: 0.134915
Benchmark Stats Training Round 3
W: 0.86, T: 0.00 (versus random)
W: 0.00, T: 0.00 (versus left)
W: 0.71, T: 0.00 (versus lvl1)
W: 0.19, T: 0.00 (versus lvl2)
Training round 3 completed in 1 minutes and 42 seconds.
Expected completion: 15:26 2020-05-19.
Training round 4 stats
Wins 0.49, Ties 0.00, Losses 0.51, Game Length 19.41 moves
Loss p1: 0.127136, Loss p2: 0.133842
Benchmark Stats Training Round 4
W: 0.87, T: 0.00 (versus random)
W: 0.50, T: 0.00 (versus left)
W: 0.71, T: 0.00 (versus lvl1)
W: 0.26, T: 0.01 (versus lvl2)
Training round 4 completed in 1 minutes and 38 seconds.
Expected completion: 15:18 2020-05-19.
Training round 5 stats
Wins 0.53, Ties 0.00, Losses 0.47, Game Length 19.24 moves
Loss p1: 0.124743, Loss p2: 0.123562
Benchmark Stats Training Round 5
W: 0.89, T: 0.00 (versus random)
W: 0.00, T: 0.00 (versus left)
W: 0.71, T: 0.00 (versus lvl1)
W: 0.24, T: 0.01 (versus lvl2)
Training round 5 completed in 1 minutes and 39 seconds.
Expected completion: 15:21 2020-05-19.
Training round 6 stats
Wins 0.49, Ties 0.00, Losses 0.50, Game Length 19.28 moves
Loss p1: 0.126769, Loss p2: 0.132407
Benchmark Stats Training Round 6
W: 0.85, T: 0.00 (versus random)
W: 0.50, T: 0.00 (versus left)
W: 0.64, T: 0.00 (versus lvl1)
W: 0.26, T: 0.00 (versus lvl2)
Training round 6 completed in 1 minutes and 41 seconds.
Expected completion: 15:23 2020-05-19.
Training round 7 stats
Wins 0.50, Ties 0.00, Losses 0.50, Game Length 19.57 moves
Loss p1: 0.127936, Loss p2: 0.135577
Benchmark Stats Training Round 7
W: 0.82, T: 0.00 (versus random)
W: 0.50, T: 0.00 (versus left)
W: 0.69, T: 0.00 (versus lvl1)
W: 0.24, T: 0.00 (versus lvl2)
Training round 7 completed in 1 minutes and 33 seconds.
Expected completion: 15:12 2020-05-19.
Training round 8 stats
Wins 0.51, Ties 0.00, Losses 0.49, Game Length 19.26 moves
Loss p1: 0.125754, Loss p2: 0.129339
Benchmark Stats Training Round 8
W: 0.93, T: 0.00 (versus random)
W: 0.50, T: 0.00 (versus left)
W: 0.82, T: 0.00 (versus lvl1)
W: 0.24, T: 0.02 (versus lvl2)
Training round 8 completed in 1 minutes and 50 seconds.
Expected completion: 15:36 2020-05-19.
Training round 9 stats
Wins 0.49, Ties 0.00, Losses 0.51, Game Length 19.44 moves
Loss p1: 0.123600, Loss p2: 0.119003
Benchmark Stats Training Round 9
W: 0.83, T: 0.00 (versus random)
W: 0.50, T: 0.00 (versus left)
W: 0.63, T: 0.00 (versus lvl1)
W: 0.18, T: 0.01 (versus lvl2)
Training round 9 completed in 1 minutes and 58 seconds.
Expected completion: 15:50 2020-05-19.
Training round 10 stats
Wins 0.53, Ties 0.00, Losses 0.47, Game Length 18.81 moves
Loss p1: 0.129344, Loss p2: 0.127443
Benchmark Stats Training Round 10
W: 0.81, T: 0.00 (versus random)
W: 0.00, T: 0.00 (versus left)
W: 0.76, T: 0.00 (versus lvl1)
W: 0.28, T: 0.00 (versus lvl2)
Training round 10 completed in 1 minutes and 38 seconds.
Expected completion: 15:19 2020-05-19.
Training round 11 stats
Wins 0.53, Ties 0.00, Losses 0.46, Game Length 19.20 moves
Loss p1: 0.122908, Loss p2: 0.125555
Benchmark Stats Training Round 11
W: 0.92, T: 0.00 (versus random)
W: 0.50, T: 0.00 (versus left)
W: 0.74, T: 0.00 (versus lvl1)
W: 0.33, T: 0.00 (versus lvl2)
Training round 11 completed in 1 minutes and 41 seconds.
Expected completion: 15:23 2020-05-19.
Training round 12 stats
Wins 0.50, Ties 0.00, Losses 0.50, Game Length 19.28 moves
Loss p1: 0.133615, Loss p2: 0.140059
Benchmark Stats Training Round 12
W: 0.85, T: 0.00 (versus random)
W: 1.00, T: 0.00 (versus left)
W: 0.72, T: 0.00 (versus lvl1)
W: 0.24, T: 0.01 (versus lvl2)
Training round 12 completed in 1 minutes and 42 seconds.
Expected completion: 15:25 2020-05-19.
Training round 13 stats
Wins 0.52, Ties 0.00, Losses 0.48, Game Length 19.59 moves
Loss p1: 0.131887, Loss p2: 0.141975
Benchmark Stats Training Round 13
W: 0.82, T: 0.00 (versus random)
W: 0.50, T: 0.00 (versus left)
W: 0.67, T: 0.00 (versus lvl1)
W: 0.14, T: 0.01 (versus lvl2)
Training round 13 completed in 1 minutes and 39 seconds.
Expected completion: 15:20 2020-05-19.
Training round 14 stats
Wins 0.51, Ties 0.00, Losses 0.48, Game Length 19.20 moves
Loss p1: 0.126821, Loss p2: 0.135945
Benchmark Stats Training Round 14
W: 0.87, T: 0.00 (versus random)
W: 0.50, T: 0.00 (versus left)
W: 0.76, T: 0.00 (versus lvl1)
W: 0.28, T: 0.00 (versus lvl2)
Training round 14 completed in 1 minutes and 40 seconds.
Expected completion: 15:22 2020-05-19.
Training round 15 stats
Wins 0.52, Ties 0.00, Losses 0.48, Game Length 19.37 moves
Loss p1: 0.132768, Loss p2: 0.131886
Benchmark Stats Training Round 15
W: 0.84, T: 0.00 (versus random)
W: 1.00, T: 0.00 (versus left)
W: 0.73, T: 0.00 (versus lvl1)
W: 0.22, T: 0.00 (versus lvl2)
Training round 15 completed in 1 minutes and 46 seconds.
Expected completion: 15:30 2020-05-19.
Training round 16 stats
Wins 0.49, Ties 0.00, Losses 0.51, Game Length 18.91 moves
Loss p1: 0.133514, Loss p2: 0.141213
Benchmark Stats Training Round 16
W: 0.81, T: 0.00 (versus random)
W: 0.00, T: 0.00 (versus left)
W: 0.64, T: 0.00 (versus lvl1)
W: 0.18, T: 0.00 (versus lvl2)
Training round 16 completed in 1 minutes and 40 seconds.
Expected completion: 15:22 2020-05-19.
Training round 17 stats
Wins 0.52, Ties 0.00, Losses 0.48, Game Length 19.34 moves
Loss p1: 0.130607, Loss p2: 0.144236
Benchmark Stats Training Round 17
W: 0.81, T: 0.00 (versus random)
W: 1.00, T: 0.00 (versus left)
W: 0.66, T: 0.00 (versus lvl1)
W: 0.10, T: 0.00 (versus lvl2)
Training round 17 completed in 1 minutes and 45 seconds.
Expected completion: 15:29 2020-05-19.
Training round 18 stats
Wins 0.49, Ties 0.00, Losses 0.51, Game Length 18.89 moves
Loss p1: 0.130579, Loss p2: 0.138903
Benchmark Stats Training Round 18
W: 0.84, T: 0.00 (versus random)
W: 0.50, T: 0.00 (versus left)
W: 0.80, T: 0.00 (versus lvl1)
W: 0.25, T: 0.00 (versus lvl2)
Training round 18 completed in 1 minutes and 34 seconds.
Expected completion: 15:14 2020-05-19.
Training round 19 stats
Wins 0.50, Ties 0.00, Losses 0.50, Game Length 18.80 moves
Loss p1: 0.135259, Loss p2: 0.143018
Benchmark Stats Training Round 19
W: 0.82, T: 0.00 (versus random)
W: 0.50, T: 0.00 (versus left)
W: 0.65, T: 0.00 (versus lvl1)
W: 0.37, T: 0.00 (versus lvl2)
Training round 19 completed in 1 minutes and 41 seconds.
Expected completion: 15:23 2020-05-19.
Training round 20 stats
Wins 0.50, Ties 0.00, Losses 0.50, Game Length 18.89 moves
Loss p1: 0.138576, Loss p2: 0.142313
Benchmark Stats Training Round 20
W: 0.88, T: 0.00 (versus random)
W: 0.50, T: 0.00 (versus left)
W: 0.76, T: 0.00 (versus lvl1)
W: 0.26, T: 0.01 (versus lvl2)
Training round 20 completed in 1 minutes and 25 seconds.
Expected completion: 15:02 2020-05-19.
Training round 21 stats
Wins 0.52, Ties 0.00, Losses 0.48, Game Length 19.10 moves
Loss p1: 0.144278, Loss p2: 0.145852
Benchmark Stats Training Round 21
W: 0.83, T: 0.00 (versus random)
W: 0.50, T: 0.00 (versus left)
W: 0.79, T: 0.00 (versus lvl1)
W: 0.33, T: 0.00 (versus lvl2)
Training round 21 completed in 1 minutes and 38 seconds.
Expected completion: 15:19 2020-05-19.
Training round 22 stats
Wins 0.48, Ties 0.00, Losses 0.52, Game Length 18.96 moves
Loss p1: 0.137781, Loss p2: 0.143142
Benchmark Stats Training Round 22
W: 0.82, T: 0.00 (versus random)
W: 0.50, T: 0.00 (versus left)
W: 0.70, T: 0.00 (versus lvl1)
W: 0.25, T: 0.02 (versus lvl2)
Training round 22 completed in 1 minutes and 50 seconds.
Expected completion: 15:35 2020-05-19.
Training round 23 stats
Wins 0.52, Ties 0.00, Losses 0.47, Game Length 19.24 moves
Loss p1: 0.140874, Loss p2: 0.143861
Benchmark Stats Training Round 23
W: 0.70, T: 0.00 (versus random)
W: 0.50, T: 0.00 (versus left)
W: 0.60, T: 0.00 (versus lvl1)
W: 0.14, T: 0.00 (versus lvl2)
Training round 23 completed in 1 minutes and 44 seconds.
Expected completion: 15:28 2020-05-19.
Training round 24 stats
Wins 0.50, Ties 0.00, Losses 0.50, Game Length 18.75 moves
Loss p1: 0.144270, Loss p2: 0.145809
Benchmark Stats Training Round 24
W: 0.86, T: 0.00 (versus random)
W: 0.50, T: 0.00 (versus left)
W: 0.69, T: 0.00 (versus lvl1)
W: 0.21, T: 0.00 (versus lvl2)
Training round 24 completed in 1 minutes and 40 seconds.
Expected completion: 15:22 2020-05-19.
Training round 25 stats
Wins 0.48, Ties 0.00, Losses 0.52, Game Length 19.24 moves
Loss p1: 0.148655, Loss p2: 0.147869
Benchmark Stats Training Round 25
W: 0.87, T: 0.00 (versus random)
W: 1.00, T: 0.00 (versus left)
W: 0.56, T: 0.00 (versus lvl1)
W: 0.25, T: 0.01 (versus lvl2)
Training round 25 completed in 1 minutes and 43 seconds.
Expected completion: 15:26 2020-05-19.
Training round 26 stats
Wins 0.52, Ties 0.00, Losses 0.48, Game Length 18.74 moves
Loss p1: 0.146326, Loss p2: 0.153504
Benchmark Stats Training Round 26
W: 0.89, T: 0.00 (versus random)
W: 0.50, T: 0.00 (versus left)
W: 0.73, T: 0.00 (versus lvl1)
W: 0.34, T: 0.02 (versus lvl2)
Training round 26 completed in 1 minutes and 45 seconds.
Expected completion: 15:28 2020-05-19.
Training round 27 stats
Wins 0.51, Ties 0.00, Losses 0.49, Game Length 18.95 moves
Loss p1: 0.150050, Loss p2: 0.147216
Benchmark Stats Training Round 27
W: 0.78, T: 0.00 (versus random)
W: 0.00, T: 0.00 (versus left)
W: 0.66, T: 0.00 (versus lvl1)
W: 0.22, T: 0.01 (versus lvl2)
Training round 27 completed in 1 minutes and 38 seconds.
Expected completion: 15:20 2020-05-19.
Training round 28 stats
Wins 0.53, Ties 0.00, Losses 0.47, Game Length 18.99 moves
Loss p1: 0.153156, Loss p2: 0.149897
Benchmark Stats Training Round 28
W: 0.80, T: 0.00 (versus random)
W: 0.50, T: 0.00 (versus left)
W: 0.64, T: 0.00 (versus lvl1)
W: 0.17, T: 0.00 (versus lvl2)
Training round 28 completed in 1 minutes and 37 seconds.
Expected completion: 15:19 2020-05-19.
Training round 29 stats
Wins 0.49, Ties 0.00, Losses 0.51, Game Length 18.71 moves
Loss p1: 0.155349, Loss p2: 0.148185
Benchmark Stats Training Round 29
W: 0.91, T: 0.00 (versus random)
W: 1.00, T: 0.00 (versus left)
W: 0.71, T: 0.00 (versus lvl1)
W: 0.35, T: 0.00 (versus lvl2)
Training round 29 completed in 1 minutes and 37 seconds.
Expected completion: 15:19 2020-05-19.
Training round 30 stats
Wins 0.51, Ties 0.00, Losses 0.49, Game Length 18.75 moves
Loss p1: 0.155666, Loss p2: 0.150351
Benchmark Stats Training Round 30
W: 0.87, T: 0.00 (versus random)
W: 0.00, T: 0.00 (versus left)
W: 0.64, T: 0.00 (versus lvl1)
W: 0.23, T: 0.02 (versus lvl2)
Training round 30 completed in 1 minutes and 40 seconds.
Expected completion: 15:22 2020-05-19.
Training round 31 stats
Wins 0.52, Ties 0.01, Losses 0.48, Game Length 19.12 moves
Loss p1: 0.153928, Loss p2: 0.150867
Benchmark Stats Training Round 31
W: 0.94, T: 0.00 (versus random)
W: 0.50, T: 0.00 (versus left)
W: 0.81, T: 0.00 (versus lvl1)
W: 0.31, T: 0.00 (versus lvl2)
Training round 31 completed in 1 minutes and 42 seconds.
Expected completion: 15:24 2020-05-19.
Training round 32 stats
Wins 0.48, Ties 0.00, Losses 0.52, Game Length 18.78 moves
Loss p1: 0.158142, Loss p2: 0.155910
Benchmark Stats Training Round 32
W: 0.90, T: 0.00 (versus random)
W: 0.00, T: 0.00 (versus left)
W: 0.68, T: 0.00 (versus lvl1)
W: 0.26, T: 0.01 (versus lvl2)
Training round 32 completed in 1 minutes and 41 seconds.
Expected completion: 15:23 2020-05-19.
Training round 33 stats
Wins 0.50, Ties 0.00, Losses 0.50, Game Length 18.80 moves
Loss p1: 0.155169, Loss p2: 0.149884
Benchmark Stats Training Round 33
W: 0.90, T: 0.00 (versus random)
W: 0.50, T: 0.00 (versus left)
W: 0.77, T: 0.00 (versus lvl1)
W: 0.31, T: 0.00 (versus lvl2)
Training round 33 completed in 1 minutes and 42 seconds.
Expected completion: 15:25 2020-05-19.
Training round 34 stats
Wins 0.51, Ties 0.00, Losses 0.49, Game Length 18.64 moves
Loss p1: 0.149618, Loss p2: 0.147951
Benchmark Stats Training Round 34
W: 0.82, T: 0.00 (versus random)
W: 1.00, T: 0.00 (versus left)
W: 0.63, T: 0.00 (versus lvl1)
W: 0.20, T: 0.00 (versus lvl2)
Training round 34 completed in 1 minutes and 44 seconds.
Expected completion: 15:27 2020-05-19.
Training round 35 stats
Wins 0.50, Ties 0.00, Losses 0.49, Game Length 18.98 moves
Loss p1: 0.154819, Loss p2: 0.158911
Benchmark Stats Training Round 35
W: 0.92, T: 0.00 (versus random)
W: 1.00, T: 0.00 (versus left)
W: 0.86, T: 0.00 (versus lvl1)
W: 0.32, T: 0.02 (versus lvl2)
Training round 35 completed in 1 minutes and 43 seconds.
Expected completion: 15:26 2020-05-19.
Training round 36 stats
Wins 0.49, Ties 0.00, Losses 0.51, Game Length 19.09 moves
Loss p1: 0.162380, Loss p2: 0.162283
Benchmark Stats Training Round 36
W: 0.87, T: 0.01 (versus random)
W: 1.00, T: 0.00 (versus left)
W: 0.72, T: 0.00 (versus lvl1)
W: 0.22, T: 0.01 (versus lvl2)
Training round 36 completed in 1 minutes and 40 seconds.
Expected completion: 15:22 2020-05-19.
Training round 37 stats
Wins 0.48, Ties 0.00, Losses 0.52, Game Length 19.03 moves
Loss p1: 0.163077, Loss p2: 0.159169
Benchmark Stats Training Round 37
W: 0.90, T: 0.00 (versus random)
W: 0.50, T: 0.00 (versus left)
W: 0.67, T: 0.00 (versus lvl1)
W: 0.34, T: 0.01 (versus lvl2)
Training round 37 completed in 1 minutes and 43 seconds.
Expected completion: 15:26 2020-05-19.
Training round 38 stats
Wins 0.52, Ties 0.00, Losses 0.48, Game Length 18.53 moves
Loss p1: 0.161638, Loss p2: 0.155693
Benchmark Stats Training Round 38
W: 0.90, T: 0.00 (versus random)
W: 0.50, T: 0.00 (versus left)
W: 0.67, T: 0.00 (versus lvl1)
W: 0.31, T: 0.00 (versus lvl2)
Training round 38 completed in 1 minutes and 39 seconds.
Expected completion: 15:21 2020-05-19.
Training round 39 stats
Wins 0.52, Ties 0.00, Losses 0.48, Game Length 18.79 moves
Loss p1: 0.165063, Loss p2: 0.161494
Benchmark Stats Training Round 39
W: 0.92, T: 0.00 (versus random)
W: 0.50, T: 0.00 (versus left)
W: 0.83, T: 0.00 (versus lvl1)
W: 0.35, T: 0.00 (versus lvl2)
Training round 39 completed in 1 minutes and 35 seconds.
Expected completion: 15:17 2020-05-19.
Training round 40 stats
Wins 0.54, Ties 0.00, Losses 0.46, Game Length 19.13 moves
Loss p1: 0.162867, Loss p2: 0.160081
Benchmark Stats Training Round 40
W: 0.94, T: 0.00 (versus random)
W: 0.50, T: 0.00 (versus left)
W: 0.81, T: 0.00 (versus lvl1)
W: 0.40, T: 0.00 (versus lvl2)
Training round 40 completed in 1 minutes and 43 seconds.
Expected completion: 15:25 2020-05-19.
Training round 41 stats
Wins 0.52, Ties 0.00, Losses 0.48, Game Length 18.80 moves
Loss p1: 0.166766, Loss p2: 0.162341
Benchmark Stats Training Round 41
W: 0.82, T: 0.00 (versus random)
W: 0.50, T: 0.00 (versus left)
W: 0.56, T: 0.00 (versus lvl1)
W: 0.13, T: 0.01 (versus lvl2)
Training round 41 completed in 1 minutes and 44 seconds.
Expected completion: 15:26 2020-05-19.
Training round 42 stats
Wins 0.49, Ties 0.00, Losses 0.50, Game Length 18.53 moves
Loss p1: 0.168381, Loss p2: 0.162434
Benchmark Stats Training Round 42
W: 0.94, T: 0.00 (versus random)
W: 0.50, T: 0.00 (versus left)
W: 0.77, T: 0.00 (versus lvl1)
W: 0.23, T: 0.01 (versus lvl2)
Training round 42 completed in 1 minutes and 45 seconds.
Expected completion: 15:27 2020-05-19.
Training round 43 stats
Wins 0.52, Ties 0.00, Losses 0.48, Game Length 18.89 moves
Loss p1: 0.168523, Loss p2: 0.164178
Benchmark Stats Training Round 43
W: 0.95, T: 0.00 (versus random)
W: 0.50, T: 0.00 (versus left)
W: 0.88, T: 0.00 (versus lvl1)
W: 0.39, T: 0.00 (versus lvl2)
Training round 43 completed in 1 minutes and 40 seconds.
Expected completion: 15:23 2020-05-19.
Training round 44 stats
Wins 0.50, Ties 0.00, Losses 0.50, Game Length 18.86 moves
Loss p1: 0.165611, Loss p2: 0.168821
Benchmark Stats Training Round 44
W: 0.93, T: 0.00 (versus random)
W: 0.50, T: 0.00 (versus left)
W: 0.85, T: 0.00 (versus lvl1)
W: 0.30, T: 0.00 (versus lvl2)
Training round 44 completed in 1 minutes and 41 seconds.
Expected completion: 15:24 2020-05-19.
Training round 45 stats
Wins 0.51, Ties 0.00, Losses 0.49, Game Length 18.74 moves
Loss p1: 0.165782, Loss p2: 0.164729
Benchmark Stats Training Round 45
W: 0.95, T: 0.00 (versus random)
W: 0.50, T: 0.00 (versus left)
W: 0.84, T: 0.00 (versus lvl1)
W: 0.43, T: 0.01 (versus lvl2)
Training round 45 completed in 1 minutes and 42 seconds.
Expected completion: 15:25 2020-05-19.
Training round 46 stats
Wins 0.49, Ties 0.00, Losses 0.51, Game Length 18.79 moves
Loss p1: 0.170455, Loss p2: 0.158947
Benchmark Stats Training Round 46
W: 0.97, T: 0.00 (versus random)
W: 0.50, T: 0.00 (versus left)
W: 0.72, T: 0.00 (versus lvl1)
W: 0.32, T: 0.00 (versus lvl2)
Training round 46 completed in 1 minutes and 46 seconds.
Expected completion: 15:28 2020-05-19.
Training round 47 stats
Wins 0.49, Ties 0.00, Losses 0.51, Game Length 18.47 moves
Loss p1: 0.167050, Loss p2: 0.162855
Benchmark Stats Training Round 47
W: 0.91, T: 0.00 (versus random)
W: 0.00, T: 0.00 (versus left)
W: 0.75, T: 0.00 (versus lvl1)
W: 0.33, T: 0.01 (versus lvl2)
Training round 47 completed in 1 minutes and 40 seconds.
Expected completion: 15:23 2020-05-19.
Training round 48 stats
Wins 0.51, Ties 0.00, Losses 0.49, Game Length 18.41 moves
Loss p1: 0.175420, Loss p2: 0.173745
Benchmark Stats Training Round 48
W: 0.94, T: 0.00 (versus random)
W: 0.50, T: 0.00 (versus left)
W: 0.78, T: 0.00 (versus lvl1)
W: 0.38, T: 0.02 (versus lvl2)
Training round 48 completed in 1 minutes and 41 seconds.
Expected completion: 15:24 2020-05-19.
Training round 49 stats
Wins 0.51, Ties 0.00, Losses 0.49, Game Length 18.64 moves
Loss p1: 0.162891, Loss p2: 0.159084
Benchmark Stats Training Round 49
W: 0.93, T: 0.00 (versus random)
W: 0.50, T: 0.00 (versus left)
W: 0.89, T: 0.00 (versus lvl1)
W: 0.49, T: 0.00 (versus lvl2)
Training round 49 completed in 1 minutes and 44 seconds.
Expected completion: 15:26 2020-05-19.
Training round 50 stats
Wins 0.48, Ties 0.00, Losses 0.51, Game Length 18.89 moves
Loss p1: 0.181480, Loss p2: 0.172031
Benchmark Stats Training Round 50
W: 0.89, T: 0.00 (versus random)
W: 0.50, T: 0.00 (versus left)
W: 0.76, T: 0.00 (versus lvl1)
W: 0.30, T: 0.01 (versus lvl2)
Training round 50 completed in 1 minutes and 36 seconds.
Expected completion: 15:20 2020-05-19.
Training round 51 stats
Wins 0.52, Ties 0.00, Losses 0.48, Game Length 18.89 moves
Loss p1: 0.172468, Loss p2: 0.164768
Benchmark Stats Training Round 51
W: 0.89, T: 0.00 (versus random)
W: 0.50, T: 0.00 (versus left)
W: 0.79, T: 0.00 (versus lvl1)
W: 0.38, T: 0.00 (versus lvl2)
Training round 51 completed in 1 minutes and 45 seconds.
Expected completion: 15:27 2020-05-19.
Training round 52 stats
Wins 0.49, Ties 0.00, Losses 0.50, Game Length 19.45 moves
Loss p1: 0.181338, Loss p2: 0.174506
Benchmark Stats Training Round 52
W: 0.86, T: 0.00 (versus random)
W: 0.50, T: 0.00 (versus left)
W: 0.70, T: 0.00 (versus lvl1)
W: 0.38, T: 0.01 (versus lvl2)
Training round 52 completed in 1 minutes and 50 seconds.
Expected completion: 15:31 2020-05-19.
Training round 53 stats
Wins 0.50, Ties 0.00, Losses 0.50, Game Length 18.45 moves
Loss p1: 0.187827, Loss p2: 0.177624
Benchmark Stats Training Round 53
W: 0.89, T: 0.00 (versus random)
W: 1.00, T: 0.00 (versus left)
W: 0.79, T: 0.00 (versus lvl1)
W: 0.26, T: 0.00 (versus lvl2)
Training round 53 completed in 1 minutes and 42 seconds.
Expected completion: 15:25 2020-05-19.
Training round 54 stats
Wins 0.51, Ties 0.00, Losses 0.48, Game Length 18.77 moves
Loss p1: 0.186252, Loss p2: 0.175660
Benchmark Stats Training Round 54
W: 0.81, T: 0.00 (versus random)
W: 0.50, T: 0.00 (versus left)
W: 0.65, T: 0.00 (versus lvl1)
W: 0.21, T: 0.00 (versus lvl2)
Training round 54 completed in 1 minutes and 47 seconds.
Expected completion: 15:28 2020-05-19.
Training round 55 stats
Wins 0.50, Ties 0.00, Losses 0.49, Game Length 18.64 moves
Loss p1: 0.183621, Loss p2: 0.178388
Benchmark Stats Training Round 55
W: 0.91, T: 0.00 (versus random)
W: 1.00, T: 0.00 (versus left)
W: 0.71, T: 0.00 (versus lvl1)
W: 0.36, T: 0.02 (versus lvl2)
Training round 55 completed in 1 minutes and 51 seconds.
Expected completion: 15:32 2020-05-19.
Training round 56 stats
Wins 0.47, Ties 0.00, Losses 0.53, Game Length 18.50 moves
Loss p1: 0.181248, Loss p2: 0.172759
Benchmark Stats Training Round 56
W: 0.93, T: 0.00 (versus random)
W: 0.00, T: 0.00 (versus left)
W: 0.81, T: 0.00 (versus lvl1)
W: 0.28, T: 0.01 (versus lvl2)
Training round 56 completed in 1 minutes and 48 seconds.
Expected completion: 15:30 2020-05-19.
Training round 57 stats
Wins 0.49, Ties 0.00, Losses 0.51, Game Length 18.46 moves
Loss p1: 0.192943, Loss p2: 0.180746
Benchmark Stats Training Round 57
W: 0.90, T: 0.00 (versus random)
W: 0.50, T: 0.00 (versus left)
W: 0.80, T: 0.00 (versus lvl1)
W: 0.17, T: 0.01 (versus lvl2)
Training round 57 completed in 1 minutes and 47 seconds.
Expected completion: 15:29 2020-05-19.
Training round 58 stats
Wins 0.49, Ties 0.00, Losses 0.50, Game Length 18.36 moves
Loss p1: 0.204757, Loss p2: 0.177555
Benchmark Stats Training Round 58
W: 0.91, T: 0.00 (versus random)
W: 0.50, T: 0.00 (versus left)
W: 0.82, T: 0.00 (versus lvl1)
W: 0.39, T: 0.00 (versus lvl2)
Training round 58 completed in 1 minutes and 45 seconds.
Expected completion: 15:27 2020-05-19.
Training round 59 stats
Wins 0.47, Ties 0.00, Losses 0.52, Game Length 18.69 moves
Loss p1: 0.190584, Loss p2: 0.179155
Benchmark Stats Training Round 59
W: 0.87, T: 0.00 (versus random)
W: 0.50, T: 0.00 (versus left)
W: 0.79, T: 0.00 (versus lvl1)
W: 0.26, T: 0.00 (versus lvl2)
Training round 59 completed in 1 minutes and 41 seconds.
Expected completion: 15:24 2020-05-19.
Training round 60 stats
Wins 0.52, Ties 0.00, Losses 0.48, Game Length 18.89 moves
Loss p1: 0.188212, Loss p2: 0.179126
Benchmark Stats Training Round 60
W: 0.96, T: 0.00 (versus random)
W: 0.50, T: 0.00 (versus left)
W: 0.76, T: 0.00 (versus lvl1)
W: 0.20, T: 0.00 (versus lvl2)
Training round 60 completed in 1 minutes and 47 seconds.
Expected completion: 15:28 2020-05-19.
Training round 61 stats
Wins 0.52, Ties 0.00, Losses 0.48, Game Length 18.43 moves
Loss p1: 0.186283, Loss p2: 0.177592
Benchmark Stats Training Round 61
W: 0.94, T: 0.00 (versus random)
W: 0.50, T: 0.00 (versus left)
W: 0.82, T: 0.00 (versus lvl1)
W: 0.50, T: 0.00 (versus lvl2)
Training round 61 completed in 1 minutes and 42 seconds.
Expected completion: 15:25 2020-05-19.
Training round 62 stats
Wins 0.50, Ties 0.00, Losses 0.50, Game Length 18.53 moves
Loss p1: 0.193910, Loss p2: 0.180765
Benchmark Stats Training Round 62
W: 0.89, T: 0.00 (versus random)
W: 1.00, T: 0.00 (versus left)
W: 0.79, T: 0.00 (versus lvl1)
W: 0.38, T: 0.00 (versus lvl2)
Training round 62 completed in 1 minutes and 51 seconds.
Expected completion: 15:31 2020-05-19.
Training round 63 stats
Wins 0.51, Ties 0.00, Losses 0.49, Game Length 18.33 moves
Loss p1: 0.190452, Loss p2: 0.179372
Benchmark Stats Training Round 63
W: 0.92, T: 0.01 (versus random)
W: 1.00, T: 0.00 (versus left)
W: 0.82, T: 0.00 (versus lvl1)
W: 0.44, T: 0.00 (versus lvl2)
Training round 63 completed in 1 minutes and 45 seconds.
Expected completion: 15:27 2020-05-19.
Training round 64 stats
Wins 0.48, Ties 0.00, Losses 0.52, Game Length 18.57 moves
Loss p1: 0.192613, Loss p2: 0.183699
Benchmark Stats Training Round 64
W: 0.90, T: 0.00 (versus random)
W: 1.00, T: 0.00 (versus left)
W: 0.81, T: 0.00 (versus lvl1)
W: 0.44, T: 0.00 (versus lvl2)
Training round 64 completed in 1 minutes and 45 seconds.
Expected completion: 15:27 2020-05-19.
Training round 65 stats
Wins 0.49, Ties 0.00, Losses 0.51, Game Length 18.78 moves
Loss p1: 0.177224, Loss p2: 0.177899
Benchmark Stats Training Round 65
W: 0.99, T: 0.00 (versus random)
W: 1.00, T: 0.00 (versus left)
W: 0.87, T: 0.00 (versus lvl1)
W: 0.32, T: 0.02 (versus lvl2)
Training round 65 completed in 1 minutes and 51 seconds.
Expected completion: 15:31 2020-05-19.
Training round 66 stats
Wins 0.50, Ties 0.01, Losses 0.49, Game Length 19.01 moves
Loss p1: 0.199204, Loss p2: 0.183071
Benchmark Stats Training Round 66
W: 0.96, T: 0.00 (versus random)
W: 1.00, T: 0.00 (versus left)
W: 0.88, T: 0.00 (versus lvl1)
W: 0.51, T: 0.00 (versus lvl2)
Training round 66 completed in 1 minutes and 47 seconds.
Expected completion: 15:28 2020-05-19.
Training round 67 stats
Wins 0.51, Ties 0.00, Losses 0.49, Game Length 18.64 moves
Loss p1: 0.184506, Loss p2: 0.175051
Benchmark Stats Training Round 67
W: 0.87, T: 0.00 (versus random)
W: 0.50, T: 0.00 (versus left)
W: 0.83, T: 0.00 (versus lvl1)
W: 0.36, T: 0.00 (versus lvl2)
Training round 67 completed in 1 minutes and 50 seconds.
Expected completion: 15:30 2020-05-19.
Training round 68 stats
Wins 0.47, Ties 0.00, Losses 0.53, Game Length 18.30 moves
Loss p1: 0.194471, Loss p2: 0.197059
Benchmark Stats Training Round 68
W: 0.96, T: 0.00 (versus random)
W: 1.00, T: 0.00 (versus left)
W: 0.88, T: 0.00 (versus lvl1)
W: 0.58, T: 0.00 (versus lvl2)
Training round 68 completed in 1 minutes and 40 seconds.
Expected completion: 15:25 2020-05-19.
Training round 69 stats
Wins 0.50, Ties 0.00, Losses 0.50, Game Length 18.44 moves
Loss p1: 0.198515, Loss p2: 0.204325
Benchmark Stats Training Round 69
W: 0.95, T: 0.00 (versus random)
W: 1.00, T: 0.00 (versus left)
W: 0.91, T: 0.00 (versus lvl1)
W: 0.35, T: 0.00 (versus lvl2)
Training round 69 completed in 1 minutes and 48 seconds.
Expected completion: 15:29 2020-05-19.
Training round 70 stats
Wins 0.51, Ties 0.00, Losses 0.49, Game Length 18.72 moves
Loss p1: 0.199473, Loss p2: 0.190423
Benchmark Stats Training Round 70
W: 0.97, T: 0.00 (versus random)
W: 1.00, T: 0.00 (versus left)
W: 0.90, T: 0.00 (versus lvl1)
W: 0.47, T: 0.00 (versus lvl2)
Training round 70 completed in 1 minutes and 45 seconds.
Expected completion: 15:28 2020-05-19.
Training round 71 stats
Wins 0.54, Ties 0.00, Losses 0.46, Game Length 18.60 moves
Loss p1: 0.205411, Loss p2: 0.190611
Benchmark Stats Training Round 71
W: 0.93, T: 0.00 (versus random)
W: 0.50, T: 0.00 (versus left)
W: 0.83, T: 0.00 (versus lvl1)
W: 0.40, T: 0.00 (versus lvl2)
Training round 71 completed in 1 minutes and 45 seconds.
Expected completion: 15:27 2020-05-19.
Training round 72 stats
Wins 0.52, Ties 0.00, Losses 0.48, Game Length 18.56 moves
Loss p1: 0.199304, Loss p2: 0.199263
Benchmark Stats Training Round 72
W: 0.92, T: 0.00 (versus random)
W: 0.50, T: 0.00 (versus left)
W: 0.80, T: 0.00 (versus lvl1)
W: 0.39, T: 0.00 (versus lvl2)
Training round 72 completed in 1 minutes and 55 seconds.
Expected completion: 15:32 2020-05-19.
Training round 73 stats
Wins 0.48, Ties 0.00, Losses 0.52, Game Length 18.70 moves
Loss p1: 0.191738, Loss p2: 0.191837
Benchmark Stats Training Round 73
W: 0.92, T: 0.00 (versus random)
W: 0.00, T: 0.00 (versus left)
W: 0.86, T: 0.00 (versus lvl1)
W: 0.36, T: 0.01 (versus lvl2)
Training round 73 completed in 1 minutes and 49 seconds.
Expected completion: 15:29 2020-05-19.
Training round 74 stats
Wins 0.52, Ties 0.00, Losses 0.48, Game Length 18.80 moves
Loss p1: 0.190599, Loss p2: 0.188161
Benchmark Stats Training Round 74
W: 0.95, T: 0.00 (versus random)
W: 0.50, T: 0.00 (versus left)
W: 0.83, T: 0.00 (versus lvl1)
W: 0.44, T: 0.00 (versus lvl2)
Training round 74 completed in 1 minutes and 47 seconds.
Expected completion: 15:28 2020-05-19.
Training round 75 stats
Wins 0.51, Ties 0.00, Losses 0.49, Game Length 18.37 moves
Loss p1: 0.195441, Loss p2: 0.195260
Benchmark Stats Training Round 75
W: 0.95, T: 0.00 (versus random)
W: 0.50, T: 0.00 (versus left)
W: 0.89, T: 0.00 (versus lvl1)
W: 0.37, T: 0.00 (versus lvl2)
Training round 75 completed in 1 minutes and 48 seconds.
Expected completion: 15:29 2020-05-19.
Training round 76 stats
Wins 0.49, Ties 0.00, Losses 0.51, Game Length 18.58 moves
Loss p1: 0.194471, Loss p2: 0.185140
Benchmark Stats Training Round 76
W: 0.96, T: 0.01 (versus random)
W: 1.00, T: 0.00 (versus left)
W: 0.89, T: 0.00 (versus lvl1)
W: 0.46, T: 0.00 (versus lvl2)
Training round 76 completed in 1 minutes and 47 seconds.
Expected completion: 15:29 2020-05-19.
Training round 77 stats
Wins 0.49, Ties 0.00, Losses 0.51, Game Length 18.71 moves
Loss p1: 0.196028, Loss p2: 0.188838
Benchmark Stats Training Round 77
W: 0.94, T: 0.00 (versus random)
W: 1.00, T: 0.00 (versus left)
W: 0.90, T: 0.00 (versus lvl1)
W: 0.42, T: 0.00 (versus lvl2)
Training round 77 completed in 1 minutes and 47 seconds.
Expected completion: 15:28 2020-05-19.
Training round 78 stats
Wins 0.49, Ties 0.00, Losses 0.50, Game Length 18.44 moves
Loss p1: 0.207861, Loss p2: 0.190161
Benchmark Stats Training Round 78
W: 0.97, T: 0.00 (versus random)
W: 0.50, T: 0.00 (versus left)
W: 0.85, T: 0.00 (versus lvl1)
W: 0.36, T: 0.00 (versus lvl2)
Training round 78 completed in 1 minutes and 47 seconds.
Expected completion: 15:28 2020-05-19.
Training round 79 stats
Wins 0.50, Ties 0.00, Losses 0.50, Game Length 18.07 moves
Loss p1: 0.201876, Loss p2: 0.190575
Benchmark Stats Training Round 79
W: 0.92, T: 0.00 (versus random)
W: 0.50, T: 0.00 (versus left)
W: 0.83, T: 0.00 (versus lvl1)
W: 0.42, T: 0.00 (versus lvl2)
Training round 79 completed in 1 minutes and 53 seconds.
Expected completion: 15:31 2020-05-19.
Training round 80 stats
Wins 0.52, Ties 0.00, Losses 0.48, Game Length 18.16 moves
Loss p1: 0.196583, Loss p2: 0.188901
Benchmark Stats Training Round 80
W: 0.98, T: 0.00 (versus random)
W: 0.50, T: 0.00 (versus left)
W: 0.87, T: 0.00 (versus lvl1)
W: 0.29, T: 0.01 (versus lvl2)
Training round 80 completed in 1 minutes and 48 seconds.
Expected completion: 15:29 2020-05-19.
Training round 81 stats
Wins 0.52, Ties 0.00, Losses 0.48, Game Length 18.43 moves
Loss p1: 0.209899, Loss p2: 0.202402
Benchmark Stats Training Round 81
W: 0.98, T: 0.00 (versus random)
W: 0.50, T: 0.00 (versus left)
W: 0.84, T: 0.00 (versus lvl1)
W: 0.32, T: 0.00 (versus lvl2)
Training round 81 completed in 1 minutes and 59 seconds.
Expected completion: 15:33 2020-05-19.
Training round 82 stats
Wins 0.48, Ties 0.00, Losses 0.52, Game Length 18.72 moves
Loss p1: 0.200509, Loss p2: 0.196992
Benchmark Stats Training Round 82
W: 0.98, T: 0.00 (versus random)
W: 0.50, T: 0.00 (versus left)
W: 0.90, T: 0.00 (versus lvl1)
W: 0.45, T: 0.00 (versus lvl2)
Training round 82 completed in 1 minutes and 50 seconds.
Expected completion: 15:30 2020-05-19.
Training round 83 stats
Wins 0.48, Ties 0.00, Losses 0.52, Game Length 18.37 moves
Loss p1: 0.187683, Loss p2: 0.185697
Benchmark Stats Training Round 83
W: 0.91, T: 0.01 (versus random)
W: 0.50, T: 0.00 (versus left)
W: 0.88, T: 0.00 (versus lvl1)
W: 0.38, T: 0.00 (versus lvl2)
Training round 83 completed in 1 minutes and 47 seconds.
Expected completion: 15:29 2020-05-19.
Training round 84 stats
Wins 0.50, Ties 0.00, Losses 0.50, Game Length 18.61 moves
Loss p1: 0.199803, Loss p2: 0.199006
Benchmark Stats Training Round 84
W: 0.99, T: 0.00 (versus random)
W: 1.00, T: 0.00 (versus left)
W: 0.92, T: 0.00 (versus lvl1)
W: 0.56, T: 0.00 (versus lvl2)
Training round 84 completed in 1 minutes and 50 seconds.
Expected completion: 15:30 2020-05-19.
Training round 85 stats
Wins 0.51, Ties 0.00, Losses 0.48, Game Length 18.24 moves
Loss p1: 0.200600, Loss p2: 0.203056
Benchmark Stats Training Round 85
W: 0.91, T: 0.00 (versus random)
W: 0.50, T: 0.00 (versus left)
W: 0.85, T: 0.00 (versus lvl1)
W: 0.39, T: 0.03 (versus lvl2)
Training round 85 completed in 1 minutes and 45 seconds.
Expected completion: 15:28 2020-05-19.
Training round 86 stats
Wins 0.51, Ties 0.00, Losses 0.49, Game Length 18.18 moves
Loss p1: 0.197191, Loss p2: 0.190407
Benchmark Stats Training Round 86
W: 0.96, T: 0.00 (versus random)
W: 1.00, T: 0.00 (versus left)
W: 0.90, T: 0.00 (versus lvl1)
W: 0.34, T: 0.01 (versus lvl2)
Training round 86 completed in 1 minutes and 50 seconds.
Expected completion: 15:29 2020-05-19.
Training round 87 stats
Wins 0.50, Ties 0.00, Losses 0.50, Game Length 18.36 moves
Loss p1: 0.213086, Loss p2: 0.200775
Benchmark Stats Training Round 87
W: 0.97, T: 0.00 (versus random)
W: 1.00, T: 0.00 (versus left)
W: 0.91, T: 0.00 (versus lvl1)
W: 0.49, T: 0.01 (versus lvl2)
Training round 87 completed in 1 minutes and 51 seconds.
Expected completion: 15:30 2020-05-19.
Training round 88 stats
Wins 0.46, Ties 0.00, Losses 0.53, Game Length 18.74 moves
Loss p1: 0.204082, Loss p2: 0.203763
Benchmark Stats Training Round 88
W: 0.93, T: 0.00 (versus random)
W: 0.50, T: 0.00 (versus left)
W: 0.86, T: 0.00 (versus lvl1)
W: 0.49, T: 0.00 (versus lvl2)
Training round 88 completed in 1 minutes and 50 seconds.
Expected completion: 15:30 2020-05-19.
Training round 89 stats
Wins 0.52, Ties 0.00, Losses 0.48, Game Length 18.55 moves
Loss p1: 0.203905, Loss p2: 0.202459
Benchmark Stats Training Round 89
W: 0.96, T: 0.00 (versus random)
W: 0.50, T: 0.00 (versus left)
W: 0.88, T: 0.00 (versus lvl1)
W: 0.49, T: 0.00 (versus lvl2)
Training round 89 completed in 1 minutes and 43 seconds.
Expected completion: 15:28 2020-05-19.
Training round 90 stats
Wins 0.50, Ties 0.00, Losses 0.50, Game Length 18.47 moves
Loss p1: 0.204637, Loss p2: 0.204896
Benchmark Stats Training Round 90
W: 0.96, T: 0.00 (versus random)
W: 1.00, T: 0.00 (versus left)
W: 0.89, T: 0.00 (versus lvl1)
W: 0.46, T: 0.00 (versus lvl2)
Training round 90 completed in 1 minutes and 51 seconds.
Expected completion: 15:30 2020-05-19.
Training round 91 stats
Wins 0.51, Ties 0.00, Losses 0.48, Game Length 18.73 moves
Loss p1: 0.197251, Loss p2: 0.203721
Benchmark Stats Training Round 91
W: 0.97, T: 0.00 (versus random)
W: 1.00, T: 0.00 (versus left)
W: 0.87, T: 0.00 (versus lvl1)
W: 0.31, T: 0.01 (versus lvl2)
Training round 91 completed in 1 minutes and 41 seconds.
Expected completion: 15:28 2020-05-19.
Training round 92 stats
Wins 0.49, Ties 0.00, Losses 0.50, Game Length 18.55 moves
Loss p1: 0.201311, Loss p2: 0.201491
Benchmark Stats Training Round 92
W: 0.97, T: 0.00 (versus random)
W: 0.50, T: 0.00 (versus left)
W: 0.90, T: 0.00 (versus lvl1)
W: 0.54, T: 0.00 (versus lvl2)
Training round 92 completed in 1 minutes and 46 seconds.
Expected completion: 15:29 2020-05-19.
Training round 93 stats
Wins 0.50, Ties 0.01, Losses 0.50, Game Length 18.25 moves
Loss p1: 0.209739, Loss p2: 0.201849
Benchmark Stats Training Round 93
W: 0.87, T: 0.00 (versus random)
W: 0.50, T: 0.00 (versus left)
W: 0.74, T: 0.00 (versus lvl1)
W: 0.35, T: 0.00 (versus lvl2)
Training round 93 completed in 1 minutes and 49 seconds.
Expected completion: 15:29 2020-05-19.
Training round 94 stats
Wins 0.51, Ties 0.00, Losses 0.49, Game Length 17.93 moves
Loss p1: 0.208042, Loss p2: 0.204841
Benchmark Stats Training Round 94
W: 0.98, T: 0.00 (versus random)
W: 0.50, T: 0.00 (versus left)
W: 0.89, T: 0.00 (versus lvl1)
W: 0.34, T: 0.00 (versus lvl2)
Training round 94 completed in 1 minutes and 40 seconds.
Expected completion: 15:28 2020-05-19.
Training round 95 stats
Wins 0.49, Ties 0.00, Losses 0.51, Game Length 18.70 moves
Loss p1: 0.204302, Loss p2: 0.205716
Benchmark Stats Training Round 95
W: 0.96, T: 0.00 (versus random)
W: 0.50, T: 0.00 (versus left)
W: 0.81, T: 0.00 (versus lvl1)
W: 0.41, T: 0.00 (versus lvl2)
Training round 95 completed in 1 minutes and 52 seconds.
Expected completion: 15:29 2020-05-19.
Training round 96 stats
Wins 0.47, Ties 0.00, Losses 0.52, Game Length 18.90 moves
Loss p1: 0.203762, Loss p2: 0.207793
Benchmark Stats Training Round 96
W: 0.98, T: 0.00 (versus random)
W: 0.50, T: 0.00 (versus left)
W: 0.93, T: 0.00 (versus lvl1)
W: 0.47, T: 0.00 (versus lvl2)
Training round 96 completed in 1 minutes and 46 seconds.
Expected completion: 15:29 2020-05-19.
Training round 97 stats
Wins 0.49, Ties 0.01, Losses 0.50, Game Length 18.84 moves
Loss p1: 0.197411, Loss p2: 0.198353
Benchmark Stats Training Round 97
W: 0.97, T: 0.00 (versus random)
W: 0.50, T: 0.00 (versus left)
W: 0.93, T: 0.00 (versus lvl1)
W: 0.38, T: 0.00 (versus lvl2)
Training round 97 completed in 1 minutes and 43 seconds.
Expected completion: 15:29 2020-05-19.
Training round 98 stats
Wins 0.48, Ties 0.00, Losses 0.52, Game Length 18.30 moves
Loss p1: 0.208909, Loss p2: 0.198629
Benchmark Stats Training Round 98
W: 0.93, T: 0.00 (versus random)
W: 0.50, T: 0.00 (versus left)
W: 0.84, T: 0.00 (versus lvl1)
W: 0.35, T: 0.00 (versus lvl2)
Training round 98 completed in 1 minutes and 42 seconds.
Expected completion: 15:29 2020-05-19.
Training round 99 stats
Wins 0.48, Ties 0.00, Losses 0.52, Game Length 18.70 moves
Loss p1: 0.205030, Loss p2: 0.203038
Benchmark Stats Training Round 99
W: 0.95, T: 0.00 (versus random)
W: 0.50, T: 0.00 (versus left)
W: 0.90, T: 0.00 (versus lvl1)
W: 0.44, T: 0.01 (versus lvl2)
Training round 99 completed in 1 minutes and 46 seconds.
Expected completion: 15:29 2020-05-19.
Training round 100 stats
Wins 0.51, Ties 0.00, Losses 0.49, Game Length 18.49 moves
Loss p1: 0.200591, Loss p2: 0.201716
Benchmark Stats Training Round 100
W: 0.95, T: 0.00 (versus random)
W: 0.00, T: 0.00 (versus left)
W: 0.82, T: 0.00 (versus lvl1)
W: 0.39, T: 0.01 (versus lvl2)
Training round 100 completed in 1 minutes and 46 seconds.
Expected completion: 15:29 2020-05-19.
