Training Neural Net on Connect 4
  self_play_batch_size: 1000
  benchmark_batch_size: 100
  training_rounds: 100
  memory_size: 1000
  network: B
  exploration: cte
  loss: MSE
  encoding: integer
  optimizer: Adam
  experience: yes

Benchmark Stats Training Round 0
W: 0.44, T: 0.01 (versus random)
W: 0.50, T: 0.00 (versus left)
W: 0.26, T: 0.00 (versus lvl1)
W: 0.05, T: 0.00 (versus lvl2)
Training round 1 stats
Wins 0.51, Ties 0.00, Losses 0.49, Game Length 19.66 moves
Loss p1: 0.130122, Loss p2: 0.130625
Benchmark Stats Training Round 1
W: 0.78, T: 0.00 (versus random)
W: 0.00, T: 0.00 (versus left)
W: 0.54, T: 0.00 (versus lvl1)
W: 0.14, T: 0.00 (versus lvl2)
Training round 1 completed in 1 minutes and 50 seconds.
Expected completion: 02:09 2020-05-19.
Training round 2 stats
Wins 0.51, Ties 0.00, Losses 0.49, Game Length 19.79 moves
Loss p1: 0.134630, Loss p2: 0.128027
Benchmark Stats Training Round 2
W: 0.75, T: 0.00 (versus random)
W: 0.50, T: 0.00 (versus left)
W: 0.58, T: 0.00 (versus lvl1)
W: 0.37, T: 0.00 (versus lvl2)
Training round 2 completed in 1 minutes and 55 seconds.
Expected completion: 02:16 2020-05-19.
Training round 3 stats
Wins 0.50, Ties 0.00, Losses 0.50, Game Length 19.62 moves
Loss p1: 0.133779, Loss p2: 0.125885
Benchmark Stats Training Round 3
W: 0.77, T: 0.00 (versus random)
W: 0.00, T: 0.00 (versus left)
W: 0.61, T: 0.00 (versus lvl1)
W: 0.24, T: 0.00 (versus lvl2)
Training round 3 completed in 1 minutes and 51 seconds.
Expected completion: 02:11 2020-05-19.
Training round 4 stats
Wins 0.50, Ties 0.00, Losses 0.50, Game Length 19.04 moves
Loss p1: 0.133619, Loss p2: 0.132704
Benchmark Stats Training Round 4
W: 0.79, T: 0.00 (versus random)
W: 0.50, T: 0.00 (versus left)
W: 0.66, T: 0.00 (versus lvl1)
W: 0.24, T: 0.00 (versus lvl2)
Training round 4 completed in 1 minutes and 50 seconds.
Expected completion: 02:10 2020-05-19.
Training round 5 stats
Wins 0.52, Ties 0.00, Losses 0.48, Game Length 19.39 moves
Loss p1: 0.131279, Loss p2: 0.124941
Benchmark Stats Training Round 5
W: 0.76, T: 0.01 (versus random)
W: 0.50, T: 0.00 (versus left)
W: 0.58, T: 0.00 (versus lvl1)
W: 0.17, T: 0.00 (versus lvl2)
Training round 5 completed in 1 minutes and 44 seconds.
Expected completion: 02:00 2020-05-19.
Training round 6 stats
Wins 0.51, Ties 0.01, Losses 0.48, Game Length 19.33 moves
Loss p1: 0.134629, Loss p2: 0.127829
Benchmark Stats Training Round 6
W: 0.81, T: 0.00 (versus random)
W: 0.50, T: 0.00 (versus left)
W: 0.66, T: 0.00 (versus lvl1)
W: 0.12, T: 0.00 (versus lvl2)
Training round 6 completed in 1 minutes and 57 seconds.
Expected completion: 02:21 2020-05-19.
Training round 7 stats
Wins 0.49, Ties 0.00, Losses 0.51, Game Length 19.58 moves
Loss p1: 0.119196, Loss p2: 0.117632
Benchmark Stats Training Round 7
W: 0.86, T: 0.00 (versus random)
W: 0.00, T: 0.00 (versus left)
W: 0.75, T: 0.00 (versus lvl1)
W: 0.24, T: 0.01 (versus lvl2)
Training round 7 completed in 1 minutes and 55 seconds.
Expected completion: 02:17 2020-05-19.
Training round 8 stats
Wins 0.49, Ties 0.00, Losses 0.51, Game Length 19.11 moves
Loss p1: 0.130597, Loss p2: 0.124575
Benchmark Stats Training Round 8
W: 0.77, T: 0.00 (versus random)
W: 0.50, T: 0.00 (versus left)
W: 0.59, T: 0.00 (versus lvl1)
W: 0.12, T: 0.01 (versus lvl2)
Training round 8 completed in 1 minutes and 54 seconds.
Expected completion: 02:15 2020-05-19.
Training round 9 stats
Wins 0.48, Ties 0.00, Losses 0.52, Game Length 19.40 moves
Loss p1: 0.135611, Loss p2: 0.132330
Benchmark Stats Training Round 9
W: 0.69, T: 0.00 (versus random)
W: 0.50, T: 0.00 (versus left)
W: 0.57, T: 0.00 (versus lvl1)
W: 0.11, T: 0.00 (versus lvl2)
Training round 9 completed in 1 minutes and 55 seconds.
Expected completion: 02:16 2020-05-19.
Training round 10 stats
Wins 0.51, Ties 0.00, Losses 0.49, Game Length 18.59 moves
Loss p1: 0.131180, Loss p2: 0.131571
Benchmark Stats Training Round 10
W: 0.80, T: 0.00 (versus random)
W: 0.50, T: 0.00 (versus left)
W: 0.63, T: 0.00 (versus lvl1)
W: 0.11, T: 0.02 (versus lvl2)
Training round 10 completed in 1 minutes and 55 seconds.
Expected completion: 02:16 2020-05-19.
Training round 11 stats
Wins 0.47, Ties 0.00, Losses 0.53, Game Length 19.08 moves
Loss p1: 0.140925, Loss p2: 0.130571
Benchmark Stats Training Round 11
W: 0.84, T: 0.00 (versus random)
W: 0.00, T: 0.00 (versus left)
W: 0.68, T: 0.00 (versus lvl1)
W: 0.21, T: 0.00 (versus lvl2)
Training round 11 completed in 1 minutes and 59 seconds.
Expected completion: 02:22 2020-05-19.
Training round 12 stats
Wins 0.51, Ties 0.00, Losses 0.49, Game Length 19.04 moves
Loss p1: 0.141326, Loss p2: 0.133593
Benchmark Stats Training Round 12
W: 0.78, T: 0.00 (versus random)
W: 0.50, T: 0.00 (versus left)
W: 0.51, T: 0.00 (versus lvl1)
W: 0.23, T: 0.00 (versus lvl2)
Training round 12 completed in 2 minutes and 0 seconds.
Expected completion: 02:25 2020-05-19.
Training round 13 stats
Wins 0.52, Ties 0.00, Losses 0.48, Game Length 19.32 moves
Loss p1: 0.137580, Loss p2: 0.126281
Benchmark Stats Training Round 13
W: 0.83, T: 0.00 (versus random)
W: 0.50, T: 0.00 (versus left)
W: 0.76, T: 0.00 (versus lvl1)
W: 0.25, T: 0.00 (versus lvl2)
Training round 13 completed in 1 minutes and 34 seconds.
Expected completion: 01:47 2020-05-19.
Training round 14 stats
Wins 0.50, Ties 0.00, Losses 0.50, Game Length 19.16 moves
Loss p1: 0.133920, Loss p2: 0.130666
Benchmark Stats Training Round 14
W: 0.79, T: 0.00 (versus random)
W: 1.00, T: 0.00 (versus left)
W: 0.70, T: 0.00 (versus lvl1)
W: 0.26, T: 0.00 (versus lvl2)
Training round 14 completed in 1 minutes and 27 seconds.
Expected completion: 01:36 2020-05-19.
Training round 15 stats
Wins 0.49, Ties 0.00, Losses 0.51, Game Length 19.32 moves
Loss p1: 0.133205, Loss p2: 0.128211
Benchmark Stats Training Round 15
W: 0.66, T: 0.00 (versus random)
W: 0.00, T: 0.00 (versus left)
W: 0.63, T: 0.00 (versus lvl1)
W: 0.14, T: 0.01 (versus lvl2)
Training round 15 completed in 1 minutes and 24 seconds.
Expected completion: 01:32 2020-05-19.
Training round 16 stats
Wins 0.49, Ties 0.00, Losses 0.50, Game Length 19.34 moves
Loss p1: 0.139227, Loss p2: 0.130150
Benchmark Stats Training Round 16
W: 0.82, T: 0.00 (versus random)
W: 0.50, T: 0.00 (versus left)
W: 0.69, T: 0.00 (versus lvl1)
W: 0.29, T: 0.03 (versus lvl2)
Training round 16 completed in 1 minutes and 26 seconds.
Expected completion: 01:35 2020-05-19.
Training round 17 stats
Wins 0.50, Ties 0.00, Losses 0.50, Game Length 19.16 moves
Loss p1: 0.135391, Loss p2: 0.131353
Benchmark Stats Training Round 17
W: 0.83, T: 0.00 (versus random)
W: 1.00, T: 0.00 (versus left)
W: 0.68, T: 0.00 (versus lvl1)
W: 0.20, T: 0.01 (versus lvl2)
Training round 17 completed in 1 minutes and 25 seconds.
Expected completion: 01:33 2020-05-19.
Training round 18 stats
Wins 0.49, Ties 0.00, Losses 0.51, Game Length 19.59 moves
Loss p1: 0.142863, Loss p2: 0.136114
Benchmark Stats Training Round 18
W: 0.84, T: 0.00 (versus random)
W: 0.00, T: 0.00 (versus left)
W: 0.61, T: 0.00 (versus lvl1)
W: 0.14, T: 0.00 (versus lvl2)
Training round 18 completed in 1 minutes and 24 seconds.
Expected completion: 01:32 2020-05-19.
Training round 19 stats
Wins 0.51, Ties 0.00, Losses 0.49, Game Length 19.02 moves
Loss p1: 0.139585, Loss p2: 0.136252
Benchmark Stats Training Round 19
W: 0.83, T: 0.00 (versus random)
W: 0.00, T: 0.00 (versus left)
W: 0.79, T: 0.00 (versus lvl1)
W: 0.27, T: 0.00 (versus lvl2)
Training round 19 completed in 1 minutes and 23 seconds.
Expected completion: 01:31 2020-05-19.
Training round 20 stats
Wins 0.47, Ties 0.00, Losses 0.53, Game Length 18.98 moves
Loss p1: 0.148244, Loss p2: 0.139365
Benchmark Stats Training Round 20
W: 0.83, T: 0.00 (versus random)
W: 0.50, T: 0.00 (versus left)
W: 0.68, T: 0.00 (versus lvl1)
W: 0.27, T: 0.01 (versus lvl2)
Training round 20 completed in 1 minutes and 26 seconds.
Expected completion: 01:34 2020-05-19.
Training round 21 stats
Wins 0.47, Ties 0.00, Losses 0.53, Game Length 19.02 moves
Loss p1: 0.146515, Loss p2: 0.130779
Benchmark Stats Training Round 21
W: 0.87, T: 0.00 (versus random)
W: 0.50, T: 0.00 (versus left)
W: 0.76, T: 0.00 (versus lvl1)
W: 0.31, T: 0.00 (versus lvl2)
Training round 21 completed in 1 minutes and 20 seconds.
Expected completion: 01:27 2020-05-19.
Training round 22 stats
Wins 0.50, Ties 0.00, Losses 0.50, Game Length 19.06 moves
Loss p1: 0.145142, Loss p2: 0.134217
Benchmark Stats Training Round 22
W: 0.88, T: 0.00 (versus random)
W: 0.50, T: 0.00 (versus left)
W: 0.65, T: 0.00 (versus lvl1)
W: 0.39, T: 0.00 (versus lvl2)
Training round 22 completed in 1 minutes and 25 seconds.
Expected completion: 01:33 2020-05-19.
Training round 23 stats
Wins 0.53, Ties 0.00, Losses 0.47, Game Length 18.81 moves
Loss p1: 0.143923, Loss p2: 0.136248
Benchmark Stats Training Round 23
W: 0.78, T: 0.00 (versus random)
W: 0.50, T: 0.00 (versus left)
W: 0.60, T: 0.00 (versus lvl1)
W: 0.31, T: 0.00 (versus lvl2)
Training round 23 completed in 1 minutes and 23 seconds.
Expected completion: 01:30 2020-05-19.
Training round 24 stats
Wins 0.50, Ties 0.01, Losses 0.50, Game Length 19.45 moves
Loss p1: 0.146719, Loss p2: 0.140127
Benchmark Stats Training Round 24
W: 0.85, T: 0.01 (versus random)
W: 0.50, T: 0.00 (versus left)
W: 0.76, T: 0.00 (versus lvl1)
W: 0.10, T: 0.04 (versus lvl2)
Training round 24 completed in 1 minutes and 27 seconds.
Expected completion: 01:35 2020-05-19.
Training round 25 stats
Wins 0.48, Ties 0.00, Losses 0.51, Game Length 18.86 moves
Loss p1: 0.140046, Loss p2: 0.141364
Benchmark Stats Training Round 25
W: 0.88, T: 0.00 (versus random)
W: 1.00, T: 0.00 (versus left)
W: 0.67, T: 0.00 (versus lvl1)
W: 0.19, T: 0.02 (versus lvl2)
Training round 25 completed in 1 minutes and 23 seconds.
Expected completion: 01:31 2020-05-19.
Training round 26 stats
Wins 0.48, Ties 0.00, Losses 0.52, Game Length 18.68 moves
Loss p1: 0.142214, Loss p2: 0.142743
Benchmark Stats Training Round 26
W: 0.73, T: 0.00 (versus random)
W: 1.00, T: 0.00 (versus left)
W: 0.57, T: 0.00 (versus lvl1)
W: 0.17, T: 0.01 (versus lvl2)
Training round 26 completed in 1 minutes and 22 seconds.
Expected completion: 01:29 2020-05-19.
Training round 27 stats
Wins 0.50, Ties 0.00, Losses 0.50, Game Length 19.08 moves
Loss p1: 0.147325, Loss p2: 0.135339
Benchmark Stats Training Round 27
W: 0.82, T: 0.00 (versus random)
W: 0.00, T: 0.00 (versus left)
W: 0.65, T: 0.00 (versus lvl1)
W: 0.10, T: 0.01 (versus lvl2)
Training round 27 completed in 1 minutes and 25 seconds.
Expected completion: 01:33 2020-05-19.
Training round 28 stats
Wins 0.51, Ties 0.00, Losses 0.49, Game Length 18.80 moves
Loss p1: 0.144104, Loss p2: 0.145828
Benchmark Stats Training Round 28
W: 0.91, T: 0.00 (versus random)
W: 0.50, T: 0.00 (versus left)
W: 0.66, T: 0.00 (versus lvl1)
W: 0.15, T: 0.00 (versus lvl2)
Training round 28 completed in 1 minutes and 19 seconds.
Expected completion: 01:25 2020-05-19.
Training round 29 stats
Wins 0.46, Ties 0.00, Losses 0.54, Game Length 18.86 moves
Loss p1: 0.148302, Loss p2: 0.147874
Benchmark Stats Training Round 29
W: 0.76, T: 0.00 (versus random)
W: 0.00, T: 0.00 (versus left)
W: 0.73, T: 0.00 (versus lvl1)
W: 0.14, T: 0.00 (versus lvl2)
Training round 29 completed in 1 minutes and 18 seconds.
Expected completion: 01:25 2020-05-19.
Training round 30 stats
Wins 0.48, Ties 0.00, Losses 0.52, Game Length 19.01 moves
Loss p1: 0.147915, Loss p2: 0.146681
Benchmark Stats Training Round 30
W: 0.90, T: 0.00 (versus random)
W: 0.00, T: 0.00 (versus left)
W: 0.70, T: 0.00 (versus lvl1)
W: 0.18, T: 0.00 (versus lvl2)
Training round 30 completed in 1 minutes and 25 seconds.
Expected completion: 01:33 2020-05-19.
Training round 31 stats
Wins 0.50, Ties 0.00, Losses 0.49, Game Length 19.20 moves
Loss p1: 0.149629, Loss p2: 0.146257
Benchmark Stats Training Round 31
W: 0.85, T: 0.00 (versus random)
W: 0.50, T: 0.00 (versus left)
W: 0.80, T: 0.00 (versus lvl1)
W: 0.24, T: 0.00 (versus lvl2)
Training round 31 completed in 1 minutes and 30 seconds.
Expected completion: 01:39 2020-05-19.
Training round 32 stats
Wins 0.50, Ties 0.00, Losses 0.50, Game Length 19.17 moves
Loss p1: 0.148390, Loss p2: 0.145726
Benchmark Stats Training Round 32
W: 0.76, T: 0.01 (versus random)
W: 0.50, T: 0.00 (versus left)
W: 0.58, T: 0.00 (versus lvl1)
W: 0.12, T: 0.01 (versus lvl2)
Training round 32 completed in 1 minutes and 30 seconds.
Expected completion: 01:38 2020-05-19.
Training round 33 stats
Wins 0.51, Ties 0.00, Losses 0.49, Game Length 18.73 moves
Loss p1: 0.152475, Loss p2: 0.144966
Benchmark Stats Training Round 33
W: 0.82, T: 0.00 (versus random)
W: 0.00, T: 0.00 (versus left)
W: 0.72, T: 0.00 (versus lvl1)
W: 0.18, T: 0.01 (versus lvl2)
Training round 33 completed in 1 minutes and 24 seconds.
Expected completion: 01:32 2020-05-19.
Training round 34 stats
Wins 0.51, Ties 0.00, Losses 0.49, Game Length 19.05 moves
Loss p1: 0.146479, Loss p2: 0.148196
Benchmark Stats Training Round 34
W: 0.86, T: 0.00 (versus random)
W: 0.00, T: 0.00 (versus left)
W: 0.60, T: 0.00 (versus lvl1)
W: 0.20, T: 0.00 (versus lvl2)
Training round 34 completed in 1 minutes and 23 seconds.
Expected completion: 01:31 2020-05-19.
Training round 35 stats
Wins 0.52, Ties 0.00, Losses 0.48, Game Length 18.84 moves
Loss p1: 0.148517, Loss p2: 0.146128
Benchmark Stats Training Round 35
W: 0.86, T: 0.00 (versus random)
W: 0.50, T: 0.00 (versus left)
W: 0.69, T: 0.00 (versus lvl1)
W: 0.24, T: 0.00 (versus lvl2)
Training round 35 completed in 1 minutes and 18 seconds.
Expected completion: 01:26 2020-05-19.
Training round 36 stats
Wins 0.48, Ties 0.00, Losses 0.51, Game Length 18.60 moves
Loss p1: 0.146178, Loss p2: 0.153306
Benchmark Stats Training Round 36
W: 0.84, T: 0.00 (versus random)
W: 1.00, T: 0.00 (versus left)
W: 0.80, T: 0.00 (versus lvl1)
W: 0.17, T: 0.00 (versus lvl2)
Training round 36 completed in 1 minutes and 24 seconds.
Expected completion: 01:32 2020-05-19.
Training round 37 stats
Wins 0.49, Ties 0.00, Losses 0.50, Game Length 19.19 moves
Loss p1: 0.150372, Loss p2: 0.155369
Benchmark Stats Training Round 37
W: 0.83, T: 0.00 (versus random)
W: 1.00, T: 0.00 (versus left)
W: 0.68, T: 0.00 (versus lvl1)
W: 0.28, T: 0.01 (versus lvl2)
Training round 37 completed in 1 minutes and 29 seconds.
Expected completion: 01:37 2020-05-19.
Training round 38 stats
Wins 0.52, Ties 0.00, Losses 0.48, Game Length 19.28 moves
Loss p1: 0.152335, Loss p2: 0.153668
Benchmark Stats Training Round 38
W: 0.92, T: 0.00 (versus random)
W: 1.00, T: 0.00 (versus left)
W: 0.68, T: 0.00 (versus lvl1)
W: 0.22, T: 0.00 (versus lvl2)
Training round 38 completed in 1 minutes and 18 seconds.
Expected completion: 01:26 2020-05-19.
Training round 39 stats
Wins 0.50, Ties 0.00, Losses 0.50, Game Length 18.78 moves
Loss p1: 0.152713, Loss p2: 0.142478
Benchmark Stats Training Round 39
W: 0.87, T: 0.00 (versus random)
W: 0.50, T: 0.00 (versus left)
W: 0.79, T: 0.00 (versus lvl1)
W: 0.26, T: 0.01 (versus lvl2)
Training round 39 completed in 1 minutes and 17 seconds.
Expected completion: 01:25 2020-05-19.
Training round 40 stats
Wins 0.48, Ties 0.01, Losses 0.51, Game Length 18.65 moves
Loss p1: 0.150172, Loss p2: 0.150742
Benchmark Stats Training Round 40
W: 0.86, T: 0.00 (versus random)
W: 0.50, T: 0.00 (versus left)
W: 0.69, T: 0.00 (versus lvl1)
W: 0.17, T: 0.01 (versus lvl2)
Training round 40 completed in 1 minutes and 19 seconds.
Expected completion: 01:27 2020-05-19.
Training round 41 stats
Wins 0.49, Ties 0.00, Losses 0.50, Game Length 18.92 moves
Loss p1: 0.155898, Loss p2: 0.154062
Benchmark Stats Training Round 41
W: 0.93, T: 0.00 (versus random)
W: 0.50, T: 0.00 (versus left)
W: 0.65, T: 0.00 (versus lvl1)
W: 0.34, T: 0.00 (versus lvl2)
Training round 41 completed in 1 minutes and 25 seconds.
Expected completion: 01:33 2020-05-19.
Training round 42 stats
Wins 0.50, Ties 0.00, Losses 0.50, Game Length 18.78 moves
Loss p1: 0.150805, Loss p2: 0.152926
Benchmark Stats Training Round 42
W: 0.94, T: 0.00 (versus random)
W: 0.50, T: 0.00 (versus left)
W: 0.78, T: 0.00 (versus lvl1)
W: 0.32, T: 0.00 (versus lvl2)
Training round 42 completed in 1 minutes and 19 seconds.
Expected completion: 01:26 2020-05-19.
Training round 43 stats
Wins 0.49, Ties 0.00, Losses 0.51, Game Length 19.23 moves
Loss p1: 0.159908, Loss p2: 0.157741
Benchmark Stats Training Round 43
W: 0.85, T: 0.00 (versus random)
W: 0.50, T: 0.00 (versus left)
W: 0.78, T: 0.00 (versus lvl1)
W: 0.39, T: 0.00 (versus lvl2)
Training round 43 completed in 1 minutes and 21 seconds.
Expected completion: 01:28 2020-05-19.
Training round 44 stats
Wins 0.52, Ties 0.00, Losses 0.48, Game Length 19.45 moves
Loss p1: 0.151271, Loss p2: 0.155327
Benchmark Stats Training Round 44
W: 0.89, T: 0.00 (versus random)
W: 0.50, T: 0.00 (versus left)
W: 0.70, T: 0.00 (versus lvl1)
W: 0.31, T: 0.01 (versus lvl2)
Training round 44 completed in 1 minutes and 20 seconds.
Expected completion: 01:28 2020-05-19.
Training round 45 stats
Wins 0.50, Ties 0.00, Losses 0.50, Game Length 18.89 moves
Loss p1: 0.157008, Loss p2: 0.155770
Benchmark Stats Training Round 45
W: 0.96, T: 0.00 (versus random)
W: 0.50, T: 0.00 (versus left)
W: 0.68, T: 0.00 (versus lvl1)
W: 0.23, T: 0.02 (versus lvl2)
Training round 45 completed in 1 minutes and 24 seconds.
Expected completion: 01:32 2020-05-19.
Training round 46 stats
Wins 0.51, Ties 0.00, Losses 0.48, Game Length 18.51 moves
Loss p1: 0.158587, Loss p2: 0.160488
Benchmark Stats Training Round 46
W: 0.95, T: 0.00 (versus random)
W: 0.50, T: 0.00 (versus left)
W: 0.88, T: 0.00 (versus lvl1)
W: 0.33, T: 0.00 (versus lvl2)
Training round 46 completed in 1 minutes and 18 seconds.
Expected completion: 01:26 2020-05-19.
Training round 47 stats
Wins 0.54, Ties 0.00, Losses 0.46, Game Length 18.94 moves
Loss p1: 0.163190, Loss p2: 0.163292
Benchmark Stats Training Round 47
W: 0.83, T: 0.00 (versus random)
W: 0.50, T: 0.00 (versus left)
W: 0.79, T: 0.00 (versus lvl1)
W: 0.16, T: 0.01 (versus lvl2)
Training round 47 completed in 1 minutes and 22 seconds.
Expected completion: 01:30 2020-05-19.
Training round 48 stats
Wins 0.49, Ties 0.00, Losses 0.50, Game Length 18.80 moves
Loss p1: 0.157808, Loss p2: 0.155567
Benchmark Stats Training Round 48
W: 0.82, T: 0.00 (versus random)
W: 0.50, T: 0.00 (versus left)
W: 0.75, T: 0.00 (versus lvl1)
W: 0.32, T: 0.00 (versus lvl2)
Training round 48 completed in 1 minutes and 20 seconds.
Expected completion: 01:28 2020-05-19.
Training round 49 stats
Wins 0.53, Ties 0.01, Losses 0.46, Game Length 18.86 moves
Loss p1: 0.164565, Loss p2: 0.170208
Benchmark Stats Training Round 49
W: 0.88, T: 0.00 (versus random)
W: 0.00, T: 0.00 (versus left)
W: 0.74, T: 0.00 (versus lvl1)
W: 0.20, T: 0.00 (versus lvl2)
Training round 49 completed in 1 minutes and 24 seconds.
Expected completion: 01:31 2020-05-19.
Training round 50 stats
Wins 0.52, Ties 0.00, Losses 0.48, Game Length 18.84 moves
Loss p1: 0.160921, Loss p2: 0.165192
Benchmark Stats Training Round 50
W: 0.89, T: 0.00 (versus random)
W: 0.00, T: 0.00 (versus left)
W: 0.61, T: 0.00 (versus lvl1)
W: 0.26, T: 0.00 (versus lvl2)
Training round 50 completed in 1 minutes and 22 seconds.
Expected completion: 01:30 2020-05-19.
Training round 51 stats
Wins 0.49, Ties 0.00, Losses 0.50, Game Length 18.68 moves
Loss p1: 0.170979, Loss p2: 0.167231
Benchmark Stats Training Round 51
W: 0.96, T: 0.00 (versus random)
W: 0.50, T: 0.00 (versus left)
W: 0.82, T: 0.00 (versus lvl1)
W: 0.37, T: 0.00 (versus lvl2)
Training round 51 completed in 1 minutes and 24 seconds.
Expected completion: 01:31 2020-05-19.
Training round 52 stats
Wins 0.51, Ties 0.00, Losses 0.49, Game Length 18.84 moves
Loss p1: 0.159787, Loss p2: 0.161580
Benchmark Stats Training Round 52
W: 0.90, T: 0.00 (versus random)
W: 0.50, T: 0.00 (versus left)
W: 0.72, T: 0.00 (versus lvl1)
W: 0.11, T: 0.00 (versus lvl2)
Training round 52 completed in 1 minutes and 28 seconds.
Expected completion: 01:34 2020-05-19.
Training round 53 stats
Wins 0.50, Ties 0.00, Losses 0.50, Game Length 19.21 moves
Loss p1: 0.171002, Loss p2: 0.161016
Benchmark Stats Training Round 53
W: 0.91, T: 0.00 (versus random)
W: 0.50, T: 0.00 (versus left)
W: 0.82, T: 0.00 (versus lvl1)
W: 0.31, T: 0.00 (versus lvl2)
Training round 53 completed in 1 minutes and 23 seconds.
Expected completion: 01:31 2020-05-19.
Training round 54 stats
Wins 0.50, Ties 0.00, Losses 0.50, Game Length 18.27 moves
Loss p1: 0.169979, Loss p2: 0.165791
Benchmark Stats Training Round 54
W: 0.97, T: 0.00 (versus random)
W: 0.50, T: 0.00 (versus left)
W: 0.88, T: 0.00 (versus lvl1)
W: 0.40, T: 0.00 (versus lvl2)
Training round 54 completed in 1 minutes and 16 seconds.
Expected completion: 01:25 2020-05-19.
Training round 55 stats
Wins 0.48, Ties 0.00, Losses 0.52, Game Length 18.49 moves
Loss p1: 0.163132, Loss p2: 0.161559
Benchmark Stats Training Round 55
W: 0.93, T: 0.00 (versus random)
W: 0.50, T: 0.00 (versus left)
W: 0.85, T: 0.00 (versus lvl1)
W: 0.33, T: 0.00 (versus lvl2)
Training round 55 completed in 1 minutes and 27 seconds.
Expected completion: 01:33 2020-05-19.
Training round 56 stats
Wins 0.52, Ties 0.00, Losses 0.48, Game Length 18.83 moves
Loss p1: 0.173738, Loss p2: 0.168223
Benchmark Stats Training Round 56
W: 0.87, T: 0.00 (versus random)
W: 0.50, T: 0.00 (versus left)
W: 0.71, T: 0.00 (versus lvl1)
W: 0.23, T: 0.00 (versus lvl2)
Training round 56 completed in 1 minutes and 22 seconds.
Expected completion: 01:30 2020-05-19.
Training round 57 stats
Wins 0.51, Ties 0.00, Losses 0.49, Game Length 18.77 moves
Loss p1: 0.175786, Loss p2: 0.174333
Benchmark Stats Training Round 57
W: 0.94, T: 0.00 (versus random)
W: 0.50, T: 0.00 (versus left)
W: 0.84, T: 0.00 (versus lvl1)
W: 0.35, T: 0.01 (versus lvl2)
Training round 57 completed in 1 minutes and 17 seconds.
Expected completion: 01:26 2020-05-19.
Training round 58 stats
Wins 0.52, Ties 0.00, Losses 0.48, Game Length 18.48 moves
Loss p1: 0.176046, Loss p2: 0.175234
Benchmark Stats Training Round 58
W: 0.93, T: 0.00 (versus random)
W: 0.50, T: 0.00 (versus left)
W: 0.75, T: 0.00 (versus lvl1)
W: 0.27, T: 0.02 (versus lvl2)
Training round 58 completed in 1 minutes and 25 seconds.
Expected completion: 01:32 2020-05-19.
Training round 59 stats
Wins 0.50, Ties 0.00, Losses 0.50, Game Length 18.93 moves
Loss p1: 0.165260, Loss p2: 0.168256
Benchmark Stats Training Round 59
W: 0.90, T: 0.00 (versus random)
W: 0.50, T: 0.00 (versus left)
W: 0.79, T: 0.00 (versus lvl1)
W: 0.20, T: 0.00 (versus lvl2)
Training round 59 completed in 1 minutes and 31 seconds.
Expected completion: 01:36 2020-05-19.
Training round 60 stats
Wins 0.52, Ties 0.00, Losses 0.48, Game Length 18.94 moves
Loss p1: 0.177348, Loss p2: 0.171720
Benchmark Stats Training Round 60
W: 0.90, T: 0.00 (versus random)
W: 0.50, T: 0.00 (versus left)
W: 0.82, T: 0.00 (versus lvl1)
W: 0.35, T: 0.01 (versus lvl2)
Training round 60 completed in 1 minutes and 28 seconds.
Expected completion: 01:34 2020-05-19.
Training round 61 stats
Wins 0.47, Ties 0.00, Losses 0.53, Game Length 18.74 moves
Loss p1: 0.168034, Loss p2: 0.168313
Benchmark Stats Training Round 61
W: 0.92, T: 0.00 (versus random)
W: 1.00, T: 0.00 (versus left)
W: 0.84, T: 0.00 (versus lvl1)
W: 0.40, T: 0.00 (versus lvl2)
Training round 61 completed in 1 minutes and 25 seconds.
Expected completion: 01:32 2020-05-19.
Training round 62 stats
Wins 0.52, Ties 0.00, Losses 0.48, Game Length 18.61 moves
Loss p1: 0.172688, Loss p2: 0.175808
Benchmark Stats Training Round 62
W: 0.98, T: 0.00 (versus random)
W: 0.50, T: 0.00 (versus left)
W: 0.88, T: 0.00 (versus lvl1)
W: 0.34, T: 0.00 (versus lvl2)
Training round 62 completed in 1 minutes and 27 seconds.
Expected completion: 01:33 2020-05-19.
Training round 63 stats
Wins 0.52, Ties 0.00, Losses 0.48, Game Length 18.88 moves
Loss p1: 0.173279, Loss p2: 0.173745
Benchmark Stats Training Round 63
W: 0.98, T: 0.00 (versus random)
W: 0.50, T: 0.00 (versus left)
W: 0.86, T: 0.00 (versus lvl1)
W: 0.37, T: 0.01 (versus lvl2)
Training round 63 completed in 1 minutes and 21 seconds.
Expected completion: 01:29 2020-05-19.
Training round 64 stats
Wins 0.49, Ties 0.00, Losses 0.51, Game Length 18.77 moves
Loss p1: 0.172448, Loss p2: 0.164669
Benchmark Stats Training Round 64
W: 0.95, T: 0.00 (versus random)
W: 0.50, T: 0.00 (versus left)
W: 0.82, T: 0.00 (versus lvl1)
W: 0.46, T: 0.01 (versus lvl2)
Training round 64 completed in 1 minutes and 23 seconds.
Expected completion: 01:31 2020-05-19.
Training round 65 stats
Wins 0.49, Ties 0.00, Losses 0.51, Game Length 18.64 moves
Loss p1: 0.174877, Loss p2: 0.179956
Benchmark Stats Training Round 65
W: 0.94, T: 0.00 (versus random)
W: 0.50, T: 0.00 (versus left)
W: 0.85, T: 0.00 (versus lvl1)
W: 0.36, T: 0.00 (versus lvl2)
Training round 65 completed in 1 minutes and 23 seconds.
Expected completion: 01:30 2020-05-19.
Training round 66 stats
Wins 0.51, Ties 0.00, Losses 0.49, Game Length 18.67 moves
Loss p1: 0.175383, Loss p2: 0.176449
Benchmark Stats Training Round 66
W: 0.87, T: 0.00 (versus random)
W: 0.50, T: 0.00 (versus left)
W: 0.85, T: 0.00 (versus lvl1)
W: 0.40, T: 0.00 (versus lvl2)
Training round 66 completed in 1 minutes and 29 seconds.
Expected completion: 01:34 2020-05-19.
Training round 67 stats
Wins 0.52, Ties 0.00, Losses 0.48, Game Length 18.69 moves
Loss p1: 0.178966, Loss p2: 0.172753
Benchmark Stats Training Round 67
W: 0.98, T: 0.00 (versus random)
W: 1.00, T: 0.00 (versus left)
W: 0.80, T: 0.00 (versus lvl1)
W: 0.30, T: 0.00 (versus lvl2)
Training round 67 completed in 1 minutes and 20 seconds.
Expected completion: 01:29 2020-05-19.
Training round 68 stats
Wins 0.48, Ties 0.00, Losses 0.51, Game Length 18.66 moves
Loss p1: 0.179792, Loss p2: 0.172602
Benchmark Stats Training Round 68
W: 0.94, T: 0.00 (versus random)
W: 1.00, T: 0.00 (versus left)
W: 0.87, T: 0.00 (versus lvl1)
W: 0.30, T: 0.01 (versus lvl2)
Training round 68 completed in 1 minutes and 29 seconds.
Expected completion: 01:34 2020-05-19.
Training round 69 stats
Wins 0.50, Ties 0.00, Losses 0.49, Game Length 18.75 moves
Loss p1: 0.189174, Loss p2: 0.187250
Benchmark Stats Training Round 69
W: 0.96, T: 0.00 (versus random)
W: 0.50, T: 0.00 (versus left)
W: 0.81, T: 0.00 (versus lvl1)
W: 0.31, T: 0.00 (versus lvl2)
Training round 69 completed in 1 minutes and 29 seconds.
Expected completion: 01:34 2020-05-19.
Training round 70 stats
Wins 0.50, Ties 0.00, Losses 0.50, Game Length 18.45 moves
Loss p1: 0.172439, Loss p2: 0.169331
Benchmark Stats Training Round 70
W: 0.94, T: 0.00 (versus random)
W: 1.00, T: 0.00 (versus left)
W: 0.91, T: 0.00 (versus lvl1)
W: 0.44, T: 0.00 (versus lvl2)
Training round 70 completed in 1 minutes and 27 seconds.
Expected completion: 01:33 2020-05-19.
Training round 71 stats
Wins 0.51, Ties 0.00, Losses 0.49, Game Length 18.57 moves
Loss p1: 0.187379, Loss p2: 0.186684
Benchmark Stats Training Round 71
W: 0.95, T: 0.00 (versus random)
W: 0.50, T: 0.00 (versus left)
W: 0.80, T: 0.00 (versus lvl1)
W: 0.32, T: 0.00 (versus lvl2)
Training round 71 completed in 1 minutes and 30 seconds.
Expected completion: 01:35 2020-05-19.
Training round 72 stats
Wins 0.52, Ties 0.00, Losses 0.47, Game Length 18.81 moves
Loss p1: 0.183885, Loss p2: 0.181532
Benchmark Stats Training Round 72
W: 0.97, T: 0.00 (versus random)
W: 1.00, T: 0.00 (versus left)
W: 0.94, T: 0.00 (versus lvl1)
W: 0.45, T: 0.00 (versus lvl2)
Training round 72 completed in 1 minutes and 29 seconds.
Expected completion: 01:34 2020-05-19.
Training round 73 stats
Wins 0.49, Ties 0.00, Losses 0.51, Game Length 18.72 moves
Loss p1: 0.186199, Loss p2: 0.177243
Benchmark Stats Training Round 73
W: 0.97, T: 0.00 (versus random)
W: 1.00, T: 0.00 (versus left)
W: 0.92, T: 0.00 (versus lvl1)
W: 0.44, T: 0.01 (versus lvl2)
Training round 73 completed in 1 minutes and 23 seconds.
Expected completion: 01:31 2020-05-19.
Training round 74 stats
Wins 0.48, Ties 0.00, Losses 0.52, Game Length 18.14 moves
Loss p1: 0.179571, Loss p2: 0.185230
Benchmark Stats Training Round 74
W: 0.92, T: 0.00 (versus random)
W: 0.50, T: 0.00 (versus left)
W: 0.87, T: 0.00 (versus lvl1)
W: 0.40, T: 0.01 (versus lvl2)
Training round 74 completed in 1 minutes and 20 seconds.
Expected completion: 01:30 2020-05-19.
Training round 75 stats
Wins 0.50, Ties 0.00, Losses 0.50, Game Length 18.32 moves
Loss p1: 0.184369, Loss p2: 0.186099
Benchmark Stats Training Round 75
W: 0.99, T: 0.00 (versus random)
W: 0.50, T: 0.00 (versus left)
W: 0.89, T: 0.00 (versus lvl1)
W: 0.34, T: 0.02 (versus lvl2)
Training round 75 completed in 1 minutes and 22 seconds.
Expected completion: 01:31 2020-05-19.
Training round 76 stats
Wins 0.49, Ties 0.00, Losses 0.50, Game Length 18.79 moves
Loss p1: 0.179918, Loss p2: 0.178523
Benchmark Stats Training Round 76
W: 0.96, T: 0.00 (versus random)
W: 0.50, T: 0.00 (versus left)
W: 0.91, T: 0.00 (versus lvl1)
W: 0.44, T: 0.00 (versus lvl2)
Training round 76 completed in 1 minutes and 24 seconds.
Expected completion: 01:31 2020-05-19.
Training round 77 stats
Wins 0.49, Ties 0.00, Losses 0.51, Game Length 18.95 moves
Loss p1: 0.191593, Loss p2: 0.186060
Benchmark Stats Training Round 77
W: 0.95, T: 0.00 (versus random)
W: 0.50, T: 0.00 (versus left)
W: 0.91, T: 0.00 (versus lvl1)
W: 0.31, T: 0.00 (versus lvl2)
Training round 77 completed in 1 minutes and 25 seconds.
Expected completion: 01:32 2020-05-19.
Training round 78 stats
Wins 0.49, Ties 0.00, Losses 0.51, Game Length 18.68 moves
Loss p1: 0.181466, Loss p2: 0.192219
Benchmark Stats Training Round 78
W: 0.98, T: 0.00 (versus random)
W: 0.50, T: 0.00 (versus left)
W: 0.89, T: 0.00 (versus lvl1)
W: 0.54, T: 0.01 (versus lvl2)
Training round 78 completed in 1 minutes and 19 seconds.
Expected completion: 01:29 2020-05-19.
Training round 79 stats
Wins 0.49, Ties 0.00, Losses 0.51, Game Length 18.83 moves
Loss p1: 0.183992, Loss p2: 0.183980
Benchmark Stats Training Round 79
W: 0.93, T: 0.00 (versus random)
W: 0.50, T: 0.00 (versus left)
W: 0.76, T: 0.00 (versus lvl1)
W: 0.43, T: 0.00 (versus lvl2)
Training round 79 completed in 1 minutes and 25 seconds.
Expected completion: 01:32 2020-05-19.
Training round 80 stats
Wins 0.47, Ties 0.00, Losses 0.52, Game Length 18.54 moves
Loss p1: 0.185457, Loss p2: 0.193623
Benchmark Stats Training Round 80
W: 0.96, T: 0.00 (versus random)
W: 0.50, T: 0.00 (versus left)
W: 0.86, T: 0.00 (versus lvl1)
W: 0.50, T: 0.02 (versus lvl2)
Training round 80 completed in 1 minutes and 30 seconds.
Expected completion: 01:33 2020-05-19.
Training round 81 stats
Wins 0.49, Ties 0.00, Losses 0.51, Game Length 18.35 moves
Loss p1: 0.190782, Loss p2: 0.193818
Benchmark Stats Training Round 81
W: 0.93, T: 0.00 (versus random)
W: 0.50, T: 0.00 (versus left)
W: 0.83, T: 0.00 (versus lvl1)
W: 0.42, T: 0.00 (versus lvl2)
Training round 81 completed in 1 minutes and 25 seconds.
Expected completion: 01:32 2020-05-19.
Training round 82 stats
Wins 0.50, Ties 0.00, Losses 0.50, Game Length 18.74 moves
Loss p1: 0.192504, Loss p2: 0.189065
Benchmark Stats Training Round 82
W: 0.98, T: 0.00 (versus random)
W: 0.50, T: 0.00 (versus left)
W: 0.84, T: 0.00 (versus lvl1)
W: 0.53, T: 0.00 (versus lvl2)
Training round 82 completed in 1 minutes and 26 seconds.
Expected completion: 01:32 2020-05-19.
Training round 83 stats
Wins 0.50, Ties 0.00, Losses 0.49, Game Length 18.30 moves
Loss p1: 0.191342, Loss p2: 0.190388
Benchmark Stats Training Round 83
W: 0.96, T: 0.00 (versus random)
W: 0.50, T: 0.00 (versus left)
W: 0.88, T: 0.00 (versus lvl1)
W: 0.47, T: 0.00 (versus lvl2)
Training round 83 completed in 1 minutes and 22 seconds.
Expected completion: 01:31 2020-05-19.
Training round 84 stats
Wins 0.50, Ties 0.00, Losses 0.50, Game Length 18.82 moves
Loss p1: 0.188771, Loss p2: 0.183255
Benchmark Stats Training Round 84
W: 0.97, T: 0.00 (versus random)
W: 1.00, T: 0.00 (versus left)
W: 0.88, T: 0.00 (versus lvl1)
W: 0.48, T: 0.01 (versus lvl2)
Training round 84 completed in 1 minutes and 26 seconds.
Expected completion: 01:32 2020-05-19.
Training round 85 stats
Wins 0.51, Ties 0.00, Losses 0.49, Game Length 18.63 moves
Loss p1: 0.181885, Loss p2: 0.192661
Benchmark Stats Training Round 85
W: 0.99, T: 0.00 (versus random)
W: 1.00, T: 0.00 (versus left)
W: 0.84, T: 0.00 (versus lvl1)
W: 0.41, T: 0.02 (versus lvl2)
Training round 85 completed in 1 minutes and 29 seconds.
Expected completion: 01:33 2020-05-19.
Training round 86 stats
Wins 0.50, Ties 0.00, Losses 0.50, Game Length 18.86 moves
Loss p1: 0.189798, Loss p2: 0.182912
Benchmark Stats Training Round 86
W: 0.92, T: 0.00 (versus random)
W: 1.00, T: 0.00 (versus left)
W: 0.89, T: 0.00 (versus lvl1)
W: 0.46, T: 0.01 (versus lvl2)
Training round 86 completed in 1 minutes and 32 seconds.
Expected completion: 01:34 2020-05-19.
Training round 87 stats
Wins 0.50, Ties 0.00, Losses 0.50, Game Length 18.70 moves
Loss p1: 0.191253, Loss p2: 0.194360
Benchmark Stats Training Round 87
W: 0.96, T: 0.00 (versus random)
W: 0.50, T: 0.00 (versus left)
W: 0.88, T: 0.00 (versus lvl1)
W: 0.50, T: 0.00 (versus lvl2)
Training round 87 completed in 1 minutes and 21 seconds.
Expected completion: 01:31 2020-05-19.
Training round 88 stats
Wins 0.49, Ties 0.00, Losses 0.51, Game Length 19.01 moves
Loss p1: 0.194373, Loss p2: 0.197452
Benchmark Stats Training Round 88
W: 0.94, T: 0.00 (versus random)
W: 1.00, T: 0.00 (versus left)
W: 0.80, T: 0.00 (versus lvl1)
W: 0.37, T: 0.01 (versus lvl2)
Training round 88 completed in 1 minutes and 25 seconds.
Expected completion: 01:32 2020-05-19.
Training round 89 stats
Wins 0.50, Ties 0.00, Losses 0.50, Game Length 18.26 moves
Loss p1: 0.193672, Loss p2: 0.193512
Benchmark Stats Training Round 89
W: 0.98, T: 0.00 (versus random)
W: 0.50, T: 0.00 (versus left)
W: 0.82, T: 0.00 (versus lvl1)
W: 0.34, T: 0.00 (versus lvl2)
Training round 89 completed in 1 minutes and 27 seconds.
Expected completion: 01:32 2020-05-19.
Training round 90 stats
Wins 0.49, Ties 0.00, Losses 0.50, Game Length 18.20 moves
Loss p1: 0.185854, Loss p2: 0.190411
Benchmark Stats Training Round 90
W: 0.95, T: 0.00 (versus random)
W: 0.50, T: 0.00 (versus left)
W: 0.90, T: 0.00 (versus lvl1)
W: 0.56, T: 0.00 (versus lvl2)
Training round 90 completed in 1 minutes and 22 seconds.
Expected completion: 01:31 2020-05-19.
Training round 91 stats
Wins 0.50, Ties 0.00, Losses 0.50, Game Length 18.95 moves
Loss p1: 0.187842, Loss p2: 0.187351
Benchmark Stats Training Round 91
W: 0.97, T: 0.00 (versus random)
W: 0.50, T: 0.00 (versus left)
W: 0.91, T: 0.00 (versus lvl1)
W: 0.43, T: 0.00 (versus lvl2)
Training round 91 completed in 1 minutes and 26 seconds.
Expected completion: 01:32 2020-05-19.
Training round 92 stats
Wins 0.52, Ties 0.00, Losses 0.47, Game Length 18.39 moves
Loss p1: 0.187853, Loss p2: 0.190926
Benchmark Stats Training Round 92
W: 0.95, T: 0.00 (versus random)
W: 0.50, T: 0.00 (versus left)
W: 0.86, T: 0.00 (versus lvl1)
W: 0.38, T: 0.01 (versus lvl2)
Training round 92 completed in 1 minutes and 24 seconds.
Expected completion: 01:32 2020-05-19.
Training round 93 stats
Wins 0.50, Ties 0.00, Losses 0.50, Game Length 18.11 moves
Loss p1: 0.199080, Loss p2: 0.196962
Benchmark Stats Training Round 93
W: 0.98, T: 0.00 (versus random)
W: 0.50, T: 0.00 (versus left)
W: 0.90, T: 0.00 (versus lvl1)
W: 0.52, T: 0.00 (versus lvl2)
Training round 93 completed in 1 minutes and 24 seconds.
Expected completion: 01:32 2020-05-19.
Training round 94 stats
Wins 0.50, Ties 0.00, Losses 0.50, Game Length 18.11 moves
Loss p1: 0.205450, Loss p2: 0.192515
Benchmark Stats Training Round 94
W: 0.97, T: 0.00 (versus random)
W: 1.00, T: 0.00 (versus left)
W: 0.93, T: 0.00 (versus lvl1)
W: 0.39, T: 0.00 (versus lvl2)
Training round 94 completed in 1 minutes and 24 seconds.
Expected completion: 01:32 2020-05-19.
Training round 95 stats
Wins 0.50, Ties 0.00, Losses 0.50, Game Length 18.04 moves
Loss p1: 0.190667, Loss p2: 0.191131
Benchmark Stats Training Round 95
W: 0.95, T: 0.00 (versus random)
W: 1.00, T: 0.00 (versus left)
W: 0.86, T: 0.00 (versus lvl1)
W: 0.43, T: 0.00 (versus lvl2)
Training round 95 completed in 1 minutes and 25 seconds.
Expected completion: 01:32 2020-05-19.
Training round 96 stats
Wins 0.49, Ties 0.00, Losses 0.51, Game Length 18.19 moves
Loss p1: 0.208013, Loss p2: 0.196524
Benchmark Stats Training Round 96
W: 0.98, T: 0.00 (versus random)
W: 1.00, T: 0.00 (versus left)
W: 0.97, T: 0.00 (versus lvl1)
W: 0.53, T: 0.00 (versus lvl2)
Training round 96 completed in 1 minutes and 22 seconds.
Expected completion: 01:32 2020-05-19.
Training round 97 stats
Wins 0.47, Ties 0.00, Losses 0.52, Game Length 18.58 moves
Loss p1: 0.196192, Loss p2: 0.189196
Benchmark Stats Training Round 97
W: 0.96, T: 0.00 (versus random)
W: 1.00, T: 0.00 (versus left)
W: 0.93, T: 0.00 (versus lvl1)
W: 0.58, T: 0.00 (versus lvl2)
Training round 97 completed in 1 minutes and 22 seconds.
Expected completion: 01:32 2020-05-19.
Training round 98 stats
Wins 0.49, Ties 0.00, Losses 0.51, Game Length 18.03 moves
Loss p1: 0.191753, Loss p2: 0.183642
Benchmark Stats Training Round 98
W: 0.98, T: 0.00 (versus random)
W: 0.50, T: 0.00 (versus left)
W: 0.93, T: 0.00 (versus lvl1)
W: 0.51, T: 0.00 (versus lvl2)
Training round 98 completed in 1 minutes and 28 seconds.
Expected completion: 01:32 2020-05-19.
Training round 99 stats
Wins 0.49, Ties 0.00, Losses 0.51, Game Length 18.47 moves
Loss p1: 0.201060, Loss p2: 0.195998
Benchmark Stats Training Round 99
W: 0.99, T: 0.00 (versus random)
W: 1.00, T: 0.00 (versus left)
W: 0.93, T: 0.00 (versus lvl1)
W: 0.49, T: 0.00 (versus lvl2)
Training round 99 completed in 1 minutes and 26 seconds.
Expected completion: 01:32 2020-05-19.
Training round 100 stats
Wins 0.50, Ties 0.00, Losses 0.50, Game Length 18.13 moves
Loss p1: 0.200848, Loss p2: 0.194387
Benchmark Stats Training Round 100
W: 0.97, T: 0.00 (versus random)
W: 1.00, T: 0.00 (versus left)
W: 0.94, T: 0.00 (versus lvl1)
W: 0.40, T: 0.01 (versus lvl2)
Training round 100 completed in 1 minutes and 23 seconds.
Expected completion: 01:32 2020-05-19.
