Training Neural Net on Connect 4
  self_play_batch_size: 1000
  benchmark_batch_size: 100
  training_rounds: 100
  memory_size: 1000
  network: B
  exploration: cte
  loss: MSE
  encoding: integer
  optimizer: Adam
  experience: yes

Benchmark Stats Training Round 0
W: 0.33, T: 0.00 (versus random)
W: 0.50, T: 0.00 (versus left)
W: 0.22, T: 0.00 (versus lvl1)
W: 0.03, T: 0.00 (versus lvl2)
Training round 1 stats
Wins 0.50, Ties 0.01, Losses 0.50, Game Length 19.64 moves
Loss p1: 0.134219, Loss p2: 0.133588
Benchmark Stats Training Round 1
W: 0.86, T: 0.00 (versus random)
W: 0.00, T: 0.00 (versus left)
W: 0.72, T: 0.00 (versus lvl1)
W: 0.26, T: 0.01 (versus lvl2)
Training round 1 completed in 1 minutes and 60 seconds.
Expected completion: 15:59 2020-05-19.
Training round 2 stats
Wins 0.51, Ties 0.00, Losses 0.49, Game Length 19.74 moves
Loss p1: 0.128972, Loss p2: 0.126517
Benchmark Stats Training Round 2
W: 0.80, T: 0.00 (versus random)
W: 0.00, T: 0.00 (versus left)
W: 0.62, T: 0.00 (versus lvl1)
W: 0.14, T: 0.00 (versus lvl2)
Training round 2 completed in 1 minutes and 48 seconds.
Expected completion: 15:40 2020-05-19.
Training round 3 stats
Wins 0.49, Ties 0.00, Losses 0.50, Game Length 19.54 moves
Loss p1: 0.124208, Loss p2: 0.126534
Benchmark Stats Training Round 3
W: 0.89, T: 0.00 (versus random)
W: 0.00, T: 0.00 (versus left)
W: 0.68, T: 0.00 (versus lvl1)
W: 0.21, T: 0.01 (versus lvl2)
Training round 3 completed in 1 minutes and 51 seconds.
Expected completion: 15:45 2020-05-19.
Training round 4 stats
Wins 0.51, Ties 0.00, Losses 0.48, Game Length 18.88 moves
Loss p1: 0.129281, Loss p2: 0.131372
Benchmark Stats Training Round 4
W: 0.90, T: 0.00 (versus random)
W: 0.00, T: 0.00 (versus left)
W: 0.72, T: 0.00 (versus lvl1)
W: 0.16, T: 0.01 (versus lvl2)
Training round 4 completed in 1 minutes and 43 seconds.
Expected completion: 15:31 2020-05-19.
Training round 5 stats
Wins 0.51, Ties 0.00, Losses 0.48, Game Length 19.15 moves
Loss p1: 0.127320, Loss p2: 0.130263
Benchmark Stats Training Round 5
W: 0.83, T: 0.00 (versus random)
W: 0.50, T: 0.00 (versus left)
W: 0.67, T: 0.00 (versus lvl1)
W: 0.28, T: 0.00 (versus lvl2)
Training round 5 completed in 1 minutes and 44 seconds.
Expected completion: 15:33 2020-05-19.
Training round 6 stats
Wins 0.52, Ties 0.00, Losses 0.48, Game Length 19.35 moves
Loss p1: 0.124649, Loss p2: 0.129093
Benchmark Stats Training Round 6
W: 0.94, T: 0.00 (versus random)
W: 0.50, T: 0.00 (versus left)
W: 0.71, T: 0.00 (versus lvl1)
W: 0.18, T: 0.01 (versus lvl2)
Training round 6 completed in 1 minutes and 45 seconds.
Expected completion: 15:34 2020-05-19.
Training round 7 stats
Wins 0.52, Ties 0.00, Losses 0.48, Game Length 19.16 moves
Loss p1: 0.121918, Loss p2: 0.123376
Benchmark Stats Training Round 7
W: 0.87, T: 0.00 (versus random)
W: 0.50, T: 0.00 (versus left)
W: 0.68, T: 0.00 (versus lvl1)
W: 0.12, T: 0.00 (versus lvl2)
Training round 7 completed in 1 minutes and 48 seconds.
Expected completion: 15:39 2020-05-19.
Training round 8 stats
Wins 0.48, Ties 0.00, Losses 0.52, Game Length 19.11 moves
Loss p1: 0.124880, Loss p2: 0.124766
Benchmark Stats Training Round 8
W: 0.88, T: 0.00 (versus random)
W: 0.50, T: 0.00 (versus left)
W: 0.60, T: 0.00 (versus lvl1)
W: 0.20, T: 0.01 (versus lvl2)
Training round 8 completed in 1 minutes and 47 seconds.
Expected completion: 15:37 2020-05-19.
Training round 9 stats
Wins 0.50, Ties 0.00, Losses 0.50, Game Length 19.60 moves
Loss p1: 0.134036, Loss p2: 0.129926
Benchmark Stats Training Round 9
W: 0.83, T: 0.01 (versus random)
W: 1.00, T: 0.00 (versus left)
W: 0.61, T: 0.00 (versus lvl1)
W: 0.16, T: 0.00 (versus lvl2)
Training round 9 completed in 1 minutes and 46 seconds.
Expected completion: 15:36 2020-05-19.
Training round 10 stats
Wins 0.51, Ties 0.00, Losses 0.49, Game Length 19.16 moves
Loss p1: 0.127952, Loss p2: 0.124627
Benchmark Stats Training Round 10
W: 0.77, T: 0.00 (versus random)
W: 0.00, T: 0.00 (versus left)
W: 0.44, T: 0.00 (versus lvl1)
W: 0.08, T: 0.00 (versus lvl2)
Training round 10 completed in 1 minutes and 36 seconds.
Expected completion: 15:20 2020-05-19.
Training round 11 stats
Wins 0.50, Ties 0.01, Losses 0.50, Game Length 19.58 moves
Loss p1: 0.130168, Loss p2: 0.126889
Benchmark Stats Training Round 11
W: 0.82, T: 0.00 (versus random)
W: 1.00, T: 0.00 (versus left)
W: 0.69, T: 0.00 (versus lvl1)
W: 0.17, T: 0.01 (versus lvl2)
Training round 11 completed in 1 minutes and 49 seconds.
Expected completion: 15:40 2020-05-19.
Training round 12 stats
Wins 0.51, Ties 0.00, Losses 0.49, Game Length 19.00 moves
Loss p1: 0.130454, Loss p2: 0.133397
Benchmark Stats Training Round 12
W: 0.82, T: 0.00 (versus random)
W: 0.00, T: 0.00 (versus left)
W: 0.59, T: 0.00 (versus lvl1)
W: 0.15, T: 0.01 (versus lvl2)
Training round 12 completed in 1 minutes and 42 seconds.
Expected completion: 15:30 2020-05-19.
Training round 13 stats
Wins 0.50, Ties 0.00, Losses 0.50, Game Length 18.84 moves
Loss p1: 0.127656, Loss p2: 0.129173
Benchmark Stats Training Round 13
W: 0.72, T: 0.00 (versus random)
W: 0.50, T: 0.00 (versus left)
W: 0.55, T: 0.00 (versus lvl1)
W: 0.13, T: 0.00 (versus lvl2)
Training round 13 completed in 1 minutes and 46 seconds.
Expected completion: 15:36 2020-05-19.
Training round 14 stats
Wins 0.50, Ties 0.00, Losses 0.50, Game Length 19.25 moves
Loss p1: 0.137476, Loss p2: 0.135137
Benchmark Stats Training Round 14
W: 0.84, T: 0.00 (versus random)
W: 0.00, T: 0.00 (versus left)
W: 0.67, T: 0.00 (versus lvl1)
W: 0.23, T: 0.01 (versus lvl2)
Training round 14 completed in 1 minutes and 44 seconds.
Expected completion: 15:34 2020-05-19.
Training round 15 stats
Wins 0.51, Ties 0.00, Losses 0.49, Game Length 19.05 moves
Loss p1: 0.134853, Loss p2: 0.139511
Benchmark Stats Training Round 15
W: 0.80, T: 0.00 (versus random)
W: 0.50, T: 0.00 (versus left)
W: 0.69, T: 0.00 (versus lvl1)
W: 0.27, T: 0.00 (versus lvl2)
Training round 15 completed in 1 minutes and 37 seconds.
Expected completion: 15:23 2020-05-19.
Training round 16 stats
Wins 0.50, Ties 0.00, Losses 0.49, Game Length 19.04 moves
Loss p1: 0.134587, Loss p2: 0.142231
Benchmark Stats Training Round 16
W: 0.85, T: 0.00 (versus random)
W: 0.50, T: 0.00 (versus left)
W: 0.70, T: 0.00 (versus lvl1)
W: 0.23, T: 0.00 (versus lvl2)
Training round 16 completed in 1 minutes and 40 seconds.
Expected completion: 15:27 2020-05-19.
Training round 17 stats
Wins 0.48, Ties 0.01, Losses 0.51, Game Length 19.55 moves
Loss p1: 0.139322, Loss p2: 0.138562
Benchmark Stats Training Round 17
W: 0.79, T: 0.00 (versus random)
W: 0.00, T: 0.00 (versus left)
W: 0.61, T: 0.01 (versus lvl1)
W: 0.11, T: 0.00 (versus lvl2)
Training round 17 completed in 1 minutes and 30 seconds.
Expected completion: 15:14 2020-05-19.
Training round 18 stats
Wins 0.54, Ties 0.00, Losses 0.46, Game Length 19.16 moves
Loss p1: 0.136969, Loss p2: 0.134663
Benchmark Stats Training Round 18
W: 0.92, T: 0.00 (versus random)
W: 0.50, T: 0.00 (versus left)
W: 0.72, T: 0.00 (versus lvl1)
W: 0.37, T: 0.00 (versus lvl2)
Training round 18 completed in 1 minutes and 42 seconds.
Expected completion: 15:30 2020-05-19.
Training round 19 stats
Wins 0.51, Ties 0.00, Losses 0.49, Game Length 19.29 moves
Loss p1: 0.135860, Loss p2: 0.140009
Benchmark Stats Training Round 19
W: 0.73, T: 0.00 (versus random)
W: 0.00, T: 0.00 (versus left)
W: 0.55, T: 0.00 (versus lvl1)
W: 0.17, T: 0.00 (versus lvl2)
Training round 19 completed in 1 minutes and 46 seconds.
Expected completion: 15:36 2020-05-19.
Training round 20 stats
Wins 0.53, Ties 0.00, Losses 0.47, Game Length 19.28 moves
Loss p1: 0.130457, Loss p2: 0.143842
Benchmark Stats Training Round 20
W: 0.88, T: 0.00 (versus random)
W: 0.50, T: 0.00 (versus left)
W: 0.68, T: 0.00 (versus lvl1)
W: 0.13, T: 0.01 (versus lvl2)
Training round 20 completed in 1 minutes and 43 seconds.
Expected completion: 15:32 2020-05-19.
Training round 21 stats
Wins 0.49, Ties 0.00, Losses 0.50, Game Length 19.03 moves
Loss p1: 0.130866, Loss p2: 0.141479
Benchmark Stats Training Round 21
W: 0.90, T: 0.00 (versus random)
W: 0.50, T: 0.00 (versus left)
W: 0.75, T: 0.00 (versus lvl1)
W: 0.23, T: 0.01 (versus lvl2)
Training round 21 completed in 1 minutes and 43 seconds.
Expected completion: 15:32 2020-05-19.
Training round 22 stats
Wins 0.50, Ties 0.00, Losses 0.50, Game Length 18.96 moves
Loss p1: 0.135394, Loss p2: 0.145313
Benchmark Stats Training Round 22
W: 0.87, T: 0.00 (versus random)
W: 0.00, T: 0.00 (versus left)
W: 0.59, T: 0.00 (versus lvl1)
W: 0.15, T: 0.02 (versus lvl2)
Training round 22 completed in 1 minutes and 46 seconds.
Expected completion: 15:35 2020-05-19.
Training round 23 stats
Wins 0.49, Ties 0.00, Losses 0.51, Game Length 18.98 moves
Loss p1: 0.132338, Loss p2: 0.140438
Benchmark Stats Training Round 23
W: 0.91, T: 0.00 (versus random)
W: 0.50, T: 0.00 (versus left)
W: 0.81, T: 0.00 (versus lvl1)
W: 0.40, T: 0.01 (versus lvl2)
Training round 23 completed in 1 minutes and 41 seconds.
Expected completion: 15:28 2020-05-19.
Training round 24 stats
Wins 0.51, Ties 0.00, Losses 0.49, Game Length 19.11 moves
Loss p1: 0.138477, Loss p2: 0.141186
Benchmark Stats Training Round 24
W: 0.94, T: 0.00 (versus random)
W: 0.50, T: 0.00 (versus left)
W: 0.81, T: 0.00 (versus lvl1)
W: 0.43, T: 0.00 (versus lvl2)
Training round 24 completed in 1 minutes and 38 seconds.
Expected completion: 15:24 2020-05-19.
Training round 25 stats
Wins 0.49, Ties 0.00, Losses 0.51, Game Length 18.77 moves
Loss p1: 0.139387, Loss p2: 0.142147
Benchmark Stats Training Round 25
W: 0.90, T: 0.01 (versus random)
W: 0.00, T: 0.00 (versus left)
W: 0.73, T: 0.00 (versus lvl1)
W: 0.14, T: 0.00 (versus lvl2)
Training round 25 completed in 1 minutes and 42 seconds.
Expected completion: 15:30 2020-05-19.
Training round 26 stats
Wins 0.50, Ties 0.00, Losses 0.50, Game Length 18.99 moves
Loss p1: 0.146430, Loss p2: 0.145059
Benchmark Stats Training Round 26
W: 0.82, T: 0.00 (versus random)
W: 0.00, T: 0.00 (versus left)
W: 0.79, T: 0.00 (versus lvl1)
W: 0.35, T: 0.01 (versus lvl2)
Training round 26 completed in 1 minutes and 48 seconds.
Expected completion: 15:38 2020-05-19.
Training round 27 stats
Wins 0.46, Ties 0.00, Losses 0.54, Game Length 18.55 moves
Loss p1: 0.138094, Loss p2: 0.141686
Benchmark Stats Training Round 27
W: 0.92, T: 0.00 (versus random)
W: 0.50, T: 0.00 (versus left)
W: 0.70, T: 0.00 (versus lvl1)
W: 0.29, T: 0.03 (versus lvl2)
Training round 27 completed in 1 minutes and 41 seconds.
Expected completion: 15:28 2020-05-19.
Training round 28 stats
Wins 0.50, Ties 0.00, Losses 0.50, Game Length 18.93 moves
Loss p1: 0.143564, Loss p2: 0.149045
Benchmark Stats Training Round 28
W: 0.79, T: 0.00 (versus random)
W: 0.50, T: 0.00 (versus left)
W: 0.65, T: 0.00 (versus lvl1)
W: 0.22, T: 0.00 (versus lvl2)
Training round 28 completed in 1 minutes and 39 seconds.
Expected completion: 15:26 2020-05-19.
Training round 29 stats
Wins 0.51, Ties 0.00, Losses 0.49, Game Length 19.13 moves
Loss p1: 0.143497, Loss p2: 0.145801
Benchmark Stats Training Round 29
W: 0.88, T: 0.00 (versus random)
W: 0.50, T: 0.00 (versus left)
W: 0.70, T: 0.00 (versus lvl1)
W: 0.20, T: 0.01 (versus lvl2)
Training round 29 completed in 1 minutes and 43 seconds.
Expected completion: 15:31 2020-05-19.
Training round 30 stats
Wins 0.48, Ties 0.00, Losses 0.52, Game Length 18.83 moves
Loss p1: 0.145732, Loss p2: 0.152505
Benchmark Stats Training Round 30
W: 0.83, T: 0.00 (versus random)
W: 0.00, T: 0.00 (versus left)
W: 0.71, T: 0.00 (versus lvl1)
W: 0.36, T: 0.00 (versus lvl2)
Training round 30 completed in 1 minutes and 47 seconds.
Expected completion: 15:35 2020-05-19.
Training round 31 stats
Wins 0.52, Ties 0.00, Losses 0.48, Game Length 18.84 moves
Loss p1: 0.151107, Loss p2: 0.151012
Benchmark Stats Training Round 31
W: 0.88, T: 0.00 (versus random)
W: 0.50, T: 0.00 (versus left)
W: 0.73, T: 0.00 (versus lvl1)
W: 0.26, T: 0.00 (versus lvl2)
Training round 31 completed in 1 minutes and 40 seconds.
Expected completion: 15:27 2020-05-19.
Training round 32 stats
Wins 0.50, Ties 0.00, Losses 0.50, Game Length 18.75 moves
Loss p1: 0.153693, Loss p2: 0.154442
Benchmark Stats Training Round 32
W: 0.84, T: 0.00 (versus random)
W: 0.50, T: 0.00 (versus left)
W: 0.73, T: 0.00 (versus lvl1)
W: 0.17, T: 0.00 (versus lvl2)
Training round 32 completed in 1 minutes and 45 seconds.
Expected completion: 15:33 2020-05-19.
Training round 33 stats
Wins 0.49, Ties 0.00, Losses 0.50, Game Length 18.98 moves
Loss p1: 0.148291, Loss p2: 0.152066
Benchmark Stats Training Round 33
W: 0.93, T: 0.00 (versus random)
W: 0.00, T: 0.00 (versus left)
W: 0.73, T: 0.00 (versus lvl1)
W: 0.22, T: 0.01 (versus lvl2)
Training round 33 completed in 1 minutes and 44 seconds.
Expected completion: 15:32 2020-05-19.
Training round 34 stats
Wins 0.50, Ties 0.00, Losses 0.50, Game Length 19.00 moves
Loss p1: 0.152025, Loss p2: 0.160344
Benchmark Stats Training Round 34
W: 0.95, T: 0.00 (versus random)
W: 0.50, T: 0.00 (versus left)
W: 0.83, T: 0.00 (versus lvl1)
W: 0.27, T: 0.00 (versus lvl2)
Training round 34 completed in 1 minutes and 36 seconds.
Expected completion: 15:23 2020-05-19.
Training round 35 stats
Wins 0.49, Ties 0.00, Losses 0.51, Game Length 18.92 moves
Loss p1: 0.142065, Loss p2: 0.158289
Benchmark Stats Training Round 35
W: 0.85, T: 0.00 (versus random)
W: 0.00, T: 0.00 (versus left)
W: 0.84, T: 0.00 (versus lvl1)
W: 0.12, T: 0.01 (versus lvl2)
Training round 35 completed in 1 minutes and 35 seconds.
Expected completion: 15:22 2020-05-19.
Training round 36 stats
Wins 0.47, Ties 0.00, Losses 0.53, Game Length 19.06 moves
Loss p1: 0.147779, Loss p2: 0.153143
Benchmark Stats Training Round 36
W: 0.90, T: 0.00 (versus random)
W: 0.50, T: 0.00 (versus left)
W: 0.73, T: 0.00 (versus lvl1)
W: 0.29, T: 0.00 (versus lvl2)
Training round 36 completed in 1 minutes and 36 seconds.
Expected completion: 15:24 2020-05-19.
Training round 37 stats
Wins 0.47, Ties 0.00, Losses 0.53, Game Length 18.98 moves
Loss p1: 0.149825, Loss p2: 0.156861
Benchmark Stats Training Round 37
W: 0.93, T: 0.00 (versus random)
W: 1.00, T: 0.00 (versus left)
W: 0.84, T: 0.00 (versus lvl1)
W: 0.33, T: 0.00 (versus lvl2)
Training round 37 completed in 1 minutes and 44 seconds.
Expected completion: 15:32 2020-05-19.
Training round 38 stats
Wins 0.47, Ties 0.00, Losses 0.52, Game Length 19.03 moves
Loss p1: 0.154035, Loss p2: 0.161511
Benchmark Stats Training Round 38
W: 0.60, T: 0.00 (versus random)
W: 0.50, T: 0.00 (versus left)
W: 0.45, T: 0.00 (versus lvl1)
W: 0.12, T: 0.00 (versus lvl2)
Training round 38 completed in 1 minutes and 52 seconds.
Expected completion: 15:40 2020-05-19.
Training round 39 stats
Wins 0.49, Ties 0.00, Losses 0.51, Game Length 18.42 moves
Loss p1: 0.152643, Loss p2: 0.166406
Benchmark Stats Training Round 39
W: 0.84, T: 0.00 (versus random)
W: 0.50, T: 0.00 (versus left)
W: 0.59, T: 0.01 (versus lvl1)
W: 0.21, T: 0.01 (versus lvl2)
Training round 39 completed in 1 minutes and 46 seconds.
Expected completion: 15:34 2020-05-19.
Training round 40 stats
Wins 0.48, Ties 0.00, Losses 0.52, Game Length 19.06 moves
Loss p1: 0.151684, Loss p2: 0.165505
Benchmark Stats Training Round 40
W: 0.81, T: 0.00 (versus random)
W: 1.00, T: 0.00 (versus left)
W: 0.68, T: 0.00 (versus lvl1)
W: 0.32, T: 0.03 (versus lvl2)
Training round 40 completed in 1 minutes and 49 seconds.
Expected completion: 15:37 2020-05-19.
Training round 41 stats
Wins 0.52, Ties 0.00, Losses 0.48, Game Length 19.04 moves
Loss p1: 0.144685, Loss p2: 0.158694
Benchmark Stats Training Round 41
W: 0.94, T: 0.00 (versus random)
W: 0.50, T: 0.00 (versus left)
W: 0.85, T: 0.00 (versus lvl1)
W: 0.23, T: 0.00 (versus lvl2)
Training round 41 completed in 1 minutes and 40 seconds.
Expected completion: 15:28 2020-05-19.
Training round 42 stats
Wins 0.50, Ties 0.00, Losses 0.50, Game Length 18.66 moves
Loss p1: 0.151630, Loss p2: 0.167613
Benchmark Stats Training Round 42
W: 0.86, T: 0.00 (versus random)
W: 0.50, T: 0.00 (versus left)
W: 0.73, T: 0.00 (versus lvl1)
W: 0.17, T: 0.01 (versus lvl2)
Training round 42 completed in 1 minutes and 37 seconds.
Expected completion: 15:25 2020-05-19.
Training round 43 stats
Wins 0.49, Ties 0.00, Losses 0.51, Game Length 18.87 moves
Loss p1: 0.160507, Loss p2: 0.177430
Benchmark Stats Training Round 43
W: 0.89, T: 0.00 (versus random)
W: 0.50, T: 0.00 (versus left)
W: 0.82, T: 0.00 (versus lvl1)
W: 0.25, T: 0.00 (versus lvl2)
Training round 43 completed in 1 minutes and 47 seconds.
Expected completion: 15:35 2020-05-19.
Training round 44 stats
Wins 0.47, Ties 0.00, Losses 0.53, Game Length 18.71 moves
Loss p1: 0.149971, Loss p2: 0.162717
Benchmark Stats Training Round 44
W: 0.92, T: 0.00 (versus random)
W: 1.00, T: 0.00 (versus left)
W: 0.83, T: 0.00 (versus lvl1)
W: 0.22, T: 0.00 (versus lvl2)
Training round 44 completed in 1 minutes and 40 seconds.
Expected completion: 15:28 2020-05-19.
Training round 45 stats
Wins 0.50, Ties 0.00, Losses 0.50, Game Length 18.53 moves
Loss p1: 0.154516, Loss p2: 0.180185
Benchmark Stats Training Round 45
W: 0.85, T: 0.00 (versus random)
W: 1.00, T: 0.00 (versus left)
W: 0.69, T: 0.00 (versus lvl1)
W: 0.19, T: 0.00 (versus lvl2)
Training round 45 completed in 1 minutes and 46 seconds.
Expected completion: 15:34 2020-05-19.
Training round 46 stats
Wins 0.49, Ties 0.00, Losses 0.51, Game Length 18.75 moves
Loss p1: 0.152995, Loss p2: 0.176519
Benchmark Stats Training Round 46
W: 0.89, T: 0.00 (versus random)
W: 0.50, T: 0.00 (versus left)
W: 0.67, T: 0.00 (versus lvl1)
W: 0.23, T: 0.03 (versus lvl2)
Training round 46 completed in 1 minutes and 57 seconds.
Expected completion: 15:44 2020-05-19.
Training round 47 stats
Wins 0.50, Ties 0.00, Losses 0.50, Game Length 18.20 moves
Loss p1: 0.161134, Loss p2: 0.170304
Benchmark Stats Training Round 47
W: 0.92, T: 0.00 (versus random)
W: 0.50, T: 0.00 (versus left)
W: 0.88, T: 0.00 (versus lvl1)
W: 0.20, T: 0.00 (versus lvl2)
Training round 47 completed in 1 minutes and 44 seconds.
Expected completion: 15:32 2020-05-19.
Training round 48 stats
Wins 0.51, Ties 0.00, Losses 0.49, Game Length 19.21 moves
Loss p1: 0.163841, Loss p2: 0.173349
Benchmark Stats Training Round 48
W: 0.93, T: 0.00 (versus random)
W: 0.50, T: 0.00 (versus left)
W: 0.77, T: 0.00 (versus lvl1)
W: 0.32, T: 0.00 (versus lvl2)
Training round 48 completed in 1 minutes and 46 seconds.
Expected completion: 15:34 2020-05-19.
Training round 49 stats
Wins 0.49, Ties 0.00, Losses 0.51, Game Length 19.03 moves
Loss p1: 0.158881, Loss p2: 0.169570
Benchmark Stats Training Round 49
W: 0.97, T: 0.00 (versus random)
W: 0.50, T: 0.00 (versus left)
W: 0.87, T: 0.00 (versus lvl1)
W: 0.28, T: 0.03 (versus lvl2)
Training round 49 completed in 1 minutes and 51 seconds.
Expected completion: 15:38 2020-05-19.
Training round 50 stats
Wins 0.50, Ties 0.00, Losses 0.49, Game Length 18.36 moves
Loss p1: 0.163214, Loss p2: 0.176585
Benchmark Stats Training Round 50
W: 0.88, T: 0.00 (versus random)
W: 0.50, T: 0.00 (versus left)
W: 0.81, T: 0.00 (versus lvl1)
W: 0.32, T: 0.01 (versus lvl2)
Training round 50 completed in 1 minutes and 49 seconds.
Expected completion: 15:37 2020-05-19.
Training round 51 stats
Wins 0.46, Ties 0.00, Losses 0.54, Game Length 18.91 moves
Loss p1: 0.171477, Loss p2: 0.176335
Benchmark Stats Training Round 51
W: 0.93, T: 0.00 (versus random)
W: 0.50, T: 0.00 (versus left)
W: 0.79, T: 0.00 (versus lvl1)
W: 0.27, T: 0.00 (versus lvl2)
Training round 51 completed in 1 minutes and 46 seconds.
Expected completion: 15:34 2020-05-19.
Training round 52 stats
Wins 0.49, Ties 0.00, Losses 0.50, Game Length 18.98 moves
Loss p1: 0.165829, Loss p2: 0.175560
Benchmark Stats Training Round 52
W: 0.93, T: 0.00 (versus random)
W: 0.00, T: 0.00 (versus left)
W: 0.81, T: 0.00 (versus lvl1)
W: 0.30, T: 0.01 (versus lvl2)
Training round 52 completed in 1 minutes and 53 seconds.
Expected completion: 15:39 2020-05-19.
Training round 53 stats
Wins 0.51, Ties 0.00, Losses 0.49, Game Length 18.09 moves
Loss p1: 0.159810, Loss p2: 0.180716
Benchmark Stats Training Round 53
W: 0.94, T: 0.00 (versus random)
W: 0.00, T: 0.00 (versus left)
W: 0.85, T: 0.00 (versus lvl1)
W: 0.25, T: 0.00 (versus lvl2)
Training round 53 completed in 1 minutes and 42 seconds.
Expected completion: 15:31 2020-05-19.
Training round 54 stats
Wins 0.51, Ties 0.00, Losses 0.49, Game Length 18.79 moves
Loss p1: 0.162125, Loss p2: 0.174702
Benchmark Stats Training Round 54
W: 0.98, T: 0.00 (versus random)
W: 1.00, T: 0.00 (versus left)
W: 0.76, T: 0.00 (versus lvl1)
W: 0.35, T: 0.00 (versus lvl2)
Training round 54 completed in 1 minutes and 36 seconds.
Expected completion: 15:26 2020-05-19.
Training round 55 stats
Wins 0.47, Ties 0.00, Losses 0.53, Game Length 18.69 moves
Loss p1: 0.163495, Loss p2: 0.171262
Benchmark Stats Training Round 55
W: 0.87, T: 0.00 (versus random)
W: 0.00, T: 0.00 (versus left)
W: 0.75, T: 0.00 (versus lvl1)
W: 0.27, T: 0.00 (versus lvl2)
Training round 55 completed in 1 minutes and 45 seconds.
Expected completion: 15:33 2020-05-19.
Training round 56 stats
Wins 0.47, Ties 0.00, Losses 0.53, Game Length 19.11 moves
Loss p1: 0.167828, Loss p2: 0.185636
Benchmark Stats Training Round 56
W: 0.96, T: 0.00 (versus random)
W: 0.50, T: 0.00 (versus left)
W: 0.75, T: 0.00 (versus lvl1)
W: 0.33, T: 0.00 (versus lvl2)
Training round 56 completed in 1 minutes and 48 seconds.
Expected completion: 15:35 2020-05-19.
Training round 57 stats
Wins 0.49, Ties 0.01, Losses 0.51, Game Length 18.59 moves
Loss p1: 0.159160, Loss p2: 0.166232
Benchmark Stats Training Round 57
W: 0.89, T: 0.00 (versus random)
W: 1.00, T: 0.00 (versus left)
W: 0.71, T: 0.00 (versus lvl1)
W: 0.25, T: 0.00 (versus lvl2)
Training round 57 completed in 1 minutes and 47 seconds.
Expected completion: 15:34 2020-05-19.
Training round 58 stats
Wins 0.47, Ties 0.01, Losses 0.52, Game Length 18.37 moves
Loss p1: 0.173565, Loss p2: 0.174502
Benchmark Stats Training Round 58
W: 0.92, T: 0.00 (versus random)
W: 0.50, T: 0.00 (versus left)
W: 0.78, T: 0.00 (versus lvl1)
W: 0.34, T: 0.00 (versus lvl2)
Training round 58 completed in 1 minutes and 45 seconds.
Expected completion: 15:33 2020-05-19.
Training round 59 stats
Wins 0.51, Ties 0.00, Losses 0.49, Game Length 18.77 moves
Loss p1: 0.163323, Loss p2: 0.170507
Benchmark Stats Training Round 59
W: 0.84, T: 0.00 (versus random)
W: 0.00, T: 0.00 (versus left)
W: 0.85, T: 0.00 (versus lvl1)
W: 0.24, T: 0.00 (versus lvl2)
Training round 59 completed in 1 minutes and 45 seconds.
Expected completion: 15:33 2020-05-19.
Training round 60 stats
Wins 0.48, Ties 0.00, Losses 0.52, Game Length 19.00 moves
Loss p1: 0.171612, Loss p2: 0.176193
Benchmark Stats Training Round 60
W: 0.81, T: 0.00 (versus random)
W: 0.50, T: 0.00 (versus left)
W: 0.81, T: 0.00 (versus lvl1)
W: 0.28, T: 0.01 (versus lvl2)
Training round 60 completed in 1 minutes and 43 seconds.
Expected completion: 15:32 2020-05-19.
Training round 61 stats
Wins 0.51, Ties 0.00, Losses 0.49, Game Length 18.73 moves
Loss p1: 0.162463, Loss p2: 0.168411
Benchmark Stats Training Round 61
W: 0.97, T: 0.00 (versus random)
W: 1.00, T: 0.00 (versus left)
W: 0.83, T: 0.00 (versus lvl1)
W: 0.35, T: 0.00 (versus lvl2)
Training round 61 completed in 1 minutes and 40 seconds.
Expected completion: 15:30 2020-05-19.
Training round 62 stats
Wins 0.55, Ties 0.00, Losses 0.45, Game Length 18.47 moves
Loss p1: 0.176284, Loss p2: 0.179216
Benchmark Stats Training Round 62
W: 0.92, T: 0.00 (versus random)
W: 1.00, T: 0.00 (versus left)
W: 0.86, T: 0.00 (versus lvl1)
W: 0.25, T: 0.01 (versus lvl2)
Training round 62 completed in 1 minutes and 40 seconds.
Expected completion: 15:30 2020-05-19.
Training round 63 stats
Wins 0.49, Ties 0.00, Losses 0.50, Game Length 18.60 moves
Loss p1: 0.176418, Loss p2: 0.171976
Benchmark Stats Training Round 63
W: 0.92, T: 0.00 (versus random)
W: 1.00, T: 0.00 (versus left)
W: 0.91, T: 0.00 (versus lvl1)
W: 0.44, T: 0.00 (versus lvl2)
Training round 63 completed in 1 minutes and 49 seconds.
Expected completion: 15:35 2020-05-19.
Training round 64 stats
Wins 0.49, Ties 0.00, Losses 0.51, Game Length 18.46 moves
Loss p1: 0.175081, Loss p2: 0.181725
Benchmark Stats Training Round 64
W: 0.98, T: 0.00 (versus random)
W: 0.50, T: 0.00 (versus left)
W: 0.89, T: 0.00 (versus lvl1)
W: 0.40, T: 0.00 (versus lvl2)
Training round 64 completed in 1 minutes and 43 seconds.
Expected completion: 15:32 2020-05-19.
Training round 65 stats
Wins 0.47, Ties 0.00, Losses 0.53, Game Length 18.32 moves
Loss p1: 0.175158, Loss p2: 0.183833
Benchmark Stats Training Round 65
W: 0.93, T: 0.00 (versus random)
W: 1.00, T: 0.00 (versus left)
W: 0.82, T: 0.00 (versus lvl1)
W: 0.36, T: 0.00 (versus lvl2)
Training round 65 completed in 1 minutes and 49 seconds.
Expected completion: 15:35 2020-05-19.
Training round 66 stats
Wins 0.47, Ties 0.00, Losses 0.53, Game Length 18.47 moves
Loss p1: 0.172848, Loss p2: 0.178922
Benchmark Stats Training Round 66
W: 0.98, T: 0.00 (versus random)
W: 0.50, T: 0.00 (versus left)
W: 0.84, T: 0.00 (versus lvl1)
W: 0.43, T: 0.00 (versus lvl2)
Training round 66 completed in 1 minutes and 48 seconds.
Expected completion: 15:35 2020-05-19.
Training round 67 stats
Wins 0.47, Ties 0.00, Losses 0.52, Game Length 18.38 moves
Loss p1: 0.174992, Loss p2: 0.187592
Benchmark Stats Training Round 67
W: 0.92, T: 0.00 (versus random)
W: 0.50, T: 0.00 (versus left)
W: 0.81, T: 0.00 (versus lvl1)
W: 0.28, T: 0.00 (versus lvl2)
Training round 67 completed in 1 minutes and 44 seconds.
Expected completion: 15:33 2020-05-19.
Training round 68 stats
Wins 0.55, Ties 0.00, Losses 0.45, Game Length 18.49 moves
Loss p1: 0.174536, Loss p2: 0.186835
Benchmark Stats Training Round 68
W: 0.94, T: 0.00 (versus random)
W: 0.50, T: 0.00 (versus left)
W: 0.85, T: 0.00 (versus lvl1)
W: 0.44, T: 0.01 (versus lvl2)
Training round 68 completed in 1 minutes and 55 seconds.
Expected completion: 15:39 2020-05-19.
Training round 69 stats
Wins 0.51, Ties 0.00, Losses 0.49, Game Length 18.74 moves
Loss p1: 0.174004, Loss p2: 0.189547
Benchmark Stats Training Round 69
W: 0.92, T: 0.00 (versus random)
W: 0.50, T: 0.00 (versus left)
W: 0.83, T: 0.00 (versus lvl1)
W: 0.59, T: 0.01 (versus lvl2)
Training round 69 completed in 1 minutes and 46 seconds.
Expected completion: 15:34 2020-05-19.
Training round 70 stats
Wins 0.52, Ties 0.00, Losses 0.48, Game Length 18.55 moves
Loss p1: 0.183991, Loss p2: 0.193018
Benchmark Stats Training Round 70
W: 0.96, T: 0.00 (versus random)
W: 1.00, T: 0.00 (versus left)
W: 0.84, T: 0.00 (versus lvl1)
W: 0.34, T: 0.01 (versus lvl2)
Training round 70 completed in 1 minutes and 46 seconds.
Expected completion: 15:34 2020-05-19.
Training round 71 stats
Wins 0.49, Ties 0.00, Losses 0.51, Game Length 18.52 moves
Loss p1: 0.173212, Loss p2: 0.184984
Benchmark Stats Training Round 71
W: 0.98, T: 0.00 (versus random)
W: 0.50, T: 0.00 (versus left)
W: 0.87, T: 0.00 (versus lvl1)
W: 0.38, T: 0.00 (versus lvl2)
Training round 71 completed in 1 minutes and 44 seconds.
Expected completion: 15:33 2020-05-19.
Training round 72 stats
Wins 0.50, Ties 0.00, Losses 0.50, Game Length 19.03 moves
Loss p1: 0.176517, Loss p2: 0.188252
Benchmark Stats Training Round 72
W: 0.93, T: 0.00 (versus random)
W: 0.50, T: 0.00 (versus left)
W: 0.89, T: 0.00 (versus lvl1)
W: 0.35, T: 0.01 (versus lvl2)
Training round 72 completed in 1 minutes and 53 seconds.
Expected completion: 15:37 2020-05-19.
Training round 73 stats
Wins 0.50, Ties 0.00, Losses 0.50, Game Length 18.65 moves
Loss p1: 0.180537, Loss p2: 0.186194
Benchmark Stats Training Round 73
W: 0.95, T: 0.00 (versus random)
W: 0.50, T: 0.00 (versus left)
W: 0.83, T: 0.00 (versus lvl1)
W: 0.32, T: 0.00 (versus lvl2)
Training round 73 completed in 1 minutes and 52 seconds.
Expected completion: 15:37 2020-05-19.
Training round 74 stats
Wins 0.51, Ties 0.00, Losses 0.49, Game Length 18.30 moves
Loss p1: 0.178265, Loss p2: 0.189228
Benchmark Stats Training Round 74
W: 0.90, T: 0.00 (versus random)
W: 0.50, T: 0.00 (versus left)
W: 0.74, T: 0.00 (versus lvl1)
W: 0.28, T: 0.00 (versus lvl2)
Training round 74 completed in 1 minutes and 55 seconds.
Expected completion: 15:38 2020-05-19.
Training round 75 stats
Wins 0.46, Ties 0.00, Losses 0.54, Game Length 18.53 moves
Loss p1: 0.188341, Loss p2: 0.195571
Benchmark Stats Training Round 75
W: 0.95, T: 0.00 (versus random)
W: 0.50, T: 0.00 (versus left)
W: 0.91, T: 0.00 (versus lvl1)
W: 0.58, T: 0.00 (versus lvl2)
Training round 75 completed in 1 minutes and 47 seconds.
Expected completion: 15:34 2020-05-19.
Training round 76 stats
Wins 0.48, Ties 0.00, Losses 0.51, Game Length 18.50 moves
Loss p1: 0.195675, Loss p2: 0.189110
Benchmark Stats Training Round 76
W: 0.95, T: 0.00 (versus random)
W: 0.50, T: 0.00 (versus left)
W: 0.87, T: 0.00 (versus lvl1)
W: 0.53, T: 0.00 (versus lvl2)
Training round 76 completed in 1 minutes and 43 seconds.
Expected completion: 15:33 2020-05-19.
Training round 77 stats
Wins 0.50, Ties 0.00, Losses 0.50, Game Length 18.68 moves
Loss p1: 0.178515, Loss p2: 0.192357
Benchmark Stats Training Round 77
W: 0.91, T: 0.00 (versus random)
W: 0.50, T: 0.00 (versus left)
W: 0.83, T: 0.00 (versus lvl1)
W: 0.32, T: 0.01 (versus lvl2)
Training round 77 completed in 1 minutes and 55 seconds.
Expected completion: 15:38 2020-05-19.
Training round 78 stats
Wins 0.50, Ties 0.00, Losses 0.50, Game Length 18.66 moves
Loss p1: 0.188582, Loss p2: 0.190963
Benchmark Stats Training Round 78
W: 0.94, T: 0.00 (versus random)
W: 1.00, T: 0.00 (versus left)
W: 0.90, T: 0.00 (versus lvl1)
W: 0.48, T: 0.00 (versus lvl2)
Training round 78 completed in 1 minutes and 47 seconds.
Expected completion: 15:35 2020-05-19.
Training round 79 stats
Wins 0.50, Ties 0.00, Losses 0.50, Game Length 19.00 moves
Loss p1: 0.176043, Loss p2: 0.188215
Benchmark Stats Training Round 79
W: 0.95, T: 0.00 (versus random)
W: 0.50, T: 0.00 (versus left)
W: 0.92, T: 0.00 (versus lvl1)
W: 0.36, T: 0.01 (versus lvl2)
Training round 79 completed in 1 minutes and 50 seconds.
Expected completion: 15:36 2020-05-19.
Training round 80 stats
Wins 0.51, Ties 0.00, Losses 0.49, Game Length 18.57 moves
Loss p1: 0.182968, Loss p2: 0.199676
Benchmark Stats Training Round 80
W: 0.90, T: 0.00 (versus random)
W: 0.50, T: 0.00 (versus left)
W: 0.81, T: 0.00 (versus lvl1)
W: 0.49, T: 0.00 (versus lvl2)
Training round 80 completed in 1 minutes and 46 seconds.
Expected completion: 15:34 2020-05-19.
Training round 81 stats
Wins 0.51, Ties 0.00, Losses 0.48, Game Length 18.42 moves
Loss p1: 0.192042, Loss p2: 0.196197
Benchmark Stats Training Round 81
W: 0.98, T: 0.00 (versus random)
W: 0.50, T: 0.00 (versus left)
W: 0.93, T: 0.00 (versus lvl1)
W: 0.41, T: 0.00 (versus lvl2)
Training round 81 completed in 1 minutes and 51 seconds.
Expected completion: 15:36 2020-05-19.
Training round 82 stats
Wins 0.50, Ties 0.00, Losses 0.50, Game Length 18.22 moves
Loss p1: 0.193700, Loss p2: 0.204050
Benchmark Stats Training Round 82
W: 0.95, T: 0.00 (versus random)
W: 1.00, T: 0.00 (versus left)
W: 0.82, T: 0.00 (versus lvl1)
W: 0.30, T: 0.01 (versus lvl2)
Training round 82 completed in 1 minutes and 51 seconds.
Expected completion: 15:36 2020-05-19.
Training round 83 stats
Wins 0.48, Ties 0.00, Losses 0.52, Game Length 18.37 moves
Loss p1: 0.186359, Loss p2: 0.202117
Benchmark Stats Training Round 83
W: 0.97, T: 0.00 (versus random)
W: 0.50, T: 0.00 (versus left)
W: 0.86, T: 0.00 (versus lvl1)
W: 0.50, T: 0.00 (versus lvl2)
Training round 83 completed in 1 minutes and 38 seconds.
Expected completion: 15:32 2020-05-19.
Training round 84 stats
Wins 0.51, Ties 0.00, Losses 0.49, Game Length 18.57 moves
Loss p1: 0.190343, Loss p2: 0.198287
Benchmark Stats Training Round 84
W: 0.95, T: 0.00 (versus random)
W: 0.50, T: 0.00 (versus left)
W: 0.89, T: 0.00 (versus lvl1)
W: 0.49, T: 0.00 (versus lvl2)
Training round 84 completed in 1 minutes and 51 seconds.
Expected completion: 15:36 2020-05-19.
Training round 85 stats
Wins 0.48, Ties 0.00, Losses 0.51, Game Length 18.47 moves
Loss p1: 0.196338, Loss p2: 0.211335
Benchmark Stats Training Round 85
W: 0.97, T: 0.00 (versus random)
W: 0.50, T: 0.00 (versus left)
W: 0.92, T: 0.00 (versus lvl1)
W: 0.26, T: 0.00 (versus lvl2)
Training round 85 completed in 1 minutes and 43 seconds.
Expected completion: 15:34 2020-05-19.
Training round 86 stats
Wins 0.52, Ties 0.00, Losses 0.48, Game Length 18.92 moves
Loss p1: 0.180510, Loss p2: 0.194919
Benchmark Stats Training Round 86
W: 0.98, T: 0.00 (versus random)
W: 0.50, T: 0.00 (versus left)
W: 0.90, T: 0.00 (versus lvl1)
W: 0.46, T: 0.00 (versus lvl2)
Training round 86 completed in 1 minutes and 42 seconds.
Expected completion: 15:33 2020-05-19.
Training round 87 stats
Wins 0.47, Ties 0.00, Losses 0.53, Game Length 18.73 moves
Loss p1: 0.181690, Loss p2: 0.192456
Benchmark Stats Training Round 87
W: 0.93, T: 0.00 (versus random)
W: 0.50, T: 0.00 (versus left)
W: 0.85, T: 0.00 (versus lvl1)
W: 0.33, T: 0.02 (versus lvl2)
Training round 87 completed in 1 minutes and 45 seconds.
Expected completion: 15:34 2020-05-19.
Training round 88 stats
Wins 0.51, Ties 0.00, Losses 0.49, Game Length 18.17 moves
Loss p1: 0.187070, Loss p2: 0.210215
Benchmark Stats Training Round 88
W: 0.98, T: 0.00 (versus random)
W: 0.50, T: 0.00 (versus left)
W: 0.86, T: 0.00 (versus lvl1)
W: 0.49, T: 0.01 (versus lvl2)
Training round 88 completed in 1 minutes and 44 seconds.
Expected completion: 15:34 2020-05-19.
Training round 89 stats
Wins 0.51, Ties 0.00, Losses 0.49, Game Length 18.62 moves
Loss p1: 0.186395, Loss p2: 0.208004
Benchmark Stats Training Round 89
W: 0.96, T: 0.00 (versus random)
W: 0.50, T: 0.00 (versus left)
W: 0.87, T: 0.00 (versus lvl1)
W: 0.47, T: 0.01 (versus lvl2)
Training round 89 completed in 1 minutes and 45 seconds.
Expected completion: 15:34 2020-05-19.
Training round 90 stats
Wins 0.50, Ties 0.00, Losses 0.50, Game Length 18.57 moves
Loss p1: 0.189090, Loss p2: 0.200346
Benchmark Stats Training Round 90
W: 0.96, T: 0.00 (versus random)
W: 1.00, T: 0.00 (versus left)
W: 0.84, T: 0.00 (versus lvl1)
W: 0.42, T: 0.00 (versus lvl2)
Training round 90 completed in 1 minutes and 39 seconds.
Expected completion: 15:33 2020-05-19.
Training round 91 stats
Wins 0.48, Ties 0.00, Losses 0.51, Game Length 18.30 moves
Loss p1: 0.195840, Loss p2: 0.197065
Benchmark Stats Training Round 91
W: 0.96, T: 0.00 (versus random)
W: 0.50, T: 0.00 (versus left)
W: 0.93, T: 0.00 (versus lvl1)
W: 0.38, T: 0.00 (versus lvl2)
Training round 91 completed in 1 minutes and 51 seconds.
Expected completion: 15:35 2020-05-19.
Training round 92 stats
Wins 0.49, Ties 0.00, Losses 0.51, Game Length 18.52 moves
Loss p1: 0.186807, Loss p2: 0.198714
Benchmark Stats Training Round 92
W: 0.97, T: 0.00 (versus random)
W: 0.50, T: 0.00 (versus left)
W: 0.82, T: 0.00 (versus lvl1)
W: 0.30, T: 0.00 (versus lvl2)
Training round 92 completed in 1 minutes and 40 seconds.
Expected completion: 15:33 2020-05-19.
Training round 93 stats
Wins 0.51, Ties 0.00, Losses 0.49, Game Length 18.41 moves
Loss p1: 0.193637, Loss p2: 0.201561
Benchmark Stats Training Round 93
W: 0.97, T: 0.00 (versus random)
W: 1.00, T: 0.00 (versus left)
W: 0.87, T: 0.00 (versus lvl1)
W: 0.33, T: 0.00 (versus lvl2)
Training round 93 completed in 1 minutes and 43 seconds.
Expected completion: 15:34 2020-05-19.
Training round 94 stats
Wins 0.52, Ties 0.00, Losses 0.48, Game Length 18.90 moves
Loss p1: 0.196475, Loss p2: 0.195429
Benchmark Stats Training Round 94
W: 0.99, T: 0.00 (versus random)
W: 1.00, T: 0.00 (versus left)
W: 0.93, T: 0.00 (versus lvl1)
W: 0.46, T: 0.00 (versus lvl2)
Training round 94 completed in 1 minutes and 49 seconds.
Expected completion: 15:34 2020-05-19.
Training round 95 stats
Wins 0.52, Ties 0.00, Losses 0.48, Game Length 18.17 moves
Loss p1: 0.199106, Loss p2: 0.200791
Benchmark Stats Training Round 95
W: 0.98, T: 0.00 (versus random)
W: 0.50, T: 0.00 (versus left)
W: 0.92, T: 0.00 (versus lvl1)
W: 0.38, T: 0.00 (versus lvl2)
Training round 95 completed in 1 minutes and 50 seconds.
Expected completion: 15:35 2020-05-19.
Training round 96 stats
Wins 0.49, Ties 0.00, Losses 0.51, Game Length 18.49 moves
Loss p1: 0.206518, Loss p2: 0.203738
Benchmark Stats Training Round 96
W: 0.94, T: 0.00 (versus random)
W: 0.50, T: 0.00 (versus left)
W: 0.88, T: 0.00 (versus lvl1)
W: 0.44, T: 0.00 (versus lvl2)
Training round 96 completed in 1 minutes and 46 seconds.
Expected completion: 15:34 2020-05-19.
Training round 97 stats
Wins 0.49, Ties 0.00, Losses 0.51, Game Length 18.55 moves
Loss p1: 0.195503, Loss p2: 0.187962
Benchmark Stats Training Round 97
W: 0.98, T: 0.00 (versus random)
W: 1.00, T: 0.00 (versus left)
W: 0.88, T: 0.00 (versus lvl1)
W: 0.49, T: 0.00 (versus lvl2)
Training round 97 completed in 1 minutes and 40 seconds.
Expected completion: 15:34 2020-05-19.
Training round 98 stats
Wins 0.51, Ties 0.00, Losses 0.49, Game Length 18.64 moves
Loss p1: 0.196470, Loss p2: 0.218215
Benchmark Stats Training Round 98
W: 0.98, T: 0.00 (versus random)
W: 0.50, T: 0.00 (versus left)
W: 0.87, T: 0.00 (versus lvl1)
W: 0.45, T: 0.00 (versus lvl2)
Training round 98 completed in 1 minutes and 28 seconds.
Expected completion: 15:33 2020-05-19.
Training round 99 stats
Wins 0.46, Ties 0.00, Losses 0.54, Game Length 18.37 moves
Loss p1: 0.186242, Loss p2: 0.199395
Benchmark Stats Training Round 99
W: 0.96, T: 0.01 (versus random)
W: 1.00, T: 0.00 (versus left)
W: 0.86, T: 0.00 (versus lvl1)
W: 0.40, T: 0.00 (versus lvl2)
Training round 99 completed in 1 minutes and 49 seconds.
Expected completion: 15:34 2020-05-19.
Training round 100 stats
Wins 0.49, Ties 0.00, Losses 0.51, Game Length 18.25 moves
Loss p1: 0.191536, Loss p2: 0.196662
Benchmark Stats Training Round 100
W: 0.99, T: 0.00 (versus random)
W: 0.50, T: 0.00 (versus left)
W: 0.90, T: 0.00 (versus lvl1)
W: 0.47, T: 0.00 (versus lvl2)
Training round 100 completed in 1 minutes and 50 seconds.
Expected completion: 15:34 2020-05-19.
