Training Neural Net on Connect 4
  self_play_batch_size: 1000
  benchmark_batch_size: 100
  training_rounds: 100
  memory_size: 1000
  network: B
  exploration: no
  loss: MSE
  encoding: integer
  optimizer: Adam
  experience: no

Benchmark Stats Training Round 0
W: 0.44, T: 0.00 (versus random)
W: 0.00, T: 0.00 (versus left)
W: 0.15, T: 0.00 (versus lvl1)
W: 0.10, T: 0.01 (versus lvl2)
Training round 1 stats
Wins 0.15, Ties 0.00, Losses 0.84, Game Length 20.44 moves
Loss p1: 0.234917, Loss p2: 0.252892
Benchmark Stats Training Round 1
W: 0.15, T: 0.01 (versus random)
W: 0.00, T: 0.00 (versus left)
W: 0.06, T: 0.00 (versus lvl1)
W: 0.02, T: 0.00 (versus lvl2)
Training round 1 completed in 2 minutes and 20 seconds.
Expected completion: 21:47 2020-05-16.
Training round 2 stats
Wins 0.00, Ties 0.00, Losses 1.00, Game Length 12.31 moves
Loss p1: 0.024998, Loss p2: 0.029417
Benchmark Stats Training Round 2
W: 0.23, T: 0.00 (versus random)
W: 0.00, T: 0.00 (versus left)
W: 0.16, T: 0.00 (versus lvl1)
W: 0.01, T: 0.00 (versus lvl2)
Training round 2 completed in 1 minutes and 43 seconds.
Expected completion: 20:46 2020-05-16.
Training round 3 stats
Wins 0.05, Ties 0.00, Losses 0.95, Game Length 15.09 moves
Loss p1: 0.143501, Loss p2: 0.120301
Benchmark Stats Training Round 3
W: 0.24, T: 0.00 (versus random)
W: 0.00, T: 0.00 (versus left)
W: 0.12, T: 0.00 (versus lvl1)
W: 0.02, T: 0.00 (versus lvl2)
Training round 3 completed in 1 minutes and 55 seconds.
Expected completion: 21:05 2020-05-16.
Training round 4 stats
Wins 0.00, Ties 0.00, Losses 1.00, Game Length 19.43 moves
Loss p1: 0.009642, Loss p2: 0.008239
Benchmark Stats Training Round 4
W: 0.27, T: 0.00 (versus random)
W: 0.00, T: 0.00 (versus left)
W: 0.13, T: 0.00 (versus lvl1)
W: 0.00, T: 0.00 (versus lvl2)
Training round 4 completed in 2 minutes and 14 seconds.
Expected completion: 21:36 2020-05-16.
Training round 5 stats
Wins 0.15, Ties 0.00, Losses 0.85, Game Length 19.48 moves
Loss p1: 0.199633, Loss p2: 0.188300
Benchmark Stats Training Round 5
W: 0.46, T: 0.00 (versus random)
W: 1.00, T: 0.00 (versus left)
W: 0.28, T: 0.00 (versus lvl1)
W: 0.02, T: 0.00 (versus lvl2)
Training round 5 completed in 2 minutes and 14 seconds.
Expected completion: 21:36 2020-05-16.
Training round 6 stats
Wins 0.29, Ties 0.00, Losses 0.71, Game Length 17.87 moves
Loss p1: 0.324600, Loss p2: 0.305617
Benchmark Stats Training Round 6
W: 0.53, T: 0.00 (versus random)
W: 0.00, T: 0.00 (versus left)
W: 0.34, T: 0.00 (versus lvl1)
W: 0.17, T: 0.01 (versus lvl2)
Training round 6 completed in 2 minutes and 6 seconds.
Expected completion: 21:23 2020-05-16.
Training round 7 stats
Wins 0.43, Ties 0.00, Losses 0.57, Game Length 25.45 moves
Loss p1: 0.331474, Loss p2: 0.350025
Benchmark Stats Training Round 7
W: 0.30, T: 0.00 (versus random)
W: 0.50, T: 0.00 (versus left)
W: 0.12, T: 0.00 (versus lvl1)
W: 0.09, T: 0.01 (versus lvl2)
Training round 7 completed in 2 minutes and 43 seconds.
Expected completion: 22:21 2020-05-16.
Training round 8 stats
Wins 0.50, Ties 0.02, Losses 0.48, Game Length 22.70 moves
Loss p1: 0.385128, Loss p2: 0.390917
Benchmark Stats Training Round 8
W: 0.55, T: 0.00 (versus random)
W: 0.00, T: 0.00 (versus left)
W: 0.29, T: 0.00 (versus lvl1)
W: 0.17, T: 0.00 (versus lvl2)
Training round 8 completed in 2 minutes and 22 seconds.
Expected completion: 21:49 2020-05-16.
Training round 9 stats
Wins 0.50, Ties 0.01, Losses 0.49, Game Length 24.15 moves
Loss p1: 0.374913, Loss p2: 0.376786
Benchmark Stats Training Round 9
W: 0.41, T: 0.01 (versus random)
W: 1.00, T: 0.00 (versus left)
W: 0.20, T: 0.00 (versus lvl1)
W: 0.09, T: 0.00 (versus lvl2)
Training round 9 completed in 2 minutes and 35 seconds.
Expected completion: 22:08 2020-05-16.
Training round 10 stats
Wins 0.49, Ties 0.01, Losses 0.50, Game Length 18.41 moves
Loss p1: 0.425806, Loss p2: 0.454057
Benchmark Stats Training Round 10
W: 0.69, T: 0.00 (versus random)
W: 0.00, T: 0.00 (versus left)
W: 0.34, T: 0.00 (versus lvl1)
W: 0.21, T: 0.00 (versus lvl2)
Training round 10 completed in 2 minutes and 10 seconds.
Expected completion: 21:31 2020-05-16.
Training round 11 stats
Wins 0.49, Ties 0.00, Losses 0.51, Game Length 18.79 moves
Loss p1: 0.451271, Loss p2: 0.452463
Benchmark Stats Training Round 11
W: 0.46, T: 0.00 (versus random)
W: 0.00, T: 0.00 (versus left)
W: 0.14, T: 0.00 (versus lvl1)
W: 0.09, T: 0.00 (versus lvl2)
Training round 11 completed in 2 minutes and 10 seconds.
Expected completion: 21:31 2020-05-16.
Training round 12 stats
Wins 0.51, Ties 0.00, Losses 0.49, Game Length 13.01 moves
Loss p1: 0.540430, Loss p2: 0.540421
Benchmark Stats Training Round 12
W: 0.67, T: 0.00 (versus random)
W: 0.50, T: 0.00 (versus left)
W: 0.41, T: 0.00 (versus lvl1)
W: 0.04, T: 0.00 (versus lvl2)
Training round 12 completed in 1 minutes and 39 seconds.
Expected completion: 20:45 2020-05-16.
Training round 13 stats
Wins 0.86, Ties 0.00, Losses 0.14, Game Length 10.31 moves
Loss p1: 0.423752, Loss p2: 0.592851
Benchmark Stats Training Round 13
W: 0.72, T: 0.00 (versus random)
W: 0.50, T: 0.00 (versus left)
W: 0.61, T: 0.00 (versus lvl1)
W: 0.14, T: 0.00 (versus lvl2)
Training round 13 completed in 1 minutes and 34 seconds.
Expected completion: 20:37 2020-05-16.
Training round 14 stats
Wins 0.50, Ties 0.00, Losses 0.50, Game Length 8.00 moves
Loss p1: 0.676524, Loss p2: 0.751186
Benchmark Stats Training Round 14
W: 0.76, T: 0.00 (versus random)
W: 1.00, T: 0.00 (versus left)
W: 0.64, T: 0.00 (versus lvl1)
W: 0.03, T: 0.00 (versus lvl2)
Training round 14 completed in 1 minutes and 20 seconds.
Expected completion: 20:17 2020-05-16.
Training round 15 stats
Wins 0.60, Ties 0.01, Losses 0.39, Game Length 12.38 moves
Loss p1: 0.484635, Loss p2: 0.529444
Benchmark Stats Training Round 15
W: 0.81, T: 0.00 (versus random)
W: 0.00, T: 0.00 (versus left)
W: 0.63, T: 0.00 (versus lvl1)
W: 0.03, T: 0.01 (versus lvl2)
Training round 15 completed in 1 minutes and 35 seconds.
Expected completion: 20:38 2020-05-16.
Training round 16 stats
Wins 0.41, Ties 0.05, Losses 0.54, Game Length 23.46 moves
Loss p1: 0.353614, Loss p2: 0.336535
Benchmark Stats Training Round 16
W: 0.66, T: 0.00 (versus random)
W: 1.00, T: 0.00 (versus left)
W: 0.49, T: 0.00 (versus lvl1)
W: 0.02, T: 0.00 (versus lvl2)
Training round 16 completed in 2 minutes and 13 seconds.
Expected completion: 21:33 2020-05-16.
Training round 17 stats
Wins 0.34, Ties 0.02, Losses 0.64, Game Length 21.27 moves
Loss p1: 0.379797, Loss p2: 0.396294
Benchmark Stats Training Round 17
W: 0.55, T: 0.00 (versus random)
W: 1.00, T: 0.00 (versus left)
W: 0.37, T: 0.00 (versus lvl1)
W: 0.03, T: 0.01 (versus lvl2)
Training round 17 completed in 2 minutes and 16 seconds.
Expected completion: 21:37 2020-05-16.
Training round 18 stats
Wins 0.94, Ties 0.00, Losses 0.06, Game Length 13.62 moves
Loss p1: 0.181880, Loss p2: 0.481265
Benchmark Stats Training Round 18
W: 0.79, T: 0.00 (versus random)
W: 1.00, T: 0.00 (versus left)
W: 0.60, T: 0.00 (versus lvl1)
W: 0.16, T: 0.00 (versus lvl2)
Training round 18 completed in 1 minutes and 48 seconds.
Expected completion: 20:58 2020-05-16.
Training round 19 stats
Wins 1.00, Ties 0.00, Losses 0.00, Game Length 13.08 moves
Loss p1: 0.012955, Loss p2: 0.201595
Benchmark Stats Training Round 19
W: 0.75, T: 0.00 (versus random)
W: 1.00, T: 0.00 (versus left)
W: 0.54, T: 0.00 (versus lvl1)
W: 0.24, T: 0.00 (versus lvl2)
Training round 19 completed in 1 minutes and 48 seconds.
Expected completion: 20:57 2020-05-16.
Training round 20 stats
Wins 1.00, Ties 0.00, Losses 0.00, Game Length 12.50 moves
Loss p1: 0.002470, Loss p2: 0.031457
Benchmark Stats Training Round 20
W: 0.75, T: 0.00 (versus random)
W: 1.00, T: 0.00 (versus left)
W: 0.65, T: 0.00 (versus lvl1)
W: 0.22, T: 0.02 (versus lvl2)
Training round 20 completed in 1 minutes and 45 seconds.
Expected completion: 20:54 2020-05-16.
Training round 21 stats
Wins 1.00, Ties 0.00, Losses 0.00, Game Length 12.50 moves
Loss p1: 0.001270, Loss p2: 0.022511
Benchmark Stats Training Round 21
W: 0.74, T: 0.00 (versus random)
W: 1.00, T: 0.00 (versus left)
W: 0.66, T: 0.00 (versus lvl1)
W: 0.22, T: 0.01 (versus lvl2)
Training round 21 completed in 1 minutes and 46 seconds.
Expected completion: 20:55 2020-05-16.
Training round 22 stats
Wins 1.00, Ties 0.00, Losses 0.00, Game Length 12.54 moves
Loss p1: 0.001132, Loss p2: 0.022755
Benchmark Stats Training Round 22
W: 0.84, T: 0.00 (versus random)
W: 1.00, T: 0.00 (versus left)
W: 0.65, T: 0.00 (versus lvl1)
W: 0.29, T: 0.00 (versus lvl2)
Training round 22 completed in 1 minutes and 46 seconds.
Expected completion: 20:55 2020-05-16.
Training round 23 stats
Wins 1.00, Ties 0.00, Losses 0.00, Game Length 12.55 moves
Loss p1: 0.000844, Loss p2: 0.022772
Benchmark Stats Training Round 23
W: 0.77, T: 0.00 (versus random)
W: 1.00, T: 0.00 (versus left)
W: 0.62, T: 0.00 (versus lvl1)
W: 0.24, T: 0.00 (versus lvl2)
Training round 23 completed in 1 minutes and 45 seconds.
Expected completion: 20:54 2020-05-16.
Training round 24 stats
Wins 1.00, Ties 0.00, Losses 0.00, Game Length 13.59 moves
Loss p1: 0.002916, Loss p2: 0.026751
Benchmark Stats Training Round 24
W: 0.81, T: 0.00 (versus random)
W: 1.00, T: 0.00 (versus left)
W: 0.58, T: 0.00 (versus lvl1)
W: 0.17, T: 0.00 (versus lvl2)
Training round 24 completed in 1 minutes and 48 seconds.
Expected completion: 20:58 2020-05-16.
Training round 25 stats
Wins 1.00, Ties 0.00, Losses 0.00, Game Length 10.39 moves
Loss p1: 0.003896, Loss p2: 0.021870
Benchmark Stats Training Round 25
W: 0.64, T: 0.00 (versus random)
W: 1.00, T: 0.00 (versus left)
W: 0.50, T: 0.00 (versus lvl1)
W: 0.22, T: 0.01 (versus lvl2)
Training round 25 completed in 1 minutes and 32 seconds.
Expected completion: 20:37 2020-05-16.
Training round 26 stats
Wins 1.00, Ties 0.00, Losses 0.00, Game Length 8.50 moves
Loss p1: 0.000370, Loss p2: 0.013243
Benchmark Stats Training Round 26
W: 0.74, T: 0.00 (versus random)
W: 1.00, T: 0.00 (versus left)
W: 0.61, T: 0.00 (versus lvl1)
W: 0.21, T: 0.00 (versus lvl2)
Training round 26 completed in 1 minutes and 23 seconds.
Expected completion: 20:26 2020-05-16.
Training round 27 stats
Wins 1.00, Ties 0.00, Losses 0.00, Game Length 8.50 moves
Loss p1: 0.000162, Loss p2: 0.013177
Benchmark Stats Training Round 27
W: 0.76, T: 0.00 (versus random)
W: 1.00, T: 0.00 (versus left)
W: 0.46, T: 0.00 (versus lvl1)
W: 0.19, T: 0.00 (versus lvl2)
Training round 27 completed in 1 minutes and 22 seconds.
Expected completion: 20:25 2020-05-16.
Training round 28 stats
Wins 1.00, Ties 0.00, Losses 0.00, Game Length 8.50 moves
Loss p1: 0.000122, Loss p2: 0.013178
Benchmark Stats Training Round 28
W: 0.80, T: 0.00 (versus random)
W: 1.00, T: 0.00 (versus left)
W: 0.60, T: 0.00 (versus lvl1)
W: 0.19, T: 0.01 (versus lvl2)
Training round 28 completed in 1 minutes and 22 seconds.
Expected completion: 20:24 2020-05-16.
Training round 29 stats
Wins 1.00, Ties 0.00, Losses 0.00, Game Length 8.50 moves
Loss p1: 0.000095, Loss p2: 0.013176
Benchmark Stats Training Round 29
W: 0.76, T: 0.00 (versus random)
W: 1.00, T: 0.00 (versus left)
W: 0.58, T: 0.00 (versus lvl1)
W: 0.24, T: 0.00 (versus lvl2)
Training round 29 completed in 1 minutes and 22 seconds.
Expected completion: 20:25 2020-05-16.
Training round 30 stats
Wins 1.00, Ties 0.00, Losses 0.00, Game Length 8.50 moves
Loss p1: 0.000075, Loss p2: 0.013174
Benchmark Stats Training Round 30
W: 0.77, T: 0.00 (versus random)
W: 1.00, T: 0.00 (versus left)
W: 0.56, T: 0.00 (versus lvl1)
W: 0.22, T: 0.00 (versus lvl2)
Training round 30 completed in 1 minutes and 25 seconds.
Expected completion: 20:28 2020-05-16.
Training round 31 stats
Wins 1.00, Ties 0.00, Losses 0.00, Game Length 8.50 moves
Loss p1: 0.000061, Loss p2: 0.013176
Benchmark Stats Training Round 31
W: 0.81, T: 0.00 (versus random)
W: 1.00, T: 0.00 (versus left)
W: 0.49, T: 0.00 (versus lvl1)
W: 0.24, T: 0.00 (versus lvl2)
Training round 31 completed in 1 minutes and 22 seconds.
Expected completion: 20:25 2020-05-16.
Training round 32 stats
Wins 1.00, Ties 0.00, Losses 0.00, Game Length 8.50 moves
Loss p1: 0.000049, Loss p2: 0.013178
Benchmark Stats Training Round 32
W: 0.80, T: 0.00 (versus random)
W: 1.00, T: 0.00 (versus left)
W: 0.60, T: 0.00 (versus lvl1)
W: 0.25, T: 0.00 (versus lvl2)
Training round 32 completed in 1 minutes and 23 seconds.
Expected completion: 20:27 2020-05-16.
Training round 33 stats
Wins 1.00, Ties 0.00, Losses 0.00, Game Length 8.50 moves
Loss p1: 0.000038, Loss p2: 0.013174
Benchmark Stats Training Round 33
W: 0.75, T: 0.00 (versus random)
W: 1.00, T: 0.00 (versus left)
W: 0.54, T: 0.00 (versus lvl1)
W: 0.22, T: 0.00 (versus lvl2)
Training round 33 completed in 1 minutes and 22 seconds.
Expected completion: 20:25 2020-05-16.
Training round 34 stats
Wins 1.00, Ties 0.00, Losses 0.00, Game Length 8.50 moves
Loss p1: 0.000030, Loss p2: 0.013176
Benchmark Stats Training Round 34
W: 0.73, T: 0.00 (versus random)
W: 1.00, T: 0.00 (versus left)
W: 0.51, T: 0.00 (versus lvl1)
W: 0.27, T: 0.00 (versus lvl2)
Training round 34 completed in 1 minutes and 21 seconds.
Expected completion: 20:24 2020-05-16.
Training round 35 stats
Wins 1.00, Ties 0.00, Losses 0.00, Game Length 8.50 moves
Loss p1: 0.000028, Loss p2: 0.013178
Benchmark Stats Training Round 35
W: 0.73, T: 0.00 (versus random)
W: 1.00, T: 0.00 (versus left)
W: 0.58, T: 0.00 (versus lvl1)
W: 0.23, T: 0.01 (versus lvl2)
Training round 35 completed in 1 minutes and 24 seconds.
Expected completion: 20:27 2020-05-16.
Training round 36 stats
Wins 1.00, Ties 0.00, Losses 0.00, Game Length 8.50 moves
Loss p1: 0.000025, Loss p2: 0.013176
Benchmark Stats Training Round 36
W: 0.85, T: 0.00 (versus random)
W: 1.00, T: 0.00 (versus left)
W: 0.58, T: 0.00 (versus lvl1)
W: 0.25, T: 0.00 (versus lvl2)
Training round 36 completed in 1 minutes and 23 seconds.
Expected completion: 20:26 2020-05-16.
Training round 37 stats
Wins 1.00, Ties 0.00, Losses 0.00, Game Length 8.50 moves
Loss p1: 0.000022, Loss p2: 0.013174
Benchmark Stats Training Round 37
W: 0.74, T: 0.00 (versus random)
W: 1.00, T: 0.00 (versus left)
W: 0.58, T: 0.00 (versus lvl1)
W: 0.28, T: 0.01 (versus lvl2)
Training round 37 completed in 1 minutes and 22 seconds.
Expected completion: 20:25 2020-05-16.
Training round 38 stats
Wins 1.00, Ties 0.00, Losses 0.00, Game Length 8.50 moves
Loss p1: 0.000019, Loss p2: 0.013176
Benchmark Stats Training Round 38
W: 0.72, T: 0.00 (versus random)
W: 1.00, T: 0.00 (versus left)
W: 0.51, T: 0.00 (versus lvl1)
W: 0.22, T: 0.02 (versus lvl2)
Training round 38 completed in 1 minutes and 23 seconds.
Expected completion: 20:26 2020-05-16.
Training round 39 stats
Wins 1.00, Ties 0.00, Losses 0.00, Game Length 8.50 moves
Loss p1: 0.000017, Loss p2: 0.013178
Benchmark Stats Training Round 39
W: 0.75, T: 0.00 (versus random)
W: 1.00, T: 0.00 (versus left)
W: 0.45, T: 0.00 (versus lvl1)
W: 0.18, T: 0.00 (versus lvl2)
Training round 39 completed in 1 minutes and 22 seconds.
Expected completion: 20:25 2020-05-16.
Training round 40 stats
Wins 1.00, Ties 0.00, Losses 0.00, Game Length 8.50 moves
Loss p1: 0.000015, Loss p2: 0.013176
Benchmark Stats Training Round 40
W: 0.78, T: 0.00 (versus random)
W: 1.00, T: 0.00 (versus left)
W: 0.55, T: 0.00 (versus lvl1)
W: 0.17, T: 0.01 (versus lvl2)
Training round 40 completed in 1 minutes and 23 seconds.
Expected completion: 20:26 2020-05-16.
Training round 41 stats
Wins 1.00, Ties 0.00, Losses 0.00, Game Length 8.50 moves
Loss p1: 0.000014, Loss p2: 0.013174
Benchmark Stats Training Round 41
W: 0.79, T: 0.00 (versus random)
W: 1.00, T: 0.00 (versus left)
W: 0.56, T: 0.00 (versus lvl1)
W: 0.16, T: 0.01 (versus lvl2)
Training round 41 completed in 1 minutes and 22 seconds.
Expected completion: 20:25 2020-05-16.
Training round 42 stats
Wins 1.00, Ties 0.00, Losses 0.00, Game Length 8.50 moves
Loss p1: 0.000013, Loss p2: 0.013176
Benchmark Stats Training Round 42
W: 0.75, T: 0.00 (versus random)
W: 1.00, T: 0.00 (versus left)
W: 0.63, T: 0.00 (versus lvl1)
W: 0.21, T: 0.00 (versus lvl2)
Training round 42 completed in 1 minutes and 24 seconds.
Expected completion: 20:27 2020-05-16.
Training round 43 stats
Wins 1.00, Ties 0.00, Losses 0.00, Game Length 8.50 moves
Loss p1: 0.000012, Loss p2: 0.013178
Benchmark Stats Training Round 43
W: 0.71, T: 0.00 (versus random)
W: 1.00, T: 0.00 (versus left)
W: 0.38, T: 0.00 (versus lvl1)
W: 0.27, T: 0.00 (versus lvl2)
Training round 43 completed in 1 minutes and 23 seconds.
Expected completion: 20:26 2020-05-16.
Training round 44 stats
Wins 1.00, Ties 0.00, Losses 0.00, Game Length 8.50 moves
Loss p1: 0.000011, Loss p2: 0.013176
Benchmark Stats Training Round 44
W: 0.77, T: 0.00 (versus random)
W: 1.00, T: 0.00 (versus left)
W: 0.53, T: 0.00 (versus lvl1)
W: 0.22, T: 0.00 (versus lvl2)
Training round 44 completed in 1 minutes and 23 seconds.
Expected completion: 20:26 2020-05-16.
Training round 45 stats
Wins 1.00, Ties 0.00, Losses 0.00, Game Length 8.50 moves
Loss p1: 0.000010, Loss p2: 0.013174
Benchmark Stats Training Round 45
W: 0.78, T: 0.00 (versus random)
W: 1.00, T: 0.00 (versus left)
W: 0.58, T: 0.00 (versus lvl1)
W: 0.26, T: 0.00 (versus lvl2)
Training round 45 completed in 1 minutes and 22 seconds.
Expected completion: 20:25 2020-05-16.
Training round 46 stats
Wins 1.00, Ties 0.00, Losses 0.00, Game Length 8.50 moves
Loss p1: 0.000010, Loss p2: 0.013176
Benchmark Stats Training Round 46
W: 0.83, T: 0.00 (versus random)
W: 1.00, T: 0.00 (versus left)
W: 0.50, T: 0.00 (versus lvl1)
W: 0.21, T: 0.00 (versus lvl2)
Training round 46 completed in 1 minutes and 22 seconds.
Expected completion: 20:25 2020-05-16.
Training round 47 stats
Wins 1.00, Ties 0.00, Losses 0.00, Game Length 8.50 moves
Loss p1: 0.000009, Loss p2: 0.013178
Benchmark Stats Training Round 47
W: 0.79, T: 0.00 (versus random)
W: 1.00, T: 0.00 (versus left)
W: 0.56, T: 0.00 (versus lvl1)
W: 0.17, T: 0.00 (versus lvl2)
Training round 47 completed in 1 minutes and 21 seconds.
Expected completion: 20:24 2020-05-16.
Training round 48 stats
Wins 1.00, Ties 0.00, Losses 0.00, Game Length 8.50 moves
Loss p1: 0.000008, Loss p2: 0.013176
Benchmark Stats Training Round 48
W: 0.74, T: 0.00 (versus random)
W: 1.00, T: 0.00 (versus left)
W: 0.52, T: 0.00 (versus lvl1)
W: 0.26, T: 0.00 (versus lvl2)
Training round 48 completed in 1 minutes and 22 seconds.
Expected completion: 20:25 2020-05-16.
Training round 49 stats
Wins 1.00, Ties 0.00, Losses 0.00, Game Length 8.50 moves
Loss p1: 0.000008, Loss p2: 0.013174
Benchmark Stats Training Round 49
W: 0.76, T: 0.00 (versus random)
W: 1.00, T: 0.00 (versus left)
W: 0.60, T: 0.00 (versus lvl1)
W: 0.26, T: 0.00 (versus lvl2)
Training round 49 completed in 1 minutes and 20 seconds.
Expected completion: 20:24 2020-05-16.
Training round 50 stats
Wins 1.00, Ties 0.00, Losses 0.00, Game Length 8.50 moves
Loss p1: 0.000007, Loss p2: 0.013176
Benchmark Stats Training Round 50
W: 0.82, T: 0.00 (versus random)
W: 1.00, T: 0.00 (versus left)
W: 0.59, T: 0.00 (versus lvl1)
W: 0.22, T: 0.00 (versus lvl2)
Training round 50 completed in 1 minutes and 22 seconds.
Expected completion: 20:25 2020-05-16.
Training round 51 stats
Wins 1.00, Ties 0.00, Losses 0.00, Game Length 8.50 moves
Loss p1: 0.000007, Loss p2: 0.013178
Benchmark Stats Training Round 51
W: 0.75, T: 0.00 (versus random)
W: 1.00, T: 0.00 (versus left)
W: 0.51, T: 0.00 (versus lvl1)
W: 0.17, T: 0.02 (versus lvl2)
Training round 51 completed in 1 minutes and 22 seconds.
Expected completion: 20:25 2020-05-16.
Training round 52 stats
Wins 1.00, Ties 0.00, Losses 0.00, Game Length 8.50 moves
Loss p1: 0.000006, Loss p2: 0.013176
Benchmark Stats Training Round 52
W: 0.84, T: 0.00 (versus random)
W: 1.00, T: 0.00 (versus left)
W: 0.61, T: 0.00 (versus lvl1)
W: 0.25, T: 0.00 (versus lvl2)
Training round 52 completed in 1 minutes and 21 seconds.
Expected completion: 20:24 2020-05-16.
Training round 53 stats
Wins 1.00, Ties 0.00, Losses 0.00, Game Length 8.50 moves
Loss p1: 0.000006, Loss p2: 0.013174
Benchmark Stats Training Round 53
W: 0.70, T: 0.00 (versus random)
W: 1.00, T: 0.00 (versus left)
W: 0.56, T: 0.00 (versus lvl1)
W: 0.17, T: 0.00 (versus lvl2)
Training round 53 completed in 1 minutes and 22 seconds.
Expected completion: 20:25 2020-05-16.
Training round 54 stats
Wins 1.00, Ties 0.00, Losses 0.00, Game Length 8.50 moves
Loss p1: 0.000006, Loss p2: 0.013176
Benchmark Stats Training Round 54
W: 0.81, T: 0.00 (versus random)
W: 1.00, T: 0.00 (versus left)
W: 0.55, T: 0.00 (versus lvl1)
W: 0.25, T: 0.00 (versus lvl2)
Training round 54 completed in 1 minutes and 21 seconds.
Expected completion: 20:24 2020-05-16.
Training round 55 stats
Wins 1.00, Ties 0.00, Losses 0.00, Game Length 8.50 moves
Loss p1: 0.000005, Loss p2: 0.013178
Benchmark Stats Training Round 55
W: 0.72, T: 0.00 (versus random)
W: 1.00, T: 0.00 (versus left)
W: 0.50, T: 0.00 (versus lvl1)
W: 0.17, T: 0.01 (versus lvl2)
Training round 55 completed in 1 minutes and 22 seconds.
Expected completion: 20:25 2020-05-16.
Training round 56 stats
Wins 1.00, Ties 0.00, Losses 0.00, Game Length 8.50 moves
Loss p1: 0.000005, Loss p2: 0.013174
Benchmark Stats Training Round 56
W: 0.66, T: 0.00 (versus random)
W: 1.00, T: 0.00 (versus left)
W: 0.53, T: 0.00 (versus lvl1)
W: 0.21, T: 0.01 (versus lvl2)
Training round 56 completed in 1 minutes and 21 seconds.
Expected completion: 20:25 2020-05-16.
Training round 57 stats
Wins 1.00, Ties 0.00, Losses 0.00, Game Length 8.50 moves
Loss p1: 0.000005, Loss p2: 0.013176
Benchmark Stats Training Round 57
W: 0.70, T: 0.00 (versus random)
W: 1.00, T: 0.00 (versus left)
W: 0.65, T: 0.00 (versus lvl1)
W: 0.25, T: 0.00 (versus lvl2)
Training round 57 completed in 1 minutes and 21 seconds.
Expected completion: 20:24 2020-05-16.
Training round 58 stats
Wins 1.00, Ties 0.00, Losses 0.00, Game Length 8.50 moves
Loss p1: 0.000005, Loss p2: 0.013178
Benchmark Stats Training Round 58
W: 0.79, T: 0.00 (versus random)
W: 1.00, T: 0.00 (versus left)
W: 0.55, T: 0.00 (versus lvl1)
W: 0.25, T: 0.00 (versus lvl2)
Training round 58 completed in 1 minutes and 20 seconds.
Expected completion: 20:24 2020-05-16.
Training round 59 stats
Wins 1.00, Ties 0.00, Losses 0.00, Game Length 8.50 moves
Loss p1: 0.000004, Loss p2: 0.013176
Benchmark Stats Training Round 59
W: 0.77, T: 0.00 (versus random)
W: 1.00, T: 0.00 (versus left)
W: 0.55, T: 0.00 (versus lvl1)
W: 0.25, T: 0.00 (versus lvl2)
Training round 59 completed in 1 minutes and 22 seconds.
Expected completion: 20:25 2020-05-16.
Training round 60 stats
Wins 1.00, Ties 0.00, Losses 0.00, Game Length 8.50 moves
Loss p1: 0.000004, Loss p2: 0.013174
Benchmark Stats Training Round 60
W: 0.74, T: 0.00 (versus random)
W: 1.00, T: 0.00 (versus left)
W: 0.47, T: 0.00 (versus lvl1)
W: 0.27, T: 0.02 (versus lvl2)
Training round 60 completed in 1 minutes and 19 seconds.
Expected completion: 20:23 2020-05-16.
Training round 61 stats
Wins 1.00, Ties 0.00, Losses 0.00, Game Length 8.50 moves
Loss p1: 0.000004, Loss p2: 0.013176
Benchmark Stats Training Round 61
W: 0.73, T: 0.00 (versus random)
W: 1.00, T: 0.00 (versus left)
W: 0.58, T: 0.00 (versus lvl1)
W: 0.20, T: 0.00 (versus lvl2)
Training round 61 completed in 1 minutes and 21 seconds.
Expected completion: 20:24 2020-05-16.
Training round 62 stats
Wins 1.00, Ties 0.00, Losses 0.00, Game Length 8.50 moves
Loss p1: 0.000004, Loss p2: 0.013178
Benchmark Stats Training Round 62
W: 0.80, T: 0.00 (versus random)
W: 1.00, T: 0.00 (versus left)
W: 0.58, T: 0.00 (versus lvl1)
W: 0.21, T: 0.00 (versus lvl2)
Training round 62 completed in 1 minutes and 20 seconds.
Expected completion: 20:24 2020-05-16.
Training round 63 stats
Wins 1.00, Ties 0.00, Losses 0.00, Game Length 8.50 moves
Loss p1: 0.000003, Loss p2: 0.013176
Benchmark Stats Training Round 63
W: 0.80, T: 0.00 (versus random)
W: 1.00, T: 0.00 (versus left)
W: 0.63, T: 0.00 (versus lvl1)
W: 0.21, T: 0.02 (versus lvl2)
Training round 63 completed in 1 minutes and 21 seconds.
Expected completion: 20:24 2020-05-16.
Training round 64 stats
Wins 1.00, Ties 0.00, Losses 0.00, Game Length 8.50 moves
Loss p1: 0.000003, Loss p2: 0.013174
Benchmark Stats Training Round 64
W: 0.74, T: 0.00 (versus random)
W: 1.00, T: 0.00 (versus left)
W: 0.58, T: 0.00 (versus lvl1)
W: 0.27, T: 0.00 (versus lvl2)
Training round 64 completed in 1 minutes and 22 seconds.
Expected completion: 20:25 2020-05-16.
Training round 65 stats
Wins 1.00, Ties 0.00, Losses 0.00, Game Length 8.50 moves
Loss p1: 0.000003, Loss p2: 0.013176
Benchmark Stats Training Round 65
W: 0.72, T: 0.00 (versus random)
W: 1.00, T: 0.00 (versus left)
W: 0.60, T: 0.00 (versus lvl1)
W: 0.20, T: 0.00 (versus lvl2)
Training round 65 completed in 1 minutes and 21 seconds.
Expected completion: 20:24 2020-05-16.
Training round 66 stats
Wins 1.00, Ties 0.00, Losses 0.00, Game Length 8.50 moves
Loss p1: 0.000003, Loss p2: 0.013178
Benchmark Stats Training Round 66
W: 0.77, T: 0.00 (versus random)
W: 1.00, T: 0.00 (versus left)
W: 0.62, T: 0.00 (versus lvl1)
W: 0.21, T: 0.02 (versus lvl2)
Training round 66 completed in 1 minutes and 22 seconds.
Expected completion: 20:25 2020-05-16.
Training round 67 stats
Wins 1.00, Ties 0.00, Losses 0.00, Game Length 8.50 moves
Loss p1: 0.000003, Loss p2: 0.013176
Benchmark Stats Training Round 67
W: 0.68, T: 0.00 (versus random)
W: 1.00, T: 0.00 (versus left)
W: 0.53, T: 0.00 (versus lvl1)
W: 0.24, T: 0.00 (versus lvl2)
Training round 67 completed in 1 minutes and 22 seconds.
Expected completion: 20:25 2020-05-16.
Training round 68 stats
Wins 1.00, Ties 0.00, Losses 0.00, Game Length 8.50 moves
Loss p1: 0.000003, Loss p2: 0.013174
Benchmark Stats Training Round 68
W: 0.76, T: 0.00 (versus random)
W: 1.00, T: 0.00 (versus left)
W: 0.60, T: 0.00 (versus lvl1)
W: 0.25, T: 0.00 (versus lvl2)
Training round 68 completed in 1 minutes and 22 seconds.
Expected completion: 20:25 2020-05-16.
Training round 69 stats
Wins 1.00, Ties 0.00, Losses 0.00, Game Length 8.50 moves
Loss p1: 0.000003, Loss p2: 0.013176
Benchmark Stats Training Round 69
W: 0.68, T: 0.00 (versus random)
W: 1.00, T: 0.00 (versus left)
W: 0.51, T: 0.00 (versus lvl1)
W: 0.23, T: 0.01 (versus lvl2)
Training round 69 completed in 1 minutes and 21 seconds.
Expected completion: 20:24 2020-05-16.
Training round 70 stats
Wins 1.00, Ties 0.00, Losses 0.00, Game Length 8.50 moves
Loss p1: 0.000003, Loss p2: 0.013178
Benchmark Stats Training Round 70
W: 0.78, T: 0.00 (versus random)
W: 1.00, T: 0.00 (versus left)
W: 0.63, T: 0.00 (versus lvl1)
W: 0.15, T: 0.01 (versus lvl2)
Training round 70 completed in 1 minutes and 22 seconds.
Expected completion: 20:25 2020-05-16.
Training round 71 stats
Wins 1.00, Ties 0.00, Losses 0.00, Game Length 8.50 moves
Loss p1: 0.000002, Loss p2: 0.013176
Benchmark Stats Training Round 71
W: 0.72, T: 0.00 (versus random)
W: 1.00, T: 0.00 (versus left)
W: 0.50, T: 0.00 (versus lvl1)
W: 0.34, T: 0.02 (versus lvl2)
Training round 71 completed in 1 minutes and 24 seconds.
Expected completion: 20:26 2020-05-16.
Training round 72 stats
Wins 1.00, Ties 0.00, Losses 0.00, Game Length 8.50 moves
Loss p1: 0.000002, Loss p2: 0.013174
Benchmark Stats Training Round 72
W: 0.78, T: 0.00 (versus random)
W: 1.00, T: 0.00 (versus left)
W: 0.52, T: 0.00 (versus lvl1)
W: 0.19, T: 0.00 (versus lvl2)
Training round 72 completed in 1 minutes and 24 seconds.
Expected completion: 20:26 2020-05-16.
Training round 73 stats
Wins 1.00, Ties 0.00, Losses 0.00, Game Length 8.50 moves
Loss p1: 0.000002, Loss p2: 0.013176
Benchmark Stats Training Round 73
W: 0.74, T: 0.00 (versus random)
W: 1.00, T: 0.00 (versus left)
W: 0.47, T: 0.00 (versus lvl1)
W: 0.17, T: 0.00 (versus lvl2)
Training round 73 completed in 1 minutes and 23 seconds.
Expected completion: 20:25 2020-05-16.
Training round 74 stats
Wins 1.00, Ties 0.00, Losses 0.00, Game Length 8.50 moves
Loss p1: 0.000002, Loss p2: 0.013178
Benchmark Stats Training Round 74
W: 0.75, T: 0.00 (versus random)
W: 1.00, T: 0.00 (versus left)
W: 0.47, T: 0.00 (versus lvl1)
W: 0.25, T: 0.00 (versus lvl2)
Training round 74 completed in 1 minutes and 23 seconds.
Expected completion: 20:25 2020-05-16.
Training round 75 stats
Wins 1.00, Ties 0.00, Losses 0.00, Game Length 8.50 moves
Loss p1: 0.000002, Loss p2: 0.013176
Benchmark Stats Training Round 75
W: 0.74, T: 0.00 (versus random)
W: 1.00, T: 0.00 (versus left)
W: 0.55, T: 0.00 (versus lvl1)
W: 0.18, T: 0.01 (versus lvl2)
Training round 75 completed in 1 minutes and 23 seconds.
Expected completion: 20:25 2020-05-16.
Training round 76 stats
Wins 1.00, Ties 0.00, Losses 0.00, Game Length 8.50 moves
Loss p1: 0.000002, Loss p2: 0.013174
Benchmark Stats Training Round 76
W: 0.82, T: 0.00 (versus random)
W: 1.00, T: 0.00 (versus left)
W: 0.56, T: 0.00 (versus lvl1)
W: 0.28, T: 0.00 (versus lvl2)
Training round 76 completed in 1 minutes and 23 seconds.
Expected completion: 20:25 2020-05-16.
Training round 77 stats
Wins 1.00, Ties 0.00, Losses 0.00, Game Length 8.50 moves
Loss p1: 0.000002, Loss p2: 0.013176
Benchmark Stats Training Round 77
W: 0.79, T: 0.00 (versus random)
W: 1.00, T: 0.00 (versus left)
W: 0.53, T: 0.00 (versus lvl1)
W: 0.24, T: 0.01 (versus lvl2)
Training round 77 completed in 1 minutes and 22 seconds.
Expected completion: 20:25 2020-05-16.
Training round 78 stats
Wins 1.00, Ties 0.00, Losses 0.00, Game Length 8.50 moves
Loss p1: 0.000002, Loss p2: 0.013178
Benchmark Stats Training Round 78
W: 0.75, T: 0.00 (versus random)
W: 1.00, T: 0.00 (versus left)
W: 0.60, T: 0.00 (versus lvl1)
W: 0.26, T: 0.00 (versus lvl2)
Training round 78 completed in 1 minutes and 22 seconds.
Expected completion: 20:25 2020-05-16.
Training round 79 stats
Wins 1.00, Ties 0.00, Losses 0.00, Game Length 8.50 moves
Loss p1: 0.000002, Loss p2: 0.013174
Benchmark Stats Training Round 79
W: 0.70, T: 0.00 (versus random)
W: 1.00, T: 0.00 (versus left)
W: 0.51, T: 0.00 (versus lvl1)
W: 0.19, T: 0.00 (versus lvl2)
Training round 79 completed in 1 minutes and 23 seconds.
Expected completion: 20:25 2020-05-16.
Training round 80 stats
Wins 1.00, Ties 0.00, Losses 0.00, Game Length 8.50 moves
Loss p1: 0.000002, Loss p2: 0.013176
Benchmark Stats Training Round 80
W: 0.75, T: 0.00 (versus random)
W: 1.00, T: 0.00 (versus left)
W: 0.56, T: 0.00 (versus lvl1)
W: 0.27, T: 0.00 (versus lvl2)
Training round 80 completed in 1 minutes and 23 seconds.
Expected completion: 20:25 2020-05-16.
Training round 81 stats
Wins 1.00, Ties 0.00, Losses 0.00, Game Length 8.50 moves
Loss p1: 0.000002, Loss p2: 0.013178
Benchmark Stats Training Round 81
W: 0.78, T: 0.00 (versus random)
W: 1.00, T: 0.00 (versus left)
W: 0.50, T: 0.00 (versus lvl1)
W: 0.17, T: 0.00 (versus lvl2)
Training round 81 completed in 1 minutes and 23 seconds.
Expected completion: 20:25 2020-05-16.
Training round 82 stats
Wins 1.00, Ties 0.00, Losses 0.00, Game Length 8.50 moves
Loss p1: 0.000002, Loss p2: 0.013176
Benchmark Stats Training Round 82
W: 0.73, T: 0.00 (versus random)
W: 1.00, T: 0.00 (versus left)
W: 0.59, T: 0.00 (versus lvl1)
W: 0.20, T: 0.01 (versus lvl2)
Training round 82 completed in 1 minutes and 23 seconds.
Expected completion: 20:25 2020-05-16.
Training round 83 stats
Wins 1.00, Ties 0.00, Losses 0.00, Game Length 8.50 moves
Loss p1: 0.000002, Loss p2: 0.013174
Benchmark Stats Training Round 83
W: 0.75, T: 0.00 (versus random)
W: 1.00, T: 0.00 (versus left)
W: 0.49, T: 0.00 (versus lvl1)
W: 0.14, T: 0.00 (versus lvl2)
Training round 83 completed in 1 minutes and 24 seconds.
Expected completion: 20:26 2020-05-16.
Training round 84 stats
Wins 1.00, Ties 0.00, Losses 0.00, Game Length 8.50 moves
Loss p1: 0.000002, Loss p2: 0.013176
Benchmark Stats Training Round 84
W: 0.71, T: 0.00 (versus random)
W: 1.00, T: 0.00 (versus left)
W: 0.65, T: 0.00 (versus lvl1)
W: 0.23, T: 0.00 (versus lvl2)
Training round 84 completed in 1 minutes and 24 seconds.
Expected completion: 20:25 2020-05-16.
Training round 85 stats
Wins 1.00, Ties 0.00, Losses 0.00, Game Length 8.50 moves
Loss p1: 0.000002, Loss p2: 0.013178
Benchmark Stats Training Round 85
W: 0.81, T: 0.00 (versus random)
W: 1.00, T: 0.00 (versus left)
W: 0.51, T: 0.00 (versus lvl1)
W: 0.20, T: 0.00 (versus lvl2)
Training round 85 completed in 1 minutes and 24 seconds.
Expected completion: 20:26 2020-05-16.
Training round 86 stats
Wins 1.00, Ties 0.00, Losses 0.00, Game Length 8.50 moves
Loss p1: 0.000002, Loss p2: 0.013176
Benchmark Stats Training Round 86
W: 0.72, T: 0.00 (versus random)
W: 1.00, T: 0.00 (versus left)
W: 0.50, T: 0.00 (versus lvl1)
W: 0.16, T: 0.00 (versus lvl2)
Training round 86 completed in 1 minutes and 24 seconds.
Expected completion: 20:26 2020-05-16.
Training round 87 stats
Wins 1.00, Ties 0.00, Losses 0.00, Game Length 8.50 moves
Loss p1: 0.000002, Loss p2: 0.013174
Benchmark Stats Training Round 87
W: 0.87, T: 0.00 (versus random)
W: 1.00, T: 0.00 (versus left)
W: 0.62, T: 0.00 (versus lvl1)
W: 0.18, T: 0.00 (versus lvl2)
Training round 87 completed in 1 minutes and 23 seconds.
Expected completion: 20:25 2020-05-16.
Training round 88 stats
Wins 1.00, Ties 0.00, Losses 0.00, Game Length 8.50 moves
Loss p1: 0.000002, Loss p2: 0.013176
Benchmark Stats Training Round 88
W: 0.84, T: 0.00 (versus random)
W: 1.00, T: 0.00 (versus left)
W: 0.42, T: 0.00 (versus lvl1)
W: 0.25, T: 0.00 (versus lvl2)
Training round 88 completed in 1 minutes and 24 seconds.
Expected completion: 20:26 2020-05-16.
Training round 89 stats
Wins 1.00, Ties 0.00, Losses 0.00, Game Length 8.50 moves
Loss p1: 0.000002, Loss p2: 0.013178
Benchmark Stats Training Round 89
W: 0.74, T: 0.00 (versus random)
W: 1.00, T: 0.00 (versus left)
W: 0.50, T: 0.00 (versus lvl1)
W: 0.22, T: 0.00 (versus lvl2)
Training round 89 completed in 1 minutes and 23 seconds.
Expected completion: 20:25 2020-05-16.
Training round 90 stats
Wins 1.00, Ties 0.00, Losses 0.00, Game Length 8.50 moves
Loss p1: 0.000002, Loss p2: 0.013176
Benchmark Stats Training Round 90
W: 0.78, T: 0.00 (versus random)
W: 1.00, T: 0.00 (versus left)
W: 0.56, T: 0.00 (versus lvl1)
W: 0.27, T: 0.00 (versus lvl2)
Training round 90 completed in 1 minutes and 24 seconds.
Expected completion: 20:26 2020-05-16.
Training round 91 stats
Wins 1.00, Ties 0.00, Losses 0.00, Game Length 8.50 moves
Loss p1: 0.000002, Loss p2: 0.013174
Benchmark Stats Training Round 91
W: 0.80, T: 0.00 (versus random)
W: 1.00, T: 0.00 (versus left)
W: 0.54, T: 0.00 (versus lvl1)
W: 0.17, T: 0.01 (versus lvl2)
Training round 91 completed in 1 minutes and 23 seconds.
Expected completion: 20:25 2020-05-16.
Training round 92 stats
Wins 1.00, Ties 0.00, Losses 0.00, Game Length 8.50 moves
Loss p1: 0.000002, Loss p2: 0.013176
Benchmark Stats Training Round 92
W: 0.83, T: 0.00 (versus random)
W: 1.00, T: 0.00 (versus left)
W: 0.62, T: 0.00 (versus lvl1)
W: 0.19, T: 0.01 (versus lvl2)
Training round 92 completed in 1 minutes and 24 seconds.
Expected completion: 20:26 2020-05-16.
Training round 93 stats
Wins 1.00, Ties 0.00, Losses 0.00, Game Length 8.50 moves
Loss p1: 0.000002, Loss p2: 0.013178
Benchmark Stats Training Round 93
W: 0.76, T: 0.00 (versus random)
W: 1.00, T: 0.00 (versus left)
W: 0.52, T: 0.00 (versus lvl1)
W: 0.22, T: 0.01 (versus lvl2)
Training round 93 completed in 1 minutes and 23 seconds.
Expected completion: 20:25 2020-05-16.
Training round 94 stats
Wins 1.00, Ties 0.00, Losses 0.00, Game Length 8.50 moves
Loss p1: 0.000002, Loss p2: 0.013176
Benchmark Stats Training Round 94
W: 0.70, T: 0.00 (versus random)
W: 1.00, T: 0.00 (versus left)
W: 0.56, T: 0.00 (versus lvl1)
W: 0.25, T: 0.00 (versus lvl2)
Training round 94 completed in 1 minutes and 23 seconds.
Expected completion: 20:25 2020-05-16.
Training round 95 stats
Wins 1.00, Ties 0.00, Losses 0.00, Game Length 8.50 moves
Loss p1: 0.000002, Loss p2: 0.013174
Benchmark Stats Training Round 95
W: 0.74, T: 0.00 (versus random)
W: 1.00, T: 0.00 (versus left)
W: 0.57, T: 0.00 (versus lvl1)
W: 0.21, T: 0.01 (versus lvl2)
Training round 95 completed in 1 minutes and 23 seconds.
Expected completion: 20:25 2020-05-16.
Training round 96 stats
Wins 1.00, Ties 0.00, Losses 0.00, Game Length 8.50 moves
Loss p1: 0.000002, Loss p2: 0.013176
Benchmark Stats Training Round 96
W: 0.79, T: 0.00 (versus random)
W: 1.00, T: 0.00 (versus left)
W: 0.64, T: 0.00 (versus lvl1)
W: 0.26, T: 0.00 (versus lvl2)
Training round 96 completed in 1 minutes and 22 seconds.
Expected completion: 20:25 2020-05-16.
Training round 97 stats
Wins 1.00, Ties 0.00, Losses 0.00, Game Length 8.50 moves
Loss p1: 0.000002, Loss p2: 0.013178
Benchmark Stats Training Round 97
W: 0.70, T: 0.00 (versus random)
W: 1.00, T: 0.00 (versus left)
W: 0.60, T: 0.00 (versus lvl1)
W: 0.23, T: 0.00 (versus lvl2)
Training round 97 completed in 1 minutes and 24 seconds.
Expected completion: 20:25 2020-05-16.
Training round 98 stats
Wins 1.00, Ties 0.00, Losses 0.00, Game Length 8.50 moves
Loss p1: 0.000002, Loss p2: 0.013176
Benchmark Stats Training Round 98
W: 0.72, T: 0.00 (versus random)
W: 1.00, T: 0.00 (versus left)
W: 0.50, T: 0.00 (versus lvl1)
W: 0.20, T: 0.00 (versus lvl2)
Training round 98 completed in 1 minutes and 23 seconds.
Expected completion: 20:25 2020-05-16.
Training round 99 stats
Wins 1.00, Ties 0.00, Losses 0.00, Game Length 8.50 moves
Loss p1: 0.000002, Loss p2: 0.013174
Benchmark Stats Training Round 99
W: 0.79, T: 0.00 (versus random)
W: 1.00, T: 0.00 (versus left)
W: 0.54, T: 0.00 (versus lvl1)
W: 0.18, T: 0.00 (versus lvl2)
Training round 99 completed in 1 minutes and 22 seconds.
Expected completion: 20:25 2020-05-16.
Training round 100 stats
Wins 1.00, Ties 0.00, Losses 0.00, Game Length 8.50 moves
Loss p1: 0.000002, Loss p2: 0.013176
Benchmark Stats Training Round 100
W: 0.77, T: 0.00 (versus random)
W: 1.00, T: 0.00 (versus left)
W: 0.56, T: 0.00 (versus lvl1)
W: 0.19, T: 0.00 (versus lvl2)
Training round 100 completed in 1 minutes and 23 seconds.
Expected completion: 20:25 2020-05-16.
