Training Neural Net on Connect 4
  self_play_batch_size: 1000
  benchmark_batch_size: 100
  training_rounds: 100
  memory_size: 1000
  network: C
  exploration: no
  loss: MSE
  encoding: integer
  optimizer: Adam
  experience: no

Benchmark Stats Training Round 0
W: 0.64, T: 0.00 (versus random)
W: 0.00, T: 0.00 (versus left)
W: 0.34, T: 0.00 (versus lvl1)
W: 0.14, T: 0.00 (versus lvl2)
Training round 1 stats
Wins 0.99, Ties 0.00, Losses 0.01, Game Length 6.75 moves
Loss p1: 0.071518, Loss p2: 0.106643
Benchmark Stats Training Round 1
W: 0.83, T: 0.00 (versus random)
W: 0.50, T: 0.00 (versus left)
W: 0.70, T: 0.00 (versus lvl1)
W: 0.30, T: 0.01 (versus lvl2)
Training round 1 completed in 1 minutes and 16 seconds.
Expected completion: 22:33 2020-05-16.
Training round 2 stats
Wins 1.00, Ties 0.00, Losses 0.00, Game Length 6.50 moves
Loss p1: 0.000400, Loss p2: 0.001676
Benchmark Stats Training Round 2
W: 0.74, T: 0.00 (versus random)
W: 0.50, T: 0.00 (versus left)
W: 0.67, T: 0.00 (versus lvl1)
W: 0.27, T: 0.00 (versus lvl2)
Training round 2 completed in 1 minutes and 14 seconds.
Expected completion: 22:29 2020-05-16.
Training round 3 stats
Wins 1.00, Ties 0.00, Losses 0.00, Game Length 6.50 moves
Loss p1: 0.000051, Loss p2: 0.000387
Benchmark Stats Training Round 3
W: 0.81, T: 0.00 (versus random)
W: 0.50, T: 0.00 (versus left)
W: 0.62, T: 0.00 (versus lvl1)
W: 0.22, T: 0.01 (versus lvl2)
Training round 3 completed in 1 minutes and 14 seconds.
Expected completion: 22:29 2020-05-16.
Training round 4 stats
Wins 1.00, Ties 0.00, Losses 0.00, Game Length 6.50 moves
Loss p1: 0.000029, Loss p2: 0.000257
Benchmark Stats Training Round 4
W: 0.81, T: 0.00 (versus random)
W: 0.50, T: 0.00 (versus left)
W: 0.65, T: 0.00 (versus lvl1)
W: 0.23, T: 0.02 (versus lvl2)
Training round 4 completed in 1 minutes and 16 seconds.
Expected completion: 22:33 2020-05-16.
Training round 5 stats
Wins 1.00, Ties 0.00, Losses 0.00, Game Length 6.50 moves
Loss p1: 0.000018, Loss p2: 0.000178
Benchmark Stats Training Round 5
W: 0.80, T: 0.00 (versus random)
W: 0.50, T: 0.00 (versus left)
W: 0.63, T: 0.00 (versus lvl1)
W: 0.24, T: 0.02 (versus lvl2)
Training round 5 completed in 1 minutes and 16 seconds.
Expected completion: 22:33 2020-05-16.
Training round 6 stats
Wins 1.00, Ties 0.00, Losses 0.00, Game Length 6.50 moves
Loss p1: 0.000012, Loss p2: 0.000107
Benchmark Stats Training Round 6
W: 0.81, T: 0.00 (versus random)
W: 0.50, T: 0.00 (versus left)
W: 0.63, T: 0.00 (versus lvl1)
W: 0.33, T: 0.01 (versus lvl2)
Training round 6 completed in 1 minutes and 16 seconds.
Expected completion: 22:33 2020-05-16.
Training round 7 stats
Wins 1.00, Ties 0.00, Losses 0.00, Game Length 6.50 moves
Loss p1: 0.000006, Loss p2: 0.000044
Benchmark Stats Training Round 7
W: 0.79, T: 0.00 (versus random)
W: 0.50, T: 0.00 (versus left)
W: 0.63, T: 0.00 (versus lvl1)
W: 0.29, T: 0.00 (versus lvl2)
Training round 7 completed in 1 minutes and 15 seconds.
Expected completion: 22:31 2020-05-16.
Training round 8 stats
Wins 1.00, Ties 0.00, Losses 0.00, Game Length 6.50 moves
Loss p1: 0.000006, Loss p2: 0.000010
Benchmark Stats Training Round 8
W: 0.73, T: 0.00 (versus random)
W: 0.50, T: 0.00 (versus left)
W: 0.68, T: 0.00 (versus lvl1)
W: 0.25, T: 0.00 (versus lvl2)
Training round 8 completed in 1 minutes and 15 seconds.
Expected completion: 22:31 2020-05-16.
Training round 9 stats
Wins 1.00, Ties 0.00, Losses 0.00, Game Length 6.50 moves
Loss p1: 0.000003, Loss p2: 0.000001
Benchmark Stats Training Round 9
W: 0.84, T: 0.00 (versus random)
W: 0.50, T: 0.00 (versus left)
W: 0.66, T: 0.00 (versus lvl1)
W: 0.20, T: 0.02 (versus lvl2)
Training round 9 completed in 1 minutes and 17 seconds.
Expected completion: 22:34 2020-05-16.
Training round 10 stats
Wins 1.00, Ties 0.00, Losses 0.00, Game Length 6.50 moves
Loss p1: 0.000000, Loss p2: 0.000000
Benchmark Stats Training Round 10
W: 0.86, T: 0.00 (versus random)
W: 0.50, T: 0.00 (versus left)
W: 0.60, T: 0.00 (versus lvl1)
W: 0.24, T: 0.01 (versus lvl2)
Training round 10 completed in 1 minutes and 13 seconds.
Expected completion: 22:29 2020-05-16.
Training round 11 stats
Wins 1.00, Ties 0.00, Losses 0.00, Game Length 6.50 moves
Loss p1: 0.000000, Loss p2: 0.000000
Benchmark Stats Training Round 11
W: 0.80, T: 0.00 (versus random)
W: 0.50, T: 0.00 (versus left)
W: 0.57, T: 0.00 (versus lvl1)
W: 0.26, T: 0.02 (versus lvl2)
Training round 11 completed in 1 minutes and 15 seconds.
Expected completion: 22:31 2020-05-16.
Training round 12 stats
Wins 1.00, Ties 0.00, Losses 0.00, Game Length 6.50 moves
Loss p1: 0.000000, Loss p2: 0.000000
Benchmark Stats Training Round 12
W: 0.83, T: 0.00 (versus random)
W: 0.50, T: 0.00 (versus left)
W: 0.54, T: 0.00 (versus lvl1)
W: 0.28, T: 0.00 (versus lvl2)
Training round 12 completed in 1 minutes and 14 seconds.
Expected completion: 22:29 2020-05-16.
Training round 13 stats
Wins 1.00, Ties 0.00, Losses 0.00, Game Length 6.50 moves
Loss p1: 0.000000, Loss p2: 0.000000
Benchmark Stats Training Round 13
W: 0.78, T: 0.00 (versus random)
W: 0.50, T: 0.00 (versus left)
W: 0.68, T: 0.00 (versus lvl1)
W: 0.23, T: 0.01 (versus lvl2)
Training round 13 completed in 1 minutes and 14 seconds.
Expected completion: 22:30 2020-05-16.
Training round 14 stats
Wins 1.00, Ties 0.00, Losses 0.00, Game Length 6.50 moves
Loss p1: 0.000000, Loss p2: 0.000000
Benchmark Stats Training Round 14
W: 0.81, T: 0.00 (versus random)
W: 0.50, T: 0.00 (versus left)
W: 0.65, T: 0.00 (versus lvl1)
W: 0.37, T: 0.00 (versus lvl2)
Training round 14 completed in 1 minutes and 15 seconds.
Expected completion: 22:32 2020-05-16.
Training round 15 stats
Wins 1.00, Ties 0.00, Losses 0.00, Game Length 6.50 moves
Loss p1: 0.000000, Loss p2: 0.000000
Benchmark Stats Training Round 15
W: 0.76, T: 0.00 (versus random)
W: 0.50, T: 0.00 (versus left)
W: 0.64, T: 0.00 (versus lvl1)
W: 0.25, T: 0.03 (versus lvl2)
Training round 15 completed in 1 minutes and 16 seconds.
Expected completion: 22:33 2020-05-16.
Training round 16 stats
Wins 1.00, Ties 0.00, Losses 0.00, Game Length 6.50 moves
Loss p1: 0.000000, Loss p2: 0.000000
Benchmark Stats Training Round 16
W: 0.78, T: 0.00 (versus random)
W: 0.50, T: 0.00 (versus left)
W: 0.64, T: 0.00 (versus lvl1)
W: 0.27, T: 0.01 (versus lvl2)
Training round 16 completed in 1 minutes and 15 seconds.
Expected completion: 22:31 2020-05-16.
Training round 17 stats
Wins 1.00, Ties 0.00, Losses 0.00, Game Length 6.50 moves
Loss p1: 0.000000, Loss p2: 0.000000
Benchmark Stats Training Round 17
W: 0.79, T: 0.00 (versus random)
W: 0.50, T: 0.00 (versus left)
W: 0.68, T: 0.00 (versus lvl1)
W: 0.34, T: 0.02 (versus lvl2)
Training round 17 completed in 1 minutes and 16 seconds.
Expected completion: 22:32 2020-05-16.
Training round 18 stats
Wins 1.00, Ties 0.00, Losses 0.00, Game Length 6.50 moves
Loss p1: 0.000000, Loss p2: 0.000000
Benchmark Stats Training Round 18
W: 0.75, T: 0.00 (versus random)
W: 0.50, T: 0.00 (versus left)
W: 0.69, T: 0.00 (versus lvl1)
W: 0.27, T: 0.01 (versus lvl2)
Training round 18 completed in 1 minutes and 16 seconds.
Expected completion: 22:32 2020-05-16.
Training round 19 stats
Wins 1.00, Ties 0.00, Losses 0.00, Game Length 6.50 moves
Loss p1: 0.000000, Loss p2: 0.000000
Benchmark Stats Training Round 19
W: 0.75, T: 0.00 (versus random)
W: 0.50, T: 0.00 (versus left)
W: 0.60, T: 0.00 (versus lvl1)
W: 0.26, T: 0.00 (versus lvl2)
Training round 19 completed in 1 minutes and 14 seconds.
Expected completion: 22:30 2020-05-16.
Training round 20 stats
Wins 1.00, Ties 0.00, Losses 0.00, Game Length 6.50 moves
Loss p1: 0.000000, Loss p2: 0.000000
Benchmark Stats Training Round 20
W: 0.76, T: 0.00 (versus random)
W: 0.50, T: 0.00 (versus left)
W: 0.57, T: 0.00 (versus lvl1)
W: 0.21, T: 0.01 (versus lvl2)
Training round 20 completed in 1 minutes and 16 seconds.
Expected completion: 22:32 2020-05-16.
Training round 21 stats
Wins 1.00, Ties 0.00, Losses 0.00, Game Length 6.50 moves
Loss p1: 0.000000, Loss p2: 0.000000
Benchmark Stats Training Round 21
W: 0.75, T: 0.00 (versus random)
W: 0.50, T: 0.00 (versus left)
W: 0.65, T: 0.00 (versus lvl1)
W: 0.25, T: 0.01 (versus lvl2)
Training round 21 completed in 1 minutes and 13 seconds.
Expected completion: 22:28 2020-05-16.
Training round 22 stats
Wins 1.00, Ties 0.00, Losses 0.00, Game Length 6.50 moves
Loss p1: 0.000000, Loss p2: 0.000000
Benchmark Stats Training Round 22
W: 0.78, T: 0.00 (versus random)
W: 0.50, T: 0.00 (versus left)
W: 0.56, T: 0.00 (versus lvl1)
W: 0.19, T: 0.02 (versus lvl2)
Training round 22 completed in 1 minutes and 15 seconds.
Expected completion: 22:31 2020-05-16.
Training round 23 stats
Wins 1.00, Ties 0.00, Losses 0.00, Game Length 6.50 moves
Loss p1: 0.000000, Loss p2: 0.000000
Benchmark Stats Training Round 23
W: 0.76, T: 0.00 (versus random)
W: 0.50, T: 0.00 (versus left)
W: 0.61, T: 0.00 (versus lvl1)
W: 0.32, T: 0.01 (versus lvl2)
Training round 23 completed in 1 minutes and 15 seconds.
Expected completion: 22:31 2020-05-16.
Training round 24 stats
Wins 1.00, Ties 0.00, Losses 0.00, Game Length 6.50 moves
Loss p1: 0.000000, Loss p2: 0.000000
Benchmark Stats Training Round 24
W: 0.71, T: 0.00 (versus random)
W: 0.50, T: 0.00 (versus left)
W: 0.62, T: 0.00 (versus lvl1)
W: 0.31, T: 0.00 (versus lvl2)
Training round 24 completed in 1 minutes and 16 seconds.
Expected completion: 22:33 2020-05-16.
Training round 25 stats
Wins 1.00, Ties 0.00, Losses 0.00, Game Length 6.50 moves
Loss p1: 0.000000, Loss p2: 0.000000
Benchmark Stats Training Round 25
W: 0.78, T: 0.00 (versus random)
W: 0.50, T: 0.00 (versus left)
W: 0.62, T: 0.00 (versus lvl1)
W: 0.29, T: 0.01 (versus lvl2)
Training round 25 completed in 1 minutes and 16 seconds.
Expected completion: 22:33 2020-05-16.
Training round 26 stats
Wins 1.00, Ties 0.00, Losses 0.00, Game Length 6.50 moves
Loss p1: 0.000000, Loss p2: 0.000000
Benchmark Stats Training Round 26
W: 0.81, T: 0.00 (versus random)
W: 0.50, T: 0.00 (versus left)
W: 0.61, T: 0.00 (versus lvl1)
W: 0.23, T: 0.01 (versus lvl2)
Training round 26 completed in 1 minutes and 14 seconds.
Expected completion: 22:30 2020-05-16.
Training round 27 stats
Wins 1.00, Ties 0.00, Losses 0.00, Game Length 6.50 moves
Loss p1: 0.000000, Loss p2: 0.000000
Benchmark Stats Training Round 27
W: 0.77, T: 0.00 (versus random)
W: 0.50, T: 0.00 (versus left)
W: 0.57, T: 0.00 (versus lvl1)
W: 0.31, T: 0.02 (versus lvl2)
Training round 27 completed in 1 minutes and 16 seconds.
Expected completion: 22:32 2020-05-16.
Training round 28 stats
Wins 1.00, Ties 0.00, Losses 0.00, Game Length 6.50 moves
Loss p1: 0.000000, Loss p2: 0.000000
Benchmark Stats Training Round 28
W: 0.81, T: 0.00 (versus random)
W: 0.50, T: 0.00 (versus left)
W: 0.57, T: 0.00 (versus lvl1)
W: 0.27, T: 0.00 (versus lvl2)
Training round 28 completed in 1 minutes and 15 seconds.
Expected completion: 22:32 2020-05-16.
Training round 29 stats
Wins 1.00, Ties 0.00, Losses 0.00, Game Length 6.50 moves
Loss p1: 0.000000, Loss p2: 0.000000
Benchmark Stats Training Round 29
W: 0.77, T: 0.00 (versus random)
W: 0.50, T: 0.00 (versus left)
W: 0.58, T: 0.00 (versus lvl1)
W: 0.23, T: 0.02 (versus lvl2)
Training round 29 completed in 1 minutes and 14 seconds.
Expected completion: 22:29 2020-05-16.
Training round 30 stats
Wins 1.00, Ties 0.00, Losses 0.00, Game Length 6.50 moves
Loss p1: 0.000000, Loss p2: 0.000000
Benchmark Stats Training Round 30
W: 0.82, T: 0.00 (versus random)
W: 0.50, T: 0.00 (versus left)
W: 0.61, T: 0.00 (versus lvl1)
W: 0.26, T: 0.00 (versus lvl2)
Training round 30 completed in 1 minutes and 14 seconds.
Expected completion: 22:31 2020-05-16.
Training round 31 stats
Wins 1.00, Ties 0.00, Losses 0.00, Game Length 6.50 moves
Loss p1: 0.000000, Loss p2: 0.000000
Benchmark Stats Training Round 31
W: 0.80, T: 0.00 (versus random)
W: 0.50, T: 0.00 (versus left)
W: 0.63, T: 0.00 (versus lvl1)
W: 0.23, T: 0.03 (versus lvl2)
Training round 31 completed in 1 minutes and 14 seconds.
Expected completion: 22:30 2020-05-16.
Training round 32 stats
Wins 1.00, Ties 0.00, Losses 0.00, Game Length 6.50 moves
Loss p1: 0.000000, Loss p2: 0.000000
Benchmark Stats Training Round 32
W: 0.79, T: 0.00 (versus random)
W: 0.50, T: 0.00 (versus left)
W: 0.58, T: 0.00 (versus lvl1)
W: 0.25, T: 0.00 (versus lvl2)
Training round 32 completed in 1 minutes and 15 seconds.
Expected completion: 22:31 2020-05-16.
Training round 33 stats
Wins 1.00, Ties 0.00, Losses 0.00, Game Length 6.50 moves
Loss p1: 0.000000, Loss p2: 0.000000
Benchmark Stats Training Round 33
W: 0.75, T: 0.00 (versus random)
W: 0.50, T: 0.00 (versus left)
W: 0.64, T: 0.00 (versus lvl1)
W: 0.25, T: 0.02 (versus lvl2)
Training round 33 completed in 1 minutes and 15 seconds.
Expected completion: 22:31 2020-05-16.
Training round 34 stats
Wins 1.00, Ties 0.00, Losses 0.00, Game Length 6.50 moves
Loss p1: 0.000000, Loss p2: 0.000000
Benchmark Stats Training Round 34
W: 0.78, T: 0.00 (versus random)
W: 0.50, T: 0.00 (versus left)
W: 0.63, T: 0.00 (versus lvl1)
W: 0.23, T: 0.00 (versus lvl2)
Training round 34 completed in 1 minutes and 14 seconds.
Expected completion: 22:30 2020-05-16.
Training round 35 stats
Wins 1.00, Ties 0.00, Losses 0.00, Game Length 6.50 moves
Loss p1: 0.000000, Loss p2: 0.000000
Benchmark Stats Training Round 35
W: 0.83, T: 0.00 (versus random)
W: 0.50, T: 0.00 (versus left)
W: 0.57, T: 0.00 (versus lvl1)
W: 0.24, T: 0.01 (versus lvl2)
Training round 35 completed in 1 minutes and 16 seconds.
Expected completion: 22:32 2020-05-16.
Training round 36 stats
Wins 1.00, Ties 0.00, Losses 0.00, Game Length 6.50 moves
Loss p1: 0.000000, Loss p2: 0.000000
Benchmark Stats Training Round 36
W: 0.80, T: 0.00 (versus random)
W: 0.50, T: 0.00 (versus left)
W: 0.67, T: 0.00 (versus lvl1)
W: 0.25, T: 0.02 (versus lvl2)
Training round 36 completed in 1 minutes and 15 seconds.
Expected completion: 22:31 2020-05-16.
Training round 37 stats
Wins 1.00, Ties 0.00, Losses 0.00, Game Length 6.50 moves
Loss p1: 0.000000, Loss p2: 0.000000
Benchmark Stats Training Round 37
W: 0.80, T: 0.00 (versus random)
W: 0.50, T: 0.00 (versus left)
W: 0.60, T: 0.00 (versus lvl1)
W: 0.23, T: 0.00 (versus lvl2)
Training round 37 completed in 1 minutes and 14 seconds.
Expected completion: 22:30 2020-05-16.
Training round 38 stats
Wins 1.00, Ties 0.00, Losses 0.00, Game Length 6.50 moves
Loss p1: 0.000000, Loss p2: 0.000000
Benchmark Stats Training Round 38
W: 0.74, T: 0.00 (versus random)
W: 0.50, T: 0.00 (versus left)
W: 0.58, T: 0.00 (versus lvl1)
W: 0.21, T: 0.03 (versus lvl2)
Training round 38 completed in 1 minutes and 14 seconds.
Expected completion: 22:30 2020-05-16.
Training round 39 stats
Wins 1.00, Ties 0.00, Losses 0.00, Game Length 6.50 moves
Loss p1: 0.000000, Loss p2: 0.000000
Benchmark Stats Training Round 39
W: 0.78, T: 0.00 (versus random)
W: 0.50, T: 0.00 (versus left)
W: 0.67, T: 0.00 (versus lvl1)
W: 0.23, T: 0.02 (versus lvl2)
Training round 39 completed in 1 minutes and 17 seconds.
Expected completion: 22:34 2020-05-16.
Training round 40 stats
Wins 1.00, Ties 0.00, Losses 0.00, Game Length 6.50 moves
Loss p1: 0.000000, Loss p2: 0.000000
Benchmark Stats Training Round 40
W: 0.79, T: 0.00 (versus random)
W: 0.50, T: 0.00 (versus left)
W: 0.68, T: 0.00 (versus lvl1)
W: 0.19, T: 0.01 (versus lvl2)
Training round 40 completed in 1 minutes and 15 seconds.
Expected completion: 22:31 2020-05-16.
Training round 41 stats
Wins 1.00, Ties 0.00, Losses 0.00, Game Length 6.50 moves
Loss p1: 0.000000, Loss p2: 0.000000
Benchmark Stats Training Round 41
W: 0.76, T: 0.00 (versus random)
W: 0.50, T: 0.00 (versus left)
W: 0.62, T: 0.00 (versus lvl1)
W: 0.23, T: 0.00 (versus lvl2)
Training round 41 completed in 1 minutes and 16 seconds.
Expected completion: 22:32 2020-05-16.
Training round 42 stats
Wins 1.00, Ties 0.00, Losses 0.00, Game Length 6.50 moves
Loss p1: 0.000000, Loss p2: 0.000000
Benchmark Stats Training Round 42
W: 0.83, T: 0.00 (versus random)
W: 0.50, T: 0.00 (versus left)
W: 0.58, T: 0.00 (versus lvl1)
W: 0.25, T: 0.01 (versus lvl2)
Training round 42 completed in 1 minutes and 15 seconds.
Expected completion: 22:31 2020-05-16.
Training round 43 stats
Wins 1.00, Ties 0.00, Losses 0.00, Game Length 6.50 moves
Loss p1: 0.000000, Loss p2: 0.000000
Benchmark Stats Training Round 43
W: 0.82, T: 0.00 (versus random)
W: 0.50, T: 0.00 (versus left)
W: 0.61, T: 0.00 (versus lvl1)
W: 0.29, T: 0.00 (versus lvl2)
Training round 43 completed in 1 minutes and 14 seconds.
Expected completion: 22:31 2020-05-16.
Training round 44 stats
Wins 1.00, Ties 0.00, Losses 0.00, Game Length 6.50 moves
Loss p1: 0.000000, Loss p2: 0.000000
Benchmark Stats Training Round 44
W: 0.76, T: 0.00 (versus random)
W: 0.50, T: 0.00 (versus left)
W: 0.57, T: 0.00 (versus lvl1)
W: 0.30, T: 0.00 (versus lvl2)
Training round 44 completed in 1 minutes and 16 seconds.
Expected completion: 22:32 2020-05-16.
Training round 45 stats
Wins 1.00, Ties 0.00, Losses 0.00, Game Length 6.50 moves
Loss p1: 0.000000, Loss p2: 0.000000
Benchmark Stats Training Round 45
W: 0.82, T: 0.00 (versus random)
W: 0.50, T: 0.00 (versus left)
W: 0.65, T: 0.00 (versus lvl1)
W: 0.22, T: 0.01 (versus lvl2)
Training round 45 completed in 1 minutes and 15 seconds.
Expected completion: 22:32 2020-05-16.
Training round 46 stats
Wins 1.00, Ties 0.00, Losses 0.00, Game Length 6.50 moves
Loss p1: 0.000000, Loss p2: 0.000000
Benchmark Stats Training Round 46
W: 0.82, T: 0.00 (versus random)
W: 0.50, T: 0.00 (versus left)
W: 0.55, T: 0.00 (versus lvl1)
W: 0.23, T: 0.01 (versus lvl2)
Training round 46 completed in 1 minutes and 16 seconds.
Expected completion: 22:32 2020-05-16.
Training round 47 stats
Wins 1.00, Ties 0.00, Losses 0.00, Game Length 6.50 moves
Loss p1: 0.000000, Loss p2: 0.000000
Benchmark Stats Training Round 47
W: 0.75, T: 0.00 (versus random)
W: 0.50, T: 0.00 (versus left)
W: 0.70, T: 0.00 (versus lvl1)
W: 0.25, T: 0.02 (versus lvl2)
Training round 47 completed in 1 minutes and 15 seconds.
Expected completion: 22:32 2020-05-16.
Training round 48 stats
Wins 1.00, Ties 0.00, Losses 0.00, Game Length 6.50 moves
Loss p1: 0.000000, Loss p2: 0.000000
Benchmark Stats Training Round 48
W: 0.74, T: 0.00 (versus random)
W: 0.50, T: 0.00 (versus left)
W: 0.60, T: 0.00 (versus lvl1)
W: 0.30, T: 0.01 (versus lvl2)
Training round 48 completed in 1 minutes and 17 seconds.
Expected completion: 22:33 2020-05-16.
Training round 49 stats
Wins 1.00, Ties 0.00, Losses 0.00, Game Length 6.50 moves
Loss p1: 0.000000, Loss p2: 0.000000
Benchmark Stats Training Round 49
W: 0.73, T: 0.00 (versus random)
W: 0.50, T: 0.00 (versus left)
W: 0.63, T: 0.00 (versus lvl1)
W: 0.24, T: 0.01 (versus lvl2)
Training round 49 completed in 1 minutes and 15 seconds.
Expected completion: 22:31 2020-05-16.
Training round 50 stats
Wins 1.00, Ties 0.00, Losses 0.00, Game Length 6.50 moves
Loss p1: 0.000000, Loss p2: 0.000000
Benchmark Stats Training Round 50
W: 0.80, T: 0.00 (versus random)
W: 0.50, T: 0.00 (versus left)
W: 0.64, T: 0.00 (versus lvl1)
W: 0.25, T: 0.01 (versus lvl2)
Training round 50 completed in 1 minutes and 16 seconds.
Expected completion: 22:32 2020-05-16.
Training round 51 stats
Wins 1.00, Ties 0.00, Losses 0.00, Game Length 6.50 moves
Loss p1: 0.000000, Loss p2: 0.000000
Benchmark Stats Training Round 51
W: 0.82, T: 0.00 (versus random)
W: 0.50, T: 0.00 (versus left)
W: 0.62, T: 0.00 (versus lvl1)
W: 0.25, T: 0.01 (versus lvl2)
Training round 51 completed in 1 minutes and 16 seconds.
Expected completion: 22:32 2020-05-16.
Training round 52 stats
Wins 1.00, Ties 0.00, Losses 0.00, Game Length 6.50 moves
Loss p1: 0.000000, Loss p2: 0.000000
Benchmark Stats Training Round 52
W: 0.80, T: 0.00 (versus random)
W: 0.50, T: 0.00 (versus left)
W: 0.69, T: 0.00 (versus lvl1)
W: 0.28, T: 0.01 (versus lvl2)
Training round 52 completed in 1 minutes and 14 seconds.
Expected completion: 22:30 2020-05-16.
Training round 53 stats
Wins 1.00, Ties 0.00, Losses 0.00, Game Length 6.50 moves
Loss p1: 0.000000, Loss p2: 0.000000
Benchmark Stats Training Round 53
W: 0.79, T: 0.00 (versus random)
W: 0.50, T: 0.00 (versus left)
W: 0.68, T: 0.00 (versus lvl1)
W: 0.25, T: 0.03 (versus lvl2)
Training round 53 completed in 1 minutes and 14 seconds.
Expected completion: 22:31 2020-05-16.
Training round 54 stats
Wins 1.00, Ties 0.00, Losses 0.00, Game Length 6.50 moves
Loss p1: 0.000000, Loss p2: 0.000000
Benchmark Stats Training Round 54
W: 0.77, T: 0.00 (versus random)
W: 0.50, T: 0.00 (versus left)
W: 0.58, T: 0.00 (versus lvl1)
W: 0.28, T: 0.00 (versus lvl2)
Training round 54 completed in 1 minutes and 15 seconds.
Expected completion: 22:31 2020-05-16.
Training round 55 stats
Wins 1.00, Ties 0.00, Losses 0.00, Game Length 6.50 moves
Loss p1: 0.000000, Loss p2: 0.000000
Benchmark Stats Training Round 55
W: 0.85, T: 0.00 (versus random)
W: 0.50, T: 0.00 (versus left)
W: 0.55, T: 0.00 (versus lvl1)
W: 0.26, T: 0.01 (versus lvl2)
Training round 55 completed in 1 minutes and 14 seconds.
Expected completion: 22:30 2020-05-16.
Training round 56 stats
Wins 1.00, Ties 0.00, Losses 0.00, Game Length 6.50 moves
Loss p1: 0.000000, Loss p2: 0.000000
Benchmark Stats Training Round 56
W: 0.73, T: 0.00 (versus random)
W: 0.50, T: 0.00 (versus left)
W: 0.69, T: 0.00 (versus lvl1)
W: 0.31, T: 0.00 (versus lvl2)
Training round 56 completed in 1 minutes and 15 seconds.
Expected completion: 22:31 2020-05-16.
Training round 57 stats
Wins 1.00, Ties 0.00, Losses 0.00, Game Length 6.50 moves
Loss p1: 0.000000, Loss p2: 0.000000
Benchmark Stats Training Round 57
W: 0.83, T: 0.00 (versus random)
W: 0.50, T: 0.00 (versus left)
W: 0.64, T: 0.00 (versus lvl1)
W: 0.24, T: 0.03 (versus lvl2)
Training round 57 completed in 1 minutes and 14 seconds.
Expected completion: 22:31 2020-05-16.
Training round 58 stats
Wins 1.00, Ties 0.00, Losses 0.00, Game Length 6.50 moves
Loss p1: 0.000000, Loss p2: 0.000000
Benchmark Stats Training Round 58
W: 0.71, T: 0.00 (versus random)
W: 0.50, T: 0.00 (versus left)
W: 0.67, T: 0.00 (versus lvl1)
W: 0.34, T: 0.01 (versus lvl2)
Training round 58 completed in 1 minutes and 14 seconds.
Expected completion: 22:30 2020-05-16.
Training round 59 stats
Wins 1.00, Ties 0.00, Losses 0.00, Game Length 6.50 moves
Loss p1: 0.000000, Loss p2: 0.000000
Benchmark Stats Training Round 59
W: 0.79, T: 0.00 (versus random)
W: 0.50, T: 0.00 (versus left)
W: 0.61, T: 0.00 (versus lvl1)
W: 0.28, T: 0.01 (versus lvl2)
Training round 59 completed in 1 minutes and 15 seconds.
Expected completion: 22:31 2020-05-16.
Training round 60 stats
Wins 1.00, Ties 0.00, Losses 0.00, Game Length 6.50 moves
Loss p1: 0.000000, Loss p2: 0.000000
Benchmark Stats Training Round 60
W: 0.74, T: 0.00 (versus random)
W: 0.50, T: 0.00 (versus left)
W: 0.65, T: 0.00 (versus lvl1)
W: 0.24, T: 0.02 (versus lvl2)
Training round 60 completed in 1 minutes and 12 seconds.
Expected completion: 22:29 2020-05-16.
Training round 61 stats
Wins 1.00, Ties 0.00, Losses 0.00, Game Length 6.50 moves
Loss p1: 0.000000, Loss p2: 0.000000
Benchmark Stats Training Round 61
W: 0.81, T: 0.00 (versus random)
W: 0.50, T: 0.00 (versus left)
W: 0.53, T: 0.00 (versus lvl1)
W: 0.21, T: 0.01 (versus lvl2)
Training round 61 completed in 1 minutes and 14 seconds.
Expected completion: 22:31 2020-05-16.
Training round 62 stats
Wins 1.00, Ties 0.00, Losses 0.00, Game Length 6.50 moves
Loss p1: 0.000000, Loss p2: 0.000000
Benchmark Stats Training Round 62
W: 0.80, T: 0.00 (versus random)
W: 0.50, T: 0.00 (versus left)
W: 0.64, T: 0.00 (versus lvl1)
W: 0.31, T: 0.01 (versus lvl2)
Training round 62 completed in 1 minutes and 14 seconds.
Expected completion: 22:31 2020-05-16.
Training round 63 stats
Wins 1.00, Ties 0.00, Losses 0.00, Game Length 6.50 moves
Loss p1: 0.000000, Loss p2: 0.000000
Benchmark Stats Training Round 63
W: 0.78, T: 0.00 (versus random)
W: 0.50, T: 0.00 (versus left)
W: 0.63, T: 0.00 (versus lvl1)
W: 0.26, T: 0.00 (versus lvl2)
Training round 63 completed in 1 minutes and 13 seconds.
Expected completion: 22:30 2020-05-16.
Training round 64 stats
Wins 1.00, Ties 0.00, Losses 0.00, Game Length 6.50 moves
Loss p1: 0.000000, Loss p2: 0.000000
Benchmark Stats Training Round 64
W: 0.82, T: 0.00 (versus random)
W: 0.50, T: 0.00 (versus left)
W: 0.62, T: 0.00 (versus lvl1)
W: 0.28, T: 0.01 (versus lvl2)
Training round 64 completed in 1 minutes and 14 seconds.
Expected completion: 22:30 2020-05-16.
Training round 65 stats
Wins 1.00, Ties 0.00, Losses 0.00, Game Length 6.50 moves
Loss p1: 0.000000, Loss p2: 0.000000
Benchmark Stats Training Round 65
W: 0.81, T: 0.00 (versus random)
W: 0.50, T: 0.00 (versus left)
W: 0.58, T: 0.00 (versus lvl1)
W: 0.29, T: 0.00 (versus lvl2)
Training round 65 completed in 1 minutes and 14 seconds.
Expected completion: 22:30 2020-05-16.
Training round 66 stats
Wins 1.00, Ties 0.00, Losses 0.00, Game Length 6.50 moves
Loss p1: 0.000000, Loss p2: 0.000001
Benchmark Stats Training Round 66
W: 0.82, T: 0.00 (versus random)
W: 0.50, T: 0.00 (versus left)
W: 0.65, T: 0.00 (versus lvl1)
W: 0.29, T: 0.00 (versus lvl2)
Training round 66 completed in 1 minutes and 14 seconds.
Expected completion: 22:30 2020-05-16.
Training round 67 stats
Wins 1.00, Ties 0.00, Losses 0.00, Game Length 6.50 moves
Loss p1: 0.000001, Loss p2: 0.000011
Benchmark Stats Training Round 67
W: 0.80, T: 0.00 (versus random)
W: 0.50, T: 0.00 (versus left)
W: 0.55, T: 0.00 (versus lvl1)
W: 0.27, T: 0.03 (versus lvl2)
Training round 67 completed in 1 minutes and 13 seconds.
Expected completion: 22:30 2020-05-16.
Training round 68 stats
Wins 1.00, Ties 0.00, Losses 0.00, Game Length 6.50 moves
Loss p1: 0.000000, Loss p2: 0.000000
Benchmark Stats Training Round 68
W: 0.82, T: 0.00 (versus random)
W: 0.50, T: 0.00 (versus left)
W: 0.57, T: 0.00 (versus lvl1)
W: 0.28, T: 0.00 (versus lvl2)
Training round 68 completed in 1 minutes and 15 seconds.
Expected completion: 22:31 2020-05-16.
Training round 69 stats
Wins 1.00, Ties 0.00, Losses 0.00, Game Length 6.50 moves
Loss p1: 0.000000, Loss p2: 0.000000
Benchmark Stats Training Round 69
W: 0.75, T: 0.00 (versus random)
W: 0.50, T: 0.00 (versus left)
W: 0.55, T: 0.00 (versus lvl1)
W: 0.22, T: 0.03 (versus lvl2)
Training round 69 completed in 1 minutes and 15 seconds.
Expected completion: 22:31 2020-05-16.
Training round 70 stats
Wins 1.00, Ties 0.00, Losses 0.00, Game Length 6.50 moves
Loss p1: 0.000000, Loss p2: 0.000000
Benchmark Stats Training Round 70
W: 0.85, T: 0.00 (versus random)
W: 0.50, T: 0.00 (versus left)
W: 0.57, T: 0.00 (versus lvl1)
W: 0.25, T: 0.02 (versus lvl2)
Training round 70 completed in 1 minutes and 13 seconds.
Expected completion: 22:30 2020-05-16.
Training round 71 stats
Wins 1.00, Ties 0.00, Losses 0.00, Game Length 6.50 moves
Loss p1: 0.000000, Loss p2: 0.000000
Benchmark Stats Training Round 71
W: 0.80, T: 0.00 (versus random)
W: 0.50, T: 0.00 (versus left)
W: 0.62, T: 0.00 (versus lvl1)
W: 0.33, T: 0.00 (versus lvl2)
Training round 71 completed in 1 minutes and 15 seconds.
Expected completion: 22:31 2020-05-16.
Training round 72 stats
Wins 1.00, Ties 0.00, Losses 0.00, Game Length 6.50 moves
Loss p1: 0.000000, Loss p2: 0.000000
Benchmark Stats Training Round 72
W: 0.75, T: 0.00 (versus random)
W: 0.50, T: 0.00 (versus left)
W: 0.62, T: 0.00 (versus lvl1)
W: 0.28, T: 0.00 (versus lvl2)
Training round 72 completed in 1 minutes and 13 seconds.
Expected completion: 22:30 2020-05-16.
Training round 73 stats
Wins 1.00, Ties 0.00, Losses 0.00, Game Length 6.50 moves
Loss p1: 0.000000, Loss p2: 0.000000
Benchmark Stats Training Round 73
W: 0.78, T: 0.00 (versus random)
W: 0.50, T: 0.00 (versus left)
W: 0.65, T: 0.00 (versus lvl1)
W: 0.22, T: 0.00 (versus lvl2)
Training round 73 completed in 1 minutes and 14 seconds.
Expected completion: 22:30 2020-05-16.
Training round 74 stats
Wins 1.00, Ties 0.00, Losses 0.00, Game Length 6.50 moves
Loss p1: 0.000000, Loss p2: 0.000000
Benchmark Stats Training Round 74
W: 0.84, T: 0.00 (versus random)
W: 0.50, T: 0.00 (versus left)
W: 0.60, T: 0.00 (versus lvl1)
W: 0.27, T: 0.00 (versus lvl2)
Training round 74 completed in 1 minutes and 15 seconds.
Expected completion: 22:31 2020-05-16.
Training round 75 stats
Wins 1.00, Ties 0.00, Losses 0.00, Game Length 6.50 moves
Loss p1: 0.000000, Loss p2: 0.000000
Benchmark Stats Training Round 75
W: 0.86, T: 0.00 (versus random)
W: 0.50, T: 0.00 (versus left)
W: 0.55, T: 0.00 (versus lvl1)
W: 0.25, T: 0.02 (versus lvl2)
Training round 75 completed in 1 minutes and 13 seconds.
Expected completion: 22:30 2020-05-16.
Training round 76 stats
Wins 1.00, Ties 0.00, Losses 0.00, Game Length 6.50 moves
Loss p1: 0.000000, Loss p2: 0.000000
Benchmark Stats Training Round 76
W: 0.83, T: 0.00 (versus random)
W: 0.50, T: 0.00 (versus left)
W: 0.64, T: 0.00 (versus lvl1)
W: 0.33, T: 0.00 (versus lvl2)
Training round 76 completed in 1 minutes and 13 seconds.
Expected completion: 22:30 2020-05-16.
Training round 77 stats
Wins 1.00, Ties 0.00, Losses 0.00, Game Length 6.50 moves
Loss p1: 0.000000, Loss p2: 0.000000
Benchmark Stats Training Round 77
W: 0.84, T: 0.00 (versus random)
W: 0.50, T: 0.00 (versus left)
W: 0.67, T: 0.00 (versus lvl1)
W: 0.25, T: 0.00 (versus lvl2)
Training round 77 completed in 1 minutes and 15 seconds.
Expected completion: 22:31 2020-05-16.
Training round 78 stats
Wins 1.00, Ties 0.00, Losses 0.00, Game Length 6.50 moves
Loss p1: 0.000000, Loss p2: 0.000000
Benchmark Stats Training Round 78
W: 0.84, T: 0.00 (versus random)
W: 0.50, T: 0.00 (versus left)
W: 0.64, T: 0.00 (versus lvl1)
W: 0.26, T: 0.00 (versus lvl2)
Training round 78 completed in 1 minutes and 12 seconds.
Expected completion: 22:30 2020-05-16.
Training round 79 stats
Wins 1.00, Ties 0.00, Losses 0.00, Game Length 6.50 moves
Loss p1: 0.000000, Loss p2: 0.000000
Benchmark Stats Training Round 79
W: 0.76, T: 0.00 (versus random)
W: 0.50, T: 0.00 (versus left)
W: 0.59, T: 0.00 (versus lvl1)
W: 0.24, T: 0.01 (versus lvl2)
Training round 79 completed in 1 minutes and 13 seconds.
Expected completion: 22:30 2020-05-16.
Training round 80 stats
Wins 1.00, Ties 0.00, Losses 0.00, Game Length 6.50 moves
Loss p1: 0.000056, Loss p2: 0.000000
Benchmark Stats Training Round 80
W: 0.78, T: 0.00 (versus random)
W: 0.50, T: 0.00 (versus left)
W: 0.57, T: 0.00 (versus lvl1)
W: 0.32, T: 0.01 (versus lvl2)
Training round 80 completed in 1 minutes and 14 seconds.
Expected completion: 22:30 2020-05-16.
Training round 81 stats
Wins 1.00, Ties 0.00, Losses 0.00, Game Length 6.50 moves
Loss p1: 0.000003, Loss p2: 0.000000
Benchmark Stats Training Round 81
W: 0.82, T: 0.00 (versus random)
W: 0.50, T: 0.00 (versus left)
W: 0.63, T: 0.00 (versus lvl1)
W: 0.26, T: 0.02 (versus lvl2)
Training round 81 completed in 1 minutes and 14 seconds.
Expected completion: 22:30 2020-05-16.
Training round 82 stats
Wins 1.00, Ties 0.00, Losses 0.00, Game Length 6.50 moves
Loss p1: 0.000005, Loss p2: 0.000000
Benchmark Stats Training Round 82
W: 0.73, T: 0.00 (versus random)
W: 0.50, T: 0.00 (versus left)
W: 0.58, T: 0.00 (versus lvl1)
W: 0.25, T: 0.02 (versus lvl2)
Training round 82 completed in 1 minutes and 15 seconds.
Expected completion: 22:31 2020-05-16.
Training round 83 stats
Wins 1.00, Ties 0.00, Losses 0.00, Game Length 6.50 moves
Loss p1: 0.000102, Loss p2: 0.000002
Benchmark Stats Training Round 83
W: 0.73, T: 0.00 (versus random)
W: 0.50, T: 0.00 (versus left)
W: 0.61, T: 0.00 (versus lvl1)
W: 0.24, T: 0.03 (versus lvl2)
Training round 83 completed in 1 minutes and 15 seconds.
Expected completion: 22:31 2020-05-16.
Training round 84 stats
Wins 1.00, Ties 0.00, Losses 0.00, Game Length 6.50 moves
Loss p1: 0.000002, Loss p2: 0.000000
Benchmark Stats Training Round 84
W: 0.73, T: 0.00 (versus random)
W: 0.50, T: 0.00 (versus left)
W: 0.64, T: 0.00 (versus lvl1)
W: 0.19, T: 0.01 (versus lvl2)
Training round 84 completed in 1 minutes and 14 seconds.
Expected completion: 22:30 2020-05-16.
Training round 85 stats
Wins 1.00, Ties 0.00, Losses 0.00, Game Length 6.50 moves
Loss p1: 0.000000, Loss p2: 0.000000
Benchmark Stats Training Round 85
W: 0.77, T: 0.00 (versus random)
W: 0.50, T: 0.00 (versus left)
W: 0.65, T: 0.00 (versus lvl1)
W: 0.22, T: 0.00 (versus lvl2)
Training round 85 completed in 1 minutes and 13 seconds.
Expected completion: 22:30 2020-05-16.
Training round 86 stats
Wins 1.00, Ties 0.00, Losses 0.00, Game Length 6.50 moves
Loss p1: 0.000112, Loss p2: 0.000004
Benchmark Stats Training Round 86
W: 0.81, T: 0.00 (versus random)
W: 0.50, T: 0.00 (versus left)
W: 0.65, T: 0.00 (versus lvl1)
W: 0.27, T: 0.02 (versus lvl2)
Training round 86 completed in 1 minutes and 13 seconds.
Expected completion: 22:30 2020-05-16.
Training round 87 stats
Wins 1.00, Ties 0.00, Losses 0.00, Game Length 6.50 moves
Loss p1: 0.000043, Loss p2: 0.000000
Benchmark Stats Training Round 87
W: 0.73, T: 0.00 (versus random)
W: 0.50, T: 0.00 (versus left)
W: 0.60, T: 0.00 (versus lvl1)
W: 0.28, T: 0.01 (versus lvl2)
Training round 87 completed in 1 minutes and 14 seconds.
Expected completion: 22:30 2020-05-16.
Training round 88 stats
Wins 1.00, Ties 0.00, Losses 0.00, Game Length 6.50 moves
Loss p1: 0.000001, Loss p2: 0.000007
Benchmark Stats Training Round 88
W: 0.74, T: 0.00 (versus random)
W: 0.50, T: 0.00 (versus left)
W: 0.56, T: 0.00 (versus lvl1)
W: 0.29, T: 0.02 (versus lvl2)
Training round 88 completed in 1 minutes and 16 seconds.
Expected completion: 22:31 2020-05-16.
Training round 89 stats
Wins 1.00, Ties 0.00, Losses 0.00, Game Length 6.50 moves
Loss p1: 0.000000, Loss p2: 0.000001
Benchmark Stats Training Round 89
W: 0.85, T: 0.00 (versus random)
W: 0.50, T: 0.00 (versus left)
W: 0.65, T: 0.00 (versus lvl1)
W: 0.19, T: 0.03 (versus lvl2)
Training round 89 completed in 1 minutes and 14 seconds.
Expected completion: 22:30 2020-05-16.
Training round 90 stats
Wins 1.00, Ties 0.00, Losses 0.00, Game Length 6.50 moves
Loss p1: 0.000000, Loss p2: 0.000005
Benchmark Stats Training Round 90
W: 0.74, T: 0.00 (versus random)
W: 0.50, T: 0.00 (versus left)
W: 0.71, T: 0.00 (versus lvl1)
W: 0.27, T: 0.01 (versus lvl2)
Training round 90 completed in 1 minutes and 15 seconds.
Expected completion: 22:31 2020-05-16.
Training round 91 stats
Wins 1.00, Ties 0.00, Losses 0.00, Game Length 6.50 moves
Loss p1: 0.000117, Loss p2: 0.000012
Benchmark Stats Training Round 91
W: 0.80, T: 0.00 (versus random)
W: 0.50, T: 0.00 (versus left)
W: 0.66, T: 0.00 (versus lvl1)
W: 0.27, T: 0.01 (versus lvl2)
Training round 91 completed in 1 minutes and 18 seconds.
Expected completion: 22:31 2020-05-16.
Training round 92 stats
Wins 1.00, Ties 0.00, Losses 0.00, Game Length 6.50 moves
Loss p1: 0.000041, Loss p2: 0.000032
Benchmark Stats Training Round 92
W: 0.79, T: 0.00 (versus random)
W: 0.50, T: 0.00 (versus left)
W: 0.63, T: 0.00 (versus lvl1)
W: 0.20, T: 0.03 (versus lvl2)
Training round 92 completed in 1 minutes and 18 seconds.
Expected completion: 22:31 2020-05-16.
Training round 93 stats
Wins 1.00, Ties 0.00, Losses 0.00, Game Length 6.50 moves
Loss p1: 0.000001, Loss p2: 0.000003
Benchmark Stats Training Round 93
W: 0.77, T: 0.00 (versus random)
W: 0.50, T: 0.00 (versus left)
W: 0.66, T: 0.00 (versus lvl1)
W: 0.22, T: 0.01 (versus lvl2)
Training round 93 completed in 1 minutes and 17 seconds.
Expected completion: 22:31 2020-05-16.
Training round 94 stats
Wins 1.00, Ties 0.00, Losses 0.00, Game Length 6.50 moves
Loss p1: 0.000001, Loss p2: 0.000028
Benchmark Stats Training Round 94
W: 0.83, T: 0.00 (versus random)
W: 0.50, T: 0.00 (versus left)
W: 0.65, T: 0.00 (versus lvl1)
W: 0.15, T: 0.02 (versus lvl2)
Training round 94 completed in 1 minutes and 17 seconds.
Expected completion: 22:31 2020-05-16.
Training round 95 stats
Wins 1.00, Ties 0.00, Losses 0.00, Game Length 6.50 moves
Loss p1: 0.000009, Loss p2: 0.000024
Benchmark Stats Training Round 95
W: 0.81, T: 0.00 (versus random)
W: 0.50, T: 0.00 (versus left)
W: 0.58, T: 0.00 (versus lvl1)
W: 0.22, T: 0.00 (versus lvl2)
Training round 95 completed in 1 minutes and 17 seconds.
Expected completion: 22:31 2020-05-16.
Training round 96 stats
Wins 1.00, Ties 0.00, Losses 0.00, Game Length 6.50 moves
Loss p1: 0.000067, Loss p2: 0.000008
Benchmark Stats Training Round 96
W: 0.79, T: 0.00 (versus random)
W: 0.50, T: 0.00 (versus left)
W: 0.57, T: 0.00 (versus lvl1)
W: 0.19, T: 0.00 (versus lvl2)
Training round 96 completed in 1 minutes and 16 seconds.
Expected completion: 22:31 2020-05-16.
Training round 97 stats
Wins 1.00, Ties 0.00, Losses 0.00, Game Length 6.50 moves
Loss p1: 0.000025, Loss p2: 0.000083
Benchmark Stats Training Round 97
W: 0.76, T: 0.00 (versus random)
W: 0.50, T: 0.00 (versus left)
W: 0.61, T: 0.00 (versus lvl1)
W: 0.33, T: 0.01 (versus lvl2)
Training round 97 completed in 1 minutes and 17 seconds.
Expected completion: 22:31 2020-05-16.
Training round 98 stats
Wins 1.00, Ties 0.00, Losses 0.00, Game Length 6.50 moves
Loss p1: 0.000001, Loss p2: 0.000005
Benchmark Stats Training Round 98
W: 0.82, T: 0.00 (versus random)
W: 0.50, T: 0.00 (versus left)
W: 0.55, T: 0.00 (versus lvl1)
W: 0.22, T: 0.02 (versus lvl2)
Training round 98 completed in 1 minutes and 17 seconds.
Expected completion: 22:31 2020-05-16.
Training round 99 stats
Wins 1.00, Ties 0.00, Losses 0.00, Game Length 6.50 moves
Loss p1: 0.000015, Loss p2: 0.000010
Benchmark Stats Training Round 99
W: 0.70, T: 0.00 (versus random)
W: 0.50, T: 0.00 (versus left)
W: 0.61, T: 0.00 (versus lvl1)
W: 0.26, T: 0.01 (versus lvl2)
Training round 99 completed in 1 minutes and 15 seconds.
Expected completion: 22:31 2020-05-16.
Training round 100 stats
Wins 1.00, Ties 0.00, Losses 0.00, Game Length 6.50 moves
Loss p1: 0.000126, Loss p2: 0.000088
Benchmark Stats Training Round 100
W: 0.80, T: 0.00 (versus random)
W: 0.50, T: 0.00 (versus left)
W: 0.58, T: 0.00 (versus lvl1)
W: 0.30, T: 0.00 (versus lvl2)
Training round 100 completed in 1 minutes and 15 seconds.
Expected completion: 22:31 2020-05-16.
