Training Neural Net on Connect 4
  self_play_batch_size: 1000
  benchmark_batch_size: 100
  training_rounds: 100
  memory_size: 1000
  network: B
  exploration: decay_episode
  loss: MSE
  encoding: integer
  optimizer: Adam
  experience: yes

Benchmark Stats Training Round 0
W: 0.38, T: 0.00 (versus random)
W: 0.50, T: 0.00 (versus left)
W: 0.21, T: 0.00 (versus lvl1)
W: 0.01, T: 0.00 (versus lvl2)
Training round 1 stats
Wins 0.55, Ties 0.00, Losses 0.45, Game Length 18.67 moves
Loss p1: 0.144286, Loss p2: 0.156398
Benchmark Stats Training Round 1
W: 0.77, T: 0.00 (versus random)
W: 0.50, T: 0.00 (versus left)
W: 0.67, T: 0.00 (versus lvl1)
W: 0.16, T: 0.01 (versus lvl2)
Training round 1 completed in 2 minutes and 52 seconds.
Expected completion: 07:59 2020-05-18.
Training round 2 stats
Wins 0.50, Ties 0.00, Losses 0.50, Game Length 16.94 moves
Loss p1: 0.149450, Loss p2: 0.158718
Benchmark Stats Training Round 2
W: 0.96, T: 0.00 (versus random)
W: 0.00, T: 0.00 (versus left)
W: 0.81, T: 0.00 (versus lvl1)
W: 0.30, T: 0.03 (versus lvl2)
Training round 2 completed in 2 minutes and 49 seconds.
Expected completion: 07:54 2020-05-18.
Training round 3 stats
Wins 0.50, Ties 0.00, Losses 0.50, Game Length 17.56 moves
Loss p1: 0.143552, Loss p2: 0.146126
Benchmark Stats Training Round 3
W: 0.85, T: 0.00 (versus random)
W: 0.50, T: 0.00 (versus left)
W: 0.73, T: 0.00 (versus lvl1)
W: 0.18, T: 0.00 (versus lvl2)
Training round 3 completed in 2 minutes and 46 seconds.
Expected completion: 07:49 2020-05-18.
Training round 4 stats
Wins 0.47, Ties 0.00, Losses 0.53, Game Length 16.80 moves
Loss p1: 0.142108, Loss p2: 0.146741
Benchmark Stats Training Round 4
W: 0.88, T: 0.00 (versus random)
W: 1.00, T: 0.00 (versus left)
W: 0.70, T: 0.00 (versus lvl1)
W: 0.17, T: 0.01 (versus lvl2)
Training round 4 completed in 2 minutes and 43 seconds.
Expected completion: 07:45 2020-05-18.
Training round 5 stats
Wins 0.52, Ties 0.00, Losses 0.48, Game Length 17.98 moves
Loss p1: 0.147545, Loss p2: 0.148430
Benchmark Stats Training Round 5
W: 0.81, T: 0.00 (versus random)
W: 1.00, T: 0.00 (versus left)
W: 0.78, T: 0.00 (versus lvl1)
W: 0.18, T: 0.00 (versus lvl2)
Training round 5 completed in 2 minutes and 55 seconds.
Expected completion: 08:03 2020-05-18.
Training round 6 stats
Wins 0.54, Ties 0.00, Losses 0.46, Game Length 16.93 moves
Loss p1: 0.148109, Loss p2: 0.155289
Benchmark Stats Training Round 6
W: 0.87, T: 0.00 (versus random)
W: 0.50, T: 0.00 (versus left)
W: 0.82, T: 0.00 (versus lvl1)
W: 0.34, T: 0.00 (versus lvl2)
Training round 6 completed in 2 minutes and 44 seconds.
Expected completion: 07:47 2020-05-18.
Training round 7 stats
Wins 0.51, Ties 0.00, Losses 0.49, Game Length 17.12 moves
Loss p1: 0.145259, Loss p2: 0.154070
Benchmark Stats Training Round 7
W: 0.93, T: 0.00 (versus random)
W: 1.00, T: 0.00 (versus left)
W: 0.71, T: 0.00 (versus lvl1)
W: 0.22, T: 0.00 (versus lvl2)
Training round 7 completed in 2 minutes and 43 seconds.
Expected completion: 07:45 2020-05-18.
Training round 8 stats
Wins 0.52, Ties 0.00, Losses 0.48, Game Length 17.04 moves
Loss p1: 0.151518, Loss p2: 0.158887
Benchmark Stats Training Round 8
W: 0.90, T: 0.00 (versus random)
W: 0.50, T: 0.00 (versus left)
W: 0.81, T: 0.00 (versus lvl1)
W: 0.32, T: 0.01 (versus lvl2)
Training round 8 completed in 2 minutes and 40 seconds.
Expected completion: 07:40 2020-05-18.
Training round 9 stats
Wins 0.53, Ties 0.00, Losses 0.47, Game Length 16.48 moves
Loss p1: 0.154083, Loss p2: 0.163114
Benchmark Stats Training Round 9
W: 0.86, T: 0.00 (versus random)
W: 0.50, T: 0.00 (versus left)
W: 0.76, T: 0.00 (versus lvl1)
W: 0.25, T: 0.00 (versus lvl2)
Training round 9 completed in 2 minutes and 45 seconds.
Expected completion: 07:47 2020-05-18.
Training round 10 stats
Wins 0.51, Ties 0.00, Losses 0.49, Game Length 16.82 moves
Loss p1: 0.146457, Loss p2: 0.154184
Benchmark Stats Training Round 10
W: 0.85, T: 0.00 (versus random)
W: 0.00, T: 0.00 (versus left)
W: 0.75, T: 0.00 (versus lvl1)
W: 0.24, T: 0.00 (versus lvl2)
Training round 10 completed in 2 minutes and 49 seconds.
Expected completion: 07:54 2020-05-18.
Training round 11 stats
Wins 0.51, Ties 0.00, Losses 0.48, Game Length 16.89 moves
Loss p1: 0.156506, Loss p2: 0.162961
Benchmark Stats Training Round 11
W: 0.90, T: 0.00 (versus random)
W: 0.50, T: 0.00 (versus left)
W: 0.73, T: 0.00 (versus lvl1)
W: 0.24, T: 0.00 (versus lvl2)
Training round 11 completed in 2 minutes and 41 seconds.
Expected completion: 07:42 2020-05-18.
Training round 12 stats
Wins 0.47, Ties 0.00, Losses 0.53, Game Length 16.63 moves
Loss p1: 0.149093, Loss p2: 0.155538
Benchmark Stats Training Round 12
W: 0.90, T: 0.00 (versus random)
W: 0.00, T: 0.00 (versus left)
W: 0.76, T: 0.00 (versus lvl1)
W: 0.21, T: 0.00 (versus lvl2)
Training round 12 completed in 2 minutes and 41 seconds.
Expected completion: 07:42 2020-05-18.
Training round 13 stats
Wins 0.52, Ties 0.00, Losses 0.48, Game Length 17.12 moves
Loss p1: 0.145890, Loss p2: 0.164850
Benchmark Stats Training Round 13
W: 0.80, T: 0.00 (versus random)
W: 0.50, T: 0.00 (versus left)
W: 0.74, T: 0.00 (versus lvl1)
W: 0.34, T: 0.00 (versus lvl2)
Training round 13 completed in 2 minutes and 40 seconds.
Expected completion: 07:41 2020-05-18.
Training round 14 stats
Wins 0.54, Ties 0.00, Losses 0.46, Game Length 16.96 moves
Loss p1: 0.146038, Loss p2: 0.158960
Benchmark Stats Training Round 14
W: 0.91, T: 0.00 (versus random)
W: 0.50, T: 0.00 (versus left)
W: 0.89, T: 0.00 (versus lvl1)
W: 0.21, T: 0.00 (versus lvl2)
Training round 14 completed in 2 minutes and 44 seconds.
Expected completion: 07:46 2020-05-18.
Training round 15 stats
Wins 0.56, Ties 0.00, Losses 0.44, Game Length 17.25 moves
Loss p1: 0.152873, Loss p2: 0.158955
Benchmark Stats Training Round 15
W: 0.93, T: 0.00 (versus random)
W: 1.00, T: 0.00 (versus left)
W: 0.80, T: 0.00 (versus lvl1)
W: 0.26, T: 0.01 (versus lvl2)
Training round 15 completed in 2 minutes and 45 seconds.
Expected completion: 07:48 2020-05-18.
Training round 16 stats
Wins 0.53, Ties 0.00, Losses 0.47, Game Length 16.40 moves
Loss p1: 0.153209, Loss p2: 0.160032
Benchmark Stats Training Round 16
W: 0.89, T: 0.00 (versus random)
W: 1.00, T: 0.00 (versus left)
W: 0.78, T: 0.00 (versus lvl1)
W: 0.14, T: 0.02 (versus lvl2)
Training round 16 completed in 2 minutes and 39 seconds.
Expected completion: 07:39 2020-05-18.
Training round 17 stats
Wins 0.48, Ties 0.00, Losses 0.52, Game Length 16.89 moves
Loss p1: 0.154701, Loss p2: 0.164905
Benchmark Stats Training Round 17
W: 0.91, T: 0.00 (versus random)
W: 0.00, T: 0.00 (versus left)
W: 0.76, T: 0.00 (versus lvl1)
W: 0.27, T: 0.00 (versus lvl2)
Training round 17 completed in 2 minutes and 42 seconds.
Expected completion: 07:43 2020-05-18.
Training round 18 stats
Wins 0.46, Ties 0.00, Losses 0.54, Game Length 17.18 moves
Loss p1: 0.148171, Loss p2: 0.156698
Benchmark Stats Training Round 18
W: 0.86, T: 0.00 (versus random)
W: 1.00, T: 0.00 (versus left)
W: 0.65, T: 0.00 (versus lvl1)
W: 0.20, T: 0.00 (versus lvl2)
Training round 18 completed in 2 minutes and 56 seconds.
Expected completion: 08:02 2020-05-18.
Training round 19 stats
Wins 0.48, Ties 0.00, Losses 0.52, Game Length 16.05 moves
Loss p1: 0.150620, Loss p2: 0.173205
Benchmark Stats Training Round 19
W: 0.93, T: 0.00 (versus random)
W: 1.00, T: 0.00 (versus left)
W: 0.75, T: 0.00 (versus lvl1)
W: 0.25, T: 0.00 (versus lvl2)
Training round 19 completed in 2 minutes and 33 seconds.
Expected completion: 07:31 2020-05-18.
Training round 20 stats
Wins 0.50, Ties 0.00, Losses 0.49, Game Length 17.19 moves
Loss p1: 0.158572, Loss p2: 0.169038
Benchmark Stats Training Round 20
W: 0.76, T: 0.00 (versus random)
W: 0.00, T: 0.00 (versus left)
W: 0.67, T: 0.00 (versus lvl1)
W: 0.24, T: 0.00 (versus lvl2)
Training round 20 completed in 2 minutes and 52 seconds.
Expected completion: 07:56 2020-05-18.
Training round 21 stats
Wins 0.52, Ties 0.00, Losses 0.48, Game Length 17.40 moves
Loss p1: 0.153800, Loss p2: 0.169416
Benchmark Stats Training Round 21
W: 0.92, T: 0.01 (versus random)
W: 1.00, T: 0.00 (versus left)
W: 0.80, T: 0.00 (versus lvl1)
W: 0.35, T: 0.01 (versus lvl2)
Training round 21 completed in 2 minutes and 42 seconds.
Expected completion: 07:43 2020-05-18.
Training round 22 stats
Wins 0.49, Ties 0.00, Losses 0.51, Game Length 16.05 moves
Loss p1: 0.156856, Loss p2: 0.166071
Benchmark Stats Training Round 22
W: 0.86, T: 0.00 (versus random)
W: 0.00, T: 0.00 (versus left)
W: 0.70, T: 0.00 (versus lvl1)
W: 0.18, T: 0.00 (versus lvl2)
Training round 22 completed in 2 minutes and 40 seconds.
Expected completion: 07:40 2020-05-18.
Training round 23 stats
Wins 0.49, Ties 0.00, Losses 0.51, Game Length 16.32 moves
Loss p1: 0.162429, Loss p2: 0.167438
Benchmark Stats Training Round 23
W: 0.94, T: 0.00 (versus random)
W: 0.00, T: 0.00 (versus left)
W: 0.81, T: 0.00 (versus lvl1)
W: 0.27, T: 0.00 (versus lvl2)
Training round 23 completed in 2 minutes and 36 seconds.
Expected completion: 07:35 2020-05-18.
Training round 24 stats
Wins 0.49, Ties 0.00, Losses 0.51, Game Length 16.73 moves
Loss p1: 0.163018, Loss p2: 0.181346
Benchmark Stats Training Round 24
W: 0.90, T: 0.00 (versus random)
W: 0.00, T: 0.00 (versus left)
W: 0.80, T: 0.00 (versus lvl1)
W: 0.24, T: 0.00 (versus lvl2)
Training round 24 completed in 2 minutes and 40 seconds.
Expected completion: 07:40 2020-05-18.
Training round 25 stats
Wins 0.51, Ties 0.00, Losses 0.49, Game Length 17.06 moves
Loss p1: 0.157906, Loss p2: 0.171725
Benchmark Stats Training Round 25
W: 0.87, T: 0.00 (versus random)
W: 1.00, T: 0.00 (versus left)
W: 0.82, T: 0.00 (versus lvl1)
W: 0.26, T: 0.00 (versus lvl2)
Training round 25 completed in 2 minutes and 51 seconds.
Expected completion: 07:55 2020-05-18.
Training round 26 stats
Wins 0.52, Ties 0.00, Losses 0.47, Game Length 17.16 moves
Loss p1: 0.162803, Loss p2: 0.178656
Benchmark Stats Training Round 26
W: 0.90, T: 0.00 (versus random)
W: 1.00, T: 0.00 (versus left)
W: 0.70, T: 0.00 (versus lvl1)
W: 0.30, T: 0.00 (versus lvl2)
Training round 26 completed in 2 minutes and 43 seconds.
Expected completion: 07:44 2020-05-18.
Training round 27 stats
Wins 0.50, Ties 0.00, Losses 0.50, Game Length 16.79 moves
Loss p1: 0.150328, Loss p2: 0.163448
Benchmark Stats Training Round 27
W: 0.91, T: 0.00 (versus random)
W: 1.00, T: 0.00 (versus left)
W: 0.87, T: 0.00 (versus lvl1)
W: 0.34, T: 0.00 (versus lvl2)
Training round 27 completed in 2 minutes and 36 seconds.
Expected completion: 07:36 2020-05-18.
Training round 28 stats
Wins 0.49, Ties 0.00, Losses 0.51, Game Length 16.32 moves
Loss p1: 0.160097, Loss p2: 0.171573
Benchmark Stats Training Round 28
W: 0.89, T: 0.00 (versus random)
W: 0.50, T: 0.00 (versus left)
W: 0.80, T: 0.00 (versus lvl1)
W: 0.20, T: 0.00 (versus lvl2)
Training round 28 completed in 2 minutes and 47 seconds.
Expected completion: 07:49 2020-05-18.
Training round 29 stats
Wins 0.54, Ties 0.00, Losses 0.46, Game Length 17.28 moves
Loss p1: 0.156666, Loss p2: 0.174440
Benchmark Stats Training Round 29
W: 0.82, T: 0.00 (versus random)
W: 0.50, T: 0.00 (versus left)
W: 0.83, T: 0.00 (versus lvl1)
W: 0.28, T: 0.00 (versus lvl2)
Training round 29 completed in 2 minutes and 40 seconds.
Expected completion: 07:41 2020-05-18.
Training round 30 stats
Wins 0.47, Ties 0.00, Losses 0.53, Game Length 16.63 moves
Loss p1: 0.159381, Loss p2: 0.175615
Benchmark Stats Training Round 30
W: 0.87, T: 0.00 (versus random)
W: 0.00, T: 0.00 (versus left)
W: 0.78, T: 0.00 (versus lvl1)
W: 0.27, T: 0.00 (versus lvl2)
Training round 30 completed in 2 minutes and 38 seconds.
Expected completion: 07:38 2020-05-18.
Training round 31 stats
Wins 0.49, Ties 0.00, Losses 0.51, Game Length 16.50 moves
Loss p1: 0.165819, Loss p2: 0.181539
Benchmark Stats Training Round 31
W: 0.89, T: 0.00 (versus random)
W: 0.50, T: 0.00 (versus left)
W: 0.81, T: 0.00 (versus lvl1)
W: 0.22, T: 0.01 (versus lvl2)
Training round 31 completed in 2 minutes and 45 seconds.
Expected completion: 07:47 2020-05-18.
Training round 32 stats
Wins 0.49, Ties 0.00, Losses 0.51, Game Length 16.69 moves
Loss p1: 0.161830, Loss p2: 0.176034
Benchmark Stats Training Round 32
W: 0.89, T: 0.01 (versus random)
W: 0.50, T: 0.00 (versus left)
W: 0.75, T: 0.00 (versus lvl1)
W: 0.17, T: 0.00 (versus lvl2)
Training round 32 completed in 2 minutes and 47 seconds.
Expected completion: 07:49 2020-05-18.
Training round 33 stats
Wins 0.49, Ties 0.00, Losses 0.51, Game Length 16.71 moves
Loss p1: 0.163479, Loss p2: 0.171086
Benchmark Stats Training Round 33
W: 0.92, T: 0.00 (versus random)
W: 1.00, T: 0.00 (versus left)
W: 0.84, T: 0.00 (versus lvl1)
W: 0.29, T: 0.01 (versus lvl2)
Training round 33 completed in 2 minutes and 42 seconds.
Expected completion: 07:43 2020-05-18.
Training round 34 stats
Wins 0.50, Ties 0.00, Losses 0.50, Game Length 16.86 moves
Loss p1: 0.158665, Loss p2: 0.165455
Benchmark Stats Training Round 34
W: 0.89, T: 0.00 (versus random)
W: 0.50, T: 0.00 (versus left)
W: 0.76, T: 0.01 (versus lvl1)
W: 0.35, T: 0.00 (versus lvl2)
Training round 34 completed in 2 minutes and 41 seconds.
Expected completion: 07:43 2020-05-18.
Training round 35 stats
Wins 0.48, Ties 0.00, Losses 0.52, Game Length 16.70 moves
Loss p1: 0.166690, Loss p2: 0.169620
Benchmark Stats Training Round 35
W: 0.91, T: 0.00 (versus random)
W: 1.00, T: 0.00 (versus left)
W: 0.81, T: 0.00 (versus lvl1)
W: 0.21, T: 0.01 (versus lvl2)
Training round 35 completed in 2 minutes and 47 seconds.
Expected completion: 07:49 2020-05-18.
Training round 36 stats
Wins 0.48, Ties 0.00, Losses 0.51, Game Length 16.57 moves
Loss p1: 0.175689, Loss p2: 0.177748
Benchmark Stats Training Round 36
W: 0.90, T: 0.01 (versus random)
W: 0.50, T: 0.00 (versus left)
W: 0.78, T: 0.00 (versus lvl1)
W: 0.19, T: 0.02 (versus lvl2)
Training round 36 completed in 2 minutes and 42 seconds.
Expected completion: 07:44 2020-05-18.
Training round 37 stats
Wins 0.51, Ties 0.00, Losses 0.48, Game Length 16.89 moves
Loss p1: 0.163521, Loss p2: 0.168751
Benchmark Stats Training Round 37
W: 0.95, T: 0.00 (versus random)
W: 0.50, T: 0.00 (versus left)
W: 0.80, T: 0.00 (versus lvl1)
W: 0.43, T: 0.02 (versus lvl2)
Training round 37 completed in 2 minutes and 42 seconds.
Expected completion: 07:43 2020-05-18.
Training round 38 stats
Wins 0.50, Ties 0.00, Losses 0.50, Game Length 16.79 moves
Loss p1: 0.167238, Loss p2: 0.171409
Benchmark Stats Training Round 38
W: 0.94, T: 0.00 (versus random)
W: 0.00, T: 0.00 (versus left)
W: 0.86, T: 0.00 (versus lvl1)
W: 0.27, T: 0.01 (versus lvl2)
Training round 38 completed in 2 minutes and 46 seconds.
Expected completion: 07:48 2020-05-18.
Training round 39 stats
Wins 0.49, Ties 0.00, Losses 0.51, Game Length 17.62 moves
Loss p1: 0.169237, Loss p2: 0.174443
Benchmark Stats Training Round 39
W: 0.89, T: 0.00 (versus random)
W: 1.00, T: 0.00 (versus left)
W: 0.87, T: 0.00 (versus lvl1)
W: 0.28, T: 0.00 (versus lvl2)
Training round 39 completed in 2 minutes and 49 seconds.
Expected completion: 07:51 2020-05-18.
Training round 40 stats
Wins 0.50, Ties 0.00, Losses 0.50, Game Length 16.41 moves
Loss p1: 0.171619, Loss p2: 0.183480
Benchmark Stats Training Round 40
W: 0.89, T: 0.00 (versus random)
W: 1.00, T: 0.00 (versus left)
W: 0.85, T: 0.00 (versus lvl1)
W: 0.22, T: 0.03 (versus lvl2)
Training round 40 completed in 2 minutes and 43 seconds.
Expected completion: 07:44 2020-05-18.
Training round 41 stats
Wins 0.51, Ties 0.00, Losses 0.49, Game Length 17.30 moves
Loss p1: 0.165250, Loss p2: 0.175675
Benchmark Stats Training Round 41
W: 0.96, T: 0.00 (versus random)
W: 1.00, T: 0.00 (versus left)
W: 0.77, T: 0.00 (versus lvl1)
W: 0.17, T: 0.01 (versus lvl2)
Training round 41 completed in 2 minutes and 52 seconds.
Expected completion: 07:54 2020-05-18.
Training round 42 stats
Wins 0.55, Ties 0.00, Losses 0.44, Game Length 16.88 moves
Loss p1: 0.165660, Loss p2: 0.172810
Benchmark Stats Training Round 42
W: 0.93, T: 0.01 (versus random)
W: 0.50, T: 0.00 (versus left)
W: 0.82, T: 0.00 (versus lvl1)
W: 0.38, T: 0.00 (versus lvl2)
Training round 42 completed in 2 minutes and 37 seconds.
Expected completion: 07:39 2020-05-18.
Training round 43 stats
Wins 0.47, Ties 0.00, Losses 0.52, Game Length 17.05 moves
Loss p1: 0.163519, Loss p2: 0.181761
Benchmark Stats Training Round 43
W: 0.92, T: 0.00 (versus random)
W: 1.00, T: 0.00 (versus left)
W: 0.82, T: 0.00 (versus lvl1)
W: 0.39, T: 0.00 (versus lvl2)
Training round 43 completed in 2 minutes and 39 seconds.
Expected completion: 07:41 2020-05-18.
Training round 44 stats
Wins 0.46, Ties 0.00, Losses 0.54, Game Length 16.37 moves
Loss p1: 0.177848, Loss p2: 0.177083
Benchmark Stats Training Round 44
W: 0.97, T: 0.00 (versus random)
W: 1.00, T: 0.00 (versus left)
W: 0.87, T: 0.00 (versus lvl1)
W: 0.42, T: 0.01 (versus lvl2)
Training round 44 completed in 2 minutes and 38 seconds.
Expected completion: 07:40 2020-05-18.
Training round 45 stats
Wins 0.47, Ties 0.00, Losses 0.53, Game Length 16.95 moves
Loss p1: 0.174635, Loss p2: 0.175213
Benchmark Stats Training Round 45
W: 0.96, T: 0.00 (versus random)
W: 1.00, T: 0.00 (versus left)
W: 0.84, T: 0.00 (versus lvl1)
W: 0.43, T: 0.00 (versus lvl2)
Training round 45 completed in 2 minutes and 35 seconds.
Expected completion: 07:37 2020-05-18.
Training round 46 stats
Wins 0.44, Ties 0.00, Losses 0.55, Game Length 16.94 moves
Loss p1: 0.175117, Loss p2: 0.177597
Benchmark Stats Training Round 46
W: 0.90, T: 0.00 (versus random)
W: 1.00, T: 0.00 (versus left)
W: 0.85, T: 0.00 (versus lvl1)
W: 0.40, T: 0.00 (versus lvl2)
Training round 46 completed in 2 minutes and 37 seconds.
Expected completion: 07:39 2020-05-18.
Training round 47 stats
Wins 0.51, Ties 0.00, Losses 0.49, Game Length 16.84 moves
Loss p1: 0.172839, Loss p2: 0.178759
Benchmark Stats Training Round 47
W: 0.97, T: 0.00 (versus random)
W: 1.00, T: 0.00 (versus left)
W: 0.87, T: 0.00 (versus lvl1)
W: 0.33, T: 0.00 (versus lvl2)
Training round 47 completed in 2 minutes and 46 seconds.
Expected completion: 07:47 2020-05-18.
Training round 48 stats
Wins 0.46, Ties 0.00, Losses 0.54, Game Length 16.88 moves
Loss p1: 0.175046, Loss p2: 0.180029
Benchmark Stats Training Round 48
W: 0.95, T: 0.00 (versus random)
W: 1.00, T: 0.00 (versus left)
W: 0.90, T: 0.00 (versus lvl1)
W: 0.43, T: 0.00 (versus lvl2)
Training round 48 completed in 2 minutes and 39 seconds.
Expected completion: 07:41 2020-05-18.
Training round 49 stats
Wins 0.42, Ties 0.00, Losses 0.57, Game Length 17.08 moves
Loss p1: 0.170673, Loss p2: 0.180106
Benchmark Stats Training Round 49
W: 0.92, T: 0.00 (versus random)
W: 1.00, T: 0.00 (versus left)
W: 0.87, T: 0.00 (versus lvl1)
W: 0.45, T: 0.00 (versus lvl2)
Training round 49 completed in 2 minutes and 42 seconds.
Expected completion: 07:43 2020-05-18.
Training round 50 stats
Wins 0.45, Ties 0.00, Losses 0.55, Game Length 16.51 moves
Loss p1: 0.177900, Loss p2: 0.182377
Benchmark Stats Training Round 50
W: 0.91, T: 0.00 (versus random)
W: 0.50, T: 0.00 (versus left)
W: 0.89, T: 0.00 (versus lvl1)
W: 0.38, T: 0.00 (versus lvl2)
Training round 50 completed in 2 minutes and 47 seconds.
Expected completion: 07:48 2020-05-18.
Training round 51 stats
Wins 0.48, Ties 0.00, Losses 0.52, Game Length 16.76 moves
Loss p1: 0.189739, Loss p2: 0.192382
Benchmark Stats Training Round 51
W: 0.89, T: 0.00 (versus random)
W: 1.00, T: 0.00 (versus left)
W: 0.81, T: 0.00 (versus lvl1)
W: 0.25, T: 0.00 (versus lvl2)
Training round 51 completed in 2 minutes and 53 seconds.
Expected completion: 07:53 2020-05-18.
Training round 52 stats
Wins 0.44, Ties 0.00, Losses 0.56, Game Length 16.79 moves
Loss p1: 0.184806, Loss p2: 0.189849
Benchmark Stats Training Round 52
W: 0.96, T: 0.00 (versus random)
W: 1.00, T: 0.00 (versus left)
W: 0.86, T: 0.00 (versus lvl1)
W: 0.34, T: 0.02 (versus lvl2)
Training round 52 completed in 2 minutes and 44 seconds.
Expected completion: 07:46 2020-05-18.
Training round 53 stats
Wins 0.47, Ties 0.00, Losses 0.53, Game Length 17.13 moves
Loss p1: 0.174094, Loss p2: 0.175930
Benchmark Stats Training Round 53
W: 0.96, T: 0.00 (versus random)
W: 1.00, T: 0.00 (versus left)
W: 0.91, T: 0.00 (versus lvl1)
W: 0.44, T: 0.00 (versus lvl2)
Training round 53 completed in 2 minutes and 46 seconds.
Expected completion: 07:47 2020-05-18.
Training round 54 stats
Wins 0.51, Ties 0.00, Losses 0.49, Game Length 16.62 moves
Loss p1: 0.176255, Loss p2: 0.184186
Benchmark Stats Training Round 54
W: 0.96, T: 0.00 (versus random)
W: 0.50, T: 0.00 (versus left)
W: 0.88, T: 0.00 (versus lvl1)
W: 0.45, T: 0.00 (versus lvl2)
Training round 54 completed in 2 minutes and 37 seconds.
Expected completion: 07:40 2020-05-18.
Training round 55 stats
Wins 0.48, Ties 0.00, Losses 0.52, Game Length 16.37 moves
Loss p1: 0.181491, Loss p2: 0.190040
Benchmark Stats Training Round 55
W: 0.97, T: 0.00 (versus random)
W: 0.50, T: 0.00 (versus left)
W: 0.94, T: 0.00 (versus lvl1)
W: 0.54, T: 0.03 (versus lvl2)
Training round 55 completed in 2 minutes and 26 seconds.
Expected completion: 07:31 2020-05-18.
Training round 56 stats
Wins 0.50, Ties 0.00, Losses 0.50, Game Length 17.36 moves
Loss p1: 0.184487, Loss p2: 0.185520
Benchmark Stats Training Round 56
W: 0.96, T: 0.00 (versus random)
W: 1.00, T: 0.00 (versus left)
W: 0.86, T: 0.00 (versus lvl1)
W: 0.41, T: 0.00 (versus lvl2)
Training round 56 completed in 2 minutes and 47 seconds.
Expected completion: 07:47 2020-05-18.
Training round 57 stats
Wins 0.49, Ties 0.01, Losses 0.50, Game Length 16.70 moves
Loss p1: 0.193989, Loss p2: 0.199903
Benchmark Stats Training Round 57
W: 1.00, T: 0.00 (versus random)
W: 1.00, T: 0.00 (versus left)
W: 0.82, T: 0.00 (versus lvl1)
W: 0.35, T: 0.00 (versus lvl2)
Training round 57 completed in 2 minutes and 47 seconds.
Expected completion: 07:47 2020-05-18.
Training round 58 stats
Wins 0.55, Ties 0.00, Losses 0.45, Game Length 16.93 moves
Loss p1: 0.183087, Loss p2: 0.183326
Benchmark Stats Training Round 58
W: 0.96, T: 0.00 (versus random)
W: 1.00, T: 0.00 (versus left)
W: 0.88, T: 0.00 (versus lvl1)
W: 0.28, T: 0.01 (versus lvl2)
Training round 58 completed in 2 minutes and 45 seconds.
Expected completion: 07:46 2020-05-18.
Training round 59 stats
Wins 0.46, Ties 0.00, Losses 0.54, Game Length 17.36 moves
Loss p1: 0.179551, Loss p2: 0.191156
Benchmark Stats Training Round 59
W: 0.91, T: 0.00 (versus random)
W: 1.00, T: 0.00 (versus left)
W: 0.90, T: 0.00 (versus lvl1)
W: 0.21, T: 0.03 (versus lvl2)
Training round 59 completed in 2 minutes and 51 seconds.
Expected completion: 07:50 2020-05-18.
Training round 60 stats
Wins 0.48, Ties 0.00, Losses 0.51, Game Length 17.90 moves
Loss p1: 0.183187, Loss p2: 0.183156
Benchmark Stats Training Round 60
W: 0.99, T: 0.00 (versus random)
W: 1.00, T: 0.00 (versus left)
W: 0.85, T: 0.00 (versus lvl1)
W: 0.33, T: 0.00 (versus lvl2)
Training round 60 completed in 2 minutes and 52 seconds.
Expected completion: 07:51 2020-05-18.
Training round 61 stats
Wins 0.49, Ties 0.00, Losses 0.51, Game Length 17.43 moves
Loss p1: 0.187388, Loss p2: 0.190718
Benchmark Stats Training Round 61
W: 0.94, T: 0.00 (versus random)
W: 1.00, T: 0.00 (versus left)
W: 0.88, T: 0.00 (versus lvl1)
W: 0.38, T: 0.01 (versus lvl2)
Training round 61 completed in 2 minutes and 49 seconds.
Expected completion: 07:49 2020-05-18.
Training round 62 stats
Wins 0.50, Ties 0.00, Losses 0.50, Game Length 16.44 moves
Loss p1: 0.180761, Loss p2: 0.186607
Benchmark Stats Training Round 62
W: 0.97, T: 0.00 (versus random)
W: 0.50, T: 0.00 (versus left)
W: 0.91, T: 0.00 (versus lvl1)
W: 0.60, T: 0.01 (versus lvl2)
Training round 62 completed in 2 minutes and 36 seconds.
Expected completion: 07:40 2020-05-18.
Training round 63 stats
Wins 0.48, Ties 0.01, Losses 0.52, Game Length 17.40 moves
Loss p1: 0.182281, Loss p2: 0.183215
Benchmark Stats Training Round 63
W: 0.93, T: 0.00 (versus random)
W: 1.00, T: 0.00 (versus left)
W: 0.83, T: 0.00 (versus lvl1)
W: 0.43, T: 0.02 (versus lvl2)
Training round 63 completed in 2 minutes and 49 seconds.
Expected completion: 07:48 2020-05-18.
Training round 64 stats
Wins 0.47, Ties 0.00, Losses 0.53, Game Length 16.95 moves
Loss p1: 0.189079, Loss p2: 0.197120
Benchmark Stats Training Round 64
W: 0.96, T: 0.00 (versus random)
W: 1.00, T: 0.00 (versus left)
W: 0.88, T: 0.00 (versus lvl1)
W: 0.41, T: 0.00 (versus lvl2)
Training round 64 completed in 2 minutes and 39 seconds.
Expected completion: 07:43 2020-05-18.
Training round 65 stats
Wins 0.54, Ties 0.00, Losses 0.46, Game Length 16.66 moves
Loss p1: 0.182374, Loss p2: 0.186674
Benchmark Stats Training Round 65
W: 0.97, T: 0.00 (versus random)
W: 1.00, T: 0.00 (versus left)
W: 0.91, T: 0.00 (versus lvl1)
W: 0.50, T: 0.00 (versus lvl2)
Training round 65 completed in 2 minutes and 16 seconds.
Expected completion: 07:28 2020-05-18.
Training round 66 stats
Wins 0.48, Ties 0.00, Losses 0.52, Game Length 17.03 moves
Loss p1: 0.176176, Loss p2: 0.178834
Benchmark Stats Training Round 66
W: 0.98, T: 0.00 (versus random)
W: 1.00, T: 0.00 (versus left)
W: 0.90, T: 0.00 (versus lvl1)
W: 0.38, T: 0.00 (versus lvl2)
Training round 66 completed in 1 minutes and 35 seconds.
Expected completion: 07:05 2020-05-18.
Training round 67 stats
Wins 0.48, Ties 0.00, Losses 0.52, Game Length 17.36 moves
Loss p1: 0.182649, Loss p2: 0.192434
Benchmark Stats Training Round 67
W: 0.97, T: 0.00 (versus random)
W: 1.00, T: 0.00 (versus left)
W: 0.92, T: 0.00 (versus lvl1)
W: 0.45, T: 0.00 (versus lvl2)
Training round 67 completed in 1 minutes and 33 seconds.
Expected completion: 07:04 2020-05-18.
Training round 68 stats
Wins 0.53, Ties 0.00, Losses 0.47, Game Length 16.69 moves
Loss p1: 0.184304, Loss p2: 0.197199
Benchmark Stats Training Round 68
W: 0.96, T: 0.00 (versus random)
W: 0.50, T: 0.00 (versus left)
W: 0.94, T: 0.00 (versus lvl1)
W: 0.52, T: 0.00 (versus lvl2)
Training round 68 completed in 1 minutes and 31 seconds.
Expected completion: 07:03 2020-05-18.
Training round 69 stats
Wins 0.51, Ties 0.00, Losses 0.49, Game Length 17.57 moves
Loss p1: 0.187220, Loss p2: 0.188375
Benchmark Stats Training Round 69
W: 0.99, T: 0.00 (versus random)
W: 1.00, T: 0.00 (versus left)
W: 0.87, T: 0.00 (versus lvl1)
W: 0.41, T: 0.00 (versus lvl2)
Training round 69 completed in 1 minutes and 34 seconds.
Expected completion: 07:04 2020-05-18.
Training round 70 stats
Wins 0.50, Ties 0.00, Losses 0.50, Game Length 17.19 moves
Loss p1: 0.192323, Loss p2: 0.197238
Benchmark Stats Training Round 70
W: 0.97, T: 0.00 (versus random)
W: 1.00, T: 0.00 (versus left)
W: 0.90, T: 0.00 (versus lvl1)
W: 0.46, T: 0.00 (versus lvl2)
Training round 70 completed in 1 minutes and 32 seconds.
Expected completion: 07:03 2020-05-18.
Training round 71 stats
Wins 0.51, Ties 0.00, Losses 0.49, Game Length 17.83 moves
Loss p1: 0.181843, Loss p2: 0.186424
Benchmark Stats Training Round 71
W: 0.96, T: 0.00 (versus random)
W: 0.50, T: 0.00 (versus left)
W: 0.91, T: 0.00 (versus lvl1)
W: 0.43, T: 0.01 (versus lvl2)
Training round 71 completed in 1 minutes and 32 seconds.
Expected completion: 07:03 2020-05-18.
Training round 72 stats
Wins 0.51, Ties 0.00, Losses 0.49, Game Length 16.99 moves
Loss p1: 0.195640, Loss p2: 0.206248
Benchmark Stats Training Round 72
W: 0.97, T: 0.00 (versus random)
W: 1.00, T: 0.00 (versus left)
W: 0.86, T: 0.00 (versus lvl1)
W: 0.39, T: 0.01 (versus lvl2)
Training round 72 completed in 1 minutes and 35 seconds.
Expected completion: 07:04 2020-05-18.
Training round 73 stats
Wins 0.52, Ties 0.00, Losses 0.48, Game Length 17.32 moves
Loss p1: 0.191479, Loss p2: 0.192855
Benchmark Stats Training Round 73
W: 0.98, T: 0.00 (versus random)
W: 0.50, T: 0.00 (versus left)
W: 0.87, T: 0.00 (versus lvl1)
W: 0.43, T: 0.01 (versus lvl2)
Training round 73 completed in 1 minutes and 36 seconds.
Expected completion: 07:05 2020-05-18.
Training round 74 stats
Wins 0.50, Ties 0.00, Losses 0.49, Game Length 17.53 moves
Loss p1: 0.201707, Loss p2: 0.205880
Benchmark Stats Training Round 74
W: 0.98, T: 0.00 (versus random)
W: 1.00, T: 0.00 (versus left)
W: 0.88, T: 0.00 (versus lvl1)
W: 0.50, T: 0.00 (versus lvl2)
Training round 74 completed in 1 minutes and 34 seconds.
Expected completion: 07:04 2020-05-18.
Training round 75 stats
Wins 0.50, Ties 0.00, Losses 0.50, Game Length 17.36 moves
Loss p1: 0.203214, Loss p2: 0.203090
Benchmark Stats Training Round 75
W: 0.94, T: 0.00 (versus random)
W: 0.50, T: 0.00 (versus left)
W: 0.85, T: 0.00 (versus lvl1)
W: 0.27, T: 0.00 (versus lvl2)
Training round 75 completed in 1 minutes and 38 seconds.
Expected completion: 07:06 2020-05-18.
Training round 76 stats
Wins 0.51, Ties 0.00, Losses 0.49, Game Length 17.31 moves
Loss p1: 0.206155, Loss p2: 0.202004
Benchmark Stats Training Round 76
W: 0.99, T: 0.00 (versus random)
W: 1.00, T: 0.00 (versus left)
W: 0.91, T: 0.00 (versus lvl1)
W: 0.57, T: 0.00 (versus lvl2)
Training round 76 completed in 1 minutes and 33 seconds.
Expected completion: 07:04 2020-05-18.
Training round 77 stats
Wins 0.58, Ties 0.00, Losses 0.42, Game Length 17.59 moves
Loss p1: 0.198593, Loss p2: 0.195370
Benchmark Stats Training Round 77
W: 0.95, T: 0.00 (versus random)
W: 1.00, T: 0.00 (versus left)
W: 0.90, T: 0.00 (versus lvl1)
W: 0.39, T: 0.03 (versus lvl2)
Training round 77 completed in 1 minutes and 38 seconds.
Expected completion: 07:06 2020-05-18.
Training round 78 stats
Wins 0.51, Ties 0.00, Losses 0.49, Game Length 16.77 moves
Loss p1: 0.203505, Loss p2: 0.203943
Benchmark Stats Training Round 78
W: 0.96, T: 0.00 (versus random)
W: 1.00, T: 0.00 (versus left)
W: 0.87, T: 0.00 (versus lvl1)
W: 0.39, T: 0.01 (versus lvl2)
Training round 78 completed in 1 minutes and 31 seconds.
Expected completion: 07:03 2020-05-18.
Training round 79 stats
Wins 0.52, Ties 0.00, Losses 0.47, Game Length 16.96 moves
Loss p1: 0.197453, Loss p2: 0.200334
Benchmark Stats Training Round 79
W: 0.98, T: 0.00 (versus random)
W: 1.00, T: 0.00 (versus left)
W: 0.88, T: 0.00 (versus lvl1)
W: 0.51, T: 0.01 (versus lvl2)
Training round 79 completed in 1 minutes and 35 seconds.
Expected completion: 07:04 2020-05-18.
Training round 80 stats
Wins 0.56, Ties 0.01, Losses 0.44, Game Length 17.49 moves
Loss p1: 0.194988, Loss p2: 0.210641
Benchmark Stats Training Round 80
W: 0.97, T: 0.00 (versus random)
W: 0.50, T: 0.00 (versus left)
W: 0.94, T: 0.00 (versus lvl1)
W: 0.52, T: 0.00 (versus lvl2)
Training round 80 completed in 1 minutes and 32 seconds.
Expected completion: 07:03 2020-05-18.
Training round 81 stats
Wins 0.51, Ties 0.00, Losses 0.49, Game Length 16.79 moves
Loss p1: 0.207772, Loss p2: 0.228117
Benchmark Stats Training Round 81
W: 0.98, T: 0.00 (versus random)
W: 1.00, T: 0.00 (versus left)
W: 0.92, T: 0.00 (versus lvl1)
W: 0.46, T: 0.02 (versus lvl2)
Training round 81 completed in 1 minutes and 36 seconds.
Expected completion: 07:05 2020-05-18.
Training round 82 stats
Wins 0.50, Ties 0.00, Losses 0.49, Game Length 17.26 moves
Loss p1: 0.177929, Loss p2: 0.195058
Benchmark Stats Training Round 82
W: 0.99, T: 0.00 (versus random)
W: 1.00, T: 0.00 (versus left)
W: 0.90, T: 0.00 (versus lvl1)
W: 0.60, T: 0.00 (versus lvl2)
Training round 82 completed in 1 minutes and 34 seconds.
Expected completion: 07:04 2020-05-18.
Training round 83 stats
Wins 0.50, Ties 0.00, Losses 0.50, Game Length 17.11 moves
Loss p1: 0.191030, Loss p2: 0.196005
Benchmark Stats Training Round 83
W: 0.96, T: 0.00 (versus random)
W: 1.00, T: 0.00 (versus left)
W: 0.91, T: 0.00 (versus lvl1)
W: 0.45, T: 0.00 (versus lvl2)
Training round 83 completed in 1 minutes and 32 seconds.
Expected completion: 07:04 2020-05-18.
Training round 84 stats
Wins 0.45, Ties 0.00, Losses 0.55, Game Length 17.00 moves
Loss p1: 0.205544, Loss p2: 0.205803
Benchmark Stats Training Round 84
W: 0.93, T: 0.00 (versus random)
W: 1.00, T: 0.00 (versus left)
W: 0.92, T: 0.00 (versus lvl1)
W: 0.46, T: 0.01 (versus lvl2)
Training round 84 completed in 1 minutes and 33 seconds.
Expected completion: 07:04 2020-05-18.
Training round 85 stats
Wins 0.50, Ties 0.00, Losses 0.50, Game Length 17.64 moves
Loss p1: 0.189435, Loss p2: 0.198788
Benchmark Stats Training Round 85
W: 0.98, T: 0.00 (versus random)
W: 1.00, T: 0.00 (versus left)
W: 0.93, T: 0.00 (versus lvl1)
W: 0.47, T: 0.02 (versus lvl2)
Training round 85 completed in 1 minutes and 36 seconds.
Expected completion: 07:05 2020-05-18.
Training round 86 stats
Wins 0.51, Ties 0.00, Losses 0.49, Game Length 17.08 moves
Loss p1: 0.193486, Loss p2: 0.200926
Benchmark Stats Training Round 86
W: 0.96, T: 0.00 (versus random)
W: 0.50, T: 0.00 (versus left)
W: 0.87, T: 0.00 (versus lvl1)
W: 0.52, T: 0.02 (versus lvl2)
Training round 86 completed in 1 minutes and 32 seconds.
Expected completion: 07:03 2020-05-18.
Training round 87 stats
Wins 0.53, Ties 0.00, Losses 0.47, Game Length 17.57 moves
Loss p1: 0.196401, Loss p2: 0.202284
Benchmark Stats Training Round 87
W: 0.99, T: 0.00 (versus random)
W: 0.50, T: 0.00 (versus left)
W: 0.93, T: 0.00 (versus lvl1)
W: 0.50, T: 0.01 (versus lvl2)
Training round 87 completed in 1 minutes and 31 seconds.
Expected completion: 07:03 2020-05-18.
Training round 88 stats
Wins 0.52, Ties 0.00, Losses 0.48, Game Length 17.42 moves
Loss p1: 0.202485, Loss p2: 0.214429
Benchmark Stats Training Round 88
W: 0.98, T: 0.00 (versus random)
W: 1.00, T: 0.00 (versus left)
W: 0.97, T: 0.00 (versus lvl1)
W: 0.58, T: 0.01 (versus lvl2)
Training round 88 completed in 1 minutes and 32 seconds.
Expected completion: 07:04 2020-05-18.
Training round 89 stats
Wins 0.47, Ties 0.00, Losses 0.53, Game Length 16.83 moves
Loss p1: 0.194997, Loss p2: 0.212083
Benchmark Stats Training Round 89
W: 0.98, T: 0.00 (versus random)
W: 1.00, T: 0.00 (versus left)
W: 0.86, T: 0.00 (versus lvl1)
W: 0.41, T: 0.02 (versus lvl2)
Training round 89 completed in 1 minutes and 34 seconds.
Expected completion: 07:04 2020-05-18.
Training round 90 stats
Wins 0.51, Ties 0.00, Losses 0.49, Game Length 17.64 moves
Loss p1: 0.193364, Loss p2: 0.211395
Benchmark Stats Training Round 90
W: 0.95, T: 0.00 (versus random)
W: 1.00, T: 0.00 (versus left)
W: 0.91, T: 0.00 (versus lvl1)
W: 0.45, T: 0.00 (versus lvl2)
Training round 90 completed in 1 minutes and 32 seconds.
Expected completion: 07:04 2020-05-18.
Training round 91 stats
Wins 0.49, Ties 0.01, Losses 0.50, Game Length 17.69 moves
Loss p1: 0.199113, Loss p2: 0.207328
Benchmark Stats Training Round 91
W: 0.96, T: 0.00 (versus random)
W: 1.00, T: 0.00 (versus left)
W: 0.93, T: 0.00 (versus lvl1)
W: 0.52, T: 0.00 (versus lvl2)
Training round 91 completed in 1 minutes and 36 seconds.
Expected completion: 07:04 2020-05-18.
Training round 92 stats
Wins 0.53, Ties 0.00, Losses 0.47, Game Length 17.28 moves
Loss p1: 0.204494, Loss p2: 0.214230
Benchmark Stats Training Round 92
W: 0.99, T: 0.00 (versus random)
W: 1.00, T: 0.00 (versus left)
W: 0.93, T: 0.00 (versus lvl1)
W: 0.38, T: 0.02 (versus lvl2)
Training round 92 completed in 1 minutes and 30 seconds.
Expected completion: 07:03 2020-05-18.
Training round 93 stats
Wins 0.52, Ties 0.00, Losses 0.48, Game Length 17.31 moves
Loss p1: 0.202283, Loss p2: 0.221771
Benchmark Stats Training Round 93
W: 0.99, T: 0.00 (versus random)
W: 1.00, T: 0.00 (versus left)
W: 0.93, T: 0.00 (versus lvl1)
W: 0.44, T: 0.01 (versus lvl2)
Training round 93 completed in 1 minutes and 33 seconds.
Expected completion: 07:04 2020-05-18.
Training round 94 stats
Wins 0.52, Ties 0.00, Losses 0.48, Game Length 17.68 moves
Loss p1: 0.198406, Loss p2: 0.208443
Benchmark Stats Training Round 94
W: 0.95, T: 0.00 (versus random)
W: 1.00, T: 0.00 (versus left)
W: 0.92, T: 0.00 (versus lvl1)
W: 0.56, T: 0.00 (versus lvl2)
Training round 94 completed in 1 minutes and 35 seconds.
Expected completion: 07:04 2020-05-18.
Training round 95 stats
Wins 0.51, Ties 0.00, Losses 0.49, Game Length 18.04 moves
Loss p1: 0.200739, Loss p2: 0.212623
Benchmark Stats Training Round 95
W: 0.99, T: 0.00 (versus random)
W: 1.00, T: 0.00 (versus left)
W: 0.90, T: 0.00 (versus lvl1)
W: 0.45, T: 0.02 (versus lvl2)
Training round 95 completed in 1 minutes and 40 seconds.
Expected completion: 07:04 2020-05-18.
Training round 96 stats
Wins 0.50, Ties 0.00, Losses 0.50, Game Length 18.10 moves
Loss p1: 0.192571, Loss p2: 0.206784
Benchmark Stats Training Round 96
W: 0.95, T: 0.00 (versus random)
W: 1.00, T: 0.00 (versus left)
W: 0.87, T: 0.00 (versus lvl1)
W: 0.56, T: 0.01 (versus lvl2)
Training round 96 completed in 1 minutes and 37 seconds.
Expected completion: 07:04 2020-05-18.
Training round 97 stats
Wins 0.54, Ties 0.00, Losses 0.45, Game Length 16.63 moves
Loss p1: 0.200469, Loss p2: 0.211954
Benchmark Stats Training Round 97
W: 0.95, T: 0.00 (versus random)
W: 0.50, T: 0.00 (versus left)
W: 0.92, T: 0.00 (versus lvl1)
W: 0.54, T: 0.00 (versus lvl2)
Training round 97 completed in 1 minutes and 29 seconds.
Expected completion: 07:04 2020-05-18.
Training round 98 stats
Wins 0.53, Ties 0.00, Losses 0.46, Game Length 17.03 moves
Loss p1: 0.188839, Loss p2: 0.209846
Benchmark Stats Training Round 98
W: 1.00, T: 0.00 (versus random)
W: 1.00, T: 0.00 (versus left)
W: 0.93, T: 0.00 (versus lvl1)
W: 0.56, T: 0.01 (versus lvl2)
Training round 98 completed in 1 minutes and 35 seconds.
Expected completion: 07:04 2020-05-18.
Training round 99 stats
Wins 0.56, Ties 0.00, Losses 0.44, Game Length 17.66 moves
Loss p1: 0.193523, Loss p2: 0.215319
Benchmark Stats Training Round 99
W: 0.98, T: 0.00 (versus random)
W: 0.50, T: 0.00 (versus left)
W: 0.99, T: 0.00 (versus lvl1)
W: 0.53, T: 0.00 (versus lvl2)
Training round 99 completed in 1 minutes and 33 seconds.
Expected completion: 07:04 2020-05-18.
Training round 100 stats
Wins 0.49, Ties 0.00, Losses 0.51, Game Length 17.55 moves
Loss p1: 0.200941, Loss p2: 0.220288
Benchmark Stats Training Round 100
W: 0.96, T: 0.00 (versus random)
W: 1.00, T: 0.00 (versus left)
W: 0.94, T: 0.00 (versus lvl1)
W: 0.63, T: 0.00 (versus lvl2)
Training round 100 completed in 1 minutes and 35 seconds.
Expected completion: 07:04 2020-05-18.
