Training Neural Net on Connect 4
  self_play_batch_size: 1000
  benchmark_batch_size: 100
  training_rounds: 100
  memory_size: 1000
  network: C
  exploration: Boltzmann
  loss: MSE
  encoding: integer
  optimizer: Adam
  experience: yes

Benchmark Stats Training Round 0
W: 0.48, T: 0.00 (versus random)
W: 0.50, T: 0.00 (versus left)
W: 0.18, T: 0.00 (versus lvl1)
W: 0.03, T: 0.00 (versus lvl2)
Training round 1 stats
Wins 0.48, Ties 0.01, Losses 0.51, Game Length 20.05 moves
Loss p1: 0.171352, Loss p2: 0.169181
Benchmark Stats Training Round 1
W: 0.69, T: 0.00 (versus random)
W: 0.00, T: 0.00 (versus left)
W: 0.47, T: 0.00 (versus lvl1)
W: 0.05, T: 0.01 (versus lvl2)
Training round 1 completed in 3 minutes and 56 seconds.
Expected completion: 13:47 2020-05-19.
Training round 2 stats
Wins 0.49, Ties 0.00, Losses 0.51, Game Length 19.67 moves
Loss p1: 0.132854, Loss p2: 0.128850
Benchmark Stats Training Round 2
W: 0.80, T: 0.00 (versus random)
W: 0.50, T: 0.00 (versus left)
W: 0.56, T: 0.00 (versus lvl1)
W: 0.13, T: 0.00 (versus lvl2)
Training round 2 completed in 3 minutes and 58 seconds.
Expected completion: 13:50 2020-05-19.
Training round 3 stats
Wins 0.50, Ties 0.01, Losses 0.49, Game Length 19.49 moves
Loss p1: 0.131317, Loss p2: 0.123706
Benchmark Stats Training Round 3
W: 0.94, T: 0.00 (versus random)
W: 0.00, T: 0.00 (versus left)
W: 0.68, T: 0.00 (versus lvl1)
W: 0.25, T: 0.02 (versus lvl2)
Training round 3 completed in 4 minutes and 2 seconds.
Expected completion: 13:56 2020-05-19.
Training round 4 stats
Wins 0.48, Ties 0.00, Losses 0.52, Game Length 19.28 moves
Loss p1: 0.123199, Loss p2: 0.120339
Benchmark Stats Training Round 4
W: 0.84, T: 0.01 (versus random)
W: 0.50, T: 0.00 (versus left)
W: 0.73, T: 0.00 (versus lvl1)
W: 0.25, T: 0.00 (versus lvl2)
Training round 4 completed in 4 minutes and 3 seconds.
Expected completion: 13:58 2020-05-19.
Training round 5 stats
Wins 0.49, Ties 0.00, Losses 0.51, Game Length 19.72 moves
Loss p1: 0.121873, Loss p2: 0.124644
Benchmark Stats Training Round 5
W: 0.84, T: 0.00 (versus random)
W: 0.50, T: 0.00 (versus left)
W: 0.65, T: 0.00 (versus lvl1)
W: 0.29, T: 0.01 (versus lvl2)
Training round 5 completed in 4 minutes and 10 seconds.
Expected completion: 14:09 2020-05-19.
Training round 6 stats
Wins 0.49, Ties 0.00, Losses 0.51, Game Length 19.24 moves
Loss p1: 0.119326, Loss p2: 0.121701
Benchmark Stats Training Round 6
W: 0.81, T: 0.00 (versus random)
W: 0.00, T: 0.00 (versus left)
W: 0.68, T: 0.00 (versus lvl1)
W: 0.15, T: 0.00 (versus lvl2)
Training round 6 completed in 4 minutes and 7 seconds.
Expected completion: 14:05 2020-05-19.
Training round 7 stats
Wins 0.50, Ties 0.00, Losses 0.50, Game Length 19.56 moves
Loss p1: 0.121500, Loss p2: 0.127183
Benchmark Stats Training Round 7
W: 0.90, T: 0.00 (versus random)
W: 0.50, T: 0.00 (versus left)
W: 0.88, T: 0.00 (versus lvl1)
W: 0.45, T: 0.00 (versus lvl2)
Training round 7 completed in 4 minutes and 4 seconds.
Expected completion: 14:01 2020-05-19.
Training round 8 stats
Wins 0.49, Ties 0.00, Losses 0.50, Game Length 19.36 moves
Loss p1: 0.118370, Loss p2: 0.120147
Benchmark Stats Training Round 8
W: 0.82, T: 0.00 (versus random)
W: 0.50, T: 0.00 (versus left)
W: 0.69, T: 0.01 (versus lvl1)
W: 0.25, T: 0.00 (versus lvl2)
Training round 8 completed in 4 minutes and 2 seconds.
Expected completion: 13:56 2020-05-19.
Training round 9 stats
Wins 0.47, Ties 0.00, Losses 0.53, Game Length 18.91 moves
Loss p1: 0.123854, Loss p2: 0.131149
Benchmark Stats Training Round 9
W: 0.92, T: 0.00 (versus random)
W: 0.50, T: 0.00 (versus left)
W: 0.79, T: 0.00 (versus lvl1)
W: 0.30, T: 0.00 (versus lvl2)
Training round 9 completed in 3 minutes and 57 seconds.
Expected completion: 13:49 2020-05-19.
Training round 10 stats
Wins 0.50, Ties 0.00, Losses 0.50, Game Length 18.75 moves
Loss p1: 0.126644, Loss p2: 0.134160
Benchmark Stats Training Round 10
W: 0.88, T: 0.00 (versus random)
W: 0.50, T: 0.00 (versus left)
W: 0.68, T: 0.00 (versus lvl1)
W: 0.30, T: 0.00 (versus lvl2)
Training round 10 completed in 4 minutes and 1 seconds.
Expected completion: 13:55 2020-05-19.
Training round 11 stats
Wins 0.51, Ties 0.00, Losses 0.49, Game Length 19.62 moves
Loss p1: 0.126881, Loss p2: 0.135141
Benchmark Stats Training Round 11
W: 0.84, T: 0.00 (versus random)
W: 0.00, T: 0.00 (versus left)
W: 0.55, T: 0.00 (versus lvl1)
W: 0.15, T: 0.00 (versus lvl2)
Training round 11 completed in 4 minutes and 10 seconds.
Expected completion: 14:09 2020-05-19.
Training round 12 stats
Wins 0.48, Ties 0.00, Losses 0.52, Game Length 19.18 moves
Loss p1: 0.135378, Loss p2: 0.136681
Benchmark Stats Training Round 12
W: 0.84, T: 0.00 (versus random)
W: 0.50, T: 0.00 (versus left)
W: 0.54, T: 0.00 (versus lvl1)
W: 0.21, T: 0.00 (versus lvl2)
Training round 12 completed in 4 minutes and 2 seconds.
Expected completion: 13:57 2020-05-19.
Training round 13 stats
Wins 0.49, Ties 0.00, Losses 0.51, Game Length 19.39 moves
Loss p1: 0.135262, Loss p2: 0.139249
Benchmark Stats Training Round 13
W: 0.84, T: 0.00 (versus random)
W: 0.50, T: 0.00 (versus left)
W: 0.77, T: 0.00 (versus lvl1)
W: 0.30, T: 0.01 (versus lvl2)
Training round 13 completed in 4 minutes and 7 seconds.
Expected completion: 14:05 2020-05-19.
Training round 14 stats
Wins 0.51, Ties 0.00, Losses 0.49, Game Length 18.96 moves
Loss p1: 0.128613, Loss p2: 0.139147
Benchmark Stats Training Round 14
W: 0.84, T: 0.00 (versus random)
W: 0.50, T: 0.00 (versus left)
W: 0.73, T: 0.00 (versus lvl1)
W: 0.19, T: 0.00 (versus lvl2)
Training round 14 completed in 3 minutes and 60 seconds.
Expected completion: 13:54 2020-05-19.
Training round 15 stats
Wins 0.53, Ties 0.00, Losses 0.47, Game Length 19.57 moves
Loss p1: 0.134419, Loss p2: 0.136189
Benchmark Stats Training Round 15
W: 0.89, T: 0.00 (versus random)
W: 0.50, T: 0.00 (versus left)
W: 0.78, T: 0.00 (versus lvl1)
W: 0.42, T: 0.01 (versus lvl2)
Training round 15 completed in 4 minutes and 3 seconds.
Expected completion: 13:59 2020-05-19.
Training round 16 stats
Wins 0.49, Ties 0.00, Losses 0.51, Game Length 19.33 moves
Loss p1: 0.139273, Loss p2: 0.137574
Benchmark Stats Training Round 16
W: 0.87, T: 0.00 (versus random)
W: 0.50, T: 0.00 (versus left)
W: 0.77, T: 0.00 (versus lvl1)
W: 0.24, T: 0.01 (versus lvl2)
Training round 16 completed in 4 minutes and 4 seconds.
Expected completion: 14:00 2020-05-19.
Training round 17 stats
Wins 0.47, Ties 0.00, Losses 0.53, Game Length 19.46 moves
Loss p1: 0.144449, Loss p2: 0.134854
Benchmark Stats Training Round 17
W: 0.89, T: 0.00 (versus random)
W: 0.00, T: 0.00 (versus left)
W: 0.77, T: 0.00 (versus lvl1)
W: 0.22, T: 0.00 (versus lvl2)
Training round 17 completed in 4 minutes and 3 seconds.
Expected completion: 13:58 2020-05-19.
Training round 18 stats
Wins 0.51, Ties 0.00, Losses 0.49, Game Length 19.33 moves
Loss p1: 0.135551, Loss p2: 0.135578
Benchmark Stats Training Round 18
W: 0.76, T: 0.00 (versus random)
W: 0.50, T: 0.00 (versus left)
W: 0.66, T: 0.00 (versus lvl1)
W: 0.17, T: 0.01 (versus lvl2)
Training round 18 completed in 4 minutes and 12 seconds.
Expected completion: 14:11 2020-05-19.
Training round 19 stats
Wins 0.49, Ties 0.01, Losses 0.50, Game Length 19.27 moves
Loss p1: 0.141749, Loss p2: 0.146310
Benchmark Stats Training Round 19
W: 0.90, T: 0.00 (versus random)
W: 0.50, T: 0.00 (versus left)
W: 0.75, T: 0.00 (versus lvl1)
W: 0.24, T: 0.01 (versus lvl2)
Training round 19 completed in 4 minutes and 10 seconds.
Expected completion: 14:08 2020-05-19.
Training round 20 stats
Wins 0.53, Ties 0.00, Losses 0.47, Game Length 18.95 moves
Loss p1: 0.139326, Loss p2: 0.139151
Benchmark Stats Training Round 20
W: 0.94, T: 0.00 (versus random)
W: 1.00, T: 0.00 (versus left)
W: 0.81, T: 0.00 (versus lvl1)
W: 0.19, T: 0.01 (versus lvl2)
Training round 20 completed in 4 minutes and 7 seconds.
Expected completion: 14:04 2020-05-19.
Training round 21 stats
Wins 0.49, Ties 0.00, Losses 0.51, Game Length 19.32 moves
Loss p1: 0.136162, Loss p2: 0.139561
Benchmark Stats Training Round 21
W: 0.83, T: 0.01 (versus random)
W: 0.50, T: 0.00 (versus left)
W: 0.64, T: 0.00 (versus lvl1)
W: 0.16, T: 0.00 (versus lvl2)
Training round 21 completed in 4 minutes and 11 seconds.
Expected completion: 14:09 2020-05-19.
Training round 22 stats
Wins 0.52, Ties 0.01, Losses 0.48, Game Length 19.42 moves
Loss p1: 0.141360, Loss p2: 0.134543
Benchmark Stats Training Round 22
W: 0.84, T: 0.00 (versus random)
W: 0.50, T: 0.00 (versus left)
W: 0.68, T: 0.00 (versus lvl1)
W: 0.19, T: 0.01 (versus lvl2)
Training round 22 completed in 4 minutes and 9 seconds.
Expected completion: 14:07 2020-05-19.
Training round 23 stats
Wins 0.51, Ties 0.00, Losses 0.49, Game Length 19.51 moves
Loss p1: 0.141533, Loss p2: 0.143586
Benchmark Stats Training Round 23
W: 0.85, T: 0.00 (versus random)
W: 0.50, T: 0.00 (versus left)
W: 0.77, T: 0.00 (versus lvl1)
W: 0.33, T: 0.00 (versus lvl2)
Training round 23 completed in 4 minutes and 2 seconds.
Expected completion: 13:58 2020-05-19.
Training round 24 stats
Wins 0.52, Ties 0.00, Losses 0.48, Game Length 19.32 moves
Loss p1: 0.146223, Loss p2: 0.149811
Benchmark Stats Training Round 24
W: 0.92, T: 0.00 (versus random)
W: 0.50, T: 0.00 (versus left)
W: 0.79, T: 0.00 (versus lvl1)
W: 0.22, T: 0.01 (versus lvl2)
Training round 24 completed in 4 minutes and 4 seconds.
Expected completion: 14:00 2020-05-19.
Training round 25 stats
Wins 0.51, Ties 0.00, Losses 0.49, Game Length 18.92 moves
Loss p1: 0.146932, Loss p2: 0.139519
Benchmark Stats Training Round 25
W: 0.85, T: 0.00 (versus random)
W: 0.00, T: 0.00 (versus left)
W: 0.74, T: 0.00 (versus lvl1)
W: 0.24, T: 0.01 (versus lvl2)
Training round 25 completed in 4 minutes and 1 seconds.
Expected completion: 13:56 2020-05-19.
Training round 26 stats
Wins 0.52, Ties 0.00, Losses 0.48, Game Length 19.75 moves
Loss p1: 0.139859, Loss p2: 0.139090
Benchmark Stats Training Round 26
W: 0.82, T: 0.00 (versus random)
W: 1.00, T: 0.00 (versus left)
W: 0.66, T: 0.00 (versus lvl1)
W: 0.25, T: 0.00 (versus lvl2)
Training round 26 completed in 4 minutes and 11 seconds.
Expected completion: 14:08 2020-05-19.
Training round 27 stats
Wins 0.51, Ties 0.00, Losses 0.49, Game Length 19.77 moves
Loss p1: 0.137822, Loss p2: 0.143055
Benchmark Stats Training Round 27
W: 0.88, T: 0.00 (versus random)
W: 0.50, T: 0.00 (versus left)
W: 0.76, T: 0.00 (versus lvl1)
W: 0.35, T: 0.00 (versus lvl2)
Training round 27 completed in 4 minutes and 2 seconds.
Expected completion: 13:58 2020-05-19.
Training round 28 stats
Wins 0.48, Ties 0.00, Losses 0.51, Game Length 19.69 moves
Loss p1: 0.148933, Loss p2: 0.146137
Benchmark Stats Training Round 28
W: 0.93, T: 0.00 (versus random)
W: 0.00, T: 0.00 (versus left)
W: 0.71, T: 0.00 (versus lvl1)
W: 0.26, T: 0.00 (versus lvl2)
Training round 28 completed in 4 minutes and 4 seconds.
Expected completion: 14:00 2020-05-19.
Training round 29 stats
Wins 0.55, Ties 0.01, Losses 0.45, Game Length 19.08 moves
Loss p1: 0.149838, Loss p2: 0.149160
Benchmark Stats Training Round 29
W: 0.91, T: 0.00 (versus random)
W: 0.00, T: 0.00 (versus left)
W: 0.74, T: 0.00 (versus lvl1)
W: 0.30, T: 0.00 (versus lvl2)
Training round 29 completed in 4 minutes and 4 seconds.
Expected completion: 14:01 2020-05-19.
Training round 30 stats
Wins 0.51, Ties 0.00, Losses 0.49, Game Length 19.49 moves
Loss p1: 0.156249, Loss p2: 0.148451
Benchmark Stats Training Round 30
W: 0.91, T: 0.00 (versus random)
W: 0.50, T: 0.00 (versus left)
W: 0.76, T: 0.00 (versus lvl1)
W: 0.22, T: 0.02 (versus lvl2)
Training round 30 completed in 4 minutes and 10 seconds.
Expected completion: 14:08 2020-05-19.
Training round 31 stats
Wins 0.51, Ties 0.00, Losses 0.48, Game Length 19.16 moves
Loss p1: 0.158111, Loss p2: 0.154877
Benchmark Stats Training Round 31
W: 0.91, T: 0.00 (versus random)
W: 0.50, T: 0.00 (versus left)
W: 0.81, T: 0.00 (versus lvl1)
W: 0.49, T: 0.00 (versus lvl2)
Training round 31 completed in 3 minutes and 57 seconds.
Expected completion: 13:52 2020-05-19.
Training round 32 stats
Wins 0.50, Ties 0.00, Losses 0.49, Game Length 19.05 moves
Loss p1: 0.161159, Loss p2: 0.153687
Benchmark Stats Training Round 32
W: 0.85, T: 0.00 (versus random)
W: 0.00, T: 0.00 (versus left)
W: 0.62, T: 0.00 (versus lvl1)
W: 0.18, T: 0.01 (versus lvl2)
Training round 32 completed in 4 minutes and 5 seconds.
Expected completion: 14:02 2020-05-19.
Training round 33 stats
Wins 0.50, Ties 0.00, Losses 0.50, Game Length 19.19 moves
Loss p1: 0.154038, Loss p2: 0.151350
Benchmark Stats Training Round 33
W: 0.91, T: 0.00 (versus random)
W: 0.50, T: 0.00 (versus left)
W: 0.79, T: 0.00 (versus lvl1)
W: 0.23, T: 0.00 (versus lvl2)
Training round 33 completed in 3 minutes and 57 seconds.
Expected completion: 13:52 2020-05-19.
Training round 34 stats
Wins 0.50, Ties 0.00, Losses 0.50, Game Length 19.06 moves
Loss p1: 0.155388, Loss p2: 0.150793
Benchmark Stats Training Round 34
W: 0.92, T: 0.00 (versus random)
W: 1.00, T: 0.00 (versus left)
W: 0.69, T: 0.00 (versus lvl1)
W: 0.12, T: 0.00 (versus lvl2)
Training round 34 completed in 4 minutes and 3 seconds.
Expected completion: 13:59 2020-05-19.
Training round 35 stats
Wins 0.52, Ties 0.00, Losses 0.47, Game Length 18.93 moves
Loss p1: 0.157771, Loss p2: 0.155815
Benchmark Stats Training Round 35
W: 0.89, T: 0.00 (versus random)
W: 1.00, T: 0.00 (versus left)
W: 0.65, T: 0.00 (versus lvl1)
W: 0.27, T: 0.00 (versus lvl2)
Training round 35 completed in 3 minutes and 58 seconds.
Expected completion: 13:54 2020-05-19.
Training round 36 stats
Wins 0.50, Ties 0.00, Losses 0.50, Game Length 18.90 moves
Loss p1: 0.157947, Loss p2: 0.157782
Benchmark Stats Training Round 36
W: 0.88, T: 0.00 (versus random)
W: 0.50, T: 0.00 (versus left)
W: 0.76, T: 0.00 (versus lvl1)
W: 0.29, T: 0.00 (versus lvl2)
Training round 36 completed in 3 minutes and 56 seconds.
Expected completion: 13:52 2020-05-19.
Training round 37 stats
Wins 0.50, Ties 0.00, Losses 0.50, Game Length 18.83 moves
Loss p1: 0.157209, Loss p2: 0.152479
Benchmark Stats Training Round 37
W: 0.83, T: 0.00 (versus random)
W: 0.50, T: 0.00 (versus left)
W: 0.62, T: 0.00 (versus lvl1)
W: 0.25, T: 0.00 (versus lvl2)
Training round 37 completed in 3 minutes and 59 seconds.
Expected completion: 13:55 2020-05-19.
Training round 38 stats
Wins 0.53, Ties 0.00, Losses 0.47, Game Length 19.41 moves
Loss p1: 0.158762, Loss p2: 0.155562
Benchmark Stats Training Round 38
W: 0.92, T: 0.00 (versus random)
W: 0.50, T: 0.00 (versus left)
W: 0.72, T: 0.00 (versus lvl1)
W: 0.31, T: 0.01 (versus lvl2)
Training round 38 completed in 4 minutes and 5 seconds.
Expected completion: 14:01 2020-05-19.
Training round 39 stats
Wins 0.50, Ties 0.00, Losses 0.50, Game Length 19.12 moves
Loss p1: 0.163886, Loss p2: 0.162273
Benchmark Stats Training Round 39
W: 0.90, T: 0.00 (versus random)
W: 0.50, T: 0.00 (versus left)
W: 0.73, T: 0.00 (versus lvl1)
W: 0.31, T: 0.00 (versus lvl2)
Training round 39 completed in 4 minutes and 2 seconds.
Expected completion: 13:58 2020-05-19.
Training round 40 stats
Wins 0.50, Ties 0.00, Losses 0.50, Game Length 19.01 moves
Loss p1: 0.162573, Loss p2: 0.159601
Benchmark Stats Training Round 40
W: 0.82, T: 0.00 (versus random)
W: 0.00, T: 0.00 (versus left)
W: 0.57, T: 0.00 (versus lvl1)
W: 0.14, T: 0.01 (versus lvl2)
Training round 40 completed in 4 minutes and 11 seconds.
Expected completion: 14:07 2020-05-19.
Training round 41 stats
Wins 0.49, Ties 0.00, Losses 0.50, Game Length 18.96 moves
Loss p1: 0.164268, Loss p2: 0.165823
Benchmark Stats Training Round 41
W: 0.95, T: 0.00 (versus random)
W: 0.50, T: 0.00 (versus left)
W: 0.81, T: 0.00 (versus lvl1)
W: 0.30, T: 0.01 (versus lvl2)
Training round 41 completed in 3 minutes and 59 seconds.
Expected completion: 13:55 2020-05-19.
Training round 42 stats
Wins 0.47, Ties 0.00, Losses 0.53, Game Length 19.17 moves
Loss p1: 0.164697, Loss p2: 0.156245
Benchmark Stats Training Round 42
W: 0.93, T: 0.00 (versus random)
W: 0.50, T: 0.00 (versus left)
W: 0.81, T: 0.00 (versus lvl1)
W: 0.43, T: 0.01 (versus lvl2)
Training round 42 completed in 3 minutes and 56 seconds.
Expected completion: 13:53 2020-05-19.
Training round 43 stats
Wins 0.48, Ties 0.01, Losses 0.51, Game Length 19.14 moves
Loss p1: 0.161768, Loss p2: 0.161431
Benchmark Stats Training Round 43
W: 0.89, T: 0.00 (versus random)
W: 0.50, T: 0.00 (versus left)
W: 0.60, T: 0.00 (versus lvl1)
W: 0.19, T: 0.00 (versus lvl2)
Training round 43 completed in 4 minutes and 6 seconds.
Expected completion: 14:01 2020-05-19.
Training round 44 stats
Wins 0.50, Ties 0.00, Losses 0.50, Game Length 19.16 moves
Loss p1: 0.167301, Loss p2: 0.163697
Benchmark Stats Training Round 44
W: 0.86, T: 0.00 (versus random)
W: 0.50, T: 0.00 (versus left)
W: 0.72, T: 0.00 (versus lvl1)
W: 0.21, T: 0.02 (versus lvl2)
Training round 44 completed in 4 minutes and 3 seconds.
Expected completion: 13:59 2020-05-19.
Training round 45 stats
Wins 0.50, Ties 0.00, Losses 0.49, Game Length 18.96 moves
Loss p1: 0.174836, Loss p2: 0.172110
Benchmark Stats Training Round 45
W: 0.91, T: 0.01 (versus random)
W: 0.50, T: 0.00 (versus left)
W: 0.69, T: 0.00 (versus lvl1)
W: 0.32, T: 0.00 (versus lvl2)
Training round 45 completed in 4 minutes and 8 seconds.
Expected completion: 14:04 2020-05-19.
Training round 46 stats
Wins 0.49, Ties 0.00, Losses 0.51, Game Length 18.95 moves
Loss p1: 0.177168, Loss p2: 0.166222
Benchmark Stats Training Round 46
W: 0.85, T: 0.00 (versus random)
W: 1.00, T: 0.00 (versus left)
W: 0.85, T: 0.00 (versus lvl1)
W: 0.36, T: 0.00 (versus lvl2)
Training round 46 completed in 4 minutes and 1 seconds.
Expected completion: 13:57 2020-05-19.
Training round 47 stats
Wins 0.54, Ties 0.00, Losses 0.46, Game Length 19.34 moves
Loss p1: 0.170972, Loss p2: 0.175711
Benchmark Stats Training Round 47
W: 0.87, T: 0.00 (versus random)
W: 0.00, T: 0.00 (versus left)
W: 0.70, T: 0.00 (versus lvl1)
W: 0.19, T: 0.00 (versus lvl2)
Training round 47 completed in 4 minutes and 9 seconds.
Expected completion: 14:05 2020-05-19.
Training round 48 stats
Wins 0.52, Ties 0.00, Losses 0.48, Game Length 19.04 moves
Loss p1: 0.172125, Loss p2: 0.172000
Benchmark Stats Training Round 48
W: 0.84, T: 0.02 (versus random)
W: 0.00, T: 0.00 (versus left)
W: 0.69, T: 0.00 (versus lvl1)
W: 0.26, T: 0.00 (versus lvl2)
Training round 48 completed in 4 minutes and 8 seconds.
Expected completion: 14:03 2020-05-19.
Training round 49 stats
Wins 0.55, Ties 0.00, Losses 0.44, Game Length 19.34 moves
Loss p1: 0.171735, Loss p2: 0.161819
Benchmark Stats Training Round 49
W: 0.97, T: 0.00 (versus random)
W: 0.50, T: 0.00 (versus left)
W: 0.93, T: 0.00 (versus lvl1)
W: 0.31, T: 0.01 (versus lvl2)
Training round 49 completed in 3 minutes and 59 seconds.
Expected completion: 13:56 2020-05-19.
Training round 50 stats
Wins 0.48, Ties 0.00, Losses 0.51, Game Length 19.25 moves
Loss p1: 0.180589, Loss p2: 0.170106
Benchmark Stats Training Round 50
W: 0.90, T: 0.00 (versus random)
W: 1.00, T: 0.00 (versus left)
W: 0.73, T: 0.00 (versus lvl1)
W: 0.27, T: 0.00 (versus lvl2)
Training round 50 completed in 4 minutes and 5 seconds.
Expected completion: 14:00 2020-05-19.
Training round 51 stats
Wins 0.53, Ties 0.00, Losses 0.47, Game Length 19.09 moves
Loss p1: 0.178150, Loss p2: 0.169833
Benchmark Stats Training Round 51
W: 0.87, T: 0.00 (versus random)
W: 0.50, T: 0.00 (versus left)
W: 0.66, T: 0.01 (versus lvl1)
W: 0.21, T: 0.00 (versus lvl2)
Training round 51 completed in 4 minutes and 4 seconds.
Expected completion: 14:00 2020-05-19.
Training round 52 stats
Wins 0.51, Ties 0.00, Losses 0.49, Game Length 18.85 moves
Loss p1: 0.183166, Loss p2: 0.176900
Benchmark Stats Training Round 52
W: 0.86, T: 0.00 (versus random)
W: 0.00, T: 0.00 (versus left)
W: 0.67, T: 0.00 (versus lvl1)
W: 0.21, T: 0.01 (versus lvl2)
Training round 52 completed in 4 minutes and 0 seconds.
Expected completion: 13:57 2020-05-19.
Training round 53 stats
Wins 0.46, Ties 0.00, Losses 0.54, Game Length 18.67 moves
Loss p1: 0.176585, Loss p2: 0.169938
Benchmark Stats Training Round 53
W: 0.92, T: 0.00 (versus random)
W: 0.50, T: 0.00 (versus left)
W: 0.83, T: 0.00 (versus lvl1)
W: 0.20, T: 0.02 (versus lvl2)
Training round 53 completed in 3 minutes and 57 seconds.
Expected completion: 13:54 2020-05-19.
Training round 54 stats
Wins 0.47, Ties 0.00, Losses 0.53, Game Length 18.84 moves
Loss p1: 0.181801, Loss p2: 0.170165
Benchmark Stats Training Round 54
W: 0.88, T: 0.00 (versus random)
W: 0.50, T: 0.00 (versus left)
W: 0.81, T: 0.00 (versus lvl1)
W: 0.28, T: 0.01 (versus lvl2)
Training round 54 completed in 4 minutes and 0 seconds.
Expected completion: 13:57 2020-05-19.
Training round 55 stats
Wins 0.48, Ties 0.00, Losses 0.52, Game Length 18.83 moves
Loss p1: 0.188639, Loss p2: 0.179531
Benchmark Stats Training Round 55
W: 0.84, T: 0.00 (versus random)
W: 0.50, T: 0.00 (versus left)
W: 0.61, T: 0.00 (versus lvl1)
W: 0.15, T: 0.01 (versus lvl2)
Training round 55 completed in 3 minutes and 60 seconds.
Expected completion: 13:56 2020-05-19.
Training round 56 stats
Wins 0.51, Ties 0.00, Losses 0.49, Game Length 18.92 moves
Loss p1: 0.175140, Loss p2: 0.180798
Benchmark Stats Training Round 56
W: 0.84, T: 0.00 (versus random)
W: 0.50, T: 0.00 (versus left)
W: 0.83, T: 0.00 (versus lvl1)
W: 0.25, T: 0.00 (versus lvl2)
Training round 56 completed in 4 minutes and 2 seconds.
Expected completion: 13:58 2020-05-19.
Training round 57 stats
Wins 0.49, Ties 0.00, Losses 0.50, Game Length 19.34 moves
Loss p1: 0.169658, Loss p2: 0.173226
Benchmark Stats Training Round 57
W: 0.84, T: 0.00 (versus random)
W: 0.50, T: 0.00 (versus left)
W: 0.71, T: 0.00 (versus lvl1)
W: 0.21, T: 0.00 (versus lvl2)
Training round 57 completed in 4 minutes and 6 seconds.
Expected completion: 14:01 2020-05-19.
Training round 58 stats
Wins 0.50, Ties 0.00, Losses 0.50, Game Length 18.90 moves
Loss p1: 0.185375, Loss p2: 0.171973
Benchmark Stats Training Round 58
W: 0.90, T: 0.00 (versus random)
W: 0.50, T: 0.00 (versus left)
W: 0.65, T: 0.00 (versus lvl1)
W: 0.14, T: 0.00 (versus lvl2)
Training round 58 completed in 3 minutes and 55 seconds.
Expected completion: 13:53 2020-05-19.
Training round 59 stats
Wins 0.50, Ties 0.00, Losses 0.49, Game Length 18.99 moves
Loss p1: 0.182037, Loss p2: 0.169951
Benchmark Stats Training Round 59
W: 0.89, T: 0.00 (versus random)
W: 0.50, T: 0.00 (versus left)
W: 0.74, T: 0.00 (versus lvl1)
W: 0.27, T: 0.01 (versus lvl2)
Training round 59 completed in 3 minutes and 56 seconds.
Expected completion: 13:54 2020-05-19.
Training round 60 stats
Wins 0.51, Ties 0.00, Losses 0.49, Game Length 18.89 moves
Loss p1: 0.186190, Loss p2: 0.171144
Benchmark Stats Training Round 60
W: 0.88, T: 0.00 (versus random)
W: 0.50, T: 0.00 (versus left)
W: 0.77, T: 0.00 (versus lvl1)
W: 0.27, T: 0.01 (versus lvl2)
Training round 60 completed in 3 minutes and 59 seconds.
Expected completion: 13:56 2020-05-19.
Training round 61 stats
Wins 0.52, Ties 0.00, Losses 0.47, Game Length 19.23 moves
Loss p1: 0.184674, Loss p2: 0.173015
Benchmark Stats Training Round 61
W: 0.89, T: 0.00 (versus random)
W: 0.50, T: 0.00 (versus left)
W: 0.72, T: 0.00 (versus lvl1)
W: 0.29, T: 0.01 (versus lvl2)
Training round 61 completed in 4 minutes and 4 seconds.
Expected completion: 13:59 2020-05-19.
Training round 62 stats
Wins 0.52, Ties 0.01, Losses 0.47, Game Length 19.00 moves
Loss p1: 0.187213, Loss p2: 0.171541
Benchmark Stats Training Round 62
W: 0.96, T: 0.00 (versus random)
W: 0.50, T: 0.00 (versus left)
W: 0.83, T: 0.00 (versus lvl1)
W: 0.47, T: 0.00 (versus lvl2)
Training round 62 completed in 3 minutes and 52 seconds.
Expected completion: 13:52 2020-05-19.
Training round 63 stats
Wins 0.50, Ties 0.00, Losses 0.49, Game Length 18.77 moves
Loss p1: 0.182087, Loss p2: 0.181379
Benchmark Stats Training Round 63
W: 0.84, T: 0.00 (versus random)
W: 0.50, T: 0.00 (versus left)
W: 0.75, T: 0.00 (versus lvl1)
W: 0.41, T: 0.01 (versus lvl2)
Training round 63 completed in 3 minutes and 55 seconds.
Expected completion: 13:53 2020-05-19.
Training round 64 stats
Wins 0.49, Ties 0.00, Losses 0.50, Game Length 19.05 moves
Loss p1: 0.186005, Loss p2: 0.182988
Benchmark Stats Training Round 64
W: 0.86, T: 0.00 (versus random)
W: 0.50, T: 0.00 (versus left)
W: 0.69, T: 0.00 (versus lvl1)
W: 0.22, T: 0.00 (versus lvl2)
Training round 64 completed in 4 minutes and 5 seconds.
Expected completion: 14:00 2020-05-19.
Training round 65 stats
Wins 0.49, Ties 0.00, Losses 0.51, Game Length 19.45 moves
Loss p1: 0.180399, Loss p2: 0.178863
Benchmark Stats Training Round 65
W: 0.92, T: 0.00 (versus random)
W: 0.00, T: 0.00 (versus left)
W: 0.72, T: 0.00 (versus lvl1)
W: 0.27, T: 0.01 (versus lvl2)
Training round 65 completed in 4 minutes and 7 seconds.
Expected completion: 14:01 2020-05-19.
Training round 66 stats
Wins 0.48, Ties 0.00, Losses 0.52, Game Length 19.36 moves
Loss p1: 0.176603, Loss p2: 0.174923
Benchmark Stats Training Round 66
W: 0.80, T: 0.00 (versus random)
W: 0.50, T: 0.00 (versus left)
W: 0.58, T: 0.00 (versus lvl1)
W: 0.16, T: 0.00 (versus lvl2)
Training round 66 completed in 4 minutes and 7 seconds.
Expected completion: 14:00 2020-05-19.
Training round 67 stats
Wins 0.49, Ties 0.00, Losses 0.51, Game Length 18.71 moves
Loss p1: 0.182369, Loss p2: 0.185267
Benchmark Stats Training Round 67
W: 0.92, T: 0.00 (versus random)
W: 0.50, T: 0.00 (versus left)
W: 0.67, T: 0.00 (versus lvl1)
W: 0.22, T: 0.00 (versus lvl2)
Training round 67 completed in 3 minutes and 52 seconds.
Expected completion: 13:52 2020-05-19.
Training round 68 stats
Wins 0.48, Ties 0.00, Losses 0.52, Game Length 19.14 moves
Loss p1: 0.191935, Loss p2: 0.177852
Benchmark Stats Training Round 68
W: 0.87, T: 0.00 (versus random)
W: 1.00, T: 0.00 (versus left)
W: 0.70, T: 0.00 (versus lvl1)
W: 0.21, T: 0.00 (versus lvl2)
Training round 68 completed in 4 minutes and 4 seconds.
Expected completion: 13:59 2020-05-19.
Training round 69 stats
Wins 0.51, Ties 0.01, Losses 0.48, Game Length 19.34 moves
Loss p1: 0.188163, Loss p2: 0.197803
Benchmark Stats Training Round 69
W: 0.85, T: 0.00 (versus random)
W: 1.00, T: 0.00 (versus left)
W: 0.78, T: 0.00 (versus lvl1)
W: 0.38, T: 0.02 (versus lvl2)
Training round 69 completed in 4 minutes and 3 seconds.
Expected completion: 13:58 2020-05-19.
Training round 70 stats
Wins 0.50, Ties 0.00, Losses 0.49, Game Length 18.95 moves
Loss p1: 0.194352, Loss p2: 0.180698
Benchmark Stats Training Round 70
W: 0.92, T: 0.00 (versus random)
W: 0.50, T: 0.00 (versus left)
W: 0.72, T: 0.00 (versus lvl1)
W: 0.24, T: 0.00 (versus lvl2)
Training round 70 completed in 4 minutes and 4 seconds.
Expected completion: 13:59 2020-05-19.
Training round 71 stats
Wins 0.49, Ties 0.00, Losses 0.50, Game Length 19.05 moves
Loss p1: 0.195873, Loss p2: 0.182902
Benchmark Stats Training Round 71
W: 0.89, T: 0.00 (versus random)
W: 0.50, T: 0.00 (versus left)
W: 0.81, T: 0.00 (versus lvl1)
W: 0.37, T: 0.00 (versus lvl2)
Training round 71 completed in 4 minutes and 0 seconds.
Expected completion: 13:57 2020-05-19.
Training round 72 stats
Wins 0.52, Ties 0.00, Losses 0.48, Game Length 19.43 moves
Loss p1: 0.189686, Loss p2: 0.172027
Benchmark Stats Training Round 72
W: 0.83, T: 0.00 (versus random)
W: 0.50, T: 0.00 (versus left)
W: 0.76, T: 0.00 (versus lvl1)
W: 0.26, T: 0.01 (versus lvl2)
Training round 72 completed in 4 minutes and 2 seconds.
Expected completion: 13:58 2020-05-19.
Training round 73 stats
Wins 0.49, Ties 0.00, Losses 0.50, Game Length 19.08 moves
Loss p1: 0.180465, Loss p2: 0.177689
Benchmark Stats Training Round 73
W: 0.91, T: 0.00 (versus random)
W: 0.50, T: 0.00 (versus left)
W: 0.83, T: 0.00 (versus lvl1)
W: 0.26, T: 0.03 (versus lvl2)
Training round 73 completed in 4 minutes and 4 seconds.
Expected completion: 13:59 2020-05-19.
Training round 74 stats
Wins 0.50, Ties 0.01, Losses 0.50, Game Length 19.45 moves
Loss p1: 0.188228, Loss p2: 0.179320
Benchmark Stats Training Round 74
W: 0.90, T: 0.00 (versus random)
W: 0.50, T: 0.00 (versus left)
W: 0.68, T: 0.00 (versus lvl1)
W: 0.27, T: 0.00 (versus lvl2)
Training round 74 completed in 4 minutes and 2 seconds.
Expected completion: 13:58 2020-05-19.
Training round 75 stats
Wins 0.52, Ties 0.00, Losses 0.48, Game Length 19.35 moves
Loss p1: 0.194217, Loss p2: 0.189632
Benchmark Stats Training Round 75
W: 0.78, T: 0.00 (versus random)
W: 0.50, T: 0.00 (versus left)
W: 0.73, T: 0.00 (versus lvl1)
W: 0.24, T: 0.00 (versus lvl2)
Training round 75 completed in 4 minutes and 3 seconds.
Expected completion: 13:58 2020-05-19.
Training round 76 stats
Wins 0.51, Ties 0.00, Losses 0.49, Game Length 18.73 moves
Loss p1: 0.185524, Loss p2: 0.180374
Benchmark Stats Training Round 76
W: 0.77, T: 0.00 (versus random)
W: 0.50, T: 0.00 (versus left)
W: 0.73, T: 0.01 (versus lvl1)
W: 0.32, T: 0.01 (versus lvl2)
Training round 76 completed in 4 minutes and 1 seconds.
Expected completion: 13:57 2020-05-19.
Training round 77 stats
Wins 0.50, Ties 0.00, Losses 0.50, Game Length 18.99 moves
Loss p1: 0.194939, Loss p2: 0.180177
Benchmark Stats Training Round 77
W: 0.90, T: 0.00 (versus random)
W: 0.50, T: 0.00 (versus left)
W: 0.81, T: 0.00 (versus lvl1)
W: 0.43, T: 0.00 (versus lvl2)
Training round 77 completed in 3 minutes and 59 seconds.
Expected completion: 13:56 2020-05-19.
Training round 78 stats
Wins 0.50, Ties 0.00, Losses 0.50, Game Length 19.05 moves
Loss p1: 0.199158, Loss p2: 0.186609
Benchmark Stats Training Round 78
W: 0.85, T: 0.00 (versus random)
W: 1.00, T: 0.00 (versus left)
W: 0.71, T: 0.00 (versus lvl1)
W: 0.18, T: 0.00 (versus lvl2)
Training round 78 completed in 4 minutes and 0 seconds.
Expected completion: 13:57 2020-05-19.
Training round 79 stats
Wins 0.50, Ties 0.00, Losses 0.50, Game Length 18.89 moves
Loss p1: 0.193398, Loss p2: 0.184088
Benchmark Stats Training Round 79
W: 0.95, T: 0.00 (versus random)
W: 0.00, T: 0.00 (versus left)
W: 0.82, T: 0.00 (versus lvl1)
W: 0.25, T: 0.01 (versus lvl2)
Training round 79 completed in 3 minutes and 58 seconds.
Expected completion: 13:56 2020-05-19.
Training round 80 stats
Wins 0.51, Ties 0.00, Losses 0.49, Game Length 18.92 moves
Loss p1: 0.188120, Loss p2: 0.190680
Benchmark Stats Training Round 80
W: 0.82, T: 0.00 (versus random)
W: 0.00, T: 0.00 (versus left)
W: 0.72, T: 0.00 (versus lvl1)
W: 0.32, T: 0.00 (versus lvl2)
Training round 80 completed in 3 minutes and 60 seconds.
Expected completion: 13:57 2020-05-19.
Training round 81 stats
Wins 0.50, Ties 0.00, Losses 0.50, Game Length 18.77 moves
Loss p1: 0.207850, Loss p2: 0.196936
Benchmark Stats Training Round 81
W: 0.83, T: 0.00 (versus random)
W: 0.50, T: 0.00 (versus left)
W: 0.73, T: 0.00 (versus lvl1)
W: 0.13, T: 0.02 (versus lvl2)
Training round 81 completed in 4 minutes and 4 seconds.
Expected completion: 13:58 2020-05-19.
Training round 82 stats
Wins 0.54, Ties 0.00, Losses 0.46, Game Length 19.36 moves
Loss p1: 0.187066, Loss p2: 0.186865
Benchmark Stats Training Round 82
W: 0.70, T: 0.00 (versus random)
W: 0.50, T: 0.00 (versus left)
W: 0.64, T: 0.00 (versus lvl1)
W: 0.12, T: 0.02 (versus lvl2)
Training round 82 completed in 4 minutes and 11 seconds.
Expected completion: 14:01 2020-05-19.
Training round 83 stats
Wins 0.53, Ties 0.00, Losses 0.47, Game Length 19.11 moves
Loss p1: 0.194419, Loss p2: 0.183978
Benchmark Stats Training Round 83
W: 0.94, T: 0.00 (versus random)
W: 0.50, T: 0.00 (versus left)
W: 0.83, T: 0.00 (versus lvl1)
W: 0.39, T: 0.00 (versus lvl2)
Training round 83 completed in 4 minutes and 1 seconds.
Expected completion: 13:57 2020-05-19.
Training round 84 stats
Wins 0.50, Ties 0.00, Losses 0.50, Game Length 19.00 moves
Loss p1: 0.200383, Loss p2: 0.188534
Benchmark Stats Training Round 84
W: 0.87, T: 0.00 (versus random)
W: 0.50, T: 0.00 (versus left)
W: 0.75, T: 0.00 (versus lvl1)
W: 0.39, T: 0.01 (versus lvl2)
Training round 84 completed in 4 minutes and 3 seconds.
Expected completion: 13:58 2020-05-19.
Training round 85 stats
Wins 0.49, Ties 0.00, Losses 0.51, Game Length 18.82 moves
Loss p1: 0.204831, Loss p2: 0.191512
Benchmark Stats Training Round 85
W: 0.91, T: 0.00 (versus random)
W: 0.50, T: 0.00 (versus left)
W: 0.76, T: 0.00 (versus lvl1)
W: 0.38, T: 0.01 (versus lvl2)
Training round 85 completed in 3 minutes and 54 seconds.
Expected completion: 13:56 2020-05-19.
Training round 86 stats
Wins 0.52, Ties 0.00, Losses 0.47, Game Length 18.68 moves
Loss p1: 0.196406, Loss p2: 0.200149
Benchmark Stats Training Round 86
W: 0.88, T: 0.00 (versus random)
W: 0.50, T: 0.00 (versus left)
W: 0.79, T: 0.00 (versus lvl1)
W: 0.14, T: 0.01 (versus lvl2)
Training round 86 completed in 3 minutes and 58 seconds.
Expected completion: 13:57 2020-05-19.
Training round 87 stats
Wins 0.48, Ties 0.00, Losses 0.52, Game Length 18.95 moves
Loss p1: 0.198456, Loss p2: 0.190368
Benchmark Stats Training Round 87
W: 0.87, T: 0.00 (versus random)
W: 1.00, T: 0.00 (versus left)
W: 0.72, T: 0.00 (versus lvl1)
W: 0.28, T: 0.00 (versus lvl2)
Training round 87 completed in 4 minutes and 3 seconds.
Expected completion: 13:58 2020-05-19.
Training round 88 stats
Wins 0.51, Ties 0.00, Losses 0.49, Game Length 19.52 moves
Loss p1: 0.190352, Loss p2: 0.192009
Benchmark Stats Training Round 88
W: 0.90, T: 0.00 (versus random)
W: 0.50, T: 0.00 (versus left)
W: 0.83, T: 0.00 (versus lvl1)
W: 0.32, T: 0.00 (versus lvl2)
Training round 88 completed in 4 minutes and 0 seconds.
Expected completion: 13:57 2020-05-19.
Training round 89 stats
Wins 0.48, Ties 0.00, Losses 0.52, Game Length 19.17 moves
Loss p1: 0.195533, Loss p2: 0.197677
Benchmark Stats Training Round 89
W: 0.88, T: 0.00 (versus random)
W: 0.50, T: 0.00 (versus left)
W: 0.69, T: 0.00 (versus lvl1)
W: 0.32, T: 0.00 (versus lvl2)
Training round 89 completed in 3 minutes and 59 seconds.
Expected completion: 13:57 2020-05-19.
Training round 90 stats
Wins 0.51, Ties 0.00, Losses 0.49, Game Length 19.07 moves
Loss p1: 0.204893, Loss p2: 0.201272
Benchmark Stats Training Round 90
W: 0.82, T: 0.00 (versus random)
W: 0.50, T: 0.00 (versus left)
W: 0.60, T: 0.00 (versus lvl1)
W: 0.24, T: 0.01 (versus lvl2)
Training round 90 completed in 4 minutes and 3 seconds.
Expected completion: 13:58 2020-05-19.
Training round 91 stats
Wins 0.50, Ties 0.00, Losses 0.50, Game Length 19.54 moves
Loss p1: 0.195142, Loss p2: 0.189644
Benchmark Stats Training Round 91
W: 0.79, T: 0.00 (versus random)
W: 0.00, T: 0.00 (versus left)
W: 0.77, T: 0.00 (versus lvl1)
W: 0.17, T: 0.00 (versus lvl2)
Training round 91 completed in 4 minutes and 6 seconds.
Expected completion: 13:58 2020-05-19.
Training round 92 stats
Wins 0.49, Ties 0.00, Losses 0.51, Game Length 19.13 moves
Loss p1: 0.197896, Loss p2: 0.196589
Benchmark Stats Training Round 92
W: 0.94, T: 0.00 (versus random)
W: 0.50, T: 0.00 (versus left)
W: 0.85, T: 0.00 (versus lvl1)
W: 0.50, T: 0.01 (versus lvl2)
Training round 92 completed in 3 minutes and 54 seconds.
Expected completion: 13:56 2020-05-19.
Training round 93 stats
Wins 0.50, Ties 0.00, Losses 0.50, Game Length 18.96 moves
Loss p1: 0.213285, Loss p2: 0.194204
Benchmark Stats Training Round 93
W: 0.86, T: 0.00 (versus random)
W: 0.50, T: 0.00 (versus left)
W: 0.68, T: 0.00 (versus lvl1)
W: 0.18, T: 0.02 (versus lvl2)
Training round 93 completed in 3 minutes and 56 seconds.
Expected completion: 13:57 2020-05-19.
Training round 94 stats
Wins 0.54, Ties 0.00, Losses 0.46, Game Length 18.92 moves
Loss p1: 0.203324, Loss p2: 0.200174
Benchmark Stats Training Round 94
W: 0.94, T: 0.00 (versus random)
W: 0.50, T: 0.00 (versus left)
W: 0.80, T: 0.00 (versus lvl1)
W: 0.37, T: 0.01 (versus lvl2)
Training round 94 completed in 3 minutes and 56 seconds.
Expected completion: 13:57 2020-05-19.
Training round 95 stats
Wins 0.50, Ties 0.00, Losses 0.50, Game Length 18.51 moves
Loss p1: 0.217284, Loss p2: 0.202585
Benchmark Stats Training Round 95
W: 0.84, T: 0.00 (versus random)
W: 0.50, T: 0.00 (versus left)
W: 0.81, T: 0.00 (versus lvl1)
W: 0.20, T: 0.00 (versus lvl2)
Training round 95 completed in 3 minutes and 57 seconds.
Expected completion: 13:57 2020-05-19.
Training round 96 stats
Wins 0.49, Ties 0.01, Losses 0.50, Game Length 19.39 moves
Loss p1: 0.207235, Loss p2: 0.200195
Benchmark Stats Training Round 96
W: 0.96, T: 0.00 (versus random)
W: 0.50, T: 0.00 (versus left)
W: 0.75, T: 0.00 (versus lvl1)
W: 0.27, T: 0.02 (versus lvl2)
Training round 96 completed in 4 minutes and 2 seconds.
Expected completion: 13:57 2020-05-19.
Training round 97 stats
Wins 0.50, Ties 0.00, Losses 0.50, Game Length 18.60 moves
Loss p1: 0.216066, Loss p2: 0.203439
Benchmark Stats Training Round 97
W: 0.88, T: 0.00 (versus random)
W: 0.50, T: 0.00 (versus left)
W: 0.82, T: 0.00 (versus lvl1)
W: 0.29, T: 0.00 (versus lvl2)
Training round 97 completed in 3 minutes and 52 seconds.
Expected completion: 13:56 2020-05-19.
Training round 98 stats
Wins 0.49, Ties 0.00, Losses 0.51, Game Length 19.27 moves
Loss p1: 0.197665, Loss p2: 0.191268
Benchmark Stats Training Round 98
W: 0.97, T: 0.00 (versus random)
W: 0.50, T: 0.00 (versus left)
W: 0.84, T: 0.00 (versus lvl1)
W: 0.41, T: 0.00 (versus lvl2)
Training round 98 completed in 3 minutes and 58 seconds.
Expected completion: 13:57 2020-05-19.
Training round 99 stats
Wins 0.50, Ties 0.00, Losses 0.50, Game Length 19.07 moves
Loss p1: 0.195599, Loss p2: 0.192558
Benchmark Stats Training Round 99
W: 0.89, T: 0.00 (versus random)
W: 0.50, T: 0.00 (versus left)
W: 0.74, T: 0.00 (versus lvl1)
W: 0.31, T: 0.01 (versus lvl2)
Training round 99 completed in 3 minutes and 59 seconds.
Expected completion: 13:57 2020-05-19.
Training round 100 stats
Wins 0.54, Ties 0.00, Losses 0.46, Game Length 18.89 moves
Loss p1: 0.205142, Loss p2: 0.203327
Benchmark Stats Training Round 100
W: 0.96, T: 0.00 (versus random)
W: 0.50, T: 0.00 (versus left)
W: 0.81, T: 0.00 (versus lvl1)
W: 0.41, T: 0.00 (versus lvl2)
Training round 100 completed in 3 minutes and 55 seconds.
Expected completion: 13:57 2020-05-19.
