Training Neural Net on Connect 4
  self_play_batch_size: 1000
  benchmark_batch_size: 100
  training_rounds: 100
  memory_size: 1000
  network: C
  exploration: Boltzmann
  loss: MSE
  encoding: integer
  optimizer: Adam
  experience: yes

Benchmark Stats Training Round 0
W: 0.54, T: 0.00 (versus random)
W: 0.00, T: 0.00 (versus left)
W: 0.23, T: 0.00 (versus lvl1)
W: 0.03, T: 0.00 (versus lvl2)
Training round 1 stats
Wins 0.50, Ties 0.00, Losses 0.50, Game Length 20.07 moves
Loss p1: 0.175345, Loss p2: 0.164657
Benchmark Stats Training Round 1
W: 0.81, T: 0.00 (versus random)
W: 0.50, T: 0.00 (versus left)
W: 0.61, T: 0.00 (versus lvl1)
W: 0.31, T: 0.00 (versus lvl2)
Training round 1 completed in 4 minutes and 14 seconds.
Expected completion: 14:23 2020-05-19.
Training round 2 stats
Wins 0.49, Ties 0.00, Losses 0.51, Game Length 19.53 moves
Loss p1: 0.127402, Loss p2: 0.125455
Benchmark Stats Training Round 2
W: 0.78, T: 0.00 (versus random)
W: 0.50, T: 0.00 (versus left)
W: 0.66, T: 0.00 (versus lvl1)
W: 0.04, T: 0.01 (versus lvl2)
Training round 2 completed in 4 minutes and 4 seconds.
Expected completion: 14:07 2020-05-19.
Training round 3 stats
Wins 0.48, Ties 0.00, Losses 0.52, Game Length 19.37 moves
Loss p1: 0.135005, Loss p2: 0.134210
Benchmark Stats Training Round 3
W: 0.80, T: 0.00 (versus random)
W: 0.50, T: 0.00 (versus left)
W: 0.73, T: 0.00 (versus lvl1)
W: 0.24, T: 0.00 (versus lvl2)
Training round 3 completed in 4 minutes and 1 seconds.
Expected completion: 14:02 2020-05-19.
Training round 4 stats
Wins 0.50, Ties 0.00, Losses 0.50, Game Length 18.96 moves
Loss p1: 0.129584, Loss p2: 0.130972
Benchmark Stats Training Round 4
W: 0.87, T: 0.00 (versus random)
W: 0.50, T: 0.00 (versus left)
W: 0.53, T: 0.00 (versus lvl1)
W: 0.14, T: 0.00 (versus lvl2)
Training round 4 completed in 4 minutes and 6 seconds.
Expected completion: 14:11 2020-05-19.
Training round 5 stats
Wins 0.52, Ties 0.01, Losses 0.48, Game Length 19.57 moves
Loss p1: 0.120526, Loss p2: 0.126522
Benchmark Stats Training Round 5
W: 0.85, T: 0.00 (versus random)
W: 1.00, T: 0.00 (versus left)
W: 0.58, T: 0.00 (versus lvl1)
W: 0.12, T: 0.00 (versus lvl2)
Training round 5 completed in 4 minutes and 7 seconds.
Expected completion: 14:11 2020-05-19.
Training round 6 stats
Wins 0.48, Ties 0.00, Losses 0.51, Game Length 19.80 moves
Loss p1: 0.128528, Loss p2: 0.126006
Benchmark Stats Training Round 6
W: 0.96, T: 0.00 (versus random)
W: 0.50, T: 0.00 (versus left)
W: 0.77, T: 0.00 (versus lvl1)
W: 0.41, T: 0.00 (versus lvl2)
Training round 6 completed in 4 minutes and 7 seconds.
Expected completion: 14:12 2020-05-19.
Training round 7 stats
Wins 0.49, Ties 0.00, Losses 0.51, Game Length 19.35 moves
Loss p1: 0.124151, Loss p2: 0.127289
Benchmark Stats Training Round 7
W: 0.92, T: 0.00 (versus random)
W: 0.50, T: 0.00 (versus left)
W: 0.81, T: 0.01 (versus lvl1)
W: 0.23, T: 0.00 (versus lvl2)
Training round 7 completed in 4 minutes and 8 seconds.
Expected completion: 14:13 2020-05-19.
Training round 8 stats
Wins 0.52, Ties 0.00, Losses 0.48, Game Length 19.43 moves
Loss p1: 0.128323, Loss p2: 0.130378
Benchmark Stats Training Round 8
W: 0.84, T: 0.00 (versus random)
W: 0.50, T: 0.00 (versus left)
W: 0.62, T: 0.00 (versus lvl1)
W: 0.20, T: 0.01 (versus lvl2)
Training round 8 completed in 4 minutes and 9 seconds.
Expected completion: 14:14 2020-05-19.
Training round 9 stats
Wins 0.52, Ties 0.00, Losses 0.48, Game Length 19.08 moves
Loss p1: 0.125180, Loss p2: 0.129193
Benchmark Stats Training Round 9
W: 0.90, T: 0.00 (versus random)
W: 0.50, T: 0.00 (versus left)
W: 0.69, T: 0.00 (versus lvl1)
W: 0.36, T: 0.00 (versus lvl2)
Training round 9 completed in 3 minutes and 57 seconds.
Expected completion: 13:57 2020-05-19.
Training round 10 stats
Wins 0.48, Ties 0.00, Losses 0.52, Game Length 18.90 moves
Loss p1: 0.125755, Loss p2: 0.138080
Benchmark Stats Training Round 10
W: 0.92, T: 0.00 (versus random)
W: 0.50, T: 0.00 (versus left)
W: 0.76, T: 0.00 (versus lvl1)
W: 0.21, T: 0.00 (versus lvl2)
Training round 10 completed in 4 minutes and 1 seconds.
Expected completion: 14:03 2020-05-19.
Training round 11 stats
Wins 0.48, Ties 0.00, Losses 0.52, Game Length 18.73 moves
Loss p1: 0.127606, Loss p2: 0.129116
Benchmark Stats Training Round 11
W: 0.76, T: 0.00 (versus random)
W: 0.50, T: 0.00 (versus left)
W: 0.57, T: 0.00 (versus lvl1)
W: 0.18, T: 0.01 (versus lvl2)
Training round 11 completed in 4 minutes and 2 seconds.
Expected completion: 14:03 2020-05-19.
Training round 12 stats
Wins 0.52, Ties 0.00, Losses 0.47, Game Length 19.12 moves
Loss p1: 0.126606, Loss p2: 0.137978
Benchmark Stats Training Round 12
W: 0.89, T: 0.00 (versus random)
W: 0.00, T: 0.00 (versus left)
W: 0.63, T: 0.00 (versus lvl1)
W: 0.21, T: 0.00 (versus lvl2)
Training round 12 completed in 4 minutes and 2 seconds.
Expected completion: 14:04 2020-05-19.
Training round 13 stats
Wins 0.49, Ties 0.00, Losses 0.51, Game Length 19.08 moves
Loss p1: 0.130776, Loss p2: 0.140400
Benchmark Stats Training Round 13
W: 0.85, T: 0.00 (versus random)
W: 0.00, T: 0.00 (versus left)
W: 0.80, T: 0.00 (versus lvl1)
W: 0.23, T: 0.00 (versus lvl2)
Training round 13 completed in 3 minutes and 58 seconds.
Expected completion: 13:57 2020-05-19.
Training round 14 stats
Wins 0.49, Ties 0.00, Losses 0.51, Game Length 19.22 moves
Loss p1: 0.132458, Loss p2: 0.140399
Benchmark Stats Training Round 14
W: 0.86, T: 0.01 (versus random)
W: 0.50, T: 0.00 (versus left)
W: 0.73, T: 0.00 (versus lvl1)
W: 0.17, T: 0.00 (versus lvl2)
Training round 14 completed in 4 minutes and 0 seconds.
Expected completion: 14:01 2020-05-19.
Training round 15 stats
Wins 0.51, Ties 0.00, Losses 0.49, Game Length 19.45 moves
Loss p1: 0.134806, Loss p2: 0.145112
Benchmark Stats Training Round 15
W: 0.91, T: 0.00 (versus random)
W: 0.50, T: 0.00 (versus left)
W: 0.77, T: 0.00 (versus lvl1)
W: 0.33, T: 0.01 (versus lvl2)
Training round 15 completed in 4 minutes and 7 seconds.
Expected completion: 14:11 2020-05-19.
Training round 16 stats
Wins 0.51, Ties 0.00, Losses 0.49, Game Length 19.08 moves
Loss p1: 0.133301, Loss p2: 0.147140
Benchmark Stats Training Round 16
W: 0.89, T: 0.00 (versus random)
W: 0.00, T: 0.00 (versus left)
W: 0.71, T: 0.00 (versus lvl1)
W: 0.25, T: 0.00 (versus lvl2)
Training round 16 completed in 4 minutes and 4 seconds.
Expected completion: 14:07 2020-05-19.
Training round 17 stats
Wins 0.49, Ties 0.00, Losses 0.51, Game Length 18.94 moves
Loss p1: 0.136829, Loss p2: 0.142198
Benchmark Stats Training Round 17
W: 0.89, T: 0.00 (versus random)
W: 1.00, T: 0.00 (versus left)
W: 0.63, T: 0.00 (versus lvl1)
W: 0.27, T: 0.00 (versus lvl2)
Training round 17 completed in 4 minutes and 8 seconds.
Expected completion: 14:12 2020-05-19.
Training round 18 stats
Wins 0.48, Ties 0.01, Losses 0.51, Game Length 19.46 moves
Loss p1: 0.136900, Loss p2: 0.147896
Benchmark Stats Training Round 18
W: 0.91, T: 0.00 (versus random)
W: 0.50, T: 0.00 (versus left)
W: 0.80, T: 0.00 (versus lvl1)
W: 0.42, T: 0.01 (versus lvl2)
Training round 18 completed in 4 minutes and 13 seconds.
Expected completion: 14:19 2020-05-19.
Training round 19 stats
Wins 0.48, Ties 0.00, Losses 0.52, Game Length 18.61 moves
Loss p1: 0.143451, Loss p2: 0.150083
Benchmark Stats Training Round 19
W: 0.91, T: 0.00 (versus random)
W: 0.50, T: 0.00 (versus left)
W: 0.73, T: 0.00 (versus lvl1)
W: 0.26, T: 0.00 (versus lvl2)
Training round 19 completed in 4 minutes and 11 seconds.
Expected completion: 14:17 2020-05-19.
Training round 20 stats
Wins 0.47, Ties 0.00, Losses 0.53, Game Length 18.90 moves
Loss p1: 0.136566, Loss p2: 0.144907
Benchmark Stats Training Round 20
W: 0.88, T: 0.00 (versus random)
W: 0.50, T: 0.00 (versus left)
W: 0.75, T: 0.00 (versus lvl1)
W: 0.28, T: 0.02 (versus lvl2)
Training round 20 completed in 4 minutes and 4 seconds.
Expected completion: 14:07 2020-05-19.
Training round 21 stats
Wins 0.50, Ties 0.00, Losses 0.49, Game Length 19.01 moves
Loss p1: 0.139847, Loss p2: 0.143939
Benchmark Stats Training Round 21
W: 0.82, T: 0.00 (versus random)
W: 0.50, T: 0.00 (versus left)
W: 0.70, T: 0.01 (versus lvl1)
W: 0.22, T: 0.00 (versus lvl2)
Training round 21 completed in 4 minutes and 2 seconds.
Expected completion: 14:04 2020-05-19.
Training round 22 stats
Wins 0.49, Ties 0.00, Losses 0.51, Game Length 18.92 moves
Loss p1: 0.143037, Loss p2: 0.142561
Benchmark Stats Training Round 22
W: 0.81, T: 0.00 (versus random)
W: 0.00, T: 0.00 (versus left)
W: 0.77, T: 0.00 (versus lvl1)
W: 0.24, T: 0.00 (versus lvl2)
Training round 22 completed in 4 minutes and 2 seconds.
Expected completion: 14:05 2020-05-19.
Training round 23 stats
Wins 0.50, Ties 0.00, Losses 0.50, Game Length 19.08 moves
Loss p1: 0.139750, Loss p2: 0.144397
Benchmark Stats Training Round 23
W: 0.88, T: 0.00 (versus random)
W: 0.50, T: 0.00 (versus left)
W: 0.69, T: 0.00 (versus lvl1)
W: 0.25, T: 0.00 (versus lvl2)
Training round 23 completed in 4 minutes and 3 seconds.
Expected completion: 14:06 2020-05-19.
Training round 24 stats
Wins 0.48, Ties 0.00, Losses 0.52, Game Length 19.24 moves
Loss p1: 0.142279, Loss p2: 0.145264
Benchmark Stats Training Round 24
W: 0.76, T: 0.00 (versus random)
W: 0.00, T: 0.00 (versus left)
W: 0.68, T: 0.00 (versus lvl1)
W: 0.12, T: 0.00 (versus lvl2)
Training round 24 completed in 4 minutes and 8 seconds.
Expected completion: 14:12 2020-05-19.
Training round 25 stats
Wins 0.50, Ties 0.00, Losses 0.50, Game Length 19.15 moves
Loss p1: 0.147456, Loss p2: 0.156105
Benchmark Stats Training Round 25
W: 0.89, T: 0.00 (versus random)
W: 1.00, T: 0.00 (versus left)
W: 0.78, T: 0.00 (versus lvl1)
W: 0.18, T: 0.02 (versus lvl2)
Training round 25 completed in 4 minutes and 6 seconds.
Expected completion: 14:10 2020-05-19.
Training round 26 stats
Wins 0.50, Ties 0.00, Losses 0.50, Game Length 19.01 moves
Loss p1: 0.144759, Loss p2: 0.151724
Benchmark Stats Training Round 26
W: 0.83, T: 0.01 (versus random)
W: 0.50, T: 0.00 (versus left)
W: 0.82, T: 0.00 (versus lvl1)
W: 0.33, T: 0.00 (versus lvl2)
Training round 26 completed in 4 minutes and 1 seconds.
Expected completion: 14:04 2020-05-19.
Training round 27 stats
Wins 0.48, Ties 0.00, Losses 0.51, Game Length 18.81 moves
Loss p1: 0.157001, Loss p2: 0.153878
Benchmark Stats Training Round 27
W: 0.87, T: 0.00 (versus random)
W: 0.50, T: 0.00 (versus left)
W: 0.67, T: 0.00 (versus lvl1)
W: 0.23, T: 0.01 (versus lvl2)
Training round 27 completed in 4 minutes and 2 seconds.
Expected completion: 14:04 2020-05-19.
Training round 28 stats
Wins 0.51, Ties 0.00, Losses 0.49, Game Length 18.49 moves
Loss p1: 0.156042, Loss p2: 0.158461
Benchmark Stats Training Round 28
W: 0.85, T: 0.00 (versus random)
W: 0.50, T: 0.00 (versus left)
W: 0.74, T: 0.00 (versus lvl1)
W: 0.31, T: 0.00 (versus lvl2)
Training round 28 completed in 4 minutes and 1 seconds.
Expected completion: 14:04 2020-05-19.
Training round 29 stats
Wins 0.49, Ties 0.00, Losses 0.51, Game Length 18.89 moves
Loss p1: 0.155377, Loss p2: 0.155524
Benchmark Stats Training Round 29
W: 0.86, T: 0.00 (versus random)
W: 0.00, T: 0.00 (versus left)
W: 0.62, T: 0.00 (versus lvl1)
W: 0.21, T: 0.01 (versus lvl2)
Training round 29 completed in 4 minutes and 2 seconds.
Expected completion: 14:05 2020-05-19.
Training round 30 stats
Wins 0.47, Ties 0.00, Losses 0.52, Game Length 18.61 moves
Loss p1: 0.157467, Loss p2: 0.158054
Benchmark Stats Training Round 30
W: 0.72, T: 0.00 (versus random)
W: 0.50, T: 0.00 (versus left)
W: 0.61, T: 0.00 (versus lvl1)
W: 0.14, T: 0.00 (versus lvl2)
Training round 30 completed in 3 minutes and 55 seconds.
Expected completion: 13:56 2020-05-19.
Training round 31 stats
Wins 0.44, Ties 0.00, Losses 0.56, Game Length 19.18 moves
Loss p1: 0.162318, Loss p2: 0.164682
Benchmark Stats Training Round 31
W: 0.70, T: 0.00 (versus random)
W: 0.50, T: 0.00 (versus left)
W: 0.58, T: 0.00 (versus lvl1)
W: 0.08, T: 0.00 (versus lvl2)
Training round 31 completed in 4 minutes and 9 seconds.
Expected completion: 14:12 2020-05-19.
Training round 32 stats
Wins 0.49, Ties 0.00, Losses 0.51, Game Length 19.22 moves
Loss p1: 0.161985, Loss p2: 0.167122
Benchmark Stats Training Round 32
W: 0.90, T: 0.00 (versus random)
W: 0.50, T: 0.00 (versus left)
W: 0.81, T: 0.00 (versus lvl1)
W: 0.26, T: 0.01 (versus lvl2)
Training round 32 completed in 4 minutes and 2 seconds.
Expected completion: 14:04 2020-05-19.
Training round 33 stats
Wins 0.49, Ties 0.00, Losses 0.51, Game Length 19.33 moves
Loss p1: 0.151873, Loss p2: 0.159368
Benchmark Stats Training Round 33
W: 0.89, T: 0.01 (versus random)
W: 0.50, T: 0.00 (versus left)
W: 0.75, T: 0.00 (versus lvl1)
W: 0.32, T: 0.00 (versus lvl2)
Training round 33 completed in 4 minutes and 7 seconds.
Expected completion: 14:10 2020-05-19.
Training round 34 stats
Wins 0.48, Ties 0.00, Losses 0.52, Game Length 19.38 moves
Loss p1: 0.155959, Loss p2: 0.156518
Benchmark Stats Training Round 34
W: 0.88, T: 0.01 (versus random)
W: 0.50, T: 0.00 (versus left)
W: 0.74, T: 0.00 (versus lvl1)
W: 0.28, T: 0.00 (versus lvl2)
Training round 34 completed in 4 minutes and 15 seconds.
Expected completion: 14:19 2020-05-19.
Training round 35 stats
Wins 0.47, Ties 0.00, Losses 0.53, Game Length 19.07 moves
Loss p1: 0.158735, Loss p2: 0.158685
Benchmark Stats Training Round 35
W: 0.85, T: 0.00 (versus random)
W: 0.50, T: 0.00 (versus left)
W: 0.70, T: 0.00 (versus lvl1)
W: 0.20, T: 0.01 (versus lvl2)
Training round 35 completed in 4 minutes and 3 seconds.
Expected completion: 14:06 2020-05-19.
Training round 36 stats
Wins 0.48, Ties 0.00, Losses 0.52, Game Length 18.89 moves
Loss p1: 0.153928, Loss p2: 0.162921
Benchmark Stats Training Round 36
W: 0.90, T: 0.00 (versus random)
W: 0.50, T: 0.00 (versus left)
W: 0.76, T: 0.00 (versus lvl1)
W: 0.21, T: 0.01 (versus lvl2)
Training round 36 completed in 4 minutes and 3 seconds.
Expected completion: 14:06 2020-05-19.
Training round 37 stats
Wins 0.47, Ties 0.00, Losses 0.53, Game Length 19.05 moves
Loss p1: 0.159662, Loss p2: 0.171354
Benchmark Stats Training Round 37
W: 0.86, T: 0.00 (versus random)
W: 0.50, T: 0.00 (versus left)
W: 0.69, T: 0.00 (versus lvl1)
W: 0.19, T: 0.00 (versus lvl2)
Training round 37 completed in 4 minutes and 11 seconds.
Expected completion: 14:14 2020-05-19.
Training round 38 stats
Wins 0.49, Ties 0.00, Losses 0.51, Game Length 19.16 moves
Loss p1: 0.161437, Loss p2: 0.164253
Benchmark Stats Training Round 38
W: 0.83, T: 0.00 (versus random)
W: 0.50, T: 0.00 (versus left)
W: 0.62, T: 0.00 (versus lvl1)
W: 0.25, T: 0.00 (versus lvl2)
Training round 38 completed in 4 minutes and 4 seconds.
Expected completion: 14:07 2020-05-19.
Training round 39 stats
Wins 0.48, Ties 0.00, Losses 0.52, Game Length 18.95 moves
Loss p1: 0.157751, Loss p2: 0.162139
Benchmark Stats Training Round 39
W: 0.86, T: 0.00 (versus random)
W: 0.50, T: 0.00 (versus left)
W: 0.80, T: 0.00 (versus lvl1)
W: 0.36, T: 0.00 (versus lvl2)
Training round 39 completed in 3 minutes and 57 seconds.
Expected completion: 14:00 2020-05-19.
Training round 40 stats
Wins 0.51, Ties 0.00, Losses 0.49, Game Length 19.05 moves
Loss p1: 0.159502, Loss p2: 0.163337
Benchmark Stats Training Round 40
W: 0.85, T: 0.00 (versus random)
W: 1.00, T: 0.00 (versus left)
W: 0.76, T: 0.00 (versus lvl1)
W: 0.39, T: 0.00 (versus lvl2)
Training round 40 completed in 4 minutes and 2 seconds.
Expected completion: 14:05 2020-05-19.
Training round 41 stats
Wins 0.48, Ties 0.00, Losses 0.52, Game Length 19.16 moves
Loss p1: 0.159582, Loss p2: 0.171411
Benchmark Stats Training Round 41
W: 0.81, T: 0.00 (versus random)
W: 0.50, T: 0.00 (versus left)
W: 0.58, T: 0.00 (versus lvl1)
W: 0.24, T: 0.00 (versus lvl2)
Training round 41 completed in 4 minutes and 15 seconds.
Expected completion: 14:18 2020-05-19.
Training round 42 stats
Wins 0.48, Ties 0.00, Losses 0.52, Game Length 19.20 moves
Loss p1: 0.161480, Loss p2: 0.166000
Benchmark Stats Training Round 42
W: 0.86, T: 0.00 (versus random)
W: 0.50, T: 0.00 (versus left)
W: 0.74, T: 0.00 (versus lvl1)
W: 0.34, T: 0.01 (versus lvl2)
Training round 42 completed in 4 minutes and 8 seconds.
Expected completion: 14:11 2020-05-19.
Training round 43 stats
Wins 0.50, Ties 0.00, Losses 0.50, Game Length 18.72 moves
Loss p1: 0.168332, Loss p2: 0.158616
Benchmark Stats Training Round 43
W: 0.77, T: 0.00 (versus random)
W: 0.50, T: 0.00 (versus left)
W: 0.67, T: 0.00 (versus lvl1)
W: 0.16, T: 0.00 (versus lvl2)
Training round 43 completed in 3 minutes and 59 seconds.
Expected completion: 14:03 2020-05-19.
Training round 44 stats
Wins 0.47, Ties 0.00, Losses 0.53, Game Length 18.66 moves
Loss p1: 0.166764, Loss p2: 0.162572
Benchmark Stats Training Round 44
W: 0.91, T: 0.00 (versus random)
W: 0.50, T: 0.00 (versus left)
W: 0.71, T: 0.00 (versus lvl1)
W: 0.29, T: 0.00 (versus lvl2)
Training round 44 completed in 3 minutes and 60 seconds.
Expected completion: 14:03 2020-05-19.
Training round 45 stats
Wins 0.48, Ties 0.00, Losses 0.52, Game Length 18.72 moves
Loss p1: 0.164292, Loss p2: 0.159846
Benchmark Stats Training Round 45
W: 0.86, T: 0.00 (versus random)
W: 0.00, T: 0.00 (versus left)
W: 0.75, T: 0.00 (versus lvl1)
W: 0.18, T: 0.00 (versus lvl2)
Training round 45 completed in 4 minutes and 3 seconds.
Expected completion: 14:07 2020-05-19.
Training round 46 stats
Wins 0.46, Ties 0.00, Losses 0.54, Game Length 18.88 moves
Loss p1: 0.170625, Loss p2: 0.165315
Benchmark Stats Training Round 46
W: 0.93, T: 0.00 (versus random)
W: 1.00, T: 0.00 (versus left)
W: 0.74, T: 0.00 (versus lvl1)
W: 0.21, T: 0.00 (versus lvl2)
Training round 46 completed in 4 minutes and 0 seconds.
Expected completion: 14:04 2020-05-19.
Training round 47 stats
Wins 0.47, Ties 0.00, Losses 0.53, Game Length 18.61 moves
Loss p1: 0.170073, Loss p2: 0.165162
Benchmark Stats Training Round 47
W: 0.88, T: 0.00 (versus random)
W: 0.50, T: 0.00 (versus left)
W: 0.61, T: 0.00 (versus lvl1)
W: 0.17, T: 0.00 (versus lvl2)
Training round 47 completed in 3 minutes and 57 seconds.
Expected completion: 14:01 2020-05-19.
Training round 48 stats
Wins 0.49, Ties 0.00, Losses 0.50, Game Length 19.36 moves
Loss p1: 0.174594, Loss p2: 0.167795
Benchmark Stats Training Round 48
W: 0.84, T: 0.00 (versus random)
W: 0.00, T: 0.00 (versus left)
W: 0.63, T: 0.00 (versus lvl1)
W: 0.32, T: 0.00 (versus lvl2)
Training round 48 completed in 4 minutes and 10 seconds.
Expected completion: 14:12 2020-05-19.
Training round 49 stats
Wins 0.50, Ties 0.00, Losses 0.50, Game Length 19.09 moves
Loss p1: 0.172324, Loss p2: 0.171385
Benchmark Stats Training Round 49
W: 0.93, T: 0.00 (versus random)
W: 0.50, T: 0.00 (versus left)
W: 0.73, T: 0.00 (versus lvl1)
W: 0.29, T: 0.01 (versus lvl2)
Training round 49 completed in 4 minutes and 3 seconds.
Expected completion: 14:06 2020-05-19.
Training round 50 stats
Wins 0.50, Ties 0.00, Losses 0.50, Game Length 18.82 moves
Loss p1: 0.169803, Loss p2: 0.174859
Benchmark Stats Training Round 50
W: 0.93, T: 0.00 (versus random)
W: 0.50, T: 0.00 (versus left)
W: 0.80, T: 0.00 (versus lvl1)
W: 0.31, T: 0.02 (versus lvl2)
Training round 50 completed in 3 minutes and 56 seconds.
Expected completion: 14:00 2020-05-19.
Training round 51 stats
Wins 0.49, Ties 0.00, Losses 0.51, Game Length 18.65 moves
Loss p1: 0.176348, Loss p2: 0.177767
Benchmark Stats Training Round 51
W: 0.84, T: 0.00 (versus random)
W: 0.50, T: 0.00 (versus left)
W: 0.68, T: 0.01 (versus lvl1)
W: 0.24, T: 0.00 (versus lvl2)
Training round 51 completed in 3 minutes and 56 seconds.
Expected completion: 14:01 2020-05-19.
Training round 52 stats
Wins 0.48, Ties 0.00, Losses 0.52, Game Length 18.93 moves
Loss p1: 0.172491, Loss p2: 0.178546
Benchmark Stats Training Round 52
W: 0.86, T: 0.00 (versus random)
W: 0.50, T: 0.00 (versus left)
W: 0.67, T: 0.00 (versus lvl1)
W: 0.15, T: 0.00 (versus lvl2)
Training round 52 completed in 3 minutes and 59 seconds.
Expected completion: 14:03 2020-05-19.
Training round 53 stats
Wins 0.49, Ties 0.00, Losses 0.51, Game Length 19.30 moves
Loss p1: 0.180070, Loss p2: 0.171712
Benchmark Stats Training Round 53
W: 0.84, T: 0.01 (versus random)
W: 0.50, T: 0.00 (versus left)
W: 0.60, T: 0.00 (versus lvl1)
W: 0.23, T: 0.00 (versus lvl2)
Training round 53 completed in 4 minutes and 5 seconds.
Expected completion: 14:08 2020-05-19.
Training round 54 stats
Wins 0.48, Ties 0.01, Losses 0.52, Game Length 19.13 moves
Loss p1: 0.166706, Loss p2: 0.169646
Benchmark Stats Training Round 54
W: 0.83, T: 0.00 (versus random)
W: 0.50, T: 0.00 (versus left)
W: 0.52, T: 0.00 (versus lvl1)
W: 0.20, T: 0.00 (versus lvl2)
Training round 54 completed in 4 minutes and 6 seconds.
Expected completion: 14:09 2020-05-19.
Training round 55 stats
Wins 0.48, Ties 0.00, Losses 0.52, Game Length 19.18 moves
Loss p1: 0.165634, Loss p2: 0.166141
Benchmark Stats Training Round 55
W: 0.91, T: 0.00 (versus random)
W: 0.00, T: 0.00 (versus left)
W: 0.69, T: 0.01 (versus lvl1)
W: 0.29, T: 0.01 (versus lvl2)
Training round 55 completed in 4 minutes and 2 seconds.
Expected completion: 14:05 2020-05-19.
Training round 56 stats
Wins 0.47, Ties 0.00, Losses 0.53, Game Length 18.92 moves
Loss p1: 0.169268, Loss p2: 0.175291
Benchmark Stats Training Round 56
W: 0.85, T: 0.00 (versus random)
W: 0.00, T: 0.00 (versus left)
W: 0.67, T: 0.00 (versus lvl1)
W: 0.06, T: 0.02 (versus lvl2)
Training round 56 completed in 4 minutes and 3 seconds.
Expected completion: 14:06 2020-05-19.
Training round 57 stats
Wins 0.52, Ties 0.00, Losses 0.48, Game Length 18.79 moves
Loss p1: 0.171516, Loss p2: 0.188254
Benchmark Stats Training Round 57
W: 0.89, T: 0.00 (versus random)
W: 0.00, T: 0.00 (versus left)
W: 0.60, T: 0.00 (versus lvl1)
W: 0.25, T: 0.00 (versus lvl2)
Training round 57 completed in 4 minutes and 2 seconds.
Expected completion: 14:05 2020-05-19.
Training round 58 stats
Wins 0.49, Ties 0.01, Losses 0.50, Game Length 18.93 moves
Loss p1: 0.175333, Loss p2: 0.181155
Benchmark Stats Training Round 58
W: 0.91, T: 0.01 (versus random)
W: 0.00, T: 0.00 (versus left)
W: 0.70, T: 0.00 (versus lvl1)
W: 0.16, T: 0.00 (versus lvl2)
Training round 58 completed in 3 minutes and 60 seconds.
Expected completion: 14:04 2020-05-19.
Training round 59 stats
Wins 0.48, Ties 0.00, Losses 0.51, Game Length 19.16 moves
Loss p1: 0.177843, Loss p2: 0.188036
Benchmark Stats Training Round 59
W: 0.76, T: 0.00 (versus random)
W: 0.50, T: 0.00 (versus left)
W: 0.64, T: 0.00 (versus lvl1)
W: 0.16, T: 0.00 (versus lvl2)
Training round 59 completed in 4 minutes and 3 seconds.
Expected completion: 14:06 2020-05-19.
Training round 60 stats
Wins 0.51, Ties 0.00, Losses 0.49, Game Length 18.42 moves
Loss p1: 0.185023, Loss p2: 0.190851
Benchmark Stats Training Round 60
W: 0.88, T: 0.00 (versus random)
W: 0.00, T: 0.00 (versus left)
W: 0.69, T: 0.00 (versus lvl1)
W: 0.24, T: 0.00 (versus lvl2)
Training round 60 completed in 4 minutes and 0 seconds.
Expected completion: 14:04 2020-05-19.
Training round 61 stats
Wins 0.49, Ties 0.00, Losses 0.50, Game Length 19.02 moves
Loss p1: 0.177037, Loss p2: 0.188482
Benchmark Stats Training Round 61
W: 0.94, T: 0.00 (versus random)
W: 0.50, T: 0.00 (versus left)
W: 0.85, T: 0.00 (versus lvl1)
W: 0.34, T: 0.02 (versus lvl2)
Training round 61 completed in 4 minutes and 1 seconds.
Expected completion: 14:04 2020-05-19.
Training round 62 stats
Wins 0.50, Ties 0.00, Losses 0.50, Game Length 19.23 moves
Loss p1: 0.181328, Loss p2: 0.181060
Benchmark Stats Training Round 62
W: 0.86, T: 0.00 (versus random)
W: 0.50, T: 0.00 (versus left)
W: 0.73, T: 0.00 (versus lvl1)
W: 0.29, T: 0.00 (versus lvl2)
Training round 62 completed in 4 minutes and 3 seconds.
Expected completion: 14:06 2020-05-19.
Training round 63 stats
Wins 0.50, Ties 0.00, Losses 0.50, Game Length 19.16 moves
Loss p1: 0.180946, Loss p2: 0.182561
Benchmark Stats Training Round 63
W: 0.86, T: 0.00 (versus random)
W: 0.00, T: 0.00 (versus left)
W: 0.67, T: 0.00 (versus lvl1)
W: 0.18, T: 0.01 (versus lvl2)
Training round 63 completed in 4 minutes and 4 seconds.
Expected completion: 14:06 2020-05-19.
Training round 64 stats
Wins 0.49, Ties 0.00, Losses 0.51, Game Length 18.93 moves
Loss p1: 0.177678, Loss p2: 0.183932
Benchmark Stats Training Round 64
W: 0.91, T: 0.00 (versus random)
W: 0.50, T: 0.00 (versus left)
W: 0.66, T: 0.00 (versus lvl1)
W: 0.23, T: 0.00 (versus lvl2)
Training round 64 completed in 4 minutes and 3 seconds.
Expected completion: 14:06 2020-05-19.
Training round 65 stats
Wins 0.49, Ties 0.00, Losses 0.51, Game Length 18.95 moves
Loss p1: 0.174669, Loss p2: 0.182007
Benchmark Stats Training Round 65
W: 0.85, T: 0.01 (versus random)
W: 0.00, T: 0.00 (versus left)
W: 0.55, T: 0.00 (versus lvl1)
W: 0.18, T: 0.00 (versus lvl2)
Training round 65 completed in 4 minutes and 6 seconds.
Expected completion: 14:08 2020-05-19.
Training round 66 stats
Wins 0.50, Ties 0.00, Losses 0.50, Game Length 19.14 moves
Loss p1: 0.186341, Loss p2: 0.193638
Benchmark Stats Training Round 66
W: 0.97, T: 0.00 (versus random)
W: 0.00, T: 0.00 (versus left)
W: 0.70, T: 0.00 (versus lvl1)
W: 0.24, T: 0.01 (versus lvl2)
Training round 66 completed in 4 minutes and 1 seconds.
Expected completion: 14:05 2020-05-19.
Training round 67 stats
Wins 0.49, Ties 0.00, Losses 0.51, Game Length 19.14 moves
Loss p1: 0.188023, Loss p2: 0.190682
Benchmark Stats Training Round 67
W: 0.85, T: 0.01 (versus random)
W: 0.50, T: 0.00 (versus left)
W: 0.67, T: 0.00 (versus lvl1)
W: 0.20, T: 0.02 (versus lvl2)
Training round 67 completed in 4 minutes and 10 seconds.
Expected completion: 14:10 2020-05-19.
Training round 68 stats
Wins 0.52, Ties 0.00, Losses 0.48, Game Length 18.63 moves
Loss p1: 0.189330, Loss p2: 0.189253
Benchmark Stats Training Round 68
W: 0.87, T: 0.00 (versus random)
W: 0.50, T: 0.00 (versus left)
W: 0.66, T: 0.00 (versus lvl1)
W: 0.28, T: 0.00 (versus lvl2)
Training round 68 completed in 3 minutes and 55 seconds.
Expected completion: 14:01 2020-05-19.
Training round 69 stats
Wins 0.49, Ties 0.00, Losses 0.51, Game Length 18.43 moves
Loss p1: 0.183581, Loss p2: 0.189197
Benchmark Stats Training Round 69
W: 0.89, T: 0.00 (versus random)
W: 1.00, T: 0.00 (versus left)
W: 0.73, T: 0.00 (versus lvl1)
W: 0.23, T: 0.00 (versus lvl2)
Training round 69 completed in 3 minutes and 58 seconds.
Expected completion: 14:03 2020-05-19.
Training round 70 stats
Wins 0.50, Ties 0.00, Losses 0.50, Game Length 19.36 moves
Loss p1: 0.181383, Loss p2: 0.185010
Benchmark Stats Training Round 70
W: 0.91, T: 0.00 (versus random)
W: 1.00, T: 0.00 (versus left)
W: 0.80, T: 0.00 (versus lvl1)
W: 0.23, T: 0.01 (versus lvl2)
Training round 70 completed in 4 minutes and 8 seconds.
Expected completion: 14:08 2020-05-19.
Training round 71 stats
Wins 0.51, Ties 0.00, Losses 0.49, Game Length 18.98 moves
Loss p1: 0.180580, Loss p2: 0.186320
Benchmark Stats Training Round 71
W: 0.88, T: 0.00 (versus random)
W: 0.50, T: 0.00 (versus left)
W: 0.81, T: 0.00 (versus lvl1)
W: 0.27, T: 0.00 (versus lvl2)
Training round 71 completed in 3 minutes and 59 seconds.
Expected completion: 14:04 2020-05-19.
Training round 72 stats
Wins 0.48, Ties 0.01, Losses 0.51, Game Length 18.66 moves
Loss p1: 0.183014, Loss p2: 0.188808
Benchmark Stats Training Round 72
W: 0.82, T: 0.00 (versus random)
W: 0.50, T: 0.00 (versus left)
W: 0.73, T: 0.00 (versus lvl1)
W: 0.21, T: 0.02 (versus lvl2)
Training round 72 completed in 4 minutes and 2 seconds.
Expected completion: 14:05 2020-05-19.
Training round 73 stats
Wins 0.53, Ties 0.00, Losses 0.47, Game Length 19.12 moves
Loss p1: 0.175281, Loss p2: 0.185482
Benchmark Stats Training Round 73
W: 0.90, T: 0.00 (versus random)
W: 0.00, T: 0.00 (versus left)
W: 0.75, T: 0.00 (versus lvl1)
W: 0.22, T: 0.00 (versus lvl2)
Training round 73 completed in 4 minutes and 1 seconds.
Expected completion: 14:05 2020-05-19.
Training round 74 stats
Wins 0.46, Ties 0.00, Losses 0.54, Game Length 18.76 moves
Loss p1: 0.177651, Loss p2: 0.183528
Benchmark Stats Training Round 74
W: 0.78, T: 0.00 (versus random)
W: 0.50, T: 0.00 (versus left)
W: 0.53, T: 0.01 (versus lvl1)
W: 0.22, T: 0.00 (versus lvl2)
Training round 74 completed in 3 minutes and 59 seconds.
Expected completion: 14:04 2020-05-19.
Training round 75 stats
Wins 0.49, Ties 0.00, Losses 0.51, Game Length 19.30 moves
Loss p1: 0.186115, Loss p2: 0.182176
Benchmark Stats Training Round 75
W: 0.82, T: 0.01 (versus random)
W: 0.50, T: 0.00 (versus left)
W: 0.67, T: 0.00 (versus lvl1)
W: 0.30, T: 0.00 (versus lvl2)
Training round 75 completed in 4 minutes and 9 seconds.
Expected completion: 14:08 2020-05-19.
Training round 76 stats
Wins 0.50, Ties 0.00, Losses 0.49, Game Length 19.03 moves
Loss p1: 0.181704, Loss p2: 0.196304
Benchmark Stats Training Round 76
W: 0.88, T: 0.00 (versus random)
W: 0.50, T: 0.00 (versus left)
W: 0.78, T: 0.00 (versus lvl1)
W: 0.23, T: 0.00 (versus lvl2)
Training round 76 completed in 4 minutes and 5 seconds.
Expected completion: 14:07 2020-05-19.
Training round 77 stats
Wins 0.51, Ties 0.00, Losses 0.49, Game Length 19.05 moves
Loss p1: 0.197355, Loss p2: 0.203746
Benchmark Stats Training Round 77
W: 0.91, T: 0.00 (versus random)
W: 0.50, T: 0.00 (versus left)
W: 0.68, T: 0.00 (versus lvl1)
W: 0.36, T: 0.00 (versus lvl2)
Training round 77 completed in 3 minutes and 57 seconds.
Expected completion: 14:03 2020-05-19.
Training round 78 stats
Wins 0.50, Ties 0.00, Losses 0.50, Game Length 18.29 moves
Loss p1: 0.198743, Loss p2: 0.199036
Benchmark Stats Training Round 78
W: 0.89, T: 0.00 (versus random)
W: 0.00, T: 0.00 (versus left)
W: 0.79, T: 0.00 (versus lvl1)
W: 0.20, T: 0.00 (versus lvl2)
Training round 78 completed in 3 minutes and 50 seconds.
Expected completion: 14:01 2020-05-19.
Training round 79 stats
Wins 0.47, Ties 0.00, Losses 0.53, Game Length 19.06 moves
Loss p1: 0.193934, Loss p2: 0.194622
Benchmark Stats Training Round 79
W: 0.90, T: 0.00 (versus random)
W: 0.00, T: 0.00 (versus left)
W: 0.73, T: 0.00 (versus lvl1)
W: 0.20, T: 0.00 (versus lvl2)
Training round 79 completed in 4 minutes and 2 seconds.
Expected completion: 14:05 2020-05-19.
Training round 80 stats
Wins 0.45, Ties 0.00, Losses 0.54, Game Length 18.77 moves
Loss p1: 0.189628, Loss p2: 0.194533
Benchmark Stats Training Round 80
W: 0.91, T: 0.00 (versus random)
W: 0.50, T: 0.00 (versus left)
W: 0.80, T: 0.00 (versus lvl1)
W: 0.34, T: 0.02 (versus lvl2)
Training round 80 completed in 3 minutes and 58 seconds.
Expected completion: 14:04 2020-05-19.
Training round 81 stats
Wins 0.49, Ties 0.01, Losses 0.50, Game Length 18.86 moves
Loss p1: 0.186040, Loss p2: 0.198628
Benchmark Stats Training Round 81
W: 0.91, T: 0.00 (versus random)
W: 0.50, T: 0.00 (versus left)
W: 0.83, T: 0.00 (versus lvl1)
W: 0.25, T: 0.00 (versus lvl2)
Training round 81 completed in 3 minutes and 59 seconds.
Expected completion: 14:04 2020-05-19.
Training round 82 stats
Wins 0.50, Ties 0.00, Losses 0.49, Game Length 18.74 moves
Loss p1: 0.193196, Loss p2: 0.193509
Benchmark Stats Training Round 82
W: 0.89, T: 0.00 (versus random)
W: 0.50, T: 0.00 (versus left)
W: 0.76, T: 0.00 (versus lvl1)
W: 0.23, T: 0.00 (versus lvl2)
Training round 82 completed in 3 minutes and 51 seconds.
Expected completion: 14:01 2020-05-19.
Training round 83 stats
Wins 0.48, Ties 0.00, Losses 0.52, Game Length 18.70 moves
Loss p1: 0.189993, Loss p2: 0.198059
Benchmark Stats Training Round 83
W: 0.89, T: 0.00 (versus random)
W: 0.50, T: 0.00 (versus left)
W: 0.69, T: 0.00 (versus lvl1)
W: 0.35, T: 0.01 (versus lvl2)
Training round 83 completed in 4 minutes and 4 seconds.
Expected completion: 14:05 2020-05-19.
Training round 84 stats
Wins 0.50, Ties 0.00, Losses 0.49, Game Length 19.02 moves
Loss p1: 0.195448, Loss p2: 0.197274
Benchmark Stats Training Round 84
W: 0.82, T: 0.00 (versus random)
W: 0.00, T: 0.00 (versus left)
W: 0.81, T: 0.00 (versus lvl1)
W: 0.30, T: 0.01 (versus lvl2)
Training round 84 completed in 4 minutes and 1 seconds.
Expected completion: 14:05 2020-05-19.
Training round 85 stats
Wins 0.47, Ties 0.00, Losses 0.53, Game Length 18.83 moves
Loss p1: 0.187184, Loss p2: 0.187718
Benchmark Stats Training Round 85
W: 0.89, T: 0.00 (versus random)
W: 0.50, T: 0.00 (versus left)
W: 0.75, T: 0.00 (versus lvl1)
W: 0.34, T: 0.00 (versus lvl2)
Training round 85 completed in 3 minutes and 60 seconds.
Expected completion: 14:04 2020-05-19.
Training round 86 stats
Wins 0.48, Ties 0.00, Losses 0.52, Game Length 18.85 moves
Loss p1: 0.202194, Loss p2: 0.203769
Benchmark Stats Training Round 86
W: 0.81, T: 0.00 (versus random)
W: 0.50, T: 0.00 (versus left)
W: 0.69, T: 0.00 (versus lvl1)
W: 0.36, T: 0.00 (versus lvl2)
Training round 86 completed in 3 minutes and 59 seconds.
Expected completion: 14:04 2020-05-19.
Training round 87 stats
Wins 0.48, Ties 0.00, Losses 0.52, Game Length 18.97 moves
Loss p1: 0.198353, Loss p2: 0.202372
Benchmark Stats Training Round 87
W: 0.92, T: 0.00 (versus random)
W: 0.50, T: 0.00 (versus left)
W: 0.78, T: 0.00 (versus lvl1)
W: 0.26, T: 0.01 (versus lvl2)
Training round 87 completed in 4 minutes and 2 seconds.
Expected completion: 14:05 2020-05-19.
Training round 88 stats
Wins 0.50, Ties 0.00, Losses 0.50, Game Length 18.79 moves
Loss p1: 0.189029, Loss p2: 0.193616
Benchmark Stats Training Round 88
W: 0.80, T: 0.00 (versus random)
W: 0.00, T: 0.00 (versus left)
W: 0.65, T: 0.00 (versus lvl1)
W: 0.23, T: 0.02 (versus lvl2)
Training round 88 completed in 4 minutes and 1 seconds.
Expected completion: 14:04 2020-05-19.
Training round 89 stats
Wins 0.50, Ties 0.01, Losses 0.50, Game Length 18.68 moves
Loss p1: 0.195547, Loss p2: 0.198952
Benchmark Stats Training Round 89
W: 0.80, T: 0.00 (versus random)
W: 0.50, T: 0.00 (versus left)
W: 0.73, T: 0.00 (versus lvl1)
W: 0.23, T: 0.01 (versus lvl2)
Training round 89 completed in 4 minutes and 5 seconds.
Expected completion: 14:05 2020-05-19.
Training round 90 stats
Wins 0.51, Ties 0.00, Losses 0.49, Game Length 19.11 moves
Loss p1: 0.193188, Loss p2: 0.195561
Benchmark Stats Training Round 90
W: 0.80, T: 0.00 (versus random)
W: 0.50, T: 0.00 (versus left)
W: 0.70, T: 0.00 (versus lvl1)
W: 0.19, T: 0.01 (versus lvl2)
Training round 90 completed in 4 minutes and 7 seconds.
Expected completion: 14:06 2020-05-19.
Training round 91 stats
Wins 0.49, Ties 0.00, Losses 0.51, Game Length 19.02 moves
Loss p1: 0.202767, Loss p2: 0.196108
Benchmark Stats Training Round 91
W: 0.76, T: 0.00 (versus random)
W: 0.00, T: 0.00 (versus left)
W: 0.70, T: 0.00 (versus lvl1)
W: 0.28, T: 0.00 (versus lvl2)
Training round 91 completed in 4 minutes and 9 seconds.
Expected completion: 14:06 2020-05-19.
Training round 92 stats
Wins 0.49, Ties 0.01, Losses 0.50, Game Length 19.27 moves
Loss p1: 0.197988, Loss p2: 0.207726
Benchmark Stats Training Round 92
W: 0.79, T: 0.01 (versus random)
W: 0.00, T: 0.00 (versus left)
W: 0.56, T: 0.00 (versus lvl1)
W: 0.15, T: 0.01 (versus lvl2)
Training round 92 completed in 4 minutes and 8 seconds.
Expected completion: 14:06 2020-05-19.
Training round 93 stats
Wins 0.48, Ties 0.00, Losses 0.52, Game Length 19.11 moves
Loss p1: 0.203055, Loss p2: 0.206205
Benchmark Stats Training Round 93
W: 0.93, T: 0.00 (versus random)
W: 0.50, T: 0.00 (versus left)
W: 0.71, T: 0.00 (versus lvl1)
W: 0.12, T: 0.00 (versus lvl2)
Training round 93 completed in 3 minutes and 60 seconds.
Expected completion: 14:05 2020-05-19.
Training round 94 stats
Wins 0.46, Ties 0.00, Losses 0.54, Game Length 18.92 moves
Loss p1: 0.211593, Loss p2: 0.217250
Benchmark Stats Training Round 94
W: 0.86, T: 0.00 (versus random)
W: 0.50, T: 0.00 (versus left)
W: 0.76, T: 0.00 (versus lvl1)
W: 0.30, T: 0.00 (versus lvl2)
Training round 94 completed in 3 minutes and 58 seconds.
Expected completion: 14:04 2020-05-19.
Training round 95 stats
Wins 0.47, Ties 0.00, Losses 0.53, Game Length 19.09 moves
Loss p1: 0.209534, Loss p2: 0.197108
Benchmark Stats Training Round 95
W: 0.90, T: 0.00 (versus random)
W: 1.00, T: 0.00 (versus left)
W: 0.72, T: 0.00 (versus lvl1)
W: 0.12, T: 0.00 (versus lvl2)
Training round 95 completed in 4 minutes and 2 seconds.
Expected completion: 14:05 2020-05-19.
Training round 96 stats
Wins 0.52, Ties 0.00, Losses 0.48, Game Length 18.74 moves
Loss p1: 0.205884, Loss p2: 0.199644
Benchmark Stats Training Round 96
W: 0.88, T: 0.01 (versus random)
W: 0.00, T: 0.00 (versus left)
W: 0.79, T: 0.00 (versus lvl1)
W: 0.25, T: 0.00 (versus lvl2)
Training round 96 completed in 4 minutes and 1 seconds.
Expected completion: 14:05 2020-05-19.
Training round 97 stats
Wins 0.48, Ties 0.00, Losses 0.52, Game Length 18.79 moves
Loss p1: 0.204899, Loss p2: 0.194060
Benchmark Stats Training Round 97
W: 0.91, T: 0.00 (versus random)
W: 0.50, T: 0.00 (versus left)
W: 0.76, T: 0.00 (versus lvl1)
W: 0.25, T: 0.01 (versus lvl2)
Training round 97 completed in 3 minutes and 57 seconds.
Expected completion: 14:05 2020-05-19.
Training round 98 stats
Wins 0.52, Ties 0.00, Losses 0.48, Game Length 18.70 moves
Loss p1: 0.204568, Loss p2: 0.205250
Benchmark Stats Training Round 98
W: 0.90, T: 0.00 (versus random)
W: 0.50, T: 0.00 (versus left)
W: 0.76, T: 0.00 (versus lvl1)
W: 0.40, T: 0.00 (versus lvl2)
Training round 98 completed in 3 minutes and 54 seconds.
Expected completion: 14:04 2020-05-19.
Training round 99 stats
Wins 0.52, Ties 0.00, Losses 0.48, Game Length 19.10 moves
Loss p1: 0.204046, Loss p2: 0.212342
Benchmark Stats Training Round 99
W: 0.88, T: 0.00 (versus random)
W: 0.50, T: 0.00 (versus left)
W: 0.71, T: 0.00 (versus lvl1)
W: 0.22, T: 0.00 (versus lvl2)
Training round 99 completed in 3 minutes and 54 seconds.
Expected completion: 14:04 2020-05-19.
Training round 100 stats
Wins 0.50, Ties 0.00, Losses 0.49, Game Length 18.75 moves
Loss p1: 0.216651, Loss p2: 0.200419
Benchmark Stats Training Round 100
W: 0.84, T: 0.00 (versus random)
W: 0.50, T: 0.00 (versus left)
W: 0.67, T: 0.00 (versus lvl1)
W: 0.36, T: 0.01 (versus lvl2)
Training round 100 completed in 4 minutes and 4 seconds.
Expected completion: 14:05 2020-05-19.
