Training Neural Net on Connect 4
  self_play_batch_size: 1000
  benchmark_batch_size: 100
  training_rounds: 100
  memory_size: 1000
  network: A
  exploration: cte
  loss: MSE
  encoding: integer
  optimizer: Adam
  experience: yes

Benchmark Stats Training Round 0
W: 0.46, T: 0.00 (versus random)
W: 0.00, T: 0.00 (versus left)
W: 0.21, T: 0.00 (versus lvl1)
W: 0.06, T: 0.00 (versus lvl2)
Training round 1 stats
Wins 0.50, Ties 0.00, Losses 0.50, Game Length 20.03 moves
Loss p1: 0.137811, Loss p2: 0.135895
Benchmark Stats Training Round 1
W: 0.86, T: 0.00 (versus random)
W: 0.50, T: 0.00 (versus left)
W: 0.73, T: 0.00 (versus lvl1)
W: 0.27, T: 0.00 (versus lvl2)
Training round 1 completed in 1 minutes and 52 seconds.
Expected completion: 22:31 2020-05-18.
Training round 2 stats
Wins 0.51, Ties 0.00, Losses 0.49, Game Length 19.07 moves
Loss p1: 0.113701, Loss p2: 0.109036
Benchmark Stats Training Round 2
W: 0.86, T: 0.00 (versus random)
W: 0.00, T: 0.00 (versus left)
W: 0.77, T: 0.01 (versus lvl1)
W: 0.14, T: 0.01 (versus lvl2)
Training round 2 completed in 1 minutes and 44 seconds.
Expected completion: 22:19 2020-05-18.
Training round 3 stats
Wins 0.49, Ties 0.00, Losses 0.51, Game Length 19.26 moves
Loss p1: 0.114600, Loss p2: 0.119900
Benchmark Stats Training Round 3
W: 0.79, T: 0.00 (versus random)
W: 0.50, T: 0.00 (versus left)
W: 0.65, T: 0.00 (versus lvl1)
W: 0.23, T: 0.00 (versus lvl2)
Training round 3 completed in 1 minutes and 44 seconds.
Expected completion: 22:18 2020-05-18.
Training round 4 stats
Wins 0.50, Ties 0.00, Losses 0.50, Game Length 18.82 moves
Loss p1: 0.116562, Loss p2: 0.119003
Benchmark Stats Training Round 4
W: 0.83, T: 0.00 (versus random)
W: 0.50, T: 0.00 (versus left)
W: 0.74, T: 0.00 (versus lvl1)
W: 0.30, T: 0.02 (versus lvl2)
Training round 4 completed in 1 minutes and 53 seconds.
Expected completion: 22:32 2020-05-18.
Training round 5 stats
Wins 0.49, Ties 0.00, Losses 0.51, Game Length 19.36 moves
Loss p1: 0.120631, Loss p2: 0.120397
Benchmark Stats Training Round 5
W: 0.58, T: 0.01 (versus random)
W: 0.00, T: 0.00 (versus left)
W: 0.46, T: 0.00 (versus lvl1)
W: 0.06, T: 0.01 (versus lvl2)
Training round 5 completed in 1 minutes and 59 seconds.
Expected completion: 22:43 2020-05-18.
Training round 6 stats
Wins 0.53, Ties 0.00, Losses 0.47, Game Length 19.39 moves
Loss p1: 0.122768, Loss p2: 0.122326
Benchmark Stats Training Round 6
W: 0.77, T: 0.00 (versus random)
W: 0.50, T: 0.00 (versus left)
W: 0.61, T: 0.01 (versus lvl1)
W: 0.17, T: 0.00 (versus lvl2)
Training round 6 completed in 1 minutes and 60 seconds.
Expected completion: 22:44 2020-05-18.
Training round 7 stats
Wins 0.52, Ties 0.01, Losses 0.48, Game Length 19.65 moves
Loss p1: 0.121755, Loss p2: 0.129125
Benchmark Stats Training Round 7
W: 0.82, T: 0.00 (versus random)
W: 0.00, T: 0.00 (versus left)
W: 0.73, T: 0.00 (versus lvl1)
W: 0.24, T: 0.00 (versus lvl2)
Training round 7 completed in 1 minutes and 57 seconds.
Expected completion: 22:40 2020-05-18.
Training round 8 stats
Wins 0.51, Ties 0.00, Losses 0.48, Game Length 19.49 moves
Loss p1: 0.132291, Loss p2: 0.142423
Benchmark Stats Training Round 8
W: 0.85, T: 0.00 (versus random)
W: 0.50, T: 0.00 (versus left)
W: 0.64, T: 0.00 (versus lvl1)
W: 0.27, T: 0.02 (versus lvl2)
Training round 8 completed in 2 minutes and 9 seconds.
Expected completion: 22:58 2020-05-18.
Training round 9 stats
Wins 0.50, Ties 0.00, Losses 0.50, Game Length 19.22 moves
Loss p1: 0.130497, Loss p2: 0.135652
Benchmark Stats Training Round 9
W: 0.81, T: 0.00 (versus random)
W: 0.50, T: 0.00 (versus left)
W: 0.72, T: 0.01 (versus lvl1)
W: 0.25, T: 0.00 (versus lvl2)
Training round 9 completed in 2 minutes and 31 seconds.
Expected completion: 23:32 2020-05-18.
Training round 10 stats
Wins 0.51, Ties 0.00, Losses 0.48, Game Length 19.42 moves
Loss p1: 0.133241, Loss p2: 0.139457
Benchmark Stats Training Round 10
W: 0.81, T: 0.00 (versus random)
W: 0.50, T: 0.00 (versus left)
W: 0.70, T: 0.00 (versus lvl1)
W: 0.24, T: 0.01 (versus lvl2)
Training round 10 completed in 2 minutes and 27 seconds.
Expected completion: 23:26 2020-05-18.
Training round 11 stats
Wins 0.52, Ties 0.00, Losses 0.48, Game Length 19.57 moves
Loss p1: 0.133528, Loss p2: 0.152053
Benchmark Stats Training Round 11
W: 0.75, T: 0.00 (versus random)
W: 0.50, T: 0.00 (versus left)
W: 0.60, T: 0.00 (versus lvl1)
W: 0.13, T: 0.01 (versus lvl2)
Training round 11 completed in 2 minutes and 7 seconds.
Expected completion: 22:56 2020-05-18.
Training round 12 stats
Wins 0.49, Ties 0.00, Losses 0.51, Game Length 19.04 moves
Loss p1: 0.134155, Loss p2: 0.147655
Benchmark Stats Training Round 12
W: 0.72, T: 0.00 (versus random)
W: 0.50, T: 0.00 (versus left)
W: 0.63, T: 0.00 (versus lvl1)
W: 0.23, T: 0.00 (versus lvl2)
Training round 12 completed in 2 minutes and 39 seconds.
Expected completion: 23:43 2020-05-18.
Training round 13 stats
Wins 0.50, Ties 0.00, Losses 0.49, Game Length 19.57 moves
Loss p1: 0.144977, Loss p2: 0.138035
Benchmark Stats Training Round 13
W: 0.79, T: 0.00 (versus random)
W: 0.50, T: 0.00 (versus left)
W: 0.58, T: 0.00 (versus lvl1)
W: 0.28, T: 0.01 (versus lvl2)
Training round 13 completed in 2 minutes and 34 seconds.
Expected completion: 23:36 2020-05-18.
Training round 14 stats
Wins 0.52, Ties 0.00, Losses 0.48, Game Length 19.09 moves
Loss p1: 0.140451, Loss p2: 0.154708
Benchmark Stats Training Round 14
W: 0.74, T: 0.01 (versus random)
W: 0.50, T: 0.00 (versus left)
W: 0.55, T: 0.00 (versus lvl1)
W: 0.09, T: 0.00 (versus lvl2)
Training round 14 completed in 1 minutes and 50 seconds.
Expected completion: 22:32 2020-05-18.
Training round 15 stats
Wins 0.52, Ties 0.00, Losses 0.48, Game Length 19.19 moves
Loss p1: 0.140211, Loss p2: 0.145094
Benchmark Stats Training Round 15
W: 0.71, T: 0.00 (versus random)
W: 0.00, T: 0.00 (versus left)
W: 0.69, T: 0.00 (versus lvl1)
W: 0.16, T: 0.00 (versus lvl2)
Training round 15 completed in 2 minutes and 1 seconds.
Expected completion: 22:48 2020-05-18.
Training round 16 stats
Wins 0.46, Ties 0.00, Losses 0.54, Game Length 19.72 moves
Loss p1: 0.141641, Loss p2: 0.154947
Benchmark Stats Training Round 16
W: 0.83, T: 0.00 (versus random)
W: 1.00, T: 0.00 (versus left)
W: 0.61, T: 0.00 (versus lvl1)
W: 0.14, T: 0.00 (versus lvl2)
Training round 16 completed in 1 minutes and 49 seconds.
Expected completion: 22:30 2020-05-18.
Training round 17 stats
Wins 0.51, Ties 0.00, Losses 0.49, Game Length 19.44 moves
Loss p1: 0.135227, Loss p2: 0.151441
Benchmark Stats Training Round 17
W: 0.76, T: 0.00 (versus random)
W: 0.00, T: 0.00 (versus left)
W: 0.63, T: 0.00 (versus lvl1)
W: 0.18, T: 0.01 (versus lvl2)
Training round 17 completed in 2 minutes and 8 seconds.
Expected completion: 22:57 2020-05-18.
Training round 18 stats
Wins 0.49, Ties 0.00, Losses 0.51, Game Length 19.36 moves
Loss p1: 0.143188, Loss p2: 0.144575
Benchmark Stats Training Round 18
W: 0.83, T: 0.00 (versus random)
W: 0.50, T: 0.00 (versus left)
W: 0.72, T: 0.00 (versus lvl1)
W: 0.24, T: 0.02 (versus lvl2)
Training round 18 completed in 2 minutes and 20 seconds.
Expected completion: 23:15 2020-05-18.
Training round 19 stats
Wins 0.49, Ties 0.00, Losses 0.51, Game Length 19.66 moves
Loss p1: 0.152200, Loss p2: 0.153071
Benchmark Stats Training Round 19
W: 0.71, T: 0.00 (versus random)
W: 0.50, T: 0.00 (versus left)
W: 0.63, T: 0.00 (versus lvl1)
W: 0.17, T: 0.00 (versus lvl2)
Training round 19 completed in 2 minutes and 28 seconds.
Expected completion: 23:25 2020-05-18.
Training round 20 stats
Wins 0.48, Ties 0.00, Losses 0.52, Game Length 19.11 moves
Loss p1: 0.153748, Loss p2: 0.153444
Benchmark Stats Training Round 20
W: 0.69, T: 0.00 (versus random)
W: 0.50, T: 0.00 (versus left)
W: 0.43, T: 0.00 (versus lvl1)
W: 0.19, T: 0.00 (versus lvl2)
Training round 20 completed in 2 minutes and 38 seconds.
Expected completion: 23:39 2020-05-18.
Training round 21 stats
Wins 0.51, Ties 0.01, Losses 0.49, Game Length 19.54 moves
Loss p1: 0.153664, Loss p2: 0.146659
Benchmark Stats Training Round 21
W: 0.72, T: 0.01 (versus random)
W: 0.50, T: 0.00 (versus left)
W: 0.62, T: 0.00 (versus lvl1)
W: 0.12, T: 0.00 (versus lvl2)
Training round 21 completed in 2 minutes and 13 seconds.
Expected completion: 23:05 2020-05-18.
Training round 22 stats
Wins 0.50, Ties 0.00, Losses 0.50, Game Length 19.53 moves
Loss p1: 0.150287, Loss p2: 0.147059
Benchmark Stats Training Round 22
W: 0.69, T: 0.00 (versus random)
W: 0.00, T: 0.00 (versus left)
W: 0.42, T: 0.00 (versus lvl1)
W: 0.09, T: 0.00 (versus lvl2)
Training round 22 completed in 2 minutes and 2 seconds.
Expected completion: 22:51 2020-05-18.
Training round 23 stats
Wins 0.51, Ties 0.00, Losses 0.48, Game Length 19.86 moves
Loss p1: 0.152501, Loss p2: 0.147732
Benchmark Stats Training Round 23
W: 0.79, T: 0.00 (versus random)
W: 0.50, T: 0.00 (versus left)
W: 0.70, T: 0.00 (versus lvl1)
W: 0.20, T: 0.00 (versus lvl2)
Training round 23 completed in 2 minutes and 37 seconds.
Expected completion: 23:36 2020-05-18.
Training round 24 stats
Wins 0.51, Ties 0.00, Losses 0.49, Game Length 19.33 moves
Loss p1: 0.153365, Loss p2: 0.147744
Benchmark Stats Training Round 24
W: 0.88, T: 0.00 (versus random)
W: 0.50, T: 0.00 (versus left)
W: 0.68, T: 0.00 (versus lvl1)
W: 0.32, T: 0.01 (versus lvl2)
Training round 24 completed in 2 minutes and 34 seconds.
Expected completion: 23:33 2020-05-18.
Training round 25 stats
Wins 0.51, Ties 0.00, Losses 0.49, Game Length 19.43 moves
Loss p1: 0.158933, Loss p2: 0.149161
Benchmark Stats Training Round 25
W: 0.82, T: 0.00 (versus random)
W: 0.00, T: 0.00 (versus left)
W: 0.72, T: 0.00 (versus lvl1)
W: 0.13, T: 0.00 (versus lvl2)
Training round 25 completed in 2 minutes and 29 seconds.
Expected completion: 23:26 2020-05-18.
Training round 26 stats
Wins 0.51, Ties 0.00, Losses 0.49, Game Length 19.22 moves
Loss p1: 0.153291, Loss p2: 0.156077
Benchmark Stats Training Round 26
W: 0.79, T: 0.01 (versus random)
W: 0.00, T: 0.00 (versus left)
W: 0.47, T: 0.00 (versus lvl1)
W: 0.10, T: 0.00 (versus lvl2)
Training round 26 completed in 2 minutes and 20 seconds.
Expected completion: 23:15 2020-05-18.
Training round 27 stats
Wins 0.48, Ties 0.00, Losses 0.52, Game Length 19.06 moves
Loss p1: 0.161262, Loss p2: 0.151806
Benchmark Stats Training Round 27
W: 0.71, T: 0.00 (versus random)
W: 0.00, T: 0.00 (versus left)
W: 0.61, T: 0.00 (versus lvl1)
W: 0.21, T: 0.00 (versus lvl2)
Training round 27 completed in 2 minutes and 28 seconds.
Expected completion: 23:24 2020-05-18.
Training round 28 stats
Wins 0.50, Ties 0.00, Losses 0.50, Game Length 19.20 moves
Loss p1: 0.163002, Loss p2: 0.148675
Benchmark Stats Training Round 28
W: 0.76, T: 0.00 (versus random)
W: 0.50, T: 0.00 (versus left)
W: 0.55, T: 0.00 (versus lvl1)
W: 0.16, T: 0.00 (versus lvl2)
Training round 28 completed in 2 minutes and 23 seconds.
Expected completion: 23:19 2020-05-18.
Training round 29 stats
Wins 0.49, Ties 0.00, Losses 0.50, Game Length 19.07 moves
Loss p1: 0.159647, Loss p2: 0.157314
Benchmark Stats Training Round 29
W: 0.72, T: 0.00 (versus random)
W: 0.00, T: 0.00 (versus left)
W: 0.55, T: 0.00 (versus lvl1)
W: 0.17, T: 0.00 (versus lvl2)
Training round 29 completed in 2 minutes and 37 seconds.
Expected completion: 23:35 2020-05-18.
Training round 30 stats
Wins 0.50, Ties 0.00, Losses 0.50, Game Length 18.95 moves
Loss p1: 0.155505, Loss p2: 0.154482
Benchmark Stats Training Round 30
W: 0.82, T: 0.00 (versus random)
W: 0.50, T: 0.00 (versus left)
W: 0.64, T: 0.00 (versus lvl1)
W: 0.20, T: 0.00 (versus lvl2)
Training round 30 completed in 2 minutes and 22 seconds.
Expected completion: 23:17 2020-05-18.
Training round 31 stats
Wins 0.49, Ties 0.00, Losses 0.51, Game Length 19.46 moves
Loss p1: 0.160734, Loss p2: 0.157178
Benchmark Stats Training Round 31
W: 0.74, T: 0.00 (versus random)
W: 0.50, T: 0.00 (versus left)
W: 0.71, T: 0.00 (versus lvl1)
W: 0.34, T: 0.00 (versus lvl2)
Training round 31 completed in 2 minutes and 31 seconds.
Expected completion: 23:28 2020-05-18.
Training round 32 stats
Wins 0.54, Ties 0.00, Losses 0.46, Game Length 19.41 moves
Loss p1: 0.160761, Loss p2: 0.158099
Benchmark Stats Training Round 32
W: 0.73, T: 0.00 (versus random)
W: 0.50, T: 0.00 (versus left)
W: 0.51, T: 0.00 (versus lvl1)
W: 0.20, T: 0.00 (versus lvl2)
Training round 32 completed in 2 minutes and 38 seconds.
Expected completion: 23:36 2020-05-18.
Training round 33 stats
Wins 0.50, Ties 0.00, Losses 0.50, Game Length 19.26 moves
Loss p1: 0.162360, Loss p2: 0.163834
Benchmark Stats Training Round 33
W: 0.80, T: 0.00 (versus random)
W: 0.50, T: 0.00 (versus left)
W: 0.61, T: 0.00 (versus lvl1)
W: 0.19, T: 0.01 (versus lvl2)
Training round 33 completed in 2 minutes and 24 seconds.
Expected completion: 23:20 2020-05-18.
Training round 34 stats
Wins 0.52, Ties 0.00, Losses 0.48, Game Length 19.50 moves
Loss p1: 0.169291, Loss p2: 0.160196
Benchmark Stats Training Round 34
W: 0.82, T: 0.00 (versus random)
W: 0.00, T: 0.00 (versus left)
W: 0.66, T: 0.00 (versus lvl1)
W: 0.30, T: 0.00 (versus lvl2)
Training round 34 completed in 2 minutes and 25 seconds.
Expected completion: 23:21 2020-05-18.
Training round 35 stats
Wins 0.52, Ties 0.00, Losses 0.48, Game Length 19.37 moves
Loss p1: 0.168089, Loss p2: 0.159765
Benchmark Stats Training Round 35
W: 0.81, T: 0.00 (versus random)
W: 0.00, T: 0.00 (versus left)
W: 0.62, T: 0.00 (versus lvl1)
W: 0.25, T: 0.01 (versus lvl2)
Training round 35 completed in 2 minutes and 20 seconds.
Expected completion: 23:16 2020-05-18.
Training round 36 stats
Wins 0.51, Ties 0.00, Losses 0.49, Game Length 19.45 moves
Loss p1: 0.164612, Loss p2: 0.159862
Benchmark Stats Training Round 36
W: 0.66, T: 0.00 (versus random)
W: 0.50, T: 0.00 (versus left)
W: 0.61, T: 0.00 (versus lvl1)
W: 0.17, T: 0.00 (versus lvl2)
Training round 36 completed in 2 minutes and 18 seconds.
Expected completion: 23:13 2020-05-18.
Training round 37 stats
Wins 0.50, Ties 0.00, Losses 0.50, Game Length 19.33 moves
Loss p1: 0.169449, Loss p2: 0.160198
Benchmark Stats Training Round 37
W: 0.76, T: 0.00 (versus random)
W: 0.50, T: 0.00 (versus left)
W: 0.44, T: 0.00 (versus lvl1)
W: 0.22, T: 0.01 (versus lvl2)
Training round 37 completed in 2 minutes and 15 seconds.
Expected completion: 23:10 2020-05-18.
Training round 38 stats
Wins 0.48, Ties 0.00, Losses 0.52, Game Length 19.05 moves
Loss p1: 0.171377, Loss p2: 0.159025
Benchmark Stats Training Round 38
W: 0.85, T: 0.00 (versus random)
W: 0.00, T: 0.00 (versus left)
W: 0.63, T: 0.00 (versus lvl1)
W: 0.24, T: 0.00 (versus lvl2)
Training round 38 completed in 2 minutes and 4 seconds.
Expected completion: 22:59 2020-05-18.
Training round 39 stats
Wins 0.48, Ties 0.00, Losses 0.52, Game Length 19.23 moves
Loss p1: 0.175355, Loss p2: 0.161599
Benchmark Stats Training Round 39
W: 0.84, T: 0.00 (versus random)
W: 0.00, T: 0.00 (versus left)
W: 0.70, T: 0.00 (versus lvl1)
W: 0.26, T: 0.01 (versus lvl2)
Training round 39 completed in 2 minutes and 19 seconds.
Expected completion: 23:14 2020-05-18.
Training round 40 stats
Wins 0.51, Ties 0.00, Losses 0.49, Game Length 19.26 moves
Loss p1: 0.172920, Loss p2: 0.160211
Benchmark Stats Training Round 40
W: 0.91, T: 0.00 (versus random)
W: 0.00, T: 0.00 (versus left)
W: 0.77, T: 0.00 (versus lvl1)
W: 0.36, T: 0.00 (versus lvl2)
Training round 40 completed in 1 minutes and 58 seconds.
Expected completion: 22:53 2020-05-18.
Training round 41 stats
Wins 0.49, Ties 0.00, Losses 0.51, Game Length 19.24 moves
Loss p1: 0.175677, Loss p2: 0.171791
Benchmark Stats Training Round 41
W: 0.77, T: 0.01 (versus random)
W: 0.00, T: 0.00 (versus left)
W: 0.54, T: 0.00 (versus lvl1)
W: 0.20, T: 0.01 (versus lvl2)
Training round 41 completed in 2 minutes and 11 seconds.
Expected completion: 23:06 2020-05-18.
Training round 42 stats
Wins 0.48, Ties 0.00, Losses 0.52, Game Length 19.09 moves
Loss p1: 0.180991, Loss p2: 0.168085
Benchmark Stats Training Round 42
W: 0.78, T: 0.00 (versus random)
W: 0.00, T: 0.00 (versus left)
W: 0.71, T: 0.00 (versus lvl1)
W: 0.17, T: 0.01 (versus lvl2)
Training round 42 completed in 1 minutes and 60 seconds.
Expected completion: 22:55 2020-05-18.
Training round 43 stats
Wins 0.51, Ties 0.00, Losses 0.49, Game Length 19.27 moves
Loss p1: 0.176051, Loss p2: 0.166371
Benchmark Stats Training Round 43
W: 0.81, T: 0.00 (versus random)
W: 0.50, T: 0.00 (versus left)
W: 0.59, T: 0.00 (versus lvl1)
W: 0.31, T: 0.01 (versus lvl2)
Training round 43 completed in 2 minutes and 20 seconds.
Expected completion: 23:14 2020-05-18.
Training round 44 stats
Wins 0.50, Ties 0.00, Losses 0.50, Game Length 19.14 moves
Loss p1: 0.175611, Loss p2: 0.172041
Benchmark Stats Training Round 44
W: 0.82, T: 0.00 (versus random)
W: 0.50, T: 0.00 (versus left)
W: 0.63, T: 0.00 (versus lvl1)
W: 0.28, T: 0.00 (versus lvl2)
Training round 44 completed in 1 minutes and 41 seconds.
Expected completion: 22:38 2020-05-18.
Training round 45 stats
Wins 0.51, Ties 0.00, Losses 0.49, Game Length 19.18 moves
Loss p1: 0.173291, Loss p2: 0.166051
Benchmark Stats Training Round 45
W: 0.73, T: 0.00 (versus random)
W: 0.50, T: 0.00 (versus left)
W: 0.59, T: 0.00 (versus lvl1)
W: 0.16, T: 0.00 (versus lvl2)
Training round 45 completed in 1 minutes and 48 seconds.
Expected completion: 22:44 2020-05-18.
Training round 46 stats
Wins 0.49, Ties 0.00, Losses 0.51, Game Length 19.39 moves
Loss p1: 0.174830, Loss p2: 0.172263
Benchmark Stats Training Round 46
W: 0.76, T: 0.00 (versus random)
W: 0.50, T: 0.00 (versus left)
W: 0.76, T: 0.00 (versus lvl1)
W: 0.40, T: 0.00 (versus lvl2)
Training round 46 completed in 1 minutes and 45 seconds.
Expected completion: 22:41 2020-05-18.
Training round 47 stats
Wins 0.51, Ties 0.00, Losses 0.48, Game Length 19.02 moves
Loss p1: 0.176829, Loss p2: 0.172252
Benchmark Stats Training Round 47
W: 0.71, T: 0.02 (versus random)
W: 0.00, T: 0.00 (versus left)
W: 0.52, T: 0.00 (versus lvl1)
W: 0.07, T: 0.00 (versus lvl2)
Training round 47 completed in 1 minutes and 55 seconds.
Expected completion: 22:50 2020-05-18.
Training round 48 stats
Wins 0.51, Ties 0.00, Losses 0.49, Game Length 18.90 moves
Loss p1: 0.177732, Loss p2: 0.172584
Benchmark Stats Training Round 48
W: 0.84, T: 0.00 (versus random)
W: 0.00, T: 0.00 (versus left)
W: 0.68, T: 0.00 (versus lvl1)
W: 0.19, T: 0.02 (versus lvl2)
Training round 48 completed in 1 minutes and 58 seconds.
Expected completion: 22:53 2020-05-18.
Training round 49 stats
Wins 0.47, Ties 0.00, Losses 0.52, Game Length 19.27 moves
Loss p1: 0.183833, Loss p2: 0.179532
Benchmark Stats Training Round 49
W: 0.76, T: 0.00 (versus random)
W: 0.50, T: 0.00 (versus left)
W: 0.61, T: 0.00 (versus lvl1)
W: 0.05, T: 0.01 (versus lvl2)
Training round 49 completed in 1 minutes and 58 seconds.
Expected completion: 22:53 2020-05-18.
Training round 50 stats
Wins 0.51, Ties 0.00, Losses 0.48, Game Length 19.58 moves
Loss p1: 0.184745, Loss p2: 0.175468
Benchmark Stats Training Round 50
W: 0.78, T: 0.00 (versus random)
W: 0.50, T: 0.00 (versus left)
W: 0.76, T: 0.00 (versus lvl1)
W: 0.21, T: 0.01 (versus lvl2)
Training round 50 completed in 2 minutes and 2 seconds.
Expected completion: 22:56 2020-05-18.
Training round 51 stats
Wins 0.50, Ties 0.01, Losses 0.49, Game Length 19.40 moves
Loss p1: 0.184572, Loss p2: 0.165261
Benchmark Stats Training Round 51
W: 0.79, T: 0.00 (versus random)
W: 0.00, T: 0.00 (versus left)
W: 0.51, T: 0.00 (versus lvl1)
W: 0.15, T: 0.01 (versus lvl2)
Training round 51 completed in 2 minutes and 22 seconds.
Expected completion: 23:13 2020-05-18.
Training round 52 stats
Wins 0.52, Ties 0.00, Losses 0.48, Game Length 19.07 moves
Loss p1: 0.183456, Loss p2: 0.167097
Benchmark Stats Training Round 52
W: 0.89, T: 0.00 (versus random)
W: 0.50, T: 0.00 (versus left)
W: 0.59, T: 0.00 (versus lvl1)
W: 0.22, T: 0.00 (versus lvl2)
Training round 52 completed in 2 minutes and 24 seconds.
Expected completion: 23:15 2020-05-18.
Training round 53 stats
Wins 0.50, Ties 0.00, Losses 0.50, Game Length 19.34 moves
Loss p1: 0.187824, Loss p2: 0.169222
Benchmark Stats Training Round 53
W: 0.70, T: 0.01 (versus random)
W: 0.50, T: 0.00 (versus left)
W: 0.58, T: 0.00 (versus lvl1)
W: 0.14, T: 0.01 (versus lvl2)
Training round 53 completed in 2 minutes and 20 seconds.
Expected completion: 23:12 2020-05-18.
Training round 54 stats
Wins 0.51, Ties 0.00, Losses 0.49, Game Length 19.22 moves
Loss p1: 0.184745, Loss p2: 0.175960
Benchmark Stats Training Round 54
W: 0.76, T: 0.00 (versus random)
W: 1.00, T: 0.00 (versus left)
W: 0.75, T: 0.00 (versus lvl1)
W: 0.28, T: 0.02 (versus lvl2)
Training round 54 completed in 2 minutes and 3 seconds.
Expected completion: 22:58 2020-05-18.
Training round 55 stats
Wins 0.51, Ties 0.00, Losses 0.49, Game Length 19.49 moves
Loss p1: 0.180247, Loss p2: 0.179044
Benchmark Stats Training Round 55
W: 0.82, T: 0.00 (versus random)
W: 0.00, T: 0.00 (versus left)
W: 0.66, T: 0.00 (versus lvl1)
W: 0.20, T: 0.00 (versus lvl2)
Training round 55 completed in 2 minutes and 0 seconds.
Expected completion: 22:56 2020-05-18.
Training round 56 stats
Wins 0.49, Ties 0.00, Losses 0.51, Game Length 19.02 moves
Loss p1: 0.181315, Loss p2: 0.178127
Benchmark Stats Training Round 56
W: 0.84, T: 0.00 (versus random)
W: 0.00, T: 0.00 (versus left)
W: 0.76, T: 0.00 (versus lvl1)
W: 0.16, T: 0.00 (versus lvl2)
Training round 56 completed in 2 minutes and 19 seconds.
Expected completion: 23:10 2020-05-18.
Training round 57 stats
Wins 0.50, Ties 0.00, Losses 0.49, Game Length 19.21 moves
Loss p1: 0.180720, Loss p2: 0.178293
Benchmark Stats Training Round 57
W: 0.82, T: 0.00 (versus random)
W: 0.00, T: 0.00 (versus left)
W: 0.57, T: 0.00 (versus lvl1)
W: 0.19, T: 0.00 (versus lvl2)
Training round 57 completed in 2 minutes and 17 seconds.
Expected completion: 23:09 2020-05-18.
Training round 58 stats
Wins 0.50, Ties 0.00, Losses 0.50, Game Length 19.42 moves
Loss p1: 0.192914, Loss p2: 0.177486
Benchmark Stats Training Round 58
W: 0.85, T: 0.00 (versus random)
W: 0.50, T: 0.00 (versus left)
W: 0.69, T: 0.00 (versus lvl1)
W: 0.07, T: 0.01 (versus lvl2)
Training round 58 completed in 2 minutes and 13 seconds.
Expected completion: 23:06 2020-05-18.
Training round 59 stats
Wins 0.49, Ties 0.00, Losses 0.51, Game Length 19.19 moves
Loss p1: 0.185529, Loss p2: 0.181348
Benchmark Stats Training Round 59
W: 0.78, T: 0.00 (versus random)
W: 1.00, T: 0.00 (versus left)
W: 0.61, T: 0.00 (versus lvl1)
W: 0.19, T: 0.01 (versus lvl2)
Training round 59 completed in 2 minutes and 26 seconds.
Expected completion: 23:15 2020-05-18.
Training round 60 stats
Wins 0.51, Ties 0.00, Losses 0.49, Game Length 18.94 moves
Loss p1: 0.183298, Loss p2: 0.173652
Benchmark Stats Training Round 60
W: 0.82, T: 0.00 (versus random)
W: 0.50, T: 0.00 (versus left)
W: 0.73, T: 0.00 (versus lvl1)
W: 0.24, T: 0.00 (versus lvl2)
Training round 60 completed in 2 minutes and 6 seconds.
Expected completion: 23:01 2020-05-18.
Training round 61 stats
Wins 0.53, Ties 0.00, Losses 0.47, Game Length 19.24 moves
Loss p1: 0.183907, Loss p2: 0.176258
Benchmark Stats Training Round 61
W: 0.82, T: 0.01 (versus random)
W: 0.50, T: 0.00 (versus left)
W: 0.56, T: 0.00 (versus lvl1)
W: 0.15, T: 0.01 (versus lvl2)
Training round 61 completed in 2 minutes and 16 seconds.
Expected completion: 23:08 2020-05-18.
Training round 62 stats
Wins 0.49, Ties 0.00, Losses 0.51, Game Length 19.54 moves
Loss p1: 0.187723, Loss p2: 0.176113
Benchmark Stats Training Round 62
W: 0.80, T: 0.00 (versus random)
W: 0.00, T: 0.00 (versus left)
W: 0.71, T: 0.00 (versus lvl1)
W: 0.19, T: 0.01 (versus lvl2)
Training round 62 completed in 2 minutes and 35 seconds.
Expected completion: 23:20 2020-05-18.
Training round 63 stats
Wins 0.49, Ties 0.00, Losses 0.51, Game Length 19.43 moves
Loss p1: 0.185968, Loss p2: 0.169878
Benchmark Stats Training Round 63
W: 0.85, T: 0.00 (versus random)
W: 0.00, T: 0.00 (versus left)
W: 0.63, T: 0.01 (versus lvl1)
W: 0.21, T: 0.00 (versus lvl2)
Training round 63 completed in 2 minutes and 34 seconds.
Expected completion: 23:20 2020-05-18.
Training round 64 stats
Wins 0.52, Ties 0.00, Losses 0.48, Game Length 19.36 moves
Loss p1: 0.196425, Loss p2: 0.187807
Benchmark Stats Training Round 64
W: 0.81, T: 0.01 (versus random)
W: 0.50, T: 0.00 (versus left)
W: 0.75, T: 0.00 (versus lvl1)
W: 0.23, T: 0.02 (versus lvl2)
Training round 64 completed in 2 minutes and 5 seconds.
Expected completion: 23:02 2020-05-18.
Training round 65 stats
Wins 0.53, Ties 0.00, Losses 0.46, Game Length 19.19 moves
Loss p1: 0.197156, Loss p2: 0.183562
Benchmark Stats Training Round 65
W: 0.92, T: 0.00 (versus random)
W: 0.50, T: 0.00 (versus left)
W: 0.84, T: 0.00 (versus lvl1)
W: 0.25, T: 0.01 (versus lvl2)
Training round 65 completed in 1 minutes and 46 seconds.
Expected completion: 22:50 2020-05-18.
Training round 66 stats
Wins 0.49, Ties 0.00, Losses 0.51, Game Length 19.56 moves
Loss p1: 0.192345, Loss p2: 0.182545
Benchmark Stats Training Round 66
W: 0.69, T: 0.01 (versus random)
W: 1.00, T: 0.00 (versus left)
W: 0.50, T: 0.00 (versus lvl1)
W: 0.07, T: 0.00 (versus lvl2)
Training round 66 completed in 1 minutes and 52 seconds.
Expected completion: 22:54 2020-05-18.
Training round 67 stats
Wins 0.51, Ties 0.00, Losses 0.49, Game Length 19.61 moves
Loss p1: 0.196650, Loss p2: 0.188391
Benchmark Stats Training Round 67
W: 0.88, T: 0.00 (versus random)
W: 0.00, T: 0.00 (versus left)
W: 0.69, T: 0.00 (versus lvl1)
W: 0.26, T: 0.01 (versus lvl2)
Training round 67 completed in 1 minutes and 47 seconds.
Expected completion: 22:51 2020-05-18.
Training round 68 stats
Wins 0.50, Ties 0.00, Losses 0.49, Game Length 19.20 moves
Loss p1: 0.204274, Loss p2: 0.188465
Benchmark Stats Training Round 68
W: 0.78, T: 0.00 (versus random)
W: 0.50, T: 0.00 (versus left)
W: 0.59, T: 0.00 (versus lvl1)
W: 0.30, T: 0.00 (versus lvl2)
Training round 68 completed in 1 minutes and 50 seconds.
Expected completion: 22:52 2020-05-18.
Training round 69 stats
Wins 0.50, Ties 0.00, Losses 0.50, Game Length 19.12 moves
Loss p1: 0.197024, Loss p2: 0.181948
Benchmark Stats Training Round 69
W: 0.68, T: 0.00 (versus random)
W: 0.00, T: 0.00 (versus left)
W: 0.56, T: 0.00 (versus lvl1)
W: 0.23, T: 0.00 (versus lvl2)
Training round 69 completed in 1 minutes and 48 seconds.
Expected completion: 22:52 2020-05-18.
Training round 70 stats
Wins 0.48, Ties 0.00, Losses 0.52, Game Length 19.13 moves
Loss p1: 0.194862, Loss p2: 0.174663
Benchmark Stats Training Round 70
W: 0.71, T: 0.00 (versus random)
W: 0.00, T: 0.00 (versus left)
W: 0.46, T: 0.01 (versus lvl1)
W: 0.11, T: 0.00 (versus lvl2)
Training round 70 completed in 2 minutes and 1 seconds.
Expected completion: 22:58 2020-05-18.
Training round 71 stats
Wins 0.49, Ties 0.00, Losses 0.50, Game Length 18.89 moves
Loss p1: 0.196150, Loss p2: 0.181742
Benchmark Stats Training Round 71
W: 0.89, T: 0.00 (versus random)
W: 0.50, T: 0.00 (versus left)
W: 0.88, T: 0.00 (versus lvl1)
W: 0.31, T: 0.00 (versus lvl2)
Training round 71 completed in 1 minutes and 47 seconds.
Expected completion: 22:51 2020-05-18.
Training round 72 stats
Wins 0.49, Ties 0.00, Losses 0.51, Game Length 18.91 moves
Loss p1: 0.189749, Loss p2: 0.183377
Benchmark Stats Training Round 72
W: 0.92, T: 0.00 (versus random)
W: 0.00, T: 0.00 (versus left)
W: 0.84, T: 0.00 (versus lvl1)
W: 0.31, T: 0.00 (versus lvl2)
Training round 72 completed in 1 minutes and 48 seconds.
Expected completion: 22:52 2020-05-18.
Training round 73 stats
Wins 0.52, Ties 0.00, Losses 0.48, Game Length 18.96 moves
Loss p1: 0.194219, Loss p2: 0.193560
Benchmark Stats Training Round 73
W: 0.76, T: 0.00 (versus random)
W: 0.50, T: 0.00 (versus left)
W: 0.53, T: 0.00 (versus lvl1)
W: 0.16, T: 0.01 (versus lvl2)
Training round 73 completed in 1 minutes and 55 seconds.
Expected completion: 22:55 2020-05-18.
Training round 74 stats
Wins 0.47, Ties 0.00, Losses 0.53, Game Length 19.09 moves
Loss p1: 0.207811, Loss p2: 0.185864
Benchmark Stats Training Round 74
W: 0.86, T: 0.00 (versus random)
W: 0.00, T: 0.00 (versus left)
W: 0.70, T: 0.00 (versus lvl1)
W: 0.19, T: 0.01 (versus lvl2)
Training round 74 completed in 1 minutes and 51 seconds.
Expected completion: 22:53 2020-05-18.
Training round 75 stats
Wins 0.51, Ties 0.00, Losses 0.48, Game Length 18.85 moves
Loss p1: 0.203165, Loss p2: 0.196774
Benchmark Stats Training Round 75
W: 0.83, T: 0.00 (versus random)
W: 0.50, T: 0.00 (versus left)
W: 0.77, T: 0.00 (versus lvl1)
W: 0.30, T: 0.00 (versus lvl2)
Training round 75 completed in 1 minutes and 44 seconds.
Expected completion: 22:50 2020-05-18.
Training round 76 stats
Wins 0.51, Ties 0.00, Losses 0.49, Game Length 19.31 moves
Loss p1: 0.200165, Loss p2: 0.194130
Benchmark Stats Training Round 76
W: 0.79, T: 0.00 (versus random)
W: 0.00, T: 0.00 (versus left)
W: 0.52, T: 0.00 (versus lvl1)
W: 0.23, T: 0.00 (versus lvl2)
Training round 76 completed in 1 minutes and 56 seconds.
Expected completion: 22:55 2020-05-18.
Training round 77 stats
Wins 0.49, Ties 0.00, Losses 0.51, Game Length 18.97 moves
Loss p1: 0.195482, Loss p2: 0.187215
Benchmark Stats Training Round 77
W: 0.89, T: 0.00 (versus random)
W: 0.50, T: 0.00 (versus left)
W: 0.57, T: 0.00 (versus lvl1)
W: 0.23, T: 0.00 (versus lvl2)
Training round 77 completed in 1 minutes and 60 seconds.
Expected completion: 22:57 2020-05-18.
Training round 78 stats
Wins 0.50, Ties 0.00, Losses 0.50, Game Length 19.10 moves
Loss p1: 0.202742, Loss p2: 0.195236
Benchmark Stats Training Round 78
W: 0.71, T: 0.00 (versus random)
W: 0.50, T: 0.00 (versus left)
W: 0.59, T: 0.00 (versus lvl1)
W: 0.17, T: 0.01 (versus lvl2)
Training round 78 completed in 1 minutes and 53 seconds.
Expected completion: 22:54 2020-05-18.
Training round 79 stats
Wins 0.49, Ties 0.00, Losses 0.51, Game Length 19.02 moves
Loss p1: 0.195289, Loss p2: 0.190390
Benchmark Stats Training Round 79
W: 0.88, T: 0.00 (versus random)
W: 0.50, T: 0.00 (versus left)
W: 0.64, T: 0.00 (versus lvl1)
W: 0.13, T: 0.00 (versus lvl2)
Training round 79 completed in 1 minutes and 53 seconds.
Expected completion: 22:54 2020-05-18.
Training round 80 stats
Wins 0.50, Ties 0.00, Losses 0.49, Game Length 19.30 moves
Loss p1: 0.211183, Loss p2: 0.185514
Benchmark Stats Training Round 80
W: 0.82, T: 0.00 (versus random)
W: 0.50, T: 0.00 (versus left)
W: 0.61, T: 0.00 (versus lvl1)
W: 0.28, T: 0.01 (versus lvl2)
Training round 80 completed in 1 minutes and 59 seconds.
Expected completion: 22:56 2020-05-18.
Training round 81 stats
Wins 0.53, Ties 0.00, Losses 0.47, Game Length 19.28 moves
Loss p1: 0.207681, Loss p2: 0.185910
Benchmark Stats Training Round 81
W: 0.79, T: 0.00 (versus random)
W: 0.50, T: 0.00 (versus left)
W: 0.73, T: 0.00 (versus lvl1)
W: 0.27, T: 0.00 (versus lvl2)
Training round 81 completed in 2 minutes and 3 seconds.
Expected completion: 22:57 2020-05-18.
Training round 82 stats
Wins 0.50, Ties 0.00, Losses 0.50, Game Length 18.79 moves
Loss p1: 0.194037, Loss p2: 0.198981
Benchmark Stats Training Round 82
W: 0.81, T: 0.00 (versus random)
W: 0.50, T: 0.00 (versus left)
W: 0.58, T: 0.00 (versus lvl1)
W: 0.17, T: 0.01 (versus lvl2)
Training round 82 completed in 1 minutes and 53 seconds.
Expected completion: 22:54 2020-05-18.
Training round 83 stats
Wins 0.52, Ties 0.00, Losses 0.48, Game Length 19.00 moves
Loss p1: 0.200589, Loss p2: 0.195477
Benchmark Stats Training Round 83
W: 0.85, T: 0.00 (versus random)
W: 0.00, T: 0.00 (versus left)
W: 0.59, T: 0.00 (versus lvl1)
W: 0.16, T: 0.01 (versus lvl2)
Training round 83 completed in 2 minutes and 1 seconds.
Expected completion: 22:57 2020-05-18.
Training round 84 stats
Wins 0.50, Ties 0.00, Losses 0.49, Game Length 19.27 moves
Loss p1: 0.206891, Loss p2: 0.206482
Benchmark Stats Training Round 84
W: 0.83, T: 0.00 (versus random)
W: 0.00, T: 0.00 (versus left)
W: 0.54, T: 0.00 (versus lvl1)
W: 0.24, T: 0.00 (versus lvl2)
Training round 84 completed in 2 minutes and 1 seconds.
Expected completion: 22:57 2020-05-18.
Training round 85 stats
Wins 0.51, Ties 0.00, Losses 0.49, Game Length 19.39 moves
Loss p1: 0.193788, Loss p2: 0.195660
Benchmark Stats Training Round 85
W: 0.88, T: 0.00 (versus random)
W: 0.50, T: 0.00 (versus left)
W: 0.73, T: 0.00 (versus lvl1)
W: 0.34, T: 0.00 (versus lvl2)
Training round 85 completed in 2 minutes and 1 seconds.
Expected completion: 22:57 2020-05-18.
Training round 86 stats
Wins 0.52, Ties 0.00, Losses 0.48, Game Length 19.07 moves
Loss p1: 0.214315, Loss p2: 0.194229
Benchmark Stats Training Round 86
W: 0.72, T: 0.00 (versus random)
W: 0.50, T: 0.00 (versus left)
W: 0.53, T: 0.00 (versus lvl1)
W: 0.16, T: 0.01 (versus lvl2)
Training round 86 completed in 2 minutes and 4 seconds.
Expected completion: 22:58 2020-05-18.
Training round 87 stats
Wins 0.51, Ties 0.00, Losses 0.49, Game Length 19.50 moves
Loss p1: 0.204392, Loss p2: 0.186189
Benchmark Stats Training Round 87
W: 0.78, T: 0.00 (versus random)
W: 0.50, T: 0.00 (versus left)
W: 0.68, T: 0.00 (versus lvl1)
W: 0.39, T: 0.01 (versus lvl2)
Training round 87 completed in 1 minutes and 55 seconds.
Expected completion: 22:55 2020-05-18.
Training round 88 stats
Wins 0.47, Ties 0.00, Losses 0.53, Game Length 19.10 moves
Loss p1: 0.203606, Loss p2: 0.193677
Benchmark Stats Training Round 88
W: 0.87, T: 0.00 (versus random)
W: 1.00, T: 0.00 (versus left)
W: 0.70, T: 0.00 (versus lvl1)
W: 0.25, T: 0.00 (versus lvl2)
Training round 88 completed in 2 minutes and 1 seconds.
Expected completion: 22:57 2020-05-18.
Training round 89 stats
Wins 0.49, Ties 0.00, Losses 0.51, Game Length 19.32 moves
Loss p1: 0.211652, Loss p2: 0.203543
Benchmark Stats Training Round 89
W: 0.73, T: 0.00 (versus random)
W: 0.00, T: 0.00 (versus left)
W: 0.60, T: 0.00 (versus lvl1)
W: 0.07, T: 0.00 (versus lvl2)
Training round 89 completed in 2 minutes and 25 seconds.
Expected completion: 23:01 2020-05-18.
Training round 90 stats
Wins 0.53, Ties 0.00, Losses 0.47, Game Length 19.32 moves
Loss p1: 0.213371, Loss p2: 0.205056
Benchmark Stats Training Round 90
W: 0.80, T: 0.00 (versus random)
W: 0.00, T: 0.00 (versus left)
W: 0.66, T: 0.00 (versus lvl1)
W: 0.22, T: 0.00 (versus lvl2)
Training round 90 completed in 2 minutes and 47 seconds.
Expected completion: 23:05 2020-05-18.
Training round 91 stats
Wins 0.52, Ties 0.00, Losses 0.48, Game Length 18.91 moves
Loss p1: 0.203554, Loss p2: 0.201608
Benchmark Stats Training Round 91
W: 0.76, T: 0.00 (versus random)
W: 0.00, T: 0.00 (versus left)
W: 0.58, T: 0.00 (versus lvl1)
W: 0.31, T: 0.01 (versus lvl2)
Training round 91 completed in 2 minutes and 53 seconds.
Expected completion: 23:06 2020-05-18.
Training round 92 stats
Wins 0.52, Ties 0.00, Losses 0.48, Game Length 19.16 moves
Loss p1: 0.194760, Loss p2: 0.196638
Benchmark Stats Training Round 92
W: 0.89, T: 0.00 (versus random)
W: 0.00, T: 0.00 (versus left)
W: 0.74, T: 0.00 (versus lvl1)
W: 0.10, T: 0.00 (versus lvl2)
Training round 92 completed in 2 minutes and 46 seconds.
Expected completion: 23:05 2020-05-18.
Training round 93 stats
Wins 0.51, Ties 0.00, Losses 0.49, Game Length 18.95 moves
Loss p1: 0.207087, Loss p2: 0.208328
Benchmark Stats Training Round 93
W: 0.85, T: 0.00 (versus random)
W: 0.50, T: 0.00 (versus left)
W: 0.69, T: 0.00 (versus lvl1)
W: 0.26, T: 0.00 (versus lvl2)
Training round 93 completed in 2 minutes and 58 seconds.
Expected completion: 23:07 2020-05-18.
Training round 94 stats
Wins 0.50, Ties 0.00, Losses 0.50, Game Length 19.02 moves
Loss p1: 0.218234, Loss p2: 0.204357
Benchmark Stats Training Round 94
W: 0.82, T: 0.00 (versus random)
W: 0.50, T: 0.00 (versus left)
W: 0.62, T: 0.00 (versus lvl1)
W: 0.20, T: 0.02 (versus lvl2)
Training round 94 completed in 2 minutes and 35 seconds.
Expected completion: 23:04 2020-05-18.
Training round 95 stats
Wins 0.47, Ties 0.00, Losses 0.53, Game Length 19.05 moves
Loss p1: 0.200891, Loss p2: 0.207482
Benchmark Stats Training Round 95
W: 0.85, T: 0.01 (versus random)
W: 0.50, T: 0.00 (versus left)
W: 0.75, T: 0.00 (versus lvl1)
W: 0.34, T: 0.01 (versus lvl2)
Training round 95 completed in 2 minutes and 36 seconds.
Expected completion: 23:04 2020-05-18.
Training round 96 stats
Wins 0.53, Ties 0.00, Losses 0.47, Game Length 18.42 moves
Loss p1: 0.211810, Loss p2: 0.214752
Benchmark Stats Training Round 96
W: 0.84, T: 0.00 (versus random)
W: 0.50, T: 0.00 (versus left)
W: 0.60, T: 0.00 (versus lvl1)
W: 0.17, T: 0.00 (versus lvl2)
Training round 96 completed in 2 minutes and 41 seconds.
Expected completion: 23:05 2020-05-18.
Training round 97 stats
Wins 0.52, Ties 0.00, Losses 0.48, Game Length 18.99 moves
Loss p1: 0.205063, Loss p2: 0.202431
Benchmark Stats Training Round 97
W: 0.89, T: 0.00 (versus random)
W: 0.50, T: 0.00 (versus left)
W: 0.72, T: 0.00 (versus lvl1)
W: 0.23, T: 0.00 (versus lvl2)
Training round 97 completed in 2 minutes and 50 seconds.
Expected completion: 23:05 2020-05-18.
Training round 98 stats
Wins 0.49, Ties 0.00, Losses 0.51, Game Length 19.22 moves
Loss p1: 0.217104, Loss p2: 0.202264
Benchmark Stats Training Round 98
W: 0.84, T: 0.00 (versus random)
W: 0.50, T: 0.00 (versus left)
W: 0.68, T: 0.00 (versus lvl1)
W: 0.31, T: 0.02 (versus lvl2)
Training round 98 completed in 2 minutes and 18 seconds.
Expected completion: 23:04 2020-05-18.
Training round 99 stats
Wins 0.51, Ties 0.00, Losses 0.49, Game Length 19.28 moves
Loss p1: 0.213580, Loss p2: 0.203596
Benchmark Stats Training Round 99
W: 0.82, T: 0.00 (versus random)
W: 0.50, T: 0.00 (versus left)
W: 0.55, T: 0.00 (versus lvl1)
W: 0.36, T: 0.02 (versus lvl2)
Training round 99 completed in 2 minutes and 41 seconds.
Expected completion: 23:05 2020-05-18.
Training round 100 stats
Wins 0.51, Ties 0.00, Losses 0.48, Game Length 19.42 moves
Loss p1: 0.208577, Loss p2: 0.194813
Benchmark Stats Training Round 100
W: 0.81, T: 0.00 (versus random)
W: 0.00, T: 0.00 (versus left)
W: 0.54, T: 0.00 (versus lvl1)
W: 0.21, T: 0.00 (versus lvl2)
Training round 100 completed in 2 minutes and 59 seconds.
Expected completion: 23:05 2020-05-18.
