Training Neural Net on Connect 4
  self_play_batch_size: 1000
  benchmark_batch_size: 100
  training_rounds: 100
  memory_size: 1000
  network: A
  exploration: cte
  loss: MSE
  encoding: integer
  optimizer: Adam
  experience: yes

Benchmark Stats Training Round 0
W: 0.69, T: 0.00 (versus random)
W: 0.50, T: 0.00 (versus left)
W: 0.46, T: 0.00 (versus lvl1)
W: 0.06, T: 0.00 (versus lvl2)
Training round 1 stats
Wins 0.52, Ties 0.00, Losses 0.48, Game Length 19.82 moves
Loss p1: 0.141119, Loss p2: 0.141933
Benchmark Stats Training Round 1
W: 0.71, T: 0.00 (versus random)
W: 0.00, T: 0.00 (versus left)
W: 0.63, T: 0.00 (versus lvl1)
W: 0.10, T: 0.01 (versus lvl2)
Training round 1 completed in 1 minutes and 38 seconds.
Expected completion: 22:07 2020-05-18.
Training round 2 stats
Wins 0.51, Ties 0.00, Losses 0.49, Game Length 19.38 moves
Loss p1: 0.107112, Loss p2: 0.108104
Benchmark Stats Training Round 2
W: 0.84, T: 0.00 (versus random)
W: 0.00, T: 0.00 (versus left)
W: 0.61, T: 0.00 (versus lvl1)
W: 0.11, T: 0.00 (versus lvl2)
Training round 2 completed in 1 minutes and 56 seconds.
Expected completion: 22:37 2020-05-18.
Training round 3 stats
Wins 0.50, Ties 0.00, Losses 0.50, Game Length 19.14 moves
Loss p1: 0.117280, Loss p2: 0.116448
Benchmark Stats Training Round 3
W: 0.86, T: 0.00 (versus random)
W: 0.00, T: 0.00 (versus left)
W: 0.66, T: 0.00 (versus lvl1)
W: 0.14, T: 0.00 (versus lvl2)
Training round 3 completed in 1 minutes and 50 seconds.
Expected completion: 22:26 2020-05-18.
Training round 4 stats
Wins 0.48, Ties 0.00, Losses 0.51, Game Length 18.72 moves
Loss p1: 0.117016, Loss p2: 0.112964
Benchmark Stats Training Round 4
W: 0.87, T: 0.00 (versus random)
W: 0.50, T: 0.00 (versus left)
W: 0.72, T: 0.00 (versus lvl1)
W: 0.18, T: 0.00 (versus lvl2)
Training round 4 completed in 1 minutes and 50 seconds.
Expected completion: 22:27 2020-05-18.
Training round 5 stats
Wins 0.48, Ties 0.00, Losses 0.52, Game Length 19.53 moves
Loss p1: 0.114024, Loss p2: 0.114662
Benchmark Stats Training Round 5
W: 0.77, T: 0.00 (versus random)
W: 1.00, T: 0.00 (versus left)
W: 0.61, T: 0.00 (versus lvl1)
W: 0.19, T: 0.00 (versus lvl2)
Training round 5 completed in 2 minutes and 7 seconds.
Expected completion: 22:54 2020-05-18.
Training round 6 stats
Wins 0.51, Ties 0.00, Losses 0.48, Game Length 19.36 moves
Loss p1: 0.120129, Loss p2: 0.122635
Benchmark Stats Training Round 6
W: 0.87, T: 0.00 (versus random)
W: 1.00, T: 0.00 (versus left)
W: 0.78, T: 0.00 (versus lvl1)
W: 0.22, T: 0.00 (versus lvl2)
Training round 6 completed in 1 minutes and 54 seconds.
Expected completion: 22:34 2020-05-18.
Training round 7 stats
Wins 0.49, Ties 0.00, Losses 0.51, Game Length 19.24 moves
Loss p1: 0.122769, Loss p2: 0.126129
Benchmark Stats Training Round 7
W: 0.75, T: 0.00 (versus random)
W: 0.50, T: 0.00 (versus left)
W: 0.54, T: 0.00 (versus lvl1)
W: 0.13, T: 0.01 (versus lvl2)
Training round 7 completed in 1 minutes and 59 seconds.
Expected completion: 22:41 2020-05-18.
Training round 8 stats
Wins 0.49, Ties 0.00, Losses 0.51, Game Length 19.22 moves
Loss p1: 0.127084, Loss p2: 0.125933
Benchmark Stats Training Round 8
W: 0.83, T: 0.00 (versus random)
W: 0.50, T: 0.00 (versus left)
W: 0.73, T: 0.00 (versus lvl1)
W: 0.21, T: 0.01 (versus lvl2)
Training round 8 completed in 1 minutes and 53 seconds.
Expected completion: 22:33 2020-05-18.
Training round 9 stats
Wins 0.51, Ties 0.00, Losses 0.49, Game Length 19.23 moves
Loss p1: 0.139273, Loss p2: 0.126976
Benchmark Stats Training Round 9
W: 0.82, T: 0.01 (versus random)
W: 0.50, T: 0.00 (versus left)
W: 0.61, T: 0.00 (versus lvl1)
W: 0.13, T: 0.00 (versus lvl2)
Training round 9 completed in 2 minutes and 27 seconds.
Expected completion: 23:24 2020-05-18.
Training round 10 stats
Wins 0.49, Ties 0.00, Losses 0.51, Game Length 19.47 moves
Loss p1: 0.138409, Loss p2: 0.131229
Benchmark Stats Training Round 10
W: 0.63, T: 0.00 (versus random)
W: 0.00, T: 0.00 (versus left)
W: 0.44, T: 0.00 (versus lvl1)
W: 0.10, T: 0.01 (versus lvl2)
Training round 10 completed in 2 minutes and 28 seconds.
Expected completion: 23:26 2020-05-18.
Training round 11 stats
Wins 0.50, Ties 0.00, Losses 0.50, Game Length 19.09 moves
Loss p1: 0.142149, Loss p2: 0.125600
Benchmark Stats Training Round 11
W: 0.82, T: 0.00 (versus random)
W: 0.50, T: 0.00 (versus left)
W: 0.69, T: 0.00 (versus lvl1)
W: 0.18, T: 0.00 (versus lvl2)
Training round 11 completed in 2 minutes and 8 seconds.
Expected completion: 22:56 2020-05-18.
Training round 12 stats
Wins 0.51, Ties 0.00, Losses 0.49, Game Length 19.47 moves
Loss p1: 0.137951, Loss p2: 0.132530
Benchmark Stats Training Round 12
W: 0.80, T: 0.01 (versus random)
W: 1.00, T: 0.00 (versus left)
W: 0.65, T: 0.00 (versus lvl1)
W: 0.23, T: 0.01 (versus lvl2)
Training round 12 completed in 1 minutes and 60 seconds.
Expected completion: 22:44 2020-05-18.
Training round 13 stats
Wins 0.51, Ties 0.00, Losses 0.49, Game Length 19.26 moves
Loss p1: 0.145540, Loss p2: 0.135392
Benchmark Stats Training Round 13
W: 0.79, T: 0.00 (versus random)
W: 0.00, T: 0.00 (versus left)
W: 0.56, T: 0.00 (versus lvl1)
W: 0.13, T: 0.00 (versus lvl2)
Training round 13 completed in 2 minutes and 10 seconds.
Expected completion: 22:59 2020-05-18.
Training round 14 stats
Wins 0.48, Ties 0.00, Losses 0.52, Game Length 19.47 moves
Loss p1: 0.143335, Loss p2: 0.138942
Benchmark Stats Training Round 14
W: 0.89, T: 0.00 (versus random)
W: 0.50, T: 0.00 (versus left)
W: 0.81, T: 0.00 (versus lvl1)
W: 0.34, T: 0.00 (versus lvl2)
Training round 14 completed in 2 minutes and 15 seconds.
Expected completion: 23:06 2020-05-18.
Training round 15 stats
Wins 0.50, Ties 0.00, Losses 0.50, Game Length 19.02 moves
Loss p1: 0.143513, Loss p2: 0.138535
Benchmark Stats Training Round 15
W: 0.84, T: 0.00 (versus random)
W: 0.00, T: 0.00 (versus left)
W: 0.68, T: 0.00 (versus lvl1)
W: 0.20, T: 0.01 (versus lvl2)
Training round 15 completed in 1 minutes and 49 seconds.
Expected completion: 22:28 2020-05-18.
Training round 16 stats
Wins 0.52, Ties 0.00, Losses 0.48, Game Length 19.71 moves
Loss p1: 0.141323, Loss p2: 0.143239
Benchmark Stats Training Round 16
W: 0.78, T: 0.00 (versus random)
W: 0.00, T: 0.00 (versus left)
W: 0.66, T: 0.00 (versus lvl1)
W: 0.23, T: 0.01 (versus lvl2)
Training round 16 completed in 1 minutes and 60 seconds.
Expected completion: 22:44 2020-05-18.
Training round 17 stats
Wins 0.48, Ties 0.00, Losses 0.52, Game Length 19.59 moves
Loss p1: 0.145069, Loss p2: 0.139001
Benchmark Stats Training Round 17
W: 0.82, T: 0.00 (versus random)
W: 0.50, T: 0.00 (versus left)
W: 0.57, T: 0.00 (versus lvl1)
W: 0.18, T: 0.01 (versus lvl2)
Training round 17 completed in 2 minutes and 11 seconds.
Expected completion: 23:00 2020-05-18.
Training round 18 stats
Wins 0.51, Ties 0.00, Losses 0.49, Game Length 19.76 moves
Loss p1: 0.151662, Loss p2: 0.143820
Benchmark Stats Training Round 18
W: 0.85, T: 0.00 (versus random)
W: 0.50, T: 0.00 (versus left)
W: 0.76, T: 0.00 (versus lvl1)
W: 0.31, T: 0.00 (versus lvl2)
Training round 18 completed in 1 minutes and 57 seconds.
Expected completion: 22:40 2020-05-18.
Training round 19 stats
Wins 0.52, Ties 0.00, Losses 0.48, Game Length 19.20 moves
Loss p1: 0.150973, Loss p2: 0.147919
Benchmark Stats Training Round 19
W: 0.87, T: 0.00 (versus random)
W: 0.50, T: 0.00 (versus left)
W: 0.67, T: 0.00 (versus lvl1)
W: 0.25, T: 0.03 (versus lvl2)
Training round 19 completed in 2 minutes and 21 seconds.
Expected completion: 23:13 2020-05-18.
Training round 20 stats
Wins 0.52, Ties 0.00, Losses 0.48, Game Length 19.13 moves
Loss p1: 0.145746, Loss p2: 0.150869
Benchmark Stats Training Round 20
W: 0.82, T: 0.00 (versus random)
W: 0.50, T: 0.00 (versus left)
W: 0.79, T: 0.00 (versus lvl1)
W: 0.15, T: 0.00 (versus lvl2)
Training round 20 completed in 2 minutes and 14 seconds.
Expected completion: 23:03 2020-05-18.
Training round 21 stats
Wins 0.51, Ties 0.01, Losses 0.48, Game Length 19.01 moves
Loss p1: 0.147567, Loss p2: 0.146476
Benchmark Stats Training Round 21
W: 0.81, T: 0.00 (versus random)
W: 0.50, T: 0.00 (versus left)
W: 0.67, T: 0.00 (versus lvl1)
W: 0.32, T: 0.00 (versus lvl2)
Training round 21 completed in 2 minutes and 17 seconds.
Expected completion: 23:07 2020-05-18.
Training round 22 stats
Wins 0.52, Ties 0.00, Losses 0.48, Game Length 19.60 moves
Loss p1: 0.147409, Loss p2: 0.149205
Benchmark Stats Training Round 22
W: 0.80, T: 0.00 (versus random)
W: 0.00, T: 0.00 (versus left)
W: 0.65, T: 0.00 (versus lvl1)
W: 0.16, T: 0.00 (versus lvl2)
Training round 22 completed in 2 minutes and 16 seconds.
Expected completion: 23:07 2020-05-18.
Training round 23 stats
Wins 0.50, Ties 0.00, Losses 0.50, Game Length 18.85 moves
Loss p1: 0.148864, Loss p2: 0.157618
Benchmark Stats Training Round 23
W: 0.80, T: 0.00 (versus random)
W: 0.50, T: 0.00 (versus left)
W: 0.60, T: 0.00 (versus lvl1)
W: 0.19, T: 0.01 (versus lvl2)
Training round 23 completed in 1 minutes and 48 seconds.
Expected completion: 22:29 2020-05-18.
Training round 24 stats
Wins 0.50, Ties 0.00, Losses 0.50, Game Length 19.54 moves
Loss p1: 0.147503, Loss p2: 0.162352
Benchmark Stats Training Round 24
W: 0.82, T: 0.01 (versus random)
W: 0.50, T: 0.00 (versus left)
W: 0.70, T: 0.00 (versus lvl1)
W: 0.30, T: 0.00 (versus lvl2)
Training round 24 completed in 2 minutes and 22 seconds.
Expected completion: 23:13 2020-05-18.
Training round 25 stats
Wins 0.49, Ties 0.00, Losses 0.51, Game Length 19.12 moves
Loss p1: 0.151186, Loss p2: 0.148341
Benchmark Stats Training Round 25
W: 0.82, T: 0.00 (versus random)
W: 0.50, T: 0.00 (versus left)
W: 0.69, T: 0.00 (versus lvl1)
W: 0.26, T: 0.00 (versus lvl2)
Training round 25 completed in 2 minutes and 33 seconds.
Expected completion: 23:27 2020-05-18.
Training round 26 stats
Wins 0.51, Ties 0.00, Losses 0.49, Game Length 19.30 moves
Loss p1: 0.148401, Loss p2: 0.155407
Benchmark Stats Training Round 26
W: 0.69, T: 0.00 (versus random)
W: 0.00, T: 0.00 (versus left)
W: 0.49, T: 0.00 (versus lvl1)
W: 0.13, T: 0.00 (versus lvl2)
Training round 26 completed in 2 minutes and 38 seconds.
Expected completion: 23:34 2020-05-18.
Training round 27 stats
Wins 0.47, Ties 0.00, Losses 0.53, Game Length 18.97 moves
Loss p1: 0.150979, Loss p2: 0.158849
Benchmark Stats Training Round 27
W: 0.87, T: 0.00 (versus random)
W: 0.50, T: 0.00 (versus left)
W: 0.67, T: 0.00 (versus lvl1)
W: 0.12, T: 0.02 (versus lvl2)
Training round 27 completed in 2 minutes and 23 seconds.
Expected completion: 23:16 2020-05-18.
Training round 28 stats
Wins 0.50, Ties 0.00, Losses 0.50, Game Length 18.99 moves
Loss p1: 0.155277, Loss p2: 0.161417
Benchmark Stats Training Round 28
W: 0.80, T: 0.00 (versus random)
W: 1.00, T: 0.00 (versus left)
W: 0.58, T: 0.00 (versus lvl1)
W: 0.19, T: 0.00 (versus lvl2)
Training round 28 completed in 2 minutes and 29 seconds.
Expected completion: 23:22 2020-05-18.
Training round 29 stats
Wins 0.50, Ties 0.00, Losses 0.50, Game Length 18.59 moves
Loss p1: 0.157159, Loss p2: 0.166120
Benchmark Stats Training Round 29
W: 0.81, T: 0.00 (versus random)
W: 0.50, T: 0.00 (versus left)
W: 0.62, T: 0.00 (versus lvl1)
W: 0.30, T: 0.01 (versus lvl2)
Training round 29 completed in 2 minutes and 30 seconds.
Expected completion: 23:23 2020-05-18.
Training round 30 stats
Wins 0.53, Ties 0.00, Losses 0.46, Game Length 19.17 moves
Loss p1: 0.153786, Loss p2: 0.156400
Benchmark Stats Training Round 30
W: 0.79, T: 0.00 (versus random)
W: 0.00, T: 0.00 (versus left)
W: 0.77, T: 0.00 (versus lvl1)
W: 0.10, T: 0.00 (versus lvl2)
Training round 30 completed in 2 minutes and 19 seconds.
Expected completion: 23:11 2020-05-18.
Training round 31 stats
Wins 0.51, Ties 0.00, Losses 0.49, Game Length 19.09 moves
Loss p1: 0.159184, Loss p2: 0.159200
Benchmark Stats Training Round 31
W: 0.86, T: 0.00 (versus random)
W: 0.00, T: 0.00 (versus left)
W: 0.76, T: 0.00 (versus lvl1)
W: 0.31, T: 0.00 (versus lvl2)
Training round 31 completed in 2 minutes and 20 seconds.
Expected completion: 23:12 2020-05-18.
Training round 32 stats
Wins 0.51, Ties 0.00, Losses 0.49, Game Length 18.80 moves
Loss p1: 0.157678, Loss p2: 0.156390
Benchmark Stats Training Round 32
W: 0.81, T: 0.00 (versus random)
W: 0.50, T: 0.00 (versus left)
W: 0.65, T: 0.00 (versus lvl1)
W: 0.33, T: 0.00 (versus lvl2)
Training round 32 completed in 2 minutes and 24 seconds.
Expected completion: 23:17 2020-05-18.
Training round 33 stats
Wins 0.50, Ties 0.00, Losses 0.50, Game Length 19.04 moves
Loss p1: 0.158342, Loss p2: 0.163671
Benchmark Stats Training Round 33
W: 0.79, T: 0.00 (versus random)
W: 0.50, T: 0.00 (versus left)
W: 0.62, T: 0.00 (versus lvl1)
W: 0.13, T: 0.01 (versus lvl2)
Training round 33 completed in 2 minutes and 24 seconds.
Expected completion: 23:17 2020-05-18.
Training round 34 stats
Wins 0.51, Ties 0.00, Losses 0.48, Game Length 19.14 moves
Loss p1: 0.157143, Loss p2: 0.172785
Benchmark Stats Training Round 34
W: 0.77, T: 0.00 (versus random)
W: 0.00, T: 0.00 (versus left)
W: 0.60, T: 0.00 (versus lvl1)
W: 0.14, T: 0.01 (versus lvl2)
Training round 34 completed in 2 minutes and 23 seconds.
Expected completion: 23:15 2020-05-18.
Training round 35 stats
Wins 0.50, Ties 0.00, Losses 0.50, Game Length 19.18 moves
Loss p1: 0.161902, Loss p2: 0.165543
Benchmark Stats Training Round 35
W: 0.78, T: 0.00 (versus random)
W: 0.50, T: 0.00 (versus left)
W: 0.53, T: 0.00 (versus lvl1)
W: 0.27, T: 0.00 (versus lvl2)
Training round 35 completed in 2 minutes and 6 seconds.
Expected completion: 22:56 2020-05-18.
Training round 36 stats
Wins 0.54, Ties 0.01, Losses 0.46, Game Length 19.17 moves
Loss p1: 0.172995, Loss p2: 0.161441
Benchmark Stats Training Round 36
W: 0.86, T: 0.00 (versus random)
W: 0.00, T: 0.00 (versus left)
W: 0.62, T: 0.00 (versus lvl1)
W: 0.14, T: 0.00 (versus lvl2)
Training round 36 completed in 2 minutes and 4 seconds.
Expected completion: 22:54 2020-05-18.
Training round 37 stats
Wins 0.52, Ties 0.00, Losses 0.47, Game Length 19.43 moves
Loss p1: 0.168203, Loss p2: 0.172159
Benchmark Stats Training Round 37
W: 0.77, T: 0.00 (versus random)
W: 0.00, T: 0.00 (versus left)
W: 0.75, T: 0.00 (versus lvl1)
W: 0.12, T: 0.00 (versus lvl2)
Training round 37 completed in 2 minutes and 19 seconds.
Expected completion: 23:11 2020-05-18.
Training round 38 stats
Wins 0.53, Ties 0.00, Losses 0.47, Game Length 19.16 moves
Loss p1: 0.160750, Loss p2: 0.170443
Benchmark Stats Training Round 38
W: 0.80, T: 0.00 (versus random)
W: 0.50, T: 0.00 (versus left)
W: 0.64, T: 0.00 (versus lvl1)
W: 0.17, T: 0.00 (versus lvl2)
Training round 38 completed in 2 minutes and 4 seconds.
Expected completion: 22:55 2020-05-18.
Training round 39 stats
Wins 0.51, Ties 0.01, Losses 0.49, Game Length 19.26 moves
Loss p1: 0.168664, Loss p2: 0.167595
Benchmark Stats Training Round 39
W: 0.81, T: 0.00 (versus random)
W: 0.50, T: 0.00 (versus left)
W: 0.68, T: 0.00 (versus lvl1)
W: 0.25, T: 0.01 (versus lvl2)
Training round 39 completed in 2 minutes and 1 seconds.
Expected completion: 22:52 2020-05-18.
Training round 40 stats
Wins 0.51, Ties 0.00, Losses 0.49, Game Length 19.68 moves
Loss p1: 0.159389, Loss p2: 0.172000
Benchmark Stats Training Round 40
W: 0.83, T: 0.00 (versus random)
W: 0.50, T: 0.00 (versus left)
W: 0.80, T: 0.00 (versus lvl1)
W: 0.30, T: 0.00 (versus lvl2)
Training round 40 completed in 2 minutes and 3 seconds.
Expected completion: 22:53 2020-05-18.
Training round 41 stats
Wins 0.48, Ties 0.00, Losses 0.52, Game Length 19.36 moves
Loss p1: 0.167503, Loss p2: 0.175759
Benchmark Stats Training Round 41
W: 0.72, T: 0.00 (versus random)
W: 0.50, T: 0.00 (versus left)
W: 0.53, T: 0.00 (versus lvl1)
W: 0.13, T: 0.00 (versus lvl2)
Training round 41 completed in 2 minutes and 27 seconds.
Expected completion: 23:17 2020-05-18.
Training round 42 stats
Wins 0.49, Ties 0.00, Losses 0.51, Game Length 19.31 moves
Loss p1: 0.169091, Loss p2: 0.170641
Benchmark Stats Training Round 42
W: 0.86, T: 0.00 (versus random)
W: 0.00, T: 0.00 (versus left)
W: 0.79, T: 0.00 (versus lvl1)
W: 0.19, T: 0.01 (versus lvl2)
Training round 42 completed in 2 minutes and 6 seconds.
Expected completion: 22:57 2020-05-18.
Training round 43 stats
Wins 0.50, Ties 0.00, Losses 0.50, Game Length 18.97 moves
Loss p1: 0.168192, Loss p2: 0.180432
Benchmark Stats Training Round 43
W: 0.85, T: 0.00 (versus random)
W: 0.50, T: 0.00 (versus left)
W: 0.67, T: 0.00 (versus lvl1)
W: 0.31, T: 0.00 (versus lvl2)
Training round 43 completed in 1 minutes and 55 seconds.
Expected completion: 22:46 2020-05-18.
Training round 44 stats
Wins 0.52, Ties 0.01, Losses 0.47, Game Length 19.57 moves
Loss p1: 0.170330, Loss p2: 0.172457
Benchmark Stats Training Round 44
W: 0.79, T: 0.00 (versus random)
W: 0.50, T: 0.00 (versus left)
W: 0.61, T: 0.00 (versus lvl1)
W: 0.30, T: 0.00 (versus lvl2)
Training round 44 completed in 2 minutes and 4 seconds.
Expected completion: 22:55 2020-05-18.
Training round 45 stats
Wins 0.48, Ties 0.00, Losses 0.51, Game Length 19.23 moves
Loss p1: 0.167875, Loss p2: 0.165993
Benchmark Stats Training Round 45
W: 0.81, T: 0.00 (versus random)
W: 0.50, T: 0.00 (versus left)
W: 0.67, T: 0.00 (versus lvl1)
W: 0.18, T: 0.00 (versus lvl2)
Training round 45 completed in 2 minutes and 2 seconds.
Expected completion: 22:53 2020-05-18.
Training round 46 stats
Wins 0.49, Ties 0.00, Losses 0.50, Game Length 18.61 moves
Loss p1: 0.171401, Loss p2: 0.179487
Benchmark Stats Training Round 46
W: 0.81, T: 0.00 (versus random)
W: 0.50, T: 0.00 (versus left)
W: 0.63, T: 0.00 (versus lvl1)
W: 0.22, T: 0.00 (versus lvl2)
Training round 46 completed in 1 minutes and 50 seconds.
Expected completion: 22:42 2020-05-18.
Training round 47 stats
Wins 0.50, Ties 0.00, Losses 0.50, Game Length 19.76 moves
Loss p1: 0.166761, Loss p2: 0.174993
Benchmark Stats Training Round 47
W: 0.84, T: 0.00 (versus random)
W: 0.00, T: 0.00 (versus left)
W: 0.69, T: 0.00 (versus lvl1)
W: 0.08, T: 0.00 (versus lvl2)
Training round 47 completed in 1 minutes and 54 seconds.
Expected completion: 22:45 2020-05-18.
Training round 48 stats
Wins 0.48, Ties 0.00, Losses 0.52, Game Length 19.40 moves
Loss p1: 0.179236, Loss p2: 0.171167
Benchmark Stats Training Round 48
W: 0.87, T: 0.00 (versus random)
W: 0.00, T: 0.00 (versus left)
W: 0.76, T: 0.00 (versus lvl1)
W: 0.18, T: 0.00 (versus lvl2)
Training round 48 completed in 1 minutes and 53 seconds.
Expected completion: 22:45 2020-05-18.
Training round 49 stats
Wins 0.48, Ties 0.00, Losses 0.52, Game Length 19.49 moves
Loss p1: 0.177551, Loss p2: 0.173214
Benchmark Stats Training Round 49
W: 0.83, T: 0.00 (versus random)
W: 0.00, T: 0.00 (versus left)
W: 0.68, T: 0.00 (versus lvl1)
W: 0.29, T: 0.00 (versus lvl2)
Training round 49 completed in 1 minutes and 50 seconds.
Expected completion: 22:42 2020-05-18.
Training round 50 stats
Wins 0.47, Ties 0.00, Losses 0.53, Game Length 18.89 moves
Loss p1: 0.180379, Loss p2: 0.182769
Benchmark Stats Training Round 50
W: 0.86, T: 0.00 (versus random)
W: 0.50, T: 0.00 (versus left)
W: 0.62, T: 0.00 (versus lvl1)
W: 0.15, T: 0.02 (versus lvl2)
Training round 50 completed in 2 minutes and 11 seconds.
Expected completion: 23:00 2020-05-18.
Training round 51 stats
Wins 0.49, Ties 0.01, Losses 0.51, Game Length 19.02 moves
Loss p1: 0.174897, Loss p2: 0.191070
Benchmark Stats Training Round 51
W: 0.82, T: 0.00 (versus random)
W: 0.50, T: 0.00 (versus left)
W: 0.62, T: 0.00 (versus lvl1)
W: 0.21, T: 0.00 (versus lvl2)
Training round 51 completed in 1 minutes and 55 seconds.
Expected completion: 22:47 2020-05-18.
Training round 52 stats
Wins 0.49, Ties 0.00, Losses 0.51, Game Length 19.68 moves
Loss p1: 0.173756, Loss p2: 0.177365
Benchmark Stats Training Round 52
W: 0.86, T: 0.01 (versus random)
W: 0.00, T: 0.00 (versus left)
W: 0.61, T: 0.00 (versus lvl1)
W: 0.20, T: 0.00 (versus lvl2)
Training round 52 completed in 2 minutes and 15 seconds.
Expected completion: 23:03 2020-05-18.
Training round 53 stats
Wins 0.49, Ties 0.00, Losses 0.51, Game Length 19.23 moves
Loss p1: 0.183203, Loss p2: 0.186758
Benchmark Stats Training Round 53
W: 0.80, T: 0.00 (versus random)
W: 0.50, T: 0.00 (versus left)
W: 0.70, T: 0.01 (versus lvl1)
W: 0.23, T: 0.00 (versus lvl2)
Training round 53 completed in 2 minutes and 6 seconds.
Expected completion: 22:56 2020-05-18.
Training round 54 stats
Wins 0.48, Ties 0.00, Losses 0.52, Game Length 19.53 moves
Loss p1: 0.169949, Loss p2: 0.171977
Benchmark Stats Training Round 54
W: 0.82, T: 0.00 (versus random)
W: 0.50, T: 0.00 (versus left)
W: 0.72, T: 0.00 (versus lvl1)
W: 0.23, T: 0.00 (versus lvl2)
Training round 54 completed in 2 minutes and 10 seconds.
Expected completion: 22:59 2020-05-18.
Training round 55 stats
Wins 0.47, Ties 0.00, Losses 0.53, Game Length 19.53 moves
Loss p1: 0.183586, Loss p2: 0.169709
Benchmark Stats Training Round 55
W: 0.86, T: 0.00 (versus random)
W: 0.50, T: 0.00 (versus left)
W: 0.71, T: 0.00 (versus lvl1)
W: 0.33, T: 0.00 (versus lvl2)
Training round 55 completed in 2 minutes and 9 seconds.
Expected completion: 22:58 2020-05-18.
Training round 56 stats
Wins 0.47, Ties 0.00, Losses 0.52, Game Length 19.00 moves
Loss p1: 0.190306, Loss p2: 0.180800
Benchmark Stats Training Round 56
W: 0.86, T: 0.01 (versus random)
W: 0.50, T: 0.00 (versus left)
W: 0.64, T: 0.00 (versus lvl1)
W: 0.19, T: 0.01 (versus lvl2)
Training round 56 completed in 2 minutes and 7 seconds.
Expected completion: 22:56 2020-05-18.
Training round 57 stats
Wins 0.52, Ties 0.00, Losses 0.48, Game Length 19.18 moves
Loss p1: 0.180591, Loss p2: 0.188588
Benchmark Stats Training Round 57
W: 0.80, T: 0.00 (versus random)
W: 0.50, T: 0.00 (versus left)
W: 0.57, T: 0.00 (versus lvl1)
W: 0.17, T: 0.00 (versus lvl2)
Training round 57 completed in 1 minutes and 56 seconds.
Expected completion: 22:48 2020-05-18.
Training round 58 stats
Wins 0.53, Ties 0.00, Losses 0.47, Game Length 19.47 moves
Loss p1: 0.177020, Loss p2: 0.177654
Benchmark Stats Training Round 58
W: 0.82, T: 0.00 (versus random)
W: 0.00, T: 0.00 (versus left)
W: 0.63, T: 0.00 (versus lvl1)
W: 0.23, T: 0.00 (versus lvl2)
Training round 58 completed in 2 minutes and 24 seconds.
Expected completion: 23:08 2020-05-18.
Training round 59 stats
Wins 0.51, Ties 0.00, Losses 0.49, Game Length 19.12 moves
Loss p1: 0.184348, Loss p2: 0.176748
Benchmark Stats Training Round 59
W: 0.83, T: 0.00 (versus random)
W: 0.50, T: 0.00 (versus left)
W: 0.69, T: 0.00 (versus lvl1)
W: 0.20, T: 0.00 (versus lvl2)
Training round 59 completed in 2 minutes and 23 seconds.
Expected completion: 23:08 2020-05-18.
Training round 60 stats
Wins 0.48, Ties 0.00, Losses 0.51, Game Length 19.32 moves
Loss p1: 0.184722, Loss p2: 0.176765
Benchmark Stats Training Round 60
W: 0.78, T: 0.00 (versus random)
W: 0.00, T: 0.00 (versus left)
W: 0.60, T: 0.00 (versus lvl1)
W: 0.22, T: 0.00 (versus lvl2)
Training round 60 completed in 2 minutes and 18 seconds.
Expected completion: 23:04 2020-05-18.
Training round 61 stats
Wins 0.48, Ties 0.00, Losses 0.52, Game Length 18.85 moves
Loss p1: 0.187786, Loss p2: 0.176062
Benchmark Stats Training Round 61
W: 0.81, T: 0.00 (versus random)
W: 0.50, T: 0.00 (versus left)
W: 0.58, T: 0.00 (versus lvl1)
W: 0.22, T: 0.01 (versus lvl2)
Training round 61 completed in 2 minutes and 28 seconds.
Expected completion: 23:11 2020-05-18.
Training round 62 stats
Wins 0.50, Ties 0.00, Losses 0.50, Game Length 19.09 moves
Loss p1: 0.185241, Loss p2: 0.172103
Benchmark Stats Training Round 62
W: 0.80, T: 0.00 (versus random)
W: 0.00, T: 0.00 (versus left)
W: 0.57, T: 0.00 (versus lvl1)
W: 0.25, T: 0.00 (versus lvl2)
Training round 62 completed in 2 minutes and 13 seconds.
Expected completion: 23:01 2020-05-18.
Training round 63 stats
Wins 0.50, Ties 0.01, Losses 0.49, Game Length 19.77 moves
Loss p1: 0.186788, Loss p2: 0.183465
Benchmark Stats Training Round 63
W: 0.87, T: 0.01 (versus random)
W: 0.50, T: 0.00 (versus left)
W: 0.69, T: 0.00 (versus lvl1)
W: 0.33, T: 0.03 (versus lvl2)
Training round 63 completed in 2 minutes and 21 seconds.
Expected completion: 23:07 2020-05-18.
Training round 64 stats
Wins 0.50, Ties 0.00, Losses 0.50, Game Length 18.98 moves
Loss p1: 0.187615, Loss p2: 0.177433
Benchmark Stats Training Round 64
W: 0.83, T: 0.00 (versus random)
W: 0.50, T: 0.00 (versus left)
W: 0.66, T: 0.00 (versus lvl1)
W: 0.23, T: 0.01 (versus lvl2)
Training round 64 completed in 2 minutes and 27 seconds.
Expected completion: 23:10 2020-05-18.
Training round 65 stats
Wins 0.49, Ties 0.00, Losses 0.51, Game Length 19.10 moves
Loss p1: 0.200240, Loss p2: 0.179320
Benchmark Stats Training Round 65
W: 0.90, T: 0.00 (versus random)
W: 0.50, T: 0.00 (versus left)
W: 0.69, T: 0.00 (versus lvl1)
W: 0.22, T: 0.00 (versus lvl2)
Training round 65 completed in 2 minutes and 24 seconds.
Expected completion: 23:08 2020-05-18.
Training round 66 stats
Wins 0.50, Ties 0.00, Losses 0.50, Game Length 19.24 moves
Loss p1: 0.203419, Loss p2: 0.181604
Benchmark Stats Training Round 66
W: 0.95, T: 0.00 (versus random)
W: 0.50, T: 0.00 (versus left)
W: 0.80, T: 0.00 (versus lvl1)
W: 0.33, T: 0.02 (versus lvl2)
Training round 66 completed in 1 minutes and 50 seconds.
Expected completion: 22:49 2020-05-18.
Training round 67 stats
Wins 0.54, Ties 0.00, Losses 0.46, Game Length 19.00 moves
Loss p1: 0.197114, Loss p2: 0.180495
Benchmark Stats Training Round 67
W: 0.83, T: 0.00 (versus random)
W: 0.00, T: 0.00 (versus left)
W: 0.65, T: 0.00 (versus lvl1)
W: 0.30, T: 0.01 (versus lvl2)
Training round 67 completed in 1 minutes and 52 seconds.
Expected completion: 22:50 2020-05-18.
Training round 68 stats
Wins 0.54, Ties 0.00, Losses 0.46, Game Length 18.89 moves
Loss p1: 0.195767, Loss p2: 0.182126
Benchmark Stats Training Round 68
W: 0.76, T: 0.00 (versus random)
W: 1.00, T: 0.00 (versus left)
W: 0.66, T: 0.00 (versus lvl1)
W: 0.12, T: 0.00 (versus lvl2)
Training round 68 completed in 1 minutes and 45 seconds.
Expected completion: 22:46 2020-05-18.
Training round 69 stats
Wins 0.53, Ties 0.00, Losses 0.47, Game Length 19.48 moves
Loss p1: 0.188390, Loss p2: 0.178215
Benchmark Stats Training Round 69
W: 0.85, T: 0.00 (versus random)
W: 0.50, T: 0.00 (versus left)
W: 0.73, T: 0.00 (versus lvl1)
W: 0.29, T: 0.02 (versus lvl2)
Training round 69 completed in 1 minutes and 53 seconds.
Expected completion: 22:50 2020-05-18.
Training round 70 stats
Wins 0.49, Ties 0.00, Losses 0.51, Game Length 19.23 moves
Loss p1: 0.195825, Loss p2: 0.178334
Benchmark Stats Training Round 70
W: 0.88, T: 0.00 (versus random)
W: 0.50, T: 0.00 (versus left)
W: 0.70, T: 0.00 (versus lvl1)
W: 0.17, T: 0.00 (versus lvl2)
Training round 70 completed in 1 minutes and 50 seconds.
Expected completion: 22:49 2020-05-18.
Training round 71 stats
Wins 0.51, Ties 0.00, Losses 0.49, Game Length 19.34 moves
Loss p1: 0.198874, Loss p2: 0.188588
Benchmark Stats Training Round 71
W: 0.83, T: 0.01 (versus random)
W: 0.50, T: 0.00 (versus left)
W: 0.78, T: 0.00 (versus lvl1)
W: 0.27, T: 0.00 (versus lvl2)
Training round 71 completed in 1 minutes and 55 seconds.
Expected completion: 22:51 2020-05-18.
Training round 72 stats
Wins 0.51, Ties 0.00, Losses 0.49, Game Length 18.61 moves
Loss p1: 0.202986, Loss p2: 0.181598
Benchmark Stats Training Round 72
W: 0.82, T: 0.00 (versus random)
W: 0.50, T: 0.00 (versus left)
W: 0.60, T: 0.00 (versus lvl1)
W: 0.31, T: 0.00 (versus lvl2)
Training round 72 completed in 1 minutes and 48 seconds.
Expected completion: 22:48 2020-05-18.
Training round 73 stats
Wins 0.51, Ties 0.00, Losses 0.49, Game Length 19.10 moves
Loss p1: 0.199987, Loss p2: 0.190861
Benchmark Stats Training Round 73
W: 0.89, T: 0.00 (versus random)
W: 0.50, T: 0.00 (versus left)
W: 0.78, T: 0.00 (versus lvl1)
W: 0.27, T: 0.03 (versus lvl2)
Training round 73 completed in 1 minutes and 55 seconds.
Expected completion: 22:51 2020-05-18.
Training round 74 stats
Wins 0.52, Ties 0.00, Losses 0.47, Game Length 19.34 moves
Loss p1: 0.194752, Loss p2: 0.186390
Benchmark Stats Training Round 74
W: 0.85, T: 0.00 (versus random)
W: 0.50, T: 0.00 (versus left)
W: 0.72, T: 0.00 (versus lvl1)
W: 0.21, T: 0.00 (versus lvl2)
Training round 74 completed in 1 minutes and 54 seconds.
Expected completion: 22:51 2020-05-18.
Training round 75 stats
Wins 0.49, Ties 0.00, Losses 0.51, Game Length 19.37 moves
Loss p1: 0.202849, Loss p2: 0.182454
Benchmark Stats Training Round 75
W: 0.77, T: 0.00 (versus random)
W: 0.50, T: 0.00 (versus left)
W: 0.58, T: 0.00 (versus lvl1)
W: 0.20, T: 0.00 (versus lvl2)
Training round 75 completed in 1 minutes and 56 seconds.
Expected completion: 22:51 2020-05-18.
Training round 76 stats
Wins 0.49, Ties 0.00, Losses 0.51, Game Length 18.98 moves
Loss p1: 0.194528, Loss p2: 0.189393
Benchmark Stats Training Round 76
W: 0.82, T: 0.00 (versus random)
W: 0.50, T: 0.00 (versus left)
W: 0.65, T: 0.00 (versus lvl1)
W: 0.21, T: 0.00 (versus lvl2)
Training round 76 completed in 1 minutes and 43 seconds.
Expected completion: 22:46 2020-05-18.
Training round 77 stats
Wins 0.50, Ties 0.00, Losses 0.49, Game Length 19.41 moves
Loss p1: 0.204602, Loss p2: 0.195571
Benchmark Stats Training Round 77
W: 0.79, T: 0.00 (versus random)
W: 0.00, T: 0.00 (versus left)
W: 0.52, T: 0.00 (versus lvl1)
W: 0.17, T: 0.00 (versus lvl2)
Training round 77 completed in 1 minutes and 57 seconds.
Expected completion: 22:52 2020-05-18.
Training round 78 stats
Wins 0.50, Ties 0.00, Losses 0.50, Game Length 19.24 moves
Loss p1: 0.203449, Loss p2: 0.180462
Benchmark Stats Training Round 78
W: 0.85, T: 0.00 (versus random)
W: 0.50, T: 0.00 (versus left)
W: 0.71, T: 0.00 (versus lvl1)
W: 0.27, T: 0.01 (versus lvl2)
Training round 78 completed in 1 minutes and 55 seconds.
Expected completion: 22:51 2020-05-18.
Training round 79 stats
Wins 0.51, Ties 0.00, Losses 0.49, Game Length 18.94 moves
Loss p1: 0.207736, Loss p2: 0.185221
Benchmark Stats Training Round 79
W: 0.88, T: 0.00 (versus random)
W: 0.50, T: 0.00 (versus left)
W: 0.51, T: 0.00 (versus lvl1)
W: 0.21, T: 0.00 (versus lvl2)
Training round 79 completed in 1 minutes and 54 seconds.
Expected completion: 22:51 2020-05-18.
Training round 80 stats
Wins 0.48, Ties 0.00, Losses 0.52, Game Length 18.71 moves
Loss p1: 0.206432, Loss p2: 0.189424
Benchmark Stats Training Round 80
W: 0.83, T: 0.00 (versus random)
W: 0.50, T: 0.00 (versus left)
W: 0.64, T: 0.00 (versus lvl1)
W: 0.22, T: 0.00 (versus lvl2)
Training round 80 completed in 1 minutes and 59 seconds.
Expected completion: 22:52 2020-05-18.
Training round 81 stats
Wins 0.51, Ties 0.00, Losses 0.49, Game Length 19.26 moves
Loss p1: 0.200682, Loss p2: 0.189902
Benchmark Stats Training Round 81
W: 0.81, T: 0.00 (versus random)
W: 0.00, T: 0.00 (versus left)
W: 0.54, T: 0.00 (versus lvl1)
W: 0.16, T: 0.00 (versus lvl2)
Training round 81 completed in 2 minutes and 1 seconds.
Expected completion: 22:53 2020-05-18.
Training round 82 stats
Wins 0.50, Ties 0.00, Losses 0.50, Game Length 19.44 moves
Loss p1: 0.200814, Loss p2: 0.184385
Benchmark Stats Training Round 82
W: 0.82, T: 0.00 (versus random)
W: 0.50, T: 0.00 (versus left)
W: 0.74, T: 0.00 (versus lvl1)
W: 0.33, T: 0.00 (versus lvl2)
Training round 82 completed in 1 minutes and 49 seconds.
Expected completion: 22:49 2020-05-18.
Training round 83 stats
Wins 0.50, Ties 0.00, Losses 0.50, Game Length 19.45 moves
Loss p1: 0.202885, Loss p2: 0.192776
Benchmark Stats Training Round 83
W: 0.79, T: 0.00 (versus random)
W: 0.00, T: 0.00 (versus left)
W: 0.69, T: 0.00 (versus lvl1)
W: 0.31, T: 0.00 (versus lvl2)
Training round 83 completed in 2 minutes and 2 seconds.
Expected completion: 22:53 2020-05-18.
Training round 84 stats
Wins 0.49, Ties 0.00, Losses 0.50, Game Length 18.84 moves
Loss p1: 0.209092, Loss p2: 0.203050
Benchmark Stats Training Round 84
W: 0.81, T: 0.00 (versus random)
W: 0.00, T: 0.00 (versus left)
W: 0.73, T: 0.00 (versus lvl1)
W: 0.23, T: 0.01 (versus lvl2)
Training round 84 completed in 1 minutes and 59 seconds.
Expected completion: 22:52 2020-05-18.
Training round 85 stats
Wins 0.50, Ties 0.00, Losses 0.50, Game Length 18.73 moves
Loss p1: 0.214690, Loss p2: 0.205086
Benchmark Stats Training Round 85
W: 0.81, T: 0.01 (versus random)
W: 0.50, T: 0.00 (versus left)
W: 0.57, T: 0.00 (versus lvl1)
W: 0.13, T: 0.00 (versus lvl2)
Training round 85 completed in 2 minutes and 5 seconds.
Expected completion: 22:54 2020-05-18.
Training round 86 stats
Wins 0.49, Ties 0.00, Losses 0.51, Game Length 19.15 moves
Loss p1: 0.203806, Loss p2: 0.208738
Benchmark Stats Training Round 86
W: 0.85, T: 0.00 (versus random)
W: 0.50, T: 0.00 (versus left)
W: 0.82, T: 0.00 (versus lvl1)
W: 0.25, T: 0.02 (versus lvl2)
Training round 86 completed in 1 minutes and 57 seconds.
Expected completion: 22:52 2020-05-18.
Training round 87 stats
Wins 0.46, Ties 0.00, Losses 0.54, Game Length 18.86 moves
Loss p1: 0.194145, Loss p2: 0.199658
Benchmark Stats Training Round 87
W: 0.89, T: 0.00 (versus random)
W: 0.50, T: 0.00 (versus left)
W: 0.75, T: 0.00 (versus lvl1)
W: 0.39, T: 0.00 (versus lvl2)
Training round 87 completed in 1 minutes and 55 seconds.
Expected completion: 22:51 2020-05-18.
Training round 88 stats
Wins 0.48, Ties 0.01, Losses 0.51, Game Length 18.82 moves
Loss p1: 0.197853, Loss p2: 0.195469
Benchmark Stats Training Round 88
W: 0.91, T: 0.00 (versus random)
W: 0.50, T: 0.00 (versus left)
W: 0.80, T: 0.00 (versus lvl1)
W: 0.40, T: 0.00 (versus lvl2)
Training round 88 completed in 1 minutes and 58 seconds.
Expected completion: 22:52 2020-05-18.
Training round 89 stats
Wins 0.50, Ties 0.00, Losses 0.49, Game Length 18.87 moves
Loss p1: 0.195657, Loss p2: 0.191341
Benchmark Stats Training Round 89
W: 0.78, T: 0.00 (versus random)
W: 0.50, T: 0.00 (versus left)
W: 0.74, T: 0.00 (versus lvl1)
W: 0.35, T: 0.00 (versus lvl2)
Training round 89 completed in 1 minutes and 59 seconds.
Expected completion: 22:52 2020-05-18.
Training round 90 stats
Wins 0.53, Ties 0.00, Losses 0.47, Game Length 18.98 moves
Loss p1: 0.205015, Loss p2: 0.189532
Benchmark Stats Training Round 90
W: 0.85, T: 0.00 (versus random)
W: 0.50, T: 0.00 (versus left)
W: 0.67, T: 0.00 (versus lvl1)
W: 0.23, T: 0.00 (versus lvl2)
Training round 90 completed in 1 minutes and 57 seconds.
Expected completion: 22:52 2020-05-18.
Training round 91 stats
Wins 0.50, Ties 0.00, Losses 0.50, Game Length 19.28 moves
Loss p1: 0.213059, Loss p2: 0.194269
Benchmark Stats Training Round 91
W: 0.89, T: 0.00 (versus random)
W: 0.00, T: 0.00 (versus left)
W: 0.70, T: 0.00 (versus lvl1)
W: 0.20, T: 0.00 (versus lvl2)
Training round 91 completed in 2 minutes and 5 seconds.
Expected completion: 22:53 2020-05-18.
Training round 92 stats
Wins 0.51, Ties 0.00, Losses 0.49, Game Length 19.18 moves
Loss p1: 0.211829, Loss p2: 0.196648
Benchmark Stats Training Round 92
W: 0.89, T: 0.00 (versus random)
W: 0.50, T: 0.00 (versus left)
W: 0.65, T: 0.00 (versus lvl1)
W: 0.21, T: 0.00 (versus lvl2)
Training round 92 completed in 2 minutes and 44 seconds.
Expected completion: 22:59 2020-05-18.
Training round 93 stats
Wins 0.53, Ties 0.00, Losses 0.47, Game Length 19.06 moves
Loss p1: 0.209733, Loss p2: 0.191412
Benchmark Stats Training Round 93
W: 0.87, T: 0.00 (versus random)
W: 0.50, T: 0.00 (versus left)
W: 0.72, T: 0.00 (versus lvl1)
W: 0.32, T: 0.00 (versus lvl2)
Training round 93 completed in 2 minutes and 39 seconds.
Expected completion: 22:58 2020-05-18.
Training round 94 stats
Wins 0.52, Ties 0.00, Losses 0.48, Game Length 19.26 moves
Loss p1: 0.197286, Loss p2: 0.186367
Benchmark Stats Training Round 94
W: 0.76, T: 0.00 (versus random)
W: 0.00, T: 0.00 (versus left)
W: 0.69, T: 0.00 (versus lvl1)
W: 0.21, T: 0.00 (versus lvl2)
Training round 94 completed in 2 minutes and 45 seconds.
Expected completion: 22:59 2020-05-18.
Training round 95 stats
Wins 0.50, Ties 0.00, Losses 0.50, Game Length 18.84 moves
Loss p1: 0.195540, Loss p2: 0.183339
Benchmark Stats Training Round 95
W: 0.85, T: 0.00 (versus random)
W: 0.50, T: 0.00 (versus left)
W: 0.70, T: 0.00 (versus lvl1)
W: 0.24, T: 0.00 (versus lvl2)
Training round 95 completed in 2 minutes and 44 seconds.
Expected completion: 22:59 2020-05-18.
Training round 96 stats
Wins 0.51, Ties 0.00, Losses 0.49, Game Length 19.73 moves
Loss p1: 0.210561, Loss p2: 0.192886
Benchmark Stats Training Round 96
W: 0.75, T: 0.00 (versus random)
W: 0.00, T: 0.00 (versus left)
W: 0.72, T: 0.00 (versus lvl1)
W: 0.20, T: 0.00 (versus lvl2)
Training round 96 completed in 2 minutes and 45 seconds.
Expected completion: 22:59 2020-05-18.
Training round 97 stats
Wins 0.50, Ties 0.00, Losses 0.50, Game Length 18.99 moves
Loss p1: 0.213178, Loss p2: 0.193066
Benchmark Stats Training Round 97
W: 0.89, T: 0.00 (versus random)
W: 0.00, T: 0.00 (versus left)
W: 0.79, T: 0.00 (versus lvl1)
W: 0.34, T: 0.00 (versus lvl2)
Training round 97 completed in 2 minutes and 48 seconds.
Expected completion: 22:59 2020-05-18.
Training round 98 stats
Wins 0.50, Ties 0.00, Losses 0.50, Game Length 19.07 moves
Loss p1: 0.208529, Loss p2: 0.200398
Benchmark Stats Training Round 98
W: 0.90, T: 0.00 (versus random)
W: 0.50, T: 0.00 (versus left)
W: 0.69, T: 0.00 (versus lvl1)
W: 0.32, T: 0.00 (versus lvl2)
Training round 98 completed in 2 minutes and 40 seconds.
Expected completion: 22:59 2020-05-18.
Training round 99 stats
Wins 0.50, Ties 0.00, Losses 0.50, Game Length 18.78 moves
Loss p1: 0.208915, Loss p2: 0.203649
Benchmark Stats Training Round 99
W: 0.87, T: 0.00 (versus random)
W: 0.50, T: 0.00 (versus left)
W: 0.66, T: 0.00 (versus lvl1)
W: 0.21, T: 0.00 (versus lvl2)
Training round 99 completed in 2 minutes and 52 seconds.
Expected completion: 22:59 2020-05-18.
Training round 100 stats
Wins 0.48, Ties 0.00, Losses 0.52, Game Length 18.84 moves
Loss p1: 0.212442, Loss p2: 0.206696
Benchmark Stats Training Round 100
W: 0.73, T: 0.00 (versus random)
W: 0.50, T: 0.00 (versus left)
W: 0.63, T: 0.00 (versus lvl1)
W: 0.12, T: 0.00 (versus lvl2)
Training round 100 completed in 2 minutes and 44 seconds.
Expected completion: 22:59 2020-05-18.
