Training Neural Net on Connect 4
  self_play_batch_size: 1000
  benchmark_batch_size: 100
  training_rounds: 100
  memory_size: 1000
  network: A
  exploration: cte
  loss: MSE
  encoding: integer
  optimizer: Adam
  experience: yes

Benchmark Stats Training Round 0
W: 0.38, T: 0.00 (versus random)
W: 0.00, T: 0.00 (versus left)
W: 0.14, T: 0.00 (versus lvl1)
W: 0.02, T: 0.00 (versus lvl2)
Training round 1 stats
Wins 0.47, Ties 0.00, Losses 0.52, Game Length 19.24 moves
Loss p1: 0.152345, Loss p2: 0.148090
Benchmark Stats Training Round 1
W: 0.69, T: 0.00 (versus random)
W: 0.50, T: 0.00 (versus left)
W: 0.48, T: 0.00 (versus lvl1)
W: 0.08, T: 0.00 (versus lvl2)
Training round 1 completed in 2 minutes and 3 seconds.
Expected completion: 12:39 2020-05-18.
Training round 2 stats
Wins 0.46, Ties 0.01, Losses 0.53, Game Length 19.35 moves
Loss p1: 0.110374, Loss p2: 0.114218
Benchmark Stats Training Round 2
W: 0.79, T: 0.00 (versus random)
W: 0.50, T: 0.00 (versus left)
W: 0.63, T: 0.00 (versus lvl1)
W: 0.14, T: 0.01 (versus lvl2)
Training round 2 completed in 1 minutes and 56 seconds.
Expected completion: 12:28 2020-05-18.
Training round 3 stats
Wins 0.48, Ties 0.00, Losses 0.51, Game Length 19.13 moves
Loss p1: 0.110542, Loss p2: 0.120321
Benchmark Stats Training Round 3
W: 0.87, T: 0.00 (versus random)
W: 0.50, T: 0.00 (versus left)
W: 0.62, T: 0.00 (versus lvl1)
W: 0.17, T: 0.00 (versus lvl2)
Training round 3 completed in 1 minutes and 56 seconds.
Expected completion: 12:28 2020-05-18.
Training round 4 stats
Wins 0.50, Ties 0.00, Losses 0.49, Game Length 19.10 moves
Loss p1: 0.116504, Loss p2: 0.121782
Benchmark Stats Training Round 4
W: 0.91, T: 0.01 (versus random)
W: 0.00, T: 0.00 (versus left)
W: 0.66, T: 0.00 (versus lvl1)
W: 0.13, T: 0.00 (versus lvl2)
Training round 4 completed in 1 minutes and 58 seconds.
Expected completion: 12:31 2020-05-18.
Training round 5 stats
Wins 0.47, Ties 0.00, Losses 0.53, Game Length 19.70 moves
Loss p1: 0.122484, Loss p2: 0.137855
Benchmark Stats Training Round 5
W: 0.81, T: 0.00 (versus random)
W: 0.00, T: 0.00 (versus left)
W: 0.48, T: 0.00 (versus lvl1)
W: 0.12, T: 0.00 (versus lvl2)
Training round 5 completed in 2 minutes and 4 seconds.
Expected completion: 12:41 2020-05-18.
Training round 6 stats
Wins 0.51, Ties 0.01, Losses 0.48, Game Length 19.46 moves
Loss p1: 0.129495, Loss p2: 0.124166
Benchmark Stats Training Round 6
W: 0.82, T: 0.01 (versus random)
W: 0.50, T: 0.00 (versus left)
W: 0.64, T: 0.00 (versus lvl1)
W: 0.28, T: 0.00 (versus lvl2)
Training round 6 completed in 1 minutes and 52 seconds.
Expected completion: 12:22 2020-05-18.
Training round 7 stats
Wins 0.49, Ties 0.00, Losses 0.51, Game Length 19.13 moves
Loss p1: 0.123728, Loss p2: 0.133867
Benchmark Stats Training Round 7
W: 0.87, T: 0.00 (versus random)
W: 0.00, T: 0.00 (versus left)
W: 0.56, T: 0.00 (versus lvl1)
W: 0.17, T: 0.01 (versus lvl2)
Training round 7 completed in 1 minutes and 57 seconds.
Expected completion: 12:30 2020-05-18.
Training round 8 stats
Wins 0.50, Ties 0.00, Losses 0.50, Game Length 19.37 moves
Loss p1: 0.131611, Loss p2: 0.137346
Benchmark Stats Training Round 8
W: 0.85, T: 0.00 (versus random)
W: 1.00, T: 0.00 (versus left)
W: 0.74, T: 0.00 (versus lvl1)
W: 0.21, T: 0.01 (versus lvl2)
Training round 8 completed in 2 minutes and 3 seconds.
Expected completion: 12:39 2020-05-18.
Training round 9 stats
Wins 0.50, Ties 0.00, Losses 0.50, Game Length 19.24 moves
Loss p1: 0.131657, Loss p2: 0.136759
Benchmark Stats Training Round 9
W: 0.76, T: 0.00 (versus random)
W: 0.00, T: 0.00 (versus left)
W: 0.60, T: 0.00 (versus lvl1)
W: 0.10, T: 0.00 (versus lvl2)
Training round 9 completed in 2 minutes and 0 seconds.
Expected completion: 12:34 2020-05-18.
Training round 10 stats
Wins 0.52, Ties 0.00, Losses 0.48, Game Length 19.46 moves
Loss p1: 0.133966, Loss p2: 0.133320
Benchmark Stats Training Round 10
W: 0.79, T: 0.00 (versus random)
W: 0.50, T: 0.00 (versus left)
W: 0.59, T: 0.00 (versus lvl1)
W: 0.09, T: 0.00 (versus lvl2)
Training round 10 completed in 1 minutes and 56 seconds.
Expected completion: 12:28 2020-05-18.
Training round 11 stats
Wins 0.47, Ties 0.00, Losses 0.52, Game Length 19.45 moves
Loss p1: 0.140105, Loss p2: 0.130455
Benchmark Stats Training Round 11
W: 0.82, T: 0.01 (versus random)
W: 0.00, T: 0.00 (versus left)
W: 0.53, T: 0.00 (versus lvl1)
W: 0.20, T: 0.01 (versus lvl2)
Training round 11 completed in 1 minutes and 55 seconds.
Expected completion: 12:27 2020-05-18.
Training round 12 stats
Wins 0.49, Ties 0.00, Losses 0.51, Game Length 19.06 moves
Loss p1: 0.138985, Loss p2: 0.134896
Benchmark Stats Training Round 12
W: 0.84, T: 0.00 (versus random)
W: 0.00, T: 0.00 (versus left)
W: 0.72, T: 0.00 (versus lvl1)
W: 0.20, T: 0.00 (versus lvl2)
Training round 12 completed in 1 minutes and 56 seconds.
Expected completion: 12:28 2020-05-18.
Training round 13 stats
Wins 0.49, Ties 0.00, Losses 0.51, Game Length 19.62 moves
Loss p1: 0.130863, Loss p2: 0.133885
Benchmark Stats Training Round 13
W: 0.90, T: 0.00 (versus random)
W: 0.50, T: 0.00 (versus left)
W: 0.69, T: 0.00 (versus lvl1)
W: 0.30, T: 0.00 (versus lvl2)
Training round 13 completed in 1 minutes and 51 seconds.
Expected completion: 12:21 2020-05-18.
Training round 14 stats
Wins 0.49, Ties 0.00, Losses 0.51, Game Length 19.52 moves
Loss p1: 0.135130, Loss p2: 0.147030
Benchmark Stats Training Round 14
W: 0.86, T: 0.00 (versus random)
W: 0.00, T: 0.00 (versus left)
W: 0.71, T: 0.00 (versus lvl1)
W: 0.28, T: 0.01 (versus lvl2)
Training round 14 completed in 1 minutes and 55 seconds.
Expected completion: 12:27 2020-05-18.
Training round 15 stats
Wins 0.49, Ties 0.00, Losses 0.50, Game Length 19.32 moves
Loss p1: 0.137131, Loss p2: 0.144840
Benchmark Stats Training Round 15
W: 0.87, T: 0.00 (versus random)
W: 0.00, T: 0.00 (versus left)
W: 0.70, T: 0.00 (versus lvl1)
W: 0.22, T: 0.00 (versus lvl2)
Training round 15 completed in 1 minutes and 56 seconds.
Expected completion: 12:28 2020-05-18.
Training round 16 stats
Wins 0.50, Ties 0.00, Losses 0.50, Game Length 19.02 moves
Loss p1: 0.139687, Loss p2: 0.159845
Benchmark Stats Training Round 16
W: 0.88, T: 0.00 (versus random)
W: 0.50, T: 0.00 (versus left)
W: 0.75, T: 0.00 (versus lvl1)
W: 0.23, T: 0.00 (versus lvl2)
Training round 16 completed in 1 minutes and 50 seconds.
Expected completion: 12:20 2020-05-18.
Training round 17 stats
Wins 0.50, Ties 0.01, Losses 0.50, Game Length 19.15 moves
Loss p1: 0.140397, Loss p2: 0.157093
Benchmark Stats Training Round 17
W: 0.86, T: 0.00 (versus random)
W: 0.50, T: 0.00 (versus left)
W: 0.68, T: 0.00 (versus lvl1)
W: 0.18, T: 0.00 (versus lvl2)
Training round 17 completed in 1 minutes and 55 seconds.
Expected completion: 12:27 2020-05-18.
Training round 18 stats
Wins 0.50, Ties 0.00, Losses 0.50, Game Length 19.03 moves
Loss p1: 0.143711, Loss p2: 0.154923
Benchmark Stats Training Round 18
W: 0.77, T: 0.00 (versus random)
W: 1.00, T: 0.00 (versus left)
W: 0.52, T: 0.00 (versus lvl1)
W: 0.14, T: 0.00 (versus lvl2)
Training round 18 completed in 1 minutes and 59 seconds.
Expected completion: 12:32 2020-05-18.
Training round 19 stats
Wins 0.50, Ties 0.00, Losses 0.49, Game Length 19.50 moves
Loss p1: 0.142740, Loss p2: 0.149038
Benchmark Stats Training Round 19
W: 0.73, T: 0.00 (versus random)
W: 0.00, T: 0.00 (versus left)
W: 0.50, T: 0.00 (versus lvl1)
W: 0.13, T: 0.00 (versus lvl2)
Training round 19 completed in 1 minutes and 59 seconds.
Expected completion: 12:32 2020-05-18.
Training round 20 stats
Wins 0.49, Ties 0.00, Losses 0.50, Game Length 19.16 moves
Loss p1: 0.151748, Loss p2: 0.152366
Benchmark Stats Training Round 20
W: 0.85, T: 0.00 (versus random)
W: 0.50, T: 0.00 (versus left)
W: 0.73, T: 0.00 (versus lvl1)
W: 0.19, T: 0.00 (versus lvl2)
Training round 20 completed in 1 minutes and 54 seconds.
Expected completion: 12:26 2020-05-18.
Training round 21 stats
Wins 0.49, Ties 0.01, Losses 0.51, Game Length 19.90 moves
Loss p1: 0.150688, Loss p2: 0.150202
Benchmark Stats Training Round 21
W: 0.72, T: 0.00 (versus random)
W: 0.50, T: 0.00 (versus left)
W: 0.50, T: 0.00 (versus lvl1)
W: 0.12, T: 0.02 (versus lvl2)
Training round 21 completed in 2 minutes and 2 seconds.
Expected completion: 12:37 2020-05-18.
Training round 22 stats
Wins 0.50, Ties 0.00, Losses 0.50, Game Length 19.55 moves
Loss p1: 0.146332, Loss p2: 0.153629
Benchmark Stats Training Round 22
W: 0.78, T: 0.00 (versus random)
W: 0.00, T: 0.00 (versus left)
W: 0.63, T: 0.00 (versus lvl1)
W: 0.10, T: 0.00 (versus lvl2)
Training round 22 completed in 1 minutes and 59 seconds.
Expected completion: 12:32 2020-05-18.
Training round 23 stats
Wins 0.51, Ties 0.00, Losses 0.48, Game Length 19.23 moves
Loss p1: 0.148341, Loss p2: 0.156618
Benchmark Stats Training Round 23
W: 0.89, T: 0.00 (versus random)
W: 0.50, T: 0.00 (versus left)
W: 0.67, T: 0.00 (versus lvl1)
W: 0.24, T: 0.02 (versus lvl2)
Training round 23 completed in 1 minutes and 56 seconds.
Expected completion: 12:28 2020-05-18.
Training round 24 stats
Wins 0.48, Ties 0.00, Losses 0.51, Game Length 19.27 moves
Loss p1: 0.144991, Loss p2: 0.149346
Benchmark Stats Training Round 24
W: 0.88, T: 0.00 (versus random)
W: 0.50, T: 0.00 (versus left)
W: 0.78, T: 0.00 (versus lvl1)
W: 0.30, T: 0.00 (versus lvl2)
Training round 24 completed in 1 minutes and 53 seconds.
Expected completion: 12:25 2020-05-18.
Training round 25 stats
Wins 0.52, Ties 0.00, Losses 0.48, Game Length 19.09 moves
Loss p1: 0.147638, Loss p2: 0.161025
Benchmark Stats Training Round 25
W: 0.78, T: 0.00 (versus random)
W: 0.50, T: 0.00 (versus left)
W: 0.74, T: 0.00 (versus lvl1)
W: 0.20, T: 0.00 (versus lvl2)
Training round 25 completed in 1 minutes and 54 seconds.
Expected completion: 12:26 2020-05-18.
Training round 26 stats
Wins 0.50, Ties 0.00, Losses 0.49, Game Length 19.55 moves
Loss p1: 0.139585, Loss p2: 0.148690
Benchmark Stats Training Round 26
W: 0.76, T: 0.00 (versus random)
W: 0.50, T: 0.00 (versus left)
W: 0.58, T: 0.00 (versus lvl1)
W: 0.15, T: 0.02 (versus lvl2)
Training round 26 completed in 2 minutes and 5 seconds.
Expected completion: 12:39 2020-05-18.
Training round 27 stats
Wins 0.50, Ties 0.00, Losses 0.50, Game Length 19.15 moves
Loss p1: 0.155540, Loss p2: 0.158320
Benchmark Stats Training Round 27
W: 0.78, T: 0.00 (versus random)
W: 0.50, T: 0.00 (versus left)
W: 0.63, T: 0.00 (versus lvl1)
W: 0.21, T: 0.01 (versus lvl2)
Training round 27 completed in 1 minutes and 58 seconds.
Expected completion: 12:30 2020-05-18.
Training round 28 stats
Wins 0.49, Ties 0.01, Losses 0.51, Game Length 19.00 moves
Loss p1: 0.152294, Loss p2: 0.157526
Benchmark Stats Training Round 28
W: 0.94, T: 0.00 (versus random)
W: 0.50, T: 0.00 (versus left)
W: 0.75, T: 0.00 (versus lvl1)
W: 0.21, T: 0.00 (versus lvl2)
Training round 28 completed in 1 minutes and 47 seconds.
Expected completion: 12:18 2020-05-18.
Training round 29 stats
Wins 0.47, Ties 0.00, Losses 0.52, Game Length 19.21 moves
Loss p1: 0.147366, Loss p2: 0.152714
Benchmark Stats Training Round 29
W: 0.72, T: 0.00 (versus random)
W: 0.50, T: 0.00 (versus left)
W: 0.65, T: 0.00 (versus lvl1)
W: 0.21, T: 0.00 (versus lvl2)
Training round 29 completed in 1 minutes and 53 seconds.
Expected completion: 12:24 2020-05-18.
Training round 30 stats
Wins 0.47, Ties 0.00, Losses 0.53, Game Length 18.71 moves
Loss p1: 0.153819, Loss p2: 0.154224
Benchmark Stats Training Round 30
W: 0.86, T: 0.00 (versus random)
W: 0.50, T: 0.00 (versus left)
W: 0.70, T: 0.00 (versus lvl1)
W: 0.15, T: 0.00 (versus lvl2)
Training round 30 completed in 1 minutes and 57 seconds.
Expected completion: 12:30 2020-05-18.
Training round 31 stats
Wins 0.53, Ties 0.00, Losses 0.47, Game Length 18.89 moves
Loss p1: 0.159992, Loss p2: 0.162978
Benchmark Stats Training Round 31
W: 0.82, T: 0.00 (versus random)
W: 1.00, T: 0.00 (versus left)
W: 0.78, T: 0.00 (versus lvl1)
W: 0.17, T: 0.01 (versus lvl2)
Training round 31 completed in 1 minutes and 57 seconds.
Expected completion: 12:29 2020-05-18.
Training round 32 stats
Wins 0.48, Ties 0.00, Losses 0.52, Game Length 19.14 moves
Loss p1: 0.167439, Loss p2: 0.158273
Benchmark Stats Training Round 32
W: 0.84, T: 0.02 (versus random)
W: 1.00, T: 0.00 (versus left)
W: 0.78, T: 0.00 (versus lvl1)
W: 0.18, T: 0.00 (versus lvl2)
Training round 32 completed in 1 minutes and 55 seconds.
Expected completion: 12:27 2020-05-18.
Training round 33 stats
Wins 0.51, Ties 0.00, Losses 0.49, Game Length 19.49 moves
Loss p1: 0.161898, Loss p2: 0.159667
Benchmark Stats Training Round 33
W: 0.73, T: 0.00 (versus random)
W: 0.50, T: 0.00 (versus left)
W: 0.56, T: 0.00 (versus lvl1)
W: 0.18, T: 0.00 (versus lvl2)
Training round 33 completed in 1 minutes and 53 seconds.
Expected completion: 12:25 2020-05-18.
Training round 34 stats
Wins 0.50, Ties 0.00, Losses 0.50, Game Length 19.26 moves
Loss p1: 0.158533, Loss p2: 0.162348
Benchmark Stats Training Round 34
W: 0.88, T: 0.00 (versus random)
W: 0.00, T: 0.00 (versus left)
W: 0.75, T: 0.00 (versus lvl1)
W: 0.33, T: 0.00 (versus lvl2)
Training round 34 completed in 1 minutes and 49 seconds.
Expected completion: 12:20 2020-05-18.
Training round 35 stats
Wins 0.53, Ties 0.00, Losses 0.47, Game Length 19.40 moves
Loss p1: 0.163004, Loss p2: 0.168683
Benchmark Stats Training Round 35
W: 0.82, T: 0.00 (versus random)
W: 1.00, T: 0.00 (versus left)
W: 0.75, T: 0.00 (versus lvl1)
W: 0.33, T: 0.00 (versus lvl2)
Training round 35 completed in 1 minutes and 56 seconds.
Expected completion: 12:28 2020-05-18.
Training round 36 stats
Wins 0.52, Ties 0.00, Losses 0.48, Game Length 19.03 moves
Loss p1: 0.158605, Loss p2: 0.162566
Benchmark Stats Training Round 36
W: 0.78, T: 0.00 (versus random)
W: 0.00, T: 0.00 (versus left)
W: 0.52, T: 0.00 (versus lvl1)
W: 0.21, T: 0.01 (versus lvl2)
Training round 36 completed in 1 minutes and 56 seconds.
Expected completion: 12:28 2020-05-18.
Training round 37 stats
Wins 0.50, Ties 0.00, Losses 0.50, Game Length 19.14 moves
Loss p1: 0.163280, Loss p2: 0.166839
Benchmark Stats Training Round 37
W: 0.86, T: 0.00 (versus random)
W: 0.50, T: 0.00 (versus left)
W: 0.62, T: 0.00 (versus lvl1)
W: 0.15, T: 0.01 (versus lvl2)
Training round 37 completed in 1 minutes and 60 seconds.
Expected completion: 12:32 2020-05-18.
Training round 38 stats
Wins 0.47, Ties 0.00, Losses 0.52, Game Length 19.26 moves
Loss p1: 0.161423, Loss p2: 0.173366
Benchmark Stats Training Round 38
W: 0.81, T: 0.00 (versus random)
W: 0.50, T: 0.00 (versus left)
W: 0.63, T: 0.00 (versus lvl1)
W: 0.24, T: 0.00 (versus lvl2)
Training round 38 completed in 1 minutes and 53 seconds.
Expected completion: 12:25 2020-05-18.
Training round 39 stats
Wins 0.50, Ties 0.00, Losses 0.50, Game Length 19.22 moves
Loss p1: 0.162303, Loss p2: 0.172972
Benchmark Stats Training Round 39
W: 0.72, T: 0.00 (versus random)
W: 1.00, T: 0.00 (versus left)
W: 0.69, T: 0.00 (versus lvl1)
W: 0.12, T: 0.00 (versus lvl2)
Training round 39 completed in 1 minutes and 51 seconds.
Expected completion: 12:23 2020-05-18.
Training round 40 stats
Wins 0.51, Ties 0.00, Losses 0.49, Game Length 18.94 moves
Loss p1: 0.161255, Loss p2: 0.165370
Benchmark Stats Training Round 40
W: 0.85, T: 0.00 (versus random)
W: 1.00, T: 0.00 (versus left)
W: 0.67, T: 0.00 (versus lvl1)
W: 0.23, T: 0.00 (versus lvl2)
Training round 40 completed in 1 minutes and 54 seconds.
Expected completion: 12:26 2020-05-18.
Training round 41 stats
Wins 0.51, Ties 0.01, Losses 0.49, Game Length 19.66 moves
Loss p1: 0.162135, Loss p2: 0.172395
Benchmark Stats Training Round 41
W: 0.77, T: 0.00 (versus random)
W: 0.50, T: 0.00 (versus left)
W: 0.64, T: 0.00 (versus lvl1)
W: 0.32, T: 0.00 (versus lvl2)
Training round 41 completed in 1 minutes and 55 seconds.
Expected completion: 12:27 2020-05-18.
Training round 42 stats
Wins 0.49, Ties 0.00, Losses 0.51, Game Length 19.46 moves
Loss p1: 0.164233, Loss p2: 0.170070
Benchmark Stats Training Round 42
W: 0.84, T: 0.00 (versus random)
W: 0.50, T: 0.00 (versus left)
W: 0.79, T: 0.00 (versus lvl1)
W: 0.26, T: 0.00 (versus lvl2)
Training round 42 completed in 1 minutes and 51 seconds.
Expected completion: 12:23 2020-05-18.
Training round 43 stats
Wins 0.50, Ties 0.00, Losses 0.50, Game Length 18.82 moves
Loss p1: 0.167573, Loss p2: 0.178901
Benchmark Stats Training Round 43
W: 0.86, T: 0.00 (versus random)
W: 0.00, T: 0.00 (versus left)
W: 0.69, T: 0.00 (versus lvl1)
W: 0.22, T: 0.00 (versus lvl2)
Training round 43 completed in 1 minutes and 53 seconds.
Expected completion: 12:25 2020-05-18.
Training round 44 stats
Wins 0.50, Ties 0.00, Losses 0.50, Game Length 18.80 moves
Loss p1: 0.164773, Loss p2: 0.182343
Benchmark Stats Training Round 44
W: 0.77, T: 0.00 (versus random)
W: 0.50, T: 0.00 (versus left)
W: 0.62, T: 0.00 (versus lvl1)
W: 0.22, T: 0.00 (versus lvl2)
Training round 44 completed in 1 minutes and 54 seconds.
Expected completion: 12:26 2020-05-18.
Training round 45 stats
Wins 0.48, Ties 0.00, Losses 0.52, Game Length 19.28 moves
Loss p1: 0.158123, Loss p2: 0.178232
Benchmark Stats Training Round 45
W: 0.82, T: 0.00 (versus random)
W: 1.00, T: 0.00 (versus left)
W: 0.69, T: 0.00 (versus lvl1)
W: 0.21, T: 0.01 (versus lvl2)
Training round 45 completed in 1 minutes and 56 seconds.
Expected completion: 12:27 2020-05-18.
Training round 46 stats
Wins 0.51, Ties 0.00, Losses 0.49, Game Length 18.95 moves
Loss p1: 0.165323, Loss p2: 0.190437
Benchmark Stats Training Round 46
W: 0.82, T: 0.00 (versus random)
W: 0.50, T: 0.00 (versus left)
W: 0.65, T: 0.00 (versus lvl1)
W: 0.31, T: 0.00 (versus lvl2)
Training round 46 completed in 1 minutes and 50 seconds.
Expected completion: 12:22 2020-05-18.
Training round 47 stats
Wins 0.49, Ties 0.00, Losses 0.51, Game Length 18.73 moves
Loss p1: 0.177727, Loss p2: 0.182510
Benchmark Stats Training Round 47
W: 0.78, T: 0.00 (versus random)
W: 0.50, T: 0.00 (versus left)
W: 0.64, T: 0.00 (versus lvl1)
W: 0.17, T: 0.01 (versus lvl2)
Training round 47 completed in 1 minutes and 59 seconds.
Expected completion: 12:30 2020-05-18.
Training round 48 stats
Wins 0.50, Ties 0.00, Losses 0.50, Game Length 18.72 moves
Loss p1: 0.167386, Loss p2: 0.182032
Benchmark Stats Training Round 48
W: 0.83, T: 0.00 (versus random)
W: 0.50, T: 0.00 (versus left)
W: 0.71, T: 0.00 (versus lvl1)
W: 0.20, T: 0.00 (versus lvl2)
Training round 48 completed in 1 minutes and 48 seconds.
Expected completion: 12:21 2020-05-18.
Training round 49 stats
Wins 0.50, Ties 0.00, Losses 0.50, Game Length 19.21 moves
Loss p1: 0.163482, Loss p2: 0.182496
Benchmark Stats Training Round 49
W: 0.89, T: 0.00 (versus random)
W: 1.00, T: 0.00 (versus left)
W: 0.70, T: 0.00 (versus lvl1)
W: 0.26, T: 0.00 (versus lvl2)
Training round 49 completed in 1 minutes and 54 seconds.
Expected completion: 12:26 2020-05-18.
Training round 50 stats
Wins 0.46, Ties 0.00, Losses 0.54, Game Length 18.42 moves
Loss p1: 0.174673, Loss p2: 0.170671
Benchmark Stats Training Round 50
W: 0.90, T: 0.00 (versus random)
W: 0.50, T: 0.00 (versus left)
W: 0.76, T: 0.00 (versus lvl1)
W: 0.33, T: 0.00 (versus lvl2)
Training round 50 completed in 1 minutes and 53 seconds.
Expected completion: 12:25 2020-05-18.
Training round 51 stats
Wins 0.52, Ties 0.00, Losses 0.48, Game Length 18.98 moves
Loss p1: 0.173552, Loss p2: 0.178731
Benchmark Stats Training Round 51
W: 0.84, T: 0.00 (versus random)
W: 0.50, T: 0.00 (versus left)
W: 0.71, T: 0.00 (versus lvl1)
W: 0.29, T: 0.02 (versus lvl2)
Training round 51 completed in 1 minutes and 53 seconds.
Expected completion: 12:25 2020-05-18.
Training round 52 stats
Wins 0.52, Ties 0.00, Losses 0.47, Game Length 19.39 moves
Loss p1: 0.170953, Loss p2: 0.176645
Benchmark Stats Training Round 52
W: 0.84, T: 0.00 (versus random)
W: 0.50, T: 0.00 (versus left)
W: 0.75, T: 0.00 (versus lvl1)
W: 0.21, T: 0.01 (versus lvl2)
Training round 52 completed in 1 minutes and 52 seconds.
Expected completion: 12:25 2020-05-18.
Training round 53 stats
Wins 0.50, Ties 0.00, Losses 0.50, Game Length 19.08 moves
Loss p1: 0.178759, Loss p2: 0.179390
Benchmark Stats Training Round 53
W: 0.80, T: 0.00 (versus random)
W: 0.50, T: 0.00 (versus left)
W: 0.65, T: 0.00 (versus lvl1)
W: 0.28, T: 0.01 (versus lvl2)
Training round 53 completed in 1 minutes and 52 seconds.
Expected completion: 12:24 2020-05-18.
Training round 54 stats
Wins 0.50, Ties 0.00, Losses 0.50, Game Length 19.03 moves
Loss p1: 0.167861, Loss p2: 0.179294
Benchmark Stats Training Round 54
W: 0.89, T: 0.01 (versus random)
W: 1.00, T: 0.00 (versus left)
W: 0.75, T: 0.00 (versus lvl1)
W: 0.20, T: 0.02 (versus lvl2)
Training round 54 completed in 1 minutes and 55 seconds.
Expected completion: 12:27 2020-05-18.
Training round 55 stats
Wins 0.50, Ties 0.00, Losses 0.50, Game Length 19.36 moves
Loss p1: 0.176768, Loss p2: 0.191486
Benchmark Stats Training Round 55
W: 0.85, T: 0.00 (versus random)
W: 0.50, T: 0.00 (versus left)
W: 0.75, T: 0.00 (versus lvl1)
W: 0.25, T: 0.00 (versus lvl2)
Training round 55 completed in 1 minutes and 54 seconds.
Expected completion: 12:25 2020-05-18.
Training round 56 stats
Wins 0.50, Ties 0.00, Losses 0.50, Game Length 19.21 moves
Loss p1: 0.177546, Loss p2: 0.187668
Benchmark Stats Training Round 56
W: 0.82, T: 0.00 (versus random)
W: 0.50, T: 0.00 (versus left)
W: 0.78, T: 0.00 (versus lvl1)
W: 0.32, T: 0.00 (versus lvl2)
Training round 56 completed in 1 minutes and 47 seconds.
Expected completion: 12:21 2020-05-18.
Training round 57 stats
Wins 0.48, Ties 0.00, Losses 0.52, Game Length 18.88 moves
Loss p1: 0.182883, Loss p2: 0.192798
Benchmark Stats Training Round 57
W: 0.76, T: 0.00 (versus random)
W: 0.50, T: 0.00 (versus left)
W: 0.62, T: 0.00 (versus lvl1)
W: 0.17, T: 0.01 (versus lvl2)
Training round 57 completed in 2 minutes and 2 seconds.
Expected completion: 12:32 2020-05-18.
Training round 58 stats
Wins 0.46, Ties 0.01, Losses 0.53, Game Length 19.31 moves
Loss p1: 0.182618, Loss p2: 0.184591
Benchmark Stats Training Round 58
W: 0.93, T: 0.00 (versus random)
W: 0.50, T: 0.00 (versus left)
W: 0.83, T: 0.00 (versus lvl1)
W: 0.26, T: 0.02 (versus lvl2)
Training round 58 completed in 1 minutes and 52 seconds.
Expected completion: 12:24 2020-05-18.
Training round 59 stats
Wins 0.48, Ties 0.00, Losses 0.52, Game Length 19.18 moves
Loss p1: 0.185513, Loss p2: 0.184631
Benchmark Stats Training Round 59
W: 0.78, T: 0.00 (versus random)
W: 1.00, T: 0.00 (versus left)
W: 0.56, T: 0.00 (versus lvl1)
W: 0.22, T: 0.01 (versus lvl2)
Training round 59 completed in 1 minutes and 56 seconds.
Expected completion: 12:27 2020-05-18.
Training round 60 stats
Wins 0.47, Ties 0.00, Losses 0.52, Game Length 19.34 moves
Loss p1: 0.184861, Loss p2: 0.186946
Benchmark Stats Training Round 60
W: 0.75, T: 0.00 (versus random)
W: 0.00, T: 0.00 (versus left)
W: 0.55, T: 0.00 (versus lvl1)
W: 0.26, T: 0.00 (versus lvl2)
Training round 60 completed in 1 minutes and 57 seconds.
Expected completion: 12:28 2020-05-18.
Training round 61 stats
Wins 0.49, Ties 0.00, Losses 0.51, Game Length 19.14 moves
Loss p1: 0.177584, Loss p2: 0.181112
Benchmark Stats Training Round 61
W: 0.83, T: 0.00 (versus random)
W: 0.00, T: 0.00 (versus left)
W: 0.70, T: 0.00 (versus lvl1)
W: 0.16, T: 0.01 (versus lvl2)
Training round 61 completed in 2 minutes and 0 seconds.
Expected completion: 12:30 2020-05-18.
Training round 62 stats
Wins 0.52, Ties 0.00, Losses 0.48, Game Length 18.95 moves
Loss p1: 0.185698, Loss p2: 0.186126
Benchmark Stats Training Round 62
W: 0.83, T: 0.00 (versus random)
W: 0.50, T: 0.00 (versus left)
W: 0.65, T: 0.00 (versus lvl1)
W: 0.25, T: 0.01 (versus lvl2)
Training round 62 completed in 1 minutes and 59 seconds.
Expected completion: 12:29 2020-05-18.
Training round 63 stats
Wins 0.49, Ties 0.00, Losses 0.51, Game Length 19.08 moves
Loss p1: 0.186011, Loss p2: 0.188560
Benchmark Stats Training Round 63
W: 0.84, T: 0.01 (versus random)
W: 1.00, T: 0.00 (versus left)
W: 0.64, T: 0.00 (versus lvl1)
W: 0.15, T: 0.02 (versus lvl2)
Training round 63 completed in 2 minutes and 3 seconds.
Expected completion: 12:32 2020-05-18.
Training round 64 stats
Wins 0.51, Ties 0.00, Losses 0.49, Game Length 19.31 moves
Loss p1: 0.181331, Loss p2: 0.182654
Benchmark Stats Training Round 64
W: 0.80, T: 0.02 (versus random)
W: 0.00, T: 0.00 (versus left)
W: 0.57, T: 0.00 (versus lvl1)
W: 0.12, T: 0.00 (versus lvl2)
Training round 64 completed in 1 minutes and 58 seconds.
Expected completion: 12:29 2020-05-18.
Training round 65 stats
Wins 0.49, Ties 0.00, Losses 0.51, Game Length 19.48 moves
Loss p1: 0.177303, Loss p2: 0.181208
Benchmark Stats Training Round 65
W: 0.87, T: 0.00 (versus random)
W: 0.00, T: 0.00 (versus left)
W: 0.73, T: 0.00 (versus lvl1)
W: 0.20, T: 0.00 (versus lvl2)
Training round 65 completed in 1 minutes and 54 seconds.
Expected completion: 12:26 2020-05-18.
Training round 66 stats
Wins 0.47, Ties 0.00, Losses 0.53, Game Length 18.71 moves
Loss p1: 0.192665, Loss p2: 0.191310
Benchmark Stats Training Round 66
W: 0.85, T: 0.00 (versus random)
W: 1.00, T: 0.00 (versus left)
W: 0.71, T: 0.00 (versus lvl1)
W: 0.24, T: 0.00 (versus lvl2)
Training round 66 completed in 1 minutes and 53 seconds.
Expected completion: 12:25 2020-05-18.
Training round 67 stats
Wins 0.48, Ties 0.00, Losses 0.51, Game Length 19.49 moves
Loss p1: 0.177245, Loss p2: 0.185472
Benchmark Stats Training Round 67
W: 0.83, T: 0.00 (versus random)
W: 0.50, T: 0.00 (versus left)
W: 0.74, T: 0.00 (versus lvl1)
W: 0.27, T: 0.00 (versus lvl2)
Training round 67 completed in 1 minutes and 53 seconds.
Expected completion: 12:26 2020-05-18.
Training round 68 stats
Wins 0.50, Ties 0.00, Losses 0.50, Game Length 19.45 moves
Loss p1: 0.176845, Loss p2: 0.182613
Benchmark Stats Training Round 68
W: 0.81, T: 0.00 (versus random)
W: 0.00, T: 0.00 (versus left)
W: 0.63, T: 0.00 (versus lvl1)
W: 0.22, T: 0.01 (versus lvl2)
Training round 68 completed in 1 minutes and 59 seconds.
Expected completion: 12:29 2020-05-18.
Training round 69 stats
Wins 0.49, Ties 0.00, Losses 0.51, Game Length 18.64 moves
Loss p1: 0.181677, Loss p2: 0.191364
Benchmark Stats Training Round 69
W: 0.80, T: 0.01 (versus random)
W: 0.00, T: 0.00 (versus left)
W: 0.68, T: 0.01 (versus lvl1)
W: 0.17, T: 0.01 (versus lvl2)
Training round 69 completed in 1 minutes and 54 seconds.
Expected completion: 12:26 2020-05-18.
Training round 70 stats
Wins 0.51, Ties 0.00, Losses 0.49, Game Length 19.05 moves
Loss p1: 0.192067, Loss p2: 0.192574
Benchmark Stats Training Round 70
W: 0.84, T: 0.00 (versus random)
W: 0.00, T: 0.00 (versus left)
W: 0.65, T: 0.00 (versus lvl1)
W: 0.21, T: 0.00 (versus lvl2)
Training round 70 completed in 1 minutes and 58 seconds.
Expected completion: 12:28 2020-05-18.
Training round 71 stats
Wins 0.52, Ties 0.00, Losses 0.48, Game Length 19.00 moves
Loss p1: 0.184771, Loss p2: 0.193850
Benchmark Stats Training Round 71
W: 0.85, T: 0.00 (versus random)
W: 0.00, T: 0.00 (versus left)
W: 0.65, T: 0.00 (versus lvl1)
W: 0.20, T: 0.02 (versus lvl2)
Training round 71 completed in 1 minutes and 58 seconds.
Expected completion: 12:29 2020-05-18.
Training round 72 stats
Wins 0.50, Ties 0.00, Losses 0.50, Game Length 19.27 moves
Loss p1: 0.181472, Loss p2: 0.190291
Benchmark Stats Training Round 72
W: 0.75, T: 0.00 (versus random)
W: 0.00, T: 0.00 (versus left)
W: 0.55, T: 0.00 (versus lvl1)
W: 0.20, T: 0.00 (versus lvl2)
Training round 72 completed in 1 minutes and 59 seconds.
Expected completion: 12:29 2020-05-18.
Training round 73 stats
Wins 0.53, Ties 0.00, Losses 0.47, Game Length 18.93 moves
Loss p1: 0.184280, Loss p2: 0.189792
Benchmark Stats Training Round 73
W: 0.87, T: 0.00 (versus random)
W: 0.50, T: 0.00 (versus left)
W: 0.75, T: 0.00 (versus lvl1)
W: 0.22, T: 0.02 (versus lvl2)
Training round 73 completed in 1 minutes and 54 seconds.
Expected completion: 12:26 2020-05-18.
Training round 74 stats
Wins 0.51, Ties 0.00, Losses 0.49, Game Length 19.69 moves
Loss p1: 0.185344, Loss p2: 0.192879
Benchmark Stats Training Round 74
W: 0.81, T: 0.00 (versus random)
W: 0.50, T: 0.00 (versus left)
W: 0.70, T: 0.00 (versus lvl1)
W: 0.24, T: 0.00 (versus lvl2)
Training round 74 completed in 1 minutes and 58 seconds.
Expected completion: 12:28 2020-05-18.
Training round 75 stats
Wins 0.51, Ties 0.00, Losses 0.49, Game Length 18.98 moves
Loss p1: 0.180688, Loss p2: 0.194185
Benchmark Stats Training Round 75
W: 0.76, T: 0.00 (versus random)
W: 0.50, T: 0.00 (versus left)
W: 0.63, T: 0.00 (versus lvl1)
W: 0.19, T: 0.00 (versus lvl2)
Training round 75 completed in 2 minutes and 1 seconds.
Expected completion: 12:30 2020-05-18.
Training round 76 stats
Wins 0.50, Ties 0.01, Losses 0.50, Game Length 19.31 moves
Loss p1: 0.188276, Loss p2: 0.197675
Benchmark Stats Training Round 76
W: 0.77, T: 0.00 (versus random)
W: 0.50, T: 0.00 (versus left)
W: 0.75, T: 0.00 (versus lvl1)
W: 0.20, T: 0.00 (versus lvl2)
Training round 76 completed in 1 minutes and 50 seconds.
Expected completion: 12:25 2020-05-18.
Training round 77 stats
Wins 0.50, Ties 0.00, Losses 0.50, Game Length 19.12 moves
Loss p1: 0.196143, Loss p2: 0.194020
Benchmark Stats Training Round 77
W: 0.78, T: 0.00 (versus random)
W: 0.50, T: 0.00 (versus left)
W: 0.73, T: 0.00 (versus lvl1)
W: 0.22, T: 0.01 (versus lvl2)
Training round 77 completed in 1 minutes and 57 seconds.
Expected completion: 12:28 2020-05-18.
Training round 78 stats
Wins 0.46, Ties 0.00, Losses 0.53, Game Length 19.28 moves
Loss p1: 0.194651, Loss p2: 0.196897
Benchmark Stats Training Round 78
W: 0.77, T: 0.00 (versus random)
W: 0.50, T: 0.00 (versus left)
W: 0.65, T: 0.00 (versus lvl1)
W: 0.14, T: 0.00 (versus lvl2)
Training round 78 completed in 1 minutes and 57 seconds.
Expected completion: 12:28 2020-05-18.
Training round 79 stats
Wins 0.50, Ties 0.00, Losses 0.50, Game Length 19.17 moves
Loss p1: 0.194003, Loss p2: 0.191327
Benchmark Stats Training Round 79
W: 0.79, T: 0.00 (versus random)
W: 0.50, T: 0.00 (versus left)
W: 0.68, T: 0.00 (versus lvl1)
W: 0.31, T: 0.00 (versus lvl2)
Training round 79 completed in 1 minutes and 59 seconds.
Expected completion: 12:28 2020-05-18.
Training round 80 stats
Wins 0.48, Ties 0.00, Losses 0.51, Game Length 19.38 moves
Loss p1: 0.197792, Loss p2: 0.194995
Benchmark Stats Training Round 80
W: 0.87, T: 0.00 (versus random)
W: 0.50, T: 0.00 (versus left)
W: 0.65, T: 0.00 (versus lvl1)
W: 0.26, T: 0.00 (versus lvl2)
Training round 80 completed in 1 minutes and 56 seconds.
Expected completion: 12:28 2020-05-18.
Training round 81 stats
Wins 0.51, Ties 0.00, Losses 0.49, Game Length 19.38 moves
Loss p1: 0.189713, Loss p2: 0.191706
Benchmark Stats Training Round 81
W: 0.80, T: 0.00 (versus random)
W: 0.00, T: 0.00 (versus left)
W: 0.66, T: 0.00 (versus lvl1)
W: 0.23, T: 0.02 (versus lvl2)
Training round 81 completed in 1 minutes and 58 seconds.
Expected completion: 12:28 2020-05-18.
Training round 82 stats
Wins 0.49, Ties 0.00, Losses 0.51, Game Length 19.05 moves
Loss p1: 0.192514, Loss p2: 0.200749
Benchmark Stats Training Round 82
W: 0.81, T: 0.00 (versus random)
W: 0.50, T: 0.00 (versus left)
W: 0.59, T: 0.00 (versus lvl1)
W: 0.17, T: 0.01 (versus lvl2)
Training round 82 completed in 1 minutes and 58 seconds.
Expected completion: 12:28 2020-05-18.
Training round 83 stats
Wins 0.50, Ties 0.00, Losses 0.50, Game Length 19.02 moves
Loss p1: 0.199404, Loss p2: 0.198010
Benchmark Stats Training Round 83
W: 0.82, T: 0.00 (versus random)
W: 0.00, T: 0.00 (versus left)
W: 0.66, T: 0.00 (versus lvl1)
W: 0.32, T: 0.01 (versus lvl2)
Training round 83 completed in 1 minutes and 60 seconds.
Expected completion: 12:29 2020-05-18.
Training round 84 stats
Wins 0.47, Ties 0.00, Losses 0.53, Game Length 19.19 moves
Loss p1: 0.196576, Loss p2: 0.201417
Benchmark Stats Training Round 84
W: 0.77, T: 0.00 (versus random)
W: 0.50, T: 0.00 (versus left)
W: 0.64, T: 0.00 (versus lvl1)
W: 0.22, T: 0.00 (versus lvl2)
Training round 84 completed in 1 minutes and 56 seconds.
Expected completion: 12:28 2020-05-18.
Training round 85 stats
Wins 0.47, Ties 0.00, Losses 0.53, Game Length 18.89 moves
Loss p1: 0.202678, Loss p2: 0.202277
Benchmark Stats Training Round 85
W: 0.75, T: 0.00 (versus random)
W: 0.50, T: 0.00 (versus left)
W: 0.58, T: 0.00 (versus lvl1)
W: 0.16, T: 0.01 (versus lvl2)
Training round 85 completed in 1 minutes and 57 seconds.
Expected completion: 12:28 2020-05-18.
Training round 86 stats
Wins 0.51, Ties 0.00, Losses 0.49, Game Length 18.91 moves
Loss p1: 0.202608, Loss p2: 0.200548
Benchmark Stats Training Round 86
W: 0.90, T: 0.00 (versus random)
W: 0.50, T: 0.00 (versus left)
W: 0.70, T: 0.00 (versus lvl1)
W: 0.23, T: 0.00 (versus lvl2)
Training round 86 completed in 1 minutes and 52 seconds.
Expected completion: 12:27 2020-05-18.
Training round 87 stats
Wins 0.49, Ties 0.00, Losses 0.51, Game Length 18.90 moves
Loss p1: 0.203477, Loss p2: 0.203302
Benchmark Stats Training Round 87
W: 0.85, T: 0.00 (versus random)
W: 0.50, T: 0.00 (versus left)
W: 0.67, T: 0.00 (versus lvl1)
W: 0.23, T: 0.01 (versus lvl2)
Training round 87 completed in 1 minutes and 56 seconds.
Expected completion: 12:28 2020-05-18.
Training round 88 stats
Wins 0.48, Ties 0.00, Losses 0.52, Game Length 19.23 moves
Loss p1: 0.191507, Loss p2: 0.206010
Benchmark Stats Training Round 88
W: 0.80, T: 0.00 (versus random)
W: 0.50, T: 0.00 (versus left)
W: 0.58, T: 0.00 (versus lvl1)
W: 0.19, T: 0.02 (versus lvl2)
Training round 88 completed in 1 minutes and 59 seconds.
Expected completion: 12:28 2020-05-18.
Training round 89 stats
Wins 0.48, Ties 0.00, Losses 0.52, Game Length 19.62 moves
Loss p1: 0.188615, Loss p2: 0.203254
Benchmark Stats Training Round 89
W: 0.85, T: 0.00 (versus random)
W: 0.50, T: 0.00 (versus left)
W: 0.58, T: 0.00 (versus lvl1)
W: 0.24, T: 0.00 (versus lvl2)
Training round 89 completed in 1 minutes and 53 seconds.
Expected completion: 12:27 2020-05-18.
Training round 90 stats
Wins 0.53, Ties 0.01, Losses 0.47, Game Length 19.50 moves
Loss p1: 0.195681, Loss p2: 0.201534
Benchmark Stats Training Round 90
W: 0.76, T: 0.00 (versus random)
W: 0.00, T: 0.00 (versus left)
W: 0.73, T: 0.00 (versus lvl1)
W: 0.35, T: 0.02 (versus lvl2)
Training round 90 completed in 1 minutes and 56 seconds.
Expected completion: 12:28 2020-05-18.
Training round 91 stats
Wins 0.48, Ties 0.00, Losses 0.52, Game Length 18.96 moves
Loss p1: 0.200802, Loss p2: 0.205676
Benchmark Stats Training Round 91
W: 0.72, T: 0.00 (versus random)
W: 0.00, T: 0.00 (versus left)
W: 0.45, T: 0.00 (versus lvl1)
W: 0.11, T: 0.00 (versus lvl2)
Training round 91 completed in 1 minutes and 56 seconds.
Expected completion: 12:27 2020-05-18.
Training round 92 stats
Wins 0.46, Ties 0.00, Losses 0.54, Game Length 18.64 moves
Loss p1: 0.197927, Loss p2: 0.200713
Benchmark Stats Training Round 92
W: 0.81, T: 0.00 (versus random)
W: 0.50, T: 0.00 (versus left)
W: 0.72, T: 0.00 (versus lvl1)
W: 0.16, T: 0.01 (versus lvl2)
Training round 92 completed in 1 minutes and 56 seconds.
Expected completion: 12:28 2020-05-18.
Training round 93 stats
Wins 0.50, Ties 0.00, Losses 0.50, Game Length 19.09 moves
Loss p1: 0.198336, Loss p2: 0.201590
Benchmark Stats Training Round 93
W: 0.72, T: 0.00 (versus random)
W: 0.50, T: 0.00 (versus left)
W: 0.51, T: 0.00 (versus lvl1)
W: 0.13, T: 0.01 (versus lvl2)
Training round 93 completed in 1 minutes and 55 seconds.
Expected completion: 12:27 2020-05-18.
Training round 94 stats
Wins 0.48, Ties 0.00, Losses 0.51, Game Length 18.92 moves
Loss p1: 0.194967, Loss p2: 0.209220
Benchmark Stats Training Round 94
W: 0.92, T: 0.00 (versus random)
W: 0.50, T: 0.00 (versus left)
W: 0.72, T: 0.00 (versus lvl1)
W: 0.31, T: 0.00 (versus lvl2)
Training round 94 completed in 1 minutes and 54 seconds.
Expected completion: 12:27 2020-05-18.
Training round 95 stats
Wins 0.46, Ties 0.00, Losses 0.53, Game Length 19.29 moves
Loss p1: 0.197524, Loss p2: 0.204708
Benchmark Stats Training Round 95
W: 0.79, T: 0.00 (versus random)
W: 0.00, T: 0.00 (versus left)
W: 0.49, T: 0.00 (versus lvl1)
W: 0.05, T: 0.00 (versus lvl2)
Training round 95 completed in 2 minutes and 1 seconds.
Expected completion: 12:28 2020-05-18.
Training round 96 stats
Wins 0.53, Ties 0.00, Losses 0.47, Game Length 19.39 moves
Loss p1: 0.196324, Loss p2: 0.202295
Benchmark Stats Training Round 96
W: 0.87, T: 0.00 (versus random)
W: 0.00, T: 0.00 (versus left)
W: 0.65, T: 0.00 (versus lvl1)
W: 0.18, T: 0.00 (versus lvl2)
Training round 96 completed in 1 minutes and 50 seconds.
Expected completion: 12:27 2020-05-18.
Training round 97 stats
Wins 0.50, Ties 0.01, Losses 0.49, Game Length 18.89 moves
Loss p1: 0.198981, Loss p2: 0.205790
Benchmark Stats Training Round 97
W: 0.82, T: 0.00 (versus random)
W: 0.50, T: 0.00 (versus left)
W: 0.69, T: 0.00 (versus lvl1)
W: 0.29, T: 0.00 (versus lvl2)
Training round 97 completed in 1 minutes and 53 seconds.
Expected completion: 12:27 2020-05-18.
Training round 98 stats
Wins 0.49, Ties 0.00, Losses 0.51, Game Length 18.97 moves
Loss p1: 0.209587, Loss p2: 0.209622
Benchmark Stats Training Round 98
W: 0.77, T: 0.00 (versus random)
W: 0.00, T: 0.00 (versus left)
W: 0.70, T: 0.00 (versus lvl1)
W: 0.15, T: 0.01 (versus lvl2)
Training round 98 completed in 1 minutes and 56 seconds.
Expected completion: 12:27 2020-05-18.
Training round 99 stats
Wins 0.47, Ties 0.00, Losses 0.53, Game Length 19.14 moves
Loss p1: 0.200830, Loss p2: 0.208618
Benchmark Stats Training Round 99
W: 0.80, T: 0.00 (versus random)
W: 0.50, T: 0.00 (versus left)
W: 0.70, T: 0.00 (versus lvl1)
W: 0.21, T: 0.01 (versus lvl2)
Training round 99 completed in 1 minutes and 58 seconds.
Expected completion: 12:28 2020-05-18.
Training round 100 stats
Wins 0.50, Ties 0.00, Losses 0.50, Game Length 19.18 moves
Loss p1: 0.192583, Loss p2: 0.205932
Benchmark Stats Training Round 100
W: 0.76, T: 0.01 (versus random)
W: 0.00, T: 0.00 (versus left)
W: 0.71, T: 0.00 (versus lvl1)
W: 0.22, T: 0.02 (versus lvl2)
Training round 100 completed in 2 minutes and 0 seconds.
Expected completion: 12:28 2020-05-18.
