Training Neural Net on Connect 4
  self_play_batch_size: 1000
  benchmark_batch_size: 100
  training_rounds: 100
  memory_size: 1000
  network: A
  exploration: decay_training
  loss: MSE
  encoding: integer
  optimizer: Adam
  experience: yes

Benchmark Stats Training Round 0
W: 0.68, T: 0.00 (versus random)
W: 0.00, T: 0.00 (versus left)
W: 0.33, T: 0.00 (versus lvl1)
W: 0.14, T: 0.00 (versus lvl2)
Training round 1 stats
Wins 0.48, Ties 0.00, Losses 0.51, Game Length 20.34 moves
Loss p1: 0.132288, Loss p2: 0.128854
Benchmark Stats Training Round 1
W: 0.84, T: 0.00 (versus random)
W: 0.00, T: 0.00 (versus left)
W: 0.72, T: 0.00 (versus lvl1)
W: 0.20, T: 0.00 (versus lvl2)
Training round 1 completed in 1 minutes and 58 seconds.
Expected completion: 02:28 2020-05-17.
Training round 2 stats
Wins 0.47, Ties 0.00, Losses 0.52, Game Length 20.26 moves
Loss p1: 0.111692, Loss p2: 0.110438
Benchmark Stats Training Round 2
W: 0.79, T: 0.00 (versus random)
W: 1.00, T: 0.00 (versus left)
W: 0.61, T: 0.00 (versus lvl1)
W: 0.24, T: 0.00 (versus lvl2)
Training round 2 completed in 1 minutes and 57 seconds.
Expected completion: 02:26 2020-05-17.
Training round 3 stats
Wins 0.52, Ties 0.00, Losses 0.48, Game Length 19.70 moves
Loss p1: 0.104191, Loss p2: 0.108057
Benchmark Stats Training Round 3
W: 0.77, T: 0.00 (versus random)
W: 0.50, T: 0.00 (versus left)
W: 0.56, T: 0.00 (versus lvl1)
W: 0.15, T: 0.00 (versus lvl2)
Training round 3 completed in 2 minutes and 2 seconds.
Expected completion: 02:35 2020-05-17.
Training round 4 stats
Wins 0.50, Ties 0.00, Losses 0.50, Game Length 19.29 moves
Loss p1: 0.119823, Loss p2: 0.116812
Benchmark Stats Training Round 4
W: 0.87, T: 0.00 (versus random)
W: 0.00, T: 0.00 (versus left)
W: 0.76, T: 0.00 (versus lvl1)
W: 0.20, T: 0.00 (versus lvl2)
Training round 4 completed in 1 minutes and 56 seconds.
Expected completion: 02:25 2020-05-17.
Training round 5 stats
Wins 0.54, Ties 0.00, Losses 0.46, Game Length 19.45 moves
Loss p1: 0.120642, Loss p2: 0.115024
Benchmark Stats Training Round 5
W: 0.82, T: 0.00 (versus random)
W: 0.50, T: 0.00 (versus left)
W: 0.74, T: 0.00 (versus lvl1)
W: 0.34, T: 0.00 (versus lvl2)
Training round 5 completed in 1 minutes and 56 seconds.
Expected completion: 02:25 2020-05-17.
Training round 6 stats
Wins 0.48, Ties 0.00, Losses 0.52, Game Length 18.92 moves
Loss p1: 0.125125, Loss p2: 0.119766
Benchmark Stats Training Round 6
W: 0.76, T: 0.00 (versus random)
W: 0.50, T: 0.00 (versus left)
W: 0.53, T: 0.00 (versus lvl1)
W: 0.15, T: 0.01 (versus lvl2)
Training round 6 completed in 2 minutes and 9 seconds.
Expected completion: 02:46 2020-05-17.
Training round 7 stats
Wins 0.50, Ties 0.00, Losses 0.50, Game Length 18.70 moves
Loss p1: 0.131685, Loss p2: 0.131146
Benchmark Stats Training Round 7
W: 0.82, T: 0.00 (versus random)
W: 0.50, T: 0.00 (versus left)
W: 0.63, T: 0.00 (versus lvl1)
W: 0.17, T: 0.01 (versus lvl2)
Training round 7 completed in 2 minutes and 6 seconds.
Expected completion: 02:40 2020-05-17.
Training round 8 stats
Wins 0.50, Ties 0.00, Losses 0.50, Game Length 18.89 moves
Loss p1: 0.134976, Loss p2: 0.144179
Benchmark Stats Training Round 8
W: 0.86, T: 0.00 (versus random)
W: 0.00, T: 0.00 (versus left)
W: 0.51, T: 0.00 (versus lvl1)
W: 0.14, T: 0.00 (versus lvl2)
Training round 8 completed in 2 minutes and 15 seconds.
Expected completion: 02:55 2020-05-17.
Training round 9 stats
Wins 0.48, Ties 0.00, Losses 0.52, Game Length 18.50 moves
Loss p1: 0.147879, Loss p2: 0.146301
Benchmark Stats Training Round 9
W: 0.75, T: 0.00 (versus random)
W: 0.50, T: 0.00 (versus left)
W: 0.52, T: 0.00 (versus lvl1)
W: 0.22, T: 0.00 (versus lvl2)
Training round 9 completed in 2 minutes and 6 seconds.
Expected completion: 02:41 2020-05-17.
Training round 10 stats
Wins 0.48, Ties 0.00, Losses 0.52, Game Length 18.57 moves
Loss p1: 0.145853, Loss p2: 0.141053
Benchmark Stats Training Round 10
W: 0.77, T: 0.00 (versus random)
W: 0.50, T: 0.00 (versus left)
W: 0.55, T: 0.00 (versus lvl1)
W: 0.13, T: 0.00 (versus lvl2)
Training round 10 completed in 2 minutes and 16 seconds.
Expected completion: 02:56 2020-05-17.
Training round 11 stats
Wins 0.50, Ties 0.00, Losses 0.50, Game Length 18.34 moves
Loss p1: 0.144273, Loss p2: 0.149917
Benchmark Stats Training Round 11
W: 0.71, T: 0.00 (versus random)
W: 0.00, T: 0.00 (versus left)
W: 0.64, T: 0.00 (versus lvl1)
W: 0.10, T: 0.00 (versus lvl2)
Training round 11 completed in 2 minutes and 18 seconds.
Expected completion: 02:58 2020-05-17.
Training round 12 stats
Wins 0.48, Ties 0.00, Losses 0.51, Game Length 18.54 moves
Loss p1: 0.150520, Loss p2: 0.149759
Benchmark Stats Training Round 12
W: 0.78, T: 0.00 (versus random)
W: 0.00, T: 0.00 (versus left)
W: 0.62, T: 0.00 (versus lvl1)
W: 0.16, T: 0.02 (versus lvl2)
Training round 12 completed in 2 minutes and 18 seconds.
Expected completion: 03:00 2020-05-17.
Training round 13 stats
Wins 0.50, Ties 0.00, Losses 0.50, Game Length 17.91 moves
Loss p1: 0.154956, Loss p2: 0.144352
Benchmark Stats Training Round 13
W: 0.76, T: 0.00 (versus random)
W: 0.00, T: 0.00 (versus left)
W: 0.67, T: 0.00 (versus lvl1)
W: 0.17, T: 0.01 (versus lvl2)
Training round 13 completed in 2 minutes and 18 seconds.
Expected completion: 02:59 2020-05-17.
Training round 14 stats
Wins 0.52, Ties 0.00, Losses 0.47, Game Length 17.82 moves
Loss p1: 0.154310, Loss p2: 0.148091
Benchmark Stats Training Round 14
W: 0.89, T: 0.01 (versus random)
W: 0.00, T: 0.00 (versus left)
W: 0.72, T: 0.00 (versus lvl1)
W: 0.25, T: 0.00 (versus lvl2)
Training round 14 completed in 2 minutes and 16 seconds.
Expected completion: 02:56 2020-05-17.
Training round 15 stats
Wins 0.51, Ties 0.00, Losses 0.49, Game Length 16.92 moves
Loss p1: 0.152112, Loss p2: 0.155206
Benchmark Stats Training Round 15
W: 0.80, T: 0.00 (versus random)
W: 0.50, T: 0.00 (versus left)
W: 0.57, T: 0.00 (versus lvl1)
W: 0.20, T: 0.01 (versus lvl2)
Training round 15 completed in 2 minutes and 19 seconds.
Expected completion: 03:00 2020-05-17.
Training round 16 stats
Wins 0.52, Ties 0.00, Losses 0.48, Game Length 17.25 moves
Loss p1: 0.154280, Loss p2: 0.149122
Benchmark Stats Training Round 16
W: 0.75, T: 0.00 (versus random)
W: 0.50, T: 0.00 (versus left)
W: 0.59, T: 0.00 (versus lvl1)
W: 0.16, T: 0.00 (versus lvl2)
Training round 16 completed in 2 minutes and 14 seconds.
Expected completion: 02:54 2020-05-17.
Training round 17 stats
Wins 0.50, Ties 0.00, Losses 0.50, Game Length 17.55 moves
Loss p1: 0.152835, Loss p2: 0.155444
Benchmark Stats Training Round 17
W: 0.77, T: 0.02 (versus random)
W: 0.50, T: 0.00 (versus left)
W: 0.69, T: 0.00 (versus lvl1)
W: 0.13, T: 0.00 (versus lvl2)
Training round 17 completed in 2 minutes and 25 seconds.
Expected completion: 03:09 2020-05-17.
Training round 18 stats
Wins 0.50, Ties 0.00, Losses 0.50, Game Length 17.70 moves
Loss p1: 0.159151, Loss p2: 0.153766
Benchmark Stats Training Round 18
W: 0.77, T: 0.00 (versus random)
W: 0.50, T: 0.00 (versus left)
W: 0.73, T: 0.00 (versus lvl1)
W: 0.22, T: 0.01 (versus lvl2)
Training round 18 completed in 2 minutes and 22 seconds.
Expected completion: 03:04 2020-05-17.
Training round 19 stats
Wins 0.52, Ties 0.00, Losses 0.48, Game Length 17.22 moves
Loss p1: 0.164178, Loss p2: 0.157730
Benchmark Stats Training Round 19
W: 0.81, T: 0.00 (versus random)
W: 0.50, T: 0.00 (versus left)
W: 0.58, T: 0.00 (versus lvl1)
W: 0.21, T: 0.01 (versus lvl2)
Training round 19 completed in 2 minutes and 20 seconds.
Expected completion: 03:02 2020-05-17.
Training round 20 stats
Wins 0.50, Ties 0.00, Losses 0.49, Game Length 17.39 moves
Loss p1: 0.164566, Loss p2: 0.160767
Benchmark Stats Training Round 20
W: 0.89, T: 0.00 (versus random)
W: 0.50, T: 0.00 (versus left)
W: 0.74, T: 0.00 (versus lvl1)
W: 0.32, T: 0.00 (versus lvl2)
Training round 20 completed in 2 minutes and 24 seconds.
Expected completion: 03:07 2020-05-17.
Training round 21 stats
Wins 0.51, Ties 0.00, Losses 0.49, Game Length 16.56 moves
Loss p1: 0.163345, Loss p2: 0.164931
Benchmark Stats Training Round 21
W: 0.80, T: 0.00 (versus random)
W: 0.00, T: 0.00 (versus left)
W: 0.64, T: 0.00 (versus lvl1)
W: 0.11, T: 0.01 (versus lvl2)
Training round 21 completed in 2 minutes and 33 seconds.
Expected completion: 03:20 2020-05-17.
Training round 22 stats
Wins 0.49, Ties 0.00, Losses 0.51, Game Length 16.61 moves
Loss p1: 0.162421, Loss p2: 0.162474
Benchmark Stats Training Round 22
W: 0.80, T: 0.01 (versus random)
W: 0.00, T: 0.00 (versus left)
W: 0.76, T: 0.00 (versus lvl1)
W: 0.28, T: 0.01 (versus lvl2)
Training round 22 completed in 2 minutes and 25 seconds.
Expected completion: 03:09 2020-05-17.
Training round 23 stats
Wins 0.47, Ties 0.00, Losses 0.53, Game Length 17.42 moves
Loss p1: 0.168082, Loss p2: 0.160379
Benchmark Stats Training Round 23
W: 0.73, T: 0.01 (versus random)
W: 0.50, T: 0.00 (versus left)
W: 0.50, T: 0.00 (versus lvl1)
W: 0.15, T: 0.02 (versus lvl2)
Training round 23 completed in 2 minutes and 36 seconds.
Expected completion: 03:24 2020-05-17.
Training round 24 stats
Wins 0.52, Ties 0.00, Losses 0.48, Game Length 17.29 moves
Loss p1: 0.164700, Loss p2: 0.165124
Benchmark Stats Training Round 24
W: 0.79, T: 0.00 (versus random)
W: 0.00, T: 0.00 (versus left)
W: 0.59, T: 0.00 (versus lvl1)
W: 0.17, T: 0.00 (versus lvl2)
Training round 24 completed in 2 minutes and 39 seconds.
Expected completion: 03:27 2020-05-17.
Training round 25 stats
Wins 0.51, Ties 0.00, Losses 0.49, Game Length 16.46 moves
Loss p1: 0.172417, Loss p2: 0.174276
Benchmark Stats Training Round 25
W: 0.89, T: 0.00 (versus random)
W: 0.50, T: 0.00 (versus left)
W: 0.83, T: 0.00 (versus lvl1)
W: 0.24, T: 0.01 (versus lvl2)
Training round 25 completed in 2 minutes and 27 seconds.
Expected completion: 03:12 2020-05-17.
Training round 26 stats
Wins 0.51, Ties 0.00, Losses 0.49, Game Length 16.34 moves
Loss p1: 0.176283, Loss p2: 0.174041
Benchmark Stats Training Round 26
W: 0.84, T: 0.00 (versus random)
W: 0.50, T: 0.00 (versus left)
W: 0.65, T: 0.00 (versus lvl1)
W: 0.25, T: 0.00 (versus lvl2)
Training round 26 completed in 2 minutes and 31 seconds.
Expected completion: 03:17 2020-05-17.
Training round 27 stats
Wins 0.51, Ties 0.00, Losses 0.49, Game Length 16.10 moves
Loss p1: 0.176426, Loss p2: 0.169170
Benchmark Stats Training Round 27
W: 0.74, T: 0.00 (versus random)
W: 0.50, T: 0.00 (versus left)
W: 0.51, T: 0.00 (versus lvl1)
W: 0.18, T: 0.00 (versus lvl2)
Training round 27 completed in 2 minutes and 37 seconds.
Expected completion: 03:24 2020-05-17.
Training round 28 stats
Wins 0.53, Ties 0.00, Losses 0.47, Game Length 16.79 moves
Loss p1: 0.164594, Loss p2: 0.161343
Benchmark Stats Training Round 28
W: 0.88, T: 0.00 (versus random)
W: 0.50, T: 0.00 (versus left)
W: 0.75, T: 0.00 (versus lvl1)
W: 0.35, T: 0.00 (versus lvl2)
Training round 28 completed in 2 minutes and 34 seconds.
Expected completion: 03:21 2020-05-17.
Training round 29 stats
Wins 0.50, Ties 0.00, Losses 0.50, Game Length 17.32 moves
Loss p1: 0.163954, Loss p2: 0.162900
Benchmark Stats Training Round 29
W: 0.87, T: 0.00 (versus random)
W: 0.50, T: 0.00 (versus left)
W: 0.77, T: 0.00 (versus lvl1)
W: 0.34, T: 0.00 (versus lvl2)
Training round 29 completed in 2 minutes and 41 seconds.
Expected completion: 03:28 2020-05-17.
Training round 30 stats
Wins 0.51, Ties 0.00, Losses 0.48, Game Length 16.88 moves
Loss p1: 0.162728, Loss p2: 0.160767
Benchmark Stats Training Round 30
W: 0.85, T: 0.00 (versus random)
W: 0.00, T: 0.00 (versus left)
W: 0.73, T: 0.00 (versus lvl1)
W: 0.23, T: 0.00 (versus lvl2)
Training round 30 completed in 2 minutes and 38 seconds.
Expected completion: 03:25 2020-05-17.
Training round 31 stats
Wins 0.52, Ties 0.00, Losses 0.48, Game Length 16.64 moves
Loss p1: 0.171713, Loss p2: 0.165134
Benchmark Stats Training Round 31
W: 0.84, T: 0.00 (versus random)
W: 0.50, T: 0.00 (versus left)
W: 0.78, T: 0.00 (versus lvl1)
W: 0.26, T: 0.00 (versus lvl2)
Training round 31 completed in 2 minutes and 39 seconds.
Expected completion: 03:26 2020-05-17.
Training round 32 stats
Wins 0.51, Ties 0.00, Losses 0.49, Game Length 16.70 moves
Loss p1: 0.162799, Loss p2: 0.159532
Benchmark Stats Training Round 32
W: 0.86, T: 0.00 (versus random)
W: 0.00, T: 0.00 (versus left)
W: 0.70, T: 0.00 (versus lvl1)
W: 0.12, T: 0.01 (versus lvl2)
Training round 32 completed in 2 minutes and 41 seconds.
Expected completion: 03:29 2020-05-17.
Training round 33 stats
Wins 0.51, Ties 0.00, Losses 0.49, Game Length 16.24 moves
Loss p1: 0.163359, Loss p2: 0.173925
Benchmark Stats Training Round 33
W: 0.82, T: 0.00 (versus random)
W: 0.50, T: 0.00 (versus left)
W: 0.61, T: 0.00 (versus lvl1)
W: 0.18, T: 0.00 (versus lvl2)
Training round 33 completed in 2 minutes and 37 seconds.
Expected completion: 03:24 2020-05-17.
Training round 34 stats
Wins 0.51, Ties 0.00, Losses 0.49, Game Length 15.87 moves
Loss p1: 0.175736, Loss p2: 0.175236
Benchmark Stats Training Round 34
W: 0.78, T: 0.00 (versus random)
W: 0.00, T: 0.00 (versus left)
W: 0.55, T: 0.00 (versus lvl1)
W: 0.17, T: 0.01 (versus lvl2)
Training round 34 completed in 2 minutes and 39 seconds.
Expected completion: 03:26 2020-05-17.
Training round 35 stats
Wins 0.47, Ties 0.00, Losses 0.53, Game Length 16.89 moves
Loss p1: 0.167806, Loss p2: 0.176136
Benchmark Stats Training Round 35
W: 0.79, T: 0.00 (versus random)
W: 0.00, T: 0.00 (versus left)
W: 0.64, T: 0.00 (versus lvl1)
W: 0.22, T: 0.00 (versus lvl2)
Training round 35 completed in 2 minutes and 48 seconds.
Expected completion: 03:37 2020-05-17.
Training round 36 stats
Wins 0.52, Ties 0.00, Losses 0.48, Game Length 16.11 moves
Loss p1: 0.174905, Loss p2: 0.179410
Benchmark Stats Training Round 36
W: 0.82, T: 0.00 (versus random)
W: 0.50, T: 0.00 (versus left)
W: 0.74, T: 0.00 (versus lvl1)
W: 0.22, T: 0.01 (versus lvl2)
Training round 36 completed in 2 minutes and 46 seconds.
Expected completion: 03:35 2020-05-17.
Training round 37 stats
Wins 0.48, Ties 0.00, Losses 0.51, Game Length 16.01 moves
Loss p1: 0.183872, Loss p2: 0.187824
Benchmark Stats Training Round 37
W: 0.85, T: 0.00 (versus random)
W: 0.50, T: 0.00 (versus left)
W: 0.76, T: 0.00 (versus lvl1)
W: 0.25, T: 0.00 (versus lvl2)
Training round 37 completed in 2 minutes and 38 seconds.
Expected completion: 03:25 2020-05-17.
Training round 38 stats
Wins 0.52, Ties 0.00, Losses 0.48, Game Length 16.45 moves
Loss p1: 0.172102, Loss p2: 0.174867
Benchmark Stats Training Round 38
W: 0.80, T: 0.00 (versus random)
W: 0.50, T: 0.00 (versus left)
W: 0.65, T: 0.00 (versus lvl1)
W: 0.22, T: 0.02 (versus lvl2)
Training round 38 completed in 2 minutes and 51 seconds.
Expected completion: 03:40 2020-05-17.
Training round 39 stats
Wins 0.52, Ties 0.00, Losses 0.47, Game Length 16.17 moves
Loss p1: 0.175040, Loss p2: 0.170907
Benchmark Stats Training Round 39
W: 0.81, T: 0.00 (versus random)
W: 0.00, T: 0.00 (versus left)
W: 0.75, T: 0.00 (versus lvl1)
W: 0.25, T: 0.00 (versus lvl2)
Training round 39 completed in 2 minutes and 44 seconds.
Expected completion: 03:33 2020-05-17.
Training round 40 stats
Wins 0.55, Ties 0.00, Losses 0.45, Game Length 16.17 moves
Loss p1: 0.170539, Loss p2: 0.168024
Benchmark Stats Training Round 40
W: 0.86, T: 0.01 (versus random)
W: 0.50, T: 0.00 (versus left)
W: 0.68, T: 0.00 (versus lvl1)
W: 0.23, T: 0.00 (versus lvl2)
Training round 40 completed in 2 minutes and 50 seconds.
Expected completion: 03:38 2020-05-17.
Training round 41 stats
Wins 0.53, Ties 0.00, Losses 0.47, Game Length 16.23 moves
Loss p1: 0.181220, Loss p2: 0.179801
Benchmark Stats Training Round 41
W: 0.87, T: 0.00 (versus random)
W: 0.00, T: 0.00 (versus left)
W: 0.78, T: 0.00 (versus lvl1)
W: 0.15, T: 0.00 (versus lvl2)
Training round 41 completed in 2 minutes and 52 seconds.
Expected completion: 03:40 2020-05-17.
Training round 42 stats
Wins 0.53, Ties 0.00, Losses 0.47, Game Length 15.99 moves
Loss p1: 0.178295, Loss p2: 0.190095
Benchmark Stats Training Round 42
W: 0.93, T: 0.00 (versus random)
W: 0.50, T: 0.00 (versus left)
W: 0.78, T: 0.00 (versus lvl1)
W: 0.23, T: 0.01 (versus lvl2)
Training round 42 completed in 2 minutes and 48 seconds.
Expected completion: 03:36 2020-05-17.
Training round 43 stats
Wins 0.47, Ties 0.00, Losses 0.53, Game Length 15.66 moves
Loss p1: 0.185934, Loss p2: 0.187497
Benchmark Stats Training Round 43
W: 0.91, T: 0.01 (versus random)
W: 0.00, T: 0.00 (versus left)
W: 0.71, T: 0.00 (versus lvl1)
W: 0.21, T: 0.00 (versus lvl2)
Training round 43 completed in 2 minutes and 46 seconds.
Expected completion: 03:34 2020-05-17.
Training round 44 stats
Wins 0.56, Ties 0.00, Losses 0.44, Game Length 16.31 moves
Loss p1: 0.182344, Loss p2: 0.179896
Benchmark Stats Training Round 44
W: 0.88, T: 0.00 (versus random)
W: 0.00, T: 0.00 (versus left)
W: 0.80, T: 0.00 (versus lvl1)
W: 0.26, T: 0.01 (versus lvl2)
Training round 44 completed in 2 minutes and 51 seconds.
Expected completion: 03:39 2020-05-17.
Training round 45 stats
Wins 0.54, Ties 0.00, Losses 0.45, Game Length 15.57 moves
Loss p1: 0.188256, Loss p2: 0.185132
Benchmark Stats Training Round 45
W: 0.92, T: 0.00 (versus random)
W: 0.00, T: 0.00 (versus left)
W: 0.85, T: 0.00 (versus lvl1)
W: 0.30, T: 0.01 (versus lvl2)
Training round 45 completed in 2 minutes and 46 seconds.
Expected completion: 03:35 2020-05-17.
Training round 46 stats
Wins 0.55, Ties 0.00, Losses 0.45, Game Length 16.27 moves
Loss p1: 0.191552, Loss p2: 0.187722
Benchmark Stats Training Round 46
W: 0.85, T: 0.00 (versus random)
W: 0.00, T: 0.00 (versus left)
W: 0.67, T: 0.00 (versus lvl1)
W: 0.10, T: 0.02 (versus lvl2)
Training round 46 completed in 2 minutes and 50 seconds.
Expected completion: 03:39 2020-05-17.
Training round 47 stats
Wins 0.49, Ties 0.00, Losses 0.51, Game Length 16.02 moves
Loss p1: 0.193692, Loss p2: 0.194177
Benchmark Stats Training Round 47
W: 0.87, T: 0.00 (versus random)
W: 0.50, T: 0.00 (versus left)
W: 0.66, T: 0.00 (versus lvl1)
W: 0.14, T: 0.00 (versus lvl2)
Training round 47 completed in 2 minutes and 56 seconds.
Expected completion: 03:43 2020-05-17.
Training round 48 stats
Wins 0.53, Ties 0.00, Losses 0.47, Game Length 14.89 moves
Loss p1: 0.196567, Loss p2: 0.193486
Benchmark Stats Training Round 48
W: 0.94, T: 0.00 (versus random)
W: 0.50, T: 0.00 (versus left)
W: 0.87, T: 0.00 (versus lvl1)
W: 0.34, T: 0.01 (versus lvl2)
Training round 48 completed in 2 minutes and 42 seconds.
Expected completion: 03:31 2020-05-17.
Training round 49 stats
Wins 0.49, Ties 0.00, Losses 0.51, Game Length 15.73 moves
Loss p1: 0.199169, Loss p2: 0.189982
Benchmark Stats Training Round 49
W: 0.90, T: 0.00 (versus random)
W: 0.50, T: 0.00 (versus left)
W: 0.82, T: 0.00 (versus lvl1)
W: 0.26, T: 0.02 (versus lvl2)
Training round 49 completed in 2 minutes and 55 seconds.
Expected completion: 03:43 2020-05-17.
Training round 50 stats
Wins 0.50, Ties 0.01, Losses 0.50, Game Length 16.80 moves
Loss p1: 0.189608, Loss p2: 0.190557
Benchmark Stats Training Round 50
W: 0.94, T: 0.00 (versus random)
W: 0.50, T: 0.00 (versus left)
W: 0.76, T: 0.00 (versus lvl1)
W: 0.27, T: 0.01 (versus lvl2)
Training round 50 completed in 2 minutes and 60 seconds.
Expected completion: 03:47 2020-05-17.
Training round 51 stats
Wins 0.52, Ties 0.00, Losses 0.48, Game Length 16.28 moves
Loss p1: 0.203227, Loss p2: 0.202215
Benchmark Stats Training Round 51
W: 0.85, T: 0.01 (versus random)
W: 0.50, T: 0.00 (versus left)
W: 0.73, T: 0.00 (versus lvl1)
W: 0.29, T: 0.02 (versus lvl2)
Training round 51 completed in 2 minutes and 54 seconds.
Expected completion: 03:41 2020-05-17.
Training round 52 stats
Wins 0.58, Ties 0.00, Losses 0.41, Game Length 16.54 moves
Loss p1: 0.190784, Loss p2: 0.192104
Benchmark Stats Training Round 52
W: 0.90, T: 0.00 (versus random)
W: 0.00, T: 0.00 (versus left)
W: 0.72, T: 0.00 (versus lvl1)
W: 0.26, T: 0.01 (versus lvl2)
Training round 52 completed in 3 minutes and 6 seconds.
Expected completion: 03:51 2020-05-17.
Training round 53 stats
Wins 0.51, Ties 0.00, Losses 0.49, Game Length 16.48 moves
Loss p1: 0.192016, Loss p2: 0.187335
Benchmark Stats Training Round 53
W: 0.93, T: 0.00 (versus random)
W: 0.50, T: 0.00 (versus left)
W: 0.81, T: 0.00 (versus lvl1)
W: 0.40, T: 0.00 (versus lvl2)
Training round 53 completed in 2 minutes and 53 seconds.
Expected completion: 03:41 2020-05-17.
Training round 54 stats
Wins 0.55, Ties 0.00, Losses 0.44, Game Length 16.27 moves
Loss p1: 0.189702, Loss p2: 0.197081
Benchmark Stats Training Round 54
W: 0.89, T: 0.00 (versus random)
W: 1.00, T: 0.00 (versus left)
W: 0.73, T: 0.00 (versus lvl1)
W: 0.30, T: 0.00 (versus lvl2)
Training round 54 completed in 3 minutes and 3 seconds.
Expected completion: 03:49 2020-05-17.
Training round 55 stats
Wins 0.53, Ties 0.00, Losses 0.47, Game Length 15.74 moves
Loss p1: 0.191636, Loss p2: 0.196896
Benchmark Stats Training Round 55
W: 0.97, T: 0.00 (versus random)
W: 0.50, T: 0.00 (versus left)
W: 0.85, T: 0.00 (versus lvl1)
W: 0.35, T: 0.00 (versus lvl2)
Training round 55 completed in 2 minutes and 23 seconds.
Expected completion: 03:18 2020-05-17.
Training round 56 stats
Wins 0.48, Ties 0.00, Losses 0.52, Game Length 15.88 moves
Loss p1: 0.198620, Loss p2: 0.190836
Benchmark Stats Training Round 56
W: 0.85, T: 0.00 (versus random)
W: 0.00, T: 0.00 (versus left)
W: 0.60, T: 0.00 (versus lvl1)
W: 0.32, T: 0.02 (versus lvl2)
Training round 56 completed in 1 minutes and 45 seconds.
Expected completion: 02:49 2020-05-17.
Training round 57 stats
Wins 0.53, Ties 0.00, Losses 0.47, Game Length 15.79 moves
Loss p1: 0.202627, Loss p2: 0.193638
Benchmark Stats Training Round 57
W: 0.90, T: 0.00 (versus random)
W: 1.00, T: 0.00 (versus left)
W: 0.77, T: 0.00 (versus lvl1)
W: 0.32, T: 0.01 (versus lvl2)
Training round 57 completed in 1 minutes and 45 seconds.
Expected completion: 02:50 2020-05-17.
Training round 58 stats
Wins 0.53, Ties 0.00, Losses 0.47, Game Length 17.20 moves
Loss p1: 0.180372, Loss p2: 0.181679
Benchmark Stats Training Round 58
W: 0.90, T: 0.01 (versus random)
W: 0.50, T: 0.00 (versus left)
W: 0.82, T: 0.00 (versus lvl1)
W: 0.39, T: 0.00 (versus lvl2)
Training round 58 completed in 1 minutes and 53 seconds.
Expected completion: 02:55 2020-05-17.
Training round 59 stats
Wins 0.54, Ties 0.00, Losses 0.46, Game Length 16.68 moves
Loss p1: 0.185526, Loss p2: 0.189512
Benchmark Stats Training Round 59
W: 0.96, T: 0.00 (versus random)
W: 0.50, T: 0.00 (versus left)
W: 0.83, T: 0.00 (versus lvl1)
W: 0.44, T: 0.01 (versus lvl2)
Training round 59 completed in 1 minutes and 47 seconds.
Expected completion: 02:51 2020-05-17.
Training round 60 stats
Wins 0.49, Ties 0.00, Losses 0.51, Game Length 17.02 moves
Loss p1: 0.204890, Loss p2: 0.192748
Benchmark Stats Training Round 60
W: 0.89, T: 0.00 (versus random)
W: 0.50, T: 0.00 (versus left)
W: 0.79, T: 0.00 (versus lvl1)
W: 0.27, T: 0.01 (versus lvl2)
Training round 60 completed in 1 minutes and 54 seconds.
Expected completion: 02:56 2020-05-17.
Training round 61 stats
Wins 0.46, Ties 0.00, Losses 0.53, Game Length 16.56 moves
Loss p1: 0.207219, Loss p2: 0.191836
Benchmark Stats Training Round 61
W: 0.89, T: 0.00 (versus random)
W: 0.00, T: 0.00 (versus left)
W: 0.78, T: 0.00 (versus lvl1)
W: 0.30, T: 0.01 (versus lvl2)
Training round 61 completed in 1 minutes and 50 seconds.
Expected completion: 02:53 2020-05-17.
Training round 62 stats
Wins 0.50, Ties 0.00, Losses 0.49, Game Length 15.47 moves
Loss p1: 0.203590, Loss p2: 0.202277
Benchmark Stats Training Round 62
W: 0.89, T: 0.00 (versus random)
W: 0.50, T: 0.00 (versus left)
W: 0.81, T: 0.00 (versus lvl1)
W: 0.30, T: 0.01 (versus lvl2)
Training round 62 completed in 1 minutes and 49 seconds.
Expected completion: 02:53 2020-05-17.
Training round 63 stats
Wins 0.52, Ties 0.00, Losses 0.48, Game Length 15.93 moves
Loss p1: 0.206198, Loss p2: 0.204796
Benchmark Stats Training Round 63
W: 0.91, T: 0.00 (versus random)
W: 0.00, T: 0.00 (versus left)
W: 0.81, T: 0.00 (versus lvl1)
W: 0.22, T: 0.02 (versus lvl2)
Training round 63 completed in 1 minutes and 49 seconds.
Expected completion: 02:53 2020-05-17.
Training round 64 stats
Wins 0.55, Ties 0.00, Losses 0.45, Game Length 17.82 moves
Loss p1: 0.196857, Loss p2: 0.195604
Benchmark Stats Training Round 64
W: 0.90, T: 0.00 (versus random)
W: 0.50, T: 0.00 (versus left)
W: 0.69, T: 0.00 (versus lvl1)
W: 0.28, T: 0.01 (versus lvl2)
Training round 64 completed in 2 minutes and 0 seconds.
Expected completion: 03:00 2020-05-17.
Training round 65 stats
Wins 0.55, Ties 0.00, Losses 0.45, Game Length 16.30 moves
Loss p1: 0.198684, Loss p2: 0.201452
Benchmark Stats Training Round 65
W: 0.88, T: 0.00 (versus random)
W: 0.50, T: 0.00 (versus left)
W: 0.75, T: 0.00 (versus lvl1)
W: 0.31, T: 0.00 (versus lvl2)
Training round 65 completed in 1 minutes and 51 seconds.
Expected completion: 02:54 2020-05-17.
Training round 66 stats
Wins 0.51, Ties 0.00, Losses 0.48, Game Length 15.89 moves
Loss p1: 0.208482, Loss p2: 0.209835
Benchmark Stats Training Round 66
W: 0.87, T: 0.00 (versus random)
W: 1.00, T: 0.00 (versus left)
W: 0.66, T: 0.00 (versus lvl1)
W: 0.22, T: 0.00 (versus lvl2)
Training round 66 completed in 1 minutes and 53 seconds.
Expected completion: 02:55 2020-05-17.
Training round 67 stats
Wins 0.51, Ties 0.00, Losses 0.49, Game Length 15.33 moves
Loss p1: 0.216646, Loss p2: 0.220835
Benchmark Stats Training Round 67
W: 0.91, T: 0.00 (versus random)
W: 0.00, T: 0.00 (versus left)
W: 0.77, T: 0.00 (versus lvl1)
W: 0.25, T: 0.01 (versus lvl2)
Training round 67 completed in 1 minutes and 51 seconds.
Expected completion: 02:54 2020-05-17.
Training round 68 stats
Wins 0.54, Ties 0.00, Losses 0.46, Game Length 16.04 moves
Loss p1: 0.211958, Loss p2: 0.213444
Benchmark Stats Training Round 68
W: 0.90, T: 0.00 (versus random)
W: 0.50, T: 0.00 (versus left)
W: 0.77, T: 0.00 (versus lvl1)
W: 0.44, T: 0.00 (versus lvl2)
Training round 68 completed in 1 minutes and 51 seconds.
Expected completion: 02:54 2020-05-17.
Training round 69 stats
Wins 0.53, Ties 0.00, Losses 0.47, Game Length 16.71 moves
Loss p1: 0.207397, Loss p2: 0.215995
Benchmark Stats Training Round 69
W: 0.85, T: 0.00 (versus random)
W: 0.50, T: 0.00 (versus left)
W: 0.73, T: 0.00 (versus lvl1)
W: 0.22, T: 0.00 (versus lvl2)
Training round 69 completed in 1 minutes and 57 seconds.
Expected completion: 02:57 2020-05-17.
Training round 70 stats
Wins 0.56, Ties 0.00, Losses 0.44, Game Length 16.71 moves
Loss p1: 0.194371, Loss p2: 0.203758
Benchmark Stats Training Round 70
W: 0.94, T: 0.00 (versus random)
W: 0.50, T: 0.00 (versus left)
W: 0.81, T: 0.00 (versus lvl1)
W: 0.38, T: 0.00 (versus lvl2)
Training round 70 completed in 1 minutes and 54 seconds.
Expected completion: 02:56 2020-05-17.
Training round 71 stats
Wins 0.47, Ties 0.00, Losses 0.53, Game Length 15.79 moves
Loss p1: 0.211409, Loss p2: 0.213892
Benchmark Stats Training Round 71
W: 0.93, T: 0.00 (versus random)
W: 0.50, T: 0.00 (versus left)
W: 0.74, T: 0.00 (versus lvl1)
W: 0.41, T: 0.00 (versus lvl2)
Training round 71 completed in 1 minutes and 53 seconds.
Expected completion: 02:55 2020-05-17.
Training round 72 stats
Wins 0.57, Ties 0.00, Losses 0.43, Game Length 17.28 moves
Loss p1: 0.191065, Loss p2: 0.201111
Benchmark Stats Training Round 72
W: 0.91, T: 0.00 (versus random)
W: 0.00, T: 0.00 (versus left)
W: 0.77, T: 0.00 (versus lvl1)
W: 0.23, T: 0.00 (versus lvl2)
Training round 72 completed in 1 minutes and 60 seconds.
Expected completion: 02:58 2020-05-17.
Training round 73 stats
Wins 0.55, Ties 0.00, Losses 0.45, Game Length 16.55 moves
Loss p1: 0.204862, Loss p2: 0.209316
Benchmark Stats Training Round 73
W: 0.94, T: 0.00 (versus random)
W: 0.50, T: 0.00 (versus left)
W: 0.75, T: 0.00 (versus lvl1)
W: 0.28, T: 0.03 (versus lvl2)
Training round 73 completed in 1 minutes and 58 seconds.
Expected completion: 02:58 2020-05-17.
Training round 74 stats
Wins 0.52, Ties 0.00, Losses 0.48, Game Length 16.59 moves
Loss p1: 0.214414, Loss p2: 0.209935
Benchmark Stats Training Round 74
W: 0.94, T: 0.00 (versus random)
W: 0.50, T: 0.00 (versus left)
W: 0.78, T: 0.00 (versus lvl1)
W: 0.36, T: 0.00 (versus lvl2)
Training round 74 completed in 1 minutes and 53 seconds.
Expected completion: 02:56 2020-05-17.
Training round 75 stats
Wins 0.56, Ties 0.00, Losses 0.44, Game Length 16.79 moves
Loss p1: 0.221801, Loss p2: 0.210536
Benchmark Stats Training Round 75
W: 0.95, T: 0.00 (versus random)
W: 0.00, T: 0.00 (versus left)
W: 0.82, T: 0.00 (versus lvl1)
W: 0.40, T: 0.00 (versus lvl2)
Training round 75 completed in 1 minutes and 59 seconds.
Expected completion: 02:58 2020-05-17.
Training round 76 stats
Wins 0.49, Ties 0.00, Losses 0.51, Game Length 16.41 moves
Loss p1: 0.204965, Loss p2: 0.205035
Benchmark Stats Training Round 76
W: 0.96, T: 0.00 (versus random)
W: 0.50, T: 0.00 (versus left)
W: 0.81, T: 0.00 (versus lvl1)
W: 0.31, T: 0.01 (versus lvl2)
Training round 76 completed in 1 minutes and 57 seconds.
Expected completion: 02:57 2020-05-17.
Training round 77 stats
Wins 0.54, Ties 0.01, Losses 0.45, Game Length 17.77 moves
Loss p1: 0.202714, Loss p2: 0.206020
Benchmark Stats Training Round 77
W: 0.81, T: 0.01 (versus random)
W: 0.50, T: 0.00 (versus left)
W: 0.71, T: 0.00 (versus lvl1)
W: 0.17, T: 0.00 (versus lvl2)
Training round 77 completed in 2 minutes and 6 seconds.
Expected completion: 03:01 2020-05-17.
Training round 78 stats
Wins 0.46, Ties 0.01, Losses 0.53, Game Length 17.56 moves
Loss p1: 0.192038, Loss p2: 0.201626
Benchmark Stats Training Round 78
W: 0.97, T: 0.00 (versus random)
W: 0.50, T: 0.00 (versus left)
W: 0.84, T: 0.00 (versus lvl1)
W: 0.35, T: 0.00 (versus lvl2)
Training round 78 completed in 2 minutes and 1 seconds.
Expected completion: 02:59 2020-05-17.
Training round 79 stats
Wins 0.54, Ties 0.00, Losses 0.45, Game Length 16.12 moves
Loss p1: 0.202670, Loss p2: 0.199849
Benchmark Stats Training Round 79
W: 0.98, T: 0.00 (versus random)
W: 0.50, T: 0.00 (versus left)
W: 0.93, T: 0.00 (versus lvl1)
W: 0.47, T: 0.00 (versus lvl2)
Training round 79 completed in 1 minutes and 53 seconds.
Expected completion: 02:56 2020-05-17.
Training round 80 stats
Wins 0.53, Ties 0.00, Losses 0.47, Game Length 16.51 moves
Loss p1: 0.214700, Loss p2: 0.205612
Benchmark Stats Training Round 80
W: 0.94, T: 0.00 (versus random)
W: 0.50, T: 0.00 (versus left)
W: 0.83, T: 0.00 (versus lvl1)
W: 0.39, T: 0.00 (versus lvl2)
Training round 80 completed in 1 minutes and 59 seconds.
Expected completion: 02:58 2020-05-17.
Training round 81 stats
Wins 0.55, Ties 0.00, Losses 0.45, Game Length 17.42 moves
Loss p1: 0.197754, Loss p2: 0.200575
Benchmark Stats Training Round 81
W: 0.94, T: 0.00 (versus random)
W: 1.00, T: 0.00 (versus left)
W: 0.75, T: 0.00 (versus lvl1)
W: 0.28, T: 0.01 (versus lvl2)
Training round 81 completed in 2 minutes and 5 seconds.
Expected completion: 03:00 2020-05-17.
Training round 82 stats
Wins 0.51, Ties 0.00, Losses 0.49, Game Length 18.22 moves
Loss p1: 0.205594, Loss p2: 0.207307
Benchmark Stats Training Round 82
W: 0.95, T: 0.00 (versus random)
W: 0.50, T: 0.00 (versus left)
W: 0.91, T: 0.00 (versus lvl1)
W: 0.53, T: 0.00 (versus lvl2)
Training round 82 completed in 2 minutes and 3 seconds.
Expected completion: 02:59 2020-05-17.
Training round 83 stats
Wins 0.54, Ties 0.01, Losses 0.46, Game Length 16.29 moves
Loss p1: 0.220158, Loss p2: 0.215553
Benchmark Stats Training Round 83
W: 0.93, T: 0.00 (versus random)
W: 1.00, T: 0.00 (versus left)
W: 0.84, T: 0.00 (versus lvl1)
W: 0.36, T: 0.00 (versus lvl2)
Training round 83 completed in 2 minutes and 0 seconds.
Expected completion: 02:59 2020-05-17.
Training round 84 stats
Wins 0.56, Ties 0.00, Losses 0.44, Game Length 17.69 moves
Loss p1: 0.199091, Loss p2: 0.203796
Benchmark Stats Training Round 84
W: 0.94, T: 0.00 (versus random)
W: 1.00, T: 0.00 (versus left)
W: 0.81, T: 0.00 (versus lvl1)
W: 0.36, T: 0.00 (versus lvl2)
Training round 84 completed in 2 minutes and 5 seconds.
Expected completion: 03:00 2020-05-17.
Training round 85 stats
Wins 0.52, Ties 0.00, Losses 0.48, Game Length 17.49 moves
Loss p1: 0.208638, Loss p2: 0.212927
Benchmark Stats Training Round 85
W: 0.90, T: 0.00 (versus random)
W: 0.50, T: 0.00 (versus left)
W: 0.84, T: 0.00 (versus lvl1)
W: 0.42, T: 0.03 (versus lvl2)
Training round 85 completed in 2 minutes and 5 seconds.
Expected completion: 03:00 2020-05-17.
Training round 86 stats
Wins 0.55, Ties 0.00, Losses 0.44, Game Length 18.07 moves
Loss p1: 0.203644, Loss p2: 0.198524
Benchmark Stats Training Round 86
W: 0.98, T: 0.00 (versus random)
W: 0.50, T: 0.00 (versus left)
W: 0.89, T: 0.00 (versus lvl1)
W: 0.32, T: 0.05 (versus lvl2)
Training round 86 completed in 2 minutes and 10 seconds.
Expected completion: 03:01 2020-05-17.
Training round 87 stats
Wins 0.56, Ties 0.00, Losses 0.44, Game Length 17.19 moves
Loss p1: 0.206026, Loss p2: 0.207199
Benchmark Stats Training Round 87
W: 0.94, T: 0.00 (versus random)
W: 0.50, T: 0.00 (versus left)
W: 0.84, T: 0.00 (versus lvl1)
W: 0.59, T: 0.00 (versus lvl2)
Training round 87 completed in 2 minutes and 1 seconds.
Expected completion: 02:59 2020-05-17.
Training round 88 stats
Wins 0.59, Ties 0.01, Losses 0.40, Game Length 18.32 moves
Loss p1: 0.198588, Loss p2: 0.212072
Benchmark Stats Training Round 88
W: 0.94, T: 0.00 (versus random)
W: 0.50, T: 0.00 (versus left)
W: 0.90, T: 0.00 (versus lvl1)
W: 0.44, T: 0.00 (versus lvl2)
Training round 88 completed in 2 minutes and 5 seconds.
Expected completion: 03:00 2020-05-17.
Training round 89 stats
Wins 0.49, Ties 0.00, Losses 0.51, Game Length 18.20 moves
Loss p1: 0.213029, Loss p2: 0.207984
Benchmark Stats Training Round 89
W: 0.91, T: 0.01 (versus random)
W: 0.50, T: 0.00 (versus left)
W: 0.86, T: 0.00 (versus lvl1)
W: 0.47, T: 0.00 (versus lvl2)
Training round 89 completed in 2 minutes and 7 seconds.
Expected completion: 03:00 2020-05-17.
Training round 90 stats
Wins 0.56, Ties 0.00, Losses 0.44, Game Length 18.35 moves
Loss p1: 0.208177, Loss p2: 0.207635
Benchmark Stats Training Round 90
W: 0.78, T: 0.00 (versus random)
W: 0.50, T: 0.00 (versus left)
W: 0.64, T: 0.00 (versus lvl1)
W: 0.26, T: 0.01 (versus lvl2)
Training round 90 completed in 2 minutes and 18 seconds.
Expected completion: 03:02 2020-05-17.
Training round 91 stats
Wins 0.55, Ties 0.00, Losses 0.45, Game Length 17.42 moves
Loss p1: 0.216698, Loss p2: 0.218003
Benchmark Stats Training Round 91
W: 0.98, T: 0.00 (versus random)
W: 0.50, T: 0.00 (versus left)
W: 0.89, T: 0.00 (versus lvl1)
W: 0.40, T: 0.00 (versus lvl2)
Training round 91 completed in 2 minutes and 5 seconds.
Expected completion: 03:00 2020-05-17.
Training round 92 stats
Wins 0.51, Ties 0.01, Losses 0.49, Game Length 17.81 moves
Loss p1: 0.210588, Loss p2: 0.211006
Benchmark Stats Training Round 92
W: 0.92, T: 0.00 (versus random)
W: 1.00, T: 0.00 (versus left)
W: 0.93, T: 0.00 (versus lvl1)
W: 0.54, T: 0.01 (versus lvl2)
Training round 92 completed in 2 minutes and 5 seconds.
Expected completion: 03:00 2020-05-17.
Training round 93 stats
Wins 0.56, Ties 0.00, Losses 0.44, Game Length 17.10 moves
Loss p1: 0.203914, Loss p2: 0.206855
Benchmark Stats Training Round 93
W: 0.99, T: 0.00 (versus random)
W: 0.50, T: 0.00 (versus left)
W: 0.80, T: 0.00 (versus lvl1)
W: 0.38, T: 0.01 (versus lvl2)
Training round 93 completed in 1 minutes and 59 seconds.
Expected completion: 02:59 2020-05-17.
Training round 94 stats
Wins 0.56, Ties 0.01, Losses 0.43, Game Length 18.50 moves
Loss p1: 0.211977, Loss p2: 0.201752
Benchmark Stats Training Round 94
W: 0.96, T: 0.00 (versus random)
W: 1.00, T: 0.00 (versus left)
W: 0.88, T: 0.00 (versus lvl1)
W: 0.41, T: 0.00 (versus lvl2)
Training round 94 completed in 2 minutes and 7 seconds.
Expected completion: 03:00 2020-05-17.
Training round 95 stats
Wins 0.49, Ties 0.01, Losses 0.51, Game Length 18.16 moves
Loss p1: 0.205002, Loss p2: 0.215150
Benchmark Stats Training Round 95
W: 0.90, T: 0.00 (versus random)
W: 0.50, T: 0.00 (versus left)
W: 0.73, T: 0.00 (versus lvl1)
W: 0.30, T: 0.00 (versus lvl2)
Training round 95 completed in 2 minutes and 12 seconds.
Expected completion: 03:01 2020-05-17.
Training round 96 stats
Wins 0.61, Ties 0.01, Losses 0.38, Game Length 17.47 moves
Loss p1: 0.196685, Loss p2: 0.201806
Benchmark Stats Training Round 96
W: 0.90, T: 0.00 (versus random)
W: 0.50, T: 0.00 (versus left)
W: 0.93, T: 0.00 (versus lvl1)
W: 0.44, T: 0.01 (versus lvl2)
Training round 96 completed in 2 minutes and 5 seconds.
Expected completion: 03:00 2020-05-17.
Training round 97 stats
Wins 0.55, Ties 0.00, Losses 0.45, Game Length 17.88 moves
Loss p1: 0.213748, Loss p2: 0.206945
Benchmark Stats Training Round 97
W: 0.91, T: 0.00 (versus random)
W: 0.50, T: 0.00 (versus left)
W: 0.77, T: 0.00 (versus lvl1)
W: 0.33, T: 0.01 (versus lvl2)
Training round 97 completed in 2 minutes and 11 seconds.
Expected completion: 03:01 2020-05-17.
Training round 98 stats
Wins 0.52, Ties 0.00, Losses 0.47, Game Length 18.18 moves
Loss p1: 0.207133, Loss p2: 0.212129
Benchmark Stats Training Round 98
W: 0.94, T: 0.00 (versus random)
W: 0.50, T: 0.00 (versus left)
W: 0.74, T: 0.00 (versus lvl1)
W: 0.43, T: 0.00 (versus lvl2)
Training round 98 completed in 2 minutes and 14 seconds.
Expected completion: 03:01 2020-05-17.
Training round 99 stats
Wins 0.43, Ties 0.00, Losses 0.57, Game Length 18.24 moves
Loss p1: 0.210894, Loss p2: 0.213301
Benchmark Stats Training Round 99
W: 0.97, T: 0.00 (versus random)
W: 0.50, T: 0.00 (versus left)
W: 0.87, T: 0.00 (versus lvl1)
W: 0.37, T: 0.00 (versus lvl2)
Training round 99 completed in 2 minutes and 14 seconds.
Expected completion: 03:01 2020-05-17.
Training round 100 stats
Wins 0.57, Ties 0.00, Losses 0.43, Game Length 19.67 moves
Loss p1: 0.209624, Loss p2: 0.216392
Benchmark Stats Training Round 100
W: 0.93, T: 0.00 (versus random)
W: 1.00, T: 0.00 (versus left)
W: 0.85, T: 0.00 (versus lvl1)
W: 0.39, T: 0.01 (versus lvl2)
Training round 100 completed in 2 minutes and 22 seconds.
Expected completion: 03:01 2020-05-17.
