Training Neural Net on Connect 4
  self_play_batch_size: 1000
  benchmark_batch_size: 100
  training_rounds: 100
  memory_size: 1000
  network: A
  exploration: no
  loss: MSE
  encoding: integer
  optimizer: Adam
  experience: yes

Benchmark Stats Training Round 0
W: 0.65, T: 0.01 (versus random)
W: 1.00, T: 0.00 (versus left)
W: 0.58, T: 0.00 (versus lvl1)
W: 0.11, T: 0.02 (versus lvl2)
Training round 1 stats
Wins 0.35, Ties 0.02, Losses 0.63, Game Length 22.92 moves
Loss p1: 0.167026, Loss p2: 0.156404
Benchmark Stats Training Round 1
W: 0.66, T: 0.00 (versus random)
W: 0.00, T: 0.00 (versus left)
W: 0.37, T: 0.00 (versus lvl1)
W: 0.09, T: 0.00 (versus lvl2)
Training round 1 completed in 7 minutes and 39 seconds.
Expected completion: 12:07 2020-05-17.
Training round 2 stats
Wins 0.49, Ties 0.01, Losses 0.50, Game Length 20.11 moves
Loss p1: 0.154251, Loss p2: 0.147530
Benchmark Stats Training Round 2
W: 0.72, T: 0.00 (versus random)
W: 0.50, T: 0.00 (versus left)
W: 0.52, T: 0.00 (versus lvl1)
W: 0.15, T: 0.00 (versus lvl2)
Training round 2 completed in 7 minutes and 14 seconds.
Expected completion: 11:26 2020-05-17.
Training round 3 stats
Wins 0.39, Ties 0.00, Losses 0.61, Game Length 14.41 moves
Loss p1: 0.103164, Loss p2: 0.098948
Benchmark Stats Training Round 3
W: 0.90, T: 0.00 (versus random)
W: 0.50, T: 0.00 (versus left)
W: 0.72, T: 0.00 (versus lvl1)
W: 0.21, T: 0.04 (versus lvl2)
Training round 3 completed in 6 minutes and 1 seconds.
Expected completion: 09:26 2020-05-17.
Training round 4 stats
Wins 0.48, Ties 0.01, Losses 0.52, Game Length 18.60 moves
Loss p1: 0.150418, Loss p2: 0.147657
Benchmark Stats Training Round 4
W: 0.86, T: 0.00 (versus random)
W: 0.50, T: 0.00 (versus left)
W: 0.61, T: 0.00 (versus lvl1)
W: 0.26, T: 0.01 (versus lvl2)
Training round 4 completed in 6 minutes and 55 seconds.
Expected completion: 10:54 2020-05-17.
Training round 5 stats
Wins 0.41, Ties 0.01, Losses 0.57, Game Length 20.27 moves
Loss p1: 0.134517, Loss p2: 0.129145
Benchmark Stats Training Round 5
W: 0.74, T: 0.00 (versus random)
W: 0.50, T: 0.00 (versus left)
W: 0.48, T: 0.00 (versus lvl1)
W: 0.17, T: 0.00 (versus lvl2)
Training round 5 completed in 7 minutes and 16 seconds.
Expected completion: 11:28 2020-05-17.
Training round 6 stats
Wins 0.41, Ties 0.01, Losses 0.58, Game Length 18.07 moves
Loss p1: 0.150920, Loss p2: 0.141471
Benchmark Stats Training Round 6
W: 0.61, T: 0.00 (versus random)
W: 0.50, T: 0.00 (versus left)
W: 0.36, T: 0.00 (versus lvl1)
W: 0.11, T: 0.01 (versus lvl2)
Training round 6 completed in 7 minutes and 6 seconds.
Expected completion: 11:11 2020-05-17.
Training round 7 stats
Wins 0.46, Ties 0.01, Losses 0.54, Game Length 19.24 moves
Loss p1: 0.173971, Loss p2: 0.167496
Benchmark Stats Training Round 7
W: 0.73, T: 0.00 (versus random)
W: 0.50, T: 0.00 (versus left)
W: 0.58, T: 0.00 (versus lvl1)
W: 0.24, T: 0.01 (versus lvl2)
Training round 7 completed in 7 minutes and 9 seconds.
Expected completion: 11:17 2020-05-17.
Training round 8 stats
Wins 0.60, Ties 0.00, Losses 0.39, Game Length 21.93 moves
Loss p1: 0.156559, Loss p2: 0.159542
Benchmark Stats Training Round 8
W: 0.84, T: 0.00 (versus random)
W: 0.50, T: 0.00 (versus left)
W: 0.59, T: 0.00 (versus lvl1)
W: 0.13, T: 0.00 (versus lvl2)
Training round 8 completed in 7 minutes and 40 seconds.
Expected completion: 12:05 2020-05-17.
Training round 9 stats
Wins 0.52, Ties 0.01, Losses 0.48, Game Length 22.22 moves
Loss p1: 0.140002, Loss p2: 0.139250
Benchmark Stats Training Round 9
W: 0.80, T: 0.00 (versus random)
W: 0.00, T: 0.00 (versus left)
W: 0.66, T: 0.00 (versus lvl1)
W: 0.25, T: 0.00 (versus lvl2)
Training round 9 completed in 7 minutes and 47 seconds.
Expected completion: 12:14 2020-05-17.
Training round 10 stats
Wins 0.48, Ties 0.00, Losses 0.51, Game Length 22.58 moves
Loss p1: 0.151442, Loss p2: 0.146918
Benchmark Stats Training Round 10
W: 0.79, T: 0.00 (versus random)
W: 0.50, T: 0.00 (versus left)
W: 0.71, T: 0.00 (versus lvl1)
W: 0.21, T: 0.01 (versus lvl2)
Training round 10 completed in 8 minutes and 7 seconds.
Expected completion: 12:46 2020-05-17.
Training round 11 stats
Wins 0.45, Ties 0.00, Losses 0.54, Game Length 21.09 moves
Loss p1: 0.165933, Loss p2: 0.166160
Benchmark Stats Training Round 11
W: 0.77, T: 0.00 (versus random)
W: 1.00, T: 0.00 (versus left)
W: 0.62, T: 0.00 (versus lvl1)
W: 0.14, T: 0.01 (versus lvl2)
Training round 11 completed in 7 minutes and 30 seconds.
Expected completion: 11:50 2020-05-17.
Training round 12 stats
Wins 0.57, Ties 0.01, Losses 0.42, Game Length 21.34 moves
Loss p1: 0.152180, Loss p2: 0.158318
Benchmark Stats Training Round 12
W: 0.92, T: 0.00 (versus random)
W: 1.00, T: 0.00 (versus left)
W: 0.78, T: 0.00 (versus lvl1)
W: 0.33, T: 0.01 (versus lvl2)
Training round 12 completed in 7 minutes and 31 seconds.
Expected completion: 11:51 2020-05-17.
Training round 13 stats
Wins 0.55, Ties 0.00, Losses 0.45, Game Length 19.71 moves
Loss p1: 0.163006, Loss p2: 0.170389
Benchmark Stats Training Round 13
W: 0.76, T: 0.00 (versus random)
W: 1.00, T: 0.00 (versus left)
W: 0.55, T: 0.00 (versus lvl1)
W: 0.13, T: 0.01 (versus lvl2)
Training round 13 completed in 7 minutes and 14 seconds.
Expected completion: 11:27 2020-05-17.
Training round 14 stats
Wins 0.53, Ties 0.00, Losses 0.46, Game Length 20.49 moves
Loss p1: 0.142983, Loss p2: 0.148667
Benchmark Stats Training Round 14
W: 0.84, T: 0.00 (versus random)
W: 1.00, T: 0.00 (versus left)
W: 0.71, T: 0.00 (versus lvl1)
W: 0.28, T: 0.02 (versus lvl2)
Training round 14 completed in 7 minutes and 19 seconds.
Expected completion: 11:33 2020-05-17.
Training round 15 stats
Wins 0.63, Ties 0.01, Losses 0.36, Game Length 22.47 moves
Loss p1: 0.146457, Loss p2: 0.154295
Benchmark Stats Training Round 15
W: 0.90, T: 0.00 (versus random)
W: 1.00, T: 0.00 (versus left)
W: 0.79, T: 0.00 (versus lvl1)
W: 0.34, T: 0.01 (versus lvl2)
Training round 15 completed in 7 minutes and 44 seconds.
Expected completion: 12:09 2020-05-17.
Training round 16 stats
Wins 0.61, Ties 0.00, Losses 0.39, Game Length 21.02 moves
Loss p1: 0.160658, Loss p2: 0.163648
Benchmark Stats Training Round 16
W: 0.81, T: 0.00 (versus random)
W: 1.00, T: 0.00 (versus left)
W: 0.48, T: 0.00 (versus lvl1)
W: 0.25, T: 0.00 (versus lvl2)
Training round 16 completed in 7 minutes and 27 seconds.
Expected completion: 11:45 2020-05-17.
Training round 17 stats
Wins 0.67, Ties 0.01, Losses 0.33, Game Length 19.84 moves
Loss p1: 0.156161, Loss p2: 0.167455
Benchmark Stats Training Round 17
W: 0.83, T: 0.01 (versus random)
W: 0.00, T: 0.00 (versus left)
W: 0.74, T: 0.00 (versus lvl1)
W: 0.23, T: 0.02 (versus lvl2)
Training round 17 completed in 6 minutes and 59 seconds.
Expected completion: 11:06 2020-05-17.
Training round 18 stats
Wins 0.54, Ties 0.03, Losses 0.43, Game Length 23.02 moves
Loss p1: 0.162747, Loss p2: 0.168617
Benchmark Stats Training Round 18
W: 0.57, T: 0.01 (versus random)
W: 0.50, T: 0.00 (versus left)
W: 0.43, T: 0.00 (versus lvl1)
W: 0.15, T: 0.03 (versus lvl2)
Training round 18 completed in 7 minutes and 60 seconds.
Expected completion: 12:30 2020-05-17.
Training round 19 stats
Wins 0.61, Ties 0.02, Losses 0.37, Game Length 23.52 moves
Loss p1: 0.145571, Loss p2: 0.154898
Benchmark Stats Training Round 19
W: 0.96, T: 0.00 (versus random)
W: 0.50, T: 0.00 (versus left)
W: 0.74, T: 0.00 (versus lvl1)
W: 0.32, T: 0.01 (versus lvl2)
Training round 19 completed in 7 minutes and 35 seconds.
Expected completion: 11:56 2020-05-17.
Training round 20 stats
Wins 0.52, Ties 0.01, Losses 0.47, Game Length 21.03 moves
Loss p1: 0.144183, Loss p2: 0.151238
Benchmark Stats Training Round 20
W: 0.85, T: 0.01 (versus random)
W: 0.50, T: 0.00 (versus left)
W: 0.73, T: 0.00 (versus lvl1)
W: 0.38, T: 0.00 (versus lvl2)
Training round 20 completed in 7 minutes and 30 seconds.
Expected completion: 11:50 2020-05-17.
Training round 21 stats
Wins 0.51, Ties 0.01, Losses 0.47, Game Length 22.71 moves
Loss p1: 0.169114, Loss p2: 0.174066
Benchmark Stats Training Round 21
W: 0.75, T: 0.00 (versus random)
W: 1.00, T: 0.00 (versus left)
W: 0.48, T: 0.00 (versus lvl1)
W: 0.16, T: 0.04 (versus lvl2)
Training round 21 completed in 7 minutes and 51 seconds.
Expected completion: 12:18 2020-05-17.
Training round 22 stats
Wins 0.53, Ties 0.02, Losses 0.45, Game Length 20.92 moves
Loss p1: 0.158032, Loss p2: 0.170428
Benchmark Stats Training Round 22
W: 0.89, T: 0.00 (versus random)
W: 0.50, T: 0.00 (versus left)
W: 0.75, T: 0.00 (versus lvl1)
W: 0.27, T: 0.00 (versus lvl2)
Training round 22 completed in 7 minutes and 27 seconds.
Expected completion: 11:46 2020-05-17.
Training round 23 stats
Wins 0.57, Ties 0.01, Losses 0.42, Game Length 20.39 moves
Loss p1: 0.143471, Loss p2: 0.155019
Benchmark Stats Training Round 23
W: 0.96, T: 0.00 (versus random)
W: 0.50, T: 0.00 (versus left)
W: 0.74, T: 0.00 (versus lvl1)
W: 0.43, T: 0.01 (versus lvl2)
Training round 23 completed in 7 minutes and 13 seconds.
Expected completion: 11:28 2020-05-17.
Training round 24 stats
Wins 0.54, Ties 0.01, Losses 0.45, Game Length 20.05 moves
Loss p1: 0.162432, Loss p2: 0.168862
Benchmark Stats Training Round 24
W: 0.80, T: 0.00 (versus random)
W: 0.00, T: 0.00 (versus left)
W: 0.63, T: 0.00 (versus lvl1)
W: 0.27, T: 0.01 (versus lvl2)
Training round 24 completed in 7 minutes and 25 seconds.
Expected completion: 11:43 2020-05-17.
Training round 25 stats
Wins 0.56, Ties 0.01, Losses 0.43, Game Length 22.50 moves
Loss p1: 0.158199, Loss p2: 0.173758
Benchmark Stats Training Round 25
W: 0.68, T: 0.00 (versus random)
W: 1.00, T: 0.00 (versus left)
W: 0.50, T: 0.00 (versus lvl1)
W: 0.22, T: 0.00 (versus lvl2)
Training round 25 completed in 7 minutes and 41 seconds.
Expected completion: 12:04 2020-05-17.
Training round 26 stats
Wins 0.49, Ties 0.02, Losses 0.49, Game Length 23.53 moves
Loss p1: 0.156835, Loss p2: 0.164050
Benchmark Stats Training Round 26
W: 0.77, T: 0.00 (versus random)
W: 0.00, T: 0.00 (versus left)
W: 0.55, T: 0.00 (versus lvl1)
W: 0.23, T: 0.01 (versus lvl2)
Training round 26 completed in 8 minutes and 14 seconds.
Expected completion: 12:45 2020-05-17.
Training round 27 stats
Wins 0.48, Ties 0.01, Losses 0.51, Game Length 21.21 moves
Loss p1: 0.167412, Loss p2: 0.174516
Benchmark Stats Training Round 27
W: 0.66, T: 0.00 (versus random)
W: 0.50, T: 0.00 (versus left)
W: 0.42, T: 0.00 (versus lvl1)
W: 0.30, T: 0.01 (versus lvl2)
Training round 27 completed in 7 minutes and 36 seconds.
Expected completion: 11:58 2020-05-17.
Training round 28 stats
Wins 0.52, Ties 0.01, Losses 0.47, Game Length 19.89 moves
Loss p1: 0.161901, Loss p2: 0.164526
Benchmark Stats Training Round 28
W: 0.62, T: 0.00 (versus random)
W: 0.50, T: 0.00 (versus left)
W: 0.40, T: 0.00 (versus lvl1)
W: 0.16, T: 0.00 (versus lvl2)
Training round 28 completed in 7 minutes and 18 seconds.
Expected completion: 11:36 2020-05-17.
Training round 29 stats
Wins 0.54, Ties 0.00, Losses 0.46, Game Length 20.59 moves
Loss p1: 0.164238, Loss p2: 0.170589
Benchmark Stats Training Round 29
W: 0.84, T: 0.00 (versus random)
W: 0.50, T: 0.00 (versus left)
W: 0.80, T: 0.00 (versus lvl1)
W: 0.26, T: 0.01 (versus lvl2)
Training round 29 completed in 7 minutes and 14 seconds.
Expected completion: 11:31 2020-05-17.
Training round 30 stats
Wins 0.36, Ties 0.01, Losses 0.63, Game Length 22.49 moves
Loss p1: 0.157077, Loss p2: 0.149054
Benchmark Stats Training Round 30
W: 0.62, T: 0.00 (versus random)
W: 0.50, T: 0.00 (versus left)
W: 0.49, T: 0.00 (versus lvl1)
W: 0.17, T: 0.00 (versus lvl2)
Training round 30 completed in 7 minutes and 37 seconds.
Expected completion: 11:58 2020-05-17.
Training round 31 stats
Wins 0.42, Ties 0.01, Losses 0.57, Game Length 21.09 moves
Loss p1: 0.161337, Loss p2: 0.159667
Benchmark Stats Training Round 31
W: 0.78, T: 0.00 (versus random)
W: 0.50, T: 0.00 (versus left)
W: 0.51, T: 0.00 (versus lvl1)
W: 0.25, T: 0.01 (versus lvl2)
Training round 31 completed in 7 minutes and 31 seconds.
Expected completion: 11:51 2020-05-17.
Training round 32 stats
Wins 0.41, Ties 0.02, Losses 0.57, Game Length 21.31 moves
Loss p1: 0.169286, Loss p2: 0.170420
Benchmark Stats Training Round 32
W: 0.79, T: 0.00 (versus random)
W: 0.50, T: 0.00 (versus left)
W: 0.60, T: 0.00 (versus lvl1)
W: 0.30, T: 0.00 (versus lvl2)
Training round 32 completed in 7 minutes and 30 seconds.
Expected completion: 11:50 2020-05-17.
Training round 33 stats
Wins 0.47, Ties 0.01, Losses 0.52, Game Length 20.54 moves
Loss p1: 0.169239, Loss p2: 0.166976
Benchmark Stats Training Round 33
W: 0.77, T: 0.00 (versus random)
W: 0.00, T: 0.00 (versus left)
W: 0.54, T: 0.00 (versus lvl1)
W: 0.28, T: 0.02 (versus lvl2)
Training round 33 completed in 7 minutes and 23 seconds.
Expected completion: 11:42 2020-05-17.
Training round 34 stats
Wins 0.48, Ties 0.01, Losses 0.52, Game Length 21.59 moves
Loss p1: 0.171925, Loss p2: 0.172688
Benchmark Stats Training Round 34
W: 0.85, T: 0.00 (versus random)
W: 0.50, T: 0.00 (versus left)
W: 0.69, T: 0.00 (versus lvl1)
W: 0.31, T: 0.02 (versus lvl2)
Training round 34 completed in 7 minutes and 30 seconds.
Expected completion: 11:50 2020-05-17.
Training round 35 stats
Wins 0.46, Ties 0.02, Losses 0.52, Game Length 23.53 moves
Loss p1: 0.146596, Loss p2: 0.148656
Benchmark Stats Training Round 35
W: 0.84, T: 0.00 (versus random)
W: 0.50, T: 0.00 (versus left)
W: 0.66, T: 0.00 (versus lvl1)
W: 0.28, T: 0.01 (versus lvl2)
Training round 35 completed in 7 minutes and 43 seconds.
Expected completion: 12:05 2020-05-17.
Training round 36 stats
Wins 0.56, Ties 0.01, Losses 0.43, Game Length 22.87 moves
Loss p1: 0.183053, Loss p2: 0.183514
Benchmark Stats Training Round 36
W: 0.84, T: 0.00 (versus random)
W: 0.50, T: 0.00 (versus left)
W: 0.61, T: 0.00 (versus lvl1)
W: 0.29, T: 0.00 (versus lvl2)
Training round 36 completed in 8 minutes and 16 seconds.
Expected completion: 12:40 2020-05-17.
Training round 37 stats
Wins 0.53, Ties 0.00, Losses 0.47, Game Length 20.41 moves
Loss p1: 0.180586, Loss p2: 0.176958
Benchmark Stats Training Round 37
W: 0.81, T: 0.00 (versus random)
W: 0.00, T: 0.00 (versus left)
W: 0.58, T: 0.00 (versus lvl1)
W: 0.21, T: 0.02 (versus lvl2)
Training round 37 completed in 7 minutes and 26 seconds.
Expected completion: 11:47 2020-05-17.
Training round 38 stats
Wins 0.65, Ties 0.01, Losses 0.34, Game Length 20.94 moves
Loss p1: 0.153548, Loss p2: 0.161871
Benchmark Stats Training Round 38
W: 0.80, T: 0.01 (versus random)
W: 0.00, T: 0.00 (versus left)
W: 0.60, T: 0.00 (versus lvl1)
W: 0.23, T: 0.00 (versus lvl2)
Training round 38 completed in 7 minutes and 39 seconds.
Expected completion: 12:01 2020-05-17.
Training round 39 stats
Wins 0.53, Ties 0.01, Losses 0.46, Game Length 22.72 moves
Loss p1: 0.149175, Loss p2: 0.151357
Benchmark Stats Training Round 39
W: 0.86, T: 0.00 (versus random)
W: 0.50, T: 0.00 (versus left)
W: 0.60, T: 0.00 (versus lvl1)
W: 0.35, T: 0.01 (versus lvl2)
Training round 39 completed in 7 minutes and 52 seconds.
Expected completion: 12:14 2020-05-17.
Training round 40 stats
Wins 0.60, Ties 0.01, Losses 0.39, Game Length 21.56 moves
Loss p1: 0.171888, Loss p2: 0.171363
Benchmark Stats Training Round 40
W: 0.86, T: 0.00 (versus random)
W: 0.00, T: 0.00 (versus left)
W: 0.73, T: 0.00 (versus lvl1)
W: 0.27, T: 0.01 (versus lvl2)
Training round 40 completed in 7 minutes and 22 seconds.
Expected completion: 11:43 2020-05-17.
Training round 41 stats
Wins 0.52, Ties 0.01, Losses 0.47, Game Length 21.63 moves
Loss p1: 0.169464, Loss p2: 0.173380
Benchmark Stats Training Round 41
W: 0.70, T: 0.00 (versus random)
W: 0.00, T: 0.00 (versus left)
W: 0.56, T: 0.00 (versus lvl1)
W: 0.22, T: 0.00 (versus lvl2)
Training round 41 completed in 7 minutes and 33 seconds.
Expected completion: 11:55 2020-05-17.
Training round 42 stats
Wins 0.54, Ties 0.01, Losses 0.44, Game Length 21.93 moves
Loss p1: 0.180534, Loss p2: 0.173050
Benchmark Stats Training Round 42
W: 0.91, T: 0.00 (versus random)
W: 0.50, T: 0.00 (versus left)
W: 0.68, T: 0.00 (versus lvl1)
W: 0.20, T: 0.00 (versus lvl2)
Training round 42 completed in 7 minutes and 18 seconds.
Expected completion: 11:40 2020-05-17.
Training round 43 stats
Wins 0.63, Ties 0.01, Losses 0.36, Game Length 22.08 moves
Loss p1: 0.161551, Loss p2: 0.162105
Benchmark Stats Training Round 43
W: 0.90, T: 0.00 (versus random)
W: 0.50, T: 0.00 (versus left)
W: 0.81, T: 0.00 (versus lvl1)
W: 0.33, T: 0.00 (versus lvl2)
Training round 43 completed in 7 minutes and 48 seconds.
Expected completion: 12:08 2020-05-17.
Training round 44 stats
Wins 0.60, Ties 0.01, Losses 0.39, Game Length 21.97 moves
Loss p1: 0.174559, Loss p2: 0.175226
Benchmark Stats Training Round 44
W: 0.89, T: 0.00 (versus random)
W: 0.50, T: 0.00 (versus left)
W: 0.84, T: 0.00 (versus lvl1)
W: 0.36, T: 0.00 (versus lvl2)
Training round 44 completed in 7 minutes and 35 seconds.
Expected completion: 11:56 2020-05-17.
Training round 45 stats
Wins 0.57, Ties 0.01, Losses 0.42, Game Length 22.61 moves
Loss p1: 0.180002, Loss p2: 0.167191
Benchmark Stats Training Round 45
W: 0.92, T: 0.00 (versus random)
W: 0.50, T: 0.00 (versus left)
W: 0.80, T: 0.00 (versus lvl1)
W: 0.38, T: 0.00 (versus lvl2)
Training round 45 completed in 7 minutes and 59 seconds.
Expected completion: 12:19 2020-05-17.
Training round 46 stats
Wins 0.59, Ties 0.01, Losses 0.40, Game Length 21.52 moves
Loss p1: 0.169755, Loss p2: 0.166002
Benchmark Stats Training Round 46
W: 0.89, T: 0.00 (versus random)
W: 0.50, T: 0.00 (versus left)
W: 0.83, T: 0.00 (versus lvl1)
W: 0.36, T: 0.02 (versus lvl2)
Training round 46 completed in 7 minutes and 9 seconds.
Expected completion: 11:33 2020-05-17.
Training round 47 stats
Wins 0.64, Ties 0.01, Losses 0.35, Game Length 22.54 moves
Loss p1: 0.146435, Loss p2: 0.152852
Benchmark Stats Training Round 47
W: 0.90, T: 0.00 (versus random)
W: 0.50, T: 0.00 (versus left)
W: 0.72, T: 0.00 (versus lvl1)
W: 0.37, T: 0.00 (versus lvl2)
Training round 47 completed in 7 minutes and 29 seconds.
Expected completion: 11:51 2020-05-17.
Training round 48 stats
Wins 0.53, Ties 0.01, Losses 0.46, Game Length 22.24 moves
Loss p1: 0.156429, Loss p2: 0.159943
Benchmark Stats Training Round 48
W: 0.86, T: 0.00 (versus random)
W: 1.00, T: 0.00 (versus left)
W: 0.73, T: 0.00 (versus lvl1)
W: 0.38, T: 0.02 (versus lvl2)
Training round 48 completed in 7 minutes and 34 seconds.
Expected completion: 11:55 2020-05-17.
Training round 49 stats
Wins 0.57, Ties 0.01, Losses 0.42, Game Length 22.18 moves
Loss p1: 0.168429, Loss p2: 0.167701
Benchmark Stats Training Round 49
W: 0.83, T: 0.00 (versus random)
W: 0.00, T: 0.00 (versus left)
W: 0.66, T: 0.00 (versus lvl1)
W: 0.21, T: 0.00 (versus lvl2)
Training round 49 completed in 7 minutes and 38 seconds.
Expected completion: 11:59 2020-05-17.
Training round 50 stats
Wins 0.58, Ties 0.01, Losses 0.40, Game Length 24.05 moves
Loss p1: 0.153488, Loss p2: 0.153592
Benchmark Stats Training Round 50
W: 0.93, T: 0.00 (versus random)
W: 0.50, T: 0.00 (versus left)
W: 0.78, T: 0.00 (versus lvl1)
W: 0.38, T: 0.01 (versus lvl2)
Training round 50 completed in 7 minutes and 22 seconds.
Expected completion: 11:45 2020-05-17.
Training round 51 stats
Wins 0.62, Ties 0.01, Losses 0.37, Game Length 21.55 moves
Loss p1: 0.171970, Loss p2: 0.182591
Benchmark Stats Training Round 51
W: 0.79, T: 0.01 (versus random)
W: 0.50, T: 0.00 (versus left)
W: 0.71, T: 0.00 (versus lvl1)
W: 0.29, T: 0.00 (versus lvl2)
Training round 51 completed in 6 minutes and 59 seconds.
Expected completion: 11:26 2020-05-17.
Training round 52 stats
Wins 0.58, Ties 0.01, Losses 0.41, Game Length 22.09 moves
Loss p1: 0.162014, Loss p2: 0.165797
Benchmark Stats Training Round 52
W: 0.88, T: 0.00 (versus random)
W: 1.00, T: 0.00 (versus left)
W: 0.73, T: 0.00 (versus lvl1)
W: 0.38, T: 0.00 (versus lvl2)
Training round 52 completed in 6 minutes and 60 seconds.
Expected completion: 11:27 2020-05-17.
Training round 53 stats
Wins 0.63, Ties 0.01, Losses 0.36, Game Length 21.49 moves
Loss p1: 0.165923, Loss p2: 0.165156
Benchmark Stats Training Round 53
W: 0.79, T: 0.00 (versus random)
W: 1.00, T: 0.00 (versus left)
W: 0.63, T: 0.00 (versus lvl1)
W: 0.25, T: 0.02 (versus lvl2)
Training round 53 completed in 7 minutes and 1 seconds.
Expected completion: 11:28 2020-05-17.
Training round 54 stats
Wins 0.61, Ties 0.01, Losses 0.38, Game Length 22.15 moves
Loss p1: 0.177239, Loss p2: 0.177401
Benchmark Stats Training Round 54
W: 0.93, T: 0.01 (versus random)
W: 0.50, T: 0.00 (versus left)
W: 0.75, T: 0.00 (versus lvl1)
W: 0.34, T: 0.00 (versus lvl2)
Training round 54 completed in 7 minutes and 3 seconds.
Expected completion: 11:29 2020-05-17.
Training round 55 stats
Wins 0.66, Ties 0.02, Losses 0.32, Game Length 21.75 moves
Loss p1: 0.153915, Loss p2: 0.156868
Benchmark Stats Training Round 55
W: 0.87, T: 0.01 (versus random)
W: 1.00, T: 0.00 (versus left)
W: 0.78, T: 0.00 (versus lvl1)
W: 0.41, T: 0.03 (versus lvl2)
Training round 55 completed in 7 minutes and 1 seconds.
Expected completion: 11:28 2020-05-17.
Training round 56 stats
Wins 0.62, Ties 0.01, Losses 0.37, Game Length 23.88 moves
Loss p1: 0.150441, Loss p2: 0.156958
Benchmark Stats Training Round 56
W: 0.88, T: 0.00 (versus random)
W: 0.50, T: 0.00 (versus left)
W: 0.69, T: 0.00 (versus lvl1)
W: 0.43, T: 0.00 (versus lvl2)
Training round 56 completed in 7 minutes and 24 seconds.
Expected completion: 11:45 2020-05-17.
Training round 57 stats
Wins 0.55, Ties 0.03, Losses 0.42, Game Length 21.11 moves
Loss p1: 0.173898, Loss p2: 0.175737
Benchmark Stats Training Round 57
W: 0.83, T: 0.01 (versus random)
W: 0.50, T: 0.00 (versus left)
W: 0.68, T: 0.00 (versus lvl1)
W: 0.36, T: 0.02 (versus lvl2)
Training round 57 completed in 7 minutes and 7 seconds.
Expected completion: 11:32 2020-05-17.
Training round 58 stats
Wins 0.58, Ties 0.02, Losses 0.40, Game Length 20.57 moves
Loss p1: 0.165935, Loss p2: 0.171646
Benchmark Stats Training Round 58
W: 0.91, T: 0.00 (versus random)
W: 0.50, T: 0.00 (versus left)
W: 0.79, T: 0.00 (versus lvl1)
W: 0.43, T: 0.01 (versus lvl2)
Training round 58 completed in 6 minutes and 40 seconds.
Expected completion: 11:13 2020-05-17.
Training round 59 stats
Wins 0.58, Ties 0.01, Losses 0.41, Game Length 23.02 moves
Loss p1: 0.169049, Loss p2: 0.170189
Benchmark Stats Training Round 59
W: 0.85, T: 0.00 (versus random)
W: 0.50, T: 0.00 (versus left)
W: 0.77, T: 0.00 (versus lvl1)
W: 0.44, T: 0.00 (versus lvl2)
Training round 59 completed in 7 minutes and 14 seconds.
Expected completion: 11:37 2020-05-17.
Training round 60 stats
Wins 0.57, Ties 0.01, Losses 0.42, Game Length 22.00 moves
Loss p1: 0.166598, Loss p2: 0.167668
Benchmark Stats Training Round 60
W: 0.77, T: 0.00 (versus random)
W: 0.50, T: 0.00 (versus left)
W: 0.51, T: 0.00 (versus lvl1)
W: 0.20, T: 0.02 (versus lvl2)
Training round 60 completed in 7 minutes and 11 seconds.
Expected completion: 11:35 2020-05-17.
Training round 61 stats
Wins 0.52, Ties 0.02, Losses 0.46, Game Length 25.04 moves
Loss p1: 0.156489, Loss p2: 0.162808
Benchmark Stats Training Round 61
W: 0.76, T: 0.01 (versus random)
W: 0.00, T: 0.00 (versus left)
W: 0.58, T: 0.00 (versus lvl1)
W: 0.26, T: 0.01 (versus lvl2)
Training round 61 completed in 7 minutes and 33 seconds.
Expected completion: 11:50 2020-05-17.
Training round 62 stats
Wins 0.48, Ties 0.01, Losses 0.51, Game Length 22.98 moves
Loss p1: 0.168433, Loss p2: 0.164266
Benchmark Stats Training Round 62
W: 0.80, T: 0.00 (versus random)
W: 1.00, T: 0.00 (versus left)
W: 0.69, T: 0.00 (versus lvl1)
W: 0.16, T: 0.01 (versus lvl2)
Training round 62 completed in 7 minutes and 19 seconds.
Expected completion: 11:40 2020-05-17.
Training round 63 stats
Wins 0.65, Ties 0.02, Losses 0.33, Game Length 25.28 moves
Loss p1: 0.154421, Loss p2: 0.151458
Benchmark Stats Training Round 63
W: 0.87, T: 0.00 (versus random)
W: 0.50, T: 0.00 (versus left)
W: 0.77, T: 0.01 (versus lvl1)
W: 0.28, T: 0.04 (versus lvl2)
Training round 63 completed in 7 minutes and 38 seconds.
Expected completion: 11:53 2020-05-17.
Training round 64 stats
Wins 0.70, Ties 0.00, Losses 0.30, Game Length 21.00 moves
Loss p1: 0.158907, Loss p2: 0.158620
Benchmark Stats Training Round 64
W: 0.78, T: 0.00 (versus random)
W: 1.00, T: 0.00 (versus left)
W: 0.64, T: 0.00 (versus lvl1)
W: 0.36, T: 0.03 (versus lvl2)
Training round 64 completed in 6 minutes and 48 seconds.
Expected completion: 11:22 2020-05-17.
Training round 65 stats
Wins 0.60, Ties 0.01, Losses 0.39, Game Length 22.24 moves
Loss p1: 0.171755, Loss p2: 0.164319
Benchmark Stats Training Round 65
W: 0.89, T: 0.00 (versus random)
W: 1.00, T: 0.00 (versus left)
W: 0.69, T: 0.00 (versus lvl1)
W: 0.32, T: 0.00 (versus lvl2)
Training round 65 completed in 6 minutes and 53 seconds.
Expected completion: 11:25 2020-05-17.
Training round 66 stats
Wins 0.53, Ties 0.01, Losses 0.46, Game Length 22.01 moves
Loss p1: 0.166269, Loss p2: 0.163563
Benchmark Stats Training Round 66
W: 0.91, T: 0.00 (versus random)
W: 1.00, T: 0.00 (versus left)
W: 0.80, T: 0.00 (versus lvl1)
W: 0.31, T: 0.01 (versus lvl2)
Training round 66 completed in 7 minutes and 11 seconds.
Expected completion: 11:35 2020-05-17.
Training round 67 stats
Wins 0.47, Ties 0.02, Losses 0.51, Game Length 23.70 moves
Loss p1: 0.173269, Loss p2: 0.169756
Benchmark Stats Training Round 67
W: 0.81, T: 0.00 (versus random)
W: 0.50, T: 0.00 (versus left)
W: 0.68, T: 0.00 (versus lvl1)
W: 0.17, T: 0.00 (versus lvl2)
Training round 67 completed in 7 minutes and 35 seconds.
Expected completion: 11:49 2020-05-17.
Training round 68 stats
Wins 0.59, Ties 0.03, Losses 0.38, Game Length 25.95 moves
Loss p1: 0.159615, Loss p2: 0.163722
Benchmark Stats Training Round 68
W: 0.88, T: 0.00 (versus random)
W: 1.00, T: 0.00 (versus left)
W: 0.66, T: 0.00 (versus lvl1)
W: 0.34, T: 0.02 (versus lvl2)
Training round 68 completed in 7 minutes and 27 seconds.
Expected completion: 11:45 2020-05-17.
Training round 69 stats
Wins 0.64, Ties 0.01, Losses 0.36, Game Length 20.11 moves
Loss p1: 0.170793, Loss p2: 0.169974
Benchmark Stats Training Round 69
W: 0.93, T: 0.00 (versus random)
W: 1.00, T: 0.00 (versus left)
W: 0.81, T: 0.00 (versus lvl1)
W: 0.38, T: 0.02 (versus lvl2)
Training round 69 completed in 6 minutes and 37 seconds.
Expected completion: 11:18 2020-05-17.
Training round 70 stats
Wins 0.51, Ties 0.01, Losses 0.48, Game Length 24.37 moves
Loss p1: 0.161812, Loss p2: 0.164033
Benchmark Stats Training Round 70
W: 0.81, T: 0.00 (versus random)
W: 1.00, T: 0.00 (versus left)
W: 0.59, T: 0.00 (versus lvl1)
W: 0.25, T: 0.00 (versus lvl2)
Training round 70 completed in 7 minutes and 32 seconds.
Expected completion: 11:46 2020-05-17.
Training round 71 stats
Wins 0.40, Ties 0.01, Losses 0.60, Game Length 24.18 moves
Loss p1: 0.169363, Loss p2: 0.167270
Benchmark Stats Training Round 71
W: 0.81, T: 0.01 (versus random)
W: 1.00, T: 0.00 (versus left)
W: 0.65, T: 0.00 (versus lvl1)
W: 0.26, T: 0.01 (versus lvl2)
Training round 71 completed in 7 minutes and 36 seconds.
Expected completion: 11:48 2020-05-17.
Training round 72 stats
Wins 0.49, Ties 0.00, Losses 0.50, Game Length 19.28 moves
Loss p1: 0.139232, Loss p2: 0.142631
Benchmark Stats Training Round 72
W: 0.88, T: 0.00 (versus random)
W: 0.50, T: 0.00 (versus left)
W: 0.74, T: 0.00 (versus lvl1)
W: 0.27, T: 0.01 (versus lvl2)
Training round 72 completed in 6 minutes and 37 seconds.
Expected completion: 11:19 2020-05-17.
Training round 73 stats
Wins 0.39, Ties 0.00, Losses 0.61, Game Length 20.95 moves
Loss p1: 0.200291, Loss p2: 0.198673
Benchmark Stats Training Round 73
W: 0.85, T: 0.00 (versus random)
W: 0.50, T: 0.00 (versus left)
W: 0.67, T: 0.00 (versus lvl1)
W: 0.25, T: 0.01 (versus lvl2)
Training round 73 completed in 6 minutes and 60 seconds.
Expected completion: 11:30 2020-05-17.
Training round 74 stats
Wins 0.52, Ties 0.02, Losses 0.46, Game Length 24.06 moves
Loss p1: 0.182610, Loss p2: 0.184148
Benchmark Stats Training Round 74
W: 0.91, T: 0.00 (versus random)
W: 0.50, T: 0.00 (versus left)
W: 0.73, T: 0.00 (versus lvl1)
W: 0.26, T: 0.01 (versus lvl2)
Training round 74 completed in 7 minutes and 20 seconds.
Expected completion: 11:39 2020-05-17.
Training round 75 stats
Wins 0.51, Ties 0.01, Losses 0.48, Game Length 21.72 moves
Loss p1: 0.209251, Loss p2: 0.186271
Benchmark Stats Training Round 75
W: 0.83, T: 0.00 (versus random)
W: 0.00, T: 0.00 (versus left)
W: 0.58, T: 0.00 (versus lvl1)
W: 0.16, T: 0.00 (versus lvl2)
Training round 75 completed in 7 minutes and 7 seconds.
Expected completion: 11:34 2020-05-17.
Training round 76 stats
Wins 0.32, Ties 0.01, Losses 0.67, Game Length 23.60 moves
Loss p1: 0.162392, Loss p2: 0.153440
Benchmark Stats Training Round 76
W: 0.83, T: 0.00 (versus random)
W: 0.00, T: 0.00 (versus left)
W: 0.60, T: 0.00 (versus lvl1)
W: 0.17, T: 0.01 (versus lvl2)
Training round 76 completed in 7 minutes and 32 seconds.
Expected completion: 11:44 2020-05-17.
Training round 77 stats
Wins 0.30, Ties 0.02, Losses 0.68, Game Length 21.80 moves
Loss p1: 0.156486, Loss p2: 0.144094
Benchmark Stats Training Round 77
W: 0.72, T: 0.00 (versus random)
W: 0.50, T: 0.00 (versus left)
W: 0.54, T: 0.00 (versus lvl1)
W: 0.22, T: 0.00 (versus lvl2)
Training round 77 completed in 7 minutes and 11 seconds.
Expected completion: 11:36 2020-05-17.
Training round 78 stats
Wins 0.45, Ties 0.03, Losses 0.52, Game Length 25.88 moves
Loss p1: 0.171798, Loss p2: 0.159839
Benchmark Stats Training Round 78
W: 0.66, T: 0.00 (versus random)
W: 1.00, T: 0.00 (versus left)
W: 0.42, T: 0.00 (versus lvl1)
W: 0.11, T: 0.01 (versus lvl2)
Training round 78 completed in 7 minutes and 55 seconds.
Expected completion: 11:53 2020-05-17.
Training round 79 stats
Wins 0.50, Ties 0.01, Losses 0.48, Game Length 22.90 moves
Loss p1: 0.191083, Loss p2: 0.179772
Benchmark Stats Training Round 79
W: 0.87, T: 0.00 (versus random)
W: 0.50, T: 0.00 (versus left)
W: 0.79, T: 0.00 (versus lvl1)
W: 0.38, T: 0.02 (versus lvl2)
Training round 79 completed in 7 minutes and 9 seconds.
Expected completion: 11:36 2020-05-17.
Training round 80 stats
Wins 0.54, Ties 0.01, Losses 0.45, Game Length 21.94 moves
Loss p1: 0.173532, Loss p2: 0.172102
Benchmark Stats Training Round 80
W: 0.73, T: 0.00 (versus random)
W: 0.50, T: 0.00 (versus left)
W: 0.50, T: 0.00 (versus lvl1)
W: 0.20, T: 0.00 (versus lvl2)
Training round 80 completed in 7 minutes and 17 seconds.
Expected completion: 11:39 2020-05-17.
Training round 81 stats
Wins 0.32, Ties 0.01, Losses 0.66, Game Length 25.17 moves
Loss p1: 0.168164, Loss p2: 0.166764
Benchmark Stats Training Round 81
W: 0.73, T: 0.00 (versus random)
W: 0.50, T: 0.00 (versus left)
W: 0.49, T: 0.00 (versus lvl1)
W: 0.29, T: 0.01 (versus lvl2)
Training round 81 completed in 7 minutes and 44 seconds.
Expected completion: 11:47 2020-05-17.
Training round 82 stats
Wins 0.36, Ties 0.01, Losses 0.62, Game Length 23.94 moves
Loss p1: 0.191300, Loss p2: 0.179384
Benchmark Stats Training Round 82
W: 0.82, T: 0.00 (versus random)
W: 0.50, T: 0.00 (versus left)
W: 0.61, T: 0.00 (versus lvl1)
W: 0.30, T: 0.01 (versus lvl2)
Training round 82 completed in 7 minutes and 22 seconds.
Expected completion: 11:41 2020-05-17.
Training round 83 stats
Wins 0.49, Ties 0.01, Losses 0.50, Game Length 20.89 moves
Loss p1: 0.216870, Loss p2: 0.205645
Benchmark Stats Training Round 83
W: 0.73, T: 0.00 (versus random)
W: 0.50, T: 0.00 (versus left)
W: 0.37, T: 0.00 (versus lvl1)
W: 0.07, T: 0.01 (versus lvl2)
Training round 83 completed in 6 minutes and 54 seconds.
Expected completion: 11:32 2020-05-17.
Training round 84 stats
Wins 0.48, Ties 0.01, Losses 0.51, Game Length 22.62 moves
Loss p1: 0.213004, Loss p2: 0.197660
Benchmark Stats Training Round 84
W: 0.82, T: 0.00 (versus random)
W: 0.00, T: 0.00 (versus left)
W: 0.57, T: 0.00 (versus lvl1)
W: 0.20, T: 0.01 (versus lvl2)
Training round 84 completed in 7 minutes and 16 seconds.
Expected completion: 11:38 2020-05-17.
Training round 85 stats
Wins 0.44, Ties 0.01, Losses 0.55, Game Length 18.62 moves
Loss p1: 0.212759, Loss p2: 0.191531
Benchmark Stats Training Round 85
W: 0.71, T: 0.00 (versus random)
W: 0.50, T: 0.00 (versus left)
W: 0.63, T: 0.00 (versus lvl1)
W: 0.22, T: 0.00 (versus lvl2)
Training round 85 completed in 6 minutes and 34 seconds.
Expected completion: 11:27 2020-05-17.
Training round 86 stats
Wins 0.40, Ties 0.02, Losses 0.58, Game Length 21.70 moves
Loss p1: 0.202289, Loss p2: 0.184537
Benchmark Stats Training Round 86
W: 0.62, T: 0.01 (versus random)
W: 0.00, T: 0.00 (versus left)
W: 0.57, T: 0.00 (versus lvl1)
W: 0.17, T: 0.00 (versus lvl2)
Training round 86 completed in 6 minutes and 51 seconds.
Expected completion: 11:31 2020-05-17.
Training round 87 stats
Wins 0.47, Ties 0.01, Losses 0.53, Game Length 20.45 moves
Loss p1: 0.240150, Loss p2: 0.218564
Benchmark Stats Training Round 87
W: 0.84, T: 0.00 (versus random)
W: 0.00, T: 0.00 (versus left)
W: 0.68, T: 0.00 (versus lvl1)
W: 0.21, T: 0.01 (versus lvl2)
Training round 87 completed in 7 minutes and 32 seconds.
Expected completion: 11:41 2020-05-17.
Training round 88 stats
Wins 0.56, Ties 0.01, Losses 0.43, Game Length 20.22 moves
Loss p1: 0.239588, Loss p2: 0.211417
Benchmark Stats Training Round 88
W: 0.69, T: 0.00 (versus random)
W: 0.50, T: 0.00 (versus left)
W: 0.58, T: 0.00 (versus lvl1)
W: 0.16, T: 0.03 (versus lvl2)
Training round 88 completed in 7 minutes and 25 seconds.
Expected completion: 11:39 2020-05-17.
Training round 89 stats
Wins 0.40, Ties 0.01, Losses 0.59, Game Length 22.37 moves
Loss p1: 0.179980, Loss p2: 0.157506
Benchmark Stats Training Round 89
W: 0.69, T: 0.00 (versus random)
W: 0.00, T: 0.00 (versus left)
W: 0.54, T: 0.00 (versus lvl1)
W: 0.19, T: 0.02 (versus lvl2)
Training round 89 completed in 7 minutes and 50 seconds.
Expected completion: 11:44 2020-05-17.
Training round 90 stats
Wins 0.47, Ties 0.01, Losses 0.53, Game Length 20.72 moves
Loss p1: 0.204255, Loss p2: 0.185203
Benchmark Stats Training Round 90
W: 0.82, T: 0.00 (versus random)
W: 0.00, T: 0.00 (versus left)
W: 0.57, T: 0.00 (versus lvl1)
W: 0.33, T: 0.00 (versus lvl2)
Training round 90 completed in 7 minutes and 36 seconds.
Expected completion: 11:42 2020-05-17.
Training round 91 stats
Wins 0.61, Ties 0.00, Losses 0.39, Game Length 19.80 moves
Loss p1: 0.214201, Loss p2: 0.207498
Benchmark Stats Training Round 91
W: 0.87, T: 0.00 (versus random)
W: 0.00, T: 0.00 (versus left)
W: 0.71, T: 0.00 (versus lvl1)
W: 0.26, T: 0.03 (versus lvl2)
Training round 91 completed in 7 minutes and 22 seconds.
Expected completion: 11:40 2020-05-17.
Training round 92 stats
Wins 0.59, Ties 0.00, Losses 0.41, Game Length 20.62 moves
Loss p1: 0.196691, Loss p2: 0.202193
Benchmark Stats Training Round 92
W: 0.86, T: 0.00 (versus random)
W: 0.50, T: 0.00 (versus left)
W: 0.56, T: 0.00 (versus lvl1)
W: 0.24, T: 0.01 (versus lvl2)
Training round 92 completed in 7 minutes and 13 seconds.
Expected completion: 11:38 2020-05-17.
Training round 93 stats
Wins 0.42, Ties 0.01, Losses 0.57, Game Length 22.77 moves
Loss p1: 0.214211, Loss p2: 0.195644
Benchmark Stats Training Round 93
W: 0.75, T: 0.01 (versus random)
W: 0.00, T: 0.00 (versus left)
W: 0.49, T: 0.00 (versus lvl1)
W: 0.17, T: 0.00 (versus lvl2)
Training round 93 completed in 7 minutes and 37 seconds.
Expected completion: 11:41 2020-05-17.
Training round 94 stats
Wins 0.48, Ties 0.02, Losses 0.50, Game Length 21.27 moves
Loss p1: 0.221026, Loss p2: 0.210648
Benchmark Stats Training Round 94
W: 0.83, T: 0.00 (versus random)
W: 0.00, T: 0.00 (versus left)
W: 0.51, T: 0.00 (versus lvl1)
W: 0.18, T: 0.01 (versus lvl2)
Training round 94 completed in 7 minutes and 29 seconds.
Expected completion: 11:41 2020-05-17.
Training round 95 stats
Wins 0.46, Ties 0.02, Losses 0.52, Game Length 26.25 moves
Loss p1: 0.202303, Loss p2: 0.196813
Benchmark Stats Training Round 95
W: 0.79, T: 0.01 (versus random)
W: 1.00, T: 0.00 (versus left)
W: 0.64, T: 0.00 (versus lvl1)
W: 0.32, T: 0.02 (versus lvl2)
Training round 95 completed in 8 minutes and 32 seconds.
Expected completion: 11:47 2020-05-17.
Training round 96 stats
Wins 0.35, Ties 0.02, Losses 0.63, Game Length 24.07 moves
Loss p1: 0.175138, Loss p2: 0.169124
Benchmark Stats Training Round 96
W: 0.83, T: 0.00 (versus random)
W: 0.50, T: 0.00 (versus left)
W: 0.56, T: 0.00 (versus lvl1)
W: 0.26, T: 0.01 (versus lvl2)
Training round 96 completed in 8 minutes and 2 seconds.
Expected completion: 11:44 2020-05-17.
Training round 97 stats
Wins 0.55, Ties 0.02, Losses 0.43, Game Length 25.75 moves
Loss p1: 0.189253, Loss p2: 0.178803
Benchmark Stats Training Round 97
W: 0.81, T: 0.00 (versus random)
W: 0.00, T: 0.00 (versus left)
W: 0.69, T: 0.01 (versus lvl1)
W: 0.36, T: 0.00 (versus lvl2)
Training round 97 completed in 8 minutes and 33 seconds.
Expected completion: 11:46 2020-05-17.
Training round 98 stats
Wins 0.58, Ties 0.01, Losses 0.40, Game Length 26.08 moves
Loss p1: 0.187956, Loss p2: 0.181576
Benchmark Stats Training Round 98
W: 0.77, T: 0.01 (versus random)
W: 0.50, T: 0.00 (versus left)
W: 0.47, T: 0.00 (versus lvl1)
W: 0.24, T: 0.01 (versus lvl2)
Training round 98 completed in 8 minutes and 21 seconds.
Expected completion: 11:46 2020-05-17.
Training round 99 stats
Wins 0.50, Ties 0.02, Losses 0.48, Game Length 24.69 moves
Loss p1: 0.197066, Loss p2: 0.197008
Benchmark Stats Training Round 99
W: 0.83, T: 0.01 (versus random)
W: 0.50, T: 0.00 (versus left)
W: 0.62, T: 0.00 (versus lvl1)
W: 0.30, T: 0.01 (versus lvl2)
Training round 99 completed in 8 minutes and 9 seconds.
Expected completion: 11:45 2020-05-17.
Training round 100 stats
Wins 0.55, Ties 0.01, Losses 0.45, Game Length 21.43 moves
Loss p1: 0.190982, Loss p2: 0.186453
Benchmark Stats Training Round 100
W: 0.83, T: 0.01 (versus random)
W: 0.00, T: 0.00 (versus left)
W: 0.57, T: 0.00 (versus lvl1)
W: 0.22, T: 0.02 (versus lvl2)
Training round 100 completed in 7 minutes and 38 seconds.
Expected completion: 11:45 2020-05-17.
