Training Neural Net on Connect 4
  self_play_batch_size: 1000
  benchmark_batch_size: 100
  training_rounds: 100
  memory_size: 1000
  network: A
  exploration: no
  loss: MSE
  encoding: integer
  optimizer: Adam
  experience: yes

Benchmark Stats Training Round 0
W: 0.51, T: 0.01 (versus random)
W: 0.50, T: 0.00 (versus left)
W: 0.29, T: 0.00 (versus lvl1)
W: 0.14, T: 0.01 (versus lvl2)
Training round 1 stats
Wins 0.47, Ties 0.00, Losses 0.53, Game Length 21.40 moves
Loss p1: 0.112456, Loss p2: 0.110174
Benchmark Stats Training Round 1
W: 0.66, T: 0.00 (versus random)
W: 0.50, T: 0.00 (versus left)
W: 0.51, T: 0.00 (versus lvl1)
W: 0.10, T: 0.00 (versus lvl2)
Training round 1 completed in 4 minutes and 14 seconds.
Expected completion: 21:53 2020-05-16.
Training round 2 stats
Wins 0.47, Ties 0.01, Losses 0.51, Game Length 19.41 moves
Loss p1: 0.148028, Loss p2: 0.144998
Benchmark Stats Training Round 2
W: 0.78, T: 0.00 (versus random)
W: 0.50, T: 0.00 (versus left)
W: 0.71, T: 0.00 (versus lvl1)
W: 0.28, T: 0.00 (versus lvl2)
Training round 2 completed in 3 minutes and 50 seconds.
Expected completion: 21:12 2020-05-16.
Training round 3 stats
Wins 0.44, Ties 0.00, Losses 0.56, Game Length 19.92 moves
Loss p1: 0.153701, Loss p2: 0.152271
Benchmark Stats Training Round 3
W: 0.73, T: 0.00 (versus random)
W: 0.50, T: 0.00 (versus left)
W: 0.55, T: 0.00 (versus lvl1)
W: 0.12, T: 0.00 (versus lvl2)
Training round 3 completed in 4 minutes and 2 seconds.
Expected completion: 21:33 2020-05-16.
Training round 4 stats
Wins 0.53, Ties 0.01, Losses 0.46, Game Length 19.87 moves
Loss p1: 0.166059, Loss p2: 0.165492
Benchmark Stats Training Round 4
W: 0.80, T: 0.00 (versus random)
W: 0.50, T: 0.00 (versus left)
W: 0.65, T: 0.00 (versus lvl1)
W: 0.28, T: 0.00 (versus lvl2)
Training round 4 completed in 3 minutes and 59 seconds.
Expected completion: 21:28 2020-05-16.
Training round 5 stats
Wins 0.42, Ties 0.02, Losses 0.57, Game Length 22.47 moves
Loss p1: 0.152578, Loss p2: 0.148512
Benchmark Stats Training Round 5
W: 0.70, T: 0.02 (versus random)
W: 0.50, T: 0.00 (versus left)
W: 0.54, T: 0.00 (versus lvl1)
W: 0.13, T: 0.00 (versus lvl2)
Training round 5 completed in 4 minutes and 13 seconds.
Expected completion: 21:50 2020-05-16.
Training round 6 stats
Wins 0.54, Ties 0.00, Losses 0.45, Game Length 17.09 moves
Loss p1: 0.091814, Loss p2: 0.097213
Benchmark Stats Training Round 6
W: 0.73, T: 0.00 (versus random)
W: 0.50, T: 0.00 (versus left)
W: 0.55, T: 0.00 (versus lvl1)
W: 0.11, T: 0.00 (versus lvl2)
Training round 6 completed in 3 minutes and 32 seconds.
Expected completion: 20:45 2020-05-16.
Training round 7 stats
Wins 0.63, Ties 0.00, Losses 0.37, Game Length 16.52 moves
Loss p1: 0.106072, Loss p2: 0.108238
Benchmark Stats Training Round 7
W: 0.74, T: 0.00 (versus random)
W: 0.50, T: 0.00 (versus left)
W: 0.64, T: 0.00 (versus lvl1)
W: 0.17, T: 0.01 (versus lvl2)
Training round 7 completed in 3 minutes and 38 seconds.
Expected completion: 20:54 2020-05-16.
Training round 8 stats
Wins 0.45, Ties 0.01, Losses 0.54, Game Length 20.55 moves
Loss p1: 0.154616, Loss p2: 0.170219
Benchmark Stats Training Round 8
W: 0.73, T: 0.00 (versus random)
W: 0.50, T: 0.00 (versus left)
W: 0.52, T: 0.00 (versus lvl1)
W: 0.14, T: 0.03 (versus lvl2)
Training round 8 completed in 4 minutes and 9 seconds.
Expected completion: 21:43 2020-05-16.
Training round 9 stats
Wins 0.52, Ties 0.01, Losses 0.47, Game Length 20.88 moves
Loss p1: 0.152527, Loss p2: 0.159042
Benchmark Stats Training Round 9
W: 0.78, T: 0.00 (versus random)
W: 0.00, T: 0.00 (versus left)
W: 0.65, T: 0.00 (versus lvl1)
W: 0.27, T: 0.00 (versus lvl2)
Training round 9 completed in 4 minutes and 13 seconds.
Expected completion: 21:48 2020-05-16.
Training round 10 stats
Wins 0.50, Ties 0.00, Losses 0.50, Game Length 18.26 moves
Loss p1: 0.159605, Loss p2: 0.165470
Benchmark Stats Training Round 10
W: 0.81, T: 0.00 (versus random)
W: 0.50, T: 0.00 (versus left)
W: 0.63, T: 0.00 (versus lvl1)
W: 0.19, T: 0.00 (versus lvl2)
Training round 10 completed in 3 minutes and 52 seconds.
Expected completion: 21:17 2020-05-16.
Training round 11 stats
Wins 0.53, Ties 0.01, Losses 0.47, Game Length 19.77 moves
Loss p1: 0.145135, Loss p2: 0.153974
Benchmark Stats Training Round 11
W: 0.78, T: 0.00 (versus random)
W: 0.00, T: 0.00 (versus left)
W: 0.63, T: 0.00 (versus lvl1)
W: 0.11, T: 0.00 (versus lvl2)
Training round 11 completed in 4 minutes and 6 seconds.
Expected completion: 21:38 2020-05-16.
Training round 12 stats
Wins 0.58, Ties 0.01, Losses 0.41, Game Length 19.64 moves
Loss p1: 0.149679, Loss p2: 0.159600
Benchmark Stats Training Round 12
W: 0.76, T: 0.00 (versus random)
W: 0.00, T: 0.00 (versus left)
W: 0.66, T: 0.00 (versus lvl1)
W: 0.16, T: 0.00 (versus lvl2)
Training round 12 completed in 4 minutes and 4 seconds.
Expected completion: 21:35 2020-05-16.
Training round 13 stats
Wins 0.47, Ties 0.00, Losses 0.52, Game Length 19.25 moves
Loss p1: 0.149548, Loss p2: 0.157078
Benchmark Stats Training Round 13
W: 0.80, T: 0.00 (versus random)
W: 0.50, T: 0.00 (versus left)
W: 0.56, T: 0.00 (versus lvl1)
W: 0.21, T: 0.00 (versus lvl2)
Training round 13 completed in 4 minutes and 2 seconds.
Expected completion: 21:32 2020-05-16.
Training round 14 stats
Wins 0.49, Ties 0.00, Losses 0.51, Game Length 18.12 moves
Loss p1: 0.157108, Loss p2: 0.164625
Benchmark Stats Training Round 14
W: 0.76, T: 0.02 (versus random)
W: 1.00, T: 0.00 (versus left)
W: 0.53, T: 0.00 (versus lvl1)
W: 0.07, T: 0.00 (versus lvl2)
Training round 14 completed in 3 minutes and 51 seconds.
Expected completion: 21:16 2020-05-16.
Training round 15 stats
Wins 0.58, Ties 0.00, Losses 0.42, Game Length 19.27 moves
Loss p1: 0.139361, Loss p2: 0.147641
Benchmark Stats Training Round 15
W: 0.76, T: 0.00 (versus random)
W: 0.50, T: 0.00 (versus left)
W: 0.64, T: 0.00 (versus lvl1)
W: 0.23, T: 0.00 (versus lvl2)
Training round 15 completed in 3 minutes and 53 seconds.
Expected completion: 21:18 2020-05-16.
Training round 16 stats
Wins 0.45, Ties 0.00, Losses 0.55, Game Length 20.09 moves
Loss p1: 0.157607, Loss p2: 0.157554
Benchmark Stats Training Round 16
W: 0.73, T: 0.00 (versus random)
W: 0.50, T: 0.00 (versus left)
W: 0.63, T: 0.00 (versus lvl1)
W: 0.17, T: 0.00 (versus lvl2)
Training round 16 completed in 4 minutes and 7 seconds.
Expected completion: 21:39 2020-05-16.
Training round 17 stats
Wins 0.51, Ties 0.01, Losses 0.48, Game Length 20.09 moves
Loss p1: 0.158570, Loss p2: 0.166595
Benchmark Stats Training Round 17
W: 0.81, T: 0.00 (versus random)
W: 0.50, T: 0.00 (versus left)
W: 0.66, T: 0.00 (versus lvl1)
W: 0.16, T: 0.03 (versus lvl2)
Training round 17 completed in 4 minutes and 2 seconds.
Expected completion: 21:32 2020-05-16.
Training round 18 stats
Wins 0.51, Ties 0.00, Losses 0.49, Game Length 21.54 moves
Loss p1: 0.139979, Loss p2: 0.145873
Benchmark Stats Training Round 18
W: 0.82, T: 0.00 (versus random)
W: 0.50, T: 0.00 (versus left)
W: 0.63, T: 0.00 (versus lvl1)
W: 0.09, T: 0.00 (versus lvl2)
Training round 18 completed in 4 minutes and 17 seconds.
Expected completion: 21:52 2020-05-16.
Training round 19 stats
Wins 0.53, Ties 0.00, Losses 0.47, Game Length 19.48 moves
Loss p1: 0.147531, Loss p2: 0.154661
Benchmark Stats Training Round 19
W: 0.81, T: 0.00 (versus random)
W: 0.00, T: 0.00 (versus left)
W: 0.60, T: 0.00 (versus lvl1)
W: 0.29, T: 0.01 (versus lvl2)
Training round 19 completed in 4 minutes and 3 seconds.
Expected completion: 21:33 2020-05-16.
Training round 20 stats
Wins 0.53, Ties 0.00, Losses 0.47, Game Length 19.51 moves
Loss p1: 0.150536, Loss p2: 0.155499
Benchmark Stats Training Round 20
W: 0.66, T: 0.01 (versus random)
W: 0.50, T: 0.00 (versus left)
W: 0.50, T: 0.00 (versus lvl1)
W: 0.10, T: 0.00 (versus lvl2)
Training round 20 completed in 4 minutes and 1 seconds.
Expected completion: 21:31 2020-05-16.
Training round 21 stats
Wins 0.54, Ties 0.01, Losses 0.46, Game Length 20.50 moves
Loss p1: 0.142570, Loss p2: 0.145473
Benchmark Stats Training Round 21
W: 0.75, T: 0.00 (versus random)
W: 0.50, T: 0.00 (versus left)
W: 0.53, T: 0.00 (versus lvl1)
W: 0.16, T: 0.00 (versus lvl2)
Training round 21 completed in 4 minutes and 5 seconds.
Expected completion: 21:36 2020-05-16.
Training round 22 stats
Wins 0.44, Ties 0.00, Losses 0.56, Game Length 21.43 moves
Loss p1: 0.144491, Loss p2: 0.145699
Benchmark Stats Training Round 22
W: 0.70, T: 0.00 (versus random)
W: 0.00, T: 0.00 (versus left)
W: 0.42, T: 0.00 (versus lvl1)
W: 0.12, T: 0.00 (versus lvl2)
Training round 22 completed in 4 minutes and 16 seconds.
Expected completion: 21:51 2020-05-16.
Training round 23 stats
Wins 0.49, Ties 0.02, Losses 0.49, Game Length 21.13 moves
Loss p1: 0.150386, Loss p2: 0.148230
Benchmark Stats Training Round 23
W: 0.70, T: 0.00 (versus random)
W: 0.00, T: 0.00 (versus left)
W: 0.48, T: 0.01 (versus lvl1)
W: 0.10, T: 0.02 (versus lvl2)
Training round 23 completed in 4 minutes and 9 seconds.
Expected completion: 21:42 2020-05-16.
Training round 24 stats
Wins 0.52, Ties 0.00, Losses 0.48, Game Length 22.10 moves
Loss p1: 0.137569, Loss p2: 0.151887
Benchmark Stats Training Round 24
W: 0.79, T: 0.00 (versus random)
W: 0.50, T: 0.00 (versus left)
W: 0.67, T: 0.00 (versus lvl1)
W: 0.19, T: 0.01 (versus lvl2)
Training round 24 completed in 4 minutes and 17 seconds.
Expected completion: 21:52 2020-05-16.
Training round 25 stats
Wins 0.34, Ties 0.00, Losses 0.66, Game Length 20.14 moves
Loss p1: 0.157262, Loss p2: 0.159005
Benchmark Stats Training Round 25
W: 0.70, T: 0.01 (versus random)
W: 0.50, T: 0.00 (versus left)
W: 0.37, T: 0.00 (versus lvl1)
W: 0.09, T: 0.01 (versus lvl2)
Training round 25 completed in 4 minutes and 10 seconds.
Expected completion: 21:42 2020-05-16.
Training round 26 stats
Wins 0.50, Ties 0.00, Losses 0.49, Game Length 22.05 moves
Loss p1: 0.147215, Loss p2: 0.153243
Benchmark Stats Training Round 26
W: 0.75, T: 0.00 (versus random)
W: 1.00, T: 0.00 (versus left)
W: 0.54, T: 0.00 (versus lvl1)
W: 0.11, T: 0.01 (versus lvl2)
Training round 26 completed in 4 minutes and 26 seconds.
Expected completion: 22:03 2020-05-16.
Training round 27 stats
Wins 0.52, Ties 0.01, Losses 0.47, Game Length 19.73 moves
Loss p1: 0.150855, Loss p2: 0.152699
Benchmark Stats Training Round 27
W: 0.78, T: 0.00 (versus random)
W: 0.00, T: 0.00 (versus left)
W: 0.68, T: 0.00 (versus lvl1)
W: 0.23, T: 0.00 (versus lvl2)
Training round 27 completed in 4 minutes and 2 seconds.
Expected completion: 21:33 2020-05-16.
Training round 28 stats
Wins 0.44, Ties 0.01, Losses 0.55, Game Length 21.34 moves
Loss p1: 0.167102, Loss p2: 0.168001
Benchmark Stats Training Round 28
W: 0.78, T: 0.00 (versus random)
W: 1.00, T: 0.00 (versus left)
W: 0.51, T: 0.00 (versus lvl1)
W: 0.20, T: 0.00 (versus lvl2)
Training round 28 completed in 4 minutes and 21 seconds.
Expected completion: 21:56 2020-05-16.
Training round 29 stats
Wins 0.50, Ties 0.01, Losses 0.50, Game Length 22.39 moves
Loss p1: 0.158005, Loss p2: 0.162791
Benchmark Stats Training Round 29
W: 0.68, T: 0.01 (versus random)
W: 1.00, T: 0.00 (versus left)
W: 0.66, T: 0.00 (versus lvl1)
W: 0.21, T: 0.00 (versus lvl2)
Training round 29 completed in 4 minutes and 24 seconds.
Expected completion: 22:00 2020-05-16.
Training round 30 stats
Wins 0.46, Ties 0.02, Losses 0.52, Game Length 23.80 moves
Loss p1: 0.152144, Loss p2: 0.153823
Benchmark Stats Training Round 30
W: 0.75, T: 0.00 (versus random)
W: 0.00, T: 0.00 (versus left)
W: 0.74, T: 0.00 (versus lvl1)
W: 0.23, T: 0.00 (versus lvl2)
Training round 30 completed in 4 minutes and 31 seconds.
Expected completion: 22:08 2020-05-16.
Training round 31 stats
Wins 0.46, Ties 0.01, Losses 0.54, Game Length 21.40 moves
Loss p1: 0.163755, Loss p2: 0.172711
Benchmark Stats Training Round 31
W: 0.69, T: 0.00 (versus random)
W: 0.50, T: 0.00 (versus left)
W: 0.59, T: 0.00 (versus lvl1)
W: 0.21, T: 0.01 (versus lvl2)
Training round 31 completed in 4 minutes and 23 seconds.
Expected completion: 21:59 2020-05-16.
Training round 32 stats
Wins 0.43, Ties 0.01, Losses 0.56, Game Length 21.93 moves
Loss p1: 0.161742, Loss p2: 0.160144
Benchmark Stats Training Round 32
W: 0.85, T: 0.00 (versus random)
W: 0.50, T: 0.00 (versus left)
W: 0.62, T: 0.00 (versus lvl1)
W: 0.14, T: 0.01 (versus lvl2)
Training round 32 completed in 4 minutes and 22 seconds.
Expected completion: 21:57 2020-05-16.
Training round 33 stats
Wins 0.41, Ties 0.01, Losses 0.58, Game Length 22.38 moves
Loss p1: 0.167066, Loss p2: 0.164139
Benchmark Stats Training Round 33
W: 0.71, T: 0.03 (versus random)
W: 0.50, T: 0.00 (versus left)
W: 0.54, T: 0.00 (versus lvl1)
W: 0.18, T: 0.00 (versus lvl2)
Training round 33 completed in 4 minutes and 29 seconds.
Expected completion: 22:05 2020-05-16.
Training round 34 stats
Wins 0.45, Ties 0.01, Losses 0.54, Game Length 21.41 moves
Loss p1: 0.165025, Loss p2: 0.163739
Benchmark Stats Training Round 34
W: 0.76, T: 0.00 (versus random)
W: 0.50, T: 0.00 (versus left)
W: 0.63, T: 0.00 (versus lvl1)
W: 0.15, T: 0.01 (versus lvl2)
Training round 34 completed in 4 minutes and 19 seconds.
Expected completion: 21:54 2020-05-16.
Training round 35 stats
Wins 0.36, Ties 0.01, Losses 0.63, Game Length 20.05 moves
Loss p1: 0.147661, Loss p2: 0.143830
Benchmark Stats Training Round 35
W: 0.79, T: 0.00 (versus random)
W: 0.50, T: 0.00 (versus left)
W: 0.72, T: 0.00 (versus lvl1)
W: 0.38, T: 0.00 (versus lvl2)
Training round 35 completed in 4 minutes and 3 seconds.
Expected completion: 21:36 2020-05-16.
Training round 36 stats
Wins 0.50, Ties 0.01, Losses 0.49, Game Length 21.54 moves
Loss p1: 0.160734, Loss p2: 0.169611
Benchmark Stats Training Round 36
W: 0.77, T: 0.00 (versus random)
W: 0.50, T: 0.00 (versus left)
W: 0.72, T: 0.00 (versus lvl1)
W: 0.29, T: 0.01 (versus lvl2)
Training round 36 completed in 4 minutes and 11 seconds.
Expected completion: 21:45 2020-05-16.
Training round 37 stats
Wins 0.61, Ties 0.01, Losses 0.38, Game Length 23.28 moves
Loss p1: 0.157886, Loss p2: 0.165442
Benchmark Stats Training Round 37
W: 0.64, T: 0.01 (versus random)
W: 0.50, T: 0.00 (versus left)
W: 0.58, T: 0.00 (versus lvl1)
W: 0.19, T: 0.03 (versus lvl2)
Training round 37 completed in 4 minutes and 29 seconds.
Expected completion: 22:05 2020-05-16.
Training round 38 stats
Wins 0.43, Ties 0.01, Losses 0.55, Game Length 21.85 moves
Loss p1: 0.165038, Loss p2: 0.168514
Benchmark Stats Training Round 38
W: 0.69, T: 0.01 (versus random)
W: 0.00, T: 0.00 (versus left)
W: 0.49, T: 0.00 (versus lvl1)
W: 0.11, T: 0.00 (versus lvl2)
Training round 38 completed in 4 minutes and 17 seconds.
Expected completion: 21:52 2020-05-16.
Training round 39 stats
Wins 0.44, Ties 0.01, Losses 0.55, Game Length 21.49 moves
Loss p1: 0.165919, Loss p2: 0.154281
Benchmark Stats Training Round 39
W: 0.74, T: 0.00 (versus random)
W: 0.00, T: 0.00 (versus left)
W: 0.56, T: 0.00 (versus lvl1)
W: 0.20, T: 0.00 (versus lvl2)
Training round 39 completed in 4 minutes and 13 seconds.
Expected completion: 21:48 2020-05-16.
Training round 40 stats
Wins 0.49, Ties 0.01, Losses 0.50, Game Length 19.77 moves
Loss p1: 0.201415, Loss p2: 0.192281
Benchmark Stats Training Round 40
W: 0.85, T: 0.00 (versus random)
W: 0.50, T: 0.00 (versus left)
W: 0.70, T: 0.00 (versus lvl1)
W: 0.07, T: 0.00 (versus lvl2)
Training round 40 completed in 3 minutes and 59 seconds.
Expected completion: 21:34 2020-05-16.
Training round 41 stats
Wins 0.57, Ties 0.01, Losses 0.43, Game Length 19.81 moves
Loss p1: 0.170092, Loss p2: 0.172248
Benchmark Stats Training Round 41
W: 0.83, T: 0.00 (versus random)
W: 0.50, T: 0.00 (versus left)
W: 0.79, T: 0.00 (versus lvl1)
W: 0.30, T: 0.01 (versus lvl2)
Training round 41 completed in 3 minutes and 57 seconds.
Expected completion: 21:31 2020-05-16.
Training round 42 stats
Wins 0.60, Ties 0.01, Losses 0.39, Game Length 19.66 moves
Loss p1: 0.164581, Loss p2: 0.166563
Benchmark Stats Training Round 42
W: 0.84, T: 0.00 (versus random)
W: 0.00, T: 0.00 (versus left)
W: 0.64, T: 0.00 (versus lvl1)
W: 0.23, T: 0.00 (versus lvl2)
Training round 42 completed in 4 minutes and 3 seconds.
Expected completion: 21:38 2020-05-16.
Training round 43 stats
Wins 0.52, Ties 0.00, Losses 0.48, Game Length 20.43 moves
Loss p1: 0.167564, Loss p2: 0.170209
Benchmark Stats Training Round 43
W: 0.82, T: 0.00 (versus random)
W: 1.00, T: 0.00 (versus left)
W: 0.64, T: 0.00 (versus lvl1)
W: 0.21, T: 0.01 (versus lvl2)
Training round 43 completed in 4 minutes and 10 seconds.
Expected completion: 21:45 2020-05-16.
Training round 44 stats
Wins 0.58, Ties 0.01, Losses 0.41, Game Length 21.25 moves
Loss p1: 0.179556, Loss p2: 0.185255
Benchmark Stats Training Round 44
W: 0.77, T: 0.00 (versus random)
W: 1.00, T: 0.00 (versus left)
W: 0.61, T: 0.00 (versus lvl1)
W: 0.28, T: 0.01 (versus lvl2)
Training round 44 completed in 4 minutes and 23 seconds.
Expected completion: 21:57 2020-05-16.
Training round 45 stats
Wins 0.66, Ties 0.01, Losses 0.33, Game Length 23.00 moves
Loss p1: 0.155183, Loss p2: 0.158792
Benchmark Stats Training Round 45
W: 0.93, T: 0.00 (versus random)
W: 0.50, T: 0.00 (versus left)
W: 0.79, T: 0.00 (versus lvl1)
W: 0.34, T: 0.03 (versus lvl2)
Training round 45 completed in 4 minutes and 29 seconds.
Expected completion: 22:03 2020-05-16.
Training round 46 stats
Wins 0.53, Ties 0.00, Losses 0.47, Game Length 20.88 moves
Loss p1: 0.156059, Loss p2: 0.160400
Benchmark Stats Training Round 46
W: 0.75, T: 0.00 (versus random)
W: 1.00, T: 0.00 (versus left)
W: 0.50, T: 0.00 (versus lvl1)
W: 0.20, T: 0.02 (versus lvl2)
Training round 46 completed in 4 minutes and 18 seconds.
Expected completion: 21:52 2020-05-16.
Training round 47 stats
Wins 0.51, Ties 0.01, Losses 0.48, Game Length 20.25 moves
Loss p1: 0.164510, Loss p2: 0.167462
Benchmark Stats Training Round 47
W: 0.77, T: 0.01 (versus random)
W: 1.00, T: 0.00 (versus left)
W: 0.43, T: 0.00 (versus lvl1)
W: 0.15, T: 0.00 (versus lvl2)
Training round 47 completed in 4 minutes and 8 seconds.
Expected completion: 21:43 2020-05-16.
Training round 48 stats
Wins 0.55, Ties 0.01, Losses 0.44, Game Length 20.68 moves
Loss p1: 0.169409, Loss p2: 0.170232
Benchmark Stats Training Round 48
W: 0.83, T: 0.00 (versus random)
W: 0.50, T: 0.00 (versus left)
W: 0.67, T: 0.00 (versus lvl1)
W: 0.21, T: 0.00 (versus lvl2)
Training round 48 completed in 4 minutes and 8 seconds.
Expected completion: 21:43 2020-05-16.
Training round 49 stats
Wins 0.58, Ties 0.00, Losses 0.41, Game Length 20.49 moves
Loss p1: 0.169686, Loss p2: 0.162741
Benchmark Stats Training Round 49
W: 0.84, T: 0.01 (versus random)
W: 1.00, T: 0.00 (versus left)
W: 0.63, T: 0.00 (versus lvl1)
W: 0.23, T: 0.00 (versus lvl2)
Training round 49 completed in 4 minutes and 14 seconds.
Expected completion: 21:49 2020-05-16.
Training round 50 stats
Wins 0.62, Ties 0.01, Losses 0.37, Game Length 20.34 moves
Loss p1: 0.173309, Loss p2: 0.171159
Benchmark Stats Training Round 50
W: 0.86, T: 0.00 (versus random)
W: 1.00, T: 0.00 (versus left)
W: 0.73, T: 0.00 (versus lvl1)
W: 0.26, T: 0.00 (versus lvl2)
Training round 50 completed in 4 minutes and 7 seconds.
Expected completion: 21:43 2020-05-16.
Training round 51 stats
Wins 0.55, Ties 0.01, Losses 0.45, Game Length 20.58 moves
Loss p1: 0.176399, Loss p2: 0.169719
Benchmark Stats Training Round 51
W: 0.88, T: 0.00 (versus random)
W: 1.00, T: 0.00 (versus left)
W: 0.79, T: 0.00 (versus lvl1)
W: 0.27, T: 0.00 (versus lvl2)
Training round 51 completed in 4 minutes and 11 seconds.
Expected completion: 21:46 2020-05-16.
Training round 52 stats
Wins 0.60, Ties 0.00, Losses 0.39, Game Length 21.22 moves
Loss p1: 0.177882, Loss p2: 0.183894
Benchmark Stats Training Round 52
W: 0.83, T: 0.00 (versus random)
W: 1.00, T: 0.00 (versus left)
W: 0.68, T: 0.00 (versus lvl1)
W: 0.31, T: 0.02 (versus lvl2)
Training round 52 completed in 4 minutes and 11 seconds.
Expected completion: 21:45 2020-05-16.
Training round 53 stats
Wins 0.55, Ties 0.01, Losses 0.45, Game Length 19.77 moves
Loss p1: 0.190658, Loss p2: 0.196936
Benchmark Stats Training Round 53
W: 0.84, T: 0.00 (versus random)
W: 0.50, T: 0.00 (versus left)
W: 0.69, T: 0.00 (versus lvl1)
W: 0.13, T: 0.01 (versus lvl2)
Training round 53 completed in 4 minutes and 2 seconds.
Expected completion: 21:38 2020-05-16.
Training round 54 stats
Wins 0.56, Ties 0.01, Losses 0.43, Game Length 21.70 moves
Loss p1: 0.168965, Loss p2: 0.161952
Benchmark Stats Training Round 54
W: 0.85, T: 0.00 (versus random)
W: 1.00, T: 0.00 (versus left)
W: 0.74, T: 0.00 (versus lvl1)
W: 0.25, T: 0.00 (versus lvl2)
Training round 54 completed in 4 minutes and 17 seconds.
Expected completion: 21:51 2020-05-16.
Training round 55 stats
Wins 0.56, Ties 0.00, Losses 0.44, Game Length 19.61 moves
Loss p1: 0.188191, Loss p2: 0.191889
Benchmark Stats Training Round 55
W: 0.82, T: 0.00 (versus random)
W: 1.00, T: 0.00 (versus left)
W: 0.69, T: 0.00 (versus lvl1)
W: 0.23, T: 0.00 (versus lvl2)
Training round 55 completed in 4 minutes and 5 seconds.
Expected completion: 21:42 2020-05-16.
Training round 56 stats
Wins 0.57, Ties 0.00, Losses 0.43, Game Length 20.43 moves
Loss p1: 0.187622, Loss p2: 0.195357
Benchmark Stats Training Round 56
W: 0.85, T: 0.00 (versus random)
W: 1.00, T: 0.00 (versus left)
W: 0.68, T: 0.00 (versus lvl1)
W: 0.28, T: 0.00 (versus lvl2)
Training round 56 completed in 4 minutes and 6 seconds.
Expected completion: 21:42 2020-05-16.
Training round 57 stats
Wins 0.56, Ties 0.01, Losses 0.43, Game Length 20.93 moves
Loss p1: 0.179169, Loss p2: 0.181135
Benchmark Stats Training Round 57
W: 0.86, T: 0.00 (versus random)
W: 1.00, T: 0.00 (versus left)
W: 0.72, T: 0.00 (versus lvl1)
W: 0.23, T: 0.00 (versus lvl2)
Training round 57 completed in 4 minutes and 12 seconds.
Expected completion: 21:46 2020-05-16.
Training round 58 stats
Wins 0.62, Ties 0.01, Losses 0.37, Game Length 20.32 moves
Loss p1: 0.158456, Loss p2: 0.162075
Benchmark Stats Training Round 58
W: 0.80, T: 0.01 (versus random)
W: 1.00, T: 0.00 (versus left)
W: 0.64, T: 0.00 (versus lvl1)
W: 0.25, T: 0.01 (versus lvl2)
Training round 58 completed in 4 minutes and 7 seconds.
Expected completion: 21:43 2020-05-16.
Training round 59 stats
Wins 0.58, Ties 0.01, Losses 0.41, Game Length 20.96 moves
Loss p1: 0.168018, Loss p2: 0.169396
Benchmark Stats Training Round 59
W: 0.77, T: 0.00 (versus random)
W: 1.00, T: 0.00 (versus left)
W: 0.68, T: 0.00 (versus lvl1)
W: 0.24, T: 0.00 (versus lvl2)
Training round 59 completed in 4 minutes and 16 seconds.
Expected completion: 21:49 2020-05-16.
Training round 60 stats
Wins 0.43, Ties 0.00, Losses 0.57, Game Length 22.80 moves
Loss p1: 0.175341, Loss p2: 0.175443
Benchmark Stats Training Round 60
W: 0.73, T: 0.02 (versus random)
W: 0.50, T: 0.00 (versus left)
W: 0.51, T: 0.00 (versus lvl1)
W: 0.11, T: 0.01 (versus lvl2)
Training round 60 completed in 4 minutes and 28 seconds.
Expected completion: 21:57 2020-05-16.
Training round 61 stats
Wins 0.39, Ties 0.00, Losses 0.61, Game Length 21.89 moves
Loss p1: 0.170665, Loss p2: 0.160175
Benchmark Stats Training Round 61
W: 0.81, T: 0.00 (versus random)
W: 0.50, T: 0.00 (versus left)
W: 0.59, T: 0.00 (versus lvl1)
W: 0.21, T: 0.00 (versus lvl2)
Training round 61 completed in 4 minutes and 20 seconds.
Expected completion: 21:52 2020-05-16.
Training round 62 stats
Wins 0.53, Ties 0.01, Losses 0.47, Game Length 21.60 moves
Loss p1: 0.172816, Loss p2: 0.172747
Benchmark Stats Training Round 62
W: 0.80, T: 0.00 (versus random)
W: 0.50, T: 0.00 (versus left)
W: 0.64, T: 0.00 (versus lvl1)
W: 0.34, T: 0.00 (versus lvl2)
Training round 62 completed in 4 minutes and 16 seconds.
Expected completion: 21:49 2020-05-16.
Training round 63 stats
Wins 0.53, Ties 0.01, Losses 0.47, Game Length 22.22 moves
Loss p1: 0.176814, Loss p2: 0.172321
Benchmark Stats Training Round 63
W: 0.74, T: 0.00 (versus random)
W: 0.50, T: 0.00 (versus left)
W: 0.53, T: 0.00 (versus lvl1)
W: 0.21, T: 0.00 (versus lvl2)
Training round 63 completed in 4 minutes and 31 seconds.
Expected completion: 21:59 2020-05-16.
Training round 64 stats
Wins 0.52, Ties 0.01, Losses 0.47, Game Length 20.84 moves
Loss p1: 0.178127, Loss p2: 0.174163
Benchmark Stats Training Round 64
W: 0.77, T: 0.01 (versus random)
W: 0.50, T: 0.00 (versus left)
W: 0.65, T: 0.00 (versus lvl1)
W: 0.21, T: 0.01 (versus lvl2)
Training round 64 completed in 4 minutes and 10 seconds.
Expected completion: 21:46 2020-05-16.
Training round 65 stats
Wins 0.50, Ties 0.02, Losses 0.48, Game Length 22.75 moves
Loss p1: 0.181153, Loss p2: 0.180605
Benchmark Stats Training Round 65
W: 0.76, T: 0.01 (versus random)
W: 0.00, T: 0.00 (versus left)
W: 0.52, T: 0.00 (versus lvl1)
W: 0.19, T: 0.02 (versus lvl2)
Training round 65 completed in 4 minutes and 31 seconds.
Expected completion: 21:59 2020-05-16.
Training round 66 stats
Wins 0.52, Ties 0.00, Losses 0.47, Game Length 23.14 moves
Loss p1: 0.176628, Loss p2: 0.175558
Benchmark Stats Training Round 66
W: 0.77, T: 0.00 (versus random)
W: 0.50, T: 0.00 (versus left)
W: 0.46, T: 0.00 (versus lvl1)
W: 0.08, T: 0.00 (versus lvl2)
Training round 66 completed in 4 minutes and 33 seconds.
Expected completion: 22:00 2020-05-16.
Training round 67 stats
Wins 0.60, Ties 0.01, Losses 0.40, Game Length 19.46 moves
Loss p1: 0.192020, Loss p2: 0.185462
Benchmark Stats Training Round 67
W: 0.77, T: 0.00 (versus random)
W: 0.00, T: 0.00 (versus left)
W: 0.64, T: 0.00 (versus lvl1)
W: 0.24, T: 0.02 (versus lvl2)
Training round 67 completed in 4 minutes and 2 seconds.
Expected completion: 21:42 2020-05-16.
Training round 68 stats
Wins 0.55, Ties 0.01, Losses 0.44, Game Length 21.54 moves
Loss p1: 0.175007, Loss p2: 0.173290
Benchmark Stats Training Round 68
W: 0.86, T: 0.00 (versus random)
W: 0.50, T: 0.00 (versus left)
W: 0.65, T: 0.00 (versus lvl1)
W: 0.22, T: 0.00 (versus lvl2)
Training round 68 completed in 4 minutes and 18 seconds.
Expected completion: 21:51 2020-05-16.
Training round 69 stats
Wins 0.47, Ties 0.01, Losses 0.52, Game Length 21.03 moves
Loss p1: 0.189988, Loss p2: 0.189443
Benchmark Stats Training Round 69
W: 0.81, T: 0.00 (versus random)
W: 1.00, T: 0.00 (versus left)
W: 0.54, T: 0.00 (versus lvl1)
W: 0.10, T: 0.01 (versus lvl2)
Training round 69 completed in 4 minutes and 22 seconds.
Expected completion: 21:53 2020-05-16.
Training round 70 stats
Wins 0.45, Ties 0.00, Losses 0.55, Game Length 20.57 moves
Loss p1: 0.198055, Loss p2: 0.197356
Benchmark Stats Training Round 70
W: 0.94, T: 0.00 (versus random)
W: 1.00, T: 0.00 (versus left)
W: 0.69, T: 0.01 (versus lvl1)
W: 0.30, T: 0.02 (versus lvl2)
Training round 70 completed in 4 minutes and 13 seconds.
Expected completion: 21:48 2020-05-16.
Training round 71 stats
Wins 0.63, Ties 0.00, Losses 0.37, Game Length 20.35 moves
Loss p1: 0.180332, Loss p2: 0.179619
Benchmark Stats Training Round 71
W: 0.86, T: 0.00 (versus random)
W: 1.00, T: 0.00 (versus left)
W: 0.76, T: 0.00 (versus lvl1)
W: 0.23, T: 0.00 (versus lvl2)
Training round 71 completed in 4 minutes and 10 seconds.
Expected completion: 21:47 2020-05-16.
Training round 72 stats
Wins 0.56, Ties 0.01, Losses 0.43, Game Length 22.49 moves
Loss p1: 0.184912, Loss p2: 0.183873
Benchmark Stats Training Round 72
W: 0.86, T: 0.00 (versus random)
W: 0.50, T: 0.00 (versus left)
W: 0.70, T: 0.00 (versus lvl1)
W: 0.19, T: 0.01 (versus lvl2)
Training round 72 completed in 4 minutes and 25 seconds.
Expected completion: 21:54 2020-05-16.
Training round 73 stats
Wins 0.65, Ties 0.01, Losses 0.34, Game Length 20.76 moves
Loss p1: 0.174994, Loss p2: 0.186782
Benchmark Stats Training Round 73
W: 0.89, T: 0.01 (versus random)
W: 0.50, T: 0.00 (versus left)
W: 0.69, T: 0.00 (versus lvl1)
W: 0.27, T: 0.02 (versus lvl2)
Training round 73 completed in 4 minutes and 10 seconds.
Expected completion: 21:47 2020-05-16.
Training round 74 stats
Wins 0.49, Ties 0.00, Losses 0.51, Game Length 21.68 moves
Loss p1: 0.189261, Loss p2: 0.201717
Benchmark Stats Training Round 74
W: 0.91, T: 0.00 (versus random)
W: 0.50, T: 0.00 (versus left)
W: 0.75, T: 0.00 (versus lvl1)
W: 0.32, T: 0.02 (versus lvl2)
Training round 74 completed in 4 minutes and 19 seconds.
Expected completion: 21:51 2020-05-16.
Training round 75 stats
Wins 0.61, Ties 0.01, Losses 0.38, Game Length 21.09 moves
Loss p1: 0.163402, Loss p2: 0.160732
Benchmark Stats Training Round 75
W: 0.88, T: 0.00 (versus random)
W: 0.50, T: 0.00 (versus left)
W: 0.63, T: 0.00 (versus lvl1)
W: 0.24, T: 0.02 (versus lvl2)
Training round 75 completed in 4 minutes and 10 seconds.
Expected completion: 21:47 2020-05-16.
Training round 76 stats
Wins 0.52, Ties 0.02, Losses 0.47, Game Length 23.67 moves
Loss p1: 0.170731, Loss p2: 0.179980
Benchmark Stats Training Round 76
W: 0.84, T: 0.01 (versus random)
W: 0.50, T: 0.00 (versus left)
W: 0.80, T: 0.00 (versus lvl1)
W: 0.39, T: 0.01 (versus lvl2)
Training round 76 completed in 4 minutes and 33 seconds.
Expected completion: 21:57 2020-05-16.
Training round 77 stats
Wins 0.56, Ties 0.01, Losses 0.43, Game Length 20.29 moves
Loss p1: 0.168556, Loss p2: 0.176568
Benchmark Stats Training Round 77
W: 0.88, T: 0.00 (versus random)
W: 0.50, T: 0.00 (versus left)
W: 0.76, T: 0.00 (versus lvl1)
W: 0.44, T: 0.01 (versus lvl2)
Training round 77 completed in 4 minutes and 6 seconds.
Expected completion: 21:46 2020-05-16.
Training round 78 stats
Wins 0.46, Ties 0.01, Losses 0.54, Game Length 22.31 moves
Loss p1: 0.194884, Loss p2: 0.185392
Benchmark Stats Training Round 78
W: 0.82, T: 0.00 (versus random)
W: 0.50, T: 0.00 (versus left)
W: 0.74, T: 0.00 (versus lvl1)
W: 0.27, T: 0.00 (versus lvl2)
Training round 78 completed in 4 minutes and 25 seconds.
Expected completion: 21:53 2020-05-16.
Training round 79 stats
Wins 0.53, Ties 0.01, Losses 0.47, Game Length 20.63 moves
Loss p1: 0.198614, Loss p2: 0.189416
Benchmark Stats Training Round 79
W: 0.84, T: 0.00 (versus random)
W: 0.50, T: 0.00 (versus left)
W: 0.49, T: 0.00 (versus lvl1)
W: 0.22, T: 0.01 (versus lvl2)
Training round 79 completed in 4 minutes and 14 seconds.
Expected completion: 21:49 2020-05-16.
Training round 80 stats
Wins 0.49, Ties 0.01, Losses 0.49, Game Length 21.73 moves
Loss p1: 0.188845, Loss p2: 0.188439
Benchmark Stats Training Round 80
W: 0.91, T: 0.00 (versus random)
W: 0.00, T: 0.00 (versus left)
W: 0.66, T: 0.00 (versus lvl1)
W: 0.26, T: 0.00 (versus lvl2)
Training round 80 completed in 4 minutes and 23 seconds.
Expected completion: 21:53 2020-05-16.
Training round 81 stats
Wins 0.56, Ties 0.01, Losses 0.43, Game Length 21.06 moves
Loss p1: 0.196567, Loss p2: 0.194028
Benchmark Stats Training Round 81
W: 0.77, T: 0.00 (versus random)
W: 0.00, T: 0.00 (versus left)
W: 0.62, T: 0.00 (versus lvl1)
W: 0.22, T: 0.00 (versus lvl2)
Training round 81 completed in 4 minutes and 20 seconds.
Expected completion: 21:51 2020-05-16.
Training round 82 stats
Wins 0.47, Ties 0.01, Losses 0.52, Game Length 22.81 moves
Loss p1: 0.186561, Loss p2: 0.186542
Benchmark Stats Training Round 82
W: 0.83, T: 0.00 (versus random)
W: 0.50, T: 0.00 (versus left)
W: 0.60, T: 0.01 (versus lvl1)
W: 0.14, T: 0.02 (versus lvl2)
Training round 82 completed in 4 minutes and 29 seconds.
Expected completion: 21:54 2020-05-16.
Training round 83 stats
Wins 0.53, Ties 0.01, Losses 0.46, Game Length 21.48 moves
Loss p1: 0.187036, Loss p2: 0.190930
Benchmark Stats Training Round 83
W: 0.79, T: 0.00 (versus random)
W: 1.00, T: 0.00 (versus left)
W: 0.59, T: 0.00 (versus lvl1)
W: 0.25, T: 0.00 (versus lvl2)
Training round 83 completed in 4 minutes and 25 seconds.
Expected completion: 21:53 2020-05-16.
Training round 84 stats
Wins 0.49, Ties 0.00, Losses 0.51, Game Length 19.99 moves
Loss p1: 0.159570, Loss p2: 0.163848
Benchmark Stats Training Round 84
W: 0.74, T: 0.00 (versus random)
W: 1.00, T: 0.00 (versus left)
W: 0.71, T: 0.01 (versus lvl1)
W: 0.20, T: 0.00 (versus lvl2)
Training round 84 completed in 4 minutes and 12 seconds.
Expected completion: 21:50 2020-05-16.
Training round 85 stats
Wins 0.42, Ties 0.01, Losses 0.57, Game Length 22.50 moves
Loss p1: 0.181005, Loss p2: 0.191111
Benchmark Stats Training Round 85
W: 0.95, T: 0.00 (versus random)
W: 1.00, T: 0.00 (versus left)
W: 0.74, T: 0.00 (versus lvl1)
W: 0.39, T: 0.00 (versus lvl2)
Training round 85 completed in 4 minutes and 27 seconds.
Expected completion: 21:53 2020-05-16.
Training round 86 stats
Wins 0.38, Ties 0.03, Losses 0.59, Game Length 24.96 moves
Loss p1: 0.176949, Loss p2: 0.182431
Benchmark Stats Training Round 86
W: 0.82, T: 0.01 (versus random)
W: 0.00, T: 0.00 (versus left)
W: 0.66, T: 0.00 (versus lvl1)
W: 0.18, T: 0.00 (versus lvl2)
Training round 86 completed in 4 minutes and 45 seconds.
Expected completion: 21:58 2020-05-16.
Training round 87 stats
Wins 0.47, Ties 0.02, Losses 0.51, Game Length 25.52 moves
Loss p1: 0.171802, Loss p2: 0.182585
Benchmark Stats Training Round 87
W: 0.87, T: 0.00 (versus random)
W: 0.50, T: 0.00 (versus left)
W: 0.57, T: 0.00 (versus lvl1)
W: 0.21, T: 0.03 (versus lvl2)
Training round 87 completed in 4 minutes and 43 seconds.
Expected completion: 21:57 2020-05-16.
Training round 88 stats
Wins 0.47, Ties 0.04, Losses 0.49, Game Length 26.60 moves
Loss p1: 0.181377, Loss p2: 0.194214
Benchmark Stats Training Round 88
W: 0.80, T: 0.00 (versus random)
W: 0.00, T: 0.00 (versus left)
W: 0.61, T: 0.00 (versus lvl1)
W: 0.22, T: 0.00 (versus lvl2)
Training round 88 completed in 4 minutes and 51 seconds.
Expected completion: 21:59 2020-05-16.
Training round 89 stats
Wins 0.50, Ties 0.04, Losses 0.47, Game Length 20.92 moves
Loss p1: 0.191565, Loss p2: 0.200756
Benchmark Stats Training Round 89
W: 0.89, T: 0.00 (versus random)
W: 0.50, T: 0.00 (versus left)
W: 0.81, T: 0.00 (versus lvl1)
W: 0.41, T: 0.01 (versus lvl2)
Training round 89 completed in 4 minutes and 10 seconds.
Expected completion: 21:51 2020-05-16.
Training round 90 stats
Wins 0.60, Ties 0.02, Losses 0.37, Game Length 22.64 moves
Loss p1: 0.122844, Loss p2: 0.131824
Benchmark Stats Training Round 90
W: 0.76, T: 0.00 (versus random)
W: 0.50, T: 0.00 (versus left)
W: 0.61, T: 0.00 (versus lvl1)
W: 0.28, T: 0.01 (versus lvl2)
Training round 90 completed in 4 minutes and 30 seconds.
Expected completion: 21:55 2020-05-16.
Training round 91 stats
Wins 0.43, Ties 0.03, Losses 0.53, Game Length 24.32 moves
Loss p1: 0.186529, Loss p2: 0.188397
Benchmark Stats Training Round 91
W: 0.68, T: 0.00 (versus random)
W: 0.00, T: 0.00 (versus left)
W: 0.55, T: 0.00 (versus lvl1)
W: 0.28, T: 0.00 (versus lvl2)
Training round 91 completed in 4 minutes and 47 seconds.
Expected completion: 21:57 2020-05-16.
Training round 92 stats
Wins 0.42, Ties 0.02, Losses 0.56, Game Length 22.80 moves
Loss p1: 0.176934, Loss p2: 0.167979
Benchmark Stats Training Round 92
W: 0.75, T: 0.00 (versus random)
W: 0.50, T: 0.00 (versus left)
W: 0.49, T: 0.00 (versus lvl1)
W: 0.15, T: 0.02 (versus lvl2)
Training round 92 completed in 4 minutes and 36 seconds.
Expected completion: 21:56 2020-05-16.
Training round 93 stats
Wins 0.43, Ties 0.05, Losses 0.52, Game Length 26.77 moves
Loss p1: 0.186418, Loss p2: 0.175621
Benchmark Stats Training Round 93
W: 0.65, T: 0.01 (versus random)
W: 0.00, T: 0.00 (versus left)
W: 0.45, T: 0.00 (versus lvl1)
W: 0.12, T: 0.02 (versus lvl2)
Training round 93 completed in 4 minutes and 58 seconds.
Expected completion: 21:59 2020-05-16.
Training round 94 stats
Wins 0.39, Ties 0.03, Losses 0.57, Game Length 23.93 moves
Loss p1: 0.184358, Loss p2: 0.175871
Benchmark Stats Training Round 94
W: 0.76, T: 0.01 (versus random)
W: 0.50, T: 0.00 (versus left)
W: 0.65, T: 0.00 (versus lvl1)
W: 0.21, T: 0.01 (versus lvl2)
Training round 94 completed in 4 minutes and 32 seconds.
Expected completion: 21:56 2020-05-16.
Training round 95 stats
Wins 0.47, Ties 0.02, Losses 0.51, Game Length 23.70 moves
Loss p1: 0.202603, Loss p2: 0.195487
Benchmark Stats Training Round 95
W: 0.81, T: 0.02 (versus random)
W: 0.50, T: 0.00 (versus left)
W: 0.53, T: 0.00 (versus lvl1)
W: 0.18, T: 0.03 (versus lvl2)
Training round 95 completed in 4 minutes and 43 seconds.
Expected completion: 21:57 2020-05-16.
Training round 96 stats
Wins 0.66, Ties 0.03, Losses 0.31, Game Length 22.95 moves
Loss p1: 0.159230, Loss p2: 0.160639
Benchmark Stats Training Round 96
W: 0.68, T: 0.00 (versus random)
W: 0.50, T: 0.00 (versus left)
W: 0.44, T: 0.00 (versus lvl1)
W: 0.12, T: 0.00 (versus lvl2)
Training round 96 completed in 4 minutes and 23 seconds.
Expected completion: 21:55 2020-05-16.
Training round 97 stats
Wins 0.65, Ties 0.01, Losses 0.34, Game Length 20.63 moves
Loss p1: 0.172009, Loss p2: 0.178306
Benchmark Stats Training Round 97
W: 0.83, T: 0.00 (versus random)
W: 0.00, T: 0.00 (versus left)
W: 0.65, T: 0.00 (versus lvl1)
W: 0.21, T: 0.03 (versus lvl2)
Training round 97 completed in 4 minutes and 14 seconds.
Expected completion: 21:55 2020-05-16.
Training round 98 stats
Wins 0.66, Ties 0.01, Losses 0.32, Game Length 24.49 moves
Loss p1: 0.192052, Loss p2: 0.198086
Benchmark Stats Training Round 98
W: 0.85, T: 0.00 (versus random)
W: 0.50, T: 0.00 (versus left)
W: 0.69, T: 0.00 (versus lvl1)
W: 0.25, T: 0.01 (versus lvl2)
Training round 98 completed in 4 minutes and 42 seconds.
Expected completion: 21:56 2020-05-16.
Training round 99 stats
Wins 0.59, Ties 0.01, Losses 0.40, Game Length 22.82 moves
Loss p1: 0.182203, Loss p2: 0.193234
Benchmark Stats Training Round 99
W: 0.79, T: 0.02 (versus random)
W: 0.00, T: 0.00 (versus left)
W: 0.63, T: 0.00 (versus lvl1)
W: 0.18, T: 0.00 (versus lvl2)
Training round 99 completed in 4 minutes and 29 seconds.
Expected completion: 21:56 2020-05-16.
Training round 100 stats
Wins 0.44, Ties 0.04, Losses 0.51, Game Length 24.24 moves
Loss p1: 0.164928, Loss p2: 0.176063
Benchmark Stats Training Round 100
W: 0.84, T: 0.00 (versus random)
W: 0.50, T: 0.00 (versus left)
W: 0.77, T: 0.00 (versus lvl1)
W: 0.20, T: 0.00 (versus lvl2)
Training round 100 completed in 4 minutes and 33 seconds.
Expected completion: 21:56 2020-05-16.
