Training Neural Net on Connect 4
  self_play_batch_size: 1000
  benchmark_batch_size: 100
  training_rounds: 100
  memory_size: 1000
  network: C
  exploration: decay_episode
  loss: MSE
  encoding: integer
  optimizer: Adam
  experience: yes

Benchmark Stats Training Round 0
W: 0.67, T: 0.00 (versus random)
W: 1.00, T: 0.00 (versus left)
W: 0.53, T: 0.00 (versus lvl1)
W: 0.06, T: 0.00 (versus lvl2)
Training round 1 stats
Wins 0.47, Ties 0.01, Losses 0.53, Game Length 17.91 moves
Loss p1: 0.181681, Loss p2: 0.178602
Benchmark Stats Training Round 1
W: 0.87, T: 0.00 (versus random)
W: 0.50, T: 0.00 (versus left)
W: 0.85, T: 0.00 (versus lvl1)
W: 0.26, T: 0.00 (versus lvl2)
Training round 1 completed in 1 minutes and 46 seconds.
Expected completion: 10:01 2020-05-18.
Training round 2 stats
Wins 0.49, Ties 0.00, Losses 0.51, Game Length 17.71 moves
Loss p1: 0.150836, Loss p2: 0.144783
Benchmark Stats Training Round 2
W: 0.74, T: 0.00 (versus random)
W: 0.50, T: 0.00 (versus left)
W: 0.55, T: 0.00 (versus lvl1)
W: 0.17, T: 0.01 (versus lvl2)
Training round 2 completed in 1 minutes and 48 seconds.
Expected completion: 10:05 2020-05-18.
Training round 3 stats
Wins 0.47, Ties 0.00, Losses 0.53, Game Length 17.04 moves
Loss p1: 0.142419, Loss p2: 0.136845
Benchmark Stats Training Round 3
W: 0.85, T: 0.01 (versus random)
W: 0.50, T: 0.00 (versus left)
W: 0.71, T: 0.00 (versus lvl1)
W: 0.31, T: 0.02 (versus lvl2)
Training round 3 completed in 1 minutes and 45 seconds.
Expected completion: 10:00 2020-05-18.
Training round 4 stats
Wins 0.46, Ties 0.00, Losses 0.53, Game Length 18.24 moves
Loss p1: 0.132930, Loss p2: 0.136404
Benchmark Stats Training Round 4
W: 0.80, T: 0.00 (versus random)
W: 0.00, T: 0.00 (versus left)
W: 0.60, T: 0.00 (versus lvl1)
W: 0.31, T: 0.01 (versus lvl2)
Training round 4 completed in 1 minutes and 56 seconds.
Expected completion: 10:18 2020-05-18.
Training round 5 stats
Wins 0.47, Ties 0.00, Losses 0.52, Game Length 18.13 moves
Loss p1: 0.129429, Loss p2: 0.134415
Benchmark Stats Training Round 5
W: 0.93, T: 0.01 (versus random)
W: 1.00, T: 0.00 (versus left)
W: 0.80, T: 0.00 (versus lvl1)
W: 0.34, T: 0.01 (versus lvl2)
Training round 5 completed in 1 minutes and 49 seconds.
Expected completion: 10:06 2020-05-18.
Training round 6 stats
Wins 0.50, Ties 0.00, Losses 0.49, Game Length 17.70 moves
Loss p1: 0.140875, Loss p2: 0.137620
Benchmark Stats Training Round 6
W: 0.91, T: 0.00 (versus random)
W: 0.50, T: 0.00 (versus left)
W: 0.74, T: 0.00 (versus lvl1)
W: 0.22, T: 0.00 (versus lvl2)
Training round 6 completed in 1 minutes and 44 seconds.
Expected completion: 09:58 2020-05-18.
Training round 7 stats
Wins 0.47, Ties 0.00, Losses 0.52, Game Length 16.93 moves
Loss p1: 0.137878, Loss p2: 0.133549
Benchmark Stats Training Round 7
W: 0.88, T: 0.00 (versus random)
W: 0.00, T: 0.00 (versus left)
W: 0.88, T: 0.00 (versus lvl1)
W: 0.33, T: 0.00 (versus lvl2)
Training round 7 completed in 1 minutes and 44 seconds.
Expected completion: 09:58 2020-05-18.
Training round 8 stats
Wins 0.46, Ties 0.00, Losses 0.53, Game Length 17.60 moves
Loss p1: 0.135603, Loss p2: 0.145722
Benchmark Stats Training Round 8
W: 0.85, T: 0.00 (versus random)
W: 0.50, T: 0.00 (versus left)
W: 0.78, T: 0.00 (versus lvl1)
W: 0.21, T: 0.00 (versus lvl2)
Training round 8 completed in 1 minutes and 44 seconds.
Expected completion: 09:59 2020-05-18.
Training round 9 stats
Wins 0.49, Ties 0.00, Losses 0.51, Game Length 17.38 moves
Loss p1: 0.139972, Loss p2: 0.141382
Benchmark Stats Training Round 9
W: 0.92, T: 0.00 (versus random)
W: 0.50, T: 0.00 (versus left)
W: 0.69, T: 0.00 (versus lvl1)
W: 0.37, T: 0.00 (versus lvl2)
Training round 9 completed in 1 minutes and 46 seconds.
Expected completion: 10:01 2020-05-18.
Training round 10 stats
Wins 0.52, Ties 0.00, Losses 0.48, Game Length 17.48 moves
Loss p1: 0.140958, Loss p2: 0.141958
Benchmark Stats Training Round 10
W: 0.91, T: 0.00 (versus random)
W: 0.50, T: 0.00 (versus left)
W: 0.76, T: 0.00 (versus lvl1)
W: 0.24, T: 0.00 (versus lvl2)
Training round 10 completed in 1 minutes and 46 seconds.
Expected completion: 10:02 2020-05-18.
Training round 11 stats
Wins 0.50, Ties 0.00, Losses 0.50, Game Length 16.55 moves
Loss p1: 0.147090, Loss p2: 0.143469
Benchmark Stats Training Round 11
W: 0.85, T: 0.00 (versus random)
W: 0.50, T: 0.00 (versus left)
W: 0.77, T: 0.00 (versus lvl1)
W: 0.26, T: 0.00 (versus lvl2)
Training round 11 completed in 1 minutes and 42 seconds.
Expected completion: 09:55 2020-05-18.
Training round 12 stats
Wins 0.51, Ties 0.00, Losses 0.49, Game Length 17.71 moves
Loss p1: 0.138458, Loss p2: 0.141324
Benchmark Stats Training Round 12
W: 0.83, T: 0.00 (versus random)
W: 0.00, T: 0.00 (versus left)
W: 0.70, T: 0.00 (versus lvl1)
W: 0.20, T: 0.00 (versus lvl2)
Training round 12 completed in 1 minutes and 48 seconds.
Expected completion: 10:04 2020-05-18.
Training round 13 stats
Wins 0.49, Ties 0.00, Losses 0.50, Game Length 17.16 moves
Loss p1: 0.148563, Loss p2: 0.147879
Benchmark Stats Training Round 13
W: 0.83, T: 0.00 (versus random)
W: 0.50, T: 0.00 (versus left)
W: 0.75, T: 0.00 (versus lvl1)
W: 0.30, T: 0.00 (versus lvl2)
Training round 13 completed in 1 minutes and 46 seconds.
Expected completion: 10:02 2020-05-18.
Training round 14 stats
Wins 0.53, Ties 0.00, Losses 0.47, Game Length 17.30 moves
Loss p1: 0.136497, Loss p2: 0.145079
Benchmark Stats Training Round 14
W: 0.88, T: 0.00 (versus random)
W: 0.50, T: 0.00 (versus left)
W: 0.72, T: 0.00 (versus lvl1)
W: 0.29, T: 0.01 (versus lvl2)
Training round 14 completed in 1 minutes and 47 seconds.
Expected completion: 10:03 2020-05-18.
Training round 15 stats
Wins 0.52, Ties 0.00, Losses 0.48, Game Length 16.75 moves
Loss p1: 0.150873, Loss p2: 0.148458
Benchmark Stats Training Round 15
W: 0.88, T: 0.00 (versus random)
W: 0.50, T: 0.00 (versus left)
W: 0.84, T: 0.00 (versus lvl1)
W: 0.22, T: 0.02 (versus lvl2)
Training round 15 completed in 1 minutes and 42 seconds.
Expected completion: 09:56 2020-05-18.
Training round 16 stats
Wins 0.51, Ties 0.00, Losses 0.49, Game Length 17.28 moves
Loss p1: 0.150452, Loss p2: 0.150804
Benchmark Stats Training Round 16
W: 0.88, T: 0.00 (versus random)
W: 0.00, T: 0.00 (versus left)
W: 0.63, T: 0.00 (versus lvl1)
W: 0.22, T: 0.01 (versus lvl2)
Training round 16 completed in 1 minutes and 41 seconds.
Expected completion: 09:55 2020-05-18.
Training round 17 stats
Wins 0.47, Ties 0.00, Losses 0.53, Game Length 17.11 moves
Loss p1: 0.146708, Loss p2: 0.154519
Benchmark Stats Training Round 17
W: 0.84, T: 0.00 (versus random)
W: 0.50, T: 0.00 (versus left)
W: 0.67, T: 0.00 (versus lvl1)
W: 0.25, T: 0.01 (versus lvl2)
Training round 17 completed in 1 minutes and 45 seconds.
Expected completion: 09:59 2020-05-18.
Training round 18 stats
Wins 0.49, Ties 0.00, Losses 0.51, Game Length 17.76 moves
Loss p1: 0.143421, Loss p2: 0.151608
Benchmark Stats Training Round 18
W: 0.85, T: 0.01 (versus random)
W: 0.50, T: 0.00 (versus left)
W: 0.70, T: 0.00 (versus lvl1)
W: 0.26, T: 0.00 (versus lvl2)
Training round 18 completed in 1 minutes and 48 seconds.
Expected completion: 10:04 2020-05-18.
Training round 19 stats
Wins 0.52, Ties 0.00, Losses 0.48, Game Length 17.78 moves
Loss p1: 0.148902, Loss p2: 0.156477
Benchmark Stats Training Round 19
W: 0.91, T: 0.01 (versus random)
W: 0.50, T: 0.00 (versus left)
W: 0.83, T: 0.00 (versus lvl1)
W: 0.33, T: 0.01 (versus lvl2)
Training round 19 completed in 1 minutes and 46 seconds.
Expected completion: 10:02 2020-05-18.
Training round 20 stats
Wins 0.53, Ties 0.00, Losses 0.47, Game Length 17.20 moves
Loss p1: 0.154951, Loss p2: 0.158173
Benchmark Stats Training Round 20
W: 0.86, T: 0.00 (versus random)
W: 0.50, T: 0.00 (versus left)
W: 0.80, T: 0.00 (versus lvl1)
W: 0.36, T: 0.00 (versus lvl2)
Training round 20 completed in 1 minutes and 45 seconds.
Expected completion: 10:00 2020-05-18.
Training round 21 stats
Wins 0.47, Ties 0.00, Losses 0.53, Game Length 16.72 moves
Loss p1: 0.148465, Loss p2: 0.148082
Benchmark Stats Training Round 21
W: 0.86, T: 0.00 (versus random)
W: 0.50, T: 0.00 (versus left)
W: 0.63, T: 0.00 (versus lvl1)
W: 0.20, T: 0.02 (versus lvl2)
Training round 21 completed in 1 minutes and 47 seconds.
Expected completion: 10:02 2020-05-18.
Training round 22 stats
Wins 0.48, Ties 0.00, Losses 0.52, Game Length 17.96 moves
Loss p1: 0.154670, Loss p2: 0.153936
Benchmark Stats Training Round 22
W: 0.84, T: 0.00 (versus random)
W: 0.50, T: 0.00 (versus left)
W: 0.69, T: 0.00 (versus lvl1)
W: 0.22, T: 0.01 (versus lvl2)
Training round 22 completed in 1 minutes and 49 seconds.
Expected completion: 10:05 2020-05-18.
Training round 23 stats
Wins 0.49, Ties 0.00, Losses 0.51, Game Length 17.03 moves
Loss p1: 0.156047, Loss p2: 0.157894
Benchmark Stats Training Round 23
W: 0.93, T: 0.00 (versus random)
W: 0.50, T: 0.00 (versus left)
W: 0.85, T: 0.00 (versus lvl1)
W: 0.39, T: 0.00 (versus lvl2)
Training round 23 completed in 1 minutes and 45 seconds.
Expected completion: 10:00 2020-05-18.
Training round 24 stats
Wins 0.50, Ties 0.00, Losses 0.50, Game Length 17.33 moves
Loss p1: 0.154448, Loss p2: 0.154286
Benchmark Stats Training Round 24
W: 0.85, T: 0.00 (versus random)
W: 0.50, T: 0.00 (versus left)
W: 0.64, T: 0.00 (versus lvl1)
W: 0.27, T: 0.01 (versus lvl2)
Training round 24 completed in 1 minutes and 44 seconds.
Expected completion: 09:59 2020-05-18.
Training round 25 stats
Wins 0.51, Ties 0.00, Losses 0.49, Game Length 18.02 moves
Loss p1: 0.159529, Loss p2: 0.162944
Benchmark Stats Training Round 25
W: 0.88, T: 0.00 (versus random)
W: 0.50, T: 0.00 (versus left)
W: 0.69, T: 0.00 (versus lvl1)
W: 0.29, T: 0.00 (versus lvl2)
Training round 25 completed in 1 minutes and 47 seconds.
Expected completion: 10:02 2020-05-18.
Training round 26 stats
Wins 0.54, Ties 0.01, Losses 0.45, Game Length 17.64 moves
Loss p1: 0.158471, Loss p2: 0.157161
Benchmark Stats Training Round 26
W: 0.94, T: 0.00 (versus random)
W: 0.50, T: 0.00 (versus left)
W: 0.82, T: 0.00 (versus lvl1)
W: 0.26, T: 0.02 (versus lvl2)
Training round 26 completed in 1 minutes and 44 seconds.
Expected completion: 09:59 2020-05-18.
Training round 27 stats
Wins 0.52, Ties 0.00, Losses 0.48, Game Length 18.18 moves
Loss p1: 0.152254, Loss p2: 0.158985
Benchmark Stats Training Round 27
W: 0.90, T: 0.00 (versus random)
W: 0.00, T: 0.00 (versus left)
W: 0.81, T: 0.00 (versus lvl1)
W: 0.30, T: 0.00 (versus lvl2)
Training round 27 completed in 1 minutes and 44 seconds.
Expected completion: 09:58 2020-05-18.
Training round 28 stats
Wins 0.47, Ties 0.00, Losses 0.53, Game Length 17.38 moves
Loss p1: 0.158755, Loss p2: 0.158311
Benchmark Stats Training Round 28
W: 0.83, T: 0.00 (versus random)
W: 1.00, T: 0.00 (versus left)
W: 0.77, T: 0.00 (versus lvl1)
W: 0.26, T: 0.00 (versus lvl2)
Training round 28 completed in 1 minutes and 43 seconds.
Expected completion: 09:58 2020-05-18.
Training round 29 stats
Wins 0.53, Ties 0.00, Losses 0.47, Game Length 17.18 moves
Loss p1: 0.162876, Loss p2: 0.174732
Benchmark Stats Training Round 29
W: 0.83, T: 0.00 (versus random)
W: 0.50, T: 0.00 (versus left)
W: 0.72, T: 0.00 (versus lvl1)
W: 0.35, T: 0.01 (versus lvl2)
Training round 29 completed in 1 minutes and 42 seconds.
Expected completion: 09:56 2020-05-18.
Training round 30 stats
Wins 0.53, Ties 0.00, Losses 0.47, Game Length 16.89 moves
Loss p1: 0.166583, Loss p2: 0.169211
Benchmark Stats Training Round 30
W: 0.88, T: 0.00 (versus random)
W: 0.50, T: 0.00 (versus left)
W: 0.75, T: 0.00 (versus lvl1)
W: 0.36, T: 0.00 (versus lvl2)
Training round 30 completed in 1 minutes and 38 seconds.
Expected completion: 09:52 2020-05-18.
Training round 31 stats
Wins 0.52, Ties 0.00, Losses 0.48, Game Length 17.24 moves
Loss p1: 0.168539, Loss p2: 0.169145
Benchmark Stats Training Round 31
W: 0.91, T: 0.00 (versus random)
W: 0.50, T: 0.00 (versus left)
W: 0.78, T: 0.00 (versus lvl1)
W: 0.23, T: 0.00 (versus lvl2)
Training round 31 completed in 1 minutes and 41 seconds.
Expected completion: 09:55 2020-05-18.
Training round 32 stats
Wins 0.52, Ties 0.00, Losses 0.48, Game Length 17.74 moves
Loss p1: 0.160318, Loss p2: 0.162561
Benchmark Stats Training Round 32
W: 0.90, T: 0.00 (versus random)
W: 0.50, T: 0.00 (versus left)
W: 0.81, T: 0.00 (versus lvl1)
W: 0.17, T: 0.00 (versus lvl2)
Training round 32 completed in 1 minutes and 44 seconds.
Expected completion: 09:58 2020-05-18.
Training round 33 stats
Wins 0.54, Ties 0.00, Losses 0.46, Game Length 16.69 moves
Loss p1: 0.168473, Loss p2: 0.174001
Benchmark Stats Training Round 33
W: 0.93, T: 0.00 (versus random)
W: 0.00, T: 0.00 (versus left)
W: 0.71, T: 0.00 (versus lvl1)
W: 0.38, T: 0.00 (versus lvl2)
Training round 33 completed in 1 minutes and 40 seconds.
Expected completion: 09:53 2020-05-18.
Training round 34 stats
Wins 0.51, Ties 0.00, Losses 0.49, Game Length 16.87 moves
Loss p1: 0.166782, Loss p2: 0.172069
Benchmark Stats Training Round 34
W: 0.82, T: 0.00 (versus random)
W: 0.50, T: 0.00 (versus left)
W: 0.75, T: 0.00 (versus lvl1)
W: 0.26, T: 0.01 (versus lvl2)
Training round 34 completed in 1 minutes and 38 seconds.
Expected completion: 09:52 2020-05-18.
Training round 35 stats
Wins 0.51, Ties 0.00, Losses 0.48, Game Length 17.56 moves
Loss p1: 0.169587, Loss p2: 0.175448
Benchmark Stats Training Round 35
W: 0.88, T: 0.00 (versus random)
W: 0.50, T: 0.00 (versus left)
W: 0.73, T: 0.00 (versus lvl1)
W: 0.15, T: 0.00 (versus lvl2)
Training round 35 completed in 1 minutes and 44 seconds.
Expected completion: 09:58 2020-05-18.
Training round 36 stats
Wins 0.48, Ties 0.00, Losses 0.52, Game Length 17.00 moves
Loss p1: 0.176216, Loss p2: 0.173297
Benchmark Stats Training Round 36
W: 0.90, T: 0.00 (versus random)
W: 0.50, T: 0.00 (versus left)
W: 0.79, T: 0.00 (versus lvl1)
W: 0.23, T: 0.02 (versus lvl2)
Training round 36 completed in 1 minutes and 41 seconds.
Expected completion: 09:55 2020-05-18.
Training round 37 stats
Wins 0.50, Ties 0.00, Losses 0.50, Game Length 17.55 moves
Loss p1: 0.168315, Loss p2: 0.170967
Benchmark Stats Training Round 37
W: 0.89, T: 0.00 (versus random)
W: 0.50, T: 0.00 (versus left)
W: 0.72, T: 0.00 (versus lvl1)
W: 0.17, T: 0.01 (versus lvl2)
Training round 37 completed in 1 minutes and 45 seconds.
Expected completion: 10:00 2020-05-18.
Training round 38 stats
Wins 0.50, Ties 0.00, Losses 0.49, Game Length 17.87 moves
Loss p1: 0.168607, Loss p2: 0.176317
Benchmark Stats Training Round 38
W: 0.77, T: 0.00 (versus random)
W: 0.50, T: 0.00 (versus left)
W: 0.62, T: 0.00 (versus lvl1)
W: 0.28, T: 0.01 (versus lvl2)
Training round 38 completed in 1 minutes and 46 seconds.
Expected completion: 10:00 2020-05-18.
Training round 39 stats
Wins 0.52, Ties 0.00, Losses 0.47, Game Length 17.30 moves
Loss p1: 0.172449, Loss p2: 0.177850
Benchmark Stats Training Round 39
W: 0.86, T: 0.00 (versus random)
W: 0.50, T: 0.00 (versus left)
W: 0.81, T: 0.00 (versus lvl1)
W: 0.26, T: 0.00 (versus lvl2)
Training round 39 completed in 1 minutes and 42 seconds.
Expected completion: 09:56 2020-05-18.
Training round 40 stats
Wins 0.51, Ties 0.00, Losses 0.49, Game Length 17.11 moves
Loss p1: 0.169440, Loss p2: 0.170801
Benchmark Stats Training Round 40
W: 0.94, T: 0.00 (versus random)
W: 0.50, T: 0.00 (versus left)
W: 0.77, T: 0.00 (versus lvl1)
W: 0.18, T: 0.00 (versus lvl2)
Training round 40 completed in 1 minutes and 39 seconds.
Expected completion: 09:54 2020-05-18.
Training round 41 stats
Wins 0.48, Ties 0.00, Losses 0.52, Game Length 17.07 moves
Loss p1: 0.174158, Loss p2: 0.167758
Benchmark Stats Training Round 41
W: 0.88, T: 0.00 (versus random)
W: 0.00, T: 0.00 (versus left)
W: 0.82, T: 0.00 (versus lvl1)
W: 0.27, T: 0.01 (versus lvl2)
Training round 41 completed in 1 minutes and 41 seconds.
Expected completion: 09:55 2020-05-18.
Training round 42 stats
Wins 0.53, Ties 0.00, Losses 0.47, Game Length 17.48 moves
Loss p1: 0.178570, Loss p2: 0.183183
Benchmark Stats Training Round 42
W: 0.90, T: 0.00 (versus random)
W: 0.00, T: 0.00 (versus left)
W: 0.81, T: 0.00 (versus lvl1)
W: 0.32, T: 0.01 (versus lvl2)
Training round 42 completed in 1 minutes and 43 seconds.
Expected completion: 09:58 2020-05-18.
Training round 43 stats
Wins 0.53, Ties 0.00, Losses 0.47, Game Length 16.89 moves
Loss p1: 0.171325, Loss p2: 0.172107
Benchmark Stats Training Round 43
W: 0.99, T: 0.00 (versus random)
W: 0.00, T: 0.00 (versus left)
W: 0.94, T: 0.00 (versus lvl1)
W: 0.38, T: 0.00 (versus lvl2)
Training round 43 completed in 1 minutes and 36 seconds.
Expected completion: 09:51 2020-05-18.
Training round 44 stats
Wins 0.51, Ties 0.00, Losses 0.49, Game Length 17.03 moves
Loss p1: 0.176154, Loss p2: 0.178505
Benchmark Stats Training Round 44
W: 0.95, T: 0.00 (versus random)
W: 0.50, T: 0.00 (versus left)
W: 0.88, T: 0.00 (versus lvl1)
W: 0.26, T: 0.01 (versus lvl2)
Training round 44 completed in 1 minutes and 40 seconds.
Expected completion: 09:54 2020-05-18.
Training round 45 stats
Wins 0.49, Ties 0.00, Losses 0.51, Game Length 17.37 moves
Loss p1: 0.169534, Loss p2: 0.168811
Benchmark Stats Training Round 45
W: 0.89, T: 0.00 (versus random)
W: 0.00, T: 0.00 (versus left)
W: 0.71, T: 0.00 (versus lvl1)
W: 0.20, T: 0.00 (versus lvl2)
Training round 45 completed in 1 minutes and 44 seconds.
Expected completion: 09:58 2020-05-18.
Training round 46 stats
Wins 0.47, Ties 0.00, Losses 0.52, Game Length 17.10 moves
Loss p1: 0.171203, Loss p2: 0.171922
Benchmark Stats Training Round 46
W: 0.87, T: 0.00 (versus random)
W: 0.00, T: 0.00 (versus left)
W: 0.65, T: 0.00 (versus lvl1)
W: 0.10, T: 0.00 (versus lvl2)
Training round 46 completed in 1 minutes and 44 seconds.
Expected completion: 09:58 2020-05-18.
Training round 47 stats
Wins 0.50, Ties 0.00, Losses 0.50, Game Length 17.73 moves
Loss p1: 0.178139, Loss p2: 0.176863
Benchmark Stats Training Round 47
W: 0.88, T: 0.00 (versus random)
W: 0.50, T: 0.00 (versus left)
W: 0.67, T: 0.00 (versus lvl1)
W: 0.30, T: 0.00 (versus lvl2)
Training round 47 completed in 1 minutes and 42 seconds.
Expected completion: 09:56 2020-05-18.
Training round 48 stats
Wins 0.52, Ties 0.00, Losses 0.48, Game Length 17.60 moves
Loss p1: 0.175455, Loss p2: 0.171461
Benchmark Stats Training Round 48
W: 0.96, T: 0.00 (versus random)
W: 0.50, T: 0.00 (versus left)
W: 0.85, T: 0.00 (versus lvl1)
W: 0.32, T: 0.01 (versus lvl2)
Training round 48 completed in 1 minutes and 41 seconds.
Expected completion: 09:55 2020-05-18.
Training round 49 stats
Wins 0.53, Ties 0.00, Losses 0.47, Game Length 17.34 moves
Loss p1: 0.178732, Loss p2: 0.182386
Benchmark Stats Training Round 49
W: 0.82, T: 0.01 (versus random)
W: 0.50, T: 0.00 (versus left)
W: 0.71, T: 0.00 (versus lvl1)
W: 0.16, T: 0.00 (versus lvl2)
Training round 49 completed in 1 minutes and 46 seconds.
Expected completion: 09:59 2020-05-18.
Training round 50 stats
Wins 0.51, Ties 0.00, Losses 0.49, Game Length 17.15 moves
Loss p1: 0.170948, Loss p2: 0.180639
Benchmark Stats Training Round 50
W: 0.88, T: 0.00 (versus random)
W: 0.50, T: 0.00 (versus left)
W: 0.69, T: 0.00 (versus lvl1)
W: 0.20, T: 0.02 (versus lvl2)
Training round 50 completed in 1 minutes and 45 seconds.
Expected completion: 09:59 2020-05-18.
Training round 51 stats
Wins 0.47, Ties 0.00, Losses 0.53, Game Length 16.59 moves
Loss p1: 0.174872, Loss p2: 0.187152
Benchmark Stats Training Round 51
W: 0.91, T: 0.00 (versus random)
W: 0.50, T: 0.00 (versus left)
W: 0.83, T: 0.00 (versus lvl1)
W: 0.33, T: 0.03 (versus lvl2)
Training round 51 completed in 1 minutes and 38 seconds.
Expected completion: 09:53 2020-05-18.
Training round 52 stats
Wins 0.53, Ties 0.00, Losses 0.47, Game Length 16.69 moves
Loss p1: 0.183730, Loss p2: 0.186771
Benchmark Stats Training Round 52
W: 0.86, T: 0.00 (versus random)
W: 0.00, T: 0.00 (versus left)
W: 0.83, T: 0.00 (versus lvl1)
W: 0.18, T: 0.00 (versus lvl2)
Training round 52 completed in 1 minutes and 41 seconds.
Expected completion: 09:55 2020-05-18.
Training round 53 stats
Wins 0.50, Ties 0.00, Losses 0.50, Game Length 16.75 moves
Loss p1: 0.190080, Loss p2: 0.179752
Benchmark Stats Training Round 53
W: 0.96, T: 0.00 (versus random)
W: 0.50, T: 0.00 (versus left)
W: 0.81, T: 0.00 (versus lvl1)
W: 0.37, T: 0.01 (versus lvl2)
Training round 53 completed in 1 minutes and 40 seconds.
Expected completion: 09:55 2020-05-18.
Training round 54 stats
Wins 0.52, Ties 0.00, Losses 0.48, Game Length 17.31 moves
Loss p1: 0.185289, Loss p2: 0.178079
Benchmark Stats Training Round 54
W: 0.89, T: 0.00 (versus random)
W: 0.00, T: 0.00 (versus left)
W: 0.73, T: 0.00 (versus lvl1)
W: 0.28, T: 0.00 (versus lvl2)
Training round 54 completed in 1 minutes and 44 seconds.
Expected completion: 09:58 2020-05-18.
Training round 55 stats
Wins 0.52, Ties 0.00, Losses 0.48, Game Length 17.74 moves
Loss p1: 0.177276, Loss p2: 0.182944
Benchmark Stats Training Round 55
W: 0.92, T: 0.01 (versus random)
W: 0.50, T: 0.00 (versus left)
W: 0.73, T: 0.00 (versus lvl1)
W: 0.18, T: 0.01 (versus lvl2)
Training round 55 completed in 1 minutes and 43 seconds.
Expected completion: 09:57 2020-05-18.
Training round 56 stats
Wins 0.53, Ties 0.00, Losses 0.47, Game Length 17.21 moves
Loss p1: 0.191806, Loss p2: 0.190565
Benchmark Stats Training Round 56
W: 0.89, T: 0.00 (versus random)
W: 0.50, T: 0.00 (versus left)
W: 0.82, T: 0.00 (versus lvl1)
W: 0.26, T: 0.00 (versus lvl2)
Training round 56 completed in 1 minutes and 38 seconds.
Expected completion: 09:53 2020-05-18.
Training round 57 stats
Wins 0.44, Ties 0.00, Losses 0.56, Game Length 17.05 moves
Loss p1: 0.181705, Loss p2: 0.182456
Benchmark Stats Training Round 57
W: 0.84, T: 0.00 (versus random)
W: 0.50, T: 0.00 (versus left)
W: 0.77, T: 0.00 (versus lvl1)
W: 0.19, T: 0.00 (versus lvl2)
Training round 57 completed in 1 minutes and 42 seconds.
Expected completion: 09:56 2020-05-18.
Training round 58 stats
Wins 0.47, Ties 0.01, Losses 0.53, Game Length 17.39 moves
Loss p1: 0.189005, Loss p2: 0.189935
Benchmark Stats Training Round 58
W: 0.88, T: 0.00 (versus random)
W: 0.50, T: 0.00 (versus left)
W: 0.70, T: 0.00 (versus lvl1)
W: 0.29, T: 0.00 (versus lvl2)
Training round 58 completed in 1 minutes and 44 seconds.
Expected completion: 09:57 2020-05-18.
Training round 59 stats
Wins 0.51, Ties 0.00, Losses 0.49, Game Length 16.83 moves
Loss p1: 0.185153, Loss p2: 0.184307
Benchmark Stats Training Round 59
W: 0.87, T: 0.00 (versus random)
W: 0.50, T: 0.00 (versus left)
W: 0.85, T: 0.00 (versus lvl1)
W: 0.41, T: 0.03 (versus lvl2)
Training round 59 completed in 1 minutes and 38 seconds.
Expected completion: 09:53 2020-05-18.
Training round 60 stats
Wins 0.49, Ties 0.00, Losses 0.51, Game Length 17.08 moves
Loss p1: 0.182033, Loss p2: 0.183623
Benchmark Stats Training Round 60
W: 0.91, T: 0.00 (versus random)
W: 0.00, T: 0.00 (versus left)
W: 0.79, T: 0.00 (versus lvl1)
W: 0.29, T: 0.00 (versus lvl2)
Training round 60 completed in 1 minutes and 44 seconds.
Expected completion: 09:57 2020-05-18.
Training round 61 stats
Wins 0.50, Ties 0.00, Losses 0.50, Game Length 17.35 moves
Loss p1: 0.182367, Loss p2: 0.184527
Benchmark Stats Training Round 61
W: 0.89, T: 0.00 (versus random)
W: 0.50, T: 0.00 (versus left)
W: 0.86, T: 0.00 (versus lvl1)
W: 0.33, T: 0.00 (versus lvl2)
Training round 61 completed in 1 minutes and 42 seconds.
Expected completion: 09:56 2020-05-18.
Training round 62 stats
Wins 0.53, Ties 0.00, Losses 0.47, Game Length 16.99 moves
Loss p1: 0.184819, Loss p2: 0.188974
Benchmark Stats Training Round 62
W: 0.90, T: 0.00 (versus random)
W: 0.00, T: 0.00 (versus left)
W: 0.74, T: 0.00 (versus lvl1)
W: 0.26, T: 0.01 (versus lvl2)
Training round 62 completed in 1 minutes and 44 seconds.
Expected completion: 09:57 2020-05-18.
Training round 63 stats
Wins 0.50, Ties 0.00, Losses 0.50, Game Length 16.75 moves
Loss p1: 0.183451, Loss p2: 0.190127
Benchmark Stats Training Round 63
W: 0.98, T: 0.00 (versus random)
W: 0.50, T: 0.00 (versus left)
W: 0.81, T: 0.01 (versus lvl1)
W: 0.22, T: 0.01 (versus lvl2)
Training round 63 completed in 1 minutes and 39 seconds.
Expected completion: 09:54 2020-05-18.
Training round 64 stats
Wins 0.50, Ties 0.00, Losses 0.50, Game Length 16.50 moves
Loss p1: 0.184790, Loss p2: 0.184153
Benchmark Stats Training Round 64
W: 0.89, T: 0.00 (versus random)
W: 0.00, T: 0.00 (versus left)
W: 0.80, T: 0.00 (versus lvl1)
W: 0.27, T: 0.00 (versus lvl2)
Training round 64 completed in 1 minutes and 37 seconds.
Expected completion: 09:53 2020-05-18.
Training round 65 stats
Wins 0.48, Ties 0.00, Losses 0.52, Game Length 16.15 moves
Loss p1: 0.188171, Loss p2: 0.189462
Benchmark Stats Training Round 65
W: 0.88, T: 0.00 (versus random)
W: 1.00, T: 0.00 (versus left)
W: 0.74, T: 0.00 (versus lvl1)
W: 0.27, T: 0.00 (versus lvl2)
Training round 65 completed in 1 minutes and 40 seconds.
Expected completion: 09:55 2020-05-18.
Training round 66 stats
Wins 0.47, Ties 0.00, Losses 0.52, Game Length 16.83 moves
Loss p1: 0.187071, Loss p2: 0.195484
Benchmark Stats Training Round 66
W: 0.85, T: 0.00 (versus random)
W: 0.00, T: 0.00 (versus left)
W: 0.67, T: 0.00 (versus lvl1)
W: 0.28, T: 0.01 (versus lvl2)
Training round 66 completed in 1 minutes and 43 seconds.
Expected completion: 09:57 2020-05-18.
Training round 67 stats
Wins 0.53, Ties 0.00, Losses 0.47, Game Length 16.69 moves
Loss p1: 0.183963, Loss p2: 0.193096
Benchmark Stats Training Round 67
W: 0.87, T: 0.00 (versus random)
W: 1.00, T: 0.00 (versus left)
W: 0.80, T: 0.00 (versus lvl1)
W: 0.29, T: 0.03 (versus lvl2)
Training round 67 completed in 1 minutes and 43 seconds.
Expected completion: 09:56 2020-05-18.
Training round 68 stats
Wins 0.43, Ties 0.00, Losses 0.57, Game Length 16.25 moves
Loss p1: 0.184894, Loss p2: 0.188372
Benchmark Stats Training Round 68
W: 0.90, T: 0.00 (versus random)
W: 1.00, T: 0.00 (versus left)
W: 0.84, T: 0.00 (versus lvl1)
W: 0.27, T: 0.02 (versus lvl2)
Training round 68 completed in 1 minutes and 37 seconds.
Expected completion: 09:53 2020-05-18.
Training round 69 stats
Wins 0.47, Ties 0.00, Losses 0.53, Game Length 16.46 moves
Loss p1: 0.187656, Loss p2: 0.194893
Benchmark Stats Training Round 69
W: 0.90, T: 0.00 (versus random)
W: 0.00, T: 0.00 (versus left)
W: 0.88, T: 0.00 (versus lvl1)
W: 0.16, T: 0.01 (versus lvl2)
Training round 69 completed in 1 minutes and 39 seconds.
Expected completion: 09:54 2020-05-18.
Training round 70 stats
Wins 0.51, Ties 0.01, Losses 0.49, Game Length 17.21 moves
Loss p1: 0.184826, Loss p2: 0.193713
Benchmark Stats Training Round 70
W: 0.92, T: 0.00 (versus random)
W: 0.00, T: 0.00 (versus left)
W: 0.79, T: 0.01 (versus lvl1)
W: 0.25, T: 0.02 (versus lvl2)
Training round 70 completed in 1 minutes and 43 seconds.
Expected completion: 09:56 2020-05-18.
Training round 71 stats
Wins 0.47, Ties 0.00, Losses 0.53, Game Length 16.09 moves
Loss p1: 0.195969, Loss p2: 0.198297
Benchmark Stats Training Round 71
W: 0.94, T: 0.00 (versus random)
W: 1.00, T: 0.00 (versus left)
W: 0.92, T: 0.00 (versus lvl1)
W: 0.41, T: 0.00 (versus lvl2)
Training round 71 completed in 1 minutes and 34 seconds.
Expected completion: 09:52 2020-05-18.
Training round 72 stats
Wins 0.50, Ties 0.01, Losses 0.49, Game Length 16.73 moves
Loss p1: 0.193129, Loss p2: 0.189219
Benchmark Stats Training Round 72
W: 0.90, T: 0.00 (versus random)
W: 0.50, T: 0.00 (versus left)
W: 0.83, T: 0.00 (versus lvl1)
W: 0.30, T: 0.00 (versus lvl2)
Training round 72 completed in 1 minutes and 36 seconds.
Expected completion: 09:53 2020-05-18.
Training round 73 stats
Wins 0.46, Ties 0.00, Losses 0.54, Game Length 16.59 moves
Loss p1: 0.195939, Loss p2: 0.202892
Benchmark Stats Training Round 73
W: 0.87, T: 0.00 (versus random)
W: 0.50, T: 0.00 (versus left)
W: 0.68, T: 0.00 (versus lvl1)
W: 0.19, T: 0.00 (versus lvl2)
Training round 73 completed in 1 minutes and 41 seconds.
Expected completion: 09:55 2020-05-18.
Training round 74 stats
Wins 0.48, Ties 0.00, Losses 0.52, Game Length 16.38 moves
Loss p1: 0.193588, Loss p2: 0.188601
Benchmark Stats Training Round 74
W: 0.90, T: 0.00 (versus random)
W: 0.00, T: 0.00 (versus left)
W: 0.79, T: 0.00 (versus lvl1)
W: 0.31, T: 0.00 (versus lvl2)
Training round 74 completed in 1 minutes and 40 seconds.
Expected completion: 09:55 2020-05-18.
Training round 75 stats
Wins 0.52, Ties 0.00, Losses 0.47, Game Length 16.36 moves
Loss p1: 0.191625, Loss p2: 0.187545
Benchmark Stats Training Round 75
W: 0.94, T: 0.00 (versus random)
W: 0.50, T: 0.00 (versus left)
W: 0.89, T: 0.00 (versus lvl1)
W: 0.42, T: 0.00 (versus lvl2)
Training round 75 completed in 1 minutes and 33 seconds.
Expected completion: 09:52 2020-05-18.
Training round 76 stats
Wins 0.50, Ties 0.00, Losses 0.49, Game Length 16.17 moves
Loss p1: 0.204023, Loss p2: 0.197036
Benchmark Stats Training Round 76
W: 0.86, T: 0.01 (versus random)
W: 0.50, T: 0.00 (versus left)
W: 0.75, T: 0.00 (versus lvl1)
W: 0.38, T: 0.01 (versus lvl2)
Training round 76 completed in 2 minutes and 15 seconds.
Expected completion: 10:09 2020-05-18.
Training round 77 stats
Wins 0.50, Ties 0.00, Losses 0.50, Game Length 17.60 moves
Loss p1: 0.193603, Loss p2: 0.199826
Benchmark Stats Training Round 77
W: 0.84, T: 0.00 (versus random)
W: 0.50, T: 0.00 (versus left)
W: 0.64, T: 0.00 (versus lvl1)
W: 0.23, T: 0.01 (versus lvl2)
Training round 77 completed in 2 minutes and 52 seconds.
Expected completion: 10:24 2020-05-18.
Training round 78 stats
Wins 0.51, Ties 0.00, Losses 0.49, Game Length 17.80 moves
Loss p1: 0.196425, Loss p2: 0.199292
Benchmark Stats Training Round 78
W: 0.87, T: 0.00 (versus random)
W: 0.50, T: 0.00 (versus left)
W: 0.77, T: 0.00 (versus lvl1)
W: 0.33, T: 0.00 (versus lvl2)
Training round 78 completed in 2 minutes and 49 seconds.
Expected completion: 10:23 2020-05-18.
Training round 79 stats
Wins 0.47, Ties 0.00, Losses 0.52, Game Length 16.62 moves
Loss p1: 0.198598, Loss p2: 0.200492
Benchmark Stats Training Round 79
W: 0.91, T: 0.00 (versus random)
W: 0.50, T: 0.00 (versus left)
W: 0.76, T: 0.00 (versus lvl1)
W: 0.32, T: 0.00 (versus lvl2)
Training round 79 completed in 2 minutes and 32 seconds.
Expected completion: 10:17 2020-05-18.
Training round 80 stats
Wins 0.54, Ties 0.00, Losses 0.46, Game Length 16.24 moves
Loss p1: 0.200282, Loss p2: 0.206864
Benchmark Stats Training Round 80
W: 0.92, T: 0.00 (versus random)
W: 0.50, T: 0.00 (versus left)
W: 0.88, T: 0.00 (versus lvl1)
W: 0.38, T: 0.00 (versus lvl2)
Training round 80 completed in 2 minutes and 30 seconds.
Expected completion: 10:16 2020-05-18.
Training round 81 stats
Wins 0.49, Ties 0.00, Losses 0.51, Game Length 16.61 moves
Loss p1: 0.198542, Loss p2: 0.209324
Benchmark Stats Training Round 81
W: 0.92, T: 0.00 (versus random)
W: 0.50, T: 0.00 (versus left)
W: 0.90, T: 0.00 (versus lvl1)
W: 0.43, T: 0.00 (versus lvl2)
Training round 81 completed in 2 minutes and 36 seconds.
Expected completion: 10:18 2020-05-18.
Training round 82 stats
Wins 0.49, Ties 0.00, Losses 0.50, Game Length 17.80 moves
Loss p1: 0.195840, Loss p2: 0.209909
Benchmark Stats Training Round 82
W: 0.89, T: 0.00 (versus random)
W: 0.50, T: 0.00 (versus left)
W: 0.83, T: 0.00 (versus lvl1)
W: 0.30, T: 0.01 (versus lvl2)
Training round 82 completed in 2 minutes and 46 seconds.
Expected completion: 10:21 2020-05-18.
Training round 83 stats
Wins 0.48, Ties 0.00, Losses 0.52, Game Length 17.45 moves
Loss p1: 0.189049, Loss p2: 0.196131
Benchmark Stats Training Round 83
W: 0.97, T: 0.00 (versus random)
W: 0.50, T: 0.00 (versus left)
W: 0.89, T: 0.00 (versus lvl1)
W: 0.49, T: 0.01 (versus lvl2)
Training round 83 completed in 2 minutes and 34 seconds.
Expected completion: 10:17 2020-05-18.
Training round 84 stats
Wins 0.48, Ties 0.00, Losses 0.52, Game Length 17.63 moves
Loss p1: 0.203618, Loss p2: 0.199102
Benchmark Stats Training Round 84
W: 0.94, T: 0.00 (versus random)
W: 0.00, T: 0.00 (versus left)
W: 0.81, T: 0.00 (versus lvl1)
W: 0.34, T: 0.01 (versus lvl2)
Training round 84 completed in 2 minutes and 43 seconds.
Expected completion: 10:20 2020-05-18.
Training round 85 stats
Wins 0.47, Ties 0.00, Losses 0.53, Game Length 17.12 moves
Loss p1: 0.198358, Loss p2: 0.212987
Benchmark Stats Training Round 85
W: 0.83, T: 0.00 (versus random)
W: 0.50, T: 0.00 (versus left)
W: 0.60, T: 0.00 (versus lvl1)
W: 0.21, T: 0.00 (versus lvl2)
Training round 85 completed in 2 minutes and 45 seconds.
Expected completion: 10:21 2020-05-18.
Training round 86 stats
Wins 0.50, Ties 0.00, Losses 0.50, Game Length 16.82 moves
Loss p1: 0.199609, Loss p2: 0.209984
Benchmark Stats Training Round 86
W: 0.91, T: 0.00 (versus random)
W: 0.00, T: 0.00 (versus left)
W: 0.77, T: 0.00 (versus lvl1)
W: 0.40, T: 0.00 (versus lvl2)
Training round 86 completed in 2 minutes and 40 seconds.
Expected completion: 10:19 2020-05-18.
Training round 87 stats
Wins 0.49, Ties 0.00, Losses 0.51, Game Length 16.05 moves
Loss p1: 0.202366, Loss p2: 0.204977
Benchmark Stats Training Round 87
W: 0.95, T: 0.00 (versus random)
W: 0.50, T: 0.00 (versus left)
W: 0.85, T: 0.00 (versus lvl1)
W: 0.32, T: 0.01 (versus lvl2)
Training round 87 completed in 2 minutes and 36 seconds.
Expected completion: 10:18 2020-05-18.
Training round 88 stats
Wins 0.47, Ties 0.00, Losses 0.53, Game Length 16.73 moves
Loss p1: 0.205680, Loss p2: 0.208303
Benchmark Stats Training Round 88
W: 0.93, T: 0.00 (versus random)
W: 0.00, T: 0.00 (versus left)
W: 0.87, T: 0.00 (versus lvl1)
W: 0.31, T: 0.00 (versus lvl2)
Training round 88 completed in 2 minutes and 30 seconds.
Expected completion: 10:17 2020-05-18.
Training round 89 stats
Wins 0.54, Ties 0.00, Losses 0.46, Game Length 16.48 moves
Loss p1: 0.196800, Loss p2: 0.206757
Benchmark Stats Training Round 89
W: 0.90, T: 0.00 (versus random)
W: 0.00, T: 0.00 (versus left)
W: 0.81, T: 0.00 (versus lvl1)
W: 0.24, T: 0.01 (versus lvl2)
Training round 89 completed in 2 minutes and 34 seconds.
Expected completion: 10:18 2020-05-18.
Training round 90 stats
Wins 0.46, Ties 0.00, Losses 0.53, Game Length 16.64 moves
Loss p1: 0.199449, Loss p2: 0.200202
Benchmark Stats Training Round 90
W: 0.87, T: 0.00 (versus random)
W: 0.50, T: 0.00 (versus left)
W: 0.69, T: 0.00 (versus lvl1)
W: 0.34, T: 0.00 (versus lvl2)
Training round 90 completed in 2 minutes and 42 seconds.
Expected completion: 10:19 2020-05-18.
Training round 91 stats
Wins 0.43, Ties 0.00, Losses 0.57, Game Length 17.49 moves
Loss p1: 0.203714, Loss p2: 0.205002
Benchmark Stats Training Round 91
W: 0.84, T: 0.01 (versus random)
W: 0.50, T: 0.00 (versus left)
W: 0.75, T: 0.00 (versus lvl1)
W: 0.28, T: 0.01 (versus lvl2)
Training round 91 completed in 2 minutes and 48 seconds.
Expected completion: 10:20 2020-05-18.
Training round 92 stats
Wins 0.46, Ties 0.00, Losses 0.54, Game Length 17.33 moves
Loss p1: 0.194612, Loss p2: 0.195389
Benchmark Stats Training Round 92
W: 0.95, T: 0.00 (versus random)
W: 0.50, T: 0.00 (versus left)
W: 0.85, T: 0.00 (versus lvl1)
W: 0.40, T: 0.01 (versus lvl2)
Training round 92 completed in 2 minutes and 35 seconds.
Expected completion: 10:18 2020-05-18.
Training round 93 stats
Wins 0.53, Ties 0.00, Losses 0.47, Game Length 16.92 moves
Loss p1: 0.209475, Loss p2: 0.204796
Benchmark Stats Training Round 93
W: 0.92, T: 0.00 (versus random)
W: 0.50, T: 0.00 (versus left)
W: 0.86, T: 0.00 (versus lvl1)
W: 0.32, T: 0.00 (versus lvl2)
Training round 93 completed in 2 minutes and 37 seconds.
Expected completion: 10:19 2020-05-18.
Training round 94 stats
Wins 0.53, Ties 0.00, Losses 0.47, Game Length 16.10 moves
Loss p1: 0.203368, Loss p2: 0.211019
Benchmark Stats Training Round 94
W: 0.95, T: 0.00 (versus random)
W: 0.50, T: 0.00 (versus left)
W: 0.83, T: 0.00 (versus lvl1)
W: 0.37, T: 0.01 (versus lvl2)
Training round 94 completed in 2 minutes and 30 seconds.
Expected completion: 10:18 2020-05-18.
Training round 95 stats
Wins 0.52, Ties 0.00, Losses 0.48, Game Length 16.62 moves
Loss p1: 0.204685, Loss p2: 0.209987
Benchmark Stats Training Round 95
W: 0.93, T: 0.00 (versus random)
W: 0.50, T: 0.00 (versus left)
W: 0.81, T: 0.00 (versus lvl1)
W: 0.36, T: 0.00 (versus lvl2)
Training round 95 completed in 2 minutes and 29 seconds.
Expected completion: 10:18 2020-05-18.
Training round 96 stats
Wins 0.54, Ties 0.00, Losses 0.46, Game Length 16.98 moves
Loss p1: 0.205956, Loss p2: 0.207148
Benchmark Stats Training Round 96
W: 0.89, T: 0.00 (versus random)
W: 1.00, T: 0.00 (versus left)
W: 0.84, T: 0.00 (versus lvl1)
W: 0.26, T: 0.00 (versus lvl2)
Training round 96 completed in 2 minutes and 38 seconds.
Expected completion: 10:19 2020-05-18.
Training round 97 stats
Wins 0.49, Ties 0.00, Losses 0.51, Game Length 15.72 moves
Loss p1: 0.213833, Loss p2: 0.216308
Benchmark Stats Training Round 97
W: 0.96, T: 0.00 (versus random)
W: 0.50, T: 0.00 (versus left)
W: 0.86, T: 0.00 (versus lvl1)
W: 0.34, T: 0.00 (versus lvl2)
Training round 97 completed in 2 minutes and 27 seconds.
Expected completion: 10:18 2020-05-18.
Training round 98 stats
Wins 0.54, Ties 0.00, Losses 0.45, Game Length 17.40 moves
Loss p1: 0.208570, Loss p2: 0.208985
Benchmark Stats Training Round 98
W: 0.94, T: 0.00 (versus random)
W: 0.00, T: 0.00 (versus left)
W: 0.87, T: 0.00 (versus lvl1)
W: 0.33, T: 0.00 (versus lvl2)
Training round 98 completed in 2 minutes and 35 seconds.
Expected completion: 10:18 2020-05-18.
Training round 99 stats
Wins 0.52, Ties 0.00, Losses 0.48, Game Length 16.86 moves
Loss p1: 0.200454, Loss p2: 0.209517
Benchmark Stats Training Round 99
W: 0.90, T: 0.00 (versus random)
W: 0.50, T: 0.00 (versus left)
W: 0.78, T: 0.00 (versus lvl1)
W: 0.35, T: 0.00 (versus lvl2)
Training round 99 completed in 2 minutes and 39 seconds.
Expected completion: 10:18 2020-05-18.
Training round 100 stats
Wins 0.48, Ties 0.00, Losses 0.52, Game Length 17.14 moves
Loss p1: 0.197949, Loss p2: 0.199748
Benchmark Stats Training Round 100
W: 0.92, T: 0.00 (versus random)
W: 0.50, T: 0.00 (versus left)
W: 0.79, T: 0.00 (versus lvl1)
W: 0.35, T: 0.01 (versus lvl2)
Training round 100 completed in 2 minutes and 41 seconds.
Expected completion: 10:18 2020-05-18.
